#
# A fatal error has been detected by the Java Runtime Environment:
#
#  SIGSEGV (0xb) at pc=0x00007f13dd9d8644, pid=477575, tid=477576
#
# JRE version: OpenJDK Runtime Environment (11.0.16) (build 11.0.16-internal+0-adhoc.adam.jdk11u)
# Java VM: OpenJDK 64-Bit Server VM (11.0.16-internal+0-adhoc.adam.jdk11u, mixed mode, tiered, compressed oops, epsilon gc, linux-amd64)
# Problematic frame:
# V  [libjvm.so+0xbfd644]  PackageEntryTable::lookup_only(Symbol*)+0x34
#
# No core dump will be written. Core dumps have been disabled. To enable core dumping, try "ulimit -c unlimited" before starting Java again
#
# If you would like to submit a bug report, please visit:
#   https://bugreport.java.com/bugreport/crash.jsp
#

---------------  S U M M A R Y ------------

Command Line: -XX:AllocateHeapAt=/dev/fakeblk -Xlog:gc=debug -XX:+UnlockExperimentalVMOptions -XX:-UseTLAB -XX:+UseEpsilonGC -Xnoclassgc -Xmx2g org.apache.spark.deploy.SparkSubmit --master local[*] --class WordCount /home/adam/Spark_benchmark/spark_run/run.jar

Host: Intel(R) Xeon(R) Silver 4208 CPU @ 2.10GHz, 8 cores, 1G, Debian GNU/Linux 11 (bullseye)
Time: Wed May 10 14:40:41 2023 CEST elapsed time: 56.176477 seconds (0d 0h 0m 56s)

---------------  T H R E A D  ---------------

Current thread (0x00007f13d802b800):  JavaThread "main" [_thread_in_vm, id=477576, stack(0x00007f13dcb96000,0x00007f13dcc97000)]

Stack: [0x00007f13dcb96000,0x00007f13dcc97000],  sp=0x00007f13dcc92768,  free space=1009k
Native frames: (J=compiled Java code, A=aot compiled Java code, j=interpreted, Vv=VM code, C=native code)
V  [libjvm.so+0xbfd644]  PackageEntryTable::lookup_only(Symbol*)+0x34
V  [libjvm.so+0x5d5469]  ClassLoader::load_class(Symbol*, bool, Thread*)+0x299
V  [libjvm.so+0xd420bd]  SystemDictionary::load_instance_class(Symbol*, Handle, Thread*)+0x4cd
V  [libjvm.so+0xd40bfa]  SystemDictionary::resolve_instance_class_or_null(Symbol*, Handle, Handle, Thread*)+0x95a
V  [libjvm.so+0xd43047]  SystemDictionary::resolve_or_fail(Symbol*, Handle, Handle, bool, Thread*)+0x57
V  [libjvm.so+0x683f5a]  ConstantPool::klass_ref_at(int, Thread*)+0x13a
V  [libjvm.so+0xa5f3ec]  LinkInfo::LinkInfo(constantPoolHandle const&, int, Thread*)+0x3c
V  [libjvm.so+0xa66057]  LinkResolver::resolve_invoke(CallInfo&, Handle, constantPoolHandle const&, int, Bytecodes::Code, Thread*)+0xa7
V  [libjvm.so+0x872baf]  InterpreterRuntime::resolve_invoke(JavaThread*, Bytecodes::Code)+0x17f
V  [libjvm.so+0x87320d]  InterpreterRuntime::resolve_from_cache(JavaThread*, Bytecodes::Code)+0x3d
j  com.sun.jmx.mbeanserver.MXBeanSupport.register(Ljavax/management/MBeanServer;Ljavax/management/ObjectName;)V+23 java.management@11.0.16-internal
j  javax.management.StandardMBean.preRegister(Ljavax/management/MBeanServer;Ljavax/management/ObjectName;)Ljavax/management/ObjectName;+6 java.management@11.0.16-internal
j  com.sun.jmx.interceptor.DefaultMBeanServerInterceptor.preRegister(Ljavax/management/DynamicMBean;Ljavax/management/MBeanServer;Ljavax/management/ObjectName;)Ljavax/management/ObjectName;+15 java.management@11.0.16-internal
j  com.sun.jmx.interceptor.DefaultMBeanServerInterceptor.registerDynamicMBean(Ljava/lang/String;Ljavax/management/DynamicMBean;Ljavax/management/ObjectName;)Ljavax/management/ObjectInstance;+43 java.management@11.0.16-internal
j  com.sun.jmx.interceptor.DefaultMBeanServerInterceptor.registerObject(Ljava/lang/String;Ljava/lang/Object;Ljavax/management/ObjectName;)Ljavax/management/ObjectInstance;+38 java.management@11.0.16-internal
j  com.sun.jmx.interceptor.DefaultMBeanServerInterceptor.registerMBean(Ljava/lang/Object;Ljavax/management/ObjectName;)Ljavax/management/ObjectInstance;+33 java.management@11.0.16-internal
j  com.sun.jmx.mbeanserver.JmxMBeanServer.registerMBean(Ljava/lang/Object;Ljavax/management/ObjectName;)Ljavax/management/ObjectInstance;+10 java.management@11.0.16-internal
j  java.lang.management.ManagementFactory.lambda$addMXBean$7(Ljava/lang/Object;Ljavax/management/MBeanServer;Ljavax/management/ObjectName;)Ljava/lang/Void;+59 java.management@11.0.16-internal
j  java.lang.management.ManagementFactory$$Lambda$104.run()Ljava/lang/Object;+12 java.management@11.0.16-internal
v  ~StubRoutines::call_stub
V  [libjvm.so+0x879513]  JavaCalls::call_helper(JavaValue*, methodHandle const&, JavaCallArguments*, Thread*)+0x353
V  [libjvm.so+0x931591]  JVM_DoPrivileged+0x531
j  java.security.AccessController.doPrivileged(Ljava/security/PrivilegedExceptionAction;)Ljava/lang/Object;+0 java.base@11.0.16-internal
j  java.lang.management.ManagementFactory.addMXBean(Ljavax/management/MBeanServer;Ljava/lang/String;Ljava/lang/Object;)V+13 java.management@11.0.16-internal
j  java.lang.management.ManagementFactory.lambda$getPlatformMBeanServer$1(Ljava/util/Map$Entry;)V+18 java.management@11.0.16-internal
j  java.lang.management.ManagementFactory$$Lambda$103.accept(Ljava/lang/Object;)V+4 java.management@11.0.16-internal
j  java.util.stream.ForEachOps$ForEachOp$OfRef.accept(Ljava/lang/Object;)V+5 java.base@11.0.16-internal
j  java.util.Collections$2.tryAdvance(Ljava/util/function/Consumer;)Z+29 java.base@11.0.16-internal
j  java.util.Collections$2.forEachRemaining(Ljava/util/function/Consumer;)V+2 java.base@11.0.16-internal
j  java.util.stream.ReferencePipeline$Head.forEach(Ljava/util/function/Consumer;)V+12 java.base@11.0.16-internal
j  java.util.stream.ReferencePipeline$7$1.accept(Ljava/lang/Object;)V+41 java.base@11.0.16-internal
j  java.util.stream.ReferencePipeline$2$1.accept(Ljava/lang/Object;)V+21 java.base@11.0.16-internal
j  java.util.HashMap$ValueSpliterator.forEachRemaining(Ljava/util/function/Consumer;)V+145 java.base@11.0.16-internal
j  java.util.stream.AbstractPipeline.copyInto(Ljava/util/stream/Sink;Ljava/util/Spliterator;)V+32 java.base@11.0.16-internal
j  java.util.stream.AbstractPipeline.wrapAndCopyInto(Ljava/util/stream/Sink;Ljava/util/Spliterator;)Ljava/util/stream/Sink;+13 java.base@11.0.16-internal
j  java.util.stream.ForEachOps$ForEachOp.evaluateSequential(Ljava/util/stream/PipelineHelper;Ljava/util/Spliterator;)Ljava/lang/Void;+3 java.base@11.0.16-internal
j  java.util.stream.ForEachOps$ForEachOp$OfRef.evaluateSequential(Ljava/util/stream/PipelineHelper;Ljava/util/Spliterator;)Ljava/lang/Object;+3 java.base@11.0.16-internal
j  java.util.stream.AbstractPipeline.evaluate(Ljava/util/stream/TerminalOp;)Ljava/lang/Object;+88 java.base@11.0.16-internal
j  java.util.stream.ReferencePipeline.forEach(Ljava/util/function/Consumer;)V+6 java.base@11.0.16-internal
j  java.lang.management.ManagementFactory.getPlatformMBeanServer()Ljavax/management/MBeanServer;+68 java.management@11.0.16-internal
j  org.apache.logging.log4j.core.jmx.Server.reregisterMBeansAfterReconfigure()V+15
j  org.apache.logging.log4j.core.LoggerContext.setConfiguration(Lorg/apache/logging/log4j/core/config/Configuration;)Lorg/apache/logging/log4j/core/config/Configuration;+162
j  org.apache.logging.log4j.core.LoggerContext.reconfigure(Ljava/net/URI;)V+89
j  org.apache.logging.log4j.core.LoggerContext.reconfigure()V+5
j  org.apache.logging.log4j.core.LoggerContext.start()V+77
j  org.apache.logging.log4j.core.impl.Log4jContextFactory.getContext(Ljava/lang/String;Ljava/lang/ClassLoader;Ljava/lang/Object;ZLjava/net/URI;Ljava/lang/String;)Lorg/apache/logging/log4j/core/LoggerContext;+123
j  org.apache.logging.log4j.core.impl.Log4jContextFactory.getContext(Ljava/lang/String;Ljava/lang/ClassLoader;Ljava/lang/Object;ZLjava/net/URI;Ljava/lang/String;)Lorg/apache/logging/log4j/spi/LoggerContext;+10
j  org.apache.logging.log4j.LogManager.getContext(Z)Lorg/apache/logging/log4j/spi/LoggerContext;+11
j  org.apache.logging.log4j.LogManager.getLogger(Ljava/lang/String;)Lorg/apache/logging/log4j/Logger;+5
j  org.apache.logging.log4j.LogManager.getRootLogger()Lorg/apache/logging/log4j/Logger;+2
j  org.apache.spark.internal.Logging.initializeLogging(ZZ)V+9
j  org.apache.spark.internal.Logging.initializeLogIfNecessary(ZZ)Z+30
j  org.apache.spark.internal.Logging.initializeLogIfNecessary$(Lorg/apache/spark/internal/Logging;ZZ)Z+3
j  org.apache.spark.deploy.SparkSubmit.initializeLogIfNecessary(ZZ)Z+3
j  org.apache.spark.deploy.SparkSubmit.doSubmit([Ljava/lang/String;)V+3
j  org.apache.spark.deploy.SparkSubmit$$anon$2.doSubmit([Ljava/lang/String;)V+2
j  org.apache.spark.deploy.SparkSubmit$.main([Ljava/lang/String;)V+29
j  org.apache.spark.deploy.SparkSubmit.main([Ljava/lang/String;)V+4
v  ~StubRoutines::call_stub
V  [libjvm.so+0x879513]  JavaCalls::call_helper(JavaValue*, methodHandle const&, JavaCallArguments*, Thread*)+0x353
V  [libjvm.so+0x8f5c6d]  jni_invoke_static(JNIEnv_*, JavaValue*, _jobject*, JNICallType, _jmethodID*, JNI_ArgumentPusher*, Thread*) [clone .constprop.1]+0x24d
V  [libjvm.so+0x8f82dc]  jni_CallStaticVoidMethod+0x15c
C  [libjli.so+0x55d7]  JavaMain+0xcf7
C  [libjli.so+0x9619]  ThreadJavaMain+0x9

Java frames: (J=compiled Java code, j=interpreted, Vv=VM code)
j  com.sun.jmx.mbeanserver.MXBeanSupport.register(Ljavax/management/MBeanServer;Ljavax/management/ObjectName;)V+23 java.management@11.0.16-internal
j  javax.management.StandardMBean.preRegister(Ljavax/management/MBeanServer;Ljavax/management/ObjectName;)Ljavax/management/ObjectName;+6 java.management@11.0.16-internal
j  com.sun.jmx.interceptor.DefaultMBeanServerInterceptor.preRegister(Ljavax/management/DynamicMBean;Ljavax/management/MBeanServer;Ljavax/management/ObjectName;)Ljavax/management/ObjectName;+15 java.management@11.0.16-internal
j  com.sun.jmx.interceptor.DefaultMBeanServerInterceptor.registerDynamicMBean(Ljava/lang/String;Ljavax/management/DynamicMBean;Ljavax/management/ObjectName;)Ljavax/management/ObjectInstance;+43 java.management@11.0.16-internal
j  com.sun.jmx.interceptor.DefaultMBeanServerInterceptor.registerObject(Ljava/lang/String;Ljava/lang/Object;Ljavax/management/ObjectName;)Ljavax/management/ObjectInstance;+38 java.management@11.0.16-internal
j  com.sun.jmx.interceptor.DefaultMBeanServerInterceptor.registerMBean(Ljava/lang/Object;Ljavax/management/ObjectName;)Ljavax/management/ObjectInstance;+33 java.management@11.0.16-internal
j  com.sun.jmx.mbeanserver.JmxMBeanServer.registerMBean(Ljava/lang/Object;Ljavax/management/ObjectName;)Ljavax/management/ObjectInstance;+10 java.management@11.0.16-internal
j  java.lang.management.ManagementFactory.lambda$addMXBean$7(Ljava/lang/Object;Ljavax/management/MBeanServer;Ljavax/management/ObjectName;)Ljava/lang/Void;+59 java.management@11.0.16-internal
j  java.lang.management.ManagementFactory$$Lambda$104.run()Ljava/lang/Object;+12 java.management@11.0.16-internal
v  ~StubRoutines::call_stub
j  java.security.AccessController.doPrivileged(Ljava/security/PrivilegedExceptionAction;)Ljava/lang/Object;+0 java.base@11.0.16-internal
j  java.lang.management.ManagementFactory.addMXBean(Ljavax/management/MBeanServer;Ljava/lang/String;Ljava/lang/Object;)V+13 java.management@11.0.16-internal
j  java.lang.management.ManagementFactory.lambda$getPlatformMBeanServer$1(Ljava/util/Map$Entry;)V+18 java.management@11.0.16-internal
j  java.lang.management.ManagementFactory$$Lambda$103.accept(Ljava/lang/Object;)V+4 java.management@11.0.16-internal
j  java.util.stream.ForEachOps$ForEachOp$OfRef.accept(Ljava/lang/Object;)V+5 java.base@11.0.16-internal
j  java.util.Collections$2.tryAdvance(Ljava/util/function/Consumer;)Z+29 java.base@11.0.16-internal
j  java.util.Collections$2.forEachRemaining(Ljava/util/function/Consumer;)V+2 java.base@11.0.16-internal
j  java.util.stream.ReferencePipeline$Head.forEach(Ljava/util/function/Consumer;)V+12 java.base@11.0.16-internal
j  java.util.stream.ReferencePipeline$7$1.accept(Ljava/lang/Object;)V+41 java.base@11.0.16-internal
j  java.util.stream.ReferencePipeline$2$1.accept(Ljava/lang/Object;)V+21 java.base@11.0.16-internal
j  java.util.HashMap$ValueSpliterator.forEachRemaining(Ljava/util/function/Consumer;)V+145 java.base@11.0.16-internal
j  java.util.stream.AbstractPipeline.copyInto(Ljava/util/stream/Sink;Ljava/util/Spliterator;)V+32 java.base@11.0.16-internal
j  java.util.stream.AbstractPipeline.wrapAndCopyInto(Ljava/util/stream/Sink;Ljava/util/Spliterator;)Ljava/util/stream/Sink;+13 java.base@11.0.16-internal
j  java.util.stream.ForEachOps$ForEachOp.evaluateSequential(Ljava/util/stream/PipelineHelper;Ljava/util/Spliterator;)Ljava/lang/Void;+3 java.base@11.0.16-internal
j  java.util.stream.ForEachOps$ForEachOp$OfRef.evaluateSequential(Ljava/util/stream/PipelineHelper;Ljava/util/Spliterator;)Ljava/lang/Object;+3 java.base@11.0.16-internal
j  java.util.stream.AbstractPipeline.evaluate(Ljava/util/stream/TerminalOp;)Ljava/lang/Object;+88 java.base@11.0.16-internal
j  java.util.stream.ReferencePipeline.forEach(Ljava/util/function/Consumer;)V+6 java.base@11.0.16-internal
j  java.lang.management.ManagementFactory.getPlatformMBeanServer()Ljavax/management/MBeanServer;+68 java.management@11.0.16-internal
j  org.apache.logging.log4j.core.jmx.Server.reregisterMBeansAfterReconfigure()V+15
j  org.apache.logging.log4j.core.LoggerContext.setConfiguration(Lorg/apache/logging/log4j/core/config/Configuration;)Lorg/apache/logging/log4j/core/config/Configuration;+162
j  org.apache.logging.log4j.core.LoggerContext.reconfigure(Ljava/net/URI;)V+89
j  org.apache.logging.log4j.core.LoggerContext.reconfigure()V+5
j  org.apache.logging.log4j.core.LoggerContext.start()V+77
j  org.apache.logging.log4j.core.impl.Log4jContextFactory.getContext(Ljava/lang/String;Ljava/lang/ClassLoader;Ljava/lang/Object;ZLjava/net/URI;Ljava/lang/String;)Lorg/apache/logging/log4j/core/LoggerContext;+123
j  org.apache.logging.log4j.core.impl.Log4jContextFactory.getContext(Ljava/lang/String;Ljava/lang/ClassLoader;Ljava/lang/Object;ZLjava/net/URI;Ljava/lang/String;)Lorg/apache/logging/log4j/spi/LoggerContext;+10
j  org.apache.logging.log4j.LogManager.getContext(Z)Lorg/apache/logging/log4j/spi/LoggerContext;+11
j  org.apache.logging.log4j.LogManager.getLogger(Ljava/lang/String;)Lorg/apache/logging/log4j/Logger;+5
j  org.apache.logging.log4j.LogManager.getRootLogger()Lorg/apache/logging/log4j/Logger;+2
j  org.apache.spark.internal.Logging.initializeLogging(ZZ)V+9
j  org.apache.spark.internal.Logging.initializeLogIfNecessary(ZZ)Z+30
j  org.apache.spark.internal.Logging.initializeLogIfNecessary$(Lorg/apache/spark/internal/Logging;ZZ)Z+3
j  org.apache.spark.deploy.SparkSubmit.initializeLogIfNecessary(ZZ)Z+3
j  org.apache.spark.deploy.SparkSubmit.doSubmit([Ljava/lang/String;)V+3
j  org.apache.spark.deploy.SparkSubmit$$anon$2.doSubmit([Ljava/lang/String;)V+2
j  org.apache.spark.deploy.SparkSubmit$.main([Ljava/lang/String;)V+29
j  org.apache.spark.deploy.SparkSubmit.main([Ljava/lang/String;)V+4
v  ~StubRoutines::call_stub

siginfo: si_signo: 11 (SIGSEGV), si_code: 1 (SEGV_MAPERR), si_addr: 0x0000000000000000

Register to memory mapping:

RAX=0x0000000032d36e5c is an unknown value
RBX=0x00007f13a047edb0 points into unknown readable memory: 0x0000000000000000 | 00 00 00 00 00 00 00 00
RCX=0x000000000000006f is an unknown value
RDX=0x0 is NULL
RSP=0x00007f13dcc92768 is pointing into the stack for thread: 0x00007f13d802b800
RBP=0x00007f13dcc927d0 is pointing into the stack for thread: 0x00007f13d802b800
RSI=0x00007f13d811af00 points into unknown readable memory: 0x6f636e5c00030017 | 17 00 03 00 5c 6e 63 6f
RDI=0x0 is NULL
R8 =0x00007f13d811af00 points into unknown readable memory: 0x6f636e5c00030017 | 17 00 03 00 5c 6e 63 6f
R9 =0x00007f13d80422d0 points into unknown readable memory: 0x0000000000004e2b | 2b 4e 00 00 00 00 00 00
R10=0x0000000000000017 is an unknown value
R11=0x0000000000000016 is an unknown value
R12=0x00007f13d802b800 is a thread
R13=0x00007f13d802a550 points into unknown readable memory: 0x00007f1300000002 | 02 00 00 00 13 7f 00 00
R14=0x0 is NULL
R15=0x00007f13a0483750 points into unknown readable memory: 0x2f6e75732f6d6f63 | 63 6f 6d 2f 73 75 6e 2f


Registers:
RAX=0x0000000032d36e5c, RBX=0x00007f13a047edb0, RCX=0x000000000000006f, RDX=0x0000000000000000
RSP=0x00007f13dcc92768, RBP=0x00007f13dcc927d0, RSI=0x00007f13d811af00, RDI=0x0000000000000000
R8 =0x00007f13d811af00, R9 =0x00007f13d80422d0, R10=0x0000000000000017, R11=0x0000000000000016
R12=0x00007f13d802b800, R13=0x00007f13d802a550, R14=0x0000000000000000, R15=0x00007f13a0483750
RIP=0x00007f13dd9d8644, EFLAGS=0x0000000000010246, CSGSFS=0x002b000000000033, ERR=0x0000000000000004
  TRAPNO=0x000000000000000e

Top of Stack: (sp=0x00007f13dcc92768)
0x00007f13dcc92768:   00007f13dd3afa6f 000500000036000b
0x00007f13dcc92778:   0000000000000100 00007f13d811af00
0x00007f13dcc92788:   00000000000302e8 00007f13a0486d98
0x00007f13dcc92798:   00007f13a0483750 00007f13d802a550 

Instructions: (pc=0x00007f13dd9d8644)
0x00007f13dd9d8544:   b7 43 04 c1 e6 10 09 c6 e8 0f 1b c1 ff 48 89 c7
0x00007f13dd9d8554:   49 89 c4 e8 c4 96 cd ff b8 ff ff ff ff 41 c6 44
0x00007f13dd9d8564:   24 26 00 49 8b 7c 24 10 66 41 89 44 24 24 49 c7
0x00007f13dd9d8574:   44 24 18 00 00 00 00 41 c7 44 24 20 00 00 00 00
0x00007f13dd9d8584:   49 c7 44 24 28 00 00 00 00 e8 5e 57 13 00 41 8b
0x00007f13dd9d8594:   0f 4d 89 74 24 18 48 89 da 0f b7 03 83 c1 03 48
0x00007f13dd9d85a4:   d3 ea c1 e0 08 0f be 4b 07 31 d0 0f be 53 06 c1
0x00007f13dd9d85b4:   e2 08 09 ca 31 d0 0f b7 53 04 c1 e0 10 09 d0 31
0x00007f13dd9d85c4:   d2 41 f7 75 00 48 63 c2 49 8b 55 08 48 c1 e0 03
0x00007f13dd9d85d4:   48 01 c2 48 8b 12 49 89 54 24 08 49 03 45 08 4c
0x00007f13dd9d85e4:   89 20 41 8b 45 2c 4c 8b 45 c8 83 c0 01 41 89 45
0x00007f13dd9d85f4:   2c 4c 89 c7 e8 63 56 fa ff 48 83 c4 18 4c 89 e0
0x00007f13dd9d8604:   5b 41 5c 41 5d 41 5e 41 5f 5d c3 90 48 8d 05 ed
0x00007f13dd9d8614:   ce 58 00 48 89 f2 8b 08 0f b7 06 83 c1 03 c1 e0
0x00007f13dd9d8624:   08 48 d3 ea 0f be 4e 07 31 d0 0f be 56 06 c1 e2
0x00007f13dd9d8634:   08 09 ca 31 d0 0f b7 56 04 c1 e0 10 09 d0 31 d2
0x00007f13dd9d8644:   f7 37 48 8b 47 08 48 63 d2 48 8d 04 d0 48 8b 00
0x00007f13dd9d8654:   48 85 c0 74 17 0f 1f 80 00 00 00 00 48 39 70 10
0x00007f13dd9d8664:   74 0a 48 8b 40 08 48 83 e0 fe 75 f0 c3 90 66 66
0x00007f13dd9d8674:   2e 0f 1f 84 00 00 00 00 00 0f 1f 00 8b 07 85 c0
0x00007f13dd9d8684:   0f 8e 3b 01 00 00 55 48 89 e5 41 57 49 89 ff 41
0x00007f13dd9d8694:   56 41 55 49 89 f5 41 54 45 31 e4 53 48 83 ec 38
0x00007f13dd9d86a4:   0f 1f 40 00 49 8b 47 08 4a 8d 04 e0 48 8b 10 48
0x00007f13dd9d86b4:   85 d2 74 31 0f 1f 84 00 00 00 00 00 48 8b 42 18
0x00007f13dd9d86c4:   48 85 c0 74 16 48 8b 40 10 48 85 c0 74 0d 48 8d
0x00007f13dd9d86d4:   35 27 f8 60 00 48 3b 46 08 74 29 48 8b 52 08 48
0x00007f13dd9d86e4:   83 e2 fe 75 d7 49 83 c4 01 45 39 27 7f b6 48 83
0x00007f13dd9d86f4:   c4 38 5b 41 5c 41 5d 41 5e 41 5f 5d c3 0f 1f 80
0x00007f13dd9d8704:   00 00 00 00 41 8b 75 00 48 8b 7a 10 85 f6 7e 1a
0x00007f13dd9d8714:   49 8b 45 18 83 ee 01 48 8d 74 f0 08 48 39 38 74
0x00007f13dd9d8724:   ba 48 83 c0 08 48 39 c6 75 f2 48 89 55 b0 48 89
0x00007f13dd9d8734:   7d b8 66 48 8d 3d 9a 78 58 00 66 66 48 e8 5a ee 


Stack slot to memory mapping:
stack at sp + 0 slots: 0x00007f13dd3afa6f: <offset 0x00000000005d4a6f> in /home/adam/jdk11u/build/linux-x86_64-normal-server-release/images/jdk/lib/server/libjvm.so at 0x00007f13dcddb000
stack at sp + 1 slots: 0x000500000036000b is an unknown value
stack at sp + 2 slots: 0x0000000000000100 is an unknown value
stack at sp + 3 slots: 0x00007f13d811af00 points into unknown readable memory: 0x6f636e5c00030017 | 17 00 03 00 5c 6e 63 6f
stack at sp + 4 slots: 0x00000000000302e8 is an unknown value
stack at sp + 5 slots: 0x00007f13a0486d98 points into unknown readable memory: 0x0000000000007ff5 | f5 7f 00 00 00 00 00 00
stack at sp + 6 slots: 0x00007f13a0483750 points into unknown readable memory: 0x2f6e75732f6d6f63 | 63 6f 6d 2f 73 75 6e 2f
stack at sp + 7 slots: 0x00007f13d802a550 points into unknown readable memory: 0x00007f1300000002 | 02 00 00 00 13 7f 00 00


---------------  P R O C E S S  ---------------

Threads class SMR info:
_java_thread_list=0x00007f1394000b60, length=9, elements={
0x00007f13d802b800, 0x00007f13d80a1800, 0x00007f13d80a6000, 0x00007f13d80bb800,
0x00007f13d80bd800, 0x00007f13d80bf800, 0x00007f13d80c1800, 0x00007f13d80c3800,
0x00007f13d8155800
}

Java Threads: ( => current thread )
=>0x00007f13d802b800 JavaThread "main" [_thread_in_vm, id=477576, stack(0x00007f13dcb96000,0x00007f13dcc97000)]
  0x00007f13d80a1800 JavaThread "Reference Handler" daemon [_thread_blocked, id=477578, stack(0x00007f13c058e000,0x00007f13c068f000)]
  0x00007f13d80a6000 JavaThread "Finalizer" daemon [_thread_blocked, id=477579, stack(0x00007f13c048d000,0x00007f13c058e000)]
  0x00007f13d80bb800 JavaThread "Signal Dispatcher" daemon [_thread_blocked, id=477580, stack(0x00007f13c00a5000,0x00007f13c01a6000)]
  0x00007f13d80bd800 JavaThread "Service Thread" daemon [_thread_blocked, id=477581, stack(0x00007f13b3eff000,0x00007f13b4000000)]
  0x00007f13d80bf800 JavaThread "C2 CompilerThread0" daemon [_thread_blocked, id=477582, stack(0x00007f13b3dfe000,0x00007f13b3eff000)]
  0x00007f13d80c1800 JavaThread "C1 CompilerThread0" daemon [_thread_blocked, id=477583, stack(0x00007f13b3cfd000,0x00007f13b3dfe000)]
  0x00007f13d80c3800 JavaThread "Sweeper thread" daemon [_thread_blocked, id=477584, stack(0x00007f13b3bfc000,0x00007f13b3cfd000)]
  0x00007f13d8155800 JavaThread "Common-Cleaner" daemon [_thread_blocked, id=477586, stack(0x00007f13b39f9000,0x00007f13b3afa000)]

Other Threads:
  0x00007f13d8099000 VMThread "VM Thread" [stack: 0x00007f13c0691000,0x00007f13c0791000] [id=477577]
  0x00007f13d8145800 WatcherThread [stack: 0x00007f13b3afc000,0x00007f13b3bfc000] [id=477585]

Threads with active compile tasks:

VM state:not at safepoint (normal execution)

VM Mutex/Monitor currently owned by a thread: None

Heap address: 0x0000000080000000, size: 2048 MB, Compressed Oops mode: 32-bit
Narrow klass base: 0x0000000000000000, Narrow klass shift: 3
Compressed class space size: 1073741824 Address: 0x0000000100000000

Heap:
Epsilon Heap
Allocation space:
 Metaspace       used 21026K, capacity 21432K, committed 21884K, reserved 1069056K
  class space    used 2453K, capacity 2577K, committed 2684K, reserved 1048576K


Polling page: 0x00007f13de210000

Metaspace:

Usage:
  Non-class:     18,41 MB capacity,    18,14 MB ( 99%) used,   247,98 KB (  1%) free+waste,    34,12 KB ( <1%) overhead. 
      Class:      2,52 MB capacity,     2,40 MB ( 95%) used,   107,72 KB (  4%) free+waste,    16,06 KB ( <1%) overhead. 
       Both:     20,93 MB capacity,    20,53 MB ( 98%) used,   355,70 KB (  2%) free+waste,    50,19 KB ( <1%) overhead. 

Virtual space:
  Non-class space:       20,00 MB reserved,      18,75 MB ( 94%) committed 
      Class space:        1,00 GB reserved,       2,62 MB ( <1%) committed 
             Both:        1,02 GB reserved,      21,37 MB (  2%) committed 

Chunk freelists:
   Non-Class:  121,00 KB
       Class:  0 bytes
        Both:  121,00 KB

MaxMetaspaceSize: unlimited
CompressedClassSpaceSize: 1,00 GB
Initial GC threshold: 20,80 MB
Current GC threshold: 21,45 MB
CDS: off

CodeHeap 'non-profiled nmethods': size=120032Kb used=689Kb max_used=689Kb free=119342Kb
 bounds [0x00007f13c82da000, 0x00007f13c854a000, 0x00007f13cf812000]
CodeHeap 'profiled nmethods': size=120028Kb used=2922Kb max_used=2922Kb free=117105Kb
 bounds [0x00007f13c0da3000, 0x00007f13c1083000, 0x00007f13c82da000]
CodeHeap 'non-nmethods': size=5700Kb used=1155Kb max_used=1169Kb free=4544Kb
 bounds [0x00007f13c0812000, 0x00007f13c0a82000, 0x00007f13c0da3000]
 total_blobs=1979 nmethods=1570 adapters=325
 compilation: enabled
              stopped_count=0, restarted_count=0
 full_count=0

Compilation events (20 events):
Event: 55,864 Thread 0x00007f13d80c1800 1561       3       jdk.internal.org.objectweb.asm.Type::getDescriptor (18 bytes)
Event: 55,865 Thread 0x00007f13d80c1800 nmethod 1561 0x00007f13c1074090 code [0x00007f13c10742c0, 0x00007f13c1074870]
Event: 55,897 Thread 0x00007f13d80c1800 1562       3       java.lang.invoke.LambdaForm::useCount (90 bytes)
Event: 55,898 Thread 0x00007f13d80c1800 nmethod 1562 0x00007f13c1074a90 code [0x00007f13c1074c80, 0x00007f13c1075010]
Event: 55,898 Thread 0x00007f13d80c1800 1563       3       java.lang.invoke.InvokerBytecodeGenerator::storeInsnOpcode (86 bytes)
Event: 55,900 Thread 0x00007f13d80c1800 nmethod 1563 0x00007f13c1075210 code [0x00007f13c10754a0, 0x00007f13c1075f30]
Event: 55,900 Thread 0x00007f13d80c1800 1564       3       java.lang.invoke.LambdaForm$NamedFunction::member (26 bytes)
Event: 55,900 Thread 0x00007f13d80c1800 nmethod 1564 0x00007f13c1076310 code [0x00007f13c10764c0, 0x00007f13c10765d0]
Event: 55,900 Thread 0x00007f13d80c1800 1565       3       java.lang.invoke.InvokerBytecodeGenerator::isStaticallyInvocable (165 bytes)
Event: 55,907 Thread 0x00007f13d80c1800 nmethod 1565 0x00007f13c1076690 code [0x00007f13c1076be0, 0x00007f13c10795d0]
Event: 55,907 Thread 0x00007f13d80c1800 1570       3       java.util.TreeMap::successor (66 bytes)
Event: 55,907 Thread 0x00007f13d80c1800 nmethod 1570 0x00007f13c107a110 code [0x00007f13c107a2e0, 0x00007f13c107a610]
Event: 55,908 Thread 0x00007f13d80c1800 1569       3       java.util.TreeMap$PrivateEntryIterator::nextEntry (54 bytes)
Event: 55,908 Thread 0x00007f13d80c1800 nmethod 1569 0x00007f13c107a790 code [0x00007f13c107a980, 0x00007f13c107acc0]
Event: 55,908 Thread 0x00007f13d80c1800 1566       3       java.lang.invoke.MemberName::isPrivate (8 bytes)
Event: 55,908 Thread 0x00007f13d80c1800 nmethod 1566 0x00007f13c107ae90 code [0x00007f13c107b040, 0x00007f13c107b1f0]
Event: 55,909 Thread 0x00007f13d80c1800 1567       3       java.lang.invoke.InvokerBytecodeGenerator::emitStaticInvoke (258 bytes)
Event: 55,911 Thread 0x00007f13d80c1800 nmethod 1567 0x00007f13c107b290 code [0x00007f13c107b5a0, 0x00007f13c107c3a0]
Event: 55,911 Thread 0x00007f13d80c1800 1568       3       java.lang.invoke.InvokerBytecodeGenerator::refKindOpcode (112 bytes)
Event: 55,912 Thread 0x00007f13d80c1800 nmethod 1568 0x00007f13c107c990 code [0x00007f13c107cc00, 0x00007f13c107d530]

GC Heap History (0 events):
No events

Deoptimization events (20 events):
Event: 48,676 Thread 0x00007f13d802b800 Uncommon trap: trap_request=0xffffffde fr.pc=0x00007f13c837117c relative=0x00000000000006bc
Event: 48,676 Thread 0x00007f13d802b800 Uncommon trap: reason=class_check action=maybe_recompile pc=0x00007f13c837117c method=java.util.HashMap.putVal(ILjava/lang/Object;Ljava/lang/Object;ZZ)Ljava/lang/Object; @ 203 c2
Event: 48,676 Thread 0x00007f13d802b800 DEOPT PACKING pc=0x00007f13c837117c sp=0x00007f13dcc929e0
Event: 48,676 Thread 0x00007f13d802b800 DEOPT UNPACKING pc=0x00007f13c081a2a5 sp=0x00007f13dcc92910 mode 2
Event: 48,963 Thread 0x00007f13d802b800 Uncommon trap: trap_request=0xffffff4d fr.pc=0x00007f13c835173c relative=0x000000000000009c
Event: 48,963 Thread 0x00007f13d802b800 Uncommon trap: reason=unstable_if action=reinterpret pc=0x00007f13c835173c method=sun.reflect.generics.parser.SignatureParser.current()C @ 39 c2
Event: 48,963 Thread 0x00007f13d802b800 DEOPT PACKING pc=0x00007f13c835173c sp=0x00007f13dcc93d60
Event: 48,963 Thread 0x00007f13d802b800 DEOPT UNPACKING pc=0x00007f13c081a2a5 sp=0x00007f13dcc93d18 mode 2
Event: 51,978 Thread 0x00007f13d802b800 Uncommon trap: trap_request=0xffffff4d fr.pc=0x00007f13c834d5f0 relative=0x00000000000005b0
Event: 51,978 Thread 0x00007f13d802b800 Uncommon trap: reason=unstable_if action=reinterpret pc=0x00007f13c834d5f0 method=java.lang.StringLatin1.regionMatchesCI([BI[BII)Z @ 66 c2
Event: 51,978 Thread 0x00007f13d802b800 DEOPT PACKING pc=0x00007f13c834d5f0 sp=0x00007f13dcc94b20
Event: 51,978 Thread 0x00007f13d802b800 DEOPT UNPACKING pc=0x00007f13c081a2a5 sp=0x00007f13dcc94a10 mode 2
Event: 52,279 Thread 0x00007f13d802b800 Uncommon trap: trap_request=0xffffff4d fr.pc=0x00007f13c832f068 relative=0x00000000000003a8
Event: 52,279 Thread 0x00007f13d802b800 Uncommon trap: reason=unstable_if action=reinterpret pc=0x00007f13c832f068 method=java.lang.Integer.getChars(II[B)I @ 25 c2
Event: 52,279 Thread 0x00007f13d802b800 DEOPT PACKING pc=0x00007f13c832f068 sp=0x00007f13dcc93a80
Event: 52,279 Thread 0x00007f13d802b800 DEOPT UNPACKING pc=0x00007f13c081a2a5 sp=0x00007f13dcc93970 mode 2
Event: 52,414 Thread 0x00007f13d802b800 Uncommon trap: trap_request=0xffffff4d fr.pc=0x00007f13c831f6e4 relative=0x00000000000003a4
Event: 52,414 Thread 0x00007f13d802b800 Uncommon trap: reason=unstable_if action=reinterpret pc=0x00007f13c831f6e4 method=java.lang.Integer.getChars(II[B)I @ 25 c2
Event: 52,414 Thread 0x00007f13d802b800 DEOPT PACKING pc=0x00007f13c831f6e4 sp=0x00007f13dcc94530
Event: 52,414 Thread 0x00007f13d802b800 DEOPT UNPACKING pc=0x00007f13c081a2a5 sp=0x00007f13dcc94478 mode 2

Classes redefined (0 events):
No events

Internal exceptions (20 events):
Event: 2,260 Thread 0x00007f13d802b800 Exception <a 'java/security/PrivilegedActionException'{0x0000000080905160}> (0x0000000080905160) thrown at [src/hotspot/share/prims/jvm.cpp, line 1304]
Event: 2,262 Thread 0x00007f13d802b800 Exception <a 'java/security/PrivilegedActionException'{0x0000000080905048}> (0x0000000080905048) thrown at [src/hotspot/share/prims/jvm.cpp, line 1304]
Event: 2,262 Thread 0x00007f13d802b800 Exception <a 'java/security/PrivilegedActionException'{0x0000000080904fd8}> (0x0000000080904fd8) thrown at [src/hotspot/share/prims/jvm.cpp, line 1304]
Event: 10,280 Thread 0x00007f13d802b800 Exception <a 'java/lang/NoSuchMethodError'{0x0000000081c7b028}: 'void java.lang.invoke.DirectMethodHandle$Holder.invokeStatic(java.lang.Object, int)'> (0x0000000081c7b028) thrown at [src/hotspot/share/interpreter/linkResolver.cpp, line 772]
Event: 14,165 Thread 0x00007f13d802b800 Implicit null exception at 0x00007f13c8307d77 to 0x00007f13c8308c08
Event: 24,696 Thread 0x00007f13d802b800 Exception <a 'java/lang/NoSuchMethodError'{0x0000000083144128}: 'void java.lang.invoke.DirectMethodHandle$Holder.invokeSpecial(java.lang.Object, java.lang.Object)'> (0x0000000083144128) thrown at [src/hotspot/share/interpreter/linkResolver.cpp, line 772]
Event: 24,705 Thread 0x00007f13d802b800 Exception <a 'java/lang/NoSuchMethodError'{0x0000000083143e50}: 'void java.lang.invoke.Invokers$Holder.invoke_MT(java.lang.Object, java.lang.Object)'> (0x0000000083143e50) thrown at [src/hotspot/share/interpreter/linkResolver.cpp, line 772]
Event: 26,856 Thread 0x00007f13d802b800 Exception <a 'java/lang/NoSuchMethodError'{0x000000008350a140}: 'void java.lang.invoke.DelegatingMethodHandle$Holder.delegate(java.lang.Object, java.lang.Object, int, java.lang.Object)'> (0x000000008350a140) thrown at [src/hotspot/share/interpreter/linkResolver.cpp, line 772]
Event: 26,892 Thread 0x00007f13d802b800 Exception <a 'java/lang/NoSuchMethodError'{0x00000000835171f8}: 'java.lang.Object java.lang.invoke.DirectMethodHandle$Holder.invokeStaticInit(java.lang.Object, java.lang.Object, java.lang.Object)'> (0x00000000835171f8) thrown at [src/hotspot/share/interpreter/linkResolver.cpp, line 772]
Event: 26,971 Thread 0x00007f13d802b800 Exception <a 'java/lang/NoSuchMethodError'{0x0000000083533968}: 'java.lang.Object java.lang.invoke.DirectMethodHandle$Holder.invokeStatic(java.lang.Object, int, java.lang.Object, java.lang.Object)'> (0x0000000083533968) thrown at [src/hotspot/share/interpreter/linkResolver.cpp, line 772]
Event: 27,190 Thread 0x00007f13d802b800 Exception <a 'java/lang/IncompatibleClassChangeError'{0x000000008355d1e0}: Found class java.lang.Object, but interface was expected> (0x000000008355d1e0) thrown at [src/hotspot/share/interpreter/linkResolver.cpp, line 839]
Event: 27,330 Thread 0x00007f13d802b800 Exception <a 'java/lang/NoSuchMethodError'{0x00000000835a9ff8}: 'java.lang.Object java.lang.invoke.Invokers$Holder.linkToTargetMethod(java.lang.Object, java.lang.Object, int, java.lang.Object, java.lang.Object)'> (0x00000000835a9ff8) thrown at [src/hotspot/share/interpreter/linkResolver.cpp, line 772]
Event: 28,229 Thread 0x00007f13d802b800 Exception <a 'java/lang/NoSuchMethodError'{0x0000000083681298}: 'int java.lang.invoke.DirectMethodHandle$Holder.invokeStaticInit(java.lang.Object, java.lang.Object)'> (0x0000000083681298) thrown at [src/hotspot/share/interpreter/linkResolver.cpp, line 772]
Event: 30,526 Thread 0x00007f13d802b800 Exception <a 'java/lang/NoSuchMethodError'{0x0000000083a533d8}: 'java.lang.Object java.lang.invoke.Invokers$Holder.linkToTargetMethod(java.lang.Object, java.lang.Object, int, int, java.lang.Object, java.lang.Object)'> (0x0000000083a533d8) thrown at [src/hotspot/share/interpreter/linkResolver.cpp, line 772]
Event: 35,972 Thread 0x00007f13d802b800 Exception <a 'java/lang/NoSuchMethodError'{0x0000000084accaf8}: 'void java.lang.invoke.DirectMethodHandle$Holder.invokeStatic(java.lang.Object, java.lang.Object, java.lang.Object, java.lang.Object)'> (0x0000000084accaf8) thrown at [src/hotspot/share/interpreter/linkResolver.cpp, line 772]
Event: 35,978 Thread 0x00007f13d802b800 Exception <a 'java/lang/NoSuchMethodError'{0x0000000084acc7b0}: 'void java.lang.invoke.DirectMethodHandle$Holder.invokeStaticInit(java.lang.Object, java.lang.Object, java.lang.Object, java.lang.Object)'> (0x0000000084acc7b0) thrown at [src/hotspot/share/interpreter/linkResolver.cpp, line 772]
Event: 36,663 Thread 0x00007f13d802b800 Exception <a 'java/lang/NoSuchMethodError'{0x0000000084c0dce0}: 'void java.lang.invoke.DirectMethodHandle$Holder.invokeStatic(java.lang.Object, java.lang.Object, java.lang.Object, java.lang.Object, java.lang.Object, java.lang.Object)'> (0x0000000084c0dce0) thrown at [src/hotspot/share/interpreter/linkResolver.cpp, line 772]
Event: 51,654 Thread 0x00007f13d802b800 Exception <a 'java/lang/NoSuchMethodError'{0x0000000085e5be20}: 'int java.lang.invoke.DirectMethodHandle$Holder.invokeStaticInit(java.lang.Object, java.lang.Object, java.lang.Object)'> (0x0000000085e5be20) thrown at [src/hotspot/share/interpreter/linkResolver.cpp, line 772]
Event: 52,401 Thread 0x00007f13d802b800 Exception <a 'java/lang/NoSuchMethodError'{0x0000000085fa0f38}: 'int java.lang.invoke.DirectMethodHandle$Holder.invokeInterface(java.lang.Object, java.lang.Object)'> (0x0000000085fa0f38) thrown at [src/hotspot/share/interpreter/linkResolver.cpp, line 772]
Event: 52,412 Thread 0x00007f13d802b800 Exception <a 'java/lang/IncompatibleClassChangeError'{0x0000000085fa0c60}: Found class java.lang.Object, but interface was expected> (0x0000000085fa0c60) thrown at [src/hotspot/share/interpreter/linkResolver.cpp, line 839]

Events (20 events):
Event: 55,722 loading class com/sun/jmx/mbeanserver/DefaultMXBeanMappingFactory$TabularMapping done
Event: 55,724 loading class com/sun/jmx/mbeanserver/MBeanIntrospector$MBeanInfoMaker
Event: 55,724 loading class com/sun/jmx/mbeanserver/MBeanAnalyzer$MBeanVisitor
Event: 55,724 loading class com/sun/jmx/mbeanserver/MBeanAnalyzer$MBeanVisitor done
Event: 55,725 loading class com/sun/jmx/mbeanserver/MBeanIntrospector$MBeanInfoMaker done
Event: 55,728 loading class javax/management/openmbean/OpenMBeanAttributeInfoSupport
Event: 55,728 loading class javax/management/openmbean/OpenMBeanAttributeInfo
Event: 55,728 loading class javax/management/openmbean/OpenMBeanParameterInfo
Event: 55,728 loading class javax/management/openmbean/OpenMBeanParameterInfo done
Event: 55,728 loading class javax/management/openmbean/OpenMBeanAttributeInfo done
Event: 55,728 loading class javax/management/openmbean/OpenMBeanAttributeInfoSupport done
Event: 55,910 loading class com/sun/jmx/mbeanserver/PerInterface
Event: 55,910 loading class com/sun/jmx/mbeanserver/PerInterface done
Event: 55,911 loading class com/sun/jmx/mbeanserver/PerInterface$InitMaps
Event: 55,911 loading class com/sun/jmx/mbeanserver/PerInterface$InitMaps done
Event: 55,916 loading class com/sun/jmx/mbeanserver/MXBeanLookup
Event: 55,916 Executing VM operation: CollectForMetadataAllocation
Event: 55,916 Executing nested VM operation: Dummy
Event: 56,171 Executing nested VM operation: Dummy done
Event: 56,171 Executing VM operation: CollectForMetadataAllocation done


Dynamic libraries:
80000000-100000000 rw-s 00000000 00:05 719                               /dev/fakeblk
100000000-10029f000 rw-p 00000000 00:00 0 
10029f000-140000000 ---p 00000000 00:00 0 
563c74306000-563c74307000 r--p 00000000 08:01 4209886                    /home/adam/jdk11u/build/linux-x86_64-normal-server-release/images/jdk/bin/java
563c74307000-563c74308000 r-xp 00001000 08:01 4209886                    /home/adam/jdk11u/build/linux-x86_64-normal-server-release/images/jdk/bin/java
563c74308000-563c74309000 r--p 00002000 08:01 4209886                    /home/adam/jdk11u/build/linux-x86_64-normal-server-release/images/jdk/bin/java
563c74309000-563c7430a000 r--p 00002000 08:01 4209886                    /home/adam/jdk11u/build/linux-x86_64-normal-server-release/images/jdk/bin/java
563c7430a000-563c7430b000 rw-p 00003000 08:01 4209886                    /home/adam/jdk11u/build/linux-x86_64-normal-server-release/images/jdk/bin/java
563c75cba000-563c75cfc000 rw-p 00000000 00:00 0                          [heap]
7f1390000000-7f1390021000 rw-p 00000000 00:00 0 
7f1390021000-7f1394000000 ---p 00000000 00:00 0 
7f1394000000-7f1394090000 rw-p 00000000 00:00 0 
7f1394090000-7f1398000000 ---p 00000000 00:00 0 
7f1398000000-7f1398021000 rw-p 00000000 00:00 0 
7f1398021000-7f139c000000 ---p 00000000 00:00 0 
7f139c000000-7f139c021000 rw-p 00000000 00:00 0 
7f139c021000-7f13a0000000 ---p 00000000 00:00 0 
7f13a0000000-7f13a0ab8000 rw-p 00000000 00:00 0 
7f13a0ab8000-7f13a4000000 ---p 00000000 00:00 0 
7f13a4000000-7f13a428c000 rw-p 00000000 00:00 0 
7f13a428c000-7f13a8000000 ---p 00000000 00:00 0 
7f13a8000000-7f13a8021000 rw-p 00000000 00:00 0 
7f13a8021000-7f13ac000000 ---p 00000000 00:00 0 
7f13ac000000-7f13ac021000 rw-p 00000000 00:00 0 
7f13ac021000-7f13b0000000 ---p 00000000 00:00 0 
7f13b2c28000-7f13b2db8000 rw-p 00000000 00:00 0 
7f13b2db8000-7f13b2ef8000 ---p 00000000 00:00 0 
7f13b2ef8000-7f13b30f8000 rw-p 00000000 00:00 0 
7f13b30f8000-7f13b32f8000 rw-p 00000000 00:00 0 
7f13b32f8000-7f13b34f8000 rw-p 00000000 00:00 0 
7f13b34f8000-7f13b34fc000 ---p 00000000 00:00 0 
7f13b34fc000-7f13b37f9000 rw-p 00000000 00:00 0 
7f13b37f9000-7f13b39f9000 rw-p 00000000 00:00 0 
7f13b39f9000-7f13b39fd000 ---p 00000000 00:00 0 
7f13b39fd000-7f13b3afa000 rw-p 00000000 00:00 0 
7f13b3afa000-7f13b3afb000 ---p 00000000 00:00 0 
7f13b3afb000-7f13b3bfc000 rw-p 00000000 00:00 0 
7f13b3bfc000-7f13b3c00000 ---p 00000000 00:00 0 
7f13b3c00000-7f13b3cfd000 rw-p 00000000 00:00 0 
7f13b3cfd000-7f13b3d01000 ---p 00000000 00:00 0 
7f13b3d01000-7f13b3dfe000 rw-p 00000000 00:00 0 
7f13b3dfe000-7f13b3e02000 ---p 00000000 00:00 0 
7f13b3e02000-7f13b3eff000 rw-p 00000000 00:00 0 
7f13b3eff000-7f13b3f03000 ---p 00000000 00:00 0 
7f13b3f03000-7f13b4000000 rw-p 00000000 00:00 0 
7f13b4000000-7f13b4021000 rw-p 00000000 00:00 0 
7f13b4021000-7f13b8000000 ---p 00000000 00:00 0 
7f13b8000000-7f13b8021000 rw-p 00000000 00:00 0 
7f13b8021000-7f13bc000000 ---p 00000000 00:00 0 
7f13bc000000-7f13bc401000 rw-p 00000000 00:00 0 
7f13bc401000-7f13c0000000 ---p 00000000 00:00 0 
7f13c009c000-7f13c009e000 r--p 00000000 08:01 4209184                    /home/adam/jdk11u/build/linux-x86_64-normal-server-release/images/jdk/lib/libmanagement_ext.so
7f13c009e000-7f13c00a1000 r-xp 00002000 08:01 4209184                    /home/adam/jdk11u/build/linux-x86_64-normal-server-release/images/jdk/lib/libmanagement_ext.so
7f13c00a1000-7f13c00a2000 r--p 00005000 08:01 4209184                    /home/adam/jdk11u/build/linux-x86_64-normal-server-release/images/jdk/lib/libmanagement_ext.so
7f13c00a2000-7f13c00a3000 ---p 00006000 08:01 4209184                    /home/adam/jdk11u/build/linux-x86_64-normal-server-release/images/jdk/lib/libmanagement_ext.so
7f13c00a3000-7f13c00a4000 r--p 00006000 08:01 4209184                    /home/adam/jdk11u/build/linux-x86_64-normal-server-release/images/jdk/lib/libmanagement_ext.so
7f13c00a4000-7f13c00a5000 rw-p 00007000 08:01 4209184                    /home/adam/jdk11u/build/linux-x86_64-normal-server-release/images/jdk/lib/libmanagement_ext.so
7f13c00a5000-7f13c00a9000 ---p 00000000 00:00 0 
7f13c00a9000-7f13c01a6000 rw-p 00000000 00:00 0 
7f13c01a6000-7f13c048d000 r--p 00000000 08:01 2884038                    /usr/lib/locale/locale-archive
7f13c048d000-7f13c0491000 ---p 00000000 00:00 0 
7f13c0491000-7f13c058e000 rw-p 00000000 00:00 0 
7f13c058e000-7f13c0592000 ---p 00000000 00:00 0 
7f13c0592000-7f13c068f000 rw-p 00000000 00:00 0 
7f13c068f000-7f13c0690000 ---p 00000000 00:00 0 
7f13c0690000-7f13c0812000 rw-p 00000000 00:00 0 
7f13c0812000-7f13c0a82000 rwxp 00000000 00:00 0 
7f13c0a82000-7f13c0da3000 ---p 00000000 00:00 0 
7f13c0da3000-7f13c1083000 rwxp 00000000 00:00 0 
7f13c1083000-7f13c82da000 ---p 00000000 00:00 0 
7f13c82da000-7f13c854a000 rwxp 00000000 00:00 0 
7f13c854a000-7f13cf812000 ---p 00000000 00:00 0 
7f13cf812000-7f13d8000000 r--s 00000000 08:01 4209158                    /home/adam/jdk11u/build/linux-x86_64-normal-server-release/images/jdk/lib/modules
7f13d8000000-7f13da709000 rw-p 00000000 00:00 0 
7f13da709000-7f13dc000000 ---p 00000000 00:00 0 
7f13dc001000-7f13dc008000 r--s 00000000 08:01 2926395                    /usr/lib/x86_64-linux-gnu/gconv/gconv-modules.cache
7f13dc008000-7f13dc00b000 r--p 00000000 08:01 4209918                    /home/adam/jdk11u/build/linux-x86_64-normal-server-release/images/jdk/lib/libmanagement.so
7f13dc00b000-7f13dc00c000 r-xp 00003000 08:01 4209918                    /home/adam/jdk11u/build/linux-x86_64-normal-server-release/images/jdk/lib/libmanagement.so
7f13dc00c000-7f13dc00d000 r--p 00004000 08:01 4209918                    /home/adam/jdk11u/build/linux-x86_64-normal-server-release/images/jdk/lib/libmanagement.so
7f13dc00d000-7f13dc00e000 r--p 00004000 08:01 4209918                    /home/adam/jdk11u/build/linux-x86_64-normal-server-release/images/jdk/lib/libmanagement.so
7f13dc00e000-7f13dc00f000 rw-p 00005000 08:01 4209918                    /home/adam/jdk11u/build/linux-x86_64-normal-server-release/images/jdk/lib/libmanagement.so
7f13dc00f000-7f13dc040000 rw-p 00000000 00:00 0 
7f13dc040000-7f13dc044000 r--p 00000000 08:01 4209910                    /home/adam/jdk11u/build/linux-x86_64-normal-server-release/images/jdk/lib/libnet.so
7f13dc044000-7f13dc053000 r-xp 00004000 08:01 4209910                    /home/adam/jdk11u/build/linux-x86_64-normal-server-release/images/jdk/lib/libnet.so
7f13dc053000-7f13dc057000 r--p 00013000 08:01 4209910                    /home/adam/jdk11u/build/linux-x86_64-normal-server-release/images/jdk/lib/libnet.so
7f13dc057000-7f13dc058000 r--p 00016000 08:01 4209910                    /home/adam/jdk11u/build/linux-x86_64-normal-server-release/images/jdk/lib/libnet.so
7f13dc058000-7f13dc059000 rw-p 00017000 08:01 4209910                    /home/adam/jdk11u/build/linux-x86_64-normal-server-release/images/jdk/lib/libnet.so
7f13dc059000-7f13dc060000 r--p 00000000 08:01 4209899                    /home/adam/jdk11u/build/linux-x86_64-normal-server-release/images/jdk/lib/libnio.so
7f13dc060000-7f13dc067000 r-xp 00007000 08:01 4209899                    /home/adam/jdk11u/build/linux-x86_64-normal-server-release/images/jdk/lib/libnio.so
7f13dc067000-7f13dc06a000 r--p 0000e000 08:01 4209899                    /home/adam/jdk11u/build/linux-x86_64-normal-server-release/images/jdk/lib/libnio.so
7f13dc06a000-7f13dc06b000 r--p 00010000 08:01 4209899                    /home/adam/jdk11u/build/linux-x86_64-normal-server-release/images/jdk/lib/libnio.so
7f13dc06b000-7f13dc06c000 rw-p 00011000 08:01 4209899                    /home/adam/jdk11u/build/linux-x86_64-normal-server-release/images/jdk/lib/libnio.so
7f13dc06c000-7f13dc8ef000 rw-p 00000000 00:00 0 
7f13dc8ef000-7f13dc936000 rw-p 00000000 00:00 0 
7f13dc936000-7f13dca1c000 ---p 00000000 00:00 0 
7f13dca1c000-7f13dca22000 rw-p 00000000 00:00 0 
7f13dca22000-7f13dcb07000 ---p 00000000 00:00 0 
7f13dcb07000-7f13dcb0c000 rw-p 00000000 00:00 0 
7f13dcb0c000-7f13dcb13000 ---p 00000000 00:00 0 
7f13dcb13000-7f13dcb16000 r--p 00000000 08:01 2907361                    /usr/lib/x86_64-linux-gnu/libnss_files-2.31.so
7f13dcb16000-7f13dcb1d000 r-xp 00003000 08:01 2907361                    /usr/lib/x86_64-linux-gnu/libnss_files-2.31.so
7f13dcb1d000-7f13dcb1f000 r--p 0000a000 08:01 2907361                    /usr/lib/x86_64-linux-gnu/libnss_files-2.31.so
7f13dcb1f000-7f13dcb20000 r--p 0000b000 08:01 2907361                    /usr/lib/x86_64-linux-gnu/libnss_files-2.31.so
7f13dcb20000-7f13dcb21000 rw-p 0000c000 08:01 2907361                    /usr/lib/x86_64-linux-gnu/libnss_files-2.31.so
7f13dcb21000-7f13dcb27000 rw-p 00000000 00:00 0 
7f13dcb2c000-7f13dcb2e000 r--p 00000000 08:01 4209892                    /home/adam/jdk11u/build/linux-x86_64-normal-server-release/images/jdk/lib/libzip.so
7f13dcb2e000-7f13dcb32000 r-xp 00002000 08:01 4209892                    /home/adam/jdk11u/build/linux-x86_64-normal-server-release/images/jdk/lib/libzip.so
7f13dcb32000-7f13dcb34000 r--p 00006000 08:01 4209892                    /home/adam/jdk11u/build/linux-x86_64-normal-server-release/images/jdk/lib/libzip.so
7f13dcb34000-7f13dcb35000 r--p 00007000 08:01 4209892                    /home/adam/jdk11u/build/linux-x86_64-normal-server-release/images/jdk/lib/libzip.so
7f13dcb35000-7f13dcb36000 rw-p 00008000 08:01 4209892                    /home/adam/jdk11u/build/linux-x86_64-normal-server-release/images/jdk/lib/libzip.so
7f13dcb36000-7f13dcb3e000 rw-s 00000000 08:01 262413                     /tmp/hsperfdata_root/477575
7f13dcb3e000-7f13dcb42000 r--p 00000000 08:01 4209887                    /home/adam/jdk11u/build/linux-x86_64-normal-server-release/images/jdk/lib/libjimage.so
7f13dcb42000-7f13dcb55000 r-xp 00004000 08:01 4209887                    /home/adam/jdk11u/build/linux-x86_64-normal-server-release/images/jdk/lib/libjimage.so
7f13dcb55000-7f13dcb5b000 r--p 00017000 08:01 4209887                    /home/adam/jdk11u/build/linux-x86_64-normal-server-release/images/jdk/lib/libjimage.so
7f13dcb5b000-7f13dcb5d000 r--p 0001c000 08:01 4209887                    /home/adam/jdk11u/build/linux-x86_64-normal-server-release/images/jdk/lib/libjimage.so
7f13dcb5d000-7f13dcb5e000 rw-p 0001e000 08:01 4209887                    /home/adam/jdk11u/build/linux-x86_64-normal-server-release/images/jdk/lib/libjimage.so
7f13dcb5e000-7f13dcb6c000 r--p 00000000 08:01 4209909                    /home/adam/jdk11u/build/linux-x86_64-normal-server-release/images/jdk/lib/libjava.so
7f13dcb6c000-7f13dcb82000 r-xp 0000e000 08:01 4209909                    /home/adam/jdk11u/build/linux-x86_64-normal-server-release/images/jdk/lib/libjava.so
7f13dcb82000-7f13dcb89000 r--p 00024000 08:01 4209909                    /home/adam/jdk11u/build/linux-x86_64-normal-server-release/images/jdk/lib/libjava.so
7f13dcb89000-7f13dcb8a000 r--p 0002a000 08:01 4209909                    /home/adam/jdk11u/build/linux-x86_64-normal-server-release/images/jdk/lib/libjava.so
7f13dcb8a000-7f13dcb8b000 rw-p 0002b000 08:01 4209909                    /home/adam/jdk11u/build/linux-x86_64-normal-server-release/images/jdk/lib/libjava.so
7f13dcb8b000-7f13dcb8c000 rw-p 00000000 00:00 0 
7f13dcb8c000-7f13dcb8e000 r--p 00000000 08:01 2907366                    /usr/lib/x86_64-linux-gnu/librt-2.31.so
7f13dcb8e000-7f13dcb92000 r-xp 00002000 08:01 2907366                    /usr/lib/x86_64-linux-gnu/librt-2.31.so
7f13dcb92000-7f13dcb94000 r--p 00006000 08:01 2907366                    /usr/lib/x86_64-linux-gnu/librt-2.31.so
7f13dcb94000-7f13dcb95000 r--p 00007000 08:01 2907366                    /usr/lib/x86_64-linux-gnu/librt-2.31.so
7f13dcb95000-7f13dcb96000 rw-p 00008000 08:01 2907366                    /usr/lib/x86_64-linux-gnu/librt-2.31.so
7f13dcb96000-7f13dcb9a000 ---p 00000000 00:00 0 
7f13dcb9a000-7f13dcc97000 rw-p 00000000 00:00 0 
7f13dcc97000-7f13dcca4000 r--p 00000000 08:01 2907355                    /usr/lib/x86_64-linux-gnu/libm-2.31.so
7f13dcca4000-7f13dcd3e000 r-xp 0000d000 08:01 2907355                    /usr/lib/x86_64-linux-gnu/libm-2.31.so
7f13dcd3e000-7f13dcdd9000 r--p 000a7000 08:01 2907355                    /usr/lib/x86_64-linux-gnu/libm-2.31.so
7f13dcdd9000-7f13dcdda000 r--p 00141000 08:01 2907355                    /usr/lib/x86_64-linux-gnu/libm-2.31.so
7f13dcdda000-7f13dcddb000 rw-p 00142000 08:01 2907355                    /usr/lib/x86_64-linux-gnu/libm-2.31.so
7f13dcddb000-7f13dd057000 r--p 00000000 08:01 4209890                    /home/adam/jdk11u/build/linux-x86_64-normal-server-release/images/jdk/lib/server/libjvm.so
7f13dd057000-7f13ddc48000 r-xp 0027c000 08:01 4209890                    /home/adam/jdk11u/build/linux-x86_64-normal-server-release/images/jdk/lib/server/libjvm.so
7f13ddc48000-7f13dde9d000 r--p 00e6d000 08:01 4209890                    /home/adam/jdk11u/build/linux-x86_64-normal-server-release/images/jdk/lib/server/libjvm.so
7f13dde9d000-7f13ddf60000 r--p 010c1000 08:01 4209890                    /home/adam/jdk11u/build/linux-x86_64-normal-server-release/images/jdk/lib/server/libjvm.so
7f13ddf60000-7f13ddf9a000 rw-p 01184000 08:01 4209890                    /home/adam/jdk11u/build/linux-x86_64-normal-server-release/images/jdk/lib/server/libjvm.so
7f13ddf9a000-7f13ddff3000 rw-p 00000000 00:00 0 
7f13ddff3000-7f13ddff9000 r--p 00000000 08:01 2907364                    /usr/lib/x86_64-linux-gnu/libpthread-2.31.so
7f13ddff9000-7f13de009000 r-xp 00006000 08:01 2907364                    /usr/lib/x86_64-linux-gnu/libpthread-2.31.so
7f13de009000-7f13de00f000 r--p 00016000 08:01 2907364                    /usr/lib/x86_64-linux-gnu/libpthread-2.31.so
7f13de00f000-7f13de010000 r--p 0001b000 08:01 2907364                    /usr/lib/x86_64-linux-gnu/libpthread-2.31.so
7f13de010000-7f13de011000 rw-p 0001c000 08:01 2907364                    /usr/lib/x86_64-linux-gnu/libpthread-2.31.so
7f13de011000-7f13de015000 rw-p 00000000 00:00 0 
7f13de015000-7f13de016000 r--p 00000000 08:01 2907353                    /usr/lib/x86_64-linux-gnu/libdl-2.31.so
7f13de016000-7f13de018000 r-xp 00001000 08:01 2907353                    /usr/lib/x86_64-linux-gnu/libdl-2.31.so
7f13de018000-7f13de019000 r--p 00003000 08:01 2907353                    /usr/lib/x86_64-linux-gnu/libdl-2.31.so
7f13de019000-7f13de01a000 r--p 00003000 08:01 2907353                    /usr/lib/x86_64-linux-gnu/libdl-2.31.so
7f13de01a000-7f13de01b000 rw-p 00004000 08:01 2907353                    /usr/lib/x86_64-linux-gnu/libdl-2.31.so
7f13de01b000-7f13de01e000 r--p 00000000 08:01 2885790                    /usr/lib/x86_64-linux-gnu/libz.so.1.2.11
7f13de01e000-7f13de02f000 r-xp 00003000 08:01 2885790                    /usr/lib/x86_64-linux-gnu/libz.so.1.2.11
7f13de02f000-7f13de035000 r--p 00014000 08:01 2885790                    /usr/lib/x86_64-linux-gnu/libz.so.1.2.11
7f13de035000-7f13de036000 ---p 0001a000 08:01 2885790                    /usr/lib/x86_64-linux-gnu/libz.so.1.2.11
7f13de036000-7f13de037000 r--p 0001a000 08:01 2885790                    /usr/lib/x86_64-linux-gnu/libz.so.1.2.11
7f13de037000-7f13de038000 rw-p 0001b000 08:01 2885790                    /usr/lib/x86_64-linux-gnu/libz.so.1.2.11
7f13de038000-7f13de05a000 r--p 00000000 08:01 2907352                    /usr/lib/x86_64-linux-gnu/libc-2.31.so
7f13de05a000-7f13de1b4000 r-xp 00022000 08:01 2907352                    /usr/lib/x86_64-linux-gnu/libc-2.31.so
7f13de1b4000-7f13de203000 r--p 0017c000 08:01 2907352                    /usr/lib/x86_64-linux-gnu/libc-2.31.so
7f13de203000-7f13de207000 r--p 001ca000 08:01 2907352                    /usr/lib/x86_64-linux-gnu/libc-2.31.so
7f13de207000-7f13de209000 rw-p 001ce000 08:01 2907352                    /usr/lib/x86_64-linux-gnu/libc-2.31.so
7f13de209000-7f13de20d000 rw-p 00000000 00:00 0 
7f13de210000-7f13de211000 ---p 00000000 00:00 0 
7f13de211000-7f13de212000 r--p 00000000 00:00 0 
7f13de212000-7f13de217000 r--p 00000000 08:01 4209893                    /home/adam/jdk11u/build/linux-x86_64-normal-server-release/images/jdk/lib/libverify.so
7f13de217000-7f13de21e000 r-xp 00005000 08:01 4209893                    /home/adam/jdk11u/build/linux-x86_64-normal-server-release/images/jdk/lib/libverify.so
7f13de21e000-7f13de220000 r--p 0000c000 08:01 4209893                    /home/adam/jdk11u/build/linux-x86_64-normal-server-release/images/jdk/lib/libverify.so
7f13de220000-7f13de221000 ---p 0000e000 08:01 4209893                    /home/adam/jdk11u/build/linux-x86_64-normal-server-release/images/jdk/lib/libverify.so
7f13de221000-7f13de223000 r--p 0000e000 08:01 4209893                    /home/adam/jdk11u/build/linux-x86_64-normal-server-release/images/jdk/lib/libverify.so
7f13de223000-7f13de224000 rw-p 00010000 08:01 4209893                    /home/adam/jdk11u/build/linux-x86_64-normal-server-release/images/jdk/lib/libverify.so
7f13de224000-7f13de227000 r--p 00000000 08:01 4209901                    /home/adam/jdk11u/build/linux-x86_64-normal-server-release/images/jdk/lib/jli/libjli.so
7f13de227000-7f13de231000 r-xp 00003000 08:01 4209901                    /home/adam/jdk11u/build/linux-x86_64-normal-server-release/images/jdk/lib/jli/libjli.so
7f13de231000-7f13de234000 r--p 0000d000 08:01 4209901                    /home/adam/jdk11u/build/linux-x86_64-normal-server-release/images/jdk/lib/jli/libjli.so
7f13de234000-7f13de235000 ---p 00010000 08:01 4209901                    /home/adam/jdk11u/build/linux-x86_64-normal-server-release/images/jdk/lib/jli/libjli.so
7f13de235000-7f13de236000 r--p 00010000 08:01 4209901                    /home/adam/jdk11u/build/linux-x86_64-normal-server-release/images/jdk/lib/jli/libjli.so
7f13de236000-7f13de237000 rw-p 00011000 08:01 4209901                    /home/adam/jdk11u/build/linux-x86_64-normal-server-release/images/jdk/lib/jli/libjli.so
7f13de237000-7f13de239000 rw-p 00000000 00:00 0 
7f13de239000-7f13de23a000 r--p 00000000 08:01 2907322                    /usr/lib/x86_64-linux-gnu/ld-2.31.so
7f13de23a000-7f13de25a000 r-xp 00001000 08:01 2907322                    /usr/lib/x86_64-linux-gnu/ld-2.31.so
7f13de25a000-7f13de262000 r--p 00021000 08:01 2907322                    /usr/lib/x86_64-linux-gnu/ld-2.31.so
7f13de263000-7f13de264000 r--p 00029000 08:01 2907322                    /usr/lib/x86_64-linux-gnu/ld-2.31.so
7f13de264000-7f13de265000 rw-p 0002a000 08:01 2907322                    /usr/lib/x86_64-linux-gnu/ld-2.31.so
7f13de265000-7f13de266000 rw-p 00000000 00:00 0 
7ffcd810f000-7ffcd8130000 rw-p 00000000 00:00 0                          [stack]
7ffcd81e1000-7ffcd81e5000 r--p 00000000 00:00 0                          [vvar]
7ffcd81e5000-7ffcd81e7000 r-xp 00000000 00:00 0                          [vdso]


VM Arguments:
jvm_args: -XX:AllocateHeapAt=/dev/fakeblk -Xlog:gc=debug -XX:+UnlockExperimentalVMOptions -XX:-UseTLAB -XX:+UseEpsilonGC -Xnoclassgc -Xmx2g 
java_command: org.apache.spark.deploy.SparkSubmit --master local[*] --class WordCount /home/adam/Spark_benchmark/spark_run/run.jar
java_class_path (initial): /home/adam/Spark_benchmark/spark_compiled/conf/:/home/adam/Spark_benchmark/spark_compiled/jars/hadoop-shaded-guava-1.1.1.jar:/home/adam/Spark_benchmark/spark_compiled/jars/jersey-client-2.36.jar:/home/adam/Spark_benchmark/spark_compiled/jars/netty-transport-native-epoll-4.1.86.Final-linux-aarch_64.jar:/home/adam/Spark_benchmark/spark_compiled/jars/jsr305-3.0.0.jar:/home/adam/Spark_benchmark/spark_compiled/jars/scala-xml_2.12-2.1.0.jar:/home/adam/Spark_benchmark/spark_compiled/jars/parquet-common-1.12.3.jar:/home/adam/Spark_benchmark/spark_compiled/jars/curator-client-2.13.0.jar:/home/adam/Spark_benchmark/spark_compiled/jars/spire-platform_2.12-0.17.0.jar:/home/adam/Spark_benchmark/spark_compiled/jars/netty-codec-http2-4.1.86.Final.jar:/home/adam/Spark_benchmark/spark_compiled/jars/kubernetes-model-flowcontrol-6.4.0.jar:/home/adam/Spark_benchmark/spark_compiled/jars/snappy-java-1.1.8.4.jar:/home/adam/Spark_benchmark/spark_compiled/jars/compress-lzf-1.1.jar:/home/adam/Spark_benchmark/spark_compiled/jars/stream-2.9.6.jar:/home/adam/Spark_benchmark/spark_compiled/jars/spire-macros_2.12-0.17.0.jar:/home/adam/Spark_benchmark/spark_compiled/jars/spark-yarn_2.12-3.5.0-SNAPSHOT.jar:/home/adam/Spark_benchmark/spark_compiled/jars/spark-tags_2.12-3.5.0-SNAPSHOT.jar:/home/adam/Spark_benchmark/spark_compiled/jars/arrow-format-10.0.1.jar:/home/adam/Spark_benchmark/spark_compiled/jars/zookeeper-jute-3.6.3.jar:/home/adam/Spark_benchmark/spark_compiled/jars/avro-1.11.1.jar:/home/adam/Spark_benchmark/spark_compiled/jars/protobuf-java-2.5.0.jar:/home/adam/Spark_benchmark/spark_compiled/jars/JLargeArrays-1.5.jar:/home/adam/Spark_benchmark/spark_compiled/jars/arrow-memory-netty-10.0.1.jar:/home/adam/Spark_benchmark/spark_compiled/jars/log4j-api-2.19.0.jar:/home/adam/Spark_benchmark/spark_compiled/jars/py4j-0.10.9.7.jar:/home/adam/Spark_benchmark/spark_compiled/jars/commons-crypto-1.1.0.jar:/home/adam/Spark_benchmark/spark_compiled/jars/jakarta.servlet-api-4.0
Launcher Type: SUN_STANDARD

[Global flags]
    ccstr AllocateHeapAt                           = /dev/fakeblk                              {product} {command line}
     intx CICompilerCount                          = 4                                         {product} {ergonomic}
     bool ClassUnloading                           = false                                     {product} {command line}
     bool ClassUnloadingWithConcurrentMark         = false                                     {product} {command line}
   size_t InitialHeapSize                          = 25165824                                  {product} {ergonomic}
   size_t MaxHeapSize                              = 2147483648                                {product} {command line}
   size_t MinHeapDeltaBytes                        = 172032                                    {product} {ergonomic}
    uintx NonNMethodCodeHeapSize                   = 5836300                                {pd product} {ergonomic}
    uintx NonProfiledCodeHeapSize                  = 122910970                              {pd product} {ergonomic}
    uintx ProfiledCodeHeapSize                     = 122910970                              {pd product} {ergonomic}
    uintx ReservedCodeCacheSize                    = 251658240                              {pd product} {ergonomic}
     bool SegmentedCodeCache                       = true                                      {product} {ergonomic}
     bool UnlockExperimentalVMOptions              = true                                 {experimental} {command line}
     bool UseCompressedClassPointers               = true                                 {lp64_product} {ergonomic}
     bool UseCompressedOops                        = true                                 {lp64_product} {ergonomic}
     bool UseEpsilonGC                             = true                                 {experimental} {command line}
     bool UseTLAB                                  = false                                  {pd product} {command line}

Logging:
Log output configuration:
 #0: stdout all=warning,gc=debug uptime,level,tags
 #1: stderr all=off uptime,level,tags

Environment Variables:
PATH=/usr/local/sbin:/usr/local/bin:/usr/sbin:/usr/bin:/sbin:/bin
SHELL=/bin/bash
LANG=fr_FR.UTF-8

Signal Handlers:
SIGSEGV: [libjvm.so+0xde1f60], sa_mask[0]=11111111011111111101111111111110, sa_flags=SA_RESTART|SA_SIGINFO
SIGBUS: [libjvm.so+0xde1f60], sa_mask[0]=11111111011111111101111111111110, sa_flags=SA_RESTART|SA_SIGINFO
SIGFPE: [libjvm.so+0xde1f60], sa_mask[0]=11111111011111111101111111111110, sa_flags=SA_RESTART|SA_SIGINFO
SIGPIPE: [libjvm.so+0xbdcb40], sa_mask[0]=11111111011111111101111111111110, sa_flags=SA_RESTART|SA_SIGINFO
SIGXFSZ: [libjvm.so+0xbdcb40], sa_mask[0]=11111111011111111101111111111110, sa_flags=SA_RESTART|SA_SIGINFO
SIGILL: [libjvm.so+0xde1f60], sa_mask[0]=11111111011111111101111111111110, sa_flags=SA_RESTART|SA_SIGINFO
SIGUSR2: [libjvm.so+0xbdc9e0], sa_mask[0]=00000000000000000000000000000000, sa_flags=SA_RESTART|SA_SIGINFO
SIGHUP: [libjvm.so+0xbdd270], sa_mask[0]=11111111011111111101111111111110, sa_flags=SA_RESTART|SA_SIGINFO
SIGINT: [libjvm.so+0xbdd270], sa_mask[0]=11111111011111111101111111111110, sa_flags=SA_RESTART|SA_SIGINFO
SIGTERM: [libjvm.so+0xbdd270], sa_mask[0]=11111111011111111101111111111110, sa_flags=SA_RESTART|SA_SIGINFO
SIGQUIT: [libjvm.so+0xbdd270], sa_mask[0]=11111111011111111101111111111110, sa_flags=SA_RESTART|SA_SIGINFO


---------------  S Y S T E M  ---------------

OS:PRETTY_NAME="Debian GNU/Linux 11 (bullseye)"
NAME="Debian GNU/Linux"
VERSION_ID="11"
VERSION="11 (bullseye)"
VERSION_CODENAME=bullseye
ID=debian
HOME_URL="https://www.debian.org/"
SUPPORT_URL="https://www.debian.org/support"
BUG_REPORT_URL="https://bugs.debian.org/"
uname:Linux 5.10.0-11-amd64 #1 SMP Debian 5.10.92-2 (2022-02-28) x86_64
OS uptime: 33 days 1:20 hours
libc:glibc 2.31 NPTL 2.31 
rlimit (soft/hard): STACK 8192k/infinity , CORE 0k/infinity , NPROC 128459/128459 , NOFILE 1048576/1048576 , AS infinity/infinity , CPU infinity/infinity , DATA infinity/infinity , FSIZE infinity/infinity , MEMLOCK 4116444k/4116444k
load average:1,04 0,32 0,24

/proc/meminfo:
MemTotal:       32931552 kB
MemFree:         4011988 kB
MemAvailable:   11099604 kB
Buffers:          249348 kB
Cached:         19154132 kB
SwapCached:            0 kB
Active:         15897064 kB
Inactive:        4086032 kB
Active(anon):   12583652 kB
Inactive(anon):   200224 kB
Active(file):    3313412 kB
Inactive(file):  3885808 kB
Unevictable:           0 kB
Mlocked:               0 kB
SwapTotal:             0 kB
SwapFree:              0 kB
Dirty:               196 kB
Writeback:             0 kB
AnonPages:        200052 kB
Mapped:           168200 kB
Shmem:          12204232 kB
KReclaimable:     362356 kB
Slab:             426416 kB
SReclaimable:     362356 kB
SUnreclaim:        64060 kB
KernelStack:        3600 kB
PageTables:        12200 kB
NFS_Unstable:          0 kB
Bounce:                0 kB
WritebackTmp:          0 kB
CommitLimit:    16465776 kB
Committed_AS:     744384 kB
VmallocTotal:   34359738367 kB
VmallocUsed:     4260188 kB
VmallocChunk:          0 kB
Percpu:             7840 kB
HardwareCorrupted:     0 kB
AnonHugePages:     49152 kB
ShmemHugePages:        0 kB
ShmemPmdMapped:        0 kB
FileHugePages:         0 kB
FilePmdMapped:         0 kB
HugePages_Total:       0
HugePages_Free:        0
HugePages_Rsvd:        0
HugePages_Surp:        0
Hugepagesize:       2048 kB
Hugetlb:               0 kB
DirectMap4k:     1613672 kB
DirectMap2M:    30892032 kB
DirectMap1G:     3145728 kB

/sys/kernel/mm/transparent_hugepage/enabled:
[always] madvise never
/sys/kernel/mm/transparent_hugepage/defrag (defrag/compaction efforts parameter):
always defer defer+madvise [madvise] never

Process Memory:
Virtual Size: 4380696K (peak: 4380696K)
Resident Set Size: 200044K (peak: 200044K) (anon: 83060K, file: 116984K, shmem: 0K)
Swapped out: 0K
C-Heap outstanding allocations: 31880K, retained: 29871K
glibc malloc tunables: (default)

/proc/sys/kernel/threads-max (system-wide limit on the number of threads):
256918
/proc/sys/vm/max_map_count (maximum number of memory map areas a process may have):
65530
/proc/sys/kernel/pid_max (system-wide limit on number of process identifiers):
4194304

container (cgroup) information:
container_type: cgroupv2
cpu_cpuset_cpus: not supported
cpu_memory_nodes: not supported
active_processor_count: 8
cpu_quota: not supported
cpu_period: not supported
cpu_shares: not supported
memory_limit_in_bytes: 1610612736
memory_and_swap_limit_in_bytes: unlimited
memory_soft_limit_in_bytes: unlimited
memory_usage_in_bytes: 190930944
memory_max_usage_in_bytes: not supported

KVM virtualization detected
Steal ticks since vm start: 2
Steal ticks percentage since vm start:  0,000

CPU:total 8 (initial active 8) (4 cores per cpu, 1 threads per core) family 6 model 85 stepping 7 microcode 0x5003102, cmov, cx8, fxsr, mmx, sse, sse2, sse3, ssse3, sse4.1, sse4.2, popcnt, avx, avx2, aes, clmul, erms, 3dnowpref, lzcnt, tsc, bmi1, bmi2, adx, evex, fma
CPU Model and flags from /proc/cpuinfo:
model name	: Intel(R) Xeon(R) Silver 4208 CPU @ 2.10GHz
flags		: fpu vme de pse tsc msr pae mce cx8 apic sep mtrr pge mca cmov pat pse36 clflush mmx fxsr sse sse2 ss ht syscall nx pdpe1gb rdtscp lm constant_tsc arch_perfmon rep_good nopl xtopology cpuid tsc_known_freq pni pclmulqdq vmx ssse3 fma cx16 pdcm pcid sse4_1 sse4_2 x2apic movbe popcnt tsc_deadline_timer aes xsave avx f16c rdrand hypervisor lahf_lm abm 3dnowprefetch cpuid_fault invpcid_single ssbd ibrs ibpb stibp ibrs_enhanced tpr_shadow vnmi flexpriority ept vpid ept_ad fsgsbase tsc_adjust bmi1 avx2 smep bmi2 erms invpcid mpx avx512f avx512dq rdseed adx smap clflushopt clwb avx512cd avx512bw avx512vl xsaveopt xsavec xgetbv1 xsaves arat umip pku ospke avx512_vnni md_clear arch_capabilities
Online cpus:
0-7
Offline cpus:

BIOS frequency limitation:
<Not Available>
Frequency switch latency (ns):
<Not Available>
Available cpu frequencies:
<Not Available>
Current governor:
<Not Available>
Core performance/turbo boost:
<Not Available>

Memory: 4k page, physical 1572864k(1386408k free), swap 0k(0k free)

vm_info: OpenJDK 64-Bit Server VM (11.0.16-internal+0-adhoc.adam.jdk11u) for linux-amd64 JRE (11.0.16-internal+0-adhoc.adam.jdk11u), built on May 10 2023 13:57:36 by "adam" with gcc 10.2.1 20210110

END.
