#
# A fatal error has been detected by the Java Runtime Environment:
#
#  SIGSEGV (0xb) at pc=0x00007fdfcc51ea78, pid=464972, tid=464973
#
# JRE version: OpenJDK Runtime Environment (11.0.16) (build 11.0.16-internal+0-adhoc.adam.jdk11u)
# Java VM: OpenJDK 64-Bit Server VM (11.0.16-internal+0-adhoc.adam.jdk11u, mixed mode, tiered, compressed oops, epsilon gc, linux-amd64)
# Problematic frame:
# J 1981 c2 org.h2.util.TimeZoneProvider$WithTimeZone.getTimeZoneOffsetUTC(J)I (49 bytes) @ 0x00007fdfcc51ea78 [0x00007fdfcc51e9a0+0x00000000000000d8]
#
# No core dump will be written. Core dumps have been disabled. To enable core dumping, try "ulimit -c unlimited" before starting Java again
#
# If you would like to submit a bug report, please visit:
#   https://bugreport.java.com/bugreport/crash.jsp
#

---------------  S U M M A R Y ------------

Command Line: -XX:AllocateHeapAt=/dev/fakeblk -Xlog:gc=debug -XX:-OptimizeStringConcat -XX:+UnlockExperimentalVMOptions -XX:+UseEpsilonGC -Xnoclassgc -XX:-ClassUnloading -Xms16g -Xmx16g ../dacapo-23.11-chopin.jar h2

Host: AMD Opteron 23xx (Gen 3 Class Opteron), 32 cores, 62G, Debian GNU/Linux 11 (bullseye)
Time: Thu Oct  3 16:55:13 2024 CEST elapsed time: 31.998959 seconds (0d 0h 0m 31s)

---------------  T H R E A D  ---------------

Current thread (0x00007fdfdc027800):  JavaThread "main" [_thread_in_Java, id=464973, stack(0x00007fdfe2179000,0x00007fdfe227a000)]

Stack: [0x00007fdfe2179000,0x00007fdfe227a000],  sp=0x00007fdfe2277280,  free space=1016k
Native frames: (J=compiled Java code, A=aot compiled Java code, j=interpreted, Vv=VM code, C=native code)
J 1981 c2 org.h2.util.TimeZoneProvider$WithTimeZone.getTimeZoneOffsetUTC(J)I (49 bytes) @ 0x00007fdfcc51ea78 [0x00007fdfcc51e9a0+0x00000000000000d8]
j  org.h2.util.DateTimeUtils.currentTimestamp(Lorg/h2/util/TimeZoneProvider;Ljava/time/Instant;)Lorg/h2/value/ValueTimestampTimeZone;+7
J 2060 c2 org.h2.expression.function.CurrentDateTimeValueFunction.getValue(Lorg/h2/engine/SessionLocal;)Lorg/h2/value/Value; (13 bytes) @ 0x00007fdfcc5645d4 [0x00007fdfcc564540+0x0000000000000094]
J 2014 c2 org.h2.command.dml.Insert.insertRows()J (512 bytes) @ 0x00007fdfcc5329fc [0x00007fdfcc5324a0+0x000000000000055c]
J 1715 c2 org.h2.command.CommandContainer.update(Ljava/lang/Object;)Lorg/h2/result/ResultWithGeneratedKeys; (139 bytes) @ 0x00007fdfcc4abfc0 [0x00007fdfcc4abc60+0x0000000000000360]
J 2051 c2 org.h2.command.Command.executeUpdate(Ljava/lang/Object;)Lorg/h2/result/ResultWithGeneratedKeys; (332 bytes) @ 0x00007fdfcc568b60 [0x00007fdfcc567e00+0x0000000000000d60]
J 1723 c2 org.h2.jdbc.JdbcPreparedStatement.executeUpdate()I (43 bytes) @ 0x00007fdfcc4a82bc [0x00007fdfcc4a8100+0x00000000000001bc]
j  org.apache.derbyTesting.system.oe.load.SimpleInsert.customerTable(SS)V+317
j  org.apache.derbyTesting.system.oe.load.SimpleInsert.populateForOneWarehouse(S)V+30
j  org.apache.derbyTesting.system.oe.load.SimpleInsert.populateAllTables()V+20
j  org.apache.derbyTesting.system.oe.load.ThreadInsert.populateAllTables()V+9
j  org.dacapo.h2.TPCC.loadData()V+70
j  org.dacapo.h2.TPCC.preIterationMemoryDB()V+42
j  org.dacapo.h2.TPCC.preIteration(Ljava/lang/String;)V+68
v  ~StubRoutines::call_stub
V  [libjvm.so+0x87a113]  JavaCalls::call_helper(JavaValue*, methodHandle const&, JavaCallArguments*, Thread*)+0x353
V  [libjvm.so+0xc7dcec]  invoke(InstanceKlass*, methodHandle const&, Handle, bool, objArrayHandle, BasicType, objArrayHandle, bool, Thread*) [clone .constprop.0]+0x45c
V  [libjvm.so+0xc7eaf0]  Reflection::invoke_method(oopDesc*, Handle, objArrayHandle, Thread*)+0x100
V  [libjvm.so+0x92eead]  JVM_InvokeMethod+0x13d
j  jdk.internal.reflect.NativeMethodAccessorImpl.invoke0(Ljava/lang/reflect/Method;Ljava/lang/Object;[Ljava/lang/Object;)Ljava/lang/Object;+0 java.base@11.0.16-internal
j  jdk.internal.reflect.NativeMethodAccessorImpl.invoke(Ljava/lang/Object;[Ljava/lang/Object;)Ljava/lang/Object;+100 java.base@11.0.16-internal
j  jdk.internal.reflect.DelegatingMethodAccessorImpl.invoke(Ljava/lang/Object;[Ljava/lang/Object;)Ljava/lang/Object;+6 java.base@11.0.16-internal
j  java.lang.reflect.Method.invoke(Ljava/lang/Object;[Ljava/lang/Object;)Ljava/lang/Object;+59 java.base@11.0.16-internal
j  org.dacapo.harness.H2.preIteration(Ljava/lang/String;)V+25
j  org.dacapo.harness.Benchmark.run(Lorg/dacapo/harness/Callback;Ljava/lang/String;)Z+37
j  org.dacapo.harness.TestHarness.runBenchmark(Ljava/io/File;Ljava/io/File;Ljava/lang/String;Lorg/dacapo/harness/TestHarness;)V+109
j  org.dacapo.harness.TestHarness.main([Ljava/lang/String;)V+720
v  ~StubRoutines::call_stub
V  [libjvm.so+0x87a113]  JavaCalls::call_helper(JavaValue*, methodHandle const&, JavaCallArguments*, Thread*)+0x353
V  [libjvm.so+0xc7dcec]  invoke(InstanceKlass*, methodHandle const&, Handle, bool, objArrayHandle, BasicType, objArrayHandle, bool, Thread*) [clone .constprop.0]+0x45c
V  [libjvm.so+0xc7eaf0]  Reflection::invoke_method(oopDesc*, Handle, objArrayHandle, Thread*)+0x100
V  [libjvm.so+0x92eead]  JVM_InvokeMethod+0x13d
j  jdk.internal.reflect.NativeMethodAccessorImpl.invoke0(Ljava/lang/reflect/Method;Ljava/lang/Object;[Ljava/lang/Object;)Ljava/lang/Object;+0 java.base@11.0.16-internal
j  jdk.internal.reflect.NativeMethodAccessorImpl.invoke(Ljava/lang/Object;[Ljava/lang/Object;)Ljava/lang/Object;+100 java.base@11.0.16-internal
j  jdk.internal.reflect.DelegatingMethodAccessorImpl.invoke(Ljava/lang/Object;[Ljava/lang/Object;)Ljava/lang/Object;+6 java.base@11.0.16-internal
j  java.lang.reflect.Method.invoke(Ljava/lang/Object;[Ljava/lang/Object;)Ljava/lang/Object;+59 java.base@11.0.16-internal
j  Harness.main([Ljava/lang/String;)V+44
v  ~StubRoutines::call_stub
V  [libjvm.so+0x87a113]  JavaCalls::call_helper(JavaValue*, methodHandle const&, JavaCallArguments*, Thread*)+0x353
V  [libjvm.so+0x8f686d]  jni_invoke_static(JNIEnv_*, JavaValue*, _jobject*, JNICallType, _jmethodID*, JNI_ArgumentPusher*, Thread*) [clone .constprop.1]+0x24d
V  [libjvm.so+0x8f8edc]  jni_CallStaticVoidMethod+0x15c
C  [libjli.so+0x55d7]  JavaMain+0xcf7
C  [libjli.so+0x9619]  ThreadJavaMain+0x9


siginfo: si_signo: 11 (SIGSEGV), si_code: 1 (SEGV_MAPERR), si_addr: 0x0000000c00338800

Register to memory mapping:

RAX={method} {0x00007fdfe044bb78} 'getTimeZoneOffsetUTC' '(J)I' in 'org/h2/util/TimeZoneProvider$WithTimeZone'
RBX=0x00000000fffffffe is an unknown value
RCX=0x00000000ffffffff is an unknown value
RDX=0x0000000066feb051 is an unknown value
RSP=0x00007fdfe2277280 is pointing into the stack for thread: 0x00007fdfdc027800
RBP=0x00007fdfe2277350 is pointing into the stack for thread: 0x00007fdfdc027800
RSI=0x0000000400d883a8 is an unallocated location in the heap
RDI=0x0 is NULL
R8 =0x0000000080092ac0 is an unknown value
R9 =0x000000008008627c is an unknown value
R10=0x0000000400338800 is an unallocated location in the heap
R11=0x0000000066feb051 is an unknown value
R12=0x0 is NULL
R13=0x00007fdfe22772f0 is pointing into the stack for thread: 0x00007fdfdc027800
R14=0x00007fde4467b1a8 is pointing into metadata
R15=0x00007fdfdc027800 is a thread


Registers:
RAX=0x00007fdfe044bb78, RBX=0x00000000fffffffe, RCX=0x00000000ffffffff, RDX=0x0000000066feb051
RSP=0x00007fdfe2277280, RBP=0x00007fdfe2277350, RSI=0x0000000400d883a8, RDI=0x0000000000000000
R8 =0x0000000080092ac0, R9 =0x000000008008627c, R10=0x0000000400338800, R11=0x0000000066feb051
R12=0x0000000000000000, R13=0x00007fdfe22772f0, R14=0x00007fde4467b1a8, R15=0x00007fdfdc027800
RIP=0x00007fdfcc51ea78, EFLAGS=0x0000000000010216, CSGSFS=0x002b000000000033, ERR=0x0000000000000004
  TRAPNO=0x000000000000000e

Top of Stack: (sp=0x00007fdfe2277280)
0x00007fdfe2277280:   00007fdfe22772b0 00000000000007d0
0x00007fdfe2277290:   00007fdfe2277310 00007fdfe2f0b808
0x00007fdfe22772a0:   0000000000000000 00000004ad9b6ac8
0x00007fdfe22772b0:   00007fdfe2277320 00007fdfdc027800 

Instructions: (pc=0x00007fdfcc51ea78)
0x00007fdfcc51e978:   0c 64 0c 64 0c 64 0c 64 0c 64 0c 64 10 64 10 64
0x00007fdfcc51e988:   10 64 0c 64 18 64 28 64 2c 64 0d 64 1c 00 00 64
0x00007fdfcc51e998:   0f 64 00 00 00 00 00 00 44 8b 56 08 49 bc 00 00
0x00007fdfcc51e9a8:   00 00 08 00 00 00 4d 03 d4 4d 33 e4 49 3b c2 0f
0x00007fdfcc51e9b8:   85 c3 e6 33 f8 66 66 90 89 84 24 00 c0 fe ff 55
0x00007fdfcc51e9c8:   48 83 ec 50 49 ba df f6 b1 f8 d2 1c 70 00 4c 8b
0x00007fdfcc51e9d8:   da 49 3b d2 0f 8f 6e 07 00 00 49 ba 20 96 47 16
0x00007fdfcc51e9e8:   10 e3 8f ff 49 3b d2 0f 8c 83 07 00 00 44 8b 46
0x00007fdfcc51e9f8:   0c 47 8b 54 c4 08 41 81 fa 30 3c 0b 00 0f 85 81
0x00007fdfcc51ea08:   05 00 00 49 c1 e0 03 45 8b 48 10 47 8b 54 cc 14
0x00007fdfcc51ea18:   33 ff 48 85 d2 0f 84 7d 07 00 00 49 b8 00 14 64
0x00007fdfcc51ea28:   14 10 e3 8f ff 49 3b d0 0f 8c a6 05 00 00 49 b8
0x00007fdfcc51ea38:   ff 78 95 fa d2 1c 70 00 49 3b d0 0f 8f 7f 07 00
0x00007fdfcc51ea48:   00 43 8b 4c d4 0c 85 c9 0f 86 9a 07 00 00 47 8b
0x00007fdfcc51ea58:   44 cc 20 43 8b 5c c4 0c 85 db 0f 86 9c 05 00 00
0x00007fdfcc51ea68:   8b d9 ff cb 3b d9 0f 83 c2 04 00 00 49 c1 e2 03
0x00007fdfcc51ea78:   4d 8b 54 ca 08 49 3b d2 0f 8e 96 05 00 00 47 8b
0x00007fdfcc51ea88:   54 cc 1c 43 8b 5c d4 0c 44 8b c3 41 ff c8 44 3b
0x00007fdfcc51ea98:   c3 0f 83 b5 04 00 00 49 c1 e2 03 45 8b 44 9a 0c
0x00007fdfcc51eaa8:   4f 63 44 c4 0c 4c 03 c2 49 8b c8 48 c1 f9 3f 49
0x00007fdfcc51eab8:   8b d8 48 81 f3 80 51 01 00 48 b8 57 29 51 ce a0
0x00007fdfcc51eac8:   c8 45 18 49 f7 e8 4c 8b d2 49 c1 fa 0d 4c 2b d1
0x00007fdfcc51ead8:   48 85 db 0f 8c 07 04 00 00 49 b8 e0 53 42 00 04
0x00007fdfcc51eae8:   00 00 00 45 8b 40 20 4b 8b 4c c4 10 4c 3b d1 0f
0x00007fdfcc51eaf8:   8c 47 05 00 00 4b 8b 4c c4 28 4c 3b d1 0f 8f fd
0x00007fdfcc51eb08:   06 00 00 4d 8b c2 49 81 c0 6c fa 0a 00 4d 85 c0
0x00007fdfcc51eb18:   0f 8c 1a 07 00 00 49 69 ca 90 01 00 00 48 81 c1
0x00007fdfcc51eb28:   0f 4b 27 11 48 8b d9 48 c1 fb 3f 48 b8 ed 62 f8
0x00007fdfcc51eb38:   c8 bc 06 6b 39 48 f7 e9 48 c1 fa 0f 48 8b ca 48
0x00007fdfcc51eb48:   2b cb 48 8b d9 48 c1 fb 3f 48 69 f1 6d 01 00 00
0x00007fdfcc51eb58:   48 c1 eb 3e 48 03 d9 48 c1 fb 02 48 03 f3 48 b8
0x00007fdfcc51eb68:   0b d7 a3 70 3d 0a d7 a3 48 f7 e9 48 03 d1 48 8b 


Stack slot to memory mapping:
stack at sp + 0 slots: 0x00007fdfe22772b0 is pointing into the stack for thread: 0x00007fdfdc027800
stack at sp + 1 slots: 0x00000000000007d0 is an unknown value
stack at sp + 2 slots: 0x00007fdfe2277310 is pointing into the stack for thread: 0x00007fdfdc027800
stack at sp + 3 slots: 0x00007fdfe2f0b808: <offset 0x0000000000b43808> in /home/adam/jdk11u/build/linux-x86_64-normal-server-release/images/jdk/lib/server/libjvm.so at 0x00007fdfe23c8000
stack at sp + 4 slots: 0x0 is NULL
stack at sp + 5 slots: 0x00000004ad9b6ac8 is an unallocated location in the heap
stack at sp + 6 slots: 0x00007fdfe2277320 is pointing into the stack for thread: 0x00007fdfdc027800
stack at sp + 7 slots: 0x00007fdfdc027800 is a thread



---------------  P R O C E S S  ---------------

Threads class SMR info:
_java_thread_list=0x00007fde24107a30, length=9, elements={
0x00007fdfdc027800, 0x00007fdfdc105800, 0x00007fdfdc109800, 0x00007fdfdc120000,
0x00007fdfdc122000, 0x00007fdfdc124800, 0x00007fdfdc126800, 0x00007fdfdc128800,
0x00007fdfdc1b3000
}

Java Threads: ( => current thread )
=>0x00007fdfdc027800 JavaThread "main" [_thread_in_Java, id=464973, stack(0x00007fdfe2179000,0x00007fdfe227a000)]
  0x00007fdfdc105800 JavaThread "Reference Handler" daemon [_thread_blocked, id=464975, stack(0x00007fdfe1440000,0x00007fdfe1541000)]
  0x00007fdfdc109800 JavaThread "Finalizer" daemon [_thread_blocked, id=464976, stack(0x00007fdfe133f000,0x00007fdfe1440000)]
  0x00007fdfdc120000 JavaThread "Signal Dispatcher" daemon [_thread_blocked, id=464977, stack(0x00007fdfe0f57000,0x00007fdfe1058000)]
  0x00007fdfdc122000 JavaThread "Service Thread" daemon [_thread_blocked, id=464978, stack(0x00007fdfe0e56000,0x00007fdfe0f57000)]
  0x00007fdfdc124800 JavaThread "C2 CompilerThread0" daemon [_thread_blocked, id=464979, stack(0x00007fdfe0d55000,0x00007fdfe0e56000)]
  0x00007fdfdc126800 JavaThread "C1 CompilerThread0" daemon [_thread_blocked, id=464980, stack(0x00007fdfe0c54000,0x00007fdfe0d55000)]
  0x00007fdfdc128800 JavaThread "Sweeper thread" daemon [_thread_blocked, id=464981, stack(0x00007fdfe0b53000,0x00007fdfe0c54000)]
  0x00007fdfdc1b3000 JavaThread "Common-Cleaner" daemon [_thread_blocked, id=464984, stack(0x00007fdfe084f000,0x00007fdfe0950000)]

Other Threads:
  0x00007fdfdc0fc800 VMThread "VM Thread" [stack: 0x00007fdfe1543000,0x00007fdfe1643000] [id=464974]
  0x00007fdfdc1ac000 WatcherThread [stack: 0x00007fdfe0952000,0x00007fdfe0a52000] [id=464983]

Threads with active compile tasks:

VM state:not at safepoint (normal execution)

VM Mutex/Monitor currently owned by a thread: None

Heap address: 0x0000000400000000, size: 16384 MB, Compressed Oops mode: Zero based, Oop shift amount: 3
Narrow klass base: 0x0000000800000000, Narrow klass shift: 0
Compressed class space size: 1073741824 Address: 0x0000000800000000

Heap:
Epsilon Heap
Allocation space:
 Metaspace       used 16226K, capacity 16620K, committed 16768K, reserved 1064960K
  class space    used 1468K, capacity 1611K, committed 1664K, reserved 1048576K


Polling page: 0x00007fdfe37fc000

Metaspace:

Usage:
  Non-class:     14.66 MB capacity,    14.41 MB ( 98%) used,   220.73 KB (  1%) free+waste,    30.19 KB ( <1%) overhead. 
      Class:      1.57 MB capacity,     1.43 MB ( 91%) used,   128.71 KB (  8%) free+waste,    13.75 KB ( <1%) overhead. 
       Both:     16.23 MB capacity,    15.85 MB ( 98%) used,   349.45 KB (  2%) free+waste,    43.94 KB ( <1%) overhead. 

Virtual space:
  Non-class space:       16.00 MB reserved,      14.75 MB ( 92%) committed 
      Class space:        1.00 GB reserved,       1.62 MB ( <1%) committed 
             Both:        1.02 GB reserved,      16.38 MB (  2%) committed 

Chunk freelists:
   Non-Class:  87.00 KB
       Class:  0 bytes
        Both:  87.00 KB

MaxMetaspaceSize: unlimited
CompressedClassSpaceSize: 1.00 GB
Initial GC threshold: 20.80 MB
Current GC threshold: 20.80 MB
CDS: off

CodeHeap 'non-profiled nmethods': size=118884Kb used=1936Kb max_used=1936Kb free=116947Kb
 bounds [0x00007fdfcc3f9000, 0x00007fdfcc669000, 0x00007fdfd3812000]
CodeHeap 'profiled nmethods': size=118884Kb used=4288Kb max_used=4288Kb free=114595Kb
 bounds [0x00007fdfc4fe0000, 0x00007fdfc5420000, 0x00007fdfcc3f9000]
CodeHeap 'non-nmethods': size=7992Kb used=1192Kb max_used=3499Kb free=6799Kb
 bounds [0x00007fdfc4812000, 0x00007fdfc4b82000, 0x00007fdfc4fe0000]
 total_blobs=2685 nmethods=2216 adapters=386
 compilation: enabled
              stopped_count=0, restarted_count=0
 full_count=0

Compilation events (20 events):
Event: 25.998 Thread 0x00007fdfdc126800 nmethod 2209 0x00007fdfc5408810 code [0x00007fdfc5408a20, 0x00007fdfc5408ec0]
Event: 25.998 Thread 0x00007fdfdc126800 2210       3       java.util.concurrent.atomic.AtomicIntegerArray::getAndIncrement (13 bytes)
Event: 25.999 Thread 0x00007fdfdc126800 nmethod 2210 0x00007fdfc5409110 code [0x00007fdfc5409300, 0x00007fdfc5409740]
Event: 25.999 Thread 0x00007fdfdc126800 2211       3       java.lang.invoke.VarHandleGuards::guard_LII_I (70 bytes)
Event: 26.000 Thread 0x00007fde2c220800 nmethod 2205 0x00007fdfc5409990 code [0x00007fdfc5409de0, 0x00007fdfc540b9d0]
Event: 26.000 Thread 0x00007fde2c220800 2212       3       java.lang.invoke.VarHandleInts$Array::getAndAdd (38 bytes)
Event: 26.000 Thread 0x00007fdfdc126800 nmethod 2211 0x00007fdfc540c890 code [0x00007fdfc540cb20, 0x00007fdfc540da80]
Event: 26.000 Thread 0x00007fdfdc126800 2208   !   3       org.h2.jdbc.JdbcPreparedStatement::close (46 bytes)
Event: 26.001 Thread 0x00007fde2c220800 nmethod 2212 0x00007fdfc540e010 code [0x00007fdfc540e220, 0x00007fdfc540e960]
Event: 26.001 Thread 0x00007fdfdc126800 nmethod 2208 0x00007fdfc540ec10 code [0x00007fdfc540ee20, 0x00007fdfc540f370]
Event: 26.495 Thread 0x00007fdfdc124800 2214 %     4       org.apache.derbyTesting.system.oe.load.SimpleInsert::stockTable @ 25 (298 bytes)
Event: 26.643 Thread 0x00007fdfdc124800 nmethod 2214% 0x00007fdfcc5cee90 code [0x00007fdfcc5cf460, 0x00007fdfcc5d2f70]
Event: 30.858 Thread 0x00007fdfdc124800 2215       4       org.apache.derbyTesting.system.oe.load.SimpleInsert::stockTable (298 bytes)
Event: 30.880 Thread 0x00007fdfdc126800 2216       3       java.util.LinkedHashMap::afterNodeAccess (116 bytes)
Event: 30.881 Thread 0x00007fdfdc126800 nmethod 2216 0x00007fdfc540f610 code [0x00007fdfc540f7e0, 0x00007fdfc540fbd0]
Event: 30.881 Thread 0x00007fdfdc126800 2217       3       org.h2.command.CommandContainer::canReuse (23 bytes)
Event: 30.881 Thread 0x00007fdfdc126800 nmethod 2217 0x00007fdfc540fd10 code [0x00007fdfc540fec0, 0x00007fdfc5410110]
Event: 30.999 Thread 0x00007fdfdc124800 nmethod 2215 0x00007fdfcc5d5a90 code [0x00007fdfcc5d6080, 0x00007fdfcc5d9b50]
Event: 31.441 Thread 0x00007fdfdc124800 2218       4       java.util.HashMap::resize (356 bytes)
Event: 31.452 Thread 0x00007fdfdc124800 nmethod 2218 0x00007fdfcc5dc710 code [0x00007fdfcc5dc8e0, 0x00007fdfcc5dce38]

GC Heap History (0 events):
No events

Deoptimization events (20 events):
Event: 10.602 Thread 0x00007fdfdc027800 DEOPT PACKING pc=0x00007fdfcc5a24d0 sp=0x00007fdfe2277600
Event: 10.602 Thread 0x00007fdfdc027800 DEOPT UNPACKING pc=0x00007fdfc485be9f sp=0x00007fdfe2277618 mode 2
Event: 11.659 Thread 0x00007fdfdc027800 Uncommon trap: trap_request=0xffffffbe fr.pc=0x00007fdfcc5a24d0 relative=0x0000000000006e10
Event: 11.659 Thread 0x00007fdfdc027800 Uncommon trap: reason=profile_predicate action=maybe_recompile pc=0x00007fdfcc5a24d0 method=org.apache.derbyTesting.system.oe.load.SimpleInsert.orderTable(SS)V @ 74 c2
Event: 11.659 Thread 0x00007fdfdc027800 DEOPT PACKING pc=0x00007fdfcc5a24d0 sp=0x00007fdfe2277600
Event: 11.660 Thread 0x00007fdfdc027800 DEOPT UNPACKING pc=0x00007fdfc485be9f sp=0x00007fdfe2277618 mode 2
Event: 13.704 Thread 0x00007fdfdc027800 Uncommon trap: trap_request=0xffffffbe fr.pc=0x00007fdfcc5a24d0 relative=0x0000000000006e10
Event: 13.704 Thread 0x00007fdfdc027800 Uncommon trap: reason=profile_predicate action=maybe_recompile pc=0x00007fdfcc5a24d0 method=org.apache.derbyTesting.system.oe.load.SimpleInsert.orderTable(SS)V @ 74 c2
Event: 13.704 Thread 0x00007fdfdc027800 DEOPT PACKING pc=0x00007fdfcc5a24d0 sp=0x00007fdfe2277600
Event: 13.704 Thread 0x00007fdfdc027800 DEOPT UNPACKING pc=0x00007fdfc485be9f sp=0x00007fdfe2277618 mode 2
Event: 14.500 Thread 0x00007fdfdc027800 DEOPT PACKING pc=0x00007fdfc53ba5b4 sp=0x00007fdfe2277570
Event: 14.500 Thread 0x00007fdfdc027800 DEOPT UNPACKING pc=0x00007fdfc485c62b sp=0x00007fdfe2276a50 mode 0
Event: 14.500 Thread 0x00007fdfdc027800 Uncommon trap: trap_request=0xffffffbe fr.pc=0x00007fdfcc5a24d0 relative=0x0000000000006e10
Event: 14.500 Thread 0x00007fdfdc027800 Uncommon trap: reason=profile_predicate action=maybe_recompile pc=0x00007fdfcc5a24d0 method=org.apache.derbyTesting.system.oe.load.SimpleInsert.orderTable(SS)V @ 74 c2
Event: 14.500 Thread 0x00007fdfdc027800 DEOPT PACKING pc=0x00007fdfcc5a24d0 sp=0x00007fdfe2277600
Event: 14.500 Thread 0x00007fdfdc027800 DEOPT UNPACKING pc=0x00007fdfc485be9f sp=0x00007fdfe2277618 mode 2
Event: 15.386 Thread 0x00007fdfdc027800 DEOPT PACKING pc=0x00007fdfc53ba5b4 sp=0x00007fdfe22775a0
Event: 15.386 Thread 0x00007fdfdc027800 DEOPT UNPACKING pc=0x00007fdfc485c62b sp=0x00007fdfe2276a90 mode 0
Event: 30.857 Thread 0x00007fdfdc027800 DEOPT PACKING pc=0x00007fdfc53d3b79 sp=0x00007fdfe2277610
Event: 30.858 Thread 0x00007fdfdc027800 DEOPT UNPACKING pc=0x00007fdfc485c62b sp=0x00007fdfe2276b40 mode 0

Classes redefined (0 events):
No events

Internal exceptions (20 events):
Event: 0.731 Thread 0x00007fdfdc027800 Exception <a 'java/security/PrivilegedActionException'{0x00000004007172f0}> (0x00000004007172f0) thrown at [src/hotspot/share/prims/jvm.cpp, line 1304]
Event: 0.731 Thread 0x00007fdfdc027800 Exception <a 'java/security/PrivilegedActionException'{0x0000000400717380}> (0x0000000400717380) thrown at [src/hotspot/share/prims/jvm.cpp, line 1304]
Event: 0.733 Thread 0x00007fdfdc027800 Exception <a 'java/security/PrivilegedActionException'{0x00000004007177a0}> (0x00000004007177a0) thrown at [src/hotspot/share/prims/jvm.cpp, line 1304]
Event: 0.733 Thread 0x00007fdfdc027800 Exception <a 'java/security/PrivilegedActionException'{0x0000000400717830}> (0x0000000400717830) thrown at [src/hotspot/share/prims/jvm.cpp, line 1304]
Event: 0.793 Thread 0x00007fdfdc027800 Exception <a 'java/lang/NoClassDefFoundError'{0x00000004008a02a0}: org/apache/derby/shared/common/info/ProductVersionHolder> (0x00000004008a02a0) thrown at [src/hotspot/share/classfile/systemDictionary.cpp, line 227]
Event: 0.793 Thread 0x00007fdfdc027800 Exception <a 'java/lang/NoClassDefFoundError'{0x00000004008a02a0}> (0x00000004008a02a0) thrown at [src/hotspot/share/prims/jvm.cpp, line 1310]
Event: 0.793 Thread 0x00007fdfdc027800 Exception <a 'java/lang/NoClassDefFoundError'{0x00000004008a02a0}> (0x00000004008a02a0) thrown at [src/hotspot/share/oops/instanceKlass.cpp, line 1029]
Event: 0.793 Thread 0x00007fdfdc027800 Exception <a 'java/lang/NoClassDefFoundError'{0x00000004008a02a0}> (0x00000004008a02a0) thrown at [src/hotspot/share/oops/instanceKlass.cpp, line 1029]
Event: 1.015 Thread 0x00007fdfdc027800 Exception <a 'java/lang/NoSuchMethodError'{0x0000000400ba62a0}: 'void java.lang.invoke.DirectMethodHandle$Holder.invokeStaticInit(java.lang.Object, java.lang.Object, java.lang.Object, java.lang.Object, java.lang.Object)'> (0x0000000400ba62a0) thrown at [src/hotspot/share/interpreter/linkResolver.cpp, line 772]
Event: 1.116 Thread 0x00007fdfdc027800 Exception <a 'java/lang/NoSuchMethodError'{0x0000000400d0a510}: 'java.lang.Object java.lang.invoke.DirectMethodHandle$Holder.newInvokeSpecial(java.lang.Object, java.lang.Object, java.lang.Object)'> (0x0000000400d0a510) thrown at [src/hotspot/share/interpreter/linkResolver.cpp, line 772]
Event: 1.123 Thread 0x00007fdfdc027800 Exception <a 'java/lang/NoSuchMethodError'{0x0000000400d0aea0}: 'int java.lang.invoke.DirectMethodHandle$Holder.invokeStaticInit(java.lang.Object, java.lang.Object, java.lang.Object)'> (0x0000000400d0aea0) thrown at [src/hotspot/share/interpreter/linkResolver.cpp, line 772]
Event: 1.364 Thread 0x00007fdfdc027800 Exception <a 'java/lang/NoSuchMethodError'{0x00000004012cd4a0}: 'int java.lang.invoke.DirectMethodHandle$Holder.invokeVirtual(java.lang.Object, java.lang.Object)'> (0x00000004012cd4a0) thrown at [src/hotspot/share/interpreter/linkResolver.cpp, line 772]
Event: 1.367 Thread 0x00007fdfdc027800 Exception <a 'java/lang/NoSuchMethodError'{0x00000004012ce7e0}: 'void java.lang.invoke.DirectMethodHandle$Holder.invokeStaticInit(java.lang.Object, java.lang.Object)'> (0x00000004012ce7e0) thrown at [src/hotspot/share/interpreter/linkResolver.cpp, line 772]
Event: 1.376 Thread 0x00007fdfdc027800 Exception <a 'java/lang/NoSuchMethodError'{0x00000004014b93e0}: 'int java.lang.invoke.DirectMethodHandle$Holder.invokeSpecial(java.lang.Object, java.lang.Object, java.lang.Object, java.lang.Object)'> (0x00000004014b93e0) thrown at [src/hotspot/share/interpreter/linkResolver.cpp, line 772]
Event: 1.619 Thread 0x00007fdfdc027800 Implicit null exception at 0x00007fdfcc4583cc to 0x00007fdfcc4586e8
Event: 3.397 Thread 0x00007fdfdc027800 Implicit null exception at 0x00007fdfcc53b68f to 0x00007fdfcc53dcc4
Event: 3.766 Thread 0x00007fdfdc027800 Implicit null exception at 0x00007fdfcc53b68f to 0x00007fdfcc53dcc4
Event: 3.766 Thread 0x00007fdfdc027800 Implicit null exception at 0x00007fdfcc53b68f to 0x00007fdfcc53dcc4
Event: 3.767 Thread 0x00007fdfdc027800 Implicit null exception at 0x00007fdfcc53b68f to 0x00007fdfcc53dcc4
Event: 3.871 Thread 0x00007fdfdc027800 Implicit null exception at 0x00007fdfcc54bce7 to 0x00007fdfcc54fb78

Events (20 events):
Event: 2.958 Loaded shared library /home/adam/jdk11u/build/linux-x86_64-normal-server-release/images/jdk/lib/server/libjvm.so
Event: 3.108 Thread 0x00007fde28576000 Thread exited: 0x00007fde28576000
Event: 3.124 Thread 0x00007fde280e6000 Thread exited: 0x00007fde280e6000
Event: 3.899 Thread 0x00007fde24106000 Thread exited: 0x00007fde24106000
Event: 4.316 Thread 0x00007fde24104800 Thread exited: 0x00007fde24104800
Event: 4.317 Thread 0x00007fde04102800 Thread exited: 0x00007fde04102800
Event: 4.317 Thread 0x00007fde0432e800 Thread exited: 0x00007fde0432e800
Event: 4.319 Thread 0x00007fde00013000 Thread exited: 0x00007fde00013000
Event: 4.813 Thread 0x00007fde08005800 Thread exited: 0x00007fde08005800
Event: 4.961 Thread 0x00007fde240f8000 Thread exited: 0x00007fde240f8000
Event: 4.961 Thread 0x00007fde08003800 Thread exited: 0x00007fde08003800
Event: 5.756 Thread 0x00007fde2c06d000 Thread exited: 0x00007fde2c06d000
Event: 6.268 Thread 0x00007fde28577000 Thread added: 0x00007fde28577000
Event: 6.268 Protecting memory [0x00007fdfe0a52000,0x00007fdfe0a56000] with protection modes 0
Event: 6.659 Thread 0x00007fde28577000 Thread exited: 0x00007fde28577000
Event: 25.996 Thread 0x00007fde2c220800 Thread added: 0x00007fde2c220800
Event: 25.996 Protecting memory [0x00007fdfe0a52000,0x00007fdfe0a56000] with protection modes 0
Event: 26.705 Executing VM operation: Dummy
Event: 30.704 Executing VM operation: Dummy done
Event: 30.858 Thread 0x00007fde2c220800 Thread exited: 0x00007fde2c220800


Dynamic libraries:
400000000-800000000 rw-s 00000000 00:05 757                              /dev/fakeblk
800000000-8001a0000 rw-p 00000000 00:00 0 
8001a0000-840000000 ---p 00000000 00:00 0 
5640317f6000-5640317f7000 r--p 00000000 fe:01 1011412                    /home/adam/jdk11u/build/linux-x86_64-normal-server-release/images/jdk/bin/java
5640317f7000-5640317f8000 r-xp 00001000 fe:01 1011412                    /home/adam/jdk11u/build/linux-x86_64-normal-server-release/images/jdk/bin/java
5640317f8000-5640317f9000 r--p 00002000 fe:01 1011412                    /home/adam/jdk11u/build/linux-x86_64-normal-server-release/images/jdk/bin/java
5640317f9000-5640317fa000 r--p 00002000 fe:01 1011412                    /home/adam/jdk11u/build/linux-x86_64-normal-server-release/images/jdk/bin/java
5640317fa000-5640317fb000 rw-p 00003000 fe:01 1011412                    /home/adam/jdk11u/build/linux-x86_64-normal-server-release/images/jdk/bin/java
564031a32000-564031a53000 rw-p 00000000 00:00 0                          [heap]
7fdde8000000-7fdde83c2000 rw-p 00000000 00:00 0 
7fdde83c2000-7fddec000000 ---p 00000000 00:00 0 
7fddec000000-7fddec14f000 rw-p 00000000 00:00 0 
7fddec14f000-7fddf0000000 ---p 00000000 00:00 0 
7fddf0000000-7fddf036c000 rw-p 00000000 00:00 0 
7fddf036c000-7fddf4000000 ---p 00000000 00:00 0 
7fddf7cfd000-7fddf7d01000 ---p 00000000 00:00 0 
7fddf7d01000-7fddf7dfe000 rw-p 00000000 00:00 0 
7fddf7dfe000-7fddf7e02000 ---p 00000000 00:00 0 
7fddf7e02000-7fddf7eff000 rw-p 00000000 00:00 0 
7fddf7eff000-7fddf7f03000 ---p 00000000 00:00 0 
7fddf7f03000-7fddf8000000 rw-p 00000000 00:00 0 
7fddf8000000-7fddf8636000 rw-p 00000000 00:00 0 
7fddf8636000-7fddfc000000 ---p 00000000 00:00 0 
7fddfc000000-7fddfcaa5000 rw-p 00000000 00:00 0 
7fddfcaa5000-7fde00000000 ---p 00000000 00:00 0 
7fde00000000-7fde01142000 rw-p 00000000 00:00 0 
7fde01142000-7fde04000000 ---p 00000000 00:00 0 
7fde04000000-7fde04e7d000 rw-p 00000000 00:00 0 
7fde04e7d000-7fde08000000 ---p 00000000 00:00 0 
7fde08000000-7fde08054000 rw-p 00000000 00:00 0 
7fde08054000-7fde0c000000 ---p 00000000 00:00 0 
7fde0c000000-7fde0c85f000 rw-p 00000000 00:00 0 
7fde0c85f000-7fde10000000 ---p 00000000 00:00 0 
7fde10000000-7fde1017f000 rw-p 00000000 00:00 0 
7fde1017f000-7fde14000000 ---p 00000000 00:00 0 
7fde14000000-7fde14021000 rw-p 00000000 00:00 0 
7fde14021000-7fde18000000 ---p 00000000 00:00 0 
7fde18000000-7fde18021000 rw-p 00000000 00:00 0 
7fde18021000-7fde1c000000 ---p 00000000 00:00 0 
7fde1c000000-7fde1c021000 rw-p 00000000 00:00 0 
7fde1c021000-7fde20000000 ---p 00000000 00:00 0 
7fde20000000-7fde20021000 rw-p 00000000 00:00 0 
7fde20021000-7fde24000000 ---p 00000000 00:00 0 
7fde24000000-7fde2415f000 rw-p 00000000 00:00 0 
7fde2415f000-7fde28000000 ---p 00000000 00:00 0 
7fde28000000-7fde2b420000 rw-p 00000000 00:00 0 
7fde2b420000-7fde2c000000 ---p 00000000 00:00 0 
7fde2c000000-7fde2c252000 rw-p 00000000 00:00 0 
7fde2c252000-7fde30000000 ---p 00000000 00:00 0 
7fde30000000-7fde30021000 rw-p 00000000 00:00 0 
7fde30021000-7fde34000000 ---p 00000000 00:00 0 
7fde34000000-7fde34021000 rw-p 00000000 00:00 0 
7fde34021000-7fde38000000 ---p 00000000 00:00 0 
7fde38000000-7fde38021000 rw-p 00000000 00:00 0 
7fde38021000-7fde3c000000 ---p 00000000 00:00 0 
7fde3c000000-7fde3c021000 rw-p 00000000 00:00 0 
7fde3c021000-7fde40000000 ---p 00000000 00:00 0 
7fde40000000-7fde4008f000 rw-p 00000000 00:00 0 
7fde4008f000-7fde44000000 ---p 00000000 00:00 0 
7fde4400c000-7fde44010000 ---p 00000000 00:00 0 
7fde44010000-7fde4410d000 rw-p 00000000 00:00 0 
7fde4410d000-7fde44111000 ---p 00000000 00:00 0 
7fde44111000-7fde4420e000 rw-p 00000000 00:00 0 
7fde4420e000-7fde44212000 ---p 00000000 00:00 0 
7fde44212000-7fde4430f000 rw-p 00000000 00:00 0 
7fde4430f000-7fde44313000 ---p 00000000 00:00 0 
7fde44313000-7fde44410000 rw-p 00000000 00:00 0 
7fde44410000-7fde44414000 ---p 00000000 00:00 0 
7fde44414000-7fde44511000 rw-p 00000000 00:00 0 
7fde44511000-7fde44515000 ---p 00000000 00:00 0 
7fde44515000-7fde446d2000 rw-p 00000000 00:00 0 
7fde446d2000-7fde44812000 ---p 00000000 00:00 0 
7fde44812000-7fdfc4812000 rw-s 00000000 00:18 164                        /dev/shm/prout
7fdfc4812000-7fdfc4b82000 rwxp 00000000 00:00 0 
7fdfc4b82000-7fdfc4fe0000 ---p 00000000 00:00 0 
7fdfc4fe0000-7fdfc5420000 rwxp 00000000 00:00 0 
7fdfc5420000-7fdfcc3f9000 ---p 00000000 00:00 0 
7fdfcc3f9000-7fdfcc669000 rwxp 00000000 00:00 0 
7fdfcc669000-7fdfd3812000 ---p 00000000 00:00 0 
7fdfd3812000-7fdfdc000000 r--s 00000000 fe:01 1011349                    /home/adam/jdk11u/build/linux-x86_64-normal-server-release/images/jdk/lib/modules
7fdfdc000000-7fdfdc8fe000 rw-p 00000000 00:00 0 
7fdfdc8fe000-7fdfe0000000 ---p 00000000 00:00 0 
7fdfe001a000-7fdfe0021000 r--s 00000000 fe:01 789188                     /usr/lib/x86_64-linux-gnu/gconv/gconv-modules.cache
7fdfe0021000-7fdfe0025000 ---p 00000000 00:00 0 
7fdfe0025000-7fdfe0322000 rw-p 00000000 00:00 0 
7fdfe0322000-7fdfe0522000 rw-p 00000000 00:00 0 
7fdfe0522000-7fdfe0722000 rw-p 00000000 00:00 0 
7fdfe0722000-7fdfe0726000 ---p 00000000 00:00 0 
7fdfe0726000-7fdfe0823000 rw-p 00000000 00:00 0 
7fdfe0823000-7fdfe0827000 r--p 00000000 fe:01 1011422                    /home/adam/jdk11u/build/linux-x86_64-normal-server-release/images/jdk/lib/libnet.so
7fdfe0827000-7fdfe0836000 r-xp 00004000 fe:01 1011422                    /home/adam/jdk11u/build/linux-x86_64-normal-server-release/images/jdk/lib/libnet.so
7fdfe0836000-7fdfe083a000 r--p 00013000 fe:01 1011422                    /home/adam/jdk11u/build/linux-x86_64-normal-server-release/images/jdk/lib/libnet.so
7fdfe083a000-7fdfe083b000 r--p 00016000 fe:01 1011422                    /home/adam/jdk11u/build/linux-x86_64-normal-server-release/images/jdk/lib/libnet.so
7fdfe083b000-7fdfe083c000 rw-p 00017000 fe:01 1011422                    /home/adam/jdk11u/build/linux-x86_64-normal-server-release/images/jdk/lib/libnet.so
7fdfe083c000-7fdfe0843000 r--p 00000000 fe:01 1011421                    /home/adam/jdk11u/build/linux-x86_64-normal-server-release/images/jdk/lib/libnio.so
7fdfe0843000-7fdfe084a000 r-xp 00007000 fe:01 1011421                    /home/adam/jdk11u/build/linux-x86_64-normal-server-release/images/jdk/lib/libnio.so
7fdfe084a000-7fdfe084d000 r--p 0000e000 fe:01 1011421                    /home/adam/jdk11u/build/linux-x86_64-normal-server-release/images/jdk/lib/libnio.so
7fdfe084d000-7fdfe084e000 r--p 00010000 fe:01 1011421                    /home/adam/jdk11u/build/linux-x86_64-normal-server-release/images/jdk/lib/libnio.so
7fdfe084e000-7fdfe084f000 rw-p 00011000 fe:01 1011421                    /home/adam/jdk11u/build/linux-x86_64-normal-server-release/images/jdk/lib/libnio.so
7fdfe084f000-7fdfe0853000 ---p 00000000 00:00 0 
7fdfe0853000-7fdfe0950000 rw-p 00000000 00:00 0 
7fdfe0950000-7fdfe0951000 ---p 00000000 00:00 0 
7fdfe0951000-7fdfe0a52000 rw-p 00000000 00:00 0 
7fdfe0a52000-7fdfe0a56000 ---p 00000000 00:00 0 
7fdfe0a56000-7fdfe0b53000 rw-p 00000000 00:00 0 
7fdfe0b53000-7fdfe0b57000 ---p 00000000 00:00 0 
7fdfe0b57000-7fdfe0c54000 rw-p 00000000 00:00 0 
7fdfe0c54000-7fdfe0c58000 ---p 00000000 00:00 0 
7fdfe0c58000-7fdfe0d55000 rw-p 00000000 00:00 0 
7fdfe0d55000-7fdfe0d59000 ---p 00000000 00:00 0 
7fdfe0d59000-7fdfe0e56000 rw-p 00000000 00:00 0 
7fdfe0e56000-7fdfe0e5a000 ---p 00000000 00:00 0 
7fdfe0e5a000-7fdfe0f57000 rw-p 00000000 00:00 0 
7fdfe0f57000-7fdfe0f5b000 ---p 00000000 00:00 0 
7fdfe0f5b000-7fdfe1058000 rw-p 00000000 00:00 0 
7fdfe1058000-7fdfe133f000 r--p 00000000 fe:01 786832                     /usr/lib/locale/locale-archive
7fdfe133f000-7fdfe1343000 ---p 00000000 00:00 0 
7fdfe1343000-7fdfe1440000 rw-p 00000000 00:00 0 
7fdfe1440000-7fdfe1444000 ---p 00000000 00:00 0 
7fdfe1444000-7fdfe1541000 rw-p 00000000 00:00 0 
7fdfe1541000-7fdfe1542000 ---p 00000000 00:00 0 
7fdfe1542000-7fdfe1f1f000 rw-p 00000000 00:00 0 
7fdfe1f1f000-7fdfe1f24000 rw-p 00000000 00:00 0 
7fdfe1f24000-7fdfe2008000 ---p 00000000 00:00 0 
7fdfe2008000-7fdfe2011000 rw-p 00000000 00:00 0 
7fdfe2011000-7fdfe20f1000 ---p 00000000 00:00 0 
7fdfe20f1000-7fdfe20f8000 rw-p 00000000 00:00 0 
7fdfe20f8000-7fdfe2101000 ---p 00000000 00:00 0 
7fdfe2101000-7fdfe2104000 r--p 00000000 fe:01 787101                     /usr/lib/x86_64-linux-gnu/libnss_files-2.31.so
7fdfe2104000-7fdfe210b000 r-xp 00003000 fe:01 787101                     /usr/lib/x86_64-linux-gnu/libnss_files-2.31.so
7fdfe210b000-7fdfe210d000 r--p 0000a000 fe:01 787101                     /usr/lib/x86_64-linux-gnu/libnss_files-2.31.so
7fdfe210d000-7fdfe210e000 r--p 0000b000 fe:01 787101                     /usr/lib/x86_64-linux-gnu/libnss_files-2.31.so
7fdfe210e000-7fdfe210f000 rw-p 0000c000 fe:01 787101                     /usr/lib/x86_64-linux-gnu/libnss_files-2.31.so
7fdfe210f000-7fdfe2115000 rw-p 00000000 00:00 0 
7fdfe2119000-7fdfe211b000 r--p 00000000 fe:01 1011430                    /home/adam/jdk11u/build/linux-x86_64-normal-server-release/images/jdk/lib/libzip.so
7fdfe211b000-7fdfe211f000 r-xp 00002000 fe:01 1011430                    /home/adam/jdk11u/build/linux-x86_64-normal-server-release/images/jdk/lib/libzip.so
7fdfe211f000-7fdfe2121000 r--p 00006000 fe:01 1011430                    /home/adam/jdk11u/build/linux-x86_64-normal-server-release/images/jdk/lib/libzip.so
7fdfe2121000-7fdfe2122000 r--p 00007000 fe:01 1011430                    /home/adam/jdk11u/build/linux-x86_64-normal-server-release/images/jdk/lib/libzip.so
7fdfe2122000-7fdfe2123000 rw-p 00008000 fe:01 1011430                    /home/adam/jdk11u/build/linux-x86_64-normal-server-release/images/jdk/lib/libzip.so
7fdfe2123000-7fdfe212b000 rw-s 00000000 fe:01 2359410                    /tmp/hsperfdata_root/464972
7fdfe212b000-7fdfe212f000 r--p 00000000 fe:01 1011417                    /home/adam/jdk11u/build/linux-x86_64-normal-server-release/images/jdk/lib/libjimage.so
7fdfe212f000-7fdfe2142000 r-xp 00004000 fe:01 1011417                    /home/adam/jdk11u/build/linux-x86_64-normal-server-release/images/jdk/lib/libjimage.so
7fdfe2142000-7fdfe2148000 r--p 00017000 fe:01 1011417                    /home/adam/jdk11u/build/linux-x86_64-normal-server-release/images/jdk/lib/libjimage.so
7fdfe2148000-7fdfe214a000 r--p 0001c000 fe:01 1011417                    /home/adam/jdk11u/build/linux-x86_64-normal-server-release/images/jdk/lib/libjimage.so
7fdfe214a000-7fdfe214b000 rw-p 0001e000 fe:01 1011417                    /home/adam/jdk11u/build/linux-x86_64-normal-server-release/images/jdk/lib/libjimage.so
7fdfe214b000-7fdfe2159000 r--p 00000000 fe:01 1011429                    /home/adam/jdk11u/build/linux-x86_64-normal-server-release/images/jdk/lib/libjava.so
7fdfe2159000-7fdfe216f000 r-xp 0000e000 fe:01 1011429                    /home/adam/jdk11u/build/linux-x86_64-normal-server-release/images/jdk/lib/libjava.so
7fdfe216f000-7fdfe2176000 r--p 00024000 fe:01 1011429                    /home/adam/jdk11u/build/linux-x86_64-normal-server-release/images/jdk/lib/libjava.so
7fdfe2176000-7fdfe2177000 r--p 0002a000 fe:01 1011429                    /home/adam/jdk11u/build/linux-x86_64-normal-server-release/images/jdk/lib/libjava.so
7fdfe2177000-7fdfe2178000 rw-p 0002b000 fe:01 1011429                    /home/adam/jdk11u/build/linux-x86_64-normal-server-release/images/jdk/lib/libjava.so
7fdfe2178000-7fdfe2179000 rw-p 00000000 00:00 0 
7fdfe2179000-7fdfe217d000 ---p 00000000 00:00 0 
7fdfe217d000-7fdfe227a000 rw-p 00000000 00:00 0 
7fdfe227a000-7fdfe2287000 r--p 00000000 fe:01 787094                     /usr/lib/x86_64-linux-gnu/libm-2.31.so
7fdfe2287000-7fdfe2321000 r-xp 0000d000 fe:01 787094                     /usr/lib/x86_64-linux-gnu/libm-2.31.so
7fdfe2321000-7fdfe23bc000 r--p 000a7000 fe:01 787094                     /usr/lib/x86_64-linux-gnu/libm-2.31.so
7fdfe23bc000-7fdfe23bd000 r--p 00141000 fe:01 787094                     /usr/lib/x86_64-linux-gnu/libm-2.31.so
7fdfe23bd000-7fdfe23be000 rw-p 00142000 fe:01 787094                     /usr/lib/x86_64-linux-gnu/libm-2.31.so
7fdfe23be000-7fdfe23c0000 r--p 00000000 fe:01 787107                     /usr/lib/x86_64-linux-gnu/librt-2.31.so
7fdfe23c0000-7fdfe23c4000 r-xp 00002000 fe:01 787107                     /usr/lib/x86_64-linux-gnu/librt-2.31.so
7fdfe23c4000-7fdfe23c6000 r--p 00006000 fe:01 787107                     /usr/lib/x86_64-linux-gnu/librt-2.31.so
7fdfe23c6000-7fdfe23c7000 r--p 00007000 fe:01 787107                     /usr/lib/x86_64-linux-gnu/librt-2.31.so
7fdfe23c7000-7fdfe23c8000 rw-p 00008000 fe:01 787107                     /usr/lib/x86_64-linux-gnu/librt-2.31.so
7fdfe23c8000-7fdfe2644000 r--p 00000000 fe:01 1011416                    /home/adam/jdk11u/build/linux-x86_64-normal-server-release/images/jdk/lib/server/libjvm.so
7fdfe2644000-7fdfe3236000 r-xp 0027c000 fe:01 1011416                    /home/adam/jdk11u/build/linux-x86_64-normal-server-release/images/jdk/lib/server/libjvm.so
7fdfe3236000-7fdfe348b000 r--p 00e6e000 fe:01 1011416                    /home/adam/jdk11u/build/linux-x86_64-normal-server-release/images/jdk/lib/server/libjvm.so
7fdfe348b000-7fdfe354e000 r--p 010c2000 fe:01 1011416                    /home/adam/jdk11u/build/linux-x86_64-normal-server-release/images/jdk/lib/server/libjvm.so
7fdfe354e000-7fdfe3588000 rw-p 01185000 fe:01 1011416                    /home/adam/jdk11u/build/linux-x86_64-normal-server-release/images/jdk/lib/server/libjvm.so
7fdfe3588000-7fdfe35e1000 rw-p 00000000 00:00 0 
7fdfe35e1000-7fdfe35e7000 r--p 00000000 fe:01 787105                     /usr/lib/x86_64-linux-gnu/libpthread-2.31.so
7fdfe35e7000-7fdfe35f7000 r-xp 00006000 fe:01 787105                     /usr/lib/x86_64-linux-gnu/libpthread-2.31.so
7fdfe35f7000-7fdfe35fd000 r--p 00016000 fe:01 787105                     /usr/lib/x86_64-linux-gnu/libpthread-2.31.so
7fdfe35fd000-7fdfe35fe000 r--p 0001b000 fe:01 787105                     /usr/lib/x86_64-linux-gnu/libpthread-2.31.so
7fdfe35fe000-7fdfe35ff000 rw-p 0001c000 fe:01 787105                     /usr/lib/x86_64-linux-gnu/libpthread-2.31.so
7fdfe35ff000-7fdfe3603000 rw-p 00000000 00:00 0 
7fdfe3603000-7fdfe3604000 r--p 00000000 fe:01 787091                     /usr/lib/x86_64-linux-gnu/libdl-2.31.so
7fdfe3604000-7fdfe3606000 r-xp 00001000 fe:01 787091                     /usr/lib/x86_64-linux-gnu/libdl-2.31.so
7fdfe3606000-7fdfe3607000 r--p 00003000 fe:01 787091                     /usr/lib/x86_64-linux-gnu/libdl-2.31.so
7fdfe3607000-7fdfe3608000 r--p 00003000 fe:01 787091                     /usr/lib/x86_64-linux-gnu/libdl-2.31.so
7fdfe3608000-7fdfe3609000 rw-p 00004000 fe:01 787091                     /usr/lib/x86_64-linux-gnu/libdl-2.31.so
7fdfe3609000-7fdfe360c000 r--p 00000000 fe:01 788525                     /usr/lib/x86_64-linux-gnu/libz.so.1.2.11
7fdfe360c000-7fdfe361d000 r-xp 00003000 fe:01 788525                     /usr/lib/x86_64-linux-gnu/libz.so.1.2.11
7fdfe361d000-7fdfe3623000 r--p 00014000 fe:01 788525                     /usr/lib/x86_64-linux-gnu/libz.so.1.2.11
7fdfe3623000-7fdfe3624000 ---p 0001a000 fe:01 788525                     /usr/lib/x86_64-linux-gnu/libz.so.1.2.11
7fdfe3624000-7fdfe3625000 r--p 0001a000 fe:01 788525                     /usr/lib/x86_64-linux-gnu/libz.so.1.2.11
7fdfe3625000-7fdfe3626000 rw-p 0001b000 fe:01 788525                     /usr/lib/x86_64-linux-gnu/libz.so.1.2.11
7fdfe3626000-7fdfe3648000 r--p 00000000 fe:01 787090                     /usr/lib/x86_64-linux-gnu/libc-2.31.so
7fdfe3648000-7fdfe37a1000 r-xp 00022000 fe:01 787090                     /usr/lib/x86_64-linux-gnu/libc-2.31.so
7fdfe37a1000-7fdfe37f0000 r--p 0017b000 fe:01 787090                     /usr/lib/x86_64-linux-gnu/libc-2.31.so
7fdfe37f0000-7fdfe37f4000 r--p 001c9000 fe:01 787090                     /usr/lib/x86_64-linux-gnu/libc-2.31.so
7fdfe37f4000-7fdfe37f6000 rw-p 001cd000 fe:01 787090                     /usr/lib/x86_64-linux-gnu/libc-2.31.so
7fdfe37f6000-7fdfe37fa000 rw-p 00000000 00:00 0 
7fdfe37fc000-7fdfe37fd000 ---p 00000000 00:00 0 
7fdfe37fd000-7fdfe37fe000 r--p 00000000 00:00 0 
7fdfe37fe000-7fdfe3803000 r--p 00000000 fe:01 1011419                    /home/adam/jdk11u/build/linux-x86_64-normal-server-release/images/jdk/lib/libverify.so
7fdfe3803000-7fdfe380a000 r-xp 00005000 fe:01 1011419                    /home/adam/jdk11u/build/linux-x86_64-normal-server-release/images/jdk/lib/libverify.so
7fdfe380a000-7fdfe380c000 r--p 0000c000 fe:01 1011419                    /home/adam/jdk11u/build/linux-x86_64-normal-server-release/images/jdk/lib/libverify.so
7fdfe380c000-7fdfe380d000 ---p 0000e000 fe:01 1011419                    /home/adam/jdk11u/build/linux-x86_64-normal-server-release/images/jdk/lib/libverify.so
7fdfe380d000-7fdfe380f000 r--p 0000e000 fe:01 1011419                    /home/adam/jdk11u/build/linux-x86_64-normal-server-release/images/jdk/lib/libverify.so
7fdfe380f000-7fdfe3810000 rw-p 00010000 fe:01 1011419                    /home/adam/jdk11u/build/linux-x86_64-normal-server-release/images/jdk/lib/libverify.so
7fdfe3810000-7fdfe3813000 r--p 00000000 fe:01 1011425                    /home/adam/jdk11u/build/linux-x86_64-normal-server-release/images/jdk/lib/jli/libjli.so
7fdfe3813000-7fdfe381d000 r-xp 00003000 fe:01 1011425                    /home/adam/jdk11u/build/linux-x86_64-normal-server-release/images/jdk/lib/jli/libjli.so
7fdfe381d000-7fdfe3820000 r--p 0000d000 fe:01 1011425                    /home/adam/jdk11u/build/linux-x86_64-normal-server-release/images/jdk/lib/jli/libjli.so
7fdfe3820000-7fdfe3821000 ---p 00010000 fe:01 1011425                    /home/adam/jdk11u/build/linux-x86_64-normal-server-release/images/jdk/lib/jli/libjli.so
7fdfe3821000-7fdfe3822000 r--p 00010000 fe:01 1011425                    /home/adam/jdk11u/build/linux-x86_64-normal-server-release/images/jdk/lib/jli/libjli.so
7fdfe3822000-7fdfe3823000 rw-p 00011000 fe:01 1011425                    /home/adam/jdk11u/build/linux-x86_64-normal-server-release/images/jdk/lib/jli/libjli.so
7fdfe3823000-7fdfe3825000 rw-p 00000000 00:00 0 
7fdfe3825000-7fdfe3826000 r--p 00000000 fe:01 786446                     /usr/lib/x86_64-linux-gnu/ld-2.31.so
7fdfe3826000-7fdfe3846000 r-xp 00001000 fe:01 786446                     /usr/lib/x86_64-linux-gnu/ld-2.31.so
7fdfe3846000-7fdfe384e000 r--p 00021000 fe:01 786446                     /usr/lib/x86_64-linux-gnu/ld-2.31.so
7fdfe384f000-7fdfe3850000 r--p 00029000 fe:01 786446                     /usr/lib/x86_64-linux-gnu/ld-2.31.so
7fdfe3850000-7fdfe3851000 rw-p 0002a000 fe:01 786446                     /usr/lib/x86_64-linux-gnu/ld-2.31.so
7fdfe3851000-7fdfe3852000 rw-p 00000000 00:00 0 
7ffecb4e4000-7ffecb505000 rw-p 00000000 00:00 0                          [stack]
7ffecb5b6000-7ffecb5ba000 r--p 00000000 00:00 0                          [vvar]
7ffecb5ba000-7ffecb5bc000 r-xp 00000000 00:00 0                          [vdso]


VM Arguments:
jvm_args: -XX:AllocateHeapAt=/dev/fakeblk -Xlog:gc=debug -XX:-OptimizeStringConcat -XX:+UnlockExperimentalVMOptions -XX:+UseEpsilonGC -Xnoclassgc -XX:-ClassUnloading -Xms16g -Xmx16g 
java_command: ../dacapo-23.11-chopin.jar h2
java_class_path (initial): ../dacapo-23.11-chopin.jar
Launcher Type: SUN_STANDARD

[Global flags]
    ccstr AllocateHeapAt                           = /dev/fakeblk                              {product} {command line}
     intx CICompilerCount                          = 15                                        {product} {ergonomic}
     bool ClassUnloading                           = false                                     {product} {command line}
     bool ClassUnloadingWithConcurrentMark         = false                                     {product} {command line}
   size_t InitialHeapSize                          = 17179869184                               {product} {command line}
   size_t MaxHeapSize                              = 17179869184                               {product} {command line}
   size_t MinHeapDeltaBytes                        = 172032                                    {product} {ergonomic}
    uintx NonNMethodCodeHeapSize                   = 8182140                                {pd product} {ergonomic}
    uintx NonProfiledCodeHeapSize                  = 121738050                              {pd product} {ergonomic}
     bool OptimizeStringConcat                     = false                                  {C2 product} {command line}
    uintx ProfiledCodeHeapSize                     = 121738050                              {pd product} {ergonomic}
    uintx ReservedCodeCacheSize                    = 251658240                              {pd product} {ergonomic}
     bool SegmentedCodeCache                       = true                                      {product} {ergonomic}
     bool UnlockExperimentalVMOptions              = true                                 {experimental} {command line}
     bool UseCompressedClassPointers               = true                                 {lp64_product} {ergonomic}
     bool UseCompressedOops                        = true                                 {lp64_product} {ergonomic}
     bool UseEpsilonGC                             = true                                 {experimental} {command line}

Logging:
Log output configuration:
 #0: stdout all=warning,gc=debug uptime,level,tags
 #1: stderr all=off uptime,level,tags

Environment Variables:
PATH=/usr/local/sbin:/usr/local/bin:/usr/sbin:/usr/bin:/sbin:/bin
SHELL=/bin/bash
LANG=en_US.UTF-8

Signal Handlers:
SIGSEGV: [libjvm.so+0xde2dd0], sa_mask[0]=11111111011111111101111111111110, sa_flags=SA_RESTART|SA_SIGINFO
SIGBUS: [libjvm.so+0xde2dd0], sa_mask[0]=11111111011111111101111111111110, sa_flags=SA_RESTART|SA_SIGINFO
SIGFPE: [libjvm.so+0xde2dd0], sa_mask[0]=11111111011111111101111111111110, sa_flags=SA_RESTART|SA_SIGINFO
SIGPIPE: [libjvm.so+0xbddc30], sa_mask[0]=11111111011111111101111111111110, sa_flags=SA_RESTART|SA_SIGINFO
SIGXFSZ: [libjvm.so+0xbddc30], sa_mask[0]=11111111011111111101111111111110, sa_flags=SA_RESTART|SA_SIGINFO
SIGILL: [libjvm.so+0xde2dd0], sa_mask[0]=11111111011111111101111111111110, sa_flags=SA_RESTART|SA_SIGINFO
SIGUSR2: [libjvm.so+0x2d0520], sa_mask[0]=00000000000100000000000000000000, sa_flags=SA_RESTART
SIGHUP: [libjvm.so+0xbde360], sa_mask[0]=11111111011111111101111111111110, sa_flags=SA_RESTART|SA_SIGINFO
SIGINT: [libjvm.so+0xbde360], sa_mask[0]=11111111011111111101111111111110, sa_flags=SA_RESTART|SA_SIGINFO
SIGTERM: [libjvm.so+0xbde360], sa_mask[0]=11111111011111111101111111111110, sa_flags=SA_RESTART|SA_SIGINFO
SIGQUIT: [libjvm.so+0xbde360], sa_mask[0]=11111111011111111101111111111110, sa_flags=SA_RESTART|SA_SIGINFO


---------------  S Y S T E M  ---------------

OS:PRETTY_NAME="Debian GNU/Linux 11 (bullseye)"
NAME="Debian GNU/Linux"
VERSION_ID="11"
VERSION="11 (bullseye)"
VERSION_CODENAME=bullseye
ID=debian
HOME_URL="https://www.debian.org/"
SUPPORT_URL="https://www.debian.org/support"
BUG_REPORT_URL="https://bugs.debian.org/"
uname:Linux 5.10.0-28-amd64 #1 SMP Debian 5.10.209-2 (2024-01-31) x86_64
OS uptime: 23 days 7:24 hours
libc:glibc 2.31 NPTL 2.31 
rlimit (soft/hard): STACK 8192k/infinity , CORE 0k/infinity , NPROC 257010/257010 , NOFILE 1048576/1048576 , AS infinity/infinity , CPU infinity/infinity , DATA infinity/infinity , FSIZE infinity/infinity , MEMLOCK 8230515k/8230515k
load average:11.20 4.08 4.17

/proc/meminfo:
MemTotal:       65844120 kB
MemFree:         8249008 kB
MemAvailable:   20573588 kB
Buffers:         3153484 kB
Cached:         31248960 kB
SwapCached:        30448 kB
Active:         23637192 kB
Inactive:       11087064 kB
Active(anon):   16787196 kB
Inactive(anon):  5554932 kB
Active(file):    6849996 kB
Inactive(file):  5532132 kB
Unevictable:           0 kB
Mlocked:               0 kB
SwapTotal:        998396 kB
SwapFree:         909256 kB
Dirty:            132300 kB
Writeback:             0 kB
AnonPages:        295508 kB
Mapped:         24941180 kB
Shmem:          22020292 kB
KReclaimable:     673452 kB
Slab:            6444640 kB
SReclaimable:     673452 kB
SUnreclaim:      5771188 kB
KernelStack:        7664 kB
PageTables:        65508 kB
NFS_Unstable:          0 kB
Bounce:                0 kB
WritebackTmp:          0 kB
CommitLimit:    33920456 kB
Committed_AS:   23188708 kB
VmallocTotal:   34359738367 kB
VmallocUsed:    10818416 kB
VmallocChunk:          0 kB
Percpu:            24576 kB
HardwareCorrupted:     0 kB
AnonHugePages:     55296 kB
ShmemHugePages:        0 kB
ShmemPmdMapped:        0 kB
FileHugePages:         0 kB
FilePmdMapped:         0 kB
HugePages_Total:       0
HugePages_Free:        0
HugePages_Rsvd:        0
HugePages_Surp:        0
Hugepagesize:       2048 kB
Hugetlb:               0 kB
DirectMap4k:     3608428 kB
DirectMap2M:    62451712 kB
DirectMap1G:     3145728 kB

/sys/kernel/mm/transparent_hugepage/enabled:
[always] madvise never
/sys/kernel/mm/transparent_hugepage/defrag (defrag/compaction efforts parameter):
always defer defer+madvise [madvise] never

Process Memory:
Virtual Size: 26078676K (peak: 26085312K)
Resident Set Size: 3355356K (peak: 3355356K) (anon: 114648K, file: 2874124K, shmem: 366584K)
Swapped out: 0K
C-Heap outstanding allocations: 20991K, retained: 69880K
glibc malloc tunables: (default)

/proc/sys/kernel/threads-max (system-wide limit on the number of threads):
514021
/proc/sys/vm/max_map_count (maximum number of memory map areas a process may have):
65530
/proc/sys/kernel/pid_max (system-wide limit on number of process identifiers):
4194304

container (cgroup) information:
container_type: cgroupv2
cpu_cpuset_cpus: not supported
cpu_memory_nodes: not supported
active_processor_count: 32
cpu_quota: not supported
cpu_period: not supported
cpu_shares: not supported
memory_limit_in_bytes: unlimited
memory_and_swap_limit_in_bytes: unlimited
memory_soft_limit_in_bytes: unlimited
memory_usage_in_bytes: 36075876352
memory_max_usage_in_bytes: not supported

KVM virtualization detected
Steal ticks since vm start: 8
Steal ticks percentage since vm start:  0.000

CPU:total 32 (initial active 32) (1 cores per cpu, 1 threads per core) family 16 model 2 stepping 3 microcode 0x1000065, cmov, cx8, fxsr, mmx, sse, sse2, sse3, popcnt, mmxext, 3dnowpref, lzcnt, sse4a, tsc
CPU Model and flags from /proc/cpuinfo:
model name	: AMD Opteron 23xx (Gen 3 Class Opteron)
flags		: fpu vme de pse tsc msr pae mce cx8 apic sep mtrr pge mca cmov pat pse36 clflush mmx fxsr sse sse2 syscall nx mmxext fxsr_opt pdpe1gb rdtscp lm 3dnowext 3dnow rep_good nopl cpuid extd_apicid tsc_known_freq pni cx16 x2apic popcnt tsc_deadline_timer hypervisor lahf_lm cmp_legacy cr8_legacy abm sse4a misalignsse 3dnowprefetch osvw vmmcall arat
Online cpus:
0-31
Offline cpus:

BIOS frequency limitation:
<Not Available>
Frequency switch latency (ns):
<Not Available>
Available cpu frequencies:
<Not Available>
Current governor:
<Not Available>
Core performance/turbo boost:
<Not Available>

Memory: 4k page, physical 65844120k(8249008k free), swap 998396k(909256k free)

vm_info: OpenJDK 64-Bit Server VM (11.0.16-internal+0-adhoc.adam.jdk11u) for linux-amd64 JRE (11.0.16-internal+0-adhoc.adam.jdk11u), built on Oct  3 2024 15:44:38 by "adam" with gcc 10.2.1 20210110

END.
