#
# A fatal error has been detected by the Java Runtime Environment:
#
#  Internal Error (nmethod.cpp:1653), pid=353704, tid=353706
#  guarantee(observed == NULL) failed: no races in this sequential code
#
# JRE version: OpenJDK Runtime Environment (11.0.16) (build 11.0.16-internal+0-adhoc.adam.jdk11u)
# Java VM: OpenJDK 64-Bit Server VM (11.0.16-internal+0-adhoc.adam.jdk11u, mixed mode, tiered, compressed oops, epsilon gc, linux-amd64)
# No core dump will be written. Core dumps have been disabled. To enable core dumping, try "ulimit -c unlimited" before starting Java again
#
# If you would like to submit a bug report, please visit:
#   https://bugreport.java.com/bugreport/crash.jsp
#

---------------  S U M M A R Y ------------

Command Line: -XX:AllocateHeapAt=/dev/fakeblk -Xlog:gc=debug -XX:+UnlockExperimentalVMOptions -XX:-UseTLAB -XX:+UseEpsilonGC -Xmx16g org.apache.spark.deploy.SparkSubmit --master local[*] --class WordCount /home/adam/Spark_benchmark/spark_run/run.jar

Host: Common KVM processor, 8 cores, 1G, Debian GNU/Linux 11 (bullseye)
Time: Wed Jun  8 15:57:23 2022 CEST elapsed time: 152.195635 seconds (0d 0h 2m 32s)

---------------  T H R E A D  ---------------

Current thread (0x00007f90d009d000):  VMThread "VM Thread" [stack: 0x00007f90b7e91000,0x00007f90b7f91000] [id=353706]

Stack: [0x00007f90b7e91000,0x00007f90b7f91000],  sp=0x00007f90b7f8f4b0,  free space=1017k
Native frames: (J=compiled Java code, A=aot compiled Java code, j=interpreted, Vv=VM code, C=native code)
V  [libjvm.so+0xdde556]  VMError::report_and_die(int, char const*, char const*, __va_list_tag*, Thread*, unsigned char*, void*, void*, char const*, int, unsigned long)+0x1c6
V  [libjvm.so+0xddf321]  VMError::report_and_die(Thread*, void*, char const*, int, char const*, char const*, __va_list_tag*)+0x31
V  [libjvm.so+0x68fa3b]  report_vm_error(char const*, int, char const*, char const*, ...)+0xfb
V  [libjvm.so+0xbab6b4]  nmethod::oops_do_marking_prologue()+0x64
V  [libjvm.so+0xcee042]  StrongRootsScope::StrongRootsScope(unsigned int)+0x12
V  [libjvm.so+0xc964bb]  SafepointSynchronize::do_cleanup_tasks()+0xfb
V  [libjvm.so+0xc97a6c]  SafepointSynchronize::begin()+0x4ac
V  [libjvm.so+0xde70fa]  VMThread::loop()+0x29a
V  [libjvm.so+0xde7762]  VMThread::run()+0x72
V  [libjvm.so+0xd717fc]  Thread::call_run()+0x13c
V  [libjvm.so+0xbe4226]  thread_native_entry(Thread*)+0xe6


---------------  P R O C E S S  ---------------

Threads class SMR info:
_java_thread_list=0x00007f90d02a8080, length=9, elements={
0x00007f90d002c000, 0x00007f90d00a9000, 0x00007f90d00ae000, 0x00007f90d00db800,
0x00007f90d00e0000, 0x00007f90d00e2000, 0x00007f90d00e4800, 0x00007f90d00e6800,
0x00007f90d02ba000
}

Java Threads: ( => current thread )
  0x00007f90d002c000 JavaThread "main" [_thread_blocked, id=353705, stack(0x00007f90d4337000,0x00007f90d4438000)]
  0x00007f90d00a9000 JavaThread "Reference Handler" daemon [_thread_blocked, id=353707, stack(0x00007f90b7d8e000,0x00007f90b7e8f000)]
  0x00007f90d00ae000 JavaThread "Finalizer" daemon [_thread_blocked, id=353708, stack(0x00007f90b7c8d000,0x00007f90b7d8e000)]
  0x00007f90d00db800 JavaThread "Signal Dispatcher" daemon [_thread_blocked, id=353709, stack(0x00007f90b78a5000,0x00007f90b79a6000)]
  0x00007f90d00e0000 JavaThread "Service Thread" daemon [_thread_blocked, id=353710, stack(0x00007f90b77a4000,0x00007f90b78a5000)]
  0x00007f90d00e2000 JavaThread "C2 CompilerThread0" daemon [_thread_blocked, id=353711, stack(0x00007f90b76a3000,0x00007f90b77a4000)]
  0x00007f90d00e4800 JavaThread "C1 CompilerThread0" daemon [_thread_blocked, id=353712, stack(0x00007f90b75a2000,0x00007f90b76a3000)]
  0x00007f90d00e6800 JavaThread "Sweeper thread" daemon [_thread_blocked, id=353713, stack(0x00007f90b74a1000,0x00007f90b75a2000)]
  0x00007f90d02ba000 JavaThread "Common-Cleaner" daemon [_thread_blocked, id=353715, stack(0x00007f90b729e000,0x00007f90b739f000)]

Other Threads:
=>0x00007f90d009d000 VMThread "VM Thread" [stack: 0x00007f90b7e91000,0x00007f90b7f91000] [id=353706]
  0x00007f90d029a000 WatcherThread [stack: 0x00007f90b73a1000,0x00007f90b74a1000] [id=353714]

Threads with active compile tasks:

VM state:at safepoint (normal execution)

VM Mutex/Monitor currently owned by a thread:  ([mutex/lock_event])
[0x00007f90d0028720] Safepoint_lock - owner thread: 0x00007f90d009d000
[0x00007f90d00287b0] Threads_lock - owner thread: 0x00007f90d009d000

Heap address: 0x0000000400000000, size: 16384 MB, Compressed Oops mode: Zero based, Oop shift amount: 3
Narrow klass base: 0x0000000800000000, Narrow klass shift: 0
Compressed class space size: 1073741824 Address: 0x0000000800000000

Heap:
Epsilon Heap
Allocation space:
 Metaspace       used 7635K, capacity 7757K, committed 7808K, reserved 1056768K
  class space    used 594K, capacity 629K, committed 640K, reserved 1048576K


Polling page: 0x00007f90d599d000

Metaspace:

Usage:
  Non-class:      6,96 MB capacity,     6,88 MB ( 99%) used,    83,45 KB (  1%) free+waste,     3,56 KB ( <1%) overhead. 
      Class:    629,00 KB capacity,   594,90 KB ( 95%) used,    32,85 KB (  5%) free+waste,     1,25 KB ( <1%) overhead. 
       Both:      7,58 MB capacity,     7,46 MB ( 98%) used,   116,30 KB (  1%) free+waste,     4,81 KB ( <1%) overhead. 

Virtual space:
  Non-class space:        8,00 MB reserved,       7,00 MB ( 88%) committed 
      Class space:        1,00 GB reserved,     640,00 KB ( <1%) committed 
             Both:        1,01 GB reserved,       7,62 MB ( <1%) committed 

Chunk freelists:
   Non-Class:  32,00 KB
       Class:  11,00 KB
        Both:  43,00 KB

MaxMetaspaceSize: unlimited
CompressedClassSpaceSize: 1,00 GB
Initial GC threshold: 20,80 MB
Current GC threshold: 20,80 MB
CDS: off

CodeHeap 'non-profiled nmethods': size=120032Kb used=187Kb max_used=187Kb free=119844Kb
 bounds [0x00007f90c02da000, 0x00007f90c054a000, 0x00007f90c7812000]
CodeHeap 'profiled nmethods': size=120028Kb used=963Kb max_used=963Kb free=119064Kb
 bounds [0x00007f90b8da3000, 0x00007f90b9013000, 0x00007f90c02da000]
CodeHeap 'non-nmethods': size=5700Kb used=1078Kb max_used=1091Kb free=4621Kb
 bounds [0x00007f90b8812000, 0x00007f90b8a82000, 0x00007f90b8da3000]
 total_blobs=835 nmethods=512 adapters=240
 compilation: enabled
              stopped_count=0, restarted_count=0
 full_count=0

Compilation events (20 events):
Event: 147,863 Thread 0x00007f90d00e2000  504       4       java.util.HashMap::putVal (300 bytes)
Event: 147,874 Thread 0x00007f90d00e2000 nmethod 504 0x00007f90c0307e10 code [0x00007f90c0308020, 0x00007f90c03086d0]
Event: 148,717 Thread 0x00007f90d00e4800  505       3       java.util.jar.JarFile::getManEntry (91 bytes)
Event: 148,720 Thread 0x00007f90d00e4800 nmethod 505 0x00007f90b8e88c10 code [0x00007f90b8e88ee0, 0x00007f90b8e89d50]
Event: 149,473 Thread 0x00007f90d00e4800  506       3       jdk.internal.util.jar.JarIndex::addToList (59 bytes)
Event: 149,475 Thread 0x00007f90d00e4800 nmethod 506 0x00007f90b8e8a290 code [0x00007f90b8e8a520, 0x00007f90b8e8afb0]
Event: 149,475 Thread 0x00007f90d00e4800  507       3       java.util.LinkedList::add (7 bytes)
Event: 149,476 Thread 0x00007f90d00e4800 nmethod 507 0x00007f90b8e8b390 code [0x00007f90b8e8b540, 0x00007f90b8e8b660]
Event: 149,476 Thread 0x00007f90d00e4800  508       3       java.util.LinkedList$Node::<init> (20 bytes)
Event: 149,476 Thread 0x00007f90d00e4800 nmethod 508 0x00007f90b8e8b710 code [0x00007f90b8e8b8c0, 0x00007f90b8e8ba30]
Event: 149,821 Thread 0x00007f90d00e4800  509   !   3       java.util.jar.JarFile::getBytes (182 bytes)
Event: 149,825 Thread 0x00007f90d00e4800 nmethod 509 0x00007f90b8e8bb10 code [0x00007f90b8e8bee0, 0x00007f90b8e8d5b0]
Event: 150,650 Thread 0x00007f90d00e4800  510       3       java.nio.ByteBuffer::array (35 bytes)
Event: 150,651 Thread 0x00007f90d00e4800 nmethod 510 0x00007f90b8e8e190 code [0x00007f90b8e8e360, 0x00007f90b8e8e5d0]
Event: 151,745 Thread 0x00007f90d00e4800  511       3       java.nio.ByteBuffer::limit (8 bytes)
Event: 151,745 Thread 0x00007f90d00e4800 nmethod 511 0x00007f90b8e8e710 code [0x00007f90b8e8e8c0, 0x00007f90b8e8ea00]
Event: 151,746 Thread 0x00007f90d00e4800  512       3       java.nio.ByteOrder::nativeOrder (4 bytes)
Event: 151,746 Thread 0x00007f90d00e4800 nmethod 512 0x00007f90b8e8ea90 code [0x00007f90b8e8ec40, 0x00007f90b8e8ed30]
Event: 151,864 Thread 0x00007f90d00e4800  513   !   3       java.util.zip.ZipFile$Source::findEND (662 bytes)
Event: 151,872 Thread 0x00007f90d00e4800 nmethod 513 0x00007f90b8e8ed90 code [0x00007f90b8e8f2e0, 0x00007f90b8e925e0]

GC Heap History (0 events):
No events

Deoptimization events (20 events):
Event: 53,684 Thread 0x00007f90d002c000 DEOPT PACKING pc=0x00007f90b8de75cf sp=0x00007f90d4435860
Event: 53,684 Thread 0x00007f90d002c000 DEOPT UNPACKING pc=0x00007f90b885c62b sp=0x00007f90d4434d20 mode 0
Event: 55,352 Thread 0x00007f90d002c000 DEOPT PACKING pc=0x00007f90b8dfdcda sp=0x00007f90d4434450
Event: 55,352 Thread 0x00007f90d002c000 DEOPT UNPACKING pc=0x00007f90b885c62b sp=0x00007f90d44338d8 mode 0
Event: 87,523 Thread 0x00007f90d002c000 DEOPT PACKING pc=0x00007f90b8db18f0 sp=0x00007f90d4434540
Event: 87,523 Thread 0x00007f90d002c000 DEOPT UNPACKING pc=0x00007f90b885c62b sp=0x00007f90d4433a58 mode 0
Event: 146,581 Thread 0x00007f90d002c000 Uncommon trap: trap_request=0xffffff4d fr.pc=0x00007f90c02fee20 relative=0x00000000000002e0
Event: 146,581 Thread 0x00007f90d002c000 Uncommon trap: reason=unstable_if action=reinterpret pc=0x00007f90c02fee20 method=jdk.internal.loader.URLClassPath.getLoader(I)Ljdk/internal/loader/URLClassPath$Loader; @ 19 c2
Event: 146,581 Thread 0x00007f90d002c000 DEOPT PACKING pc=0x00007f90c02fee20 sp=0x00007f90d44333d0
Event: 146,581 Thread 0x00007f90d002c000 DEOPT UNPACKING pc=0x00007f90b885be9f sp=0x00007f90d4433358 mode 2
Event: 146,930 Thread 0x00007f90d002c000 Uncommon trap: trap_request=0xffffff4d fr.pc=0x00007f90c02f1ff0 relative=0x0000000000001350
Event: 146,930 Thread 0x00007f90d002c000 Uncommon trap: reason=unstable_if action=reinterpret pc=0x00007f90c02f1ff0 method=java.util.zip.ZipFile$Source.initCEN(ILjava/util/zip/ZipCoder;)V @ 621 c2
Event: 146,930 Thread 0x00007f90d002c000 DEOPT PACKING pc=0x00007f90c02f1ff0 sp=0x00007f90d442ff50
Event: 146,930 Thread 0x00007f90d002c000 DEOPT UNPACKING pc=0x00007f90b885be9f sp=0x00007f90d442fef8 mode 2
Event: 146,934 Thread 0x00007f90d002c000 Uncommon trap: trap_request=0xffffff4d fr.pc=0x00007f90c02fe0c0 relative=0x00000000000006a0
Event: 146,935 Thread 0x00007f90d002c000 Uncommon trap: reason=unstable_if action=reinterpret pc=0x00007f90c02fe0c0 method=java.util.jar.JarFile.checkForSpecialAttributes()V @ 28 c2
Event: 146,935 Thread 0x00007f90d002c000 DEOPT PACKING pc=0x00007f90c02fe0c0 sp=0x00007f90d44302a0
Event: 146,935 Thread 0x00007f90d002c000 DEOPT UNPACKING pc=0x00007f90b885be9f sp=0x00007f90d44301d8 mode 2
Event: 150,493 Thread 0x00007f90d002c000 DEOPT PACKING pc=0x00007f90b8e84533 sp=0x00007f90d442fde0
Event: 150,493 Thread 0x00007f90d002c000 DEOPT UNPACKING pc=0x00007f90b885c62b sp=0x00007f90d442f3f0 mode 0

Classes redefined (0 events):
No events

Internal exceptions (20 events):
Event: 33,299 Thread 0x00007f90d002c000 Exception <a 'java/security/PrivilegedActionException'{0x000000040043d6e8}> (0x000000040043d6e8) thrown at [src/hotspot/share/prims/jvm.cpp, line 1304]
Event: 33,301 Thread 0x00007f90d002c000 Exception <a 'java/security/PrivilegedActionException'{0x000000040043da18}> (0x000000040043da18) thrown at [src/hotspot/share/prims/jvm.cpp, line 1304]
Event: 33,400 Thread 0x00007f90d002c000 Exception <a 'java/security/PrivilegedActionException'{0x000000040043e6a0}> (0x000000040043e6a0) thrown at [src/hotspot/share/prims/jvm.cpp, line 1304]
Event: 33,402 Thread 0x00007f90d002c000 Exception <a 'java/security/PrivilegedActionException'{0x000000040043e9d0}> (0x000000040043e9d0) thrown at [src/hotspot/share/prims/jvm.cpp, line 1304]
Event: 33,459 Thread 0x00007f90d002c000 Exception <a 'java/security/PrivilegedActionException'{0x000000040043f660}> (0x000000040043f660) thrown at [src/hotspot/share/prims/jvm.cpp, line 1304]
Event: 33,461 Thread 0x00007f90d002c000 Exception <a 'java/security/PrivilegedActionException'{0x000000040043f990}> (0x000000040043f990) thrown at [src/hotspot/share/prims/jvm.cpp, line 1304]
Event: 33,516 Thread 0x00007f90d002c000 Exception <a 'java/security/PrivilegedActionException'{0x0000000400440620}> (0x0000000400440620) thrown at [src/hotspot/share/prims/jvm.cpp, line 1304]
Event: 33,517 Thread 0x00007f90d002c000 Exception <a 'java/security/PrivilegedActionException'{0x0000000400440950}> (0x0000000400440950) thrown at [src/hotspot/share/prims/jvm.cpp, line 1304]
Event: 34,903 Thread 0x00007f90d002c000 Exception <a 'java/security/PrivilegedActionException'{0x0000000400523178}> (0x0000000400523178) thrown at [src/hotspot/share/prims/jvm.cpp, line 1304]
Event: 34,904 Thread 0x00007f90d002c000 Exception <a 'java/security/PrivilegedActionException'{0x00000004005234a8}> (0x00000004005234a8) thrown at [src/hotspot/share/prims/jvm.cpp, line 1304]
Event: 35,069 Thread 0x00007f90d002c000 Exception <a 'java/security/PrivilegedActionException'{0x0000000400527018}> (0x0000000400527018) thrown at [src/hotspot/share/prims/jvm.cpp, line 1304]
Event: 35,071 Thread 0x00007f90d002c000 Exception <a 'java/security/PrivilegedActionException'{0x0000000400527348}> (0x0000000400527348) thrown at [src/hotspot/share/prims/jvm.cpp, line 1304]
Event: 35,079 Thread 0x00007f90d002c000 Exception <a 'java/security/PrivilegedActionException'{0x0000000400527fd8}> (0x0000000400527fd8) thrown at [src/hotspot/share/prims/jvm.cpp, line 1304]
Event: 35,080 Thread 0x00007f90d002c000 Exception <a 'java/security/PrivilegedActionException'{0x0000000400528308}> (0x0000000400528308) thrown at [src/hotspot/share/prims/jvm.cpp, line 1304]
Event: 41,448 Thread 0x00007f90d002c000 Exception <a 'java/security/PrivilegedActionException'{0x00000004008e4880}> (0x00000004008e4880) thrown at [src/hotspot/share/prims/jvm.cpp, line 1304]
Event: 41,450 Thread 0x00007f90d002c000 Exception <a 'java/security/PrivilegedActionException'{0x00000004008e4bb0}> (0x00000004008e4bb0) thrown at [src/hotspot/share/prims/jvm.cpp, line 1304]
Event: 41,504 Thread 0x00007f90d002c000 Exception <a 'java/security/PrivilegedActionException'{0x00000004008e5820}> (0x00000004008e5820) thrown at [src/hotspot/share/prims/jvm.cpp, line 1304]
Event: 41,506 Thread 0x00007f90d002c000 Exception <a 'java/security/PrivilegedActionException'{0x00000004008e5b50}> (0x00000004008e5b50) thrown at [src/hotspot/share/prims/jvm.cpp, line 1304]
Event: 133,020 Thread 0x00007f90d002c000 Exception <a 'java/lang/NoSuchMethodError'{0x00000004014d0f48}: 'void java.lang.invoke.DirectMethodHandle$Holder.invokeStatic(java.lang.Object, int)'> (0x00000004014d0f48) thrown at [src/hotspot/share/interpreter/linkResolver.cpp, line 772]
Event: 146,930 Thread 0x00007f90d002c000 Implicit null exception at 0x00007f90c02f15e1 to 0x00007f90c02f1fd8

Events (20 events):
Event: 142,524 loading class scala/math/Ordering
Event: 142,524 loading class scala/math/Ordering done
Event: 142,878 loading class scala/math/PartialOrdering
Event: 142,878 loading class scala/math/PartialOrdering done
Event: 143,285 loading class scala/math/Equiv
Event: 143,285 loading class scala/math/Equiv done
Event: 143,650 loading class java/net/MalformedURLException
Event: 143,651 loading class java/net/MalformedURLException done
Event: 143,657 loading class scala/runtime/NonLocalReturnControl
Event: 143,657 loading class scala/runtime/NonLocalReturnControl done
Event: 144,001 loading class scala/util/control/ControlThrowable
Event: 144,001 loading class scala/util/control/ControlThrowable done
Event: 144,302 loading class scala/util/control/NoStackTrace
Event: 144,302 loading class scala/util/control/NoStackTrace done
Event: 144,800 loading class org/apache/spark/util/Utils$$anon$4
Event: 144,800 loading class org/apache/spark/util/Utils$$anon$4 done
Event: 145,665 loading class org/sparkproject/guava/cache/CacheLoader
Event: 145,665 loading class org/sparkproject/guava/cache/CacheLoader done
Event: 146,934 Executing VM operation: RevokeBias
Event: 146,934 Executing VM operation: RevokeBias done


Dynamic libraries:
400000000-800000000 rw-s 00000000 00:05 488                              /dev/fakeblk
800000000-8000a0000 rw-p 00000000 00:00 0 
8000a0000-840000000 ---p 00000000 00:00 0 
55cfe1939000-55cfe193a000 r--p 00000000 08:01 2369019                    /home/adam/jdk11u/build/linux-x86_64-normal-server-release/images/jdk/bin/java
55cfe193a000-55cfe193b000 r-xp 00001000 08:01 2369019                    /home/adam/jdk11u/build/linux-x86_64-normal-server-release/images/jdk/bin/java
55cfe193b000-55cfe193c000 r--p 00002000 08:01 2369019                    /home/adam/jdk11u/build/linux-x86_64-normal-server-release/images/jdk/bin/java
55cfe193c000-55cfe193d000 r--p 00002000 08:01 2369019                    /home/adam/jdk11u/build/linux-x86_64-normal-server-release/images/jdk/bin/java
55cfe193d000-55cfe193e000 rw-p 00003000 08:01 2369019                    /home/adam/jdk11u/build/linux-x86_64-normal-server-release/images/jdk/bin/java
55cfe2a41000-55cfe2a83000 rw-p 00000000 00:00 0                          [heap]
7f9088000000-7f9088021000 rw-p 00000000 00:00 0 
7f9088021000-7f908c000000 ---p 00000000 00:00 0 
7f9090000000-7f9090021000 rw-p 00000000 00:00 0 
7f9090021000-7f9094000000 ---p 00000000 00:00 0 
7f9094000000-7f9094021000 rw-p 00000000 00:00 0 
7f9094021000-7f9098000000 ---p 00000000 00:00 0 
7f9098000000-7f9098587000 rw-p 00000000 00:00 0 
7f9098587000-7f909c000000 ---p 00000000 00:00 0 
7f909c000000-7f909c613000 rw-p 00000000 00:00 0 
7f909c613000-7f90a0000000 ---p 00000000 00:00 0 
7f90a0000000-7f90a0021000 rw-p 00000000 00:00 0 
7f90a0021000-7f90a4000000 ---p 00000000 00:00 0 
7f90a4000000-7f90a4021000 rw-p 00000000 00:00 0 
7f90a4021000-7f90a8000000 ---p 00000000 00:00 0 
7f90a8000000-7f90a8021000 rw-p 00000000 00:00 0 
7f90a8021000-7f90ac000000 ---p 00000000 00:00 0 
7f90ac000000-7f90ac021000 rw-p 00000000 00:00 0 
7f90ac021000-7f90b0000000 ---p 00000000 00:00 0 
7f90b0000000-7f90b0021000 rw-p 00000000 00:00 0 
7f90b0021000-7f90b4000000 ---p 00000000 00:00 0 
7f90b6ea3000-7f90b7272000 rw-p 00000000 00:00 0 
7f90b7272000-7f90b7276000 r--p 00000000 08:01 2369040                    /home/adam/jdk11u/build/linux-x86_64-normal-server-release/images/jdk/lib/libnet.so
7f90b7276000-7f90b7285000 r-xp 00004000 08:01 2369040                    /home/adam/jdk11u/build/linux-x86_64-normal-server-release/images/jdk/lib/libnet.so
7f90b7285000-7f90b7289000 r--p 00013000 08:01 2369040                    /home/adam/jdk11u/build/linux-x86_64-normal-server-release/images/jdk/lib/libnet.so
7f90b7289000-7f90b728a000 r--p 00016000 08:01 2369040                    /home/adam/jdk11u/build/linux-x86_64-normal-server-release/images/jdk/lib/libnet.so
7f90b728a000-7f90b728b000 rw-p 00017000 08:01 2369040                    /home/adam/jdk11u/build/linux-x86_64-normal-server-release/images/jdk/lib/libnet.so
7f90b728b000-7f90b7292000 r--p 00000000 08:01 2369030                    /home/adam/jdk11u/build/linux-x86_64-normal-server-release/images/jdk/lib/libnio.so
7f90b7292000-7f90b7299000 r-xp 00007000 08:01 2369030                    /home/adam/jdk11u/build/linux-x86_64-normal-server-release/images/jdk/lib/libnio.so
7f90b7299000-7f90b729c000 r--p 0000e000 08:01 2369030                    /home/adam/jdk11u/build/linux-x86_64-normal-server-release/images/jdk/lib/libnio.so
7f90b729c000-7f90b729d000 r--p 00010000 08:01 2369030                    /home/adam/jdk11u/build/linux-x86_64-normal-server-release/images/jdk/lib/libnio.so
7f90b729d000-7f90b729e000 rw-p 00011000 08:01 2369030                    /home/adam/jdk11u/build/linux-x86_64-normal-server-release/images/jdk/lib/libnio.so
7f90b729e000-7f90b72a2000 ---p 00000000 00:00 0 
7f90b72a2000-7f90b739f000 rw-p 00000000 00:00 0 
7f90b739f000-7f90b73a0000 ---p 00000000 00:00 0 
7f90b73a0000-7f90b74a1000 rw-p 00000000 00:00 0 
7f90b74a1000-7f90b74a5000 ---p 00000000 00:00 0 
7f90b74a5000-7f90b75a2000 rw-p 00000000 00:00 0 
7f90b75a2000-7f90b75a6000 ---p 00000000 00:00 0 
7f90b75a6000-7f90b76a3000 rw-p 00000000 00:00 0 
7f90b76a3000-7f90b76a7000 ---p 00000000 00:00 0 
7f90b76a7000-7f90b77a4000 rw-p 00000000 00:00 0 
7f90b77a4000-7f90b77a8000 ---p 00000000 00:00 0 
7f90b77a8000-7f90b78a5000 rw-p 00000000 00:00 0 
7f90b78a5000-7f90b78a9000 ---p 00000000 00:00 0 
7f90b78a9000-7f90b79a6000 rw-p 00000000 00:00 0 
7f90b79a6000-7f90b7c8d000 r--p 00000000 08:01 2884038                    /usr/lib/locale/locale-archive
7f90b7c8d000-7f90b7c91000 ---p 00000000 00:00 0 
7f90b7c91000-7f90b7d8e000 rw-p 00000000 00:00 0 
7f90b7d8e000-7f90b7d92000 ---p 00000000 00:00 0 
7f90b7d92000-7f90b7e8f000 rw-p 00000000 00:00 0 
7f90b7e8f000-7f90b7e90000 ---p 00000000 00:00 0 
7f90b7e90000-7f90b8712000 rw-p 00000000 00:00 0 
7f90b8712000-7f90b8812000 ---p 00000000 00:00 0 
7f90b8812000-7f90b8a82000 rwxp 00000000 00:00 0 
7f90b8a82000-7f90b8da3000 ---p 00000000 00:00 0 
7f90b8da3000-7f90b9013000 rwxp 00000000 00:00 0 
7f90b9013000-7f90c02da000 ---p 00000000 00:00 0 
7f90c02da000-7f90c054a000 rwxp 00000000 00:00 0 
7f90c054a000-7f90c7812000 ---p 00000000 00:00 0 
7f90c7812000-7f90d0000000 r--s 00000000 08:01 2368955                    /home/adam/jdk11u/build/linux-x86_64-normal-server-release/images/jdk/lib/modules
7f90d0000000-7f90d2237000 rw-p 00000000 00:00 0 
7f90d2237000-7f90d4000000 ---p 00000000 00:00 0 
7f90d4006000-7f90d400d000 r--s 00000000 08:01 2886532                    /usr/lib/x86_64-linux-gnu/gconv/gconv-modules.cache
7f90d400d000-7f90d40d7000 rw-p 00000000 00:00 0 
7f90d40d7000-7f90d41bd000 ---p 00000000 00:00 0 
7f90d41bd000-7f90d41c2000 rw-p 00000000 00:00 0 
7f90d41c2000-7f90d42a8000 ---p 00000000 00:00 0 
7f90d42a8000-7f90d42ad000 rw-p 00000000 00:00 0 
7f90d42ad000-7f90d42b4000 ---p 00000000 00:00 0 
7f90d42b4000-7f90d42b7000 r--p 00000000 08:01 2884294                    /usr/lib/x86_64-linux-gnu/libnss_files-2.31.so
7f90d42b7000-7f90d42be000 r-xp 00003000 08:01 2884294                    /usr/lib/x86_64-linux-gnu/libnss_files-2.31.so
7f90d42be000-7f90d42c0000 r--p 0000a000 08:01 2884294                    /usr/lib/x86_64-linux-gnu/libnss_files-2.31.so
7f90d42c0000-7f90d42c1000 r--p 0000b000 08:01 2884294                    /usr/lib/x86_64-linux-gnu/libnss_files-2.31.so
7f90d42c1000-7f90d42c2000 rw-p 0000c000 08:01 2884294                    /usr/lib/x86_64-linux-gnu/libnss_files-2.31.so
7f90d42c2000-7f90d42c8000 rw-p 00000000 00:00 0 
7f90d42cc000-7f90d42ce000 r--p 00000000 08:01 2369024                    /home/adam/jdk11u/build/linux-x86_64-normal-server-release/images/jdk/lib/libzip.so
7f90d42ce000-7f90d42d2000 r-xp 00002000 08:01 2369024                    /home/adam/jdk11u/build/linux-x86_64-normal-server-release/images/jdk/lib/libzip.so
7f90d42d2000-7f90d42d4000 r--p 00006000 08:01 2369024                    /home/adam/jdk11u/build/linux-x86_64-normal-server-release/images/jdk/lib/libzip.so
7f90d42d4000-7f90d42d5000 r--p 00007000 08:01 2369024                    /home/adam/jdk11u/build/linux-x86_64-normal-server-release/images/jdk/lib/libzip.so
7f90d42d5000-7f90d42d6000 rw-p 00008000 08:01 2369024                    /home/adam/jdk11u/build/linux-x86_64-normal-server-release/images/jdk/lib/libzip.so
7f90d42d6000-7f90d42de000 rw-s 00000000 08:01 262396                     /tmp/hsperfdata_root/353704
7f90d42de000-7f90d42e2000 r--p 00000000 08:01 2369020                    /home/adam/jdk11u/build/linux-x86_64-normal-server-release/images/jdk/lib/libjimage.so
7f90d42e2000-7f90d42f5000 r-xp 00004000 08:01 2369020                    /home/adam/jdk11u/build/linux-x86_64-normal-server-release/images/jdk/lib/libjimage.so
7f90d42f5000-7f90d42fb000 r--p 00017000 08:01 2369020                    /home/adam/jdk11u/build/linux-x86_64-normal-server-release/images/jdk/lib/libjimage.so
7f90d42fb000-7f90d42fd000 r--p 0001c000 08:01 2369020                    /home/adam/jdk11u/build/linux-x86_64-normal-server-release/images/jdk/lib/libjimage.so
7f90d42fd000-7f90d42fe000 rw-p 0001e000 08:01 2369020                    /home/adam/jdk11u/build/linux-x86_64-normal-server-release/images/jdk/lib/libjimage.so
7f90d42fe000-7f90d430c000 r--p 00000000 08:01 2369039                    /home/adam/jdk11u/build/linux-x86_64-normal-server-release/images/jdk/lib/libjava.so
7f90d430c000-7f90d4322000 r-xp 0000e000 08:01 2369039                    /home/adam/jdk11u/build/linux-x86_64-normal-server-release/images/jdk/lib/libjava.so
7f90d4322000-7f90d4329000 r--p 00024000 08:01 2369039                    /home/adam/jdk11u/build/linux-x86_64-normal-server-release/images/jdk/lib/libjava.so
7f90d4329000-7f90d432a000 r--p 0002a000 08:01 2369039                    /home/adam/jdk11u/build/linux-x86_64-normal-server-release/images/jdk/lib/libjava.so
7f90d432a000-7f90d432b000 rw-p 0002b000 08:01 2369039                    /home/adam/jdk11u/build/linux-x86_64-normal-server-release/images/jdk/lib/libjava.so
7f90d432b000-7f90d432c000 rw-p 00000000 00:00 0 
7f90d432c000-7f90d432f000 r--p 00000000 08:01 2884300                    /usr/lib/x86_64-linux-gnu/librt-2.31.so
7f90d432f000-7f90d4333000 r-xp 00003000 08:01 2884300                    /usr/lib/x86_64-linux-gnu/librt-2.31.so
7f90d4333000-7f90d4334000 r--p 00007000 08:01 2884300                    /usr/lib/x86_64-linux-gnu/librt-2.31.so
7f90d4334000-7f90d4335000 ---p 00008000 08:01 2884300                    /usr/lib/x86_64-linux-gnu/librt-2.31.so
7f90d4335000-7f90d4336000 r--p 00008000 08:01 2884300                    /usr/lib/x86_64-linux-gnu/librt-2.31.so
7f90d4336000-7f90d4337000 rw-p 00009000 08:01 2884300                    /usr/lib/x86_64-linux-gnu/librt-2.31.so
7f90d4337000-7f90d433b000 ---p 00000000 00:00 0 
7f90d433b000-7f90d4438000 rw-p 00000000 00:00 0 
7f90d4438000-7f90d4447000 r--p 00000000 08:01 2884285                    /usr/lib/x86_64-linux-gnu/libm-2.31.so
7f90d4447000-7f90d44e1000 r-xp 0000f000 08:01 2884285                    /usr/lib/x86_64-linux-gnu/libm-2.31.so
7f90d44e1000-7f90d457a000 r--p 000a9000 08:01 2884285                    /usr/lib/x86_64-linux-gnu/libm-2.31.so
7f90d457a000-7f90d457b000 r--p 00141000 08:01 2884285                    /usr/lib/x86_64-linux-gnu/libm-2.31.so
7f90d457b000-7f90d457c000 rw-p 00142000 08:01 2884285                    /usr/lib/x86_64-linux-gnu/libm-2.31.so
7f90d457c000-7f90d47f8000 r--p 00000000 08:01 2369022                    /home/adam/jdk11u/build/linux-x86_64-normal-server-release/images/jdk/lib/server/libjvm.so
7f90d47f8000-7f90d53e6000 r-xp 0027c000 08:01 2369022                    /home/adam/jdk11u/build/linux-x86_64-normal-server-release/images/jdk/lib/server/libjvm.so
7f90d53e6000-7f90d563b000 r--p 00e6a000 08:01 2369022                    /home/adam/jdk11u/build/linux-x86_64-normal-server-release/images/jdk/lib/server/libjvm.so
7f90d563b000-7f90d56fe000 r--p 010be000 08:01 2369022                    /home/adam/jdk11u/build/linux-x86_64-normal-server-release/images/jdk/lib/server/libjvm.so
7f90d56fe000-7f90d5738000 rw-p 01181000 08:01 2369022                    /home/adam/jdk11u/build/linux-x86_64-normal-server-release/images/jdk/lib/server/libjvm.so
7f90d5738000-7f90d5791000 rw-p 00000000 00:00 0 
7f90d5791000-7f90d5798000 r--p 00000000 08:01 2884297                    /usr/lib/x86_64-linux-gnu/libpthread-2.31.so
7f90d5798000-7f90d57a8000 r-xp 00007000 08:01 2884297                    /usr/lib/x86_64-linux-gnu/libpthread-2.31.so
7f90d57a8000-7f90d57ad000 r--p 00017000 08:01 2884297                    /usr/lib/x86_64-linux-gnu/libpthread-2.31.so
7f90d57ad000-7f90d57ae000 r--p 0001b000 08:01 2884297                    /usr/lib/x86_64-linux-gnu/libpthread-2.31.so
7f90d57ae000-7f90d57af000 rw-p 0001c000 08:01 2884297                    /usr/lib/x86_64-linux-gnu/libpthread-2.31.so
7f90d57af000-7f90d57b3000 rw-p 00000000 00:00 0 
7f90d57b3000-7f90d57b4000 r--p 00000000 08:01 2884284                    /usr/lib/x86_64-linux-gnu/libdl-2.31.so
7f90d57b4000-7f90d57b6000 r-xp 00001000 08:01 2884284                    /usr/lib/x86_64-linux-gnu/libdl-2.31.so
7f90d57b6000-7f90d57b7000 r--p 00003000 08:01 2884284                    /usr/lib/x86_64-linux-gnu/libdl-2.31.so
7f90d57b7000-7f90d57b8000 r--p 00003000 08:01 2884284                    /usr/lib/x86_64-linux-gnu/libdl-2.31.so
7f90d57b8000-7f90d57b9000 rw-p 00004000 08:01 2884284                    /usr/lib/x86_64-linux-gnu/libdl-2.31.so
7f90d57b9000-7f90d57bc000 r--p 00000000 08:01 2885790                    /usr/lib/x86_64-linux-gnu/libz.so.1.2.11
7f90d57bc000-7f90d57cd000 r-xp 00003000 08:01 2885790                    /usr/lib/x86_64-linux-gnu/libz.so.1.2.11
7f90d57cd000-7f90d57d3000 r--p 00014000 08:01 2885790                    /usr/lib/x86_64-linux-gnu/libz.so.1.2.11
7f90d57d3000-7f90d57d4000 ---p 0001a000 08:01 2885790                    /usr/lib/x86_64-linux-gnu/libz.so.1.2.11
7f90d57d4000-7f90d57d5000 r--p 0001a000 08:01 2885790                    /usr/lib/x86_64-linux-gnu/libz.so.1.2.11
7f90d57d5000-7f90d57d6000 rw-p 0001b000 08:01 2885790                    /usr/lib/x86_64-linux-gnu/libz.so.1.2.11
7f90d57d6000-7f90d57fb000 r--p 00000000 08:01 2883610                    /usr/lib/x86_64-linux-gnu/libc-2.31.so
7f90d57fb000-7f90d5946000 r-xp 00025000 08:01 2883610                    /usr/lib/x86_64-linux-gnu/libc-2.31.so
7f90d5946000-7f90d5990000 r--p 00170000 08:01 2883610                    /usr/lib/x86_64-linux-gnu/libc-2.31.so
7f90d5990000-7f90d5991000 ---p 001ba000 08:01 2883610                    /usr/lib/x86_64-linux-gnu/libc-2.31.so
7f90d5991000-7f90d5994000 r--p 001ba000 08:01 2883610                    /usr/lib/x86_64-linux-gnu/libc-2.31.so
7f90d5994000-7f90d5997000 rw-p 001bd000 08:01 2883610                    /usr/lib/x86_64-linux-gnu/libc-2.31.so
7f90d5997000-7f90d599b000 rw-p 00000000 00:00 0 
7f90d599d000-7f90d599e000 ---p 00000000 00:00 0 
7f90d599e000-7f90d599f000 r--p 00000000 00:00 0 
7f90d599f000-7f90d59a4000 r--p 00000000 08:01 2369025                    /home/adam/jdk11u/build/linux-x86_64-normal-server-release/images/jdk/lib/libverify.so
7f90d59a4000-7f90d59ab000 r-xp 00005000 08:01 2369025                    /home/adam/jdk11u/build/linux-x86_64-normal-server-release/images/jdk/lib/libverify.so
7f90d59ab000-7f90d59ad000 r--p 0000c000 08:01 2369025                    /home/adam/jdk11u/build/linux-x86_64-normal-server-release/images/jdk/lib/libverify.so
7f90d59ad000-7f90d59ae000 ---p 0000e000 08:01 2369025                    /home/adam/jdk11u/build/linux-x86_64-normal-server-release/images/jdk/lib/libverify.so
7f90d59ae000-7f90d59b0000 r--p 0000e000 08:01 2369025                    /home/adam/jdk11u/build/linux-x86_64-normal-server-release/images/jdk/lib/libverify.so
7f90d59b0000-7f90d59b1000 rw-p 00010000 08:01 2369025                    /home/adam/jdk11u/build/linux-x86_64-normal-server-release/images/jdk/lib/libverify.so
7f90d59b1000-7f90d59b4000 r--p 00000000 08:01 2369031                    /home/adam/jdk11u/build/linux-x86_64-normal-server-release/images/jdk/lib/jli/libjli.so
7f90d59b4000-7f90d59be000 r-xp 00003000 08:01 2369031                    /home/adam/jdk11u/build/linux-x86_64-normal-server-release/images/jdk/lib/jli/libjli.so
7f90d59be000-7f90d59c1000 r--p 0000d000 08:01 2369031                    /home/adam/jdk11u/build/linux-x86_64-normal-server-release/images/jdk/lib/jli/libjli.so
7f90d59c1000-7f90d59c2000 ---p 00010000 08:01 2369031                    /home/adam/jdk11u/build/linux-x86_64-normal-server-release/images/jdk/lib/jli/libjli.so
7f90d59c2000-7f90d59c3000 r--p 00010000 08:01 2369031                    /home/adam/jdk11u/build/linux-x86_64-normal-server-release/images/jdk/lib/jli/libjli.so
7f90d59c3000-7f90d59c4000 rw-p 00011000 08:01 2369031                    /home/adam/jdk11u/build/linux-x86_64-normal-server-release/images/jdk/lib/jli/libjli.so
7f90d59c4000-7f90d59c6000 rw-p 00000000 00:00 0 
7f90d59c6000-7f90d59c7000 r--p 00000000 08:01 2883605                    /usr/lib/x86_64-linux-gnu/ld-2.31.so
7f90d59c7000-7f90d59e7000 r-xp 00001000 08:01 2883605                    /usr/lib/x86_64-linux-gnu/ld-2.31.so
7f90d59e7000-7f90d59ef000 r--p 00021000 08:01 2883605                    /usr/lib/x86_64-linux-gnu/ld-2.31.so
7f90d59f0000-7f90d59f1000 r--p 00029000 08:01 2883605                    /usr/lib/x86_64-linux-gnu/ld-2.31.so
7f90d59f1000-7f90d59f2000 rw-p 0002a000 08:01 2883605                    /usr/lib/x86_64-linux-gnu/ld-2.31.so
7f90d59f2000-7f90d59f3000 rw-p 00000000 00:00 0 
7ffc9b19e000-7ffc9b1bf000 rw-p 00000000 00:00 0                          [stack]
7ffc9b1f2000-7ffc9b1f6000 r--p 00000000 00:00 0                          [vvar]
7ffc9b1f6000-7ffc9b1f8000 r-xp 00000000 00:00 0                          [vdso]


VM Arguments:
jvm_args: -XX:AllocateHeapAt=/dev/fakeblk -Xlog:gc=debug -XX:+UnlockExperimentalVMOptions -XX:-UseTLAB -XX:+UseEpsilonGC -Xmx16g 
java_command: org.apache.spark.deploy.SparkSubmit --master local[*] --class WordCount /home/adam/Spark_benchmark/spark_run/run.jar
java_class_path (initial): /home/adam/Spark_benchmark/spark_blk/conf/:/home/adam/Spark_benchmark/spark_blk/jars/hadoop-auth-2.7.4.jar:/home/adam/Spark_benchmark/spark_blk/jars/hadoop-yarn-server-web-proxy-2.7.4.jar:/home/adam/Spark_benchmark/spark_blk/jars/jsr305-3.0.0.jar:/home/adam/Spark_benchmark/spark_blk/jars/py4j-0.10.9.jar:/home/adam/Spark_benchmark/spark_blk/jars/aopalliance-1.0.jar:/home/adam/Spark_benchmark/spark_blk/jars/jersey-server-2.30.jar:/home/adam/Spark_benchmark/spark_blk/jars/hive-beeline-2.3.7.jar:/home/adam/Spark_benchmark/spark_blk/jars/stream-2.9.6.jar:/home/adam/Spark_benchmark/spark_blk/jars/chill_2.12-0.9.5.jar:/home/adam/Spark_benchmark/spark_blk/jars/curator-recipes-2.7.1.jar:/home/adam/Spark_benchmark/spark_blk/jars/spark-network-shuffle_2.12-3.0.3.jar:/home/adam/Spark_benchmark/spark_blk/jars/curator-framework-2.7.1.jar:/home/adam/Spark_benchmark/spark_blk/jars/protobuf-java-2.5.0.jar:/home/adam/Spark_benchmark/spark_blk/jars/spark-streaming_2.12-3.0.3.jar:/home/adam/Spark_benchmark/spark_blk/jars/JLargeArrays-1.5.jar:/home/adam/Spark_benchmark/spark_blk/jars/jetty-util-6.1.26.jar:/home/adam/Spark_benchmark/spark_blk/jars/httpcore-4.4.12.jar:/home/adam/Spark_benchmark/spark_blk/jars/macro-compat_2.12-1.1.1.jar:/home/adam/Spark_benchmark/spark_blk/jars/spark-yarn_2.12-3.0.3.jar:/home/adam/Spark_benchmark/spark_blk/jars/commons-crypto-1.1.0.jar:/home/adam/Spark_benchmark/spark_blk/jars/paranamer-2.8.jar:/home/adam/Spark_benchmark/spark_blk/jars/scala-collection-compat_2.12-2.1.1.jar:/home/adam/Spark_benchmark/spark_blk/jars/metrics-core-4.1.1.jar:/home/adam/Spark_benchmark/spark_blk/jars/jackson-jaxrs-1.9.13.jar:/home/adam/Spark_benchmark/spark_blk/jars/jackson-databind-2.10.0.jar:/home/adam/Spark_benchmark/spark_blk/jars/kubernetes-client-4.9.2.jar:/home/adam/Spark_benchmark/spark_blk/jars/algebra_2.12-2.0.0-M2.jar:/home/adam/Spark_benchmark/spark_blk/jars/scala-reflect-2.12.10.jar:/home/adam/Spark_benchmark/spark_blk/jars/univocity-p
Launcher Type: SUN_STANDARD

[Global flags]
    ccstr AllocateHeapAt                           = /dev/fakeblk                              {product} {command line}
     intx CICompilerCount                          = 4                                         {product} {ergonomic}
   size_t InitialHeapSize                          = 25165824                                  {product} {ergonomic}
   size_t MaxHeapSize                              = 17179869184                               {product} {command line}
   size_t MinHeapDeltaBytes                        = 172032                                    {product} {ergonomic}
    uintx NonNMethodCodeHeapSize                   = 5836300                                {pd product} {ergonomic}
    uintx NonProfiledCodeHeapSize                  = 122910970                              {pd product} {ergonomic}
    uintx ProfiledCodeHeapSize                     = 122910970                              {pd product} {ergonomic}
    uintx ReservedCodeCacheSize                    = 251658240                              {pd product} {ergonomic}
     bool SegmentedCodeCache                       = true                                      {product} {ergonomic}
     bool UnlockExperimentalVMOptions              = true                                 {experimental} {command line}
     bool UseCompressedClassPointers               = true                                 {lp64_product} {ergonomic}
     bool UseCompressedOops                        = true                                 {lp64_product} {ergonomic}
     bool UseEpsilonGC                             = true                                 {experimental} {command line}
     bool UseTLAB                                  = false                                  {pd product} {command line}

Logging:
Log output configuration:
 #0: stdout all=warning,gc=debug uptime,level,tags
 #1: stderr all=off uptime,level,tags

Environment Variables:
PATH=/usr/local/sbin:/usr/local/bin:/usr/sbin:/usr/bin:/sbin:/bin
SHELL=/bin/bash
LANG=fr_FR.UTF-8

Signal Handlers:
SIGSEGV: [libjvm.so+0xddf3b0], sa_mask[0]=11111111011111111101111111111110, sa_flags=SA_RESTART|SA_SIGINFO
SIGBUS: [libjvm.so+0xddf3b0], sa_mask[0]=11111111011111111101111111111110, sa_flags=SA_RESTART|SA_SIGINFO
SIGFPE: [libjvm.so+0xddf3b0], sa_mask[0]=11111111011111111101111111111110, sa_flags=SA_RESTART|SA_SIGINFO
SIGPIPE: [libjvm.so+0xbda160], sa_mask[0]=11111111011111111101111111111110, sa_flags=SA_RESTART|SA_SIGINFO
SIGXFSZ: [libjvm.so+0xbda160], sa_mask[0]=11111111011111111101111111111110, sa_flags=SA_RESTART|SA_SIGINFO
SIGILL: [libjvm.so+0xddf3b0], sa_mask[0]=11111111011111111101111111111110, sa_flags=SA_RESTART|SA_SIGINFO
SIGUSR2: [libjvm.so+0xbda000], sa_mask[0]=00000000000000000000000000000000, sa_flags=SA_RESTART|SA_SIGINFO
SIGHUP: [libjvm.so+0xbda890], sa_mask[0]=11111111011111111101111111111110, sa_flags=SA_RESTART|SA_SIGINFO
SIGINT: [libjvm.so+0xbda890], sa_mask[0]=11111111011111111101111111111110, sa_flags=SA_RESTART|SA_SIGINFO
SIGTERM: [libjvm.so+0xbda890], sa_mask[0]=11111111011111111101111111111110, sa_flags=SA_RESTART|SA_SIGINFO
SIGQUIT: [libjvm.so+0xbda890], sa_mask[0]=11111111011111111101111111111110, sa_flags=SA_RESTART|SA_SIGINFO


---------------  S Y S T E M  ---------------

OS:PRETTY_NAME="Debian GNU/Linux 11 (bullseye)"
NAME="Debian GNU/Linux"
VERSION_ID="11"
VERSION="11 (bullseye)"
VERSION_CODENAME=bullseye
ID=debian
HOME_URL="https://www.debian.org/"
SUPPORT_URL="https://www.debian.org/support"
BUG_REPORT_URL="https://bugs.debian.org/"
uname:Linux 5.10.0-11-amd64 #1 SMP Debian 5.10.92-2 (2022-02-28) x86_64
OS uptime: 6 days 23:33 hours
libc:glibc 2.31 NPTL 2.31 
rlimit (soft/hard): STACK 8192k/infinity , CORE 0k/infinity , NPROC 128458/128458 , NOFILE 1048576/1048576 , AS infinity/infinity , CPU infinity/infinity , DATA infinity/infinity , FSIZE infinity/infinity , MEMLOCK 4116430k/4116430k
load average:0,46 3,04 4,48

/proc/meminfo:
MemTotal:       32931440 kB
MemFree:        13922264 kB
MemAvailable:   21046644 kB
Buffers:          273544 kB
Cached:         15066560 kB
SwapCached:         4312 kB
Active:         12546172 kB
Inactive:        3126736 kB
Active(anon):    8390252 kB
Inactive(anon):   143656 kB
Active(file):    4155920 kB
Inactive(file):  2983080 kB
Unevictable:           0 kB
Mlocked:               0 kB
SwapTotal:        998396 kB
SwapFree:         976408 kB
Dirty:               180 kB
Writeback:             0 kB
AnonPages:        141764 kB
Mapped:           129664 kB
Shmem:           8201036 kB
KReclaimable:     459340 kB
Slab:             533936 kB
SReclaimable:     459340 kB
SUnreclaim:        74596 kB
KernelStack:        3600 kB
PageTables:         6536 kB
NFS_Unstable:          0 kB
Bounce:                0 kB
WritebackTmp:          0 kB
CommitLimit:    17464116 kB
Committed_AS:     732676 kB
VmallocTotal:   34359738367 kB
VmallocUsed:     1418484 kB
VmallocChunk:          0 kB
Percpu:             8160 kB
HardwareCorrupted:     0 kB
AnonHugePages:     49152 kB
ShmemHugePages:        0 kB
ShmemPmdMapped:        0 kB
FileHugePages:         0 kB
FilePmdMapped:         0 kB
HugePages_Total:       0
HugePages_Free:        0
HugePages_Rsvd:        0
HugePages_Surp:        0
Hugepagesize:       2048 kB
Hugetlb:               0 kB
DirectMap4k:      415592 kB
DirectMap2M:    33138688 kB

/sys/kernel/mm/transparent_hugepage/enabled:
[always] madvise never
/sys/kernel/mm/transparent_hugepage/defrag (defrag/compaction efforts parameter):
always defer defer+madvise [madvise] never

Process Memory:
Virtual Size: 18984644K (peak: 19046076K)
Resident Set Size: 106752K (peak: 106752K) (anon: 64188K, file: 42564K, shmem: 0K)
Swapped out: 0K
C-Heap outstanding allocations: 30015K, retained: 23424K
glibc malloc tunables: (default)

/proc/sys/kernel/threads-max (system-wide limit on the number of threads):
256917
/proc/sys/vm/max_map_count (maximum number of memory map areas a process may have):
65530
/proc/sys/kernel/pid_max (system-wide limit on number of process identifiers):
4194304

container (cgroup) information:
container_type: cgroupv2
cpu_cpuset_cpus: not supported
cpu_memory_nodes: not supported
active_processor_count: 8
cpu_quota: not supported
cpu_period: not supported
cpu_shares: not supported
memory_limit_in_bytes: 1610612736
memory_and_swap_limit_in_bytes: unlimited
memory_soft_limit_in_bytes: unlimited
memory_usage_in_bytes: 93687808
memory_max_usage_in_bytes: not supported

KVM virtualization detected
Steal ticks since vm start: 0
Steal ticks percentage since vm start:  0,000

CPU:total 8 (initial active 8) (4 cores per cpu, 1 threads per core) family 15 model 6 stepping 1 microcode 0x1, cmov, cx8, fxsr, mmx, sse, sse2, sse3, tsc
CPU Model and flags from /proc/cpuinfo:
model name	: Common KVM processor
flags		: fpu vme de pse tsc msr pae mce cx8 apic sep mtrr pge mca cmov pat pse36 clflush mmx fxsr sse sse2 ht syscall nx lm constant_tsc nopl xtopology cpuid tsc_known_freq pni cx16 x2apic hypervisor lahf_lm cpuid_fault pti
Online cpus:
0-7
Offline cpus:

BIOS frequency limitation:
<Not Available>
Frequency switch latency (ns):
<Not Available>
Available cpu frequencies:
<Not Available>
Current governor:
<Not Available>
Core performance/turbo boost:
<Not Available>

Memory: 4k page, physical 1572864k(1481244k free), swap 998396k(976408k free)

vm_info: OpenJDK 64-Bit Server VM (11.0.16-internal+0-adhoc.adam.jdk11u) for linux-amd64 JRE (11.0.16-internal+0-adhoc.adam.jdk11u), built on Jun  8 2022 15:48:13 by "adam" with gcc 10.2.1 20210110

END.
