#
# A fatal error has been detected by the Java Runtime Environment:
#
#  SIGSEGV (0xb) at pc=0x00007f62c81c6dfa, pid=1590, tid=1591
#
# JRE version:  (11.0.16) (build )
# Java VM: OpenJDK 64-Bit Server VM (11.0.16-internal+0-adhoc.adam.jdk11u, mixed mode, tiered, compressed oops, epsilon gc, linux-amd64)
# Problematic frame:
# V  [libjvm.so+0xde9dfa]  VMOperationQueue::add(VM_Operation*)+0x2a
#
# No core dump will be written. Core dumps have been disabled. To enable core dumping, try "ulimit -c unlimited" before starting Java again
#
#

---------------  S U M M A R Y ------------

Command Line: -XX:AllocateHeapAt=/dev/fakeblk -Xlog:gc=debug -XX:+UnlockExperimentalVMOptions -XX:-UseTLAB -XX:+UseEpsilonGC -Xnoclassgc -XX:-ClassUnloading -XX:MetaspaceSize=1G -Xms8g -Xmx8g ../dacapo-9.12-MR1-bach.jar avrora

Host: Intel(R) Xeon(R) Silver 4208 CPU @ 2.10GHz, 8 cores, 1G, Debian GNU/Linux 11 (bullseye)
Time: Wed Jul  5 15:14:18 2023 CEST elapsed time: 0.016876 seconds (0d 0h 0m 0s)

---------------  T H R E A D  ---------------

Current thread (0x00007f62c0028000):  JavaThread "Unknown thread" [_thread_in_vm, id=1591, stack(0x00007f62c7198000,0x00007f62c7299000)]

Stack: [0x00007f62c7198000,0x00007f62c7299000],  sp=0x00007f62c7297780,  free space=1021k
Native frames: (J=compiled Java code, A=aot compiled Java code, j=interpreted, Vv=VM code, C=native code)
V  [libjvm.so+0xde9dfa]  VMOperationQueue::add(VM_Operation*)+0x2a
V  [libjvm.so+0xdea50a]  VMThread::execute(VM_Operation*)+0x11a
V  [libjvm.so+0x7283ee]  EpsilonHeap::mem_allocate_klass(unsigned long, bool*, Klass*)+0x9e
V  [libjvm.so+0xb43a17]  MemAllocator::allocate() const+0x117
V  [libjvm.so+0x60525d]  CollectedHeap::class_allocate(Klass*, int, Thread*)+0x3d
V  [libjvm.so+0x87dc53]  java_lang_Class::create_basic_type_mirror(char const*, BasicType, Thread*)+0x23
V  [libjvm.so+0xd9def4]  Universe::initialize_basic_type_mirrors(Thread*)+0xb4
V  [libjvm.so+0xd43ec2]  SystemDictionary::resolve_well_known_classes(Thread*)+0xa2
V  [libjvm.so+0xd9db18]  Universe::genesis(Thread*)+0x3e8
V  [libjvm.so+0xd9e58d]  universe2_init()+0x2d
V  [libjvm.so+0x850285]  init_globals()+0xa5
V  [libjvm.so+0xd795ca]  Threads::create_vm(JavaVMInitArgs*, bool*)+0x48a
V  [libjvm.so+0x8ffc41]  JNI_CreateJavaVM+0x51
C  [libjli.so+0x496d]  JavaMain+0x8d
C  [libjli.so+0x9619]  ThreadJavaMain+0x9


siginfo: si_signo: 11 (SIGSEGV), si_code: 1 (SEGV_MAPERR), si_addr: 0x0000000000000000

Registers:
RAX=0x0000000000000001, RBX=0x00007f62c7297940, RCX=0x00007f62c786cfb0, RDX=0x00007f62c7b05920
RSP=0x00007f62c7297780, RBP=0x00007f62c7297790, RSI=0x00007f62c7297940, RDI=0x00007f62c7297940
R8 =0x0000000000000000, R9 =0x000055aa36421490, R10=0x00007f62c82896e1, R11=0x0000000000000000
R12=0x0000000000000000, R13=0x0000000000000001, R14=0x00007f62c85c5140, R15=0x00007f62c7297940
RIP=0x00007f62c81c6dfa, EFLAGS=0x0000000000010202, CSGSFS=0x002b000000000033, ERR=0x0000000000000006
  TRAPNO=0x000000000000000e

Top of Stack: (sp=0x00007f62c7297780)
0x00007f62c7297780:   0000000000000000 00007f62c0028000
0x00007f62c7297790:   00007f62c7297930 00007f62c81c750a
0x00007f62c72977a0:   000000000000000b 0000000000000019
0x00007f62c72977b0:   00000000000000d0 0000000000000002 

Instructions: (pc=0x00007f62c81c6dfa)
0x00007f62c81c6cfa:   8b 42 20 49 c7 40 28 00 00 00 00 48 8b 50 10 48
0x00007f62c81c6d0a:   8b 52 28 48 c7 42 20 00 00 00 00 48 8b 40 10 48
0x00007f62c81c6d1a:   8b 54 f7 10 48 89 50 20 48 89 50 28 4c 89 c0 c3
0x00007f62c81c6d2a:   66 0f 1f 44 00 00 45 31 c0 4c 89 c0 c3 90 0f 1f
0x00007f62c81c6d3a:   84 00 00 00 00 00 55 48 63 f6 48 89 e5 41 56 41
0x00007f62c81c6d4a:   55 41 54 4c 8d 66 02 53 4a 8b 04 e7 48 8b 58 20
0x00007f62c81c6d5a:   48 39 d8 74 20 49 89 fd 49 89 d6 0f 1f 00 48 8b
0x00007f62c81c6d6a:   03 48 89 df 4c 89 f6 ff 50 50 48 8b 5b 20 4b 39
0x00007f62c81c6d7a:   5c e5 00 75 e9 5b 41 5c 41 5d 41 5e 5d c3 0f 1f
0x00007f62c81c6d8a:   84 00 00 00 00 00 55 48 89 e5 41 54 53 48 8b 5f
0x00007f62c81c6d9a:   20 48 85 db 74 1d 49 89 f4 0f 1f 44 00 00 48 8b
0x00007f62c81c6daa:   03 48 89 df 4c 89 e6 ff 50 50 48 8b 5b 20 48 85
0x00007f62c81c6dba:   db 75 eb 5b 41 5c 5d c3 66 66 2e 0f 1f 84 00 00
0x00007f62c81c6dca:   00 00 00 0f 1f 00 55 48 8b 06 48 8d 0d d5 61 6a
0x00007f62c81c6dda:   ff 48 89 e5 41 54 49 89 fc 48 89 f7 53 48 8b 50
0x00007f62c81c6dea:   58 48 89 f3 48 39 ca 75 5d ff 50 38 85 c0 75 36
0x00007f62c81c6dfa:   41 83 04 24 01 49 8b 44 24 10 48 8b 40 28 48 89
0x00007f62c81c6e0a:   43 28 48 8b 50 20 48 89 53 20 48 89 5a 28 48 89
0x00007f62c81c6e1a:   58 20 b8 01 00 00 00 5b 41 5c 5d c3 66 2e 0f 1f
0x00007f62c81c6e2a:   84 00 00 00 00 00 48 8b 03 48 89 df ff 50 38 83
0x00007f62c81c6e3a:   f8 03 74 bc 41 83 44 24 04 01 49 8b 44 24 18 eb
0x00007f62c81c6e4a:   b9 0f 1f 44 00 00 ff d2 84 c0 74 e8 eb a2 0f 1f
0x00007f62c81c6e5a:   84 00 00 00 00 00 8b 47 08 83 f8 09 7f 48 83 c0
0x00007f62c81c6e6a:   01 b9 01 00 00 00 89 47 08 31 c0 8b 14 87 85 d2
0x00007f62c81c6e7a:   75 0d 48 63 c1 45 31 c0 8b 14 87 85 d2 74 23 83
0x00007f62c81c6e8a:   ea 01 89 14 87 48 8b 44 c7 10 4c 8b 40 20 49 8b
0x00007f62c81c6e9a:   50 28 49 8b 40 20 48 89 42 20 49 8b 50 28 48 89
0x00007f62c81c6eaa:   50 28 4c 89 c0 c3 c7 47 08 00 00 00 00 31 c9 b8
0x00007f62c81c6eba:   01 00 00 00 eb b5 55 48 89 e5 41 57 4c 8d 7f 20
0x00007f62c81c6eca:   41 56 49 89 fe 41 55 4c 8d 6f 10 41 54 49 89 f4
0x00007f62c81c6eda:   53 48 83 ec 08 49 8b 45 00 48 8b 58 20 48 39 d8
0x00007f62c81c6eea:   74 1a 0f 1f 40 00 48 8b 03 48 89 df 4c 89 e6 ff 



---------------  P R O C E S S  ---------------

Threads class SMR info:
_java_thread_list=0x000055aa3640f0e0, length=0, elements={
}

Java Threads: ( => current thread )

Other Threads:

=>0x00007f62c0028000 (exited) JavaThread "Unknown thread" [_thread_in_vm, id=1591, stack(0x00007f62c7198000,0x00007f62c7299000)]

Threads with active compile tasks:

VM state:not at safepoint (not fully initialized)

VM Mutex/Monitor currently owned by a thread:  ([mutex/lock_event])
[0x00007f62c0024840] VMOperationQueue_lock - owner thread: 0x00007f62c0028000

Heap address: 0x0000000600000000, size: 8192 MB, Compressed Oops mode: Zero based, Oop shift amount: 3
Narrow klass base: 0x0000000800000000, Narrow klass shift: 0
Compressed class space size: 1073741824 Address: 0x0000000800000000

GC Heap History (0 events):
No events

Deoptimization events (0 events):
No events

Classes redefined (0 events):
No events

Internal exceptions (0 events):
No events

Events (20 events):
Event: 0.004 Protecting memory [0x00007f62c7198000,0x00007f62c719c000] with protection modes 0
Event: 0.004 Loaded shared library /home/adam/jdk11u/build/linux-x86_64-normal-server-release/images/jdk/lib/libzip.so
Event: 0.012 loading class java/lang/Object
Event: 0.012 loading class java/lang/Object done
Event: 0.012 loading class java/lang/String
Event: 0.012 loading class java/io/Serializable
Event: 0.012 loading class java/io/Serializable done
Event: 0.012 loading class java/lang/Comparable
Event: 0.012 loading class java/lang/Comparable done
Event: 0.012 loading class java/lang/CharSequence
Event: 0.012 loading class java/lang/CharSequence done
Event: 0.012 loading class java/lang/String done
Event: 0.012 loading class java/lang/Class
Event: 0.013 loading class java/lang/reflect/GenericDeclaration
Event: 0.013 loading class java/lang/reflect/AnnotatedElement
Event: 0.013 loading class java/lang/reflect/AnnotatedElement done
Event: 0.013 loading class java/lang/reflect/GenericDeclaration done
Event: 0.013 loading class java/lang/reflect/Type
Event: 0.013 loading class java/lang/reflect/Type done
Event: 0.013 loading class java/lang/Class done


Dynamic libraries:
600000000-800000000 rw-s 00000000 00:05 399                              /dev/fakeblk
800000000-800060000 rw-p 00000000 00:00 0 
800060000-840000000 ---p 00000000 00:00 0 
55aa355f0000-55aa355f1000 r--p 00000000 08:01 4209380                    /home/adam/jdk11u/build/linux-x86_64-normal-server-release/images/jdk/bin/java
55aa355f1000-55aa355f2000 r-xp 00001000 08:01 4209380                    /home/adam/jdk11u/build/linux-x86_64-normal-server-release/images/jdk/bin/java
55aa355f2000-55aa355f3000 r--p 00002000 08:01 4209380                    /home/adam/jdk11u/build/linux-x86_64-normal-server-release/images/jdk/bin/java
55aa355f3000-55aa355f4000 r--p 00002000 08:01 4209380                    /home/adam/jdk11u/build/linux-x86_64-normal-server-release/images/jdk/bin/java
55aa355f4000-55aa355f5000 rw-p 00003000 08:01 4209380                    /home/adam/jdk11u/build/linux-x86_64-normal-server-release/images/jdk/bin/java
55aa3640b000-55aa3642c000 rw-p 00000000 00:00 0                          [heap]
7f62a8812000-7f62a8a82000 rwxp 00000000 00:00 0 
7f62a8a82000-7f62a8da3000 ---p 00000000 00:00 0 
7f62a8da3000-7f62a9013000 rwxp 00000000 00:00 0 
7f62a9013000-7f62b02da000 ---p 00000000 00:00 0 
7f62b02da000-7f62b054a000 rwxp 00000000 00:00 0 
7f62b054a000-7f62b7812000 ---p 00000000 00:00 0 
7f62b7812000-7f62c0000000 r--s 00000000 08:01 4209158                    /home/adam/jdk11u/build/linux-x86_64-normal-server-release/images/jdk/lib/modules
7f62c0000000-7f62c00d8000 rw-p 00000000 00:00 0 
7f62c00d8000-7f62c4000000 ---p 00000000 00:00 0 
7f62c62b2000-7f62c6b33000 rw-p 00000000 00:00 0 
7f62c6b33000-7f62c6f33000 ---p 00000000 00:00 0 
7f62c6f33000-7f62c6f38000 rw-p 00000000 00:00 0 
7f62c6f38000-7f62c701e000 ---p 00000000 00:00 0 
7f62c701e000-7f62c7023000 rw-p 00000000 00:00 0 
7f62c7023000-7f62c7109000 ---p 00000000 00:00 0 
7f62c7109000-7f62c710e000 rw-p 00000000 00:00 0 
7f62c710e000-7f62c7115000 ---p 00000000 00:00 0 
7f62c7115000-7f62c7118000 r--p 00000000 08:01 2907361                    /usr/lib/x86_64-linux-gnu/libnss_files-2.31.so
7f62c7118000-7f62c711f000 r-xp 00003000 08:01 2907361                    /usr/lib/x86_64-linux-gnu/libnss_files-2.31.so
7f62c711f000-7f62c7121000 r--p 0000a000 08:01 2907361                    /usr/lib/x86_64-linux-gnu/libnss_files-2.31.so
7f62c7121000-7f62c7122000 r--p 0000b000 08:01 2907361                    /usr/lib/x86_64-linux-gnu/libnss_files-2.31.so
7f62c7122000-7f62c7123000 rw-p 0000c000 08:01 2907361                    /usr/lib/x86_64-linux-gnu/libnss_files-2.31.so
7f62c7123000-7f62c7129000 rw-p 00000000 00:00 0 
7f62c712e000-7f62c7130000 r--p 00000000 08:01 4209386                    /home/adam/jdk11u/build/linux-x86_64-normal-server-release/images/jdk/lib/libzip.so
7f62c7130000-7f62c7134000 r-xp 00002000 08:01 4209386                    /home/adam/jdk11u/build/linux-x86_64-normal-server-release/images/jdk/lib/libzip.so
7f62c7134000-7f62c7136000 r--p 00006000 08:01 4209386                    /home/adam/jdk11u/build/linux-x86_64-normal-server-release/images/jdk/lib/libzip.so
7f62c7136000-7f62c7137000 r--p 00007000 08:01 4209386                    /home/adam/jdk11u/build/linux-x86_64-normal-server-release/images/jdk/lib/libzip.so
7f62c7137000-7f62c7138000 rw-p 00008000 08:01 4209386                    /home/adam/jdk11u/build/linux-x86_64-normal-server-release/images/jdk/lib/libzip.so
7f62c7138000-7f62c7140000 rw-s 00000000 08:01 262430                     /tmp/hsperfdata_root/1590
7f62c7140000-7f62c7144000 r--p 00000000 08:01 4209381                    /home/adam/jdk11u/build/linux-x86_64-normal-server-release/images/jdk/lib/libjimage.so
7f62c7144000-7f62c7157000 r-xp 00004000 08:01 4209381                    /home/adam/jdk11u/build/linux-x86_64-normal-server-release/images/jdk/lib/libjimage.so
7f62c7157000-7f62c715d000 r--p 00017000 08:01 4209381                    /home/adam/jdk11u/build/linux-x86_64-normal-server-release/images/jdk/lib/libjimage.so
7f62c715d000-7f62c715f000 r--p 0001c000 08:01 4209381                    /home/adam/jdk11u/build/linux-x86_64-normal-server-release/images/jdk/lib/libjimage.so
7f62c715f000-7f62c7160000 rw-p 0001e000 08:01 4209381                    /home/adam/jdk11u/build/linux-x86_64-normal-server-release/images/jdk/lib/libjimage.so
7f62c7160000-7f62c716e000 r--p 00000000 08:01 4209403                    /home/adam/jdk11u/build/linux-x86_64-normal-server-release/images/jdk/lib/libjava.so
7f62c716e000-7f62c7184000 r-xp 0000e000 08:01 4209403                    /home/adam/jdk11u/build/linux-x86_64-normal-server-release/images/jdk/lib/libjava.so
7f62c7184000-7f62c718b000 r--p 00024000 08:01 4209403                    /home/adam/jdk11u/build/linux-x86_64-normal-server-release/images/jdk/lib/libjava.so
7f62c718b000-7f62c718c000 r--p 0002a000 08:01 4209403                    /home/adam/jdk11u/build/linux-x86_64-normal-server-release/images/jdk/lib/libjava.so
7f62c718c000-7f62c718d000 rw-p 0002b000 08:01 4209403                    /home/adam/jdk11u/build/linux-x86_64-normal-server-release/images/jdk/lib/libjava.so
7f62c718d000-7f62c718e000 rw-p 00000000 00:00 0 
7f62c718e000-7f62c7190000 r--p 00000000 08:01 2907366                    /usr/lib/x86_64-linux-gnu/librt-2.31.so
7f62c7190000-7f62c7194000 r-xp 00002000 08:01 2907366                    /usr/lib/x86_64-linux-gnu/librt-2.31.so
7f62c7194000-7f62c7196000 r--p 00006000 08:01 2907366                    /usr/lib/x86_64-linux-gnu/librt-2.31.so
7f62c7196000-7f62c7197000 r--p 00007000 08:01 2907366                    /usr/lib/x86_64-linux-gnu/librt-2.31.so
7f62c7197000-7f62c7198000 rw-p 00008000 08:01 2907366                    /usr/lib/x86_64-linux-gnu/librt-2.31.so
7f62c7198000-7f62c719c000 ---p 00000000 00:00 0 
7f62c719c000-7f62c7299000 rw-p 00000000 00:00 0 
7f62c7299000-7f62c72a6000 r--p 00000000 08:01 2907355                    /usr/lib/x86_64-linux-gnu/libm-2.31.so
7f62c72a6000-7f62c7340000 r-xp 0000d000 08:01 2907355                    /usr/lib/x86_64-linux-gnu/libm-2.31.so
7f62c7340000-7f62c73db000 r--p 000a7000 08:01 2907355                    /usr/lib/x86_64-linux-gnu/libm-2.31.so
7f62c73db000-7f62c73dc000 r--p 00141000 08:01 2907355                    /usr/lib/x86_64-linux-gnu/libm-2.31.so
7f62c73dc000-7f62c73dd000 rw-p 00142000 08:01 2907355                    /usr/lib/x86_64-linux-gnu/libm-2.31.so
7f62c73dd000-7f62c7659000 r--p 00000000 08:01 4209384                    /home/adam/jdk11u/build/linux-x86_64-normal-server-release/images/jdk/lib/server/libjvm.so
7f62c7659000-7f62c824b000 r-xp 0027c000 08:01 4209384                    /home/adam/jdk11u/build/linux-x86_64-normal-server-release/images/jdk/lib/server/libjvm.so
7f62c824b000-7f62c84a0000 r--p 00e6e000 08:01 4209384                    /home/adam/jdk11u/build/linux-x86_64-normal-server-release/images/jdk/lib/server/libjvm.so
7f62c84a0000-7f62c8563000 r--p 010c2000 08:01 4209384                    /home/adam/jdk11u/build/linux-x86_64-normal-server-release/images/jdk/lib/server/libjvm.so
7f62c8563000-7f62c859d000 rw-p 01185000 08:01 4209384                    /home/adam/jdk11u/build/linux-x86_64-normal-server-release/images/jdk/lib/server/libjvm.so
7f62c859d000-7f62c85f6000 rw-p 00000000 00:00 0 
7f62c85f6000-7f62c85fc000 r--p 00000000 08:01 2907364                    /usr/lib/x86_64-linux-gnu/libpthread-2.31.so
7f62c85fc000-7f62c860c000 r-xp 00006000 08:01 2907364                    /usr/lib/x86_64-linux-gnu/libpthread-2.31.so
7f62c860c000-7f62c8612000 r--p 00016000 08:01 2907364                    /usr/lib/x86_64-linux-gnu/libpthread-2.31.so
7f62c8612000-7f62c8613000 r--p 0001b000 08:01 2907364                    /usr/lib/x86_64-linux-gnu/libpthread-2.31.so
7f62c8613000-7f62c8614000 rw-p 0001c000 08:01 2907364                    /usr/lib/x86_64-linux-gnu/libpthread-2.31.so
7f62c8614000-7f62c8618000 rw-p 00000000 00:00 0 
7f62c8618000-7f62c8619000 r--p 00000000 08:01 2907353                    /usr/lib/x86_64-linux-gnu/libdl-2.31.so
7f62c8619000-7f62c861b000 r-xp 00001000 08:01 2907353                    /usr/lib/x86_64-linux-gnu/libdl-2.31.so
7f62c861b000-7f62c861c000 r--p 00003000 08:01 2907353                    /usr/lib/x86_64-linux-gnu/libdl-2.31.so
7f62c861c000-7f62c861d000 r--p 00003000 08:01 2907353                    /usr/lib/x86_64-linux-gnu/libdl-2.31.so
7f62c861d000-7f62c861e000 rw-p 00004000 08:01 2907353                    /usr/lib/x86_64-linux-gnu/libdl-2.31.so
7f62c861e000-7f62c8621000 r--p 00000000 08:01 2885790                    /usr/lib/x86_64-linux-gnu/libz.so.1.2.11
7f62c8621000-7f62c8632000 r-xp 00003000 08:01 2885790                    /usr/lib/x86_64-linux-gnu/libz.so.1.2.11
7f62c8632000-7f62c8638000 r--p 00014000 08:01 2885790                    /usr/lib/x86_64-linux-gnu/libz.so.1.2.11
7f62c8638000-7f62c8639000 ---p 0001a000 08:01 2885790                    /usr/lib/x86_64-linux-gnu/libz.so.1.2.11
7f62c8639000-7f62c863a000 r--p 0001a000 08:01 2885790                    /usr/lib/x86_64-linux-gnu/libz.so.1.2.11
7f62c863a000-7f62c863b000 rw-p 0001b000 08:01 2885790                    /usr/lib/x86_64-linux-gnu/libz.so.1.2.11
7f62c863b000-7f62c865d000 r--p 00000000 08:01 2907352                    /usr/lib/x86_64-linux-gnu/libc-2.31.so
7f62c865d000-7f62c87b7000 r-xp 00022000 08:01 2907352                    /usr/lib/x86_64-linux-gnu/libc-2.31.so
7f62c87b7000-7f62c8806000 r--p 0017c000 08:01 2907352                    /usr/lib/x86_64-linux-gnu/libc-2.31.so
7f62c8806000-7f62c880a000 r--p 001ca000 08:01 2907352                    /usr/lib/x86_64-linux-gnu/libc-2.31.so
7f62c880a000-7f62c880c000 rw-p 001ce000 08:01 2907352                    /usr/lib/x86_64-linux-gnu/libc-2.31.so
7f62c880c000-7f62c8810000 rw-p 00000000 00:00 0 
7f62c8813000-7f62c8814000 ---p 00000000 00:00 0 
7f62c8814000-7f62c8815000 r--p 00000000 00:00 0 
7f62c8815000-7f62c881a000 r--p 00000000 08:01 4209387                    /home/adam/jdk11u/build/linux-x86_64-normal-server-release/images/jdk/lib/libverify.so
7f62c881a000-7f62c8821000 r-xp 00005000 08:01 4209387                    /home/adam/jdk11u/build/linux-x86_64-normal-server-release/images/jdk/lib/libverify.so
7f62c8821000-7f62c8823000 r--p 0000c000 08:01 4209387                    /home/adam/jdk11u/build/linux-x86_64-normal-server-release/images/jdk/lib/libverify.so
7f62c8823000-7f62c8824000 ---p 0000e000 08:01 4209387                    /home/adam/jdk11u/build/linux-x86_64-normal-server-release/images/jdk/lib/libverify.so
7f62c8824000-7f62c8826000 r--p 0000e000 08:01 4209387                    /home/adam/jdk11u/build/linux-x86_64-normal-server-release/images/jdk/lib/libverify.so
7f62c8826000-7f62c8827000 rw-p 00010000 08:01 4209387                    /home/adam/jdk11u/build/linux-x86_64-normal-server-release/images/jdk/lib/libverify.so
7f62c8827000-7f62c882a000 r--p 00000000 08:01 4209395                    /home/adam/jdk11u/build/linux-x86_64-normal-server-release/images/jdk/lib/jli/libjli.so
7f62c882a000-7f62c8834000 r-xp 00003000 08:01 4209395                    /home/adam/jdk11u/build/linux-x86_64-normal-server-release/images/jdk/lib/jli/libjli.so
7f62c8834000-7f62c8837000 r--p 0000d000 08:01 4209395                    /home/adam/jdk11u/build/linux-x86_64-normal-server-release/images/jdk/lib/jli/libjli.so
7f62c8837000-7f62c8838000 ---p 00010000 08:01 4209395                    /home/adam/jdk11u/build/linux-x86_64-normal-server-release/images/jdk/lib/jli/libjli.so
7f62c8838000-7f62c8839000 r--p 00010000 08:01 4209395                    /home/adam/jdk11u/build/linux-x86_64-normal-server-release/images/jdk/lib/jli/libjli.so
7f62c8839000-7f62c883a000 rw-p 00011000 08:01 4209395                    /home/adam/jdk11u/build/linux-x86_64-normal-server-release/images/jdk/lib/jli/libjli.so
7f62c883a000-7f62c883c000 rw-p 00000000 00:00 0 
7f62c883c000-7f62c883d000 r--p 00000000 08:01 2907322                    /usr/lib/x86_64-linux-gnu/ld-2.31.so
7f62c883d000-7f62c885d000 r-xp 00001000 08:01 2907322                    /usr/lib/x86_64-linux-gnu/ld-2.31.so
7f62c885d000-7f62c8865000 r--p 00021000 08:01 2907322                    /usr/lib/x86_64-linux-gnu/ld-2.31.so
7f62c8866000-7f62c8867000 r--p 00029000 08:01 2907322                    /usr/lib/x86_64-linux-gnu/ld-2.31.so
7f62c8867000-7f62c8868000 rw-p 0002a000 08:01 2907322                    /usr/lib/x86_64-linux-gnu/ld-2.31.so
7f62c8868000-7f62c8869000 rw-p 00000000 00:00 0 
7ffd9b9e8000-7ffd9ba09000 rw-p 00000000 00:00 0                          [stack]
7ffd9ba31000-7ffd9ba35000 r--p 00000000 00:00 0                          [vvar]
7ffd9ba35000-7ffd9ba37000 r-xp 00000000 00:00 0                          [vdso]


VM Arguments:
jvm_args: -XX:AllocateHeapAt=/dev/fakeblk -Xlog:gc=debug -XX:+UnlockExperimentalVMOptions -XX:-UseTLAB -XX:+UseEpsilonGC -Xnoclassgc -XX:-ClassUnloading -XX:MetaspaceSize=1G -Xms8g -Xmx8g 
java_command: ../dacapo-9.12-MR1-bach.jar avrora
java_class_path (initial): ../dacapo-9.12-MR1-bach.jar
Launcher Type: SUN_STANDARD

[Global flags]
    ccstr AllocateHeapAt                           = /dev/fakeblk                              {product} {command line}
     intx CICompilerCount                          = 4                                         {product} {ergonomic}
     bool ClassUnloading                           = false                                     {product} {command line}
     bool ClassUnloadingWithConcurrentMark         = false                                     {product} {command line}
   size_t InitialHeapSize                          = 8589934592                                {product} {command line}
   size_t MaxHeapSize                              = 8589934592                                {product} {command line}
   size_t MetaspaceSize                            = 1073741824                             {pd product} {command line}
   size_t MinHeapDeltaBytes                        = 172032                                    {product} {ergonomic}
    uintx NonNMethodCodeHeapSize                   = 5836300                                {pd product} {ergonomic}
    uintx NonProfiledCodeHeapSize                  = 122910970                              {pd product} {ergonomic}
    uintx ProfiledCodeHeapSize                     = 122910970                              {pd product} {ergonomic}
    uintx ReservedCodeCacheSize                    = 251658240                              {pd product} {ergonomic}
     bool SegmentedCodeCache                       = true                                      {product} {ergonomic}
     bool UnlockExperimentalVMOptions              = true                                 {experimental} {command line}
     bool UseCompressedClassPointers               = true                                 {lp64_product} {ergonomic}
     bool UseCompressedOops                        = true                                 {lp64_product} {ergonomic}
     bool UseEpsilonGC                             = true                                 {experimental} {command line}
     bool UseTLAB                                  = false                                  {pd product} {command line}

Logging:
Log output configuration:
 #0: stdout all=warning,gc=debug uptime,level,tags (reconfigured)
 #1: stderr all=off uptime,level,tags

Environment Variables:
PATH=/usr/local/sbin:/usr/local/bin:/usr/sbin:/usr/bin:/sbin:/bin
SHELL=/bin/bash
LANG=fr_FR.UTF-8

Signal Handlers:
SIGSEGV: [libjvm.so+0xde33c0], sa_mask[0]=11111111011111111101111111111110, sa_flags=SA_RESTART|SA_SIGINFO
SIGBUS: [libjvm.so+0xde33c0], sa_mask[0]=11111111011111111101111111111110, sa_flags=SA_RESTART|SA_SIGINFO
SIGFPE: [libjvm.so+0xde33c0], sa_mask[0]=11111111011111111101111111111110, sa_flags=SA_RESTART|SA_SIGINFO
SIGPIPE: [libjvm.so+0xbddb70], sa_mask[0]=11111111011111111101111111111110, sa_flags=SA_RESTART|SA_SIGINFO
SIGXFSZ: [libjvm.so+0xbddb70], sa_mask[0]=11111111011111111101111111111110, sa_flags=SA_RESTART|SA_SIGINFO
SIGILL: [libjvm.so+0xde33c0], sa_mask[0]=11111111011111111101111111111110, sa_flags=SA_RESTART|SA_SIGINFO
SIGUSR2: [libjvm.so+0xbdda10], sa_mask[0]=00000000000000000000000000000000, sa_flags=SA_RESTART|SA_SIGINFO
SIGHUP: SIG_DFL, sa_mask[0]=00000000000000000000000000000000, sa_flags=none
SIGINT: SIG_DFL, sa_mask[0]=00000000000000000000000000000000, sa_flags=none
SIGTERM: SIG_DFL, sa_mask[0]=00000000000000000000000000000000, sa_flags=none
SIGQUIT: SIG_DFL, sa_mask[0]=00000000000000000000000000000000, sa_flags=none


---------------  S Y S T E M  ---------------

OS:PRETTY_NAME="Debian GNU/Linux 11 (bullseye)"
NAME="Debian GNU/Linux"
VERSION_ID="11"
VERSION="11 (bullseye)"
VERSION_CODENAME=bullseye
ID=debian
HOME_URL="https://www.debian.org/"
SUPPORT_URL="https://www.debian.org/support"
BUG_REPORT_URL="https://bugs.debian.org/"
uname:Linux 5.10.0-11-amd64 #1 SMP Debian 5.10.92-2 (2022-02-28) x86_64
OS uptime: 0 days 0:32 hours
libc:glibc 2.31 NPTL 2.31 
rlimit (soft/hard): STACK 8192k/infinity , CORE 0k/infinity , NPROC 128459/128459 , NOFILE 1048576/1048576 , AS infinity/infinity , CPU infinity/infinity , DATA infinity/infinity , FSIZE infinity/infinity , MEMLOCK 4116444k/4116444k
load average:0.21 0.15 0.09

/proc/meminfo:
MemTotal:       32931552 kB
MemFree:        10685292 kB
MemAvailable:   10556600 kB
Buffers:           11896 kB
Cached:         21083312 kB
SwapCached:            0 kB
Active:         21041020 kB
Inactive:         145072 kB
Active(anon):   20972232 kB
Inactive(anon):    91160 kB
Active(file):      68788 kB
Inactive(file):    53912 kB
Unevictable:           0 kB
Mlocked:               0 kB
SwapTotal:             0 kB
SwapFree:              0 kB
Dirty:               348 kB
Writeback:             0 kB
AnonPages:         88776 kB
Mapped:         21024424 kB
Shmem:          20972508 kB
KReclaimable:      67460 kB
Slab:             103600 kB
SReclaimable:      67460 kB
SUnreclaim:        36140 kB
KernelStack:        3328 kB
PageTables:        45176 kB
NFS_Unstable:          0 kB
Bounce:                0 kB
WritebackTmp:          0 kB
CommitLimit:    16465776 kB
Committed_AS:   21651832 kB
VmallocTotal:   34359738367 kB
VmallocUsed:      483356 kB
VmallocChunk:          0 kB
Percpu:             5344 kB
HardwareCorrupted:     0 kB
AnonHugePages:      8192 kB
ShmemHugePages:        0 kB
ShmemPmdMapped:        0 kB
FileHugePages:         0 kB
FilePmdMapped:         0 kB
HugePages_Total:       0
HugePages_Free:        0
HugePages_Rsvd:        0
HugePages_Surp:        0
Hugepagesize:       2048 kB
Hugetlb:               0 kB
DirectMap4k:      124776 kB
DirectMap2M:    10360832 kB
DirectMap1G:    25165824 kB

/sys/kernel/mm/transparent_hugepage/enabled:
[always] madvise never
/sys/kernel/mm/transparent_hugepage/defrag (defrag/compaction efforts parameter):
always defer defer+madvise [madvise] never

Process Memory:
Virtual Size: 9926564K (peak: 9926564K)
Resident Set Size: 20344K (peak: 20344K) (anon: 6976K, file: 13368K, shmem: 0K)
Swapped out: 0K
C-Heap outstanding allocations: 5564K, retained: 67K
glibc malloc tunables: (default)

/proc/sys/kernel/threads-max (system-wide limit on the number of threads):
256918
/proc/sys/vm/max_map_count (maximum number of memory map areas a process may have):
65530
/proc/sys/kernel/pid_max (system-wide limit on number of process identifiers):
4194304

container (cgroup) information:
container_type: cgroupv2
cpu_cpuset_cpus: not supported
cpu_memory_nodes: not supported
active_processor_count: 8
cpu_quota: not supported
cpu_period: not supported
cpu_shares: not supported
memory_limit_in_bytes: 1610612736
memory_and_swap_limit_in_bytes: unlimited
memory_soft_limit_in_bytes: unlimited
memory_usage_in_bytes: 7729152
memory_max_usage_in_bytes: not supported

KVM virtualization detected
Steal ticks since vm start: 0
Steal ticks percentage since vm start:  0.000

CPU:total 8 (initial active 8) (4 cores per cpu, 1 threads per core) family 6 model 85 stepping 7 microcode 0x5003102, cmov, cx8, fxsr, mmx, sse, sse2, sse3, ssse3, sse4.1, sse4.2, popcnt, avx, avx2, aes, clmul, erms, 3dnowpref, lzcnt, tsc, bmi1, bmi2, adx, evex, fma
CPU Model and flags from /proc/cpuinfo:
model name	: Intel(R) Xeon(R) Silver 4208 CPU @ 2.10GHz
flags		: fpu vme de pse tsc msr pae mce cx8 apic sep mtrr pge mca cmov pat pse36 clflush mmx fxsr sse sse2 ss ht syscall nx pdpe1gb rdtscp lm constant_tsc arch_perfmon rep_good nopl xtopology cpuid tsc_known_freq pni pclmulqdq vmx ssse3 fma cx16 pdcm pcid sse4_1 sse4_2 x2apic movbe popcnt tsc_deadline_timer aes xsave avx f16c rdrand hypervisor lahf_lm abm 3dnowprefetch cpuid_fault invpcid_single ssbd ibrs ibpb stibp ibrs_enhanced tpr_shadow vnmi flexpriority ept vpid ept_ad fsgsbase tsc_adjust bmi1 avx2 smep bmi2 erms invpcid mpx avx512f avx512dq rdseed adx smap clflushopt clwb avx512cd avx512bw avx512vl xsaveopt xsavec xgetbv1 xsaves arat umip pku ospke avx512_vnni md_clear arch_capabilities
Online cpus:
0-7
Offline cpus:

BIOS frequency limitation:
<Not Available>
Frequency switch latency (ns):
<Not Available>
Available cpu frequencies:
<Not Available>
Current governor:
<Not Available>
Core performance/turbo boost:
<Not Available>

Memory: 4k page, physical 1572864k(1565316k free), swap 0k(0k free)

vm_info: OpenJDK 64-Bit Server VM (11.0.16-internal+0-adhoc.adam.jdk11u) for linux-amd64 JRE (11.0.16-internal+0-adhoc.adam.jdk11u), built on Jun 27 2023 10:58:55 by "adam" with gcc 10.2.1 20210110

END.
