#
# A fatal error has been detected by the Java Runtime Environment:
#
#  SIGSEGV (0xb) at pc=0x00007f1a77378f10, pid=480524, tid=480574
#
# JRE version: OpenJDK Runtime Environment (11.0.16) (build 11.0.16-internal+0-adhoc.adam.jdk11u)
# Java VM: OpenJDK 64-Bit Server VM (11.0.16-internal+0-adhoc.adam.jdk11u, mixed mode, tiered, compressed oops, epsilon gc, linux-amd64)
# Problematic frame:
# V  [libjvm.so+0x2cff10]  RemoteSpace::par_allocate_klass(unsigned long, Klass*)+0xb0
#
# No core dump will be written. Core dumps have been disabled. To enable core dumping, try "ulimit -c unlimited" before starting Java again
#
# If you would like to submit a bug report, please visit:
#   https://bugreport.java.com/bugreport/crash.jsp
#

---------------  S U M M A R Y ------------

Command Line: -XX:AllocateHeapAt=/dev/fakeblk -Xlog:gc=debug -XX:+UnlockExperimentalVMOptions -XX:-UseTLAB -XX:+UseEpsilonGC -Xnoclassgc -Xmx2g org.apache.spark.deploy.SparkSubmit --master local[*] --class WordCount /home/adam/Spark_benchmark/spark_run/run.jar

Host: Intel(R) Xeon(R) Silver 4208 CPU @ 2.10GHz, 8 cores, 1G, Debian GNU/Linux 11 (bullseye)
Time: Thu May 11 11:34:26 2023 CEST elapsed time: 71177.826438 seconds (0d 19h 46m 17s)

---------------  T H R E A D  ---------------

Current thread (0x00007f1a7170c800):  JavaThread "driver-heartbeater" daemon [_thread_in_vm, id=480574, stack(0x00007f1a218df000,0x00007f1a219e0000)]

Stack: [0x00007f1a218df000,0x00007f1a219e0000],  sp=0x00007f1a219ddcc0,  free space=1019k
Native frames: (J=compiled Java code, A=aot compiled Java code, j=interpreted, Vv=VM code, C=native code)
V  [libjvm.so+0x2cff10]  RemoteSpace::par_allocate_klass(unsigned long, Klass*)+0xb0
V  [libjvm.so+0x727747]  EpsilonHeap::allocate_work_klass_impl(unsigned long, Klass*)+0x87
V  [libjvm.so+0x727a14]  EpsilonHeap::mem_allocate_klass(unsigned long, bool*, Klass*)+0x24
V  [libjvm.so+0xb42987]  MemAllocator::allocate() const+0x117
V  [libjvm.so+0x604bad]  CollectedHeap::obj_allocate(Klass*, int, Thread*)+0x3d
V  [libjvm.so+0x857324]  InstanceKlass::allocate_instance(Thread*)+0x34
V  [libjvm.so+0x54ee27]  Runtime1::new_instance(JavaThread*, Klass*)+0x1a7
v  ~RuntimeStub::fast_new_instance Runtime1 stub
J 6066 c1 scala.runtime.IntRef.create(I)Lscala/runtime/IntRef; (9 bytes) @ 0x00007f1a59897c59 [0x00007f1a59897b40+0x0000000000000119]
j  org.apache.spark.executor.ExecutorMetrics$.getCurrentMetrics(Lorg/apache/spark/memory/MemoryManager;)[J+10
j  org.apache.spark.SparkContext.reportHeartBeat(Lscala/Option;)V+10
j  org.apache.spark.SparkContext.$anonfun$new$21(Lorg/apache/spark/SparkContext;Lscala/Option;)V+2
j  org.apache.spark.SparkContext$$Lambda$698.apply$mcV$sp()V+8
J 4380 c1 scala.runtime.java8.JFunction0$mcV$sp.apply()Ljava/lang/Object; (10 bytes) @ 0x00007f1a595fc734 [0x00007f1a595fc640+0x00000000000000f4]
J 6136 c1 org.apache.spark.util.Utils$.logUncaughtExceptions(Lscala/Function0;)Ljava/lang/Object; (66 bytes) @ 0x00007f1a598b3924 [0x00007f1a598b3820+0x0000000000000104]
J 6135 c1 org.apache.spark.Heartbeater$$anon$1.run()V (15 bytes) @ 0x00007f1a598b344c [0x00007f1a598b33c0+0x000000000000008c]
J 5774 c1 java.util.concurrent.Executors$RunnableAdapter.call()Ljava/lang/Object; java.base@11.0.16-internal (14 bytes) @ 0x00007f1a5980f2c4 [0x00007f1a5980f1c0+0x0000000000000104]
J 6041 c1 java.util.concurrent.FutureTask.runAndReset()Z java.base@11.0.16-internal (125 bytes) @ 0x00007f1a5988bf6c [0x00007f1a5988b900+0x000000000000066c]
J 5789 c1 java.util.concurrent.ScheduledThreadPoolExecutor$ScheduledFutureTask.run()V java.base@11.0.16-internal (57 bytes) @ 0x00007f1a5981c024 [0x00007f1a5981be40+0x00000000000001e4]
j  java.util.concurrent.ThreadPoolExecutor.runWorker(Ljava/util/concurrent/ThreadPoolExecutor$Worker;)V+92 java.base@11.0.16-internal
j  java.util.concurrent.ThreadPoolExecutor$Worker.run()V+5 java.base@11.0.16-internal
j  java.lang.Thread.run()V+11 java.base@11.0.16-internal
v  ~StubRoutines::call_stub
V  [libjvm.so+0x8794b3]  JavaCalls::call_helper(JavaValue*, methodHandle const&, JavaCallArguments*, Thread*)+0x353
V  [libjvm.so+0x8779c6]  JavaCalls::call_virtual(JavaValue*, Handle, Klass*, Symbol*, Symbol*, Thread*)+0x1a6
V  [libjvm.so+0x922b0d]  thread_entry(JavaThread*, Thread*)+0x6d
V  [libjvm.so+0xd77863]  JavaThread::thread_main_inner()+0x133
V  [libjvm.so+0xd742bc]  Thread::call_run()+0x13c
V  [libjvm.so+0xbe6ba6]  thread_native_entry(Thread*)+0xe6

Java frames: (J=compiled Java code, j=interpreted, Vv=VM code)
v  ~RuntimeStub::fast_new_instance Runtime1 stub
J 6066 c1 scala.runtime.IntRef.create(I)Lscala/runtime/IntRef; (9 bytes) @ 0x00007f1a59897c59 [0x00007f1a59897b40+0x0000000000000119]
j  org.apache.spark.executor.ExecutorMetrics$.getCurrentMetrics(Lorg/apache/spark/memory/MemoryManager;)[J+10
j  org.apache.spark.SparkContext.reportHeartBeat(Lscala/Option;)V+10
j  org.apache.spark.SparkContext.$anonfun$new$21(Lorg/apache/spark/SparkContext;Lscala/Option;)V+2
j  org.apache.spark.SparkContext$$Lambda$698.apply$mcV$sp()V+8
J 4380 c1 scala.runtime.java8.JFunction0$mcV$sp.apply()Ljava/lang/Object; (10 bytes) @ 0x00007f1a595fc734 [0x00007f1a595fc640+0x00000000000000f4]
J 6136 c1 org.apache.spark.util.Utils$.logUncaughtExceptions(Lscala/Function0;)Ljava/lang/Object; (66 bytes) @ 0x00007f1a598b3924 [0x00007f1a598b3820+0x0000000000000104]
J 6135 c1 org.apache.spark.Heartbeater$$anon$1.run()V (15 bytes) @ 0x00007f1a598b344c [0x00007f1a598b33c0+0x000000000000008c]
J 5774 c1 java.util.concurrent.Executors$RunnableAdapter.call()Ljava/lang/Object; java.base@11.0.16-internal (14 bytes) @ 0x00007f1a5980f2c4 [0x00007f1a5980f1c0+0x0000000000000104]
J 6041 c1 java.util.concurrent.FutureTask.runAndReset()Z java.base@11.0.16-internal (125 bytes) @ 0x00007f1a5988bf6c [0x00007f1a5988b900+0x000000000000066c]
J 5789 c1 java.util.concurrent.ScheduledThreadPoolExecutor$ScheduledFutureTask.run()V java.base@11.0.16-internal (57 bytes) @ 0x00007f1a5981c024 [0x00007f1a5981be40+0x00000000000001e4]
j  java.util.concurrent.ThreadPoolExecutor.runWorker(Ljava/util/concurrent/ThreadPoolExecutor$Worker;)V+92 java.base@11.0.16-internal
j  java.util.concurrent.ThreadPoolExecutor$Worker.run()V+5 java.base@11.0.16-internal
j  java.lang.Thread.run()V+11 java.base@11.0.16-internal
v  ~StubRoutines::call_stub

siginfo: si_signo: 11 (SIGSEGV), si_code: 128 (SI_KERNEL), si_addr: 0x0000000000000000

Register to memory mapping:

RAX=0x4059000000000000 is an unknown value
RBX=0x00000001003df408 is a pointer to class: 
scala.runtime.IntRef {0x00000001003df408}
RCX=0x00007f1a783f27cc: __read+0x000000000000004c in /lib/x86_64-linux-gnu/libc.so.6 at 0x00007f1a78306000
RDX=0x00000001003df408 is a pointer to class: 
scala.runtime.IntRef {0x00000001003df408}
RSP=0x00007f1a219ddcc0 is pointing into the stack for thread: 0x00007f1a7170c800
RBP=0x00007f1a219ddd50 is pointing into the stack for thread: 0x00007f1a7170c800
RSI=0x0 is NULL
RDI=0x00007f1a78267320: <offset 0x00000000011be320> in /home/adam/jdk11u/build/linux-x86_64-normal-server-release/images/jdk/lib/server/libjvm.so at 0x00007f1a770a9000
R8 =0x0 is NULL
R9 =0x00007f19ac016770 points into unknown readable memory: 0x0000000200000004 | 04 00 00 00 02 00 00 00
R10=0x00007f1a782ac200: <offset 0x0000000001203200> in /home/adam/jdk11u/build/linux-x86_64-normal-server-release/images/jdk/lib/server/libjvm.so at 0x00007f1a770a9000
R11=0x0 is NULL
R12=0x0000000000000002 is an unknown value
R13=0x00007f1a7003e420 points into unknown readable memory: 0x00007f1a78183450 | 50 34 18 78 1a 7f 00 00
R14=0x00007f1a782d0c00: __pthread_key_create+0x0000000000000000 in /lib/x86_64-linux-gnu/libpthread.so.0 at 0x00007f1a782c1000
R15=0x00007f1a70038db0 points into unknown readable memory: 0x00007f1a78221310 | 10 13 22 78 1a 7f 00 00


Registers:
RAX=0x4059000000000000, RBX=0x00000001003df408, RCX=0x00007f1a783f27cc, RDX=0x00000001003df408
RSP=0x00007f1a219ddcc0, RBP=0x00007f1a219ddd50, RSI=0x0000000000000000, RDI=0x00007f1a78267320
R8 =0x0000000000000000, R9 =0x00007f19ac016770, R10=0x00007f1a782ac200, R11=0x0000000000000000
R12=0x0000000000000002, R13=0x00007f1a7003e420, R14=0x00007f1a782d0c00, R15=0x00007f1a70038db0
RIP=0x00007f1a77378f10, EFLAGS=0x0000000000010206, CSGSFS=0x002b000000000033, ERR=0x0000000000000000
  TRAPNO=0x000000000000000d

Top of Stack: (sp=0x00007f1a219ddcc0)
0x00007f1a219ddcc0:   4059000000000000 0000000000000000
0x00007f1a219ddcd0:   00007f1a219dd76b 0000000000000002
0x00007f1a219ddce0:   00000001003df408 00007f1a78377782
0x00007f1a219ddcf0:   00007f1a219ddd40 000000000000000c 

Instructions: (pc=0x00007f1a77378f10)
0x00007f1a77378e10:   89 75 c0 19 d2 c6 45 b0 69 83 e2 04 83 c2 0c 80
0x00007f1a77378e20:   38 01 19 c0 66 0f 6e ca ba 28 00 00 00 83 e0 08
0x00007f1a77378e30:   83 c0 10 66 0f 6e c0 31 c0 44 88 e0 66 0f 62 c1
0x00007f1a77378e40:   88 dc 66 0f d6 45 c8 66 89 45 d0 e8 a0 cf fa ff
0x00007f1a77378e50:   48 83 c4 30 5b 41 5c 41 5d 41 5e 5d c3 90 66 90
0x00007f1a77378e60:   55 48 89 e5 41 57 41 56 41 55 49 89 fd 41 54 49
0x00007f1a77378e70:   89 f4 53 48 89 d3 48 83 ec 68 4c 8b 35 ef 50 eb
0x00007f1a77378e80:   00 c6 45 80 6b 48 89 75 88 48 89 55 90 4d 85 f6
0x00007f1a77378e90:   74 14 48 8d 3d 87 e4 ee 00 e8 72 c4 fa ff 85 c0
0x00007f1a77378ea0:   0f 85 46 02 00 00 8b 3d 5c 51 eb 00 48 8d 75 80
0x00007f1a77378eb0:   ba 18 00 00 00 e8 36 cf fa ff 8b 3d 48 51 eb 00
0x00007f1a77378ec0:   ba 10 00 00 00 48 8d b5 70 ff ff ff e8 6f ca fa
0x00007f1a77378ed0:   ff 48 83 bd 78 ff ff ff 00 75 55 8b 43 08 85 c0
0x00007f1a77378ee0:   7e 0d f6 83 3a 01 00 00 03 0f 85 c1 00 00 00 4d
0x00007f1a77378ef0:   85 f6 74 0c 48 8d 3d 25 e4 ee 00 e8 c0 c3 fa ff
0x00007f1a77378f00:   48 8b 85 70 ff ff ff 48 85 c0 74 13 48 8b 55 90
0x00007f1a77378f10:   44 89 60 f4 c7 40 f0 ef be ad de 48 89 50 f8 48
0x00007f1a77378f20:   83 c4 68 5b 41 5c 41 5d 41 5e 41 5f 5d c3 66 90
0x00007f1a77378f30:   8b 43 08 48 89 df 48 c7 45 b8 00 00 00 00 c7 45
0x00007f1a77378f40:   c0 63 00 00 00 c7 45 b0 00 00 00 00 89 45 c4 e8
0x00007f1a77378f50:   6c ed 75 00 48 89 c7 e8 54 c5 fa ff 48 89 45 a8
0x00007f1a77378f60:   8b 43 08 85 c0 7f 79 3d 00 00 00 c0 0f 8c fd 00
0x00007f1a77378f70:   00 00 3d ff ff ff bf 0f 87 26 01 00 00 48 89 df
0x00007f1a77378f80:   e8 3b ed 75 00 48 89 c7 e8 23 c5 fa ff 48 89 df
0x00007f1a77378f90:   49 89 c7 e8 28 ed 75 00 8b 3d 6a 50 eb 00 4c 89
0x00007f1a77378fa0:   fa 48 89 c6 e8 47 ce fa ff e9 2d ff ff ff 66 90
0x00007f1a77378fb0:   bf 10 00 00 00 48 8b 9d 70 ff ff ff e8 0f cc fa
0x00007f1a77378fc0:   ff 49 8b 95 b0 00 00 00 48 89 18 48 89 50 08 49
0x00007f1a77378fd0:   89 85 b0 00 00 00 e9 14 ff ff ff 0f 1f 44 00 00
0x00007f1a77378fe0:   8b 83 30 01 00 00 48 89 df 89 45 b0 e8 cf ee 75
0x00007f1a77378ff0:   00 48 63 93 c4 00 00 00 49 89 c0 48 63 83 34 01
0x00007f1a77379000:   00 00 48 01 d0 4d 8d 3c c0 0f b7 83 3a 01 00 00 


Stack slot to memory mapping:
stack at sp + 0 slots: 0x4059000000000000 is an unknown value
stack at sp + 1 slots: 0x0 is NULL
stack at sp + 2 slots: 0x00007f1a219dd76b is pointing into the stack for thread: 0x00007f1a7170c800
stack at sp + 3 slots: 0x0000000000000002 is an unknown value
stack at sp + 4 slots: 0x00000001003df408 is a pointer to class: 
scala.runtime.IntRef {0x00000001003df408}
stack at sp + 5 slots: 0x00007f1a78377782: fflush+0x0000000000000082 in /lib/x86_64-linux-gnu/libc.so.6 at 0x00007f1a78306000
stack at sp + 6 slots: 0x00007f1a219ddd40 is pointing into the stack for thread: 0x00007f1a7170c800
stack at sp + 7 slots: 0x000000000000000c is an unknown value


---------------  P R O C E S S  ---------------

Threads class SMR info:
_java_thread_list=0x00007f1a08058d00, length=63, elements={
0x00007f1a7002b800, 0x00007f1a700a1800, 0x00007f1a700a6000, 0x00007f1a700bb800,
0x00007f1a700bd800, 0x00007f1a700bf800, 0x00007f1a700c1800, 0x00007f1a700c3800,
0x00007f1a70145800, 0x00007f1a70945000, 0x00007f1a70948800, 0x00007f1a70949800,
0x00007f1a7094b800, 0x00007f1a7094d000, 0x00007f1a7094e800, 0x00007f1a71524000,
0x00007f1a71525800, 0x00007f1a71527800, 0x00007f1a71084000, 0x00007f1a71092800,
0x00007f1a71094000, 0x00007f1a71098800, 0x00007f1a7109a000, 0x00007f1a7109b800,
0x00007f1a7109d800, 0x00007f1a7109f800, 0x00007f1a71005800, 0x00007f1a717e6800,
0x00007f1a717e3000, 0x00007f1a718bd800, 0x00007f1a718bf000, 0x00007f1a718c1000,
0x00007f1a718c2800, 0x00007f1a72469000, 0x00007f1a7246b000, 0x00007f1a7246c800,
0x00007f1a7246e800, 0x00007f1a718f0000, 0x00007f19b8002000, 0x00007f19ac01f000,
0x00007f1a724a1000, 0x00007f1a724a3800, 0x00007f1a718ba800, 0x00007f1a7170c800,
0x00007f1a71764800, 0x00007f1a71770000, 0x00007f1a71723800, 0x00007f1a24005000,
0x00007f1a718b9000, 0x00007f1a7234c800, 0x00007f1a7234e000, 0x00007f1a72356800,
0x00007f1a72358800, 0x00007f1980023800, 0x00007f1a71eff800, 0x00007f1a0804b000,
0x00007f1a0804c000, 0x00007f1a0804d800, 0x00007f1a0804f800, 0x00007f1a08051000,
0x00007f1a08053000, 0x00007f1a08055000, 0x00007f1a08057000
}

Java Threads: ( => current thread )
  0x00007f1a7002b800 JavaThread "main" [_thread_blocked, id=480525, stack(0x00007f1a76e64000,0x00007f1a76f65000)]
  0x00007f1a700a1800 JavaThread "Reference Handler" daemon [_thread_blocked, id=480527, stack(0x00007f1a760b6000,0x00007f1a761b7000)]
  0x00007f1a700a6000 JavaThread "Finalizer" daemon [_thread_blocked, id=480528, stack(0x00007f1a75fb5000,0x00007f1a760b6000)]
  0x00007f1a700bb800 JavaThread "Signal Dispatcher" daemon [_thread_blocked, id=480529, stack(0x00007f1a75bcd000,0x00007f1a75cce000)]
  0x00007f1a700bd800 JavaThread "Service Thread" daemon [_thread_blocked, id=480530, stack(0x00007f1a75acc000,0x00007f1a75bcd000)]
  0x00007f1a700bf800 JavaThread "C2 CompilerThread0" daemon [_thread_blocked, id=480531, stack(0x00007f1a759cb000,0x00007f1a75acc000)]
  0x00007f1a700c1800 JavaThread "C1 CompilerThread0" daemon [_thread_blocked, id=480532, stack(0x00007f1a758ca000,0x00007f1a759cb000)]
  0x00007f1a700c3800 JavaThread "Sweeper thread" daemon [_thread_blocked, id=480533, stack(0x00007f1a757c9000,0x00007f1a758ca000)]
  0x00007f1a70145800 JavaThread "Common-Cleaner" daemon [_thread_blocked, id=480535, stack(0x00007f1a755c6000,0x00007f1a756c7000)]
  0x00007f1a70945000 JavaThread "rpc-boss-3-1" daemon [_thread_in_native, id=480540, stack(0x00007f1a75068000,0x00007f1a75169000)]
  0x00007f1a70948800 JavaThread "dispatcher-event-loop-0" daemon [_thread_blocked, id=480541, stack(0x00007f1a580ef000,0x00007f1a581f0000)]
  0x00007f1a70949800 JavaThread "dispatcher-event-loop-1" daemon [_thread_blocked, id=480542, stack(0x00007f1a23eff000,0x00007f1a24000000)]
  0x00007f1a7094b800 JavaThread "dispatcher-event-loop-2" daemon [_thread_blocked, id=480543, stack(0x00007f1a23dfe000,0x00007f1a23eff000)]
  0x00007f1a7094d000 JavaThread "dispatcher-event-loop-3" daemon [_thread_blocked, id=480544, stack(0x00007f1a23cfd000,0x00007f1a23dfe000)]
  0x00007f1a7094e800 JavaThread "dispatcher-event-loop-4" daemon [_thread_blocked, id=480545, stack(0x00007f1a23bfc000,0x00007f1a23cfd000)]
  0x00007f1a71524000 JavaThread "dispatcher-event-loop-5" daemon [_thread_blocked, id=480546, stack(0x00007f1a23afb000,0x00007f1a23bfc000)]
  0x00007f1a71525800 JavaThread "dispatcher-event-loop-6" daemon [_thread_blocked, id=480547, stack(0x00007f1a239fa000,0x00007f1a23afb000)]
  0x00007f1a71527800 JavaThread "dispatcher-event-loop-7" daemon [_thread_blocked, id=480548, stack(0x00007f1a238f9000,0x00007f1a239fa000)]
  0x00007f1a71084000 JavaThread "map-output-dispatcher-0" daemon [_thread_blocked, id=480549, stack(0x00007f1a237f8000,0x00007f1a238f9000)]
  0x00007f1a71092800 JavaThread "map-output-dispatcher-1" daemon [_thread_blocked, id=480550, stack(0x00007f1a236f7000,0x00007f1a237f8000)]
  0x00007f1a71094000 JavaThread "map-output-dispatcher-2" daemon [_thread_blocked, id=480551, stack(0x00007f1a235f6000,0x00007f1a236f7000)]
  0x00007f1a71098800 JavaThread "map-output-dispatcher-3" daemon [_thread_blocked, id=480552, stack(0x00007f1a234f5000,0x00007f1a235f6000)]
  0x00007f1a7109a000 JavaThread "map-output-dispatcher-4" daemon [_thread_blocked, id=480553, stack(0x00007f1a233f4000,0x00007f1a234f5000)]
  0x00007f1a7109b800 JavaThread "map-output-dispatcher-5" daemon [_thread_blocked, id=480554, stack(0x00007f1a232f3000,0x00007f1a233f4000)]
  0x00007f1a7109d800 JavaThread "map-output-dispatcher-6" daemon [_thread_blocked, id=480555, stack(0x00007f1a231f2000,0x00007f1a232f3000)]
  0x00007f1a7109f800 JavaThread "map-output-dispatcher-7" daemon [_thread_blocked, id=480556, stack(0x00007f1a230f1000,0x00007f1a231f2000)]
  0x00007f1a71005800 JavaThread "dispatcher-BlockManagerMaster" daemon [_thread_blocked, id=480557, stack(0x00007f1a22df0000,0x00007f1a22ef1000)]
  0x00007f1a717e6800 JavaThread "dispatcher-BlockManagerEndpoint1" daemon [_thread_blocked, id=480558, stack(0x00007f1a22cef000,0x00007f1a22df0000)]
  0x00007f1a717e3000 JavaThread "RemoteBlock-temp-file-clean-thread" daemon [_thread_blocked, id=480559, stack(0x00007f1a22bee000,0x00007f1a22cef000)]
  0x00007f1a718bd800 JavaThread "SparkUI-37" daemon [_thread_in_native, id=480560, stack(0x00007f1a228ed000,0x00007f1a229ee000)]
  0x00007f1a718bf000 JavaThread "SparkUI-38" daemon [_thread_in_native, id=480561, stack(0x00007f1a227ec000,0x00007f1a228ed000)]
  0x00007f1a718c1000 JavaThread "SparkUI-39" daemon [_thread_in_native, id=480562, stack(0x00007f1a226eb000,0x00007f1a227ec000)]
  0x00007f1a718c2800 JavaThread "SparkUI-40" daemon [_thread_in_native, id=480563, stack(0x00007f1a225ea000,0x00007f1a226eb000)]
  0x00007f1a72469000 JavaThread "SparkUI-41-acceptor-0@4182450c-Spark@4f45b34c{HTTP/1.1, (http/1.1)}{0.0.0.0:4040}" daemon [_thread_in_native, id=480564, stack(0x00007f1a224e9000,0x00007f1a225ea000)]
  0x00007f1a7246b000 JavaThread "SparkUI-42" daemon [_thread_blocked, id=480565, stack(0x00007f1a223e8000,0x00007f1a224e9000)]
  0x00007f1a7246c800 JavaThread "SparkUI-43" daemon [_thread_blocked, id=480566, stack(0x00007f1a222e7000,0x00007f1a223e8000)]
  0x00007f1a7246e800 JavaThread "SparkUI-44" daemon [_thread_blocked, id=480567, stack(0x00007f1a221e6000,0x00007f1a222e7000)]
  0x00007f1a718f0000 JavaThread "dispatcher-HeartbeatReceiver" daemon [_thread_blocked, id=480568, stack(0x00007f1a21ee5000,0x00007f1a21fe6000)]
  0x00007f19b8002000 JavaThread "heartbeat-receiver-event-loop-thread" daemon [_thread_blocked, id=480569, stack(0x00007f1a21de4000,0x00007f1a21ee5000)]
  0x00007f19ac01f000 JavaThread "netty-rpc-env-timeout" daemon [_thread_blocked, id=480570, stack(0x00007f1a21ce3000,0x00007f1a21de4000)]
  0x00007f1a724a1000 JavaThread "task-starvation-timer" daemon [_thread_blocked, id=480571, stack(0x00007f1a21be2000,0x00007f1a21ce3000)]
  0x00007f1a724a3800 JavaThread "task-abort-timer" daemon [_thread_blocked, id=480572, stack(0x00007f1a21ae1000,0x00007f1a21be2000)]
  0x00007f1a718ba800 JavaThread "dag-scheduler-event-loop" daemon [_thread_blocked, id=480573, stack(0x00007f1a219e0000,0x00007f1a21ae1000)]
=>0x00007f1a7170c800 JavaThread "driver-heartbeater" daemon [_thread_in_vm, id=480574, stack(0x00007f1a218df000,0x00007f1a219e0000)]
  0x00007f1a71764800 JavaThread "executor-kill-mark-cleanup" daemon [_thread_in_vm, id=480575, stack(0x00007f1a217de000,0x00007f1a218df000)]
  0x00007f1a71770000 JavaThread "executor-heartbeater" daemon [_thread_blocked, id=480576, stack(0x00007f1a216dd000,0x00007f1a217de000)]
  0x00007f1a71723800 JavaThread "files-client-5-1" daemon [_thread_in_native, id=480577, stack(0x00007f1a213dc000,0x00007f1a214dd000)]
  0x00007f1a24005000 JavaThread "rpc-server-4-1" daemon [_thread_in_native, id=480578, stack(0x00007f1a212db000,0x00007f1a213dc000)]
  0x00007f1a718b9000 JavaThread "shuffle-boss-7-1" daemon [_thread_in_native, id=480582, stack(0x00007f1a209d8000,0x00007f1a20ad9000)]
  0x00007f1a7234c800 JavaThread "Spark Context Cleaner" daemon [_thread_in_vm, id=480586, stack(0x00007f1a207d6000,0x00007f1a208d7000)]
  0x00007f1a7234e000 JavaThread "context-cleaner-periodic-gc" daemon [_thread_blocked, id=480587, stack(0x00007f1a208d7000,0x00007f1a209d8000)]
  0x00007f1a72356800 JavaThread "spark-listener-group-appStatus" daemon [_thread_blocked, id=480588, stack(0x00007f1a202d5000,0x00007f1a203d6000)]
  0x00007f1a72358800 JavaThread "spark-listener-group-executorManagement" daemon [_thread_blocked, id=480589, stack(0x00007f1a201d4000,0x00007f1a202d5000)]
  0x00007f1980023800 JavaThread "element-tracking-store-worker" daemon [_thread_blocked, id=480590, stack(0x00007f1a200d3000,0x00007f1a201d4000)]
  0x00007f1a71eff800 JavaThread "org.apache.hadoop.fs.FileSystem$Statistics$StatisticsDataReferenceCleaner" daemon [_thread_blocked, id=480591, stack(0x00007f1973aff000,0x00007f1973c00000)]
  0x00007f1a0804b000 JavaThread "Executor task launch worker for task 0.0 in stage 0.0 (TID 0)" daemon [_thread_blocked, id=480593, stack(0x00007f1972bda000,0x00007f1972cdb000)]
  0x00007f1a0804c000 JavaThread "Executor task launch worker for task 1.0 in stage 0.0 (TID 1)" daemon [_thread_blocked, id=480594, stack(0x00007f1972ad9000,0x00007f1972bda000)]
  0x00007f1a0804d800 JavaThread "Executor task launch worker for task 2.0 in stage 0.0 (TID 2)" daemon [_thread_in_vm, id=480595, stack(0x00007f19729d8000,0x00007f1972ad9000)]
  0x00007f1a0804f800 JavaThread "Executor task launch worker for task 3.0 in stage 0.0 (TID 3)" daemon [_thread_blocked, id=480596, stack(0x00007f19728d7000,0x00007f19729d8000)]
  0x00007f1a08051000 JavaThread "Executor task launch worker for task 4.0 in stage 0.0 (TID 4)" daemon [_thread_in_vm, id=480597, stack(0x00007f19727d6000,0x00007f19728d7000)]
  0x00007f1a08053000 JavaThread "Executor task launch worker for task 5.0 in stage 0.0 (TID 5)" daemon [_thread_blocked, id=480598, stack(0x00007f19726d5000,0x00007f19727d6000)]
  0x00007f1a08055000 JavaThread "Executor task launch worker for task 6.0 in stage 0.0 (TID 6)" daemon [_thread_in_vm, id=480599, stack(0x00007f19725d4000,0x00007f19726d5000)]
  0x00007f1a08057000 JavaThread "Executor task launch worker for task 7.0 in stage 0.0 (TID 7)" daemon [_thread_blocked, id=480600, stack(0x00007f19724d3000,0x00007f19725d4000)]

Other Threads:
  0x00007f1a70099000 VMThread "VM Thread" [stack: 0x00007f1a761b9000,0x00007f1a762b9000] [id=480526]
  0x00007f1a70135800 WatcherThread [stack: 0x00007f1a756c9000,0x00007f1a757c9000] [id=480534]

Threads with active compile tasks:

VM state:synchronizing (normal execution)

VM Mutex/Monitor currently owned by a thread:  ([mutex/lock_event])
[0x00007f1a70028300] Threads_lock - owner thread: 0x00007f1a70099000
[0x00007f1a70028ae0] Heap_lock - owner thread: 0x0000000000000000

Heap address: 0x0000000080000000, size: 2048 MB, Compressed Oops mode: 32-bit
Narrow klass base: 0x0000000000000000, Narrow klass shift: 3
Compressed class space size: 1073741824 Address: 0x0000000100000000

Heap:
Epsilon Heap
Allocation space:
 Metaspace       used 73045K, capacity 76482K, committed 76572K, reserved 1116160K
  class space    used 10028K, capacity 11718K, committed 11728K, reserved 1048576K


Polling page: 0x00007f1a784de000

Metaspace:

Usage:
  Non-class:     63,25 MB capacity,    61,54 MB ( 97%) used,     1,30 MB (  2%) free+waste,   412,88 KB ( <1%) overhead. 
      Class:     11,44 MB capacity,     9,79 MB ( 86%) used,     1,43 MB ( 12%) free+waste,   228,31 KB (  2%) overhead. 
       Both:     74,69 MB capacity,    71,33 MB ( 96%) used,     2,73 MB (  4%) free+waste,   641,19 KB ( <1%) overhead. 

Virtual space:
  Non-class space:       66,00 MB reserved,      63,32 MB ( 96%) committed 
      Class space:        1,00 GB reserved,      11,45 MB (  1%) committed 
             Both:        1,06 GB reserved,      74,78 MB (  7%) committed 

Chunk freelists:
   Non-Class:  68,00 KB
       Class:  0 bytes
        Both:  68,00 KB

MaxMetaspaceSize: unlimited
CompressedClassSpaceSize: 1,00 GB
Initial GC threshold: 20,80 MB
Current GC threshold: 74,94 MB
CDS: off

CodeHeap 'non-profiled nmethods': size=120032Kb used=3693Kb max_used=3693Kb free=116338Kb
 bounds [0x00007f1a602da000, 0x00007f1a6067a000, 0x00007f1a67812000]
CodeHeap 'profiled nmethods': size=120028Kb used=11699Kb max_used=11699Kb free=108328Kb
 bounds [0x00007f1a58da3000, 0x00007f1a59913000, 0x00007f1a602da000]
CodeHeap 'non-nmethods': size=5700Kb used=1473Kb max_used=1494Kb free=4226Kb
 bounds [0x00007f1a58812000, 0x00007f1a58a82000, 0x00007f1a58da3000]
 total_blobs=7131 nmethods=6323 adapters=722
 compilation: enabled
              stopped_count=0, restarted_count=0
 full_count=0

Compilation events (20 events):
Event: 1944,108 Thread 0x00007f1a700c1800 6323       3       scala.collection.mutable.Iterable::companion$ (5 bytes)
Event: 1944,108 Thread 0x00007f1a700c1800 nmethod 6323 0x00007f1a5990dd90 code [0x00007f1a5990df40, 0x00007f1a5990e0d0]
Event: 1944,108 Thread 0x00007f1a700c1800 6324       3       org.apache.spark.deploy.SparkHadoopUtil$$anon$2$$Lambda$1763/0x0000000100b6d840::apply (12 bytes)
Event: 1944,108 Thread 0x00007f1a700c1800 nmethod 6324 0x00007f1a5990e190 code [0x00007f1a5990e380, 0x00007f1a5990e670]
Event: 1952,954 Thread 0x00007f1a700bf800 6325       4       org.apache.spark.util.kvstore.KVTypeInfo$MethodAccessor::get (13 bytes)
Event: 1952,966 Thread 0x00007f1a700bf800 nmethod 6325 0x00007f1a60672f90 code [0x00007f1a606731a0, 0x00007f1a60673550]
Event: 1959,203 Thread 0x00007f1a700bf800 6326       4       java.util.HashMap$ValueSpliterator::tryAdvance (138 bytes)
Event: 1959,207 Thread 0x00007f1a700bf800 nmethod 6326 0x00007f1a60673a10 code [0x00007f1a60673bc0, 0x00007f1a60673e78]
Event: 1959,580 Thread 0x00007f1a700bf800 6327       4       scala.collection.mutable.HashTable::findEntry0 (44 bytes)
Event: 1959,592 Thread 0x00007f1a700bf800 nmethod 6327 0x00007f1a60674110 code [0x00007f1a60674340, 0x00007f1a60674a78]
Event: 1963,260 Thread 0x00007f1a700bf800 6328       4       java.lang.management.ManagementFactory$PlatformMBeanFinder$$Lambda$786/0x00000001006d9840::test (12 bytes)
Event: 1963,264 Thread 0x00007f1a700bf800 nmethod 6328 0x00007f1a60675010 code [0x00007f1a606751c0, 0x00007f1a606752f8]
Event: 1969,412 Thread 0x00007f1a700c1800 6329       3       org.apache.spark.status.api.v1.StageData::<init> (386 bytes)
Event: 1969,414 Thread 0x00007f1a700c1800 nmethod 6329 0x00007f1a5990e790 code [0x00007f1a5990e940, 0x00007f1a5990ee10]
Event: 1973,343 Thread 0x00007f1a700c1800 6330       3       org.apache.spark.util.kvstore.ArrayWrappers$ComparableIntArray::<init> (10 bytes)
Event: 1973,343 Thread 0x00007f1a700c1800 nmethod 6330 0x00007f1a5990f090 code [0x00007f1a5990f240, 0x00007f1a5990f390]
Event: 1974,531 Thread 0x00007f1a700c1800 6331       3       scala.concurrent.Promise::complete (22 bytes)
Event: 1974,531 Thread 0x00007f1a700c1800 nmethod 6331 0x00007f1a5990f490 code [0x00007f1a5990f660, 0x00007f1a5990f8f0]
Event: 1978,598 Thread 0x00007f1a700c1800 6332       3       org.apache.spark.util.ListenerBus$$Lambda$837/0x000000010074c440::<init> (32 bytes)
Event: 1978,598 Thread 0x00007f1a700c1800 nmethod 6332 0x00007f1a5990fa10 code [0x00007f1a5990fbc0, 0x00007f1a5990fd30]

GC Heap History (0 events):
No events

Deoptimization events (20 events):
Event: 1169,290 Thread 0x00007f1a08057000 Uncommon trap: trap_request=0xffffff4d fr.pc=0x00007f1a6060dbec relative=0x00000000000016ac
Event: 1169,290 Thread 0x00007f1a08057000 Uncommon trap: reason=unstable_if action=reinterpret pc=0x00007f1a6060dbec method=org.apache.spark.util.collection.Spillable.maybeSpill(Ljava/lang/Object;J)Z @ 20 c2
Event: 1169,290 Thread 0x00007f1a08057000 DEOPT PACKING pc=0x00007f1a6060dbec sp=0x00007f19725d2010
Event: 1169,290 Thread 0x00007f1a08057000 DEOPT UNPACKING pc=0x00007f1a5881a2a5 sp=0x00007f19725d1ed8 mode 2
Event: 1172,643 Thread 0x00007f1a0804f800 DEOPT PACKING pc=0x00007f1a59852d5a sp=0x00007f19729d5f00
Event: 1172,643 Thread 0x00007f1a0804f800 DEOPT UNPACKING pc=0x00007f1a5885b9fa sp=0x00007f19729d54e8 mode 0
Event: 1179,891 Thread 0x00007f1a0804d800 DEOPT PACKING pc=0x00007f1a59852d5a sp=0x00007f1972ad6f00
Event: 1179,891 Thread 0x00007f1a0804d800 DEOPT UNPACKING pc=0x00007f1a5885b9fa sp=0x00007f1972ad64e8 mode 0
Event: 1190,445 Thread 0x00007f1a08051000 DEOPT PACKING pc=0x00007f1a59852d5a sp=0x00007f19728d4f00
Event: 1190,445 Thread 0x00007f1a08051000 DEOPT UNPACKING pc=0x00007f1a5885b9fa sp=0x00007f19728d44e8 mode 0
Event: 1212,378 Thread 0x00007f1a0804b000 DEOPT PACKING pc=0x00007f1a59852d5a sp=0x00007f1972cd8f00
Event: 1212,378 Thread 0x00007f1a0804b000 DEOPT UNPACKING pc=0x00007f1a5885b9fa sp=0x00007f1972cd84e8 mode 0
Event: 1282,093 Thread 0x00007f1a08053000 Uncommon trap: trap_request=0xffffff4d fr.pc=0x00007f1a6060dbec relative=0x00000000000016ac
Event: 1282,093 Thread 0x00007f1a08053000 Uncommon trap: reason=unstable_if action=reinterpret pc=0x00007f1a6060dbec method=org.apache.spark.util.collection.Spillable.maybeSpill(Ljava/lang/Object;J)Z @ 20 c2
Event: 1282,093 Thread 0x00007f1a08053000 DEOPT PACKING pc=0x00007f1a6060dbec sp=0x00007f19727d4010
Event: 1282,093 Thread 0x00007f1a08053000 DEOPT UNPACKING pc=0x00007f1a5881a2a5 sp=0x00007f19727d3ed8 mode 2
Event: 23701,529 Thread 0x00007f1a7234c800 Uncommon trap: trap_request=0xffffff6e fr.pc=0x00007f1a6052e780 relative=0x0000000000000040
Event: 23701,530 Thread 0x00007f1a7234c800 Uncommon trap: reason=speculate_class_check action=maybe_recompile pc=0x00007f1a6052e780 method=java.lang.invoke.Invokers$Holder.linkToTargetMethod(Ljava/lang/Object;)Ljava/lang/Object; @ 1 c2
Event: 23701,530 Thread 0x00007f1a7234c800 DEOPT PACKING pc=0x00007f1a6052e780 sp=0x00007f1a208d57c0
Event: 23701,530 Thread 0x00007f1a7234c800 DEOPT UNPACKING pc=0x00007f1a5881a2a5 sp=0x00007f1a208d5768 mode 2

Classes redefined (0 events):
No events

Internal exceptions (20 events):
Event: 294,492 Thread 0x00007f1a0804b000 Exception <a 'java/lang/NoSuchMethodError'{0x000000009d3d1d10}: 'void java.lang.invoke.DirectMethodHandle$Holder.invokeStatic(java.lang.Object, java.lang.Object, java.lang.Object, java.lang.Object, java.lang.Object, java.lang.Object, java.lang.Object)'> (0x000000009d3d1d10) thrown at [src/hotspot/share/interpreter/linkResolver.cpp, line 772]
Event: 294,497 Thread 0x00007f1a08055000 Exception <a 'java/lang/NoSuchMethodError'{0x000000009d3d1b88}: 'void java.lang.invoke.DirectMethodHandle$Holder.invokeStatic(java.lang.Object, java.lang.Object, java.lang.Object, java.lang.Object, java.lang.Object, java.lang.Object, java.lang.Object)'> (0x000000009d3d1b88) thrown at [src/hotspot/share/interpreter/linkResolver.cpp, line 772]
Event: 294,504 Thread 0x00007f1a08051000 Exception <a 'java/lang/NoSuchMethodError'{0x000000009d3d1ca0}: 'void java.lang.invoke.DirectMethodHandle$Holder.invokeStatic(java.lang.Object, java.lang.Object, java.lang.Object, java.lang.Object, java.lang.Object, java.lang.Object, java.lang.Object)'> (0x000000009d3d1ca0) thrown at [src/hotspot/share/interpreter/linkResolver.cpp, line 772]
Event: 294,513 Thread 0x00007f1a0804f800 Exception <a 'java/lang/NoSuchMethodError'{0x000000009d3c34c0}: 'void java.lang.invoke.DirectMethodHandle$Holder.invokeStatic(java.lang.Object, java.lang.Object, java.lang.Object, java.lang.Object, java.lang.Object, java.lang.Object, java.lang.Object)'> (0x000000009d3c34c0) thrown at [src/hotspot/share/interpreter/linkResolver.cpp, line 772]
Event: 294,535 Thread 0x00007f1a08057000 Exception <a 'java/lang/NoSuchMethodError'{0x000000009d3c2f48}: 'void java.lang.invoke.DirectMethodHandle$Holder.invokeStatic(java.lang.Object, java.lang.Object, java.lang.Object, java.lang.Object, java.lang.Object, java.lang.Object, java.lang.Object)'> (0x000000009d3c2f48) thrown at [src/hotspot/share/interpreter/linkResolver.cpp, line 772]
Event: 294,536 Thread 0x00007f1a0804c000 Exception <a 'java/lang/NoSuchMethodError'{0x000000009d3d1a00}: 'void java.lang.invoke.DirectMethodHandle$Holder.invokeStatic(java.lang.Object, java.lang.Object, java.lang.Object, java.lang.Object, java.lang.Object, java.lang.Object, java.lang.Object)'> (0x000000009d3d1a00) thrown at [src/hotspot/share/interpreter/linkResolver.cpp, line 772]
Event: 294,628 Thread 0x00007f1a0804d800 Exception <a 'java/lang/NoSuchMethodError'{0x000000009d3e9b68}: 'void java.lang.invoke.DirectMethodHandle$Holder.invokeStatic(java.lang.Object, java.lang.Object, java.lang.Object, java.lang.Object, java.lang.Object, java.lang.Object, java.lang.Object, java.lang.Object)'> (0x000000009d3e9b68) thrown at [src/hotspot/share/interpreter/linkResolver.cpp, line 772]
Event: 294,635 Thread 0x00007f1a08053000 Exception <a 'java/lang/NoSuchMethodError'{0x000000009d3e9a50}: 'void java.lang.invoke.DirectMethodHandle$Holder.invokeStatic(java.lang.Object, java.lang.Object, java.lang.Object, java.lang.Object, java.lang.Object, java.lang.Object, java.lang.Object, java.lang.Object)'> (0x000000009d3e9a50) thrown at [src/hotspot/share/interpreter/linkResolver.cpp, line 772]
Event: 294,690 Thread 0x00007f1a08055000 Exception <a 'java/lang/NoSuchMethodError'{0x000000009d3fd148}: 'void java.lang.invoke.DirectMethodHandle$Holder.invokeStatic(java.lang.Object, java.lang.Object, java.lang.Object, java.lang.Object, java.lang.Object, java.lang.Object, java.lang.Object, java.lang.Object)'> (0x000000009d3fd148) thrown at [src/hotspot/share/interpreter/linkResolver.cpp, line 772]
Event: 294,691 Thread 0x00007f1a08051000 Exception <a 'java/lang/NoSuchMethodError'{0x000000009d3fd030}: 'void java.lang.invoke.DirectMethodHandle$Holder.invokeStatic(java.lang.Object, java.lang.Object, java.lang.Object, java.lang.Object, java.lang.Object, java.lang.Object, java.lang.Object, java.lang.Object)'> (0x000000009d3fd030) thrown at [src/hotspot/share/interpreter/linkResolver.cpp, line 772]
Event: 294,707 Thread 0x00007f1a0804f800 Exception <a 'java/lang/NoSuchMethodError'{0x000000009d3fd298}: 'void java.lang.invoke.DirectMethodHandle$Holder.invokeStatic(java.lang.Object, java.lang.Object, java.lang.Object, java.lang.Object, java.lang.Object, java.lang.Object, java.lang.Object, java.lang.Object)'> (0x000000009d3fd298) thrown at [src/hotspot/share/interpreter/linkResolver.cpp, line 772]
Event: 294,734 Thread 0x00007f1a0804b000 Exception <a 'java/lang/NoSuchMethodError'{0x000000009d3fcdc8}: 'void java.lang.invoke.DirectMethodHandle$Holder.invokeStatic(java.lang.Object, java.lang.Object, java.lang.Object, java.lang.Object, java.lang.Object, java.lang.Object, java.lang.Object, java.lang.Object)'> (0x000000009d3fcdc8) thrown at [src/hotspot/share/interpreter/linkResolver.cpp, line 772]
Event: 303,756 Thread 0x00007f1a08055000 Exception <a 'java/lang/NoSuchMethodError'{0x000000009db9e328}: 'long java.lang.invoke.DirectMethodHandle$Holder.invokeStatic(java.lang.Object, java.lang.Object, java.lang.Object)'> (0x000000009db9e328) thrown at [src/hotspot/share/interpreter/linkResolver.cpp, line 772]
Event: 303,827 Thread 0x00007f1a08055000 Exception <a 'java/lang/NoSuchMethodError'{0x000000009dbbd578}: 'long java.lang.invoke.DirectMethodHandle$Holder.invokeInterface(java.lang.Object, java.lang.Object, java.lang.Object)'> (0x000000009dbbd578) thrown at [src/hotspot/share/interpreter/linkResolver.cpp, line 772]
Event: 303,832 Thread 0x00007f1a08051000 Exception <a 'java/lang/NoSuchMethodError'{0x000000009dbbd2d8}: 'long java.lang.invoke.DirectMethodHandle$Holder.invokeInterface(java.lang.Object, java.lang.Object, java.lang.Object)'> (0x000000009dbbd2d8) thrown at [src/hotspot/share/interpreter/linkResolver.cpp, line 772]
Event: 303,867 Thread 0x00007f1a0804b000 Exception <a 'java/lang/NoSuchMethodError'{0x000000009dbbc9e0}: 'long java.lang.invoke.DirectMethodHandle$Holder.invokeInterface(java.lang.Object, java.lang.Object, java.lang.Object)'> (0x000000009dbbc9e0) thrown at [src/hotspot/share/interpreter/linkResolver.cpp, line 772]
Event: 303,900 Thread 0x00007f1a0804c000 Exception <a 'java/lang/NoSuchMethodError'{0x000000009dbc7c30}: 'long java.lang.invoke.DirectMethodHandle$Holder.invokeInterface(java.lang.Object, java.lang.Object, java.lang.Object)'> (0x000000009dbc7c30) thrown at [src/hotspot/share/interpreter/linkResolver.cpp, line 772]
Event: 303,929 Thread 0x00007f1a08053000 Exception <a 'java/lang/NoSuchMethodError'{0x000000009dbc8020}: 'long java.lang.invoke.DirectMethodHandle$Holder.invokeInterface(java.lang.Object, java.lang.Object, java.lang.Object)'> (0x000000009dbc8020) thrown at [src/hotspot/share/interpreter/linkResolver.cpp, line 772]
Event: 303,933 Thread 0x00007f1a0804f800 Exception <a 'java/lang/NoSuchMethodError'{0x000000009dbbca88}: 'long java.lang.invoke.DirectMethodHandle$Holder.invokeInterface(java.lang.Object, java.lang.Object, java.lang.Object)'> (0x000000009dbbca88) thrown at [src/hotspot/share/interpreter/linkResolver.cpp, line 772]
Event: 303,976 Thread 0x00007f1a08057000 Exception <a 'java/lang/NoSuchMethodError'{0x000000009dbc76f0}: 'long java.lang.invoke.DirectMethodHandle$Holder.invokeInterface(java.lang.Object, java.lang.Object, java.lang.Object)'> (0x000000009dbc76f0) thrown at [src/hotspot/share/interpreter/linkResolver.cpp, line 772]

Events (20 events):
Event: 1069,503 loading class scala/collection/immutable/StringLike done
Event: 1069,610 loading class java/util/Formatter$FormatSpecifier$BigDecimalLayout
Event: 1069,646 loading class java/util/Formatter$FormatSpecifier$BigDecimalLayout done
Event: 1069,655 loading class java/util/Formatter$BigDecimalLayoutForm
Event: 1069,656 loading class java/util/Formatter$BigDecimalLayoutForm done
Event: 1581,716 Executing VM operation: CollectForMetadataAllocation
Event: 1581,717 Executing VM operation: CollectForMetadataAllocation done
Event: 1978,984 Executing VM operation: Dummy
Event: 12763,810 Executing VM operation: Dummy done
Event: 12763,811 Executing VM operation: Dummy
Event: 23701,528 Executing VM operation: Dummy done
Event: 23701,530 Executing VM operation: Dummy
Event: 35287,161 Executing VM operation: Dummy done
Event: 35287,162 Executing VM operation: Dummy
Event: 48677,567 Executing VM operation: Dummy done
Event: 48677,569 Executing VM operation: Dummy
Event: 66749,243 Executing VM operation: Dummy done
Event: 66749,244 Executing VM operation: Dummy
Event: 71177,695 Executing VM operation: Dummy done
Event: 71177,697 Executing VM operation: Dummy


Dynamic libraries:
80000000-100000000 rw-s 00000000 00:05 727                               /dev/fakeblk
100000000-100b74000 rw-p 00000000 00:00 0 
100b74000-140000000 ---p 00000000 00:00 0 
55ee7eba8000-55ee7eba9000 r--p 00000000 08:01 4209884                    /home/adam/jdk11u/build/linux-x86_64-normal-server-release/images/jdk/bin/java
55ee7eba9000-55ee7ebaa000 r-xp 00001000 08:01 4209884                    /home/adam/jdk11u/build/linux-x86_64-normal-server-release/images/jdk/bin/java
55ee7ebaa000-55ee7ebab000 r--p 00002000 08:01 4209884                    /home/adam/jdk11u/build/linux-x86_64-normal-server-release/images/jdk/bin/java
55ee7ebab000-55ee7ebac000 r--p 00002000 08:01 4209884                    /home/adam/jdk11u/build/linux-x86_64-normal-server-release/images/jdk/bin/java
55ee7ebac000-55ee7ebad000 rw-p 00003000 08:01 4209884                    /home/adam/jdk11u/build/linux-x86_64-normal-server-release/images/jdk/bin/java
55ee7ff90000-55ee80023000 rw-p 00000000 00:00 0                          [heap]
7f1954000000-7f1954075000 rw-p 00000000 00:00 0 
7f1954075000-7f1958000000 ---p 00000000 00:00 0 
7f195b4e9000-7f195c000000 rw-p 00000000 00:00 0 
7f195c000000-7f195c048000 rw-p 00000000 00:00 0 
7f195c048000-7f1960000000 ---p 00000000 00:00 0 
7f1960000000-7f1960046000 rw-p 00000000 00:00 0 
7f1960046000-7f1964000000 ---p 00000000 00:00 0 
7f1964000000-7f1964058000 rw-p 00000000 00:00 0 
7f1964058000-7f1968000000 ---p 00000000 00:00 0 
7f1968000000-7f1968042000 rw-p 00000000 00:00 0 
7f1968042000-7f196c000000 ---p 00000000 00:00 0 
7f196c000000-7f196c021000 rw-p 00000000 00:00 0 
7f196c021000-7f1970000000 ---p 00000000 00:00 0 
7f19702c0000-7f1972113000 rw-p 00000000 00:00 0 
7f1972113000-7f19722d3000 ---p 00000000 00:00 0 
7f19722d3000-7f19724d3000 rw-p 00000000 00:00 0 
7f19724d3000-7f19724d7000 ---p 00000000 00:00 0 
7f19724d7000-7f19725d4000 rw-p 00000000 00:00 0 
7f19725d4000-7f19725d8000 ---p 00000000 00:00 0 
7f19725d8000-7f19726d5000 rw-p 00000000 00:00 0 
7f19726d5000-7f19726d9000 ---p 00000000 00:00 0 
7f19726d9000-7f19727d6000 rw-p 00000000 00:00 0 
7f19727d6000-7f19727da000 ---p 00000000 00:00 0 
7f19727da000-7f19728d7000 rw-p 00000000 00:00 0 
7f19728d7000-7f19728db000 ---p 00000000 00:00 0 
7f19728db000-7f19729d8000 rw-p 00000000 00:00 0 
7f19729d8000-7f19729dc000 ---p 00000000 00:00 0 
7f19729dc000-7f1972ad9000 rw-p 00000000 00:00 0 
7f1972ad9000-7f1972add000 ---p 00000000 00:00 0 
7f1972add000-7f1972bda000 rw-p 00000000 00:00 0 
7f1972bda000-7f1972bde000 ---p 00000000 00:00 0 
7f1972bde000-7f1972edb000 rw-p 00000000 00:00 0 
7f1972edb000-7f19730ce000 rw-p 00000000 00:00 0 
7f19730ce000-7f19730db000 ---p 00000000 00:00 0 
7f19730db000-7f19732db000 rw-p 00000000 00:00 0 
7f19732db000-7f19734c7000 rw-p 00000000 00:00 0 
7f19734c7000-7f19734db000 ---p 00000000 00:00 0 
7f19734db000-7f19736c1000 rw-p 00000000 00:00 0 
7f19736c1000-7f19736db000 ---p 00000000 00:00 0 
7f19736db000-7f19736ff000 r-xp 00000000 08:01 262573                     /tmp/liblz4-java-7753280866369295373.so
7f19736ff000-7f19738fe000 ---p 00024000 08:01 262573                     /tmp/liblz4-java-7753280866369295373.so
7f19738fe000-7f19738ff000 rw-p 00023000 08:01 262573                     /tmp/liblz4-java-7753280866369295373.so
7f19738ff000-7f1973ae4000 rw-p 00000000 00:00 0 
7f1973ae4000-7f1973aff000 ---p 00000000 00:00 0 
7f1973aff000-7f1973b03000 ---p 00000000 00:00 0 
7f1973b03000-7f1973dfe000 rw-p 00000000 00:00 0 
7f1973dfe000-7f1973e00000 ---p 00000000 00:00 0 
7f1973e00000-7f1974000000 rw-p 00000000 00:00 0 
7f1974000000-7f1974021000 rw-p 00000000 00:00 0 
7f1974021000-7f1978000000 ---p 00000000 00:00 0 
7f1978000000-7f1978021000 rw-p 00000000 00:00 0 
7f1978021000-7f197c000000 ---p 00000000 00:00 0 
7f197c000000-7f197c021000 rw-p 00000000 00:00 0 
7f197c021000-7f1980000000 ---p 00000000 00:00 0 
7f1980000000-7f198007f000 rw-p 00000000 00:00 0 
7f198007f000-7f1984000000 ---p 00000000 00:00 0 
7f1984000000-7f1984021000 rw-p 00000000 00:00 0 
7f1984021000-7f1988000000 ---p 00000000 00:00 0 
7f1988000000-7f1988021000 rw-p 00000000 00:00 0 
7f1988021000-7f198c000000 ---p 00000000 00:00 0 
7f198c000000-7f198c021000 rw-p 00000000 00:00 0 
7f198c021000-7f1990000000 ---p 00000000 00:00 0 
7f1990000000-7f1990051000 rw-p 00000000 00:00 0 
7f1990051000-7f1994000000 ---p 00000000 00:00 0 
7f1994000000-7f1994021000 rw-p 00000000 00:00 0 
7f1994021000-7f1998000000 ---p 00000000 00:00 0 
7f1998000000-7f199802b000 rw-p 00000000 00:00 0 
7f199802b000-7f199c000000 ---p 00000000 00:00 0 
7f199c000000-7f199c306000 rw-p 00000000 00:00 0 
7f199c306000-7f19a0000000 ---p 00000000 00:00 0 
7f19a0000000-7f19a0171000 rw-p 00000000 00:00 0 
7f19a0171000-7f19a4000000 ---p 00000000 00:00 0 
7f19a4000000-7f19a4021000 rw-p 00000000 00:00 0 
7f19a4021000-7f19a8000000 ---p 00000000 00:00 0 
7f19a8000000-7f19a8021000 rw-p 00000000 00:00 0 
7f19a8021000-7f19ac000000 ---p 00000000 00:00 0 
7f19ac000000-7f19ac030000 rw-p 00000000 00:00 0 
7f19ac030000-7f19b0000000 ---p 00000000 00:00 0 
7f19b0000000-7f19b0021000 rw-p 00000000 00:00 0 
7f19b0021000-7f19b4000000 ---p 00000000 00:00 0 
7f19b4000000-7f19b4021000 rw-p 00000000 00:00 0 
7f19b4021000-7f19b8000000 ---p 00000000 00:00 0 
7f19b8000000-7f19b8021000 rw-p 00000000 00:00 0 
7f19b8021000-7f19bc000000 ---p 00000000 00:00 0 
7f19bc000000-7f19bc021000 rw-p 00000000 00:00 0 
7f19bc021000-7f19c0000000 ---p 00000000 00:00 0 
7f19c0000000-7f19c0021000 rw-p 00000000 00:00 0 
7f19c0021000-7f19c4000000 ---p 00000000 00:00 0 
7f19c4000000-7f19c4021000 rw-p 00000000 00:00 0 
7f19c4021000-7f19c8000000 ---p 00000000 00:00 0 
7f19c8000000-7f19c8021000 rw-p 00000000 00:00 0 
7f19c8021000-7f19cc000000 ---p 00000000 00:00 0 
7f19cc000000-7f19cc021000 rw-p 00000000 00:00 0 
7f19cc021000-7f19d0000000 ---p 00000000 00:00 0 
7f19d0000000-7f19d0021000 rw-p 00000000 00:00 0 
7f19d0021000-7f19d4000000 ---p 00000000 00:00 0 
7f19d4000000-7f19d4021000 rw-p 00000000 00:00 0 
7f19d4021000-7f19d8000000 ---p 00000000 00:00 0 
7f19d8000000-7f19d8021000 rw-p 00000000 00:00 0 
7f19d8021000-7f19dc000000 ---p 00000000 00:00 0 
7f19dc000000-7f19dc049000 rw-p 00000000 00:00 0 
7f19dc049000-7f19e0000000 ---p 00000000 00:00 0 
7f19e0000000-7f19e0021000 rw-p 00000000 00:00 0 
7f19e0021000-7f19e4000000 ---p 00000000 00:00 0 
7f19e4000000-7f19e4021000 rw-p 00000000 00:00 0 
7f19e4021000-7f19e8000000 ---p 00000000 00:00 0 
7f19e8000000-7f19e8021000 rw-p 00000000 00:00 0 
7f19e8021000-7f19ec000000 ---p 00000000 00:00 0 
7f19ec000000-7f19ec021000 rw-p 00000000 00:00 0 
7f19ec021000-7f19f0000000 ---p 00000000 00:00 0 
7f19f0000000-7f19f0021000 rw-p 00000000 00:00 0 
7f19f0021000-7f19f4000000 ---p 00000000 00:00 0 
7f19f4000000-7f19f4021000 rw-p 00000000 00:00 0 
7f19f4021000-7f19f8000000 ---p 00000000 00:00 0 
7f19f8000000-7f19f8021000 rw-p 00000000 00:00 0 
7f19f8021000-7f19fc000000 ---p 00000000 00:00 0 
7f19fc000000-7f19fc021000 rw-p 00000000 00:00 0 
7f19fc021000-7f1a00000000 ---p 00000000 00:00 0 
7f1a00000000-7f1a00021000 rw-p 00000000 00:00 0 
7f1a00021000-7f1a04000000 ---p 00000000 00:00 0 
7f1a04000000-7f1a04021000 rw-p 00000000 00:00 0 
7f1a04021000-7f1a08000000 ---p 00000000 00:00 0 
7f1a08000000-7f1a0805b000 rw-p 00000000 00:00 0 
7f1a0805b000-7f1a0c000000 ---p 00000000 00:00 0 
7f1a0c000000-7f1a0c021000 rw-p 00000000 00:00 0 
7f1a0c021000-7f1a10000000 ---p 00000000 00:00 0 
7f1a10000000-7f1a10021000 rw-p 00000000 00:00 0 
7f1a10021000-7f1a14000000 ---p 00000000 00:00 0 
7f1a14000000-7f1a14021000 rw-p 00000000 00:00 0 
7f1a14021000-7f1a18000000 ---p 00000000 00:00 0 
7f1a18000000-7f1a18021000 rw-p 00000000 00:00 0 
7f1a18021000-7f1a1c000000 ---p 00000000 00:00 0 
7f1a1c000000-7f1a1c021000 rw-p 00000000 00:00 0 
7f1a1c021000-7f1a20000000 ---p 00000000 00:00 0 
7f1a200d3000-7f1a200d7000 ---p 00000000 00:00 0 
7f1a200d7000-7f1a201d4000 rw-p 00000000 00:00 0 
7f1a201d4000-7f1a201d8000 ---p 00000000 00:00 0 
7f1a201d8000-7f1a202d5000 rw-p 00000000 00:00 0 
7f1a202d5000-7f1a202d9000 ---p 00000000 00:00 0 
7f1a202d9000-7f1a205d6000 rw-p 00000000 00:00 0 
7f1a205d6000-7f1a207c2000 rw-p 00000000 00:00 0 
7f1a207c2000-7f1a207d6000 ---p 00000000 00:00 0 
7f1a207d6000-7f1a207da000 ---p 00000000 00:00 0 
7f1a207da000-7f1a208d7000 rw-p 00000000 00:00 0 
7f1a208d7000-7f1a208db000 ---p 00000000 00:00 0 
7f1a208db000-7f1a209d8000 rw-p 00000000 00:00 0 
7f1a209d8000-7f1a209dc000 ---p 00000000 00:00 0 
7f1a209dc000-7f1a212db000 rw-p 00000000 00:00 0 
7f1a212db000-7f1a212df000 ---p 00000000 00:00 0 
7f1a212df000-7f1a213dc000 rw-p 00000000 00:00 0 
7f1a213dc000-7f1a213e0000 ---p 00000000 00:00 0 
7f1a213e0000-7f1a216cf000 rw-p 00000000 00:00 0 
7f1a216cf000-7f1a216dd000 ---p 00000000 00:00 0 
7f1a216dd000-7f1a216e1000 ---p 00000000 00:00 0 
7f1a216e1000-7f1a217de000 rw-p 00000000 00:00 0 
7f1a217de000-7f1a217e2000 ---p 00000000 00:00 0 
7f1a217e2000-7f1a218df000 rw-p 00000000 00:00 0 
7f1a218df000-7f1a218e3000 ---p 00000000 00:00 0 
7f1a218e3000-7f1a219e0000 rw-p 00000000 00:00 0 
7f1a219e0000-7f1a219e4000 ---p 00000000 00:00 0 
7f1a219e4000-7f1a21ae1000 rw-p 00000000 00:00 0 
7f1a21ae1000-7f1a21ae5000 ---p 00000000 00:00 0 
7f1a21ae5000-7f1a21be2000 rw-p 00000000 00:00 0 
7f1a21be2000-7f1a21be6000 ---p 00000000 00:00 0 
7f1a21be6000-7f1a21ce3000 rw-p 00000000 00:00 0 
7f1a21ce3000-7f1a21ce7000 ---p 00000000 00:00 0 
7f1a21ce7000-7f1a21de4000 rw-p 00000000 00:00 0 
7f1a21de4000-7f1a21de8000 ---p 00000000 00:00 0 
7f1a21de8000-7f1a21ee5000 rw-p 00000000 00:00 0 
7f1a21ee5000-7f1a21ee9000 ---p 00000000 00:00 0 
7f1a21ee9000-7f1a221cb000 rw-p 00000000 00:00 0 
7f1a221cb000-7f1a221e6000 ---p 00000000 00:00 0 
7f1a221e6000-7f1a221ea000 ---p 00000000 00:00 0 
7f1a221ea000-7f1a222e7000 rw-p 00000000 00:00 0 
7f1a222e7000-7f1a222eb000 ---p 00000000 00:00 0 
7f1a222eb000-7f1a223e8000 rw-p 00000000 00:00 0 
7f1a223e8000-7f1a223ec000 ---p 00000000 00:00 0 
7f1a223ec000-7f1a224e9000 rw-p 00000000 00:00 0 
7f1a224e9000-7f1a224ed000 ---p 00000000 00:00 0 
7f1a224ed000-7f1a225ea000 rw-p 00000000 00:00 0 
7f1a225ea000-7f1a225ee000 ---p 00000000 00:00 0 
7f1a225ee000-7f1a226eb000 rw-p 00000000 00:00 0 
7f1a226eb000-7f1a226ef000 ---p 00000000 00:00 0 
7f1a226ef000-7f1a227ec000 rw-p 00000000 00:00 0 
7f1a227ec000-7f1a227f0000 ---p 00000000 00:00 0 
7f1a227f0000-7f1a228ed000 rw-p 00000000 00:00 0 
7f1a228ed000-7f1a228f1000 ---p 00000000 00:00 0 
7f1a228f1000-7f1a22be5000 rw-p 00000000 00:00 0 
7f1a22be5000-7f1a22bee000 ---p 00000000 00:00 0 
7f1a22bee000-7f1a22bf2000 ---p 00000000 00:00 0 
7f1a22bf2000-7f1a22cef000 rw-p 00000000 00:00 0 
7f1a22cef000-7f1a22cf3000 ---p 00000000 00:00 0 
7f1a22cf3000-7f1a22df0000 rw-p 00000000 00:00 0 
7f1a22df0000-7f1a22df4000 ---p 00000000 00:00 0 
7f1a22df4000-7f1a230f1000 rw-p 00000000 00:00 0 
7f1a230f1000-7f1a230f5000 ---p 00000000 00:00 0 
7f1a230f5000-7f1a231f2000 rw-p 00000000 00:00 0 
7f1a231f2000-7f1a231f6000 ---p 00000000 00:00 0 
7f1a231f6000-7f1a232f3000 rw-p 00000000 00:00 0 
7f1a232f3000-7f1a232f7000 ---p 00000000 00:00 0 
7f1a232f7000-7f1a233f4000 rw-p 00000000 00:00 0 
7f1a233f4000-7f1a233f8000 ---p 00000000 00:00 0 
7f1a233f8000-7f1a234f5000 rw-p 00000000 00:00 0 
7f1a234f5000-7f1a234f9000 ---p 00000000 00:00 0 
7f1a234f9000-7f1a235f6000 rw-p 00000000 00:00 0 
7f1a235f6000-7f1a235fa000 ---p 00000000 00:00 0 
7f1a235fa000-7f1a236f7000 rw-p 00000000 00:00 0 
7f1a236f7000-7f1a236fb000 ---p 00000000 00:00 0 
7f1a236fb000-7f1a237f8000 rw-p 00000000 00:00 0 
7f1a237f8000-7f1a237fc000 ---p 00000000 00:00 0 
7f1a237fc000-7f1a238f9000 rw-p 00000000 00:00 0 
7f1a238f9000-7f1a238fd000 ---p 00000000 00:00 0 
7f1a238fd000-7f1a239fa000 rw-p 00000000 00:00 0 
7f1a239fa000-7f1a239fe000 ---p 00000000 00:00 0 
7f1a239fe000-7f1a23afb000 rw-p 00000000 00:00 0 
7f1a23afb000-7f1a23aff000 ---p 00000000 00:00 0 
7f1a23aff000-7f1a23bfc000 rw-p 00000000 00:00 0 
7f1a23bfc000-7f1a23c00000 ---p 00000000 00:00 0 
7f1a23c00000-7f1a23cfd000 rw-p 00000000 00:00 0 
7f1a23cfd000-7f1a23d01000 ---p 00000000 00:00 0 
7f1a23d01000-7f1a23dfe000 rw-p 00000000 00:00 0 
7f1a23dfe000-7f1a23e02000 ---p 00000000 00:00 0 
7f1a23e02000-7f1a23eff000 rw-p 00000000 00:00 0 
7f1a23eff000-7f1a23f03000 ---p 00000000 00:00 0 
7f1a23f03000-7f1a24000000 rw-p 00000000 00:00 0 
7f1a24000000-7f1a24021000 rw-p 00000000 00:00 0 
7f1a24021000-7f1a28000000 ---p 00000000 00:00 0 
7f1a28000000-7f1a28021000 rw-p 00000000 00:00 0 
7f1a28021000-7f1a2c000000 ---p 00000000 00:00 0 
7f1a2c000000-7f1a2c021000 rw-p 00000000 00:00 0 
7f1a2c021000-7f1a30000000 ---p 00000000 00:00 0 
7f1a30000000-7f1a300c8000 rw-p 00000000 00:00 0 
7f1a300c8000-7f1a34000000 ---p 00000000 00:00 0 
7f1a34000000-7f1a34021000 rw-p 00000000 00:00 0 
7f1a34021000-7f1a38000000 ---p 00000000 00:00 0 
7f1a38000000-7f1a38021000 rw-p 00000000 00:00 0 
7f1a38021000-7f1a3c000000 ---p 00000000 00:00 0 
7f1a3c000000-7f1a3e120000 rw-p 00000000 00:00 0 
7f1a3e120000-7f1a40000000 ---p 00000000 00:00 0 
7f1a40000000-7f1a40888000 rw-p 00000000 00:00 0 
7f1a40888000-7f1a44000000 ---p 00000000 00:00 0 
7f1a44000000-7f1a44021000 rw-p 00000000 00:00 0 
7f1a44021000-7f1a48000000 ---p 00000000 00:00 0 
7f1a48000000-7f1a48021000 rw-p 00000000 00:00 0 
7f1a48021000-7f1a4c000000 ---p 00000000 00:00 0 
7f1a4c000000-7f1a4c021000 rw-p 00000000 00:00 0 
7f1a4c021000-7f1a50000000 ---p 00000000 00:00 0 
7f1a50000000-7f1a50021000 rw-p 00000000 00:00 0 
7f1a50021000-7f1a54000000 ---p 00000000 00:00 0 
7f1a54000000-7f1a57590000 rw-p 00000000 00:00 0 
7f1a57590000-7f1a58000000 ---p 00000000 00:00 0 
7f1a580ef000-7f1a580f3000 ---p 00000000 00:00 0 
7f1a580f3000-7f1a583ed000 rw-p 00000000 00:00 0 
7f1a583ed000-7f1a583f0000 ---p 00000000 00:00 0 
7f1a583f0000-7f1a585f0000 rw-p 00000000 00:00 0 
7f1a585f0000-7f1a587db000 rw-p 00000000 00:00 0 
7f1a587db000-7f1a587f4000 ---p 00000000 00:00 0 
7f1a587f4000-7f1a58812000 rw-p 00000000 00:00 0 
7f1a58812000-7f1a58a82000 rwxp 00000000 00:00 0 
7f1a58a82000-7f1a58da3000 ---p 00000000 00:00 0 
7f1a58da3000-7f1a59913000 rwxp 00000000 00:00 0 
7f1a59913000-7f1a602da000 ---p 00000000 00:00 0 
7f1a602da000-7f1a6067a000 rwxp 00000000 00:00 0 
7f1a6067a000-7f1a67812000 ---p 00000000 00:00 0 
7f1a67812000-7f1a70000000 r--s 00000000 08:01 4209158                    /home/adam/jdk11u/build/linux-x86_64-normal-server-release/images/jdk/lib/modules
7f1a70000000-7f1a72700000 rw-p 00000000 00:00 0 
7f1a72700000-7f1a74000000 ---p 00000000 00:00 0 
7f1a74019000-7f1a741fd000 rw-p 00000000 00:00 0 
7f1a741fd000-7f1a74219000 ---p 00000000 00:00 0 
7f1a74219000-7f1a74419000 rw-p 00000000 00:00 0 
7f1a74419000-7f1a74619000 rw-p 00000000 00:00 0 
7f1a74619000-7f1a7461a000 r--p 00000000 08:01 2907360                    /usr/lib/x86_64-linux-gnu/libnss_dns-2.31.so
7f1a7461a000-7f1a7461e000 r-xp 00001000 08:01 2907360                    /usr/lib/x86_64-linux-gnu/libnss_dns-2.31.so
7f1a7461e000-7f1a7461f000 r--p 00005000 08:01 2907360                    /usr/lib/x86_64-linux-gnu/libnss_dns-2.31.so
7f1a7461f000-7f1a74620000 r--p 00005000 08:01 2907360                    /usr/lib/x86_64-linux-gnu/libnss_dns-2.31.so
7f1a74620000-7f1a74621000 rw-p 00006000 08:01 2907360                    /usr/lib/x86_64-linux-gnu/libnss_dns-2.31.so
7f1a74621000-7f1a74625000 r--p 00000000 08:01 2907365                    /usr/lib/x86_64-linux-gnu/libresolv-2.31.so
7f1a74625000-7f1a74633000 r-xp 00004000 08:01 2907365                    /usr/lib/x86_64-linux-gnu/libresolv-2.31.so
7f1a74633000-7f1a74637000 r--p 00012000 08:01 2907365                    /usr/lib/x86_64-linux-gnu/libresolv-2.31.so
7f1a74637000-7f1a74638000 r--p 00015000 08:01 2907365                    /usr/lib/x86_64-linux-gnu/libresolv-2.31.so
7f1a74638000-7f1a74639000 rw-p 00016000 08:01 2907365                    /usr/lib/x86_64-linux-gnu/libresolv-2.31.so
7f1a74639000-7f1a7463b000 rw-p 00000000 00:00 0 
7f1a7463b000-7f1a7463c000 r--p 00000000 08:01 2905034                    /usr/lib/x86_64-linux-gnu/libnss_mdns4_minimal.so.2
7f1a7463c000-7f1a7463e000 r-xp 00001000 08:01 2905034                    /usr/lib/x86_64-linux-gnu/libnss_mdns4_minimal.so.2
7f1a7463e000-7f1a7463f000 r--p 00003000 08:01 2905034                    /usr/lib/x86_64-linux-gnu/libnss_mdns4_minimal.so.2
7f1a7463f000-7f1a74640000 r--p 00003000 08:01 2905034                    /usr/lib/x86_64-linux-gnu/libnss_mdns4_minimal.so.2
7f1a74640000-7f1a74641000 rw-p 00004000 08:01 2905034                    /usr/lib/x86_64-linux-gnu/libnss_mdns4_minimal.so.2
7f1a7464c000-7f1a74653000 r--s 00000000 08:01 2926395                    /usr/lib/x86_64-linux-gnu/gconv/gconv-modules.cache
7f1a74653000-7f1a74654000 r--p 00000000 08:01 4209911                    /home/adam/jdk11u/build/linux-x86_64-normal-server-release/images/jdk/lib/libextnet.so
7f1a74654000-7f1a74655000 r-xp 00001000 08:01 4209911                    /home/adam/jdk11u/build/linux-x86_64-normal-server-release/images/jdk/lib/libextnet.so
7f1a74655000-7f1a74656000 r--p 00002000 08:01 4209911                    /home/adam/jdk11u/build/linux-x86_64-normal-server-release/images/jdk/lib/libextnet.so
7f1a74656000-7f1a74657000 r--p 00002000 08:01 4209911                    /home/adam/jdk11u/build/linux-x86_64-normal-server-release/images/jdk/lib/libextnet.so
7f1a74657000-7f1a74658000 rw-p 00003000 08:01 4209911                    /home/adam/jdk11u/build/linux-x86_64-normal-server-release/images/jdk/lib/libextnet.so
7f1a74658000-7f1a7483d000 rw-p 00000000 00:00 0 
7f1a7483d000-7f1a74858000 ---p 00000000 00:00 0 
7f1a74858000-7f1a74a58000 rw-p 00000000 00:00 0 
7f1a74a58000-7f1a74c58000 rw-p 00000000 00:00 0 
7f1a74c58000-7f1a74c5a000 r--p 00000000 08:01 4209184                    /home/adam/jdk11u/build/linux-x86_64-normal-server-release/images/jdk/lib/libmanagement_ext.so
7f1a74c5a000-7f1a74c5d000 r-xp 00002000 08:01 4209184                    /home/adam/jdk11u/build/linux-x86_64-normal-server-release/images/jdk/lib/libmanagement_ext.so
7f1a74c5d000-7f1a74c5e000 r--p 00005000 08:01 4209184                    /home/adam/jdk11u/build/linux-x86_64-normal-server-release/images/jdk/lib/libmanagement_ext.so
7f1a74c5e000-7f1a74c5f000 ---p 00006000 08:01 4209184                    /home/adam/jdk11u/build/linux-x86_64-normal-server-release/images/jdk/lib/libmanagement_ext.so
7f1a74c5f000-7f1a74c60000 r--p 00006000 08:01 4209184                    /home/adam/jdk11u/build/linux-x86_64-normal-server-release/images/jdk/lib/libmanagement_ext.so
7f1a74c60000-7f1a74c61000 rw-p 00007000 08:01 4209184                    /home/adam/jdk11u/build/linux-x86_64-normal-server-release/images/jdk/lib/libmanagement_ext.so
7f1a74c61000-7f1a74c64000 r--p 00000000 08:01 4209917                    /home/adam/jdk11u/build/linux-x86_64-normal-server-release/images/jdk/lib/libmanagement.so
7f1a74c64000-7f1a74c65000 r-xp 00003000 08:01 4209917                    /home/adam/jdk11u/build/linux-x86_64-normal-server-release/images/jdk/lib/libmanagement.so
7f1a74c65000-7f1a74c66000 r--p 00004000 08:01 4209917                    /home/adam/jdk11u/build/linux-x86_64-normal-server-release/images/jdk/lib/libmanagement.so
7f1a74c66000-7f1a74c67000 r--p 00004000 08:01 4209917                    /home/adam/jdk11u/build/linux-x86_64-normal-server-release/images/jdk/lib/libmanagement.so
7f1a74c67000-7f1a74c68000 rw-p 00005000 08:01 4209917                    /home/adam/jdk11u/build/linux-x86_64-normal-server-release/images/jdk/lib/libmanagement.so
7f1a74c68000-7f1a74e68000 rw-p 00000000 00:00 0 
7f1a74e68000-7f1a75068000 rw-p 00000000 00:00 0 
7f1a75068000-7f1a7506c000 ---p 00000000 00:00 0 
7f1a7506c000-7f1a75369000 rw-p 00000000 00:00 0 
7f1a75369000-7f1a75569000 rw-p 00000000 00:00 0 
7f1a75569000-7f1a7559a000 rw-p 00000000 00:00 0 
7f1a7559a000-7f1a7559e000 r--p 00000000 08:01 4209908                    /home/adam/jdk11u/build/linux-x86_64-normal-server-release/images/jdk/lib/libnet.so
7f1a7559e000-7f1a755ad000 r-xp 00004000 08:01 4209908                    /home/adam/jdk11u/build/linux-x86_64-normal-server-release/images/jdk/lib/libnet.so
7f1a755ad000-7f1a755b1000 r--p 00013000 08:01 4209908                    /home/adam/jdk11u/build/linux-x86_64-normal-server-release/images/jdk/lib/libnet.so
7f1a755b1000-7f1a755b2000 r--p 00016000 08:01 4209908                    /home/adam/jdk11u/build/linux-x86_64-normal-server-release/images/jdk/lib/libnet.so
7f1a755b2000-7f1a755b3000 rw-p 00017000 08:01 4209908                    /home/adam/jdk11u/build/linux-x86_64-normal-server-release/images/jdk/lib/libnet.so
7f1a755b3000-7f1a755ba000 r--p 00000000 08:01 4209897                    /home/adam/jdk11u/build/linux-x86_64-normal-server-release/images/jdk/lib/libnio.so
7f1a755ba000-7f1a755c1000 r-xp 00007000 08:01 4209897                    /home/adam/jdk11u/build/linux-x86_64-normal-server-release/images/jdk/lib/libnio.so
7f1a755c1000-7f1a755c4000 r--p 0000e000 08:01 4209897                    /home/adam/jdk11u/build/linux-x86_64-normal-server-release/images/jdk/lib/libnio.so
7f1a755c4000-7f1a755c5000 r--p 00010000 08:01 4209897                    /home/adam/jdk11u/build/linux-x86_64-normal-server-release/images/jdk/lib/libnio.so
7f1a755c5000-7f1a755c6000 rw-p 00011000 08:01 4209897                    /home/adam/jdk11u/build/linux-x86_64-normal-server-release/images/jdk/lib/libnio.so
7f1a755c6000-7f1a755ca000 ---p 00000000 00:00 0 
7f1a755ca000-7f1a756c7000 rw-p 00000000 00:00 0 
7f1a756c7000-7f1a756c8000 ---p 00000000 00:00 0 
7f1a756c8000-7f1a757c9000 rw-p 00000000 00:00 0 
7f1a757c9000-7f1a757cd000 ---p 00000000 00:00 0 
7f1a757cd000-7f1a758ca000 rw-p 00000000 00:00 0 
7f1a758ca000-7f1a758ce000 ---p 00000000 00:00 0 
7f1a758ce000-7f1a759cb000 rw-p 00000000 00:00 0 
7f1a759cb000-7f1a759cf000 ---p 00000000 00:00 0 
7f1a759cf000-7f1a75acc000 rw-p 00000000 00:00 0 
7f1a75acc000-7f1a75ad0000 ---p 00000000 00:00 0 
7f1a75ad0000-7f1a75bcd000 rw-p 00000000 00:00 0 
7f1a75bcd000-7f1a75bd1000 ---p 00000000 00:00 0 
7f1a75bd1000-7f1a75cce000 rw-p 00000000 00:00 0 
7f1a75cce000-7f1a75fb5000 r--p 00000000 08:01 2884038                    /usr/lib/locale/locale-archive
7f1a75fb5000-7f1a75fb9000 ---p 00000000 00:00 0 
7f1a75fb9000-7f1a760b6000 rw-p 00000000 00:00 0 
7f1a760b6000-7f1a760ba000 ---p 00000000 00:00 0 
7f1a760ba000-7f1a761b7000 rw-p 00000000 00:00 0 
7f1a761b7000-7f1a761b8000 ---p 00000000 00:00 0 
7f1a761b8000-7f1a76bbd000 rw-p 00000000 00:00 0 
7f1a76bbd000-7f1a76c07000 rw-p 00000000 00:00 0 
7f1a76c07000-7f1a76cea000 ---p 00000000 00:00 0 
7f1a76cea000-7f1a76d01000 rw-p 00000000 00:00 0 
7f1a76d01000-7f1a76dd5000 ---p 00000000 00:00 0 
7f1a76dd5000-7f1a76dda000 rw-p 00000000 00:00 0 
7f1a76dda000-7f1a76de1000 ---p 00000000 00:00 0 
7f1a76de1000-7f1a76de4000 r--p 00000000 08:01 2907361                    /usr/lib/x86_64-linux-gnu/libnss_files-2.31.so
7f1a76de4000-7f1a76deb000 r-xp 00003000 08:01 2907361                    /usr/lib/x86_64-linux-gnu/libnss_files-2.31.so
7f1a76deb000-7f1a76ded000 r--p 0000a000 08:01 2907361                    /usr/lib/x86_64-linux-gnu/libnss_files-2.31.so
7f1a76ded000-7f1a76dee000 r--p 0000b000 08:01 2907361                    /usr/lib/x86_64-linux-gnu/libnss_files-2.31.so
7f1a76dee000-7f1a76def000 rw-p 0000c000 08:01 2907361                    /usr/lib/x86_64-linux-gnu/libnss_files-2.31.so
7f1a76def000-7f1a76df5000 rw-p 00000000 00:00 0 
7f1a76df5000-7f1a76df6000 r--p 00000000 08:01 4209183                    /home/adam/jdk11u/build/linux-x86_64-normal-server-release/images/jdk/lib/libjaas.so
7f1a76df6000-7f1a76df7000 r-xp 00001000 08:01 4209183                    /home/adam/jdk11u/build/linux-x86_64-normal-server-release/images/jdk/lib/libjaas.so
7f1a76df7000-7f1a76df8000 r--p 00002000 08:01 4209183                    /home/adam/jdk11u/build/linux-x86_64-normal-server-release/images/jdk/lib/libjaas.so
7f1a76df8000-7f1a76df9000 r--p 00002000 08:01 4209183                    /home/adam/jdk11u/build/linux-x86_64-normal-server-release/images/jdk/lib/libjaas.so
7f1a76df9000-7f1a76dfa000 rw-p 00003000 08:01 4209183                    /home/adam/jdk11u/build/linux-x86_64-normal-server-release/images/jdk/lib/libjaas.so
7f1a76dfa000-7f1a76dfc000 r--p 00000000 08:01 4209890                    /home/adam/jdk11u/build/linux-x86_64-normal-server-release/images/jdk/lib/libzip.so
7f1a76dfc000-7f1a76e00000 r-xp 00002000 08:01 4209890                    /home/adam/jdk11u/build/linux-x86_64-normal-server-release/images/jdk/lib/libzip.so
7f1a76e00000-7f1a76e02000 r--p 00006000 08:01 4209890                    /home/adam/jdk11u/build/linux-x86_64-normal-server-release/images/jdk/lib/libzip.so
7f1a76e02000-7f1a76e03000 r--p 00007000 08:01 4209890                    /home/adam/jdk11u/build/linux-x86_64-normal-server-release/images/jdk/lib/libzip.so
7f1a76e03000-7f1a76e04000 rw-p 00008000 08:01 4209890                    /home/adam/jdk11u/build/linux-x86_64-normal-server-release/images/jdk/lib/libzip.so
7f1a76e04000-7f1a76e0c000 rw-s 00000000 08:01 262413                     /tmp/hsperfdata_root/480524
7f1a76e0c000-7f1a76e10000 r--p 00000000 08:01 4209885                    /home/adam/jdk11u/build/linux-x86_64-normal-server-release/images/jdk/lib/libjimage.so
7f1a76e10000-7f1a76e23000 r-xp 00004000 08:01 4209885                    /home/adam/jdk11u/build/linux-x86_64-normal-server-release/images/jdk/lib/libjimage.so
7f1a76e23000-7f1a76e29000 r--p 00017000 08:01 4209885                    /home/adam/jdk11u/build/linux-x86_64-normal-server-release/images/jdk/lib/libjimage.so
7f1a76e29000-7f1a76e2b000 r--p 0001c000 08:01 4209885                    /home/adam/jdk11u/build/linux-x86_64-normal-server-release/images/jdk/lib/libjimage.so
7f1a76e2b000-7f1a76e2c000 rw-p 0001e000 08:01 4209885                    /home/adam/jdk11u/build/linux-x86_64-normal-server-release/images/jdk/lib/libjimage.so
7f1a76e2c000-7f1a76e3a000 r--p 00000000 08:01 4209907                    /home/adam/jdk11u/build/linux-x86_64-normal-server-release/images/jdk/lib/libjava.so
7f1a76e3a000-7f1a76e50000 r-xp 0000e000 08:01 4209907                    /home/adam/jdk11u/build/linux-x86_64-normal-server-release/images/jdk/lib/libjava.so
7f1a76e50000-7f1a76e57000 r--p 00024000 08:01 4209907                    /home/adam/jdk11u/build/linux-x86_64-normal-server-release/images/jdk/lib/libjava.so
7f1a76e57000-7f1a76e58000 r--p 0002a000 08:01 4209907                    /home/adam/jdk11u/build/linux-x86_64-normal-server-release/images/jdk/lib/libjava.so
7f1a76e58000-7f1a76e59000 rw-p 0002b000 08:01 4209907                    /home/adam/jdk11u/build/linux-x86_64-normal-server-release/images/jdk/lib/libjava.so
7f1a76e59000-7f1a76e5a000 rw-p 00000000 00:00 0 
7f1a76e5a000-7f1a76e5c000 r--p 00000000 08:01 2907366                    /usr/lib/x86_64-linux-gnu/librt-2.31.so
7f1a76e5c000-7f1a76e60000 r-xp 00002000 08:01 2907366                    /usr/lib/x86_64-linux-gnu/librt-2.31.so
7f1a76e60000-7f1a76e62000 r--p 00006000 08:01 2907366                    /usr/lib/x86_64-linux-gnu/librt-2.31.so
7f1a76e62000-7f1a76e63000 r--p 00007000 08:01 2907366                    /usr/lib/x86_64-linux-gnu/librt-2.31.so
7f1a76e63000-7f1a76e64000 rw-p 00008000 08:01 2907366                    /usr/lib/x86_64-linux-gnu/librt-2.31.so
7f1a76e64000-7f1a76e68000 ---p 00000000 00:00 0 
7f1a76e68000-7f1a76f65000 rw-p 00000000 00:00 0 
7f1a76f65000-7f1a76f72000 r--p 00000000 08:01 2907355                    /usr/lib/x86_64-linux-gnu/libm-2.31.so
7f1a76f72000-7f1a7700c000 r-xp 0000d000 08:01 2907355                    /usr/lib/x86_64-linux-gnu/libm-2.31.so
7f1a7700c000-7f1a770a7000 r--p 000a7000 08:01 2907355                    /usr/lib/x86_64-linux-gnu/libm-2.31.so
7f1a770a7000-7f1a770a8000 r--p 00141000 08:01 2907355                    /usr/lib/x86_64-linux-gnu/libm-2.31.so
7f1a770a8000-7f1a770a9000 rw-p 00142000 08:01 2907355                    /usr/lib/x86_64-linux-gnu/libm-2.31.so
7f1a770a9000-7f1a77325000 r--p 00000000 08:01 4209888                    /home/adam/jdk11u/build/linux-x86_64-normal-server-release/images/jdk/lib/server/libjvm.so
7f1a77325000-7f1a77f16000 r-xp 0027c000 08:01 4209888                    /home/adam/jdk11u/build/linux-x86_64-normal-server-release/images/jdk/lib/server/libjvm.so
7f1a77f16000-7f1a7816b000 r--p 00e6d000 08:01 4209888                    /home/adam/jdk11u/build/linux-x86_64-normal-server-release/images/jdk/lib/server/libjvm.so
7f1a7816b000-7f1a7822e000 r--p 010c1000 08:01 4209888                    /home/adam/jdk11u/build/linux-x86_64-normal-server-release/images/jdk/lib/server/libjvm.so
7f1a7822e000-7f1a78268000 rw-p 01184000 08:01 4209888                    /home/adam/jdk11u/build/linux-x86_64-normal-server-release/images/jdk/lib/server/libjvm.so
7f1a78268000-7f1a782c1000 rw-p 00000000 00:00 0 
7f1a782c1000-7f1a782c7000 r--p 00000000 08:01 2907364                    /usr/lib/x86_64-linux-gnu/libpthread-2.31.so
7f1a782c7000-7f1a782d7000 r-xp 00006000 08:01 2907364                    /usr/lib/x86_64-linux-gnu/libpthread-2.31.so
7f1a782d7000-7f1a782dd000 r--p 00016000 08:01 2907364                    /usr/lib/x86_64-linux-gnu/libpthread-2.31.so
7f1a782dd000-7f1a782de000 r--p 0001b000 08:01 2907364                    /usr/lib/x86_64-linux-gnu/libpthread-2.31.so
7f1a782de000-7f1a782df000 rw-p 0001c000 08:01 2907364                    /usr/lib/x86_64-linux-gnu/libpthread-2.31.so
7f1a782df000-7f1a782e3000 rw-p 00000000 00:00 0 
7f1a782e3000-7f1a782e4000 r--p 00000000 08:01 2907353                    /usr/lib/x86_64-linux-gnu/libdl-2.31.so
7f1a782e4000-7f1a782e6000 r-xp 00001000 08:01 2907353                    /usr/lib/x86_64-linux-gnu/libdl-2.31.so
7f1a782e6000-7f1a782e7000 r--p 00003000 08:01 2907353                    /usr/lib/x86_64-linux-gnu/libdl-2.31.so
7f1a782e7000-7f1a782e8000 r--p 00003000 08:01 2907353                    /usr/lib/x86_64-linux-gnu/libdl-2.31.so
7f1a782e8000-7f1a782e9000 rw-p 00004000 08:01 2907353                    /usr/lib/x86_64-linux-gnu/libdl-2.31.so
7f1a782e9000-7f1a782ec000 r--p 00000000 08:01 2885790                    /usr/lib/x86_64-linux-gnu/libz.so.1.2.11
7f1a782ec000-7f1a782fd000 r-xp 00003000 08:01 2885790                    /usr/lib/x86_64-linux-gnu/libz.so.1.2.11
7f1a782fd000-7f1a78303000 r--p 00014000 08:01 2885790                    /usr/lib/x86_64-linux-gnu/libz.so.1.2.11
7f1a78303000-7f1a78304000 ---p 0001a000 08:01 2885790                    /usr/lib/x86_64-linux-gnu/libz.so.1.2.11
7f1a78304000-7f1a78305000 r--p 0001a000 08:01 2885790                    /usr/lib/x86_64-linux-gnu/libz.so.1.2.11
7f1a78305000-7f1a78306000 rw-p 0001b000 08:01 2885790                    /usr/lib/x86_64-linux-gnu/libz.so.1.2.11
7f1a78306000-7f1a78328000 r--p 00000000 08:01 2907352                    /usr/lib/x86_64-linux-gnu/libc-2.31.so
7f1a78328000-7f1a78482000 r-xp 00022000 08:01 2907352                    /usr/lib/x86_64-linux-gnu/libc-2.31.so
7f1a78482000-7f1a784d1000 r--p 0017c000 08:01 2907352                    /usr/lib/x86_64-linux-gnu/libc-2.31.so
7f1a784d1000-7f1a784d5000 r--p 001ca000 08:01 2907352                    /usr/lib/x86_64-linux-gnu/libc-2.31.so
7f1a784d5000-7f1a784d7000 rw-p 001ce000 08:01 2907352                    /usr/lib/x86_64-linux-gnu/libc-2.31.so
7f1a784d7000-7f1a784db000 rw-p 00000000 00:00 0 
7f1a784de000-7f1a784df000 ---p 00000000 00:00 0 
7f1a784df000-7f1a784e0000 r--p 00000000 00:00 0 
7f1a784e0000-7f1a784e5000 r--p 00000000 08:01 4209891                    /home/adam/jdk11u/build/linux-x86_64-normal-server-release/images/jdk/lib/libverify.so
7f1a784e5000-7f1a784ec000 r-xp 00005000 08:01 4209891                    /home/adam/jdk11u/build/linux-x86_64-normal-server-release/images/jdk/lib/libverify.so
7f1a784ec000-7f1a784ee000 r--p 0000c000 08:01 4209891                    /home/adam/jdk11u/build/linux-x86_64-normal-server-release/images/jdk/lib/libverify.so
7f1a784ee000-7f1a784ef000 ---p 0000e000 08:01 4209891                    /home/adam/jdk11u/build/linux-x86_64-normal-server-release/images/jdk/lib/libverify.so
7f1a784ef000-7f1a784f1000 r--p 0000e000 08:01 4209891                    /home/adam/jdk11u/build/linux-x86_64-normal-server-release/images/jdk/lib/libverify.so
7f1a784f1000-7f1a784f2000 rw-p 00010000 08:01 4209891                    /home/adam/jdk11u/build/linux-x86_64-normal-server-release/images/jdk/lib/libverify.so
7f1a784f2000-7f1a784f5000 r--p 00000000 08:01 4209899                    /home/adam/jdk11u/build/linux-x86_64-normal-server-release/images/jdk/lib/jli/libjli.so
7f1a784f5000-7f1a784ff000 r-xp 00003000 08:01 4209899                    /home/adam/jdk11u/build/linux-x86_64-normal-server-release/images/jdk/lib/jli/libjli.so
7f1a784ff000-7f1a78502000 r--p 0000d000 08:01 4209899                    /home/adam/jdk11u/build/linux-x86_64-normal-server-release/images/jdk/lib/jli/libjli.so
7f1a78502000-7f1a78503000 ---p 00010000 08:01 4209899                    /home/adam/jdk11u/build/linux-x86_64-normal-server-release/images/jdk/lib/jli/libjli.so
7f1a78503000-7f1a78504000 r--p 00010000 08:01 4209899                    /home/adam/jdk11u/build/linux-x86_64-normal-server-release/images/jdk/lib/jli/libjli.so
7f1a78504000-7f1a78505000 rw-p 00011000 08:01 4209899                    /home/adam/jdk11u/build/linux-x86_64-normal-server-release/images/jdk/lib/jli/libjli.so
7f1a78505000-7f1a78507000 rw-p 00000000 00:00 0 
7f1a78507000-7f1a78508000 r--p 00000000 08:01 2907322                    /usr/lib/x86_64-linux-gnu/ld-2.31.so
7f1a78508000-7f1a78528000 r-xp 00001000 08:01 2907322                    /usr/lib/x86_64-linux-gnu/ld-2.31.so
7f1a78528000-7f1a78530000 r--p 00021000 08:01 2907322                    /usr/lib/x86_64-linux-gnu/ld-2.31.so
7f1a78531000-7f1a78532000 r--p 00029000 08:01 2907322                    /usr/lib/x86_64-linux-gnu/ld-2.31.so
7f1a78532000-7f1a78533000 rw-p 0002a000 08:01 2907322                    /usr/lib/x86_64-linux-gnu/ld-2.31.so
7f1a78533000-7f1a78534000 rw-p 00000000 00:00 0 
7ffd77e1c000-7ffd77e3d000 rw-p 00000000 00:00 0                          [stack]
7ffd77fa7000-7ffd77fab000 r--p 00000000 00:00 0                          [vvar]
7ffd77fab000-7ffd77fad000 r-xp 00000000 00:00 0                          [vdso]


VM Arguments:
jvm_args: -XX:AllocateHeapAt=/dev/fakeblk -Xlog:gc=debug -XX:+UnlockExperimentalVMOptions -XX:-UseTLAB -XX:+UseEpsilonGC -Xnoclassgc -Xmx2g 
java_command: org.apache.spark.deploy.SparkSubmit --master local[*] --class WordCount /home/adam/Spark_benchmark/spark_run/run.jar
java_class_path (initial): /home/adam/Spark_benchmark/spark_compiled/conf/:/home/adam/Spark_benchmark/spark_compiled/jars/hadoop-shaded-guava-1.1.1.jar:/home/adam/Spark_benchmark/spark_compiled/jars/jersey-client-2.36.jar:/home/adam/Spark_benchmark/spark_compiled/jars/netty-transport-native-epoll-4.1.86.Final-linux-aarch_64.jar:/home/adam/Spark_benchmark/spark_compiled/jars/jsr305-3.0.0.jar:/home/adam/Spark_benchmark/spark_compiled/jars/scala-xml_2.12-2.1.0.jar:/home/adam/Spark_benchmark/spark_compiled/jars/parquet-common-1.12.3.jar:/home/adam/Spark_benchmark/spark_compiled/jars/curator-client-2.13.0.jar:/home/adam/Spark_benchmark/spark_compiled/jars/spire-platform_2.12-0.17.0.jar:/home/adam/Spark_benchmark/spark_compiled/jars/netty-codec-http2-4.1.86.Final.jar:/home/adam/Spark_benchmark/spark_compiled/jars/kubernetes-model-flowcontrol-6.4.0.jar:/home/adam/Spark_benchmark/spark_compiled/jars/snappy-java-1.1.8.4.jar:/home/adam/Spark_benchmark/spark_compiled/jars/compress-lzf-1.1.jar:/home/adam/Spark_benchmark/spark_compiled/jars/stream-2.9.6.jar:/home/adam/Spark_benchmark/spark_compiled/jars/spire-macros_2.12-0.17.0.jar:/home/adam/Spark_benchmark/spark_compiled/jars/spark-yarn_2.12-3.5.0-SNAPSHOT.jar:/home/adam/Spark_benchmark/spark_compiled/jars/spark-tags_2.12-3.5.0-SNAPSHOT.jar:/home/adam/Spark_benchmark/spark_compiled/jars/arrow-format-10.0.1.jar:/home/adam/Spark_benchmark/spark_compiled/jars/zookeeper-jute-3.6.3.jar:/home/adam/Spark_benchmark/spark_compiled/jars/avro-1.11.1.jar:/home/adam/Spark_benchmark/spark_compiled/jars/protobuf-java-2.5.0.jar:/home/adam/Spark_benchmark/spark_compiled/jars/JLargeArrays-1.5.jar:/home/adam/Spark_benchmark/spark_compiled/jars/arrow-memory-netty-10.0.1.jar:/home/adam/Spark_benchmark/spark_compiled/jars/log4j-api-2.19.0.jar:/home/adam/Spark_benchmark/spark_compiled/jars/py4j-0.10.9.7.jar:/home/adam/Spark_benchmark/spark_compiled/jars/commons-crypto-1.1.0.jar:/home/adam/Spark_benchmark/spark_compiled/jars/jakarta.servlet-api-4.0
Launcher Type: SUN_STANDARD

[Global flags]
    ccstr AllocateHeapAt                           = /dev/fakeblk                              {product} {command line}
     intx CICompilerCount                          = 4                                         {product} {ergonomic}
     bool ClassUnloading                           = false                                     {product} {command line}
     bool ClassUnloadingWithConcurrentMark         = false                                     {product} {command line}
   size_t InitialHeapSize                          = 25165824                                  {product} {ergonomic}
   size_t MaxHeapSize                              = 2147483648                                {product} {command line}
   size_t MinHeapDeltaBytes                        = 172032                                    {product} {ergonomic}
    uintx NonNMethodCodeHeapSize                   = 5836300                                {pd product} {ergonomic}
    uintx NonProfiledCodeHeapSize                  = 122910970                              {pd product} {ergonomic}
    uintx ProfiledCodeHeapSize                     = 122910970                              {pd product} {ergonomic}
    uintx ReservedCodeCacheSize                    = 251658240                              {pd product} {ergonomic}
     bool SegmentedCodeCache                       = true                                      {product} {ergonomic}
     bool UnlockExperimentalVMOptions              = true                                 {experimental} {command line}
     bool UseCompressedClassPointers               = true                                 {lp64_product} {ergonomic}
     bool UseCompressedOops                        = true                                 {lp64_product} {ergonomic}
     bool UseEpsilonGC                             = true                                 {experimental} {command line}
     bool UseTLAB                                  = false                                  {pd product} {command line}

Logging:
Log output configuration:
 #0: stdout all=warning,gc=debug uptime,level,tags
 #1: stderr all=off uptime,level,tags

Environment Variables:
PATH=/usr/local/sbin:/usr/local/bin:/usr/sbin:/usr/bin:/sbin:/bin
SHELL=/bin/bash
LANG=fr_FR.UTF-8

Signal Handlers:
SIGSEGV: [libjvm.so+0xde1f00], sa_mask[0]=11111111011111111101111111111110, sa_flags=SA_RESTART|SA_SIGINFO
SIGBUS: [libjvm.so+0xde1f00], sa_mask[0]=11111111011111111101111111111110, sa_flags=SA_RESTART|SA_SIGINFO
SIGFPE: [libjvm.so+0xde1f00], sa_mask[0]=11111111011111111101111111111110, sa_flags=SA_RESTART|SA_SIGINFO
SIGPIPE: [libjvm.so+0xbdcae0], sa_mask[0]=11111111011111111101111111111110, sa_flags=SA_RESTART|SA_SIGINFO
SIGXFSZ: [libjvm.so+0xbdcae0], sa_mask[0]=11111111011111111101111111111110, sa_flags=SA_RESTART|SA_SIGINFO
SIGILL: [libjvm.so+0xde1f00], sa_mask[0]=11111111011111111101111111111110, sa_flags=SA_RESTART|SA_SIGINFO
SIGUSR2: [libjvm.so+0xbdc980], sa_mask[0]=00000000000000000000000000000000, sa_flags=SA_RESTART|SA_SIGINFO
SIGHUP: [libjvm.so+0xbdd210], sa_mask[0]=11111111011111111101111111111110, sa_flags=SA_RESTART|SA_SIGINFO
SIGINT: [libjvm.so+0xbdd210], sa_mask[0]=11111111011111111101111111111110, sa_flags=SA_RESTART|SA_SIGINFO
SIGTERM: [libjvm.so+0xbdd210], sa_mask[0]=11111111011111111101111111111110, sa_flags=SA_RESTART|SA_SIGINFO
SIGQUIT: [libjvm.so+0xbdd210], sa_mask[0]=11111111011111111101111111111110, sa_flags=SA_RESTART|SA_SIGINFO


---------------  S Y S T E M  ---------------

OS:PRETTY_NAME="Debian GNU/Linux 11 (bullseye)"
NAME="Debian GNU/Linux"
VERSION_ID="11"
VERSION="11 (bullseye)"
VERSION_CODENAME=bullseye
ID=debian
HOME_URL="https://www.debian.org/"
SUPPORT_URL="https://www.debian.org/support"
BUG_REPORT_URL="https://bugs.debian.org/"
uname:Linux 5.10.0-11-amd64 #1 SMP Debian 5.10.92-2 (2022-02-28) x86_64
OS uptime: 33 days 22:13 hours
libc:glibc 2.31 NPTL 2.31 
rlimit (soft/hard): STACK 8192k/infinity , CORE 0k/infinity , NPROC 128459/128459 , NOFILE 1048576/1048576 , AS infinity/infinity , CPU infinity/infinity , DATA infinity/infinity , FSIZE infinity/infinity , MEMLOCK 4116444k/4116444k
load average:1,57 1,55 1,55

/proc/meminfo:
MemTotal:       32931552 kB
MemFree:         7932644 kB
MemAvailable:   10711628 kB
Buffers:         1412284 kB
Cached:         11808128 kB
SwapCached:            0 kB
Active:         13628836 kB
Inactive:        2358404 kB
Active(anon):   12583648 kB
Inactive(anon):   401660 kB
Active(file):    1045188 kB
Inactive(file):  1956744 kB
Unevictable:           0 kB
Mlocked:               0 kB
SwapTotal:             0 kB
SwapFree:              0 kB
Dirty:               320 kB
Writeback:             0 kB
AnonPages:        401512 kB
Mapped:           992896 kB
Shmem:          10218360 kB
KReclaimable:     255108 kB
Slab:             323612 kB
SReclaimable:     255108 kB
SUnreclaim:        68504 kB
KernelStack:        4496 kB
PageTables:        16088 kB
NFS_Unstable:          0 kB
Bounce:                0 kB
WritebackTmp:          0 kB
CommitLimit:    16465776 kB
Committed_AS:     913200 kB
VmallocTotal:   34359738367 kB
VmallocUsed:     4359580 kB
VmallocChunk:          0 kB
Percpu:             7840 kB
HardwareCorrupted:     0 kB
AnonHugePages:    415744 kB
ShmemHugePages:        0 kB
ShmemPmdMapped:        0 kB
FileHugePages:         0 kB
FilePmdMapped:         0 kB
HugePages_Total:       0
HugePages_Free:        0
HugePages_Rsvd:        0
HugePages_Surp:        0
Hugepagesize:       2048 kB
Hugetlb:               0 kB
DirectMap4k:     1689448 kB
DirectMap2M:    30816256 kB
DirectMap1G:     3145728 kB

/sys/kernel/mm/transparent_hugepage/enabled:
[always] madvise never
/sys/kernel/mm/transparent_hugepage/defrag (defrag/compaction efforts parameter):
always defer defer+madvise [madvise] never

Process Memory:
Virtual Size: 7876992K (peak: 7893872K)
Resident Set Size: 1219324K (peak: 1535676K) (anon: 283480K, file: 935844K, shmem: 0K)
Swapped out: 0K
C-Heap outstanding allocations: 145057K, retained: 40706K
glibc malloc tunables: (default)

/proc/sys/kernel/threads-max (system-wide limit on the number of threads):
256918
/proc/sys/vm/max_map_count (maximum number of memory map areas a process may have):
65530
/proc/sys/kernel/pid_max (system-wide limit on number of process identifiers):
4194304

container (cgroup) information:
container_type: cgroupv2
cpu_cpuset_cpus: not supported
cpu_memory_nodes: not supported
active_processor_count: 8
cpu_quota: not supported
cpu_period: not supported
cpu_shares: not supported
memory_limit_in_bytes: 1610612736
memory_and_swap_limit_in_bytes: unlimited
memory_soft_limit_in_bytes: unlimited
memory_usage_in_bytes: 1603747840
memory_max_usage_in_bytes: not supported

KVM virtualization detected
Steal ticks since vm start: 650
Steal ticks percentage since vm start:  0,000

CPU:total 8 (initial active 8) (4 cores per cpu, 1 threads per core) family 6 model 85 stepping 7 microcode 0x5003102, cmov, cx8, fxsr, mmx, sse, sse2, sse3, ssse3, sse4.1, sse4.2, popcnt, avx, avx2, aes, clmul, erms, 3dnowpref, lzcnt, tsc, bmi1, bmi2, adx, evex, fma
CPU Model and flags from /proc/cpuinfo:
model name	: Intel(R) Xeon(R) Silver 4208 CPU @ 2.10GHz
flags		: fpu vme de pse tsc msr pae mce cx8 apic sep mtrr pge mca cmov pat pse36 clflush mmx fxsr sse sse2 ss ht syscall nx pdpe1gb rdtscp lm constant_tsc arch_perfmon rep_good nopl xtopology cpuid tsc_known_freq pni pclmulqdq vmx ssse3 fma cx16 pdcm pcid sse4_1 sse4_2 x2apic movbe popcnt tsc_deadline_timer aes xsave avx f16c rdrand hypervisor lahf_lm abm 3dnowprefetch cpuid_fault invpcid_single ssbd ibrs ibpb stibp ibrs_enhanced tpr_shadow vnmi flexpriority ept vpid ept_ad fsgsbase tsc_adjust bmi1 avx2 smep bmi2 erms invpcid mpx avx512f avx512dq rdseed adx smap clflushopt clwb avx512cd avx512bw avx512vl xsaveopt xsavec xgetbv1 xsaves arat umip pku ospke avx512_vnni md_clear arch_capabilities
Online cpus:
0-7
Offline cpus:

BIOS frequency limitation:
<Not Available>
Frequency switch latency (ns):
<Not Available>
Available cpu frequencies:
<Not Available>
Current governor:
<Not Available>
Core performance/turbo boost:
<Not Available>

Memory: 4k page, physical 1572864k(6704k free), swap 0k(0k free)

vm_info: OpenJDK 64-Bit Server VM (11.0.16-internal+0-adhoc.adam.jdk11u) for linux-amd64 JRE (11.0.16-internal+0-adhoc.adam.jdk11u), built on May 10 2023 15:45:53 by "adam" with gcc 10.2.1 20210110

END.
