#
# A fatal error has been detected by the Java Runtime Environment:
#
#  SIGSEGV (0xb) at pc=0x00007fd182d83734, pid=3212, tid=3217
#
# JRE version: OpenJDK Runtime Environment (11.0.16) (build 11.0.16-internal+0-adhoc.adam.jdk11u)
# Java VM: OpenJDK 64-Bit Server VM (11.0.16-internal+0-adhoc.adam.jdk11u, mixed mode, tiered, compressed oops, epsilon gc, linux-amd64)
# Problematic frame:
# V  [libjvm.so+0x48f734]  BiasedLocking::revoke_and_rebias(Handle, bool, Thread*)+0x24
#
# No core dump will be written. Core dumps have been disabled. To enable core dumping, try "ulimit -c unlimited" before starting Java again
#
# If you would like to submit a bug report, please visit:
#   https://bugreport.java.com/bugreport/crash.jsp
#

---------------  S U M M A R Y ------------

Command Line: -XX:AllocateHeapAt=/dev/fakeblk -Xlog:gc=debug -XX:+UnlockExperimentalVMOptions -XX:-UseTLAB -XX:+UseEpsilonGC -Xnoclassgc -XX:-ClassUnloading -XX:MetaspaceSize=1G -Xms8g -Xmx8g ../dacapo-9.12-MR1-bach.jar avrora

Host: Intel(R) Xeon(R) Silver 4208 CPU @ 2.10GHz, 8 cores, 1G, Debian GNU/Linux 11 (bullseye)
Time: Tue Jul 11 15:25:50 2023 CEST elapsed time: 117.596041 seconds (0d 0h 1m 57s)

---------------  T H R E A D  ---------------

Current thread (0x00007fd17c124000):  JavaThread "Signal Dispatcher" daemon [_thread_in_vm, id=3217, stack(0x00007fd181482000,0x00007fd181583000)]

Stack: [0x00007fd181482000,0x00007fd181583000],  sp=0x00007fd1815809f0,  free space=1018k
Native frames: (J=compiled Java code, A=aot compiled Java code, j=interpreted, Vv=VM code, C=native code)
V  [libjvm.so+0x48f734]  BiasedLocking::revoke_and_rebias(Handle, bool, Thread*)+0x24
V  [libjvm.so+0xd399a6]  ObjectLocker::ObjectLocker(Handle, Thread*, bool)+0x56
V  [libjvm.so+0x857b90]  InstanceKlass::link_class_impl(bool, Thread*)+0x1a0
V  [libjvm.so+0x8595f8]  InstanceKlass::initialize_impl(Thread*)+0x248
V  [libjvm.so+0x871639]  InterpreterRuntime::_new(JavaThread*, ConstantPool*, int)+0x1e9
j  java.security.Policy.<clinit>()V+10 java.base@11.0.16-internal
v  ~StubRoutines::call_stub
V  [libjvm.so+0x87a543]  JavaCalls::call_helper(JavaValue*, methodHandle const&, JavaCallArguments*, Thread*)+0x353
V  [libjvm.so+0x859341]  InstanceKlass::call_class_initializer(Thread*)+0x251
V  [libjvm.so+0x859789]  InstanceKlass::initialize_impl(Thread*)+0x3d9
V  [libjvm.so+0xa646db]  LinkResolver::resolve_static_call(CallInfo&, LinkInfo const&, bool, Thread*)+0x9b
V  [libjvm.so+0xa670a2]  LinkResolver::resolve_invoke(CallInfo&, Handle, constantPoolHandle const&, int, Bytecodes::Code, Thread*)+0xc2
V  [libjvm.so+0x873bdf]  InterpreterRuntime::resolve_invoke(JavaThread*, Bytecodes::Code)+0x17f
V  [libjvm.so+0x87423d]  InterpreterRuntime::resolve_from_cache(JavaThread*, Bytecodes::Code)+0x3d
j  java.security.AccessControlContext.getDebug()Lsun/security/util/Debug;+10 java.base@11.0.16-internal
j  java.security.AccessControlContext.optimize()Ljava/security/AccessControlContext;+141 java.base@11.0.16-internal
j  java.security.AccessController.getContext()Ljava/security/AccessControlContext;+19 java.base@11.0.16-internal
j  java.lang.Thread.<init>(Ljava/lang/ThreadGroup;Ljava/lang/Runnable;Ljava/lang/String;JLjava/security/AccessControlContext;Z)V+191 java.base@11.0.16-internal
j  java.lang.Thread.<init>(Ljava/lang/ThreadGroup;Ljava/lang/Runnable;Ljava/lang/String;JZ)V+9 java.base@11.0.16-internal
j  jdk.internal.misc.Signal.dispatch(I)V+66 java.base@11.0.16-internal
v  ~StubRoutines::call_stub
V  [libjvm.so+0x87a543]  JavaCalls::call_helper(JavaValue*, methodHandle const&, JavaCallArguments*, Thread*)+0x353
V  [libjvm.so+0x87948a]  JavaCalls::call_static(JavaValue*, Klass*, Symbol*, Symbol*, JavaCallArguments*, Thread*)+0xea
V  [libjvm.so+0xbd8123]  signal_thread_entry(JavaThread*, Thread*)+0x2d3
V  [libjvm.so+0xd78d23]  JavaThread::thread_main_inner()+0x133
V  [libjvm.so+0xd7577c]  Thread::call_run()+0x13c
V  [libjvm.so+0xbe7c36]  thread_native_entry(Thread*)+0xe6

Java frames: (J=compiled Java code, j=interpreted, Vv=VM code)
j  java.security.Policy.<clinit>()V+10 java.base@11.0.16-internal
v  ~StubRoutines::call_stub
j  java.security.AccessControlContext.getDebug()Lsun/security/util/Debug;+10 java.base@11.0.16-internal
j  java.security.AccessControlContext.optimize()Ljava/security/AccessControlContext;+141 java.base@11.0.16-internal
j  java.security.AccessController.getContext()Ljava/security/AccessControlContext;+19 java.base@11.0.16-internal
j  java.lang.Thread.<init>(Ljava/lang/ThreadGroup;Ljava/lang/Runnable;Ljava/lang/String;JLjava/security/AccessControlContext;Z)V+191 java.base@11.0.16-internal
j  java.lang.Thread.<init>(Ljava/lang/ThreadGroup;Ljava/lang/Runnable;Ljava/lang/String;JZ)V+9 java.base@11.0.16-internal
j  jdk.internal.misc.Signal.dispatch(I)V+66 java.base@11.0.16-internal
v  ~StubRoutines::call_stub

siginfo: si_signo: 11 (SIGSEGV), si_code: 1 (SEGV_MAPERR), si_addr: 0x0000000181580310

Register to memory mapping:

RAX=0x0 is NULL
RBX=0x00007fd181580b80 is pointing into the stack for thread: 0x00007fd17c124000
RCX=0x0000000000000001 is an unknown value
RDX=0x00007fd17c124000 is a thread
RSP=0x00007fd1815809f0 is pointing into the stack for thread: 0x00007fd17c124000
RBP=0x00007fd181580ae0 is pointing into the stack for thread: 0x00007fd17c124000
RSI=0x0000000181580310 is an unknown value
RDI=0x00007fd17c124e08 points into unknown readable memory: 0x0000000181580310 | 10 03 58 81 01 00 00 00
R8 =0x0000005c1378de61 is an unknown value
R9 =0x0000000000000007 is an unknown value
R10=0x00007fffc9ff2080 points into unknown readable memory: 0x0000000200017632 | 32 76 01 00 02 00 00 00
R11=0x00007fffc9ff2090 points into unknown readable memory: 0xffffffffffffffff | ff ff ff ff ff ff ff ff
R12=0x0 is NULL
R13=0x00007fd17c124000 is a thread
R14=0x00007fd181580ba0 is pointing into the stack for thread: 0x00007fd17c124000
R15=0x00007fd17c124000 is a thread


Registers:
RAX=0x0000000000000000, RBX=0x00007fd181580b80, RCX=0x0000000000000001, RDX=0x00007fd17c124000
RSP=0x00007fd1815809f0, RBP=0x00007fd181580ae0, RSI=0x0000000181580310, RDI=0x00007fd17c124e08
R8 =0x0000005c1378de61, R9 =0x0000000000000007, R10=0x00007fffc9ff2080, R11=0x00007fffc9ff2090
R12=0x0000000000000000, R13=0x00007fd17c124000, R14=0x00007fd181580ba0, R15=0x00007fd17c124000
RIP=0x00007fd182d83734, EFLAGS=0x0000000000010206, CSGSFS=0x002b000000000033, ERR=0x0000000000000004
  TRAPNO=0x000000000000000e

Top of Stack: (sp=0x00007fd1815809f0)
0x00007fd1815809f0:   0000000000001578 00007fd100000001
0x00007fd181580a00:   00007fd181580a50 00007fd100000003
0x00007fd181580a10:   00007fd17c07c7c0 00007fd17c124e08
0x00007fd181580a20:   00007fd181580ad0 00007fd17c023d00 

Instructions: (pc=0x00007fd182d83734)
0x00007fd182d83634:   c9 31 d2 31 f6 4c 89 e7 e8 df f2 ff ff e9 76 ff
0x00007fd182d83644:   ff ff 66 2e 0f 1f 84 00 00 00 00 00 48 8d 05 c1
0x00007fd182d83654:   c9 cf 00 80 38 00 0f 84 a0 00 00 00 55 48 89 e5
0x00007fd182d83664:   41 54 48 83 ec 08 4c 8b 25 47 78 d3 00 49 63 34
0x00007fd182d83674:   24 85 f6 7e 37 48 8b 3d 30 78 d3 00 48 c1 e6 03
0x00007fd182d83684:   31 c0 66 2e 0f 1f 84 00 00 00 00 00 48 8b 57 18
0x00007fd182d83694:   48 8b 0c 02 49 8b 54 24 18 48 8b 14 02 48 83 c0
0x00007fd182d836a4:   08 48 8b 12 48 89 0a 48 39 c6 75 e0 4d 85 e4 74
0x00007fd182d836b4:   10 4c 89 e7 e8 23 0d 00 00 4c 89 e7 e8 8b 59 f9
0x00007fd182d836c4:   ff 4c 8b 25 e4 77 d3 00 48 c7 05 e1 77 d3 00 00
0x00007fd182d836d4:   00 00 00 4d 85 e4 74 10 4c 89 e7 e8 3c 0d 00 00
0x00007fd182d836e4:   4c 89 e7 e8 64 59 f9 ff 48 c7 05 b9 77 d3 00 00
0x00007fd182d836f4:   00 00 00 4c 8b 65 f8 c9 c3 0f 1f 00 c3 90 66 66
0x00007fd182d83704:   2e 0f 1f 84 00 00 00 00 00 0f 1f 00 55 48 89 e5
0x00007fd182d83714:   41 57 49 89 d7 41 56 41 55 41 54 41 89 f4 53 48
0x00007fd182d83724:   81 ec c8 00 00 00 48 89 bd 38 ff ff ff 48 8b 37
0x00007fd182d83734:   48 8b 1e 48 89 d9 83 e1 07 48 83 f9 05 0f 84 81
0x00007fd182d83744:   01 00 00 48 85 ff 74 03 48 8b 3f 48 8b 07 83 e0
0x00007fd182d83754:   07 48 83 f8 05 0f 85 49 01 00 00 e8 8c e5 ff ff
0x00007fd182d83764:   41 89 c5 83 f8 01 0f 84 38 01 00 00 83 f8 02 0f
0x00007fd182d83774:   84 27 02 00 00 48 8d 1d e0 5a d4 00 66 0f ef c0
0x00007fd182d83784:   c6 85 50 ff ff ff 00 0f 29 85 40 ff ff ff 80 bb
0x00007fd182d83794:   d1 18 00 00 00 74 13 c6 85 50 ff ff ff 01 e8 29
0x00007fd182d837a4:   5d 8f 00 48 89 85 40 ff ff ff 48 8d 85 38 ff ff
0x00007fd182d837b4:   ff 41 83 fd 03 66 0f ef c0 48 c7 85 78 ff ff ff
0x00007fd182d837c4:   00 00 00 00 48 89 45 a0 48 8d bd 70 ff ff ff 48
0x00007fd182d837d4:   8d 05 e6 e5 cc 00 0f 94 45 c8 48 c7 45 a8 00 00
0x00007fd182d837e4:   00 00 4c 89 7d b0 c7 45 b8 01 00 00 00 48 c7 45
0x00007fd182d837f4:   c0 00 00 00 00 48 89 85 70 ff ff ff 44 88 65 c9
0x00007fd182d83804:   0f 29 45 90 e8 e3 ab 95 00 80 bd 50 ff ff ff 00
0x00007fd182d83814:   0f 84 83 00 00 00 48 8b 85 38 ff ff ff 41 83 fd
0x00007fd182d83824:   03 0f 95 c2 48 8b 08 48 8d 05 7a 3a d4 00 80 38 


Stack slot to memory mapping:
stack at sp + 0 slots: 0x0000000000001578 is an unknown value
stack at sp + 1 slots: 0x00007fd100000001 is an unknown value
stack at sp + 2 slots: 0x00007fd181580a50 is pointing into the stack for thread: 0x00007fd17c124000
stack at sp + 3 slots: 0x00007fd100000003 is an unknown value
stack at sp + 4 slots: 0x00007fd17c07c7c0 points into unknown readable memory: 0x0000000000000000 | 00 00 00 00 00 00 00 00
stack at sp + 5 slots: 0x00007fd17c124e08 points into unknown readable memory: 0x0000000181580310 | 10 03 58 81 01 00 00 00
stack at sp + 6 slots: 0x00007fd181580ad0 is pointing into the stack for thread: 0x00007fd17c124000
stack at sp + 7 slots: 0x00007fd17c023d00 points into unknown readable memory: 0x0000000000000000 | 00 00 00 00 00 00 00 00


---------------  P R O C E S S  ---------------

Threads class SMR info:
_java_thread_list=0x00007fd17c1eaaa0, length=9, elements={
0x00007fd17c028000, 0x00007fd17c108800, 0x00007fd17c10d000, 0x00007fd17c124000,
0x00007fd17c126000, 0x00007fd17c128000, 0x00007fd17c12a800, 0x00007fd17c12c800,
0x00007fd17c1e9000
}

Java Threads: ( => current thread )
  0x00007fd17c028000 JavaThread "main" [_thread_blocked, id=3213, stack(0x00007fd1826af000,0x00007fd1827b0000)]
  0x00007fd17c108800 JavaThread "" daemon [_thread_blocked, id=3215, stack(0x00007fd18196b000,0x00007fd181a6c000)]
  0x00007fd17c10d000 JavaThread "Finalizer" daemon [_thread_blocked, id=3216, stack(0x00007fd18186a000,0x00007fd18196b000)]
=>0x00007fd17c124000 JavaThread "Signal Dispatcher" daemon [_thread_in_vm, id=3217, stack(0x00007fd181482000,0x00007fd181583000)]
  0x00007fd17c126000 JavaThread "Service Thread" daemon [_thread_blocked, id=3218, stack(0x00007fd181381000,0x00007fd181482000)]
  0x00007fd17c128000 JavaThread "" daemon [_thread_blocked, id=3219, stack(0x00007fd181280000,0x00007fd181381000)]
  0x00007fd17c12a800 JavaThread "C1 CompilerThread0" daemon [_thread_blocked, id=3220, stack(0x00007fd18117f000,0x00007fd181280000)]
  0x00007fd17c12c800 JavaThread "Sweeper thread" daemon [_thread_blocked, id=3221, stack(0x00007fd18107e000,0x00007fd18117f000)]
  0x00007fd17c1e9000 JavaThread "Common-Cleaner" daemon [_thread_blocked, id=3223, stack(0x00007fd180e7b000,0x00007fd180f7c000)]

Other Threads:
  0x00007fd17c0ff000 VMThread "VM Thread" [stack: 0x00007fd181a6e000,0x00007fd181b6e000] [id=3214]
  0x00007fd17c1e1800 WatcherThread [stack: 0x00007fd180f7e000,0x00007fd18107e000] [id=3222]

Threads with active compile tasks:

VM state:synchronizing (normal execution)

VM Mutex/Monitor currently owned by a thread:  ([mutex/lock_event])
[0x00007fd17c024720] Threads_lock - owner thread: 0x00007fd17c0ff000

Heap address: 0x0000000600000000, size: 8192 MB, Compressed Oops mode: Zero based, Oop shift amount: 3
Narrow klass base: 0x0000000800000000, Narrow klass shift: 0
Compressed class space size: 1073741824 Address: 0x0000000800000000

Heap:
Epsilon Heap
Allocation space:
 Metaspace       used 6308K, capacity 6458K, committed 6784K, reserved 1056768K
  class space    used 519K, capacity 539K, committed 640K, reserved 1048576K


Polling page: 0x00007fd183d2a000

Metaspace:

Usage:
  Non-class:      5,78 MB capacity,     5,65 MB ( 98%) used,   127,37 KB (  2%) free+waste,     2,44 KB ( <1%) overhead. 
      Class:    539,00 KB capacity,   519,70 KB ( 96%) used,    18,11 KB (  3%) free+waste,     1,19 KB ( <1%) overhead. 
       Both:      6,31 MB capacity,     6,16 MB ( 98%) used,   145,48 KB (  2%) free+waste,     3,62 KB ( <1%) overhead. 

Virtual space:
  Non-class space:        8,00 MB reserved,       6,00 MB ( 75%) committed 
      Class space:        1,00 GB reserved,     640,00 KB ( <1%) committed 
             Both:        1,01 GB reserved,       6,62 MB ( <1%) committed 

Chunk freelists:
   Non-Class:  57,00 KB
       Class:  5,00 KB
        Both:  62,00 KB

MaxMetaspaceSize: unlimited
CompressedClassSpaceSize: 1,00 GB
Initial GC threshold: 1,00 GB
Current GC threshold: 1,00 GB
CDS: off

CodeHeap 'non-profiled nmethods': size=120032Kb used=80Kb max_used=80Kb free=119951Kb
 bounds [0x00007fd16c2da000, 0x00007fd16c54a000, 0x00007fd173812000]
CodeHeap 'profiled nmethods': size=120028Kb used=606Kb max_used=606Kb free=119421Kb
 bounds [0x00007fd164da3000, 0x00007fd165013000, 0x00007fd16c2da000]
CodeHeap 'non-nmethods': size=5700Kb used=1098Kb max_used=1110Kb free=4601Kb
 bounds [0x00007fd164812000, 0x00007fd164a82000, 0x00007fd164da3000]
 total_blobs=714 nmethods=380 adapters=250
 compilation: enabled
              stopped_count=0, restarted_count=0
 full_count=0

Compilation events (20 events):
Event: 8,469 Thread 0x00007fd17c12a800  370       3       java.util.WeakHashMap::indexFor (6 bytes)
Event: 8,469 Thread 0x00007fd17c12a800 nmethod 370 0x00007fd164e38510 code [0x00007fd164e386c0, 0x00007fd164e38790]
Event: 8,664 Thread 0x00007fd17c128000  371       4       java.util.concurrent.ConcurrentHashMap::tabAt (22 bytes)
Event: 8,665 Thread 0x00007fd17c128000 nmethod 371 0x00007fd16c2eca90 code [0x00007fd16c2ecc20, 0x00007fd16c2ecc78]
Event: 8,670 Thread 0x00007fd17c128000  372       4       java.io.OutputStream::flush (1 bytes)
Event: 8,671 Thread 0x00007fd17c128000 nmethod 372 0x00007fd16c2ecd90 code [0x00007fd16c2ecf20, 0x00007fd16c2ecf78]
Event: 8,718 Thread 0x00007fd17c12a800  373  s    3       java.lang.Throwable::fillInStackTrace (29 bytes)
Event: 8,719 Thread 0x00007fd17c12a800 nmethod 373 0x00007fd164e38810 code [0x00007fd164e389e0, 0x00007fd164e38d40]
Event: 8,738 Thread 0x00007fd17c12a800  375       3       java.lang.RuntimeException::<init> (5 bytes)
Event: 8,738 Thread 0x00007fd17c12a800 nmethod 375 0x00007fd164e38e10 code [0x00007fd164e38fe0, 0x00007fd164e392e0]
Event: 8,738 Thread 0x00007fd17c12a800  376       3       java.lang.Exception::<init> (5 bytes)
Event: 8,739 Thread 0x00007fd17c12a800 nmethod 376 0x00007fd164e39410 code [0x00007fd164e39600, 0x00007fd164e39b60]
Event: 8,739 Thread 0x00007fd17c12a800  377       3       java.lang.IllegalMonitorStateException::<init> (5 bytes)
Event: 8,740 Thread 0x00007fd17c12a800 nmethod 377 0x00007fd164e39c90 code [0x00007fd164e39e60, 0x00007fd164e3a040]
Event: 8,776 Thread 0x00007fd17c12a800  378       3       java.lang.Throwable::<init> (29 bytes)
Event: 8,777 Thread 0x00007fd17c12a800 nmethod 378 0x00007fd164e3a110 code [0x00007fd164e3a2e0, 0x00007fd164e3a7e0]
Event: 16,882 Thread 0x00007fd17c128000  379       4       java.lang.Throwable::<init> (29 bytes)
Event: 16,888 Thread 0x00007fd17c128000 nmethod 379 0x00007fd16c2ed490 code [0x00007fd16c2ed640, 0x00007fd16c2ed968]
Event: 16,888 Thread 0x00007fd17c128000  380       4       java.lang.IllegalMonitorStateException::<init> (5 bytes)
Event: 16,893 Thread 0x00007fd17c128000 nmethod 380 0x00007fd16c2eda90 code [0x00007fd16c2edc40, 0x00007fd16c2edf68]

GC Heap History (0 events):
No events

Deoptimization events (4 events):
Event: 1,610 Thread 0x00007fd17c028000 Uncommon trap: trap_request=0xffffff4d fr.pc=0x00007fd16c2dd718 relative=0x0000000000000178
Event: 1,610 Thread 0x00007fd17c028000 Uncommon trap: reason=unstable_if action=reinterpret pc=0x00007fd16c2dd718 method=java.lang.String.hashCode()I @ 14 c2
Event: 1,610 Thread 0x00007fd17c028000 DEOPT PACKING pc=0x00007fd16c2dd718 sp=0x00007fd1827ad260
Event: 1,610 Thread 0x00007fd17c028000 DEOPT UNPACKING pc=0x00007fd16481a2a5 sp=0x00007fd1827ad218 mode 2

Classes redefined (0 events):
No events

Internal exceptions (20 events):
Event: 116,895 Thread 0x00007fd17c028000 Exception <a 'java/lang/IllegalMonitorStateException'{0x00000007416b66a0}> (0x00000007416b66a0) thrown at [src/hotspot/share/interpreter/interpreterRuntime.cpp, line 782]
Event: 116,899 Thread 0x00007fd17c028000 Exception <a 'java/lang/IllegalMonitorStateException'{0x00000007416b6700}> (0x00000007416b6700) thrown at [src/hotspot/share/interpreter/interpreterRuntime.cpp, line 782]
Event: 116,904 Thread 0x00007fd17c028000 Exception <a 'java/lang/IllegalMonitorStateException'{0x00000007416b6760}> (0x00000007416b6760) thrown at [src/hotspot/share/interpreter/interpreterRuntime.cpp, line 782]
Event: 116,908 Thread 0x00007fd17c028000 Exception <a 'java/lang/IllegalMonitorStateException'{0x00000007416b67c0}> (0x00000007416b67c0) thrown at [src/hotspot/share/interpreter/interpreterRuntime.cpp, line 782]
Event: 116,912 Thread 0x00007fd17c028000 Exception <a 'java/lang/IllegalMonitorStateException'{0x00000007416b6820}> (0x00000007416b6820) thrown at [src/hotspot/share/interpreter/interpreterRuntime.cpp, line 782]
Event: 116,916 Thread 0x00007fd17c028000 Exception <a 'java/lang/IllegalMonitorStateException'{0x00000007416b6880}> (0x00000007416b6880) thrown at [src/hotspot/share/interpreter/interpreterRuntime.cpp, line 782]
Event: 116,920 Thread 0x00007fd17c028000 Exception <a 'java/lang/IllegalMonitorStateException'{0x00000007416b68e0}> (0x00000007416b68e0) thrown at [src/hotspot/share/interpreter/interpreterRuntime.cpp, line 782]
Event: 116,924 Thread 0x00007fd17c028000 Exception <a 'java/lang/IllegalMonitorStateException'{0x0000000740db65f8}> (0x0000000740db65f8) thrown at [src/hotspot/share/interpreter/interpreterRuntime.cpp, line 782]
Event: 116,928 Thread 0x00007fd17c028000 Exception <a 'java/lang/IllegalMonitorStateException'{0x0000000740db6658}> (0x0000000740db6658) thrown at [src/hotspot/share/interpreter/interpreterRuntime.cpp, line 782]
Event: 116,932 Thread 0x00007fd17c028000 Exception <a 'java/lang/IllegalMonitorStateException'{0x0000000740db66b8}> (0x0000000740db66b8) thrown at [src/hotspot/share/interpreter/interpreterRuntime.cpp, line 782]
Event: 117,055 Thread 0x00007fd17c028000 Exception <a 'java/lang/IllegalMonitorStateException'{0x0000000740db6718}> (0x0000000740db6718) thrown at [src/hotspot/share/interpreter/interpreterRuntime.cpp, line 782]
Event: 117,096 Thread 0x00007fd17c028000 Exception <a 'java/lang/IllegalMonitorStateException'{0x0000000740db6778}> (0x0000000740db6778) thrown at [src/hotspot/share/interpreter/interpreterRuntime.cpp, line 782]
Event: 117,100 Thread 0x00007fd17c028000 Exception <a 'java/lang/IllegalMonitorStateException'{0x0000000740db67d8}> (0x0000000740db67d8) thrown at [src/hotspot/share/interpreter/interpreterRuntime.cpp, line 782]
Event: 117,104 Thread 0x00007fd17c028000 Exception <a 'java/lang/IllegalMonitorStateException'{0x0000000740db6838}> (0x0000000740db6838) thrown at [src/hotspot/share/interpreter/interpreterRuntime.cpp, line 782]
Event: 117,108 Thread 0x00007fd17c028000 Exception <a 'java/lang/IllegalMonitorStateException'{0x0000000740db6898}> (0x0000000740db6898) thrown at [src/hotspot/share/interpreter/interpreterRuntime.cpp, line 782]
Event: 117,112 Thread 0x00007fd17c028000 Exception <a 'java/lang/IllegalMonitorStateException'{0x00000007405b65b8}> (0x00000007405b65b8) thrown at [src/hotspot/share/interpreter/interpreterRuntime.cpp, line 782]
Event: 117,116 Thread 0x00007fd17c028000 Exception <a 'java/lang/IllegalMonitorStateException'{0x00000007405b6618}> (0x00000007405b6618) thrown at [src/hotspot/share/interpreter/interpreterRuntime.cpp, line 782]
Event: 117,120 Thread 0x00007fd17c028000 Exception <a 'java/lang/IllegalMonitorStateException'{0x00000007405b6678}> (0x00000007405b6678) thrown at [src/hotspot/share/interpreter/interpreterRuntime.cpp, line 782]
Event: 117,124 Thread 0x00007fd17c028000 Exception <a 'java/lang/IllegalMonitorStateException'{0x00000007405b66d8}> (0x00000007405b66d8) thrown at [src/hotspot/share/interpreter/interpreterRuntime.cpp, line 782]
Event: 117,128 Thread 0x00007fd17c028000 Exception <a 'java/lang/IllegalMonitorStateException'{0x00000007405b6738}> (0x00000007405b6738) thrown at [src/hotspot/share/interpreter/interpreterRuntime.cpp, line 782]

Events (20 events):
Event: 8,669 loading class java/security/PrivilegedActionException
Event: 8,670 loading class java/security/PrivilegedActionException done
Event: 8,670 loading class java/lang/Throwable$WrappedPrintStream
Event: 8,671 loading class java/lang/Throwable$PrintStreamOrWriter
Event: 8,671 loading class java/lang/Throwable$PrintStreamOrWriter done
Event: 8,671 loading class java/lang/Throwable$WrappedPrintStream done
Event: 8,672 loading class java/util/IdentityHashMap$KeyIterator
Event: 8,678 loading class java/util/IdentityHashMap$IdentityHashMapIterator
Event: 8,679 loading class java/util/IdentityHashMap$IdentityHashMapIterator done
Event: 8,679 loading class java/util/IdentityHashMap$KeyIterator done
Event: 91,918 Executing VM operation: Dummy
Event: 92,235 Executing VM operation: Dummy done
Event: 112,632 loading class jdk/internal/misc/Signal$1
Event: 113,778 loading class jdk/internal/misc/Signal$1 done
Event: 113,779 loading class java/security/Policy
Event: 116,037 loading class java/security/Policy done
Event: 116,037 loading class java/security/Policy$UnsupportedEmptyCollection
Event: 116,037 loading class java/security/Policy$UnsupportedEmptyCollection done
Event: 116,037 loading class java/security/Policy$PolicyInfo
Event: 117,553 loading class java/security/Policy$PolicyInfo done


Dynamic libraries:
600000000-800000000 rw-s 00000000 00:05 381                              /dev/fakeblk
800000000-8000a0000 rw-p 00000000 00:00 0 
8000a0000-840000000 ---p 00000000 00:00 0 
55f5e85dd000-55f5e85de000 r--p 00000000 08:01 4209380                    /home/adam/jdk11u/build/linux-x86_64-normal-server-release/images/jdk/bin/java
55f5e85de000-55f5e85df000 r-xp 00001000 08:01 4209380                    /home/adam/jdk11u/build/linux-x86_64-normal-server-release/images/jdk/bin/java
55f5e85df000-55f5e85e0000 r--p 00002000 08:01 4209380                    /home/adam/jdk11u/build/linux-x86_64-normal-server-release/images/jdk/bin/java
55f5e85e0000-55f5e85e1000 r--p 00002000 08:01 4209380                    /home/adam/jdk11u/build/linux-x86_64-normal-server-release/images/jdk/bin/java
55f5e85e1000-55f5e85e2000 rw-p 00003000 08:01 4209380                    /home/adam/jdk11u/build/linux-x86_64-normal-server-release/images/jdk/bin/java
55f5e929c000-55f5e92bd000 rw-p 00000000 00:00 0                          [heap]
7fd138000000-7fd138021000 rw-p 00000000 00:00 0 
7fd138021000-7fd13c000000 ---p 00000000 00:00 0 
7fd140000000-7fd140021000 rw-p 00000000 00:00 0 
7fd140021000-7fd144000000 ---p 00000000 00:00 0 
7fd144000000-7fd144021000 rw-p 00000000 00:00 0 
7fd144021000-7fd148000000 ---p 00000000 00:00 0 
7fd148000000-7fd14811e000 rw-p 00000000 00:00 0 
7fd14811e000-7fd14c000000 ---p 00000000 00:00 0 
7fd14c000000-7fd14c165000 rw-p 00000000 00:00 0 
7fd14c165000-7fd150000000 ---p 00000000 00:00 0 
7fd150000000-7fd150021000 rw-p 00000000 00:00 0 
7fd150021000-7fd154000000 ---p 00000000 00:00 0 
7fd154000000-7fd154021000 rw-p 00000000 00:00 0 
7fd154021000-7fd158000000 ---p 00000000 00:00 0 
7fd158000000-7fd158021000 rw-p 00000000 00:00 0 
7fd158021000-7fd15c000000 ---p 00000000 00:00 0 
7fd15c000000-7fd15c021000 rw-p 00000000 00:00 0 
7fd15c021000-7fd160000000 ---p 00000000 00:00 0 
7fd160000000-7fd160091000 rw-p 00000000 00:00 0 
7fd160091000-7fd164000000 ---p 00000000 00:00 0 
7fd164812000-7fd164a82000 rwxp 00000000 00:00 0 
7fd164a82000-7fd164da3000 ---p 00000000 00:00 0 
7fd164da3000-7fd165013000 rwxp 00000000 00:00 0 
7fd165013000-7fd16c2da000 ---p 00000000 00:00 0 
7fd16c2da000-7fd16c54a000 rwxp 00000000 00:00 0 
7fd16c54a000-7fd173812000 ---p 00000000 00:00 0 
7fd173812000-7fd17c000000 r--s 00000000 08:01 4209158                    /home/adam/jdk11u/build/linux-x86_64-normal-server-release/images/jdk/lib/modules
7fd17c000000-7fd17c427000 rw-p 00000000 00:00 0 
7fd17c427000-7fd180000000 ---p 00000000 00:00 0 
7fd180aa3000-7fd180aaa000 r--s 00000000 08:01 2926395                    /usr/lib/x86_64-linux-gnu/gconv/gconv-modules.cache
7fd180aaa000-7fd180e4f000 rw-p 00000000 00:00 0 
7fd180e4f000-7fd180e53000 r--p 00000000 08:01 4209404                    /home/adam/jdk11u/build/linux-x86_64-normal-server-release/images/jdk/lib/libnet.so
7fd180e53000-7fd180e62000 r-xp 00004000 08:01 4209404                    /home/adam/jdk11u/build/linux-x86_64-normal-server-release/images/jdk/lib/libnet.so
7fd180e62000-7fd180e66000 r--p 00013000 08:01 4209404                    /home/adam/jdk11u/build/linux-x86_64-normal-server-release/images/jdk/lib/libnet.so
7fd180e66000-7fd180e67000 r--p 00016000 08:01 4209404                    /home/adam/jdk11u/build/linux-x86_64-normal-server-release/images/jdk/lib/libnet.so
7fd180e67000-7fd180e68000 rw-p 00017000 08:01 4209404                    /home/adam/jdk11u/build/linux-x86_64-normal-server-release/images/jdk/lib/libnet.so
7fd180e68000-7fd180e6f000 r--p 00000000 08:01 4209393                    /home/adam/jdk11u/build/linux-x86_64-normal-server-release/images/jdk/lib/libnio.so
7fd180e6f000-7fd180e76000 r-xp 00007000 08:01 4209393                    /home/adam/jdk11u/build/linux-x86_64-normal-server-release/images/jdk/lib/libnio.so
7fd180e76000-7fd180e79000 r--p 0000e000 08:01 4209393                    /home/adam/jdk11u/build/linux-x86_64-normal-server-release/images/jdk/lib/libnio.so
7fd180e79000-7fd180e7a000 r--p 00010000 08:01 4209393                    /home/adam/jdk11u/build/linux-x86_64-normal-server-release/images/jdk/lib/libnio.so
7fd180e7a000-7fd180e7b000 rw-p 00011000 08:01 4209393                    /home/adam/jdk11u/build/linux-x86_64-normal-server-release/images/jdk/lib/libnio.so
7fd180e7b000-7fd180e7f000 ---p 00000000 00:00 0 
7fd180e7f000-7fd180f7c000 rw-p 00000000 00:00 0 
7fd180f7c000-7fd180f7d000 ---p 00000000 00:00 0 
7fd180f7d000-7fd18107e000 rw-p 00000000 00:00 0 
7fd18107e000-7fd181082000 ---p 00000000 00:00 0 
7fd181082000-7fd18117f000 rw-p 00000000 00:00 0 
7fd18117f000-7fd181183000 ---p 00000000 00:00 0 
7fd181183000-7fd181280000 rw-p 00000000 00:00 0 
7fd181280000-7fd181284000 ---p 00000000 00:00 0 
7fd181284000-7fd181381000 rw-p 00000000 00:00 0 
7fd181381000-7fd181385000 ---p 00000000 00:00 0 
7fd181385000-7fd181482000 rw-p 00000000 00:00 0 
7fd181482000-7fd181486000 ---p 00000000 00:00 0 
7fd181486000-7fd181583000 rw-p 00000000 00:00 0 
7fd181583000-7fd18186a000 r--p 00000000 08:01 2884038                    /usr/lib/locale/locale-archive
7fd18186a000-7fd18186e000 ---p 00000000 00:00 0 
7fd18186e000-7fd18196b000 rw-p 00000000 00:00 0 
7fd18196b000-7fd18196f000 ---p 00000000 00:00 0 
7fd18196f000-7fd181a6c000 rw-p 00000000 00:00 0 
7fd181a6c000-7fd181a6d000 ---p 00000000 00:00 0 
7fd181a6d000-7fd18224a000 rw-p 00000000 00:00 0 
7fd18224a000-7fd18244a000 ---p 00000000 00:00 0 
7fd18244a000-7fd18244f000 rw-p 00000000 00:00 0 
7fd18244f000-7fd182535000 ---p 00000000 00:00 0 
7fd182535000-7fd18253a000 rw-p 00000000 00:00 0 
7fd18253a000-7fd182620000 ---p 00000000 00:00 0 
7fd182620000-7fd182625000 rw-p 00000000 00:00 0 
7fd182625000-7fd18262c000 ---p 00000000 00:00 0 
7fd18262c000-7fd18262f000 r--p 00000000 08:01 2907361                    /usr/lib/x86_64-linux-gnu/libnss_files-2.31.so
7fd18262f000-7fd182636000 r-xp 00003000 08:01 2907361                    /usr/lib/x86_64-linux-gnu/libnss_files-2.31.so
7fd182636000-7fd182638000 r--p 0000a000 08:01 2907361                    /usr/lib/x86_64-linux-gnu/libnss_files-2.31.so
7fd182638000-7fd182639000 r--p 0000b000 08:01 2907361                    /usr/lib/x86_64-linux-gnu/libnss_files-2.31.so
7fd182639000-7fd18263a000 rw-p 0000c000 08:01 2907361                    /usr/lib/x86_64-linux-gnu/libnss_files-2.31.so
7fd18263a000-7fd182640000 rw-p 00000000 00:00 0 
7fd182645000-7fd182647000 r--p 00000000 08:01 4209386                    /home/adam/jdk11u/build/linux-x86_64-normal-server-release/images/jdk/lib/libzip.so
7fd182647000-7fd18264b000 r-xp 00002000 08:01 4209386                    /home/adam/jdk11u/build/linux-x86_64-normal-server-release/images/jdk/lib/libzip.so
7fd18264b000-7fd18264d000 r--p 00006000 08:01 4209386                    /home/adam/jdk11u/build/linux-x86_64-normal-server-release/images/jdk/lib/libzip.so
7fd18264d000-7fd18264e000 r--p 00007000 08:01 4209386                    /home/adam/jdk11u/build/linux-x86_64-normal-server-release/images/jdk/lib/libzip.so
7fd18264e000-7fd18264f000 rw-p 00008000 08:01 4209386                    /home/adam/jdk11u/build/linux-x86_64-normal-server-release/images/jdk/lib/libzip.so
7fd18264f000-7fd182657000 rw-s 00000000 08:01 262426                     /tmp/hsperfdata_root/3212
7fd182657000-7fd18265b000 r--p 00000000 08:01 4209381                    /home/adam/jdk11u/build/linux-x86_64-normal-server-release/images/jdk/lib/libjimage.so
7fd18265b000-7fd18266e000 r-xp 00004000 08:01 4209381                    /home/adam/jdk11u/build/linux-x86_64-normal-server-release/images/jdk/lib/libjimage.so
7fd18266e000-7fd182674000 r--p 00017000 08:01 4209381                    /home/adam/jdk11u/build/linux-x86_64-normal-server-release/images/jdk/lib/libjimage.so
7fd182674000-7fd182676000 r--p 0001c000 08:01 4209381                    /home/adam/jdk11u/build/linux-x86_64-normal-server-release/images/jdk/lib/libjimage.so
7fd182676000-7fd182677000 rw-p 0001e000 08:01 4209381                    /home/adam/jdk11u/build/linux-x86_64-normal-server-release/images/jdk/lib/libjimage.so
7fd182677000-7fd182685000 r--p 00000000 08:01 4209403                    /home/adam/jdk11u/build/linux-x86_64-normal-server-release/images/jdk/lib/libjava.so
7fd182685000-7fd18269b000 r-xp 0000e000 08:01 4209403                    /home/adam/jdk11u/build/linux-x86_64-normal-server-release/images/jdk/lib/libjava.so
7fd18269b000-7fd1826a2000 r--p 00024000 08:01 4209403                    /home/adam/jdk11u/build/linux-x86_64-normal-server-release/images/jdk/lib/libjava.so
7fd1826a2000-7fd1826a3000 r--p 0002a000 08:01 4209403                    /home/adam/jdk11u/build/linux-x86_64-normal-server-release/images/jdk/lib/libjava.so
7fd1826a3000-7fd1826a4000 rw-p 0002b000 08:01 4209403                    /home/adam/jdk11u/build/linux-x86_64-normal-server-release/images/jdk/lib/libjava.so
7fd1826a4000-7fd1826a5000 rw-p 00000000 00:00 0 
7fd1826a5000-7fd1826a7000 r--p 00000000 08:01 2907366                    /usr/lib/x86_64-linux-gnu/librt-2.31.so
7fd1826a7000-7fd1826ab000 r-xp 00002000 08:01 2907366                    /usr/lib/x86_64-linux-gnu/librt-2.31.so
7fd1826ab000-7fd1826ad000 r--p 00006000 08:01 2907366                    /usr/lib/x86_64-linux-gnu/librt-2.31.so
7fd1826ad000-7fd1826ae000 r--p 00007000 08:01 2907366                    /usr/lib/x86_64-linux-gnu/librt-2.31.so
7fd1826ae000-7fd1826af000 rw-p 00008000 08:01 2907366                    /usr/lib/x86_64-linux-gnu/librt-2.31.so
7fd1826af000-7fd1826b3000 ---p 00000000 00:00 0 
7fd1826b3000-7fd1827b0000 rw-p 00000000 00:00 0 
7fd1827b0000-7fd1827bd000 r--p 00000000 08:01 2907355                    /usr/lib/x86_64-linux-gnu/libm-2.31.so
7fd1827bd000-7fd182857000 r-xp 0000d000 08:01 2907355                    /usr/lib/x86_64-linux-gnu/libm-2.31.so
7fd182857000-7fd1828f2000 r--p 000a7000 08:01 2907355                    /usr/lib/x86_64-linux-gnu/libm-2.31.so
7fd1828f2000-7fd1828f3000 r--p 00141000 08:01 2907355                    /usr/lib/x86_64-linux-gnu/libm-2.31.so
7fd1828f3000-7fd1828f4000 rw-p 00142000 08:01 2907355                    /usr/lib/x86_64-linux-gnu/libm-2.31.so
7fd1828f4000-7fd182b70000 r--p 00000000 08:01 4209384                    /home/adam/jdk11u/build/linux-x86_64-normal-server-release/images/jdk/lib/server/libjvm.so
7fd182b70000-7fd183762000 r-xp 0027c000 08:01 4209384                    /home/adam/jdk11u/build/linux-x86_64-normal-server-release/images/jdk/lib/server/libjvm.so
7fd183762000-7fd1839b7000 r--p 00e6e000 08:01 4209384                    /home/adam/jdk11u/build/linux-x86_64-normal-server-release/images/jdk/lib/server/libjvm.so
7fd1839b7000-7fd183a7a000 r--p 010c2000 08:01 4209384                    /home/adam/jdk11u/build/linux-x86_64-normal-server-release/images/jdk/lib/server/libjvm.so
7fd183a7a000-7fd183ab4000 rw-p 01185000 08:01 4209384                    /home/adam/jdk11u/build/linux-x86_64-normal-server-release/images/jdk/lib/server/libjvm.so
7fd183ab4000-7fd183b0d000 rw-p 00000000 00:00 0 
7fd183b0d000-7fd183b13000 r--p 00000000 08:01 2907364                    /usr/lib/x86_64-linux-gnu/libpthread-2.31.so
7fd183b13000-7fd183b23000 r-xp 00006000 08:01 2907364                    /usr/lib/x86_64-linux-gnu/libpthread-2.31.so
7fd183b23000-7fd183b29000 r--p 00016000 08:01 2907364                    /usr/lib/x86_64-linux-gnu/libpthread-2.31.so
7fd183b29000-7fd183b2a000 r--p 0001b000 08:01 2907364                    /usr/lib/x86_64-linux-gnu/libpthread-2.31.so
7fd183b2a000-7fd183b2b000 rw-p 0001c000 08:01 2907364                    /usr/lib/x86_64-linux-gnu/libpthread-2.31.so
7fd183b2b000-7fd183b2f000 rw-p 00000000 00:00 0 
7fd183b2f000-7fd183b30000 r--p 00000000 08:01 2907353                    /usr/lib/x86_64-linux-gnu/libdl-2.31.so
7fd183b30000-7fd183b32000 r-xp 00001000 08:01 2907353                    /usr/lib/x86_64-linux-gnu/libdl-2.31.so
7fd183b32000-7fd183b33000 r--p 00003000 08:01 2907353                    /usr/lib/x86_64-linux-gnu/libdl-2.31.so
7fd183b33000-7fd183b34000 r--p 00003000 08:01 2907353                    /usr/lib/x86_64-linux-gnu/libdl-2.31.so
7fd183b34000-7fd183b35000 rw-p 00004000 08:01 2907353                    /usr/lib/x86_64-linux-gnu/libdl-2.31.so
7fd183b35000-7fd183b38000 r--p 00000000 08:01 2885790                    /usr/lib/x86_64-linux-gnu/libz.so.1.2.11
7fd183b38000-7fd183b49000 r-xp 00003000 08:01 2885790                    /usr/lib/x86_64-linux-gnu/libz.so.1.2.11
7fd183b49000-7fd183b4f000 r--p 00014000 08:01 2885790                    /usr/lib/x86_64-linux-gnu/libz.so.1.2.11
7fd183b4f000-7fd183b50000 ---p 0001a000 08:01 2885790                    /usr/lib/x86_64-linux-gnu/libz.so.1.2.11
7fd183b50000-7fd183b51000 r--p 0001a000 08:01 2885790                    /usr/lib/x86_64-linux-gnu/libz.so.1.2.11
7fd183b51000-7fd183b52000 rw-p 0001b000 08:01 2885790                    /usr/lib/x86_64-linux-gnu/libz.so.1.2.11
7fd183b52000-7fd183b74000 r--p 00000000 08:01 2907352                    /usr/lib/x86_64-linux-gnu/libc-2.31.so
7fd183b74000-7fd183cce000 r-xp 00022000 08:01 2907352                    /usr/lib/x86_64-linux-gnu/libc-2.31.so
7fd183cce000-7fd183d1d000 r--p 0017c000 08:01 2907352                    /usr/lib/x86_64-linux-gnu/libc-2.31.so
7fd183d1d000-7fd183d21000 r--p 001ca000 08:01 2907352                    /usr/lib/x86_64-linux-gnu/libc-2.31.so
7fd183d21000-7fd183d23000 rw-p 001ce000 08:01 2907352                    /usr/lib/x86_64-linux-gnu/libc-2.31.so
7fd183d23000-7fd183d27000 rw-p 00000000 00:00 0 
7fd183d2a000-7fd183d2b000 ---p 00000000 00:00 0 
7fd183d2b000-7fd183d2c000 r--p 00000000 00:00 0 
7fd183d2c000-7fd183d31000 r--p 00000000 08:01 4209387                    /home/adam/jdk11u/build/linux-x86_64-normal-server-release/images/jdk/lib/libverify.so
7fd183d31000-7fd183d38000 r-xp 00005000 08:01 4209387                    /home/adam/jdk11u/build/linux-x86_64-normal-server-release/images/jdk/lib/libverify.so
7fd183d38000-7fd183d3a000 r--p 0000c000 08:01 4209387                    /home/adam/jdk11u/build/linux-x86_64-normal-server-release/images/jdk/lib/libverify.so
7fd183d3a000-7fd183d3b000 ---p 0000e000 08:01 4209387                    /home/adam/jdk11u/build/linux-x86_64-normal-server-release/images/jdk/lib/libverify.so
7fd183d3b000-7fd183d3d000 r--p 0000e000 08:01 4209387                    /home/adam/jdk11u/build/linux-x86_64-normal-server-release/images/jdk/lib/libverify.so
7fd183d3d000-7fd183d3e000 rw-p 00010000 08:01 4209387                    /home/adam/jdk11u/build/linux-x86_64-normal-server-release/images/jdk/lib/libverify.so
7fd183d3e000-7fd183d41000 r--p 00000000 08:01 4209395                    /home/adam/jdk11u/build/linux-x86_64-normal-server-release/images/jdk/lib/jli/libjli.so
7fd183d41000-7fd183d4b000 r-xp 00003000 08:01 4209395                    /home/adam/jdk11u/build/linux-x86_64-normal-server-release/images/jdk/lib/jli/libjli.so
7fd183d4b000-7fd183d4e000 r--p 0000d000 08:01 4209395                    /home/adam/jdk11u/build/linux-x86_64-normal-server-release/images/jdk/lib/jli/libjli.so
7fd183d4e000-7fd183d4f000 ---p 00010000 08:01 4209395                    /home/adam/jdk11u/build/linux-x86_64-normal-server-release/images/jdk/lib/jli/libjli.so
7fd183d4f000-7fd183d50000 r--p 00010000 08:01 4209395                    /home/adam/jdk11u/build/linux-x86_64-normal-server-release/images/jdk/lib/jli/libjli.so
7fd183d50000-7fd183d51000 rw-p 00011000 08:01 4209395                    /home/adam/jdk11u/build/linux-x86_64-normal-server-release/images/jdk/lib/jli/libjli.so
7fd183d51000-7fd183d53000 rw-p 00000000 00:00 0 
7fd183d53000-7fd183d54000 r--p 00000000 08:01 2907322                    /usr/lib/x86_64-linux-gnu/ld-2.31.so
7fd183d54000-7fd183d74000 r-xp 00001000 08:01 2907322                    /usr/lib/x86_64-linux-gnu/ld-2.31.so
7fd183d74000-7fd183d7c000 r--p 00021000 08:01 2907322                    /usr/lib/x86_64-linux-gnu/ld-2.31.so
7fd183d7d000-7fd183d7e000 r--p 00029000 08:01 2907322                    /usr/lib/x86_64-linux-gnu/ld-2.31.so
7fd183d7e000-7fd183d7f000 rw-p 0002a000 08:01 2907322                    /usr/lib/x86_64-linux-gnu/ld-2.31.so
7fd183d7f000-7fd183d80000 rw-p 00000000 00:00 0 
7fffc9ded000-7fffc9e0e000 rw-p 00000000 00:00 0                          [stack]
7fffc9ff2000-7fffc9ff6000 r--p 00000000 00:00 0                          [vvar]
7fffc9ff6000-7fffc9ff8000 r-xp 00000000 00:00 0                          [vdso]


VM Arguments:
jvm_args: -XX:AllocateHeapAt=/dev/fakeblk -Xlog:gc=debug -XX:+UnlockExperimentalVMOptions -XX:-UseTLAB -XX:+UseEpsilonGC -Xnoclassgc -XX:-ClassUnloading -XX:MetaspaceSize=1G -Xms8g -Xmx8g 
java_command: ../dacapo-9.12-MR1-bach.jar avrora
java_class_path (initial): ../dacapo-9.12-MR1-bach.jar
Launcher Type: SUN_STANDARD

[Global flags]
    ccstr AllocateHeapAt                           = /dev/fakeblk                              {product} {command line}
     intx CICompilerCount                          = 4                                         {product} {ergonomic}
     bool ClassUnloading                           = false                                     {product} {command line}
     bool ClassUnloadingWithConcurrentMark         = false                                     {product} {command line}
   size_t InitialHeapSize                          = 8589934592                                {product} {command line}
   size_t MaxHeapSize                              = 8589934592                                {product} {command line}
   size_t MetaspaceSize                            = 1073741824                             {pd product} {command line}
   size_t MinHeapDeltaBytes                        = 172032                                    {product} {ergonomic}
    uintx NonNMethodCodeHeapSize                   = 5836300                                {pd product} {ergonomic}
    uintx NonProfiledCodeHeapSize                  = 122910970                              {pd product} {ergonomic}
    uintx ProfiledCodeHeapSize                     = 122910970                              {pd product} {ergonomic}
    uintx ReservedCodeCacheSize                    = 251658240                              {pd product} {ergonomic}
     bool SegmentedCodeCache                       = true                                      {product} {ergonomic}
     bool UnlockExperimentalVMOptions              = true                                 {experimental} {command line}
     bool UseCompressedClassPointers               = true                                 {lp64_product} {ergonomic}
     bool UseCompressedOops                        = true                                 {lp64_product} {ergonomic}
     bool UseEpsilonGC                             = true                                 {experimental} {command line}
     bool UseTLAB                                  = false                                  {pd product} {command line}

Logging:
Log output configuration:
 #0: stdout all=warning,gc=debug uptime,level,tags
 #1: stderr all=off uptime,level,tags

Environment Variables:
PATH=/usr/local/sbin:/usr/local/bin:/usr/sbin:/usr/bin:/sbin:/bin
SHELL=/bin/bash
LANG=fr_FR.UTF-8

Signal Handlers:
SIGSEGV: [libjvm.so+0xde33c0], sa_mask[0]=11111111011111111101111111111110, sa_flags=SA_RESTART|SA_SIGINFO
SIGBUS: [libjvm.so+0xde33c0], sa_mask[0]=11111111011111111101111111111110, sa_flags=SA_RESTART|SA_SIGINFO
SIGFPE: [libjvm.so+0xde33c0], sa_mask[0]=11111111011111111101111111111110, sa_flags=SA_RESTART|SA_SIGINFO
SIGPIPE: [libjvm.so+0xbddb70], sa_mask[0]=11111111011111111101111111111110, sa_flags=SA_RESTART|SA_SIGINFO
SIGXFSZ: [libjvm.so+0xbddb70], sa_mask[0]=11111111011111111101111111111110, sa_flags=SA_RESTART|SA_SIGINFO
SIGILL: [libjvm.so+0xde33c0], sa_mask[0]=11111111011111111101111111111110, sa_flags=SA_RESTART|SA_SIGINFO
SIGUSR2: [libjvm.so+0xbdda10], sa_mask[0]=00000000000000000000000000000000, sa_flags=SA_RESTART|SA_SIGINFO
SIGHUP: [libjvm.so+0xbde2a0], sa_mask[0]=11111111011111111101111111111110, sa_flags=SA_RESTART|SA_SIGINFO
SIGINT: [libjvm.so+0xbde2a0], sa_mask[0]=11111111011111111101111111111110, sa_flags=SA_RESTART|SA_SIGINFO
SIGTERM: [libjvm.so+0xbde2a0], sa_mask[0]=11111111011111111101111111111110, sa_flags=SA_RESTART|SA_SIGINFO
SIGQUIT: [libjvm.so+0xbde2a0], sa_mask[0]=11111111011111111101111111111110, sa_flags=SA_RESTART|SA_SIGINFO


---------------  S Y S T E M  ---------------

OS:PRETTY_NAME="Debian GNU/Linux 11 (bullseye)"
NAME="Debian GNU/Linux"
VERSION_ID="11"
VERSION="11 (bullseye)"
VERSION_CODENAME=bullseye
ID=debian
HOME_URL="https://www.debian.org/"
SUPPORT_URL="https://www.debian.org/support"
BUG_REPORT_URL="https://bugs.debian.org/"
uname:Linux 5.10.0-11-amd64 #1 SMP Debian 5.10.92-2 (2022-02-28) x86_64
OS uptime: 0 days 0:06 hours
libc:glibc 2.31 NPTL 2.31 
rlimit (soft/hard): STACK 8192k/infinity , CORE 0k/infinity , NPROC 128459/128459 , NOFILE 1048576/1048576 , AS infinity/infinity , CPU infinity/infinity , DATA infinity/infinity , FSIZE infinity/infinity , MEMLOCK 4116444k/4116444k
load average:1,20 0,92 0,40

/proc/meminfo:
MemTotal:       32931552 kB
MemFree:         9840144 kB
MemAvailable:   11139332 kB
Buffers:         1208336 kB
Cached:         20450044 kB
SwapCached:            0 kB
Active:         21200576 kB
Inactive:        1387164 kB
Active(anon):   20972212 kB
Inactive(anon):   112236 kB
Active(file):     228364 kB
Inactive(file):  1274928 kB
Unevictable:           0 kB
Mlocked:               0 kB
SwapTotal:             0 kB
SwapFree:              0 kB
Dirty:              5740 kB
Writeback:             0 kB
AnonPages:        111732 kB
Mapped:           283872 kB
Shmem:          20155076 kB
KReclaimable:     265760 kB
Slab:             306136 kB
SReclaimable:     265760 kB
SUnreclaim:        40376 kB
KernelStack:        3648 kB
PageTables:        20080 kB
NFS_Unstable:          0 kB
Bounce:                0 kB
WritebackTmp:          0 kB
CommitLimit:    16465776 kB
Committed_AS:     737980 kB
VmallocTotal:   34359738367 kB
VmallocUsed:      114324 kB
VmallocChunk:          0 kB
Percpu:             5152 kB
HardwareCorrupted:     0 kB
AnonHugePages:     28672 kB
ShmemHugePages:        0 kB
ShmemPmdMapped:        0 kB
FileHugePages:         0 kB
FilePmdMapped:         0 kB
HugePages_Total:       0
HugePages_Free:        0
HugePages_Rsvd:        0
HugePages_Surp:        0
Hugepagesize:       2048 kB
Hugetlb:               0 kB
DirectMap4k:      128872 kB
DirectMap2M:     7211008 kB
DirectMap1G:    28311552 kB

/sys/kernel/mm/transparent_hugepage/enabled:
[always] madvise never
/sys/kernel/mm/transparent_hugepage/defrag (defrag/compaction efforts parameter):
always defer defer+madvise [madvise] never

Process Memory:
Virtual Size: 10595388K (peak: 10656988K)
Resident Set Size: 193772K (peak: 193772K) (anon: 21420K, file: 172352K, shmem: 0K)
Swapped out: 0K
C-Heap outstanding allocations: 9856K, retained: 2671K
glibc malloc tunables: (default)

/proc/sys/kernel/threads-max (system-wide limit on the number of threads):
256918
/proc/sys/vm/max_map_count (maximum number of memory map areas a process may have):
65530
/proc/sys/kernel/pid_max (system-wide limit on number of process identifiers):
4194304

container (cgroup) information:
container_type: cgroupv2
cpu_cpuset_cpus: not supported
cpu_memory_nodes: not supported
active_processor_count: 8
cpu_quota: not supported
cpu_period: not supported
cpu_shares: not supported
memory_limit_in_bytes: 1610612736
memory_and_swap_limit_in_bytes: unlimited
memory_soft_limit_in_bytes: unlimited
memory_usage_in_bytes: 1171750912
memory_max_usage_in_bytes: not supported

KVM virtualization detected
Steal ticks since vm start: 0
Steal ticks percentage since vm start:  0,000

CPU:total 8 (initial active 8) (4 cores per cpu, 1 threads per core) family 6 model 85 stepping 7 microcode 0x5003102, cmov, cx8, fxsr, mmx, sse, sse2, sse3, ssse3, sse4.1, sse4.2, popcnt, avx, avx2, aes, clmul, erms, 3dnowpref, lzcnt, tsc, bmi1, bmi2, adx, evex, fma
CPU Model and flags from /proc/cpuinfo:
model name	: Intel(R) Xeon(R) Silver 4208 CPU @ 2.10GHz
flags		: fpu vme de pse tsc msr pae mce cx8 apic sep mtrr pge mca cmov pat pse36 clflush mmx fxsr sse sse2 ss ht syscall nx pdpe1gb rdtscp lm constant_tsc arch_perfmon rep_good nopl xtopology cpuid tsc_known_freq pni pclmulqdq vmx ssse3 fma cx16 pdcm pcid sse4_1 sse4_2 x2apic movbe popcnt tsc_deadline_timer aes xsave avx f16c rdrand hypervisor lahf_lm abm 3dnowprefetch cpuid_fault invpcid_single ssbd ibrs ibpb stibp ibrs_enhanced tpr_shadow vnmi flexpriority ept vpid ept_ad fsgsbase tsc_adjust bmi1 avx2 smep bmi2 erms invpcid mpx avx512f avx512dq rdseed adx smap clflushopt clwb avx512cd avx512bw avx512vl xsaveopt xsavec xgetbv1 xsaves arat umip pku ospke avx512_vnni md_clear arch_capabilities
Online cpus:
0-7
Offline cpus:

BIOS frequency limitation:
<Not Available>
Frequency switch latency (ns):
<Not Available>
Available cpu frequencies:
<Not Available>
Current governor:
<Not Available>
Core performance/turbo boost:
<Not Available>

Memory: 4k page, physical 1572864k(428576k free), swap 0k(0k free)

vm_info: OpenJDK 64-Bit Server VM (11.0.16-internal+0-adhoc.adam.jdk11u) for linux-amd64 JRE (11.0.16-internal+0-adhoc.adam.jdk11u), built on Jun 27 2023 10:58:55 by "adam" with gcc 10.2.1 20210110

END.
