#
# A fatal error has been detected by the Java Runtime Environment:
#
#  SIGSEGV (0xb) at pc=0x00007ff8013899a8, pid=152520, tid=152521
#
# JRE version:  (11.0.16) (build )
# Java VM: OpenJDK 64-Bit Server VM (11.0.16-internal+0-adhoc.adam.jdk11u, mixed mode, tiered, compressed oops, epsilon gc, linux-amd64)
# Problematic frame:
# V  [libjvm.so+0x2d09a8]  RemoteSpace::concurrent_post_allocate(HeapWord*, unsigned long, Klass*)+0xe8
#
# No core dump will be written. Core dumps have been disabled. To enable core dumping, try "ulimit -c unlimited" before starting Java again
#
#

---------------  S U M M A R Y ------------

Command Line: -XX:AllocateHeapAt=/dev/fakeblk -Xlog:gc=debug -XX:-OptimizeStringConcat -XX:+UnlockExperimentalVMOptions -XX:+UseEpsilonGC -Xnoclassgc -XX:-ClassUnloading -XX:MetaspaceSize=1G -Xms8g -Xmx8g ../dacapo-9.12-MR1-bach.jar h2

Host: Intel(R) Xeon(R) Silver 4208 CPU @ 2.10GHz, 8 cores, 1G, Debian GNU/Linux 11 (bullseye)
Time: Fri Oct 20 14:17:56 2023 CEST elapsed time: 0.067093 seconds (0d 0h 0m 0s)

---------------  T H R E A D  ---------------

Current thread (0x00007ff7fc027800):  JavaThread "main" [_thread_in_vm, id=152521, stack(0x00007ff800e6a000,0x00007ff800f6b000)]

Stack: [0x00007ff800e6a000,0x00007ff800f6b000],  sp=0x00007ff800f68c90,  free space=1019k
Native frames: (J=compiled Java code, A=aot compiled Java code, j=interpreted, Vv=VM code, C=native code)
V  [libjvm.so+0x2d09a8]  RemoteSpace::concurrent_post_allocate(HeapWord*, unsigned long, Klass*)+0xe8
V  [libjvm.so+0xb434f5]  MemAllocator::allocate_inside_tlab(MemAllocator::Allocation&) const+0x75
V  [libjvm.so+0xb43663]  MemAllocator::allocate() const+0x83
V  [libjvm.so+0x60548d]  CollectedHeap::obj_allocate(Klass*, int, Thread*)+0x3d
V  [libjvm.so+0x858004]  InstanceKlass::allocate_instance(Thread*)+0x34
V  [libjvm.so+0x8712a0]  InterpreterRuntime::_new(JavaThread*, ConstantPool*, int)+0x200
j  java.lang.Integer$IntegerCache.<clinit>()V+106 java.base
v  ~StubRoutines::call_stub
V  [libjvm.so+0x87a193]  JavaCalls::call_helper(JavaValue*, methodHandle const&, JavaCallArguments*, Thread*)+0x353
V  [libjvm.so+0x858f91]  InstanceKlass::call_class_initializer(Thread*)+0x251
V  [libjvm.so+0x8593d9]  InstanceKlass::initialize_impl(Thread*)+0x3d9
V  [libjvm.so+0xa63563]  LinkResolver::resolve_field(fieldDescriptor&, LinkInfo const&, Bytecodes::Code, bool, Thread*)+0x183
V  [libjvm.so+0xa640a2]  LinkResolver::resolve_field_access(fieldDescriptor&, constantPoolHandle const&, int, methodHandle const&, Bytecodes::Code, Thread*)+0xe2
V  [libjvm.so+0x872c40]  InterpreterRuntime::resolve_get_put(JavaThread*, Bytecodes::Code)+0x180
V  [libjvm.so+0x874045]  InterpreterRuntime::resolve_from_cache(JavaThread*, Bytecodes::Code)+0x1f5
j  java.lang.Integer.valueOf(I)Ljava/lang/Integer;+7 java.base
j  jdk.internal.misc.Signal.handle(Ljdk/internal/misc/Signal;Ljdk/internal/misc/Signal$Handler;)Ljdk/internal/misc/Signal$Handler;+88 java.base
j  java.lang.Terminator.setup()V+29 java.base
j  java.lang.System.initPhase1()V+117 java.base
v  ~StubRoutines::call_stub
V  [libjvm.so+0x87a193]  JavaCalls::call_helper(JavaValue*, methodHandle const&, JavaCallArguments*, Thread*)+0x353
V  [libjvm.so+0x879249]  JavaCalls::call_static(JavaValue*, Klass*, Symbol*, Symbol*, Thread*)+0x159
V  [libjvm.so+0xd77e61]  Threads::initialize_java_lang_classes(JavaThread*, Thread*)+0x8c1
V  [libjvm.so+0xd797c6]  Threads::create_vm(JavaVMInitArgs*, bool*)+0x606
V  [libjvm.so+0x8ff891]  JNI_CreateJavaVM+0x51
C  [libjli.so+0x496d]  JavaMain+0x8d
C  [libjli.so+0x9619]  ThreadJavaMain+0x9

Java frames: (J=compiled Java code, j=interpreted, Vv=VM code)
j  java.lang.Integer$IntegerCache.<clinit>()V+106 java.base
v  ~StubRoutines::call_stub
j  java.lang.Integer.valueOf(I)Ljava/lang/Integer;+7 java.base
j  jdk.internal.misc.Signal.handle(Ljdk/internal/misc/Signal;Ljdk/internal/misc/Signal$Handler;)Ljdk/internal/misc/Signal$Handler;+88 java.base
j  java.lang.Terminator.setup()V+29 java.base
j  java.lang.System.initPhase1()V+117 java.base
v  ~StubRoutines::call_stub

siginfo: si_signo: 11 (SIGSEGV), si_code: 1 (SEGV_MAPERR), si_addr: 0xfffffffffffffffd

Register to memory mapping:

RAX=0x0000000000000010 is an unknown value
RBX=0x0000000800012cf0 is a pointer to class: 
java.lang.Integer {0x0000000800012cf0}
RCX=0x0000000800012cf0 is a pointer to class: 
java.lang.Integer {0x0000000800012cf0}
RDX=0x0000000000000002 is an unknown value
RSP=0x00007ff800f68c90 is pointing into the stack for thread: 0x00007ff7fc027800
RBP=0x00007ff800f68cc0 is pointing into the stack for thread: 0x00007ff7fc027800
RSI=0x0000000000000001 is an unknown value
RDI=0x00007ff7fc03a3f0 points into unknown readable memory: 0x00007ff802195430 | 30 54 19 02 f8 7f 00 00
R8 =0x0 is NULL
R9 =0x000000000000000f is an unknown value
R10=0x00007ff800f68b57 is pointing into the stack for thread: 0x00007ff7fc027800
R11=0x0 is NULL
R12=0x0000000000000001 is an unknown value
R13=0x0000000000000002 is an unknown value
R14=0x00007ff800f68df0 is pointing into the stack for thread: 0x00007ff7fc027800
R15=0x00007ff7fc027800 is a thread


Registers:
RAX=0x0000000000000010, RBX=0x0000000800012cf0, RCX=0x0000000800012cf0, RDX=0x0000000000000002
RSP=0x00007ff800f68c90, RBP=0x00007ff800f68cc0, RSI=0x0000000000000001, RDI=0x00007ff7fc03a3f0
R8 =0x0000000000000000, R9 =0x000000000000000f, R10=0x00007ff800f68b57, R11=0x0000000000000000
R12=0x0000000000000001, R13=0x0000000000000002, R14=0x00007ff800f68df0, R15=0x00007ff7fc027800
RIP=0x00007ff8013899a8, EFLAGS=0x0000000000010202, CSGSFS=0x002b000000000033, ERR=0x0000000000000007
  TRAPNO=0x000000000000000e

Top of Stack: (sp=0x00007ff800f68c90)
0x00007ff800f68c90:   0000000000000000 00007ff7fc027800
0x00007ff800f68ca0:   00007ff800f68d90 00007ff800f68d20
0x00007ff800f68cb0:   00007ff800f68df0 00007ff7fc027800
0x00007ff800f68cc0:   00007ff800f68d00 00007ff801bfc4f5 

Instructions: (pc=0x00007ff8013899a8)
0x00007ff8013898a8:   08 48 8d 65 f0 5b 41 5c 5d c3 66 66 2e 0f 1f 84
0x00007ff8013898b8:   00 00 00 00 00 0f 1f 00 55 48 89 e5 41 57 41 56
0x00007ff8013898c8:   41 55 49 89 d5 41 54 49 89 f4 53 48 89 cb 48 83
0x00007ff8013898d8:   ec 08 8b 41 08 85 c0 7e 09 f6 81 3a 01 00 00 01
0x00007ff8013898e8:   75 56 4a 8d 04 ed 08 00 00 00 f0 48 01 05 b6 fa
0x00007ff8013898f8:   ee 00 8b 43 08 3d 00 00 00 c0 7c 2c 3d ff ff ff
0x00007ff801389908:   bf 0f 86 91 00 00 00 41 c7 44 24 fc 2a 00 00 00
0x00007ff801389918:   45 89 6c 24 f8 48 83 c4 08 5b 41 5c 41 5d 41 5e
0x00007ff801389928:   41 5f 5d c3 0f 1f 40 00 83 c3 01 41 89 5c 24 fc
0x00007ff801389938:   eb de 66 0f 1f 44 00 00 4c 8b 3d 21 66 eb 00 49
0x00007ff801389948:   89 fe 4d 85 ff 74 10 48 8d 3d 8a fa ee 00 e8 b5
0x00007ff801389958:   b9 fa ff 85 c0 75 53 bf 10 00 00 00 e8 77 c2 fa
0x00007ff801389968:   ff 49 8b 96 b8 00 00 00 4c 89 20 48 89 50 08 49
0x00007ff801389978:   89 86 b8 00 00 00 4d 85 ff 0f 84 63 ff ff ff 48
0x00007ff801389988:   8d 3d 52 fa ee 00 e8 2d b9 fa ff e9 52 ff ff ff
0x00007ff801389998:   0f 1f 84 00 00 00 00 00 85 c0 0f 84 70 ff ff ff
0x00007ff8013899a8:   41 89 5c 24 fc e9 66 ff ff ff 89 c7 e8 48 ce fa
0x00007ff8013899b8:   ff 0f 1f 80 00 00 00 00 48 8b 05 f1 f9 ee 00 48
0x00007ff8013899c8:   2b 05 f2 f9 ee 00 48 8b 15 db f9 ee 00 48 01 d0
0x00007ff8013899d8:   c3 90 66 0f 1f 44 00 00 48 8b 05 d1 f9 ee 00 c3
0x00007ff8013899e8:   0f 1f 84 00 00 00 00 00 55 48 8d 05 50 60 df 00
0x00007ff8013899f8:   48 89 e5 41 54 53 48 8d 7d d0 48 83 ec 30 48 89
0x00007ff801389a08:   45 d0 48 c7 45 d8 00 00 00 00 c7 45 e0 00 00 00
0x00007ff801389a18:   00 e8 92 2f 9c 00 48 63 75 e0 bf 01 00 00 00 48
0x00007ff801389a28:   89 75 c8 48 89 f3 48 c1 e6 03 e8 f9 c0 fa ff 48
0x00007ff801389a38:   8b 55 d8 49 89 c4 85 db 7e 6e 48 85 d2 74 69 b8
0x00007ff801389a48:   01 00 00 00 0f 1f 40 00 48 8b 0a 39 c3 89 c7 40
0x00007ff801389a58:   0f 9e c6 49 89 4c c4 f8 48 8b 52 08 48 85 d2 0f
0x00007ff801389a68:   94 c1 48 83 c0 01 40 08 ce 74 dd 89 7d e0 8b 3d
0x00007ff801389a78:   8c 65 eb 00 48 8d 75 c8 ba 08 00 00 00 e8 76 c3
0x00007ff801389a88:   fa ff 48 8b 45 c8 8b 3d 74 65 eb 00 4c 89 e6 48
0x00007ff801389a98:   8d 14 c5 00 00 00 00 e8 5c c3 fa ff 48 83 c4 30 


Stack slot to memory mapping:
stack at sp + 0 slots: 0x0 is NULL
stack at sp + 1 slots: 0x00007ff7fc027800 is a thread
stack at sp + 2 slots: 0x00007ff800f68d90 is pointing into the stack for thread: 0x00007ff7fc027800
stack at sp + 3 slots: 0x00007ff800f68d20 is pointing into the stack for thread: 0x00007ff7fc027800
stack at sp + 4 slots: 0x00007ff800f68df0 is pointing into the stack for thread: 0x00007ff7fc027800
stack at sp + 5 slots: 0x00007ff7fc027800 is a thread
stack at sp + 6 slots: 0x00007ff800f68d00 is pointing into the stack for thread: 0x00007ff7fc027800
stack at sp + 7 slots: 0x00007ff801bfc4f5: <offset 0x0000000000b434f5> in /home/adam/jdk11u/build/linux-x86_64-normal-server-release/images/jdk/lib/server/libjvm.so at 0x00007ff8010b9000


---------------  P R O C E S S  ---------------

Threads class SMR info:
_java_thread_list=0x00007ff7fc10e260, length=3, elements={
0x00007ff7fc027800, 0x00007ff7fc108000, 0x00007ff7fc10c800
}

Java Threads: ( => current thread )
=>0x00007ff7fc027800 JavaThread "main" [_thread_in_vm, id=152521, stack(0x00007ff800e6a000,0x00007ff800f6b000)]
  0x00007ff7fc108000 JavaThread "Reference Handler" daemon [_thread_blocked, id=152524, stack(0x00007ff800130000,0x00007ff800231000)]
  0x00007ff7fc10c800 JavaThread "Finalizer" daemon [_thread_blocked, id=152525, stack(0x00007ff80002f000,0x00007ff800130000)]

Other Threads:
  0x00007ff7fc0ff000 VMThread "VM Thread" [stack: 0x00007ff800233000,0x00007ff800333000] [id=152522]

Threads with active compile tasks:

VM state:not at safepoint (normal execution)

VM Mutex/Monitor currently owned by a thread: None

Heap address: 0x0000000600000000, size: 8192 MB, Compressed Oops mode: Zero based, Oop shift amount: 3
Narrow klass base: 0x0000000800000000, Narrow klass shift: 0
Compressed class space size: 1073741824 Address: 0x0000000800000000

Heap:
Epsilon Heap
Allocation space:
 Metaspace       used 2046K, capacity 4480K, committed 4480K, reserved 1056768K
  class space    used 161K, capacity 384K, committed 384K, reserved 1048576K


Polling page: 0x00007ff8024f0000

Metaspace:

Usage:
  Non-class:      4,00 MB capacity,     1,84 MB ( 46%) used,     2,16 MB ( 54%) free+waste,    64 bytes ( <1%) overhead. 
      Class:    384,00 KB capacity,   161,19 KB ( 42%) used,   222,75 KB ( 58%) free+waste,    64 bytes ( <1%) overhead. 
       Both:      4,38 MB capacity,     2,00 MB ( 46%) used,     2,38 MB ( 54%) free+waste,   128 bytes ( <1%) overhead. 

Virtual space:
  Non-class space:        8,00 MB reserved,       4,00 MB ( 50%) committed 
      Class space:        1,00 GB reserved,     384,00 KB ( <1%) committed 
             Both:        1,01 GB reserved,       4,38 MB ( <1%) committed 

Chunk freelists:
   Non-Class:  0 bytes
       Class:  0 bytes
        Both:  0 bytes

MaxMetaspaceSize: unlimited
CompressedClassSpaceSize: 1,00 GB
Initial GC threshold: 1,00 GB
Current GC threshold: 17179869184,00 GB
CDS: off

CodeHeap 'non-profiled nmethods': size=120032Kb used=0Kb max_used=0Kb free=120032Kb
 bounds [0x00007ff7ec2da000, 0x00007ff7ec54a000, 0x00007ff7f3812000]
CodeHeap 'profiled nmethods': size=120028Kb used=0Kb max_used=0Kb free=120028Kb
 bounds [0x00007ff7e4da3000, 0x00007ff7e5013000, 0x00007ff7ec2da000]
CodeHeap 'non-nmethods': size=5700Kb used=382Kb max_used=382Kb free=5317Kb
 bounds [0x00007ff7e4812000, 0x00007ff7e4a82000, 0x00007ff7e4da3000]
 total_blobs=145 nmethods=0 adapters=119
 compilation: enabled
              stopped_count=0, restarted_count=0
 full_count=0

Compilation events (0 events):
No events

GC Heap History (0 events):
No events

Deoptimization events (0 events):
No events

Classes redefined (0 events):
No events

Internal exceptions (0 events):
No events

Events (20 events):
Event: 0,060 loading class java/nio/HeapByteBuffer
Event: 0,060 loading class java/nio/HeapByteBuffer done
Event: 0,061 loading class java/nio/ByteOrder
Event: 0,061 loading class java/nio/ByteOrder done
Event: 0,061 loading class java/io/BufferedWriter
Event: 0,061 loading class java/io/BufferedWriter done
Event: 0,062 loading class java/lang/Terminator
Event: 0,062 loading class java/lang/Terminator done
Event: 0,062 loading class java/lang/Terminator$1
Event: 0,062 loading class jdk/internal/misc/Signal$Handler
Event: 0,062 loading class jdk/internal/misc/Signal$Handler done
Event: 0,062 loading class java/lang/Terminator$1 done
Event: 0,062 loading class jdk/internal/misc/Signal
Event: 0,062 loading class jdk/internal/misc/Signal done
Event: 0,062 loading class java/util/Hashtable$Entry
Event: 0,062 loading class java/util/Hashtable$Entry done
Event: 0,062 loading class jdk/internal/misc/Signal$NativeHandler
Event: 0,062 loading class jdk/internal/misc/Signal$NativeHandler done
Event: 0,062 loading class java/lang/Integer$IntegerCache
Event: 0,062 loading class java/lang/Integer$IntegerCache done


Dynamic libraries:
600000000-800000000 rw-s 00000000 00:05 471                              /dev/fakeblk
800000000-800060000 rw-p 00000000 00:00 0 
800060000-840000000 ---p 00000000 00:00 0 
5587869b6000-5587869b7000 r--p 00000000 08:01 4078118                    /home/adam/jdk11u/build/linux-x86_64-normal-server-release/images/jdk/bin/java
5587869b7000-5587869b8000 r-xp 00001000 08:01 4078118                    /home/adam/jdk11u/build/linux-x86_64-normal-server-release/images/jdk/bin/java
5587869b8000-5587869b9000 r--p 00002000 08:01 4078118                    /home/adam/jdk11u/build/linux-x86_64-normal-server-release/images/jdk/bin/java
5587869b9000-5587869ba000 r--p 00002000 08:01 4078118                    /home/adam/jdk11u/build/linux-x86_64-normal-server-release/images/jdk/bin/java
5587869ba000-5587869bb000 rw-p 00003000 08:01 4078118                    /home/adam/jdk11u/build/linux-x86_64-normal-server-release/images/jdk/bin/java
558787ae2000-558787b03000 rw-p 00000000 00:00 0                          [heap]
7ff798000000-7ff798021000 rw-p 00000000 00:00 0 
7ff798021000-7ff79c000000 ---p 00000000 00:00 0 
7ff79c000000-7ff79c021000 rw-p 00000000 00:00 0 
7ff79c021000-7ff7a0000000 ---p 00000000 00:00 0 
7ff7a0000000-7ff7a0021000 rw-p 00000000 00:00 0 
7ff7a0021000-7ff7a4000000 ---p 00000000 00:00 0 
7ff7a418c000-7ff7a452b000 rw-p 00000000 00:00 0 
7ff7a452b000-7ff7a4812000 r--p 00000000 08:01 2884038                    /usr/lib/locale/locale-archive
7ff7a4812000-7ff7e4812000 rw-s 00000000 00:19 5784834                    /dev/shm/prout
7ff7e4812000-7ff7e4a82000 rwxp 00000000 00:00 0 
7ff7e4a82000-7ff7e4da3000 ---p 00000000 00:00 0 
7ff7e4da3000-7ff7e5013000 rwxp 00000000 00:00 0 
7ff7e5013000-7ff7ec2da000 ---p 00000000 00:00 0 
7ff7ec2da000-7ff7ec54a000 rwxp 00000000 00:00 0 
7ff7ec54a000-7ff7f3812000 ---p 00000000 00:00 0 
7ff7f3812000-7ff7fc000000 r--s 00000000 08:01 4077358                    /home/adam/jdk11u/build/linux-x86_64-normal-server-release/images/jdk/lib/modules
7ff7fc000000-7ff7fc132000 rw-p 00000000 00:00 0 
7ff7fc132000-7ff800000000 ---p 00000000 00:00 0 
7ff800028000-7ff80002f000 r--s 00000000 08:01 2926395                    /usr/lib/x86_64-linux-gnu/gconv/gconv-modules.cache
7ff80002f000-7ff800033000 ---p 00000000 00:00 0 
7ff800033000-7ff800130000 rw-p 00000000 00:00 0 
7ff800130000-7ff800134000 ---p 00000000 00:00 0 
7ff800134000-7ff800231000 rw-p 00000000 00:00 0 
7ff800231000-7ff800232000 ---p 00000000 00:00 0 
7ff800232000-7ff80080f000 rw-p 00000000 00:00 0 
7ff80080f000-7ff800c0f000 ---p 00000000 00:00 0 
7ff800c0f000-7ff800c14000 rw-p 00000000 00:00 0 
7ff800c14000-7ff800cfa000 ---p 00000000 00:00 0 
7ff800cfa000-7ff800cff000 rw-p 00000000 00:00 0 
7ff800cff000-7ff800de5000 ---p 00000000 00:00 0 
7ff800de5000-7ff800dea000 rw-p 00000000 00:00 0 
7ff800dea000-7ff800df1000 ---p 00000000 00:00 0 
7ff800df1000-7ff800df4000 r--p 00000000 08:01 2907361                    /usr/lib/x86_64-linux-gnu/libnss_files-2.31.so
7ff800df4000-7ff800dfb000 r-xp 00003000 08:01 2907361                    /usr/lib/x86_64-linux-gnu/libnss_files-2.31.so
7ff800dfb000-7ff800dfd000 r--p 0000a000 08:01 2907361                    /usr/lib/x86_64-linux-gnu/libnss_files-2.31.so
7ff800dfd000-7ff800dfe000 r--p 0000b000 08:01 2907361                    /usr/lib/x86_64-linux-gnu/libnss_files-2.31.so
7ff800dfe000-7ff800dff000 rw-p 0000c000 08:01 2907361                    /usr/lib/x86_64-linux-gnu/libnss_files-2.31.so
7ff800dff000-7ff800e05000 rw-p 00000000 00:00 0 
7ff800e0a000-7ff800e0c000 r--p 00000000 08:01 4078125                    /home/adam/jdk11u/build/linux-x86_64-normal-server-release/images/jdk/lib/libzip.so
7ff800e0c000-7ff800e10000 r-xp 00002000 08:01 4078125                    /home/adam/jdk11u/build/linux-x86_64-normal-server-release/images/jdk/lib/libzip.so
7ff800e10000-7ff800e12000 r--p 00006000 08:01 4078125                    /home/adam/jdk11u/build/linux-x86_64-normal-server-release/images/jdk/lib/libzip.so
7ff800e12000-7ff800e13000 r--p 00007000 08:01 4078125                    /home/adam/jdk11u/build/linux-x86_64-normal-server-release/images/jdk/lib/libzip.so
7ff800e13000-7ff800e14000 rw-p 00008000 08:01 4078125                    /home/adam/jdk11u/build/linux-x86_64-normal-server-release/images/jdk/lib/libzip.so
7ff800e14000-7ff800e1c000 rw-s 00000000 08:01 1579978                    /tmp/hsperfdata_root/152520
7ff800e1c000-7ff800e20000 r--p 00000000 08:01 4078120                    /home/adam/jdk11u/build/linux-x86_64-normal-server-release/images/jdk/lib/libjimage.so
7ff800e20000-7ff800e33000 r-xp 00004000 08:01 4078120                    /home/adam/jdk11u/build/linux-x86_64-normal-server-release/images/jdk/lib/libjimage.so
7ff800e33000-7ff800e39000 r--p 00017000 08:01 4078120                    /home/adam/jdk11u/build/linux-x86_64-normal-server-release/images/jdk/lib/libjimage.so
7ff800e39000-7ff800e3b000 r--p 0001c000 08:01 4078120                    /home/adam/jdk11u/build/linux-x86_64-normal-server-release/images/jdk/lib/libjimage.so
7ff800e3b000-7ff800e3c000 rw-p 0001e000 08:01 4078120                    /home/adam/jdk11u/build/linux-x86_64-normal-server-release/images/jdk/lib/libjimage.so
7ff800e3c000-7ff800e4a000 r--p 00000000 08:01 4078154                    /home/adam/jdk11u/build/linux-x86_64-normal-server-release/images/jdk/lib/libjava.so
7ff800e4a000-7ff800e60000 r-xp 0000e000 08:01 4078154                    /home/adam/jdk11u/build/linux-x86_64-normal-server-release/images/jdk/lib/libjava.so
7ff800e60000-7ff800e67000 r--p 00024000 08:01 4078154                    /home/adam/jdk11u/build/linux-x86_64-normal-server-release/images/jdk/lib/libjava.so
7ff800e67000-7ff800e68000 r--p 0002a000 08:01 4078154                    /home/adam/jdk11u/build/linux-x86_64-normal-server-release/images/jdk/lib/libjava.so
7ff800e68000-7ff800e69000 rw-p 0002b000 08:01 4078154                    /home/adam/jdk11u/build/linux-x86_64-normal-server-release/images/jdk/lib/libjava.so
7ff800e69000-7ff800e6a000 rw-p 00000000 00:00 0 
7ff800e6a000-7ff800e6e000 ---p 00000000 00:00 0 
7ff800e6e000-7ff800f6b000 rw-p 00000000 00:00 0 
7ff800f6b000-7ff800f78000 r--p 00000000 08:01 2907355                    /usr/lib/x86_64-linux-gnu/libm-2.31.so
7ff800f78000-7ff801012000 r-xp 0000d000 08:01 2907355                    /usr/lib/x86_64-linux-gnu/libm-2.31.so
7ff801012000-7ff8010ad000 r--p 000a7000 08:01 2907355                    /usr/lib/x86_64-linux-gnu/libm-2.31.so
7ff8010ad000-7ff8010ae000 r--p 00141000 08:01 2907355                    /usr/lib/x86_64-linux-gnu/libm-2.31.so
7ff8010ae000-7ff8010af000 rw-p 00142000 08:01 2907355                    /usr/lib/x86_64-linux-gnu/libm-2.31.so
7ff8010af000-7ff8010b1000 r--p 00000000 08:01 2907366                    /usr/lib/x86_64-linux-gnu/librt-2.31.so
7ff8010b1000-7ff8010b5000 r-xp 00002000 08:01 2907366                    /usr/lib/x86_64-linux-gnu/librt-2.31.so
7ff8010b5000-7ff8010b7000 r--p 00006000 08:01 2907366                    /usr/lib/x86_64-linux-gnu/librt-2.31.so
7ff8010b7000-7ff8010b8000 r--p 00007000 08:01 2907366                    /usr/lib/x86_64-linux-gnu/librt-2.31.so
7ff8010b8000-7ff8010b9000 rw-p 00008000 08:01 2907366                    /usr/lib/x86_64-linux-gnu/librt-2.31.so
7ff8010b9000-7ff801335000 r--p 00000000 08:01 4078123                    /home/adam/jdk11u/build/linux-x86_64-normal-server-release/images/jdk/lib/server/libjvm.so
7ff801335000-7ff801f27000 r-xp 0027c000 08:01 4078123                    /home/adam/jdk11u/build/linux-x86_64-normal-server-release/images/jdk/lib/server/libjvm.so
7ff801f27000-7ff80217c000 r--p 00e6e000 08:01 4078123                    /home/adam/jdk11u/build/linux-x86_64-normal-server-release/images/jdk/lib/server/libjvm.so
7ff80217c000-7ff80217d000 ---p 010c3000 08:01 4078123                    /home/adam/jdk11u/build/linux-x86_64-normal-server-release/images/jdk/lib/server/libjvm.so
7ff80217d000-7ff802240000 r--p 010c3000 08:01 4078123                    /home/adam/jdk11u/build/linux-x86_64-normal-server-release/images/jdk/lib/server/libjvm.so
7ff802240000-7ff80227a000 rw-p 01186000 08:01 4078123                    /home/adam/jdk11u/build/linux-x86_64-normal-server-release/images/jdk/lib/server/libjvm.so
7ff80227a000-7ff8022d3000 rw-p 00000000 00:00 0 
7ff8022d3000-7ff8022d9000 r--p 00000000 08:01 2907364                    /usr/lib/x86_64-linux-gnu/libpthread-2.31.so
7ff8022d9000-7ff8022e9000 r-xp 00006000 08:01 2907364                    /usr/lib/x86_64-linux-gnu/libpthread-2.31.so
7ff8022e9000-7ff8022ef000 r--p 00016000 08:01 2907364                    /usr/lib/x86_64-linux-gnu/libpthread-2.31.so
7ff8022ef000-7ff8022f0000 r--p 0001b000 08:01 2907364                    /usr/lib/x86_64-linux-gnu/libpthread-2.31.so
7ff8022f0000-7ff8022f1000 rw-p 0001c000 08:01 2907364                    /usr/lib/x86_64-linux-gnu/libpthread-2.31.so
7ff8022f1000-7ff8022f5000 rw-p 00000000 00:00 0 
7ff8022f5000-7ff8022f6000 r--p 00000000 08:01 2907353                    /usr/lib/x86_64-linux-gnu/libdl-2.31.so
7ff8022f6000-7ff8022f8000 r-xp 00001000 08:01 2907353                    /usr/lib/x86_64-linux-gnu/libdl-2.31.so
7ff8022f8000-7ff8022f9000 r--p 00003000 08:01 2907353                    /usr/lib/x86_64-linux-gnu/libdl-2.31.so
7ff8022f9000-7ff8022fa000 r--p 00003000 08:01 2907353                    /usr/lib/x86_64-linux-gnu/libdl-2.31.so
7ff8022fa000-7ff8022fb000 rw-p 00004000 08:01 2907353                    /usr/lib/x86_64-linux-gnu/libdl-2.31.so
7ff8022fb000-7ff8022fe000 r--p 00000000 08:01 2885790                    /usr/lib/x86_64-linux-gnu/libz.so.1.2.11
7ff8022fe000-7ff80230f000 r-xp 00003000 08:01 2885790                    /usr/lib/x86_64-linux-gnu/libz.so.1.2.11
7ff80230f000-7ff802315000 r--p 00014000 08:01 2885790                    /usr/lib/x86_64-linux-gnu/libz.so.1.2.11
7ff802315000-7ff802316000 ---p 0001a000 08:01 2885790                    /usr/lib/x86_64-linux-gnu/libz.so.1.2.11
7ff802316000-7ff802317000 r--p 0001a000 08:01 2885790                    /usr/lib/x86_64-linux-gnu/libz.so.1.2.11
7ff802317000-7ff802318000 rw-p 0001b000 08:01 2885790                    /usr/lib/x86_64-linux-gnu/libz.so.1.2.11
7ff802318000-7ff80233a000 r--p 00000000 08:01 2907352                    /usr/lib/x86_64-linux-gnu/libc-2.31.so
7ff80233a000-7ff802494000 r-xp 00022000 08:01 2907352                    /usr/lib/x86_64-linux-gnu/libc-2.31.so
7ff802494000-7ff8024e3000 r--p 0017c000 08:01 2907352                    /usr/lib/x86_64-linux-gnu/libc-2.31.so
7ff8024e3000-7ff8024e7000 r--p 001ca000 08:01 2907352                    /usr/lib/x86_64-linux-gnu/libc-2.31.so
7ff8024e7000-7ff8024e9000 rw-p 001ce000 08:01 2907352                    /usr/lib/x86_64-linux-gnu/libc-2.31.so
7ff8024e9000-7ff8024ed000 rw-p 00000000 00:00 0 
7ff8024f0000-7ff8024f1000 ---p 00000000 00:00 0 
7ff8024f1000-7ff8024f2000 r--p 00000000 00:00 0 
7ff8024f2000-7ff8024f7000 r--p 00000000 08:01 4078126                    /home/adam/jdk11u/build/linux-x86_64-normal-server-release/images/jdk/lib/libverify.so
7ff8024f7000-7ff8024fe000 r-xp 00005000 08:01 4078126                    /home/adam/jdk11u/build/linux-x86_64-normal-server-release/images/jdk/lib/libverify.so
7ff8024fe000-7ff802500000 r--p 0000c000 08:01 4078126                    /home/adam/jdk11u/build/linux-x86_64-normal-server-release/images/jdk/lib/libverify.so
7ff802500000-7ff802501000 ---p 0000e000 08:01 4078126                    /home/adam/jdk11u/build/linux-x86_64-normal-server-release/images/jdk/lib/libverify.so
7ff802501000-7ff802503000 r--p 0000e000 08:01 4078126                    /home/adam/jdk11u/build/linux-x86_64-normal-server-release/images/jdk/lib/libverify.so
7ff802503000-7ff802504000 rw-p 00010000 08:01 4078126                    /home/adam/jdk11u/build/linux-x86_64-normal-server-release/images/jdk/lib/libverify.so
7ff802504000-7ff802507000 r--p 00000000 08:01 4078146                    /home/adam/jdk11u/build/linux-x86_64-normal-server-release/images/jdk/lib/jli/libjli.so
7ff802507000-7ff802511000 r-xp 00003000 08:01 4078146                    /home/adam/jdk11u/build/linux-x86_64-normal-server-release/images/jdk/lib/jli/libjli.so
7ff802511000-7ff802514000 r--p 0000d000 08:01 4078146                    /home/adam/jdk11u/build/linux-x86_64-normal-server-release/images/jdk/lib/jli/libjli.so
7ff802514000-7ff802515000 ---p 00010000 08:01 4078146                    /home/adam/jdk11u/build/linux-x86_64-normal-server-release/images/jdk/lib/jli/libjli.so
7ff802515000-7ff802516000 r--p 00010000 08:01 4078146                    /home/adam/jdk11u/build/linux-x86_64-normal-server-release/images/jdk/lib/jli/libjli.so
7ff802516000-7ff802517000 rw-p 00011000 08:01 4078146                    /home/adam/jdk11u/build/linux-x86_64-normal-server-release/images/jdk/lib/jli/libjli.so
7ff802517000-7ff802519000 rw-p 00000000 00:00 0 
7ff802519000-7ff80251a000 r--p 00000000 08:01 2907322                    /usr/lib/x86_64-linux-gnu/ld-2.31.so
7ff80251a000-7ff80253a000 r-xp 00001000 08:01 2907322                    /usr/lib/x86_64-linux-gnu/ld-2.31.so
7ff80253a000-7ff802542000 r--p 00021000 08:01 2907322                    /usr/lib/x86_64-linux-gnu/ld-2.31.so
7ff802543000-7ff802544000 r--p 00029000 08:01 2907322                    /usr/lib/x86_64-linux-gnu/ld-2.31.so
7ff802544000-7ff802545000 rw-p 0002a000 08:01 2907322                    /usr/lib/x86_64-linux-gnu/ld-2.31.so
7ff802545000-7ff802546000 rw-p 00000000 00:00 0 
7ffcace6c000-7ffcace8d000 rw-p 00000000 00:00 0                          [stack]
7ffcaceb9000-7ffcacebd000 r--p 00000000 00:00 0                          [vvar]
7ffcacebd000-7ffcacebf000 r-xp 00000000 00:00 0                          [vdso]


VM Arguments:
jvm_args: -XX:AllocateHeapAt=/dev/fakeblk -Xlog:gc=debug -XX:-OptimizeStringConcat -XX:+UnlockExperimentalVMOptions -XX:+UseEpsilonGC -Xnoclassgc -XX:-ClassUnloading -XX:MetaspaceSize=1G -Xms8g -Xmx8g 
java_command: ../dacapo-9.12-MR1-bach.jar h2
java_class_path (initial): ../dacapo-9.12-MR1-bach.jar
Launcher Type: SUN_STANDARD

[Global flags]
    ccstr AllocateHeapAt                           = /dev/fakeblk                              {product} {command line}
     intx CICompilerCount                          = 4                                         {product} {ergonomic}
     bool ClassUnloading                           = false                                     {product} {command line}
     bool ClassUnloadingWithConcurrentMark         = false                                     {product} {command line}
   size_t InitialHeapSize                          = 8589934592                                {product} {command line}
   size_t MaxHeapSize                              = 8589934592                                {product} {command line}
   size_t MetaspaceSize                            = 1073741824                             {pd product} {command line}
   size_t MinHeapDeltaBytes                        = 172032                                    {product} {ergonomic}
    uintx NonNMethodCodeHeapSize                   = 5836300                                {pd product} {ergonomic}
    uintx NonProfiledCodeHeapSize                  = 122910970                              {pd product} {ergonomic}
     bool OptimizeStringConcat                     = false                                  {C2 product} {command line}
    uintx ProfiledCodeHeapSize                     = 122910970                              {pd product} {ergonomic}
    uintx ReservedCodeCacheSize                    = 251658240                              {pd product} {ergonomic}
     bool SegmentedCodeCache                       = true                                      {product} {ergonomic}
     bool UnlockExperimentalVMOptions              = true                                 {experimental} {command line}
     bool UseCompressedClassPointers               = true                                 {lp64_product} {ergonomic}
     bool UseCompressedOops                        = true                                 {lp64_product} {ergonomic}
     bool UseEpsilonGC                             = true                                 {experimental} {command line}

Logging:
Log output configuration:
 #0: stdout all=warning,gc=debug uptime,level,tags (reconfigured)
 #1: stderr all=off uptime,level,tags

Environment Variables:
PATH=/usr/local/sbin:/usr/local/bin:/usr/sbin:/usr/bin:/sbin:/bin
SHELL=/bin/bash
LANG=fr_FR.UTF-8

Signal Handlers:
SIGSEGV: [libjvm.so+0xde3430], sa_mask[0]=11111111011111111101111111111110, sa_flags=SA_RESTART|SA_SIGINFO
SIGBUS: [libjvm.so+0xde3430], sa_mask[0]=11111111011111111101111111111110, sa_flags=SA_RESTART|SA_SIGINFO
SIGFPE: [libjvm.so+0xde3430], sa_mask[0]=11111111011111111101111111111110, sa_flags=SA_RESTART|SA_SIGINFO
SIGPIPE: [libjvm.so+0xbdd9d0], sa_mask[0]=11111111011111111101111111111110, sa_flags=SA_RESTART|SA_SIGINFO
SIGXFSZ: [libjvm.so+0xbdd9d0], sa_mask[0]=11111111011111111101111111111110, sa_flags=SA_RESTART|SA_SIGINFO
SIGILL: [libjvm.so+0xde3430], sa_mask[0]=11111111011111111101111111111110, sa_flags=SA_RESTART|SA_SIGINFO
SIGUSR2: [libjvm.so+0x2d0330], sa_mask[0]=00000000000100000000000000000000, sa_flags=SA_RESTART
SIGHUP: [libjvm.so+0xbde100], sa_mask[0]=11111111011111111101111111111110, sa_flags=SA_RESTART|SA_SIGINFO
SIGINT: SIG_DFL, sa_mask[0]=00000000000000000000000000000000, sa_flags=none
SIGTERM: SIG_DFL, sa_mask[0]=00000000000000000000000000000000, sa_flags=none
SIGQUIT: SIG_DFL, sa_mask[0]=00000000000000000000000000000000, sa_flags=none


---------------  S Y S T E M  ---------------

OS:PRETTY_NAME="Debian GNU/Linux 11 (bullseye)"
NAME="Debian GNU/Linux"
VERSION_ID="11"
VERSION="11 (bullseye)"
VERSION_CODENAME=bullseye
ID=debian
HOME_URL="https://www.debian.org/"
SUPPORT_URL="https://www.debian.org/support"
BUG_REPORT_URL="https://bugs.debian.org/"
uname:Linux 5.10.0-11-amd64 #1 SMP Debian 5.10.92-2 (2022-02-28) x86_64
OS uptime: 8 days 22:02 hours
libc:glibc 2.31 NPTL 2.31 
rlimit (soft/hard): STACK 8192k/infinity , CORE 0k/infinity , NPROC 201035/201035 , NOFILE 1048576/1048576 , AS infinity/infinity , CPU infinity/infinity , DATA infinity/infinity , FSIZE infinity/infinity , MEMLOCK 6438875k/6438875k
load average:0,66 0,20 0,30

/proc/meminfo:
MemTotal:       51511000 kB
MemFree:        16915772 kB
MemAvailable:   23102148 kB
Buffers:          235028 kB
Cached:         28460776 kB
SwapCached:            0 kB
Active:         26816572 kB
Inactive:        3354428 kB
Active(anon):   21722096 kB
Inactive(anon):  1999680 kB
Active(file):    5094476 kB
Inactive(file):  1354748 kB
Unevictable:           0 kB
Mlocked:               0 kB
SwapTotal:             0 kB
SwapFree:              0 kB
Dirty:               436 kB
Writeback:             0 kB
AnonPages:       1475316 kB
Mapped:         22287600 kB
Shmem:          22246580 kB
KReclaimable:     374996 kB
Slab:             439128 kB
SReclaimable:     374996 kB
SUnreclaim:        64132 kB
KernelStack:        3712 kB
PageTables:        54284 kB
NFS_Unstable:          0 kB
Bounce:                0 kB
WritebackTmp:          0 kB
CommitLimit:    25755500 kB
Committed_AS:   24394348 kB
VmallocTotal:   34359738367 kB
VmallocUsed:     2014704 kB
VmallocChunk:          0 kB
Percpu:             6624 kB
HardwareCorrupted:     0 kB
AnonHugePages:   1359872 kB
ShmemHugePages:        0 kB
ShmemPmdMapped:        0 kB
FileHugePages:         0 kB
FilePmdMapped:         0 kB
HugePages_Total:       0
HugePages_Free:        0
HugePages_Rsvd:        0
HugePages_Surp:        0
Hugepagesize:       2048 kB
Hugetlb:               0 kB
DirectMap4k:      735080 kB
DirectMap2M:    35964928 kB
DirectMap1G:    17825792 kB

/sys/kernel/mm/transparent_hugepage/enabled:
[always] madvise never
/sys/kernel/mm/transparent_hugepage/defrag (defrag/compaction efforts parameter):
always defer defer+madvise [madvise] never

Process Memory:
Virtual Size: 11177816K (peak: 11177816K)
Resident Set Size: 25544K (peak: 25544K) (anon: 9844K, file: 15580K, shmem: 120K)
Swapped out: 0K
C-Heap outstanding allocations: 5932K, retained: 415K
glibc malloc tunables: (default)

/proc/sys/kernel/threads-max (system-wide limit on the number of threads):
402070
/proc/sys/vm/max_map_count (maximum number of memory map areas a process may have):
65530
/proc/sys/kernel/pid_max (system-wide limit on number of process identifiers):
4194304

container (cgroup) information:
container_type: cgroupv2
cpu_cpuset_cpus: not supported
cpu_memory_nodes: not supported
active_processor_count: 8
cpu_quota: not supported
cpu_period: not supported
cpu_shares: not supported
memory_limit_in_bytes: 1610612736
memory_and_swap_limit_in_bytes: unlimited
memory_soft_limit_in_bytes: unlimited
memory_usage_in_bytes: 15642624
memory_max_usage_in_bytes: not supported

KVM virtualization detected
Steal ticks since vm start: 0
Steal ticks percentage since vm start:  0,000

CPU:total 8 (initial active 8) (4 cores per cpu, 1 threads per core) family 6 model 85 stepping 7 microcode 0x5003102, cmov, cx8, fxsr, mmx, sse, sse2, sse3, ssse3, sse4.1, sse4.2, popcnt, avx, avx2, aes, clmul, erms, 3dnowpref, lzcnt, tsc, bmi1, bmi2, adx, evex, fma
CPU Model and flags from /proc/cpuinfo:
model name	: Intel(R) Xeon(R) Silver 4208 CPU @ 2.10GHz
flags		: fpu vme de pse tsc msr pae mce cx8 apic sep mtrr pge mca cmov pat pse36 clflush mmx fxsr sse sse2 ss ht syscall nx pdpe1gb rdtscp lm constant_tsc arch_perfmon rep_good nopl xtopology cpuid tsc_known_freq pni pclmulqdq vmx ssse3 fma cx16 pdcm pcid sse4_1 sse4_2 x2apic movbe popcnt tsc_deadline_timer aes xsave avx f16c rdrand hypervisor lahf_lm abm 3dnowprefetch cpuid_fault invpcid_single ssbd ibrs ibpb stibp ibrs_enhanced tpr_shadow vnmi flexpriority ept vpid ept_ad fsgsbase tsc_adjust bmi1 avx2 smep bmi2 erms invpcid mpx avx512f avx512dq rdseed adx smap clflushopt clwb avx512cd avx512bw avx512vl xsaveopt xsavec xgetbv1 xsaves arat umip pku ospke avx512_vnni md_clear arch_capabilities
Online cpus:
0-7
Offline cpus:

BIOS frequency limitation:
<Not Available>
Frequency switch latency (ns):
<Not Available>
Available cpu frequencies:
<Not Available>
Current governor:
<Not Available>
Core performance/turbo boost:
<Not Available>

Memory: 4k page, physical 1572864k(1557588k free), swap 0k(0k free)

vm_info: OpenJDK 64-Bit Server VM (11.0.16-internal+0-adhoc.adam.jdk11u) for linux-amd64 JRE (11.0.16-internal+0-adhoc.adam.jdk11u), built on Oct 20 2023 13:51:50 by "adam" with gcc 10.2.1 20210110

END.
