#
# A fatal error has been detected by the Java Runtime Environment:
#
#  SIGSEGV (0xb) at pc=0x00007fd2fcee6933, pid=155432, tid=155433
#
# JRE version: OpenJDK Runtime Environment (11.0.16) (build 11.0.16-internal+0-adhoc.adam.jdk11u)
# Java VM: OpenJDK 64-Bit Server VM (11.0.16-internal+0-adhoc.adam.jdk11u, mixed mode, tiered, compressed oops, epsilon gc, linux-amd64)
# Problematic frame:
# V  [libjvm.so+0x2d0933]  RemoteSpace::concurrent_post_allocate(HeapWord*, unsigned long, Klass*)+0x73
#
# No core dump will be written. Core dumps have been disabled. To enable core dumping, try "ulimit -c unlimited" before starting Java again
#
# If you would like to submit a bug report, please visit:
#   https://bugreport.java.com/bugreport/crash.jsp
#

---------------  S U M M A R Y ------------

Command Line: -XX:AllocateHeapAt=/dev/fakeblk -Xlog:gc=debug -XX:-OptimizeStringConcat -XX:+UnlockExperimentalVMOptions -XX:+UseEpsilonGC -Xnoclassgc -XX:-ClassUnloading -XX:MetaspaceSize=1G -Xms8g -Xmx8g ../dacapo-9.12-MR1-bach.jar h2

Host: Intel(R) Xeon(R) Silver 4208 CPU @ 2.10GHz, 8 cores, 1G, Debian GNU/Linux 11 (bullseye)
Time: Fri Oct 20 14:26:58 2023 CEST elapsed time: 0.218838 seconds (0d 0h 0m 0s)

---------------  T H R E A D  ---------------

Current thread (0x00007fd2f8027800):  JavaThread "main" [_thread_in_vm, id=155433, stack(0x00007fd2fc9c7000,0x00007fd2fcac8000)]

Stack: [0x00007fd2fc9c7000,0x00007fd2fcac8000],  sp=0x00007fd2fcac5d80,  free space=1019k
Native frames: (J=compiled Java code, A=aot compiled Java code, j=interpreted, Vv=VM code, C=native code)
V  [libjvm.so+0x2d0933]  RemoteSpace::concurrent_post_allocate(HeapWord*, unsigned long, Klass*)+0x73
V  [libjvm.so+0xb434f5]  MemAllocator::allocate_inside_tlab(MemAllocator::Allocation&) const+0x75
V  [libjvm.so+0xb43663]  MemAllocator::allocate() const+0x83
V  [libjvm.so+0x6054d4]  CollectedHeap::array_allocate(Klass*, int, int, bool, Thread*)+0x44
V  [libjvm.so+0x856035]  InstanceKlass::allocate_objArray(int, int, Thread*)+0x115
V  [libjvm.so+0x870596]  InterpreterRuntime::anewarray(JavaThread*, ConstantPool*, int, int)+0x1d6
j  java.util.concurrent.ConcurrentHashMap.transfer([Ljava/util/concurrent/ConcurrentHashMap$Node;[Ljava/util/concurrent/ConcurrentHashMap$Node;)V+40 java.base@11.0.16-internal
J 46 c1 java.util.concurrent.ConcurrentHashMap.addCount(JI)V java.base@11.0.16-internal (289 bytes) @ 0x00007fd2e0db2494 [0x00007fd2e0db1d60+0x0000000000000734]
J 42 c1 java.util.concurrent.ConcurrentHashMap.putVal(Ljava/lang/Object;Ljava/lang/Object;Z)Ljava/lang/Object; java.base@11.0.16-internal (432 bytes) @ 0x00007fd2e0db03a4 [0x00007fd2e0daea00+0x00000000000019a4]
J 45 c1 java.util.concurrent.ConcurrentHashMap.putIfAbsent(Ljava/lang/Object;Ljava/lang/Object;)Ljava/lang/Object; java.base@11.0.16-internal (8 bytes) @ 0x00007fd2e0db19bc [0x00007fd2e0db1940+0x000000000000007c]
j  jdk.internal.module.ServicesCatalog.providers(Ljava/lang/String;)Ljava/util/List;+32 java.base@11.0.16-internal
j  jdk.internal.module.ServicesCatalog.register(Ljava/lang/Module;)V+80 java.base@11.0.16-internal
j  java.lang.Module.defineModules(Ljava/lang/module/Configuration;Ljava/util/function/Function;Ljava/lang/ModuleLayer;)Ljava/util/Map;+834 java.base@11.0.16-internal
j  java.lang.ModuleLayer.<init>(Ljava/lang/module/Configuration;Ljava/util/List;Ljava/util/function/Function;)V+34 java.base@11.0.16-internal
j  java.lang.ModuleLayer.defineModules(Ljava/lang/module/Configuration;Ljava/util/List;Ljava/util/function/Function;)Ljava/lang/ModuleLayer$Controller;+40 java.base@11.0.16-internal
j  java.lang.ModuleLayer.defineModules(Ljava/lang/module/Configuration;Ljava/util/function/Function;)Ljava/lang/ModuleLayer;+6 java.base@11.0.16-internal
j  jdk.internal.module.ModuleBootstrap.boot()Ljava/lang/ModuleLayer;+1201 java.base@11.0.16-internal
j  java.lang.System.initPhase2(ZZ)I+0 java.base@11.0.16-internal
v  ~StubRoutines::call_stub
V  [libjvm.so+0x87a193]  JavaCalls::call_helper(JavaValue*, methodHandle const&, JavaCallArguments*, Thread*)+0x353
V  [libjvm.so+0x8790da]  JavaCalls::call_static(JavaValue*, Klass*, Symbol*, Symbol*, JavaCallArguments*, Thread*)+0xea
V  [libjvm.so+0xd79e2e]  Threads::create_vm(JavaVMInitArgs*, bool*)+0xc6e
V  [libjvm.so+0x8ff891]  JNI_CreateJavaVM+0x51
C  [libjli.so+0x496d]  JavaMain+0x8d
C  [libjli.so+0x9619]  ThreadJavaMain+0x9

Java frames: (J=compiled Java code, j=interpreted, Vv=VM code)
j  java.util.concurrent.ConcurrentHashMap.transfer([Ljava/util/concurrent/ConcurrentHashMap$Node;[Ljava/util/concurrent/ConcurrentHashMap$Node;)V+40 java.base@11.0.16-internal
J 46 c1 java.util.concurrent.ConcurrentHashMap.addCount(JI)V java.base@11.0.16-internal (289 bytes) @ 0x00007fd2e0db2494 [0x00007fd2e0db1d60+0x0000000000000734]
J 42 c1 java.util.concurrent.ConcurrentHashMap.putVal(Ljava/lang/Object;Ljava/lang/Object;Z)Ljava/lang/Object; java.base@11.0.16-internal (432 bytes) @ 0x00007fd2e0db03a4 [0x00007fd2e0daea00+0x00000000000019a4]
J 45 c1 java.util.concurrent.ConcurrentHashMap.putIfAbsent(Ljava/lang/Object;Ljava/lang/Object;)Ljava/lang/Object; java.base@11.0.16-internal (8 bytes) @ 0x00007fd2e0db19bc [0x00007fd2e0db1940+0x000000000000007c]
j  jdk.internal.module.ServicesCatalog.providers(Ljava/lang/String;)Ljava/util/List;+32 java.base@11.0.16-internal
j  jdk.internal.module.ServicesCatalog.register(Ljava/lang/Module;)V+80 java.base@11.0.16-internal
j  java.lang.Module.defineModules(Ljava/lang/module/Configuration;Ljava/util/function/Function;Ljava/lang/ModuleLayer;)Ljava/util/Map;+834 java.base@11.0.16-internal
j  java.lang.ModuleLayer.<init>(Ljava/lang/module/Configuration;Ljava/util/List;Ljava/util/function/Function;)V+34 java.base@11.0.16-internal
j  java.lang.ModuleLayer.defineModules(Ljava/lang/module/Configuration;Ljava/util/List;Ljava/util/function/Function;)Ljava/lang/ModuleLayer$Controller;+40 java.base@11.0.16-internal
j  java.lang.ModuleLayer.defineModules(Ljava/lang/module/Configuration;Ljava/util/function/Function;)Ljava/lang/ModuleLayer;+6 java.base@11.0.16-internal
j  jdk.internal.module.ModuleBootstrap.boot()Ljava/lang/ModuleLayer;+1201 java.base@11.0.16-internal
j  java.lang.System.initPhase2(ZZ)I+0 java.base@11.0.16-internal
v  ~StubRoutines::call_stub

siginfo: si_signo: 11 (SIGSEGV), si_code: 1 (SEGV_MAPERR), si_addr: 0x00000005fffffffc

Register to memory mapping:

RAX=0x0000000080100c02 is an unknown value
RBX=0x000000000001ae31 is an unknown value
RCX=0x000000080001ae30 is a pointer to class: 
RDX=0x0000000000000012 is an unknown value
RSP=0x00007fd2fcac5d80 is pointing into the stack for thread: 0x00007fd2f8027800
RBP=0x00007fd2fcac5db0 is pointing into the stack for thread: 0x00007fd2f8027800
RSI=0x0000000600000000 is an unallocated location in the heap
RDI=0x00007fd2f803a3f0 points into unknown readable memory: 0x00007fd2fdcf2430 | 30 24 cf fd d2 7f 00 00
R8 =0x0 is NULL
R9 =0x000000000000002d is an unknown value
R10=0x00007fd2fcac5c47 is pointing into the stack for thread: 0x00007fd2f8027800
R11=0x0 is NULL
R12=0x0000000600000000 is an unallocated location in the heap
R13=0x0000000000000012 is an unknown value
R14=0x00000000ffffffff is an unknown value
R15=0x0000000000000001 is an unknown value


Registers:
RAX=0x0000000080100c02, RBX=0x000000000001ae31, RCX=0x000000080001ae30, RDX=0x0000000000000012
RSP=0x00007fd2fcac5d80, RBP=0x00007fd2fcac5db0, RSI=0x0000000600000000, RDI=0x00007fd2f803a3f0
R8 =0x0000000000000000, R9 =0x000000000000002d, R10=0x00007fd2fcac5c47, R11=0x0000000000000000
R12=0x0000000600000000, R13=0x0000000000000012, R14=0x00000000ffffffff, R15=0x0000000000000001
RIP=0x00007fd2fcee6933, EFLAGS=0x0000000000010202, CSGSFS=0x002b000000000033, ERR=0x0000000000000006
  TRAPNO=0x000000000000000e

Top of Stack: (sp=0x00007fd2fcac5d80)
0x00007fd2fcac5d80:   0000000000000000 0000000000000002
0x00007fd2fcac5d90:   00007fd2fcac5e80 00007fd2fcac5e10
0x00007fd2fcac5da0:   00000000ffffffff 0000000000000001
0x00007fd2fcac5db0:   00007fd2fcac5df0 00007fd2fd7594f5 

Instructions: (pc=0x00007fd2fcee6933)
0x00007fd2fcee6833:   48 89 fb 48 8b 87 f0 00 00 00 48 89 97 d0 00 00
0x00007fd2fcee6843:   00 31 d2 48 89 87 d8 00 00 00 bf 60 00 00 00 e8
0x00007fd2fcee6853:   69 41 15 00 49 89 c4 48 85 c0 74 2d 48 83 ec 08
0x00007fd2fcee6863:   48 8d b3 c8 00 00 00 45 31 c0 31 d2 6a 00 41 b9
0x00007fd2fcee6873:   01 00 00 00 b9 01 00 00 00 48 89 c7 6a 00 6a 01
0x00007fd2fcee6883:   e8 f8 28 9a 00 48 83 c4 20 48 8b 83 b0 00 00 00
0x00007fd2fcee6893:   4c 89 a3 e0 00 00 00 4c 89 a3 c0 00 00 00 4c 89
0x00007fd2fcee68a3:   60 20 4c 89 60 08 48 8d 65 f0 5b 41 5c 5d c3 66
0x00007fd2fcee68b3:   66 2e 0f 1f 84 00 00 00 00 00 0f 1f 00 55 48 89
0x00007fd2fcee68c3:   e5 41 57 41 56 41 55 49 89 d5 41 54 49 89 f4 53
0x00007fd2fcee68d3:   48 89 cb 48 83 ec 08 8b 41 08 85 c0 7e 09 f6 81
0x00007fd2fcee68e3:   3a 01 00 00 01 75 56 4a 8d 04 ed 08 00 00 00 f0
0x00007fd2fcee68f3:   48 01 05 b6 fa ee 00 8b 43 08 3d 00 00 00 c0 7c
0x00007fd2fcee6903:   2c 3d ff ff ff bf 0f 86 91 00 00 00 41 c7 44 24
0x00007fd2fcee6913:   fc 2a 00 00 00 45 89 6c 24 f8 48 83 c4 08 5b 41
0x00007fd2fcee6923:   5c 41 5d 41 5e 41 5f 5d c3 0f 1f 40 00 83 c3 01
0x00007fd2fcee6933:   41 89 5c 24 fc eb de 66 0f 1f 44 00 00 4c 8b 3d
0x00007fd2fcee6943:   21 66 eb 00 49 89 fe 4d 85 ff 74 10 48 8d 3d 8a
0x00007fd2fcee6953:   fa ee 00 e8 b5 b9 fa ff 85 c0 75 53 bf 10 00 00
0x00007fd2fcee6963:   00 e8 77 c2 fa ff 49 8b 96 b8 00 00 00 4c 89 20
0x00007fd2fcee6973:   48 89 50 08 49 89 86 b8 00 00 00 4d 85 ff 0f 84
0x00007fd2fcee6983:   63 ff ff ff 48 8d 3d 52 fa ee 00 e8 2d b9 fa ff
0x00007fd2fcee6993:   e9 52 ff ff ff 0f 1f 84 00 00 00 00 00 85 c0 0f
0x00007fd2fcee69a3:   84 70 ff ff ff 41 89 5c 24 fc e9 66 ff ff ff 89
0x00007fd2fcee69b3:   c7 e8 48 ce fa ff 0f 1f 80 00 00 00 00 48 8b 05
0x00007fd2fcee69c3:   f1 f9 ee 00 48 2b 05 f2 f9 ee 00 48 8b 15 db f9
0x00007fd2fcee69d3:   ee 00 48 01 d0 c3 90 66 0f 1f 44 00 00 48 8b 05
0x00007fd2fcee69e3:   d1 f9 ee 00 c3 0f 1f 84 00 00 00 00 00 55 48 8d
0x00007fd2fcee69f3:   05 50 60 df 00 48 89 e5 41 54 53 48 8d 7d d0 48
0x00007fd2fcee6a03:   83 ec 30 48 89 45 d0 48 c7 45 d8 00 00 00 00 c7
0x00007fd2fcee6a13:   45 e0 00 00 00 00 e8 92 2f 9c 00 48 63 75 e0 bf
0x00007fd2fcee6a23:   01 00 00 00 48 89 75 c8 48 89 f3 48 c1 e6 03 e8 


Stack slot to memory mapping:
stack at sp + 0 slots: 0x0 is NULL
stack at sp + 1 slots: 0x0000000000000002 is an unknown value
stack at sp + 2 slots: 0x00007fd2fcac5e80 is pointing into the stack for thread: 0x00007fd2f8027800
stack at sp + 3 slots: 0x00007fd2fcac5e10 is pointing into the stack for thread: 0x00007fd2f8027800
stack at sp + 4 slots: 0x00000000ffffffff is an unknown value
stack at sp + 5 slots: 0x0000000000000001 is an unknown value
stack at sp + 6 slots: 0x00007fd2fcac5df0 is pointing into the stack for thread: 0x00007fd2f8027800
stack at sp + 7 slots: 0x00007fd2fd7594f5: <offset 0x0000000000b434f5> in /home/adam/jdk11u/build/linux-x86_64-normal-server-release/images/jdk/lib/server/libjvm.so at 0x00007fd2fcc16000


---------------  P R O C E S S  ---------------

Threads class SMR info:
_java_thread_list=0x00007fd2f812d490, length=8, elements={
0x00007fd2f8027800, 0x00007fd2f8108000, 0x00007fd2f810c800, 0x00007fd2f8123800,
0x00007fd2f8125800, 0x00007fd2f8127800, 0x00007fd2f8129800, 0x00007fd2f812b800
}

Java Threads: ( => current thread )
=>0x00007fd2f8027800 JavaThread "main" [_thread_in_vm, id=155433, stack(0x00007fd2fc9c7000,0x00007fd2fcac8000)]
  0x00007fd2f8108000 JavaThread "Reference Handler" daemon [_thread_blocked, id=155436, stack(0x00007fd2fc48d000,0x00007fd2fc58e000)]
  0x00007fd2f810c800 JavaThread "Finalizer" daemon [_thread_blocked, id=155437, stack(0x00007fd2fc38c000,0x00007fd2fc48d000)]
  0x00007fd2f8123800 JavaThread "Signal Dispatcher" daemon [_thread_blocked, id=155438, stack(0x00007fd293eff000,0x00007fd294000000)]
  0x00007fd2f8125800 JavaThread "Service Thread" daemon [_thread_blocked, id=155439, stack(0x00007fd293dfe000,0x00007fd293eff000)]
  0x00007fd2f8127800 JavaThread "C2 CompilerThread0" daemon [_thread_blocked, id=155440, stack(0x00007fd293cfd000,0x00007fd293dfe000)]
  0x00007fd2f8129800 JavaThread "C1 CompilerThread0" daemon [_thread_blocked, id=155441, stack(0x00007fd293bfc000,0x00007fd293cfd000)]
  0x00007fd2f812b800 JavaThread "Sweeper thread" daemon [_thread_blocked, id=155442, stack(0x00007fd293afb000,0x00007fd293bfc000)]

Other Threads:
  0x00007fd2f80ff000 VMThread "VM Thread" [stack: 0x00007fd2fc590000,0x00007fd2fc690000] [id=155435]

Threads with active compile tasks:

VM state:not at safepoint (normal execution)

VM Mutex/Monitor currently owned by a thread: None

Heap address: 0x0000000600000000, size: 8192 MB, Compressed Oops mode: Zero based, Oop shift amount: 3
Narrow klass base: 0x0000000800000000, Narrow klass shift: 0
Compressed class space size: 1073741824 Address: 0x0000000800000000

Heap:
Epsilon Heap
Allocation space:
 Metaspace       used 3039K, capacity 4480K, committed 4480K, reserved 1056768K
  class space    used 252K, capacity 384K, committed 384K, reserved 1048576K


Polling page: 0x00007fd2fe04d000

Metaspace:

Usage:
  Non-class:      4,00 MB capacity,     2,72 MB ( 68%) used,     1,28 MB ( 32%) free+waste,    64 bytes ( <1%) overhead. 
      Class:    384,00 KB capacity,   252,16 KB ( 66%) used,   131,77 KB ( 34%) free+waste,    64 bytes ( <1%) overhead. 
       Both:      4,38 MB capacity,     2,97 MB ( 68%) used,     1,41 MB ( 32%) free+waste,   128 bytes ( <1%) overhead. 

Virtual space:
  Non-class space:        8,00 MB reserved,       4,00 MB ( 50%) committed 
      Class space:        1,00 GB reserved,     384,00 KB ( <1%) committed 
             Both:        1,01 GB reserved,       4,38 MB ( <1%) committed 

Chunk freelists:
   Non-Class:  0 bytes
       Class:  0 bytes
        Both:  0 bytes

MaxMetaspaceSize: unlimited
CompressedClassSpaceSize: 1,00 GB
Initial GC threshold: 1,00 GB
Current GC threshold: 1,00 GB
CDS: off

CodeHeap 'non-profiled nmethods': size=120032Kb used=12Kb max_used=12Kb free=120019Kb
 bounds [0x00007fd2e82da000, 0x00007fd2e854a000, 0x00007fd2ef812000]
CodeHeap 'profiled nmethods': size=120028Kb used=102Kb max_used=102Kb free=119926Kb
 bounds [0x00007fd2e0da3000, 0x00007fd2e1013000, 0x00007fd2e82da000]
CodeHeap 'non-nmethods': size=5700Kb used=1014Kb max_used=1018Kb free=4685Kb
 bounds [0x00007fd2e0812000, 0x00007fd2e0a82000, 0x00007fd2e0da3000]
 total_blobs=302 nmethods=77 adapters=141
 compilation: enabled
              stopped_count=0, restarted_count=0
 full_count=0

Compilation events (20 events):
Event: 0,207 Thread 0x00007fd2f8129800   68       3       java.util.HashSet::add (20 bytes)
Event: 0,207 Thread 0x00007fd2f8129800 nmethod 68 0x00007fd2e0db9f90 code [0x00007fd2e0dba180, 0x00007fd2e0dba5d0]
Event: 0,208 Thread 0x00007fd2f8129800   69       3       java.util.AbstractCollection::isEmpty (13 bytes)
Event: 0,208 Thread 0x00007fd2f8129800 nmethod 69 0x00007fd2e0dba790 code [0x00007fd2e0dba940, 0x00007fd2e0dbab60]
Event: 0,210 Thread 0x00007fd2f8129800   70       3       java.lang.module.ModuleDescriptor$Exports::isQualified (18 bytes)
Event: 0,210 Thread 0x00007fd2f8129800 nmethod 70 0x00007fd2e0dbac10 code [0x00007fd2e0dbade0, 0x00007fd2e0dbb000]
Event: 0,212 Thread 0x00007fd2f8129800   71       3       java.util.AbstractMap::<init> (5 bytes)
Event: 0,212 Thread 0x00007fd2f8129800 nmethod 71 0x00007fd2e0dbb110 code [0x00007fd2e0dbb2c0, 0x00007fd2e0dbb410]
Event: 0,212 Thread 0x00007fd2f8129800   72       1       java.lang.module.ResolvedModule::configuration (5 bytes)
Event: 0,213 Thread 0x00007fd2f8129800 nmethod 72 0x00007fd2e82dcb10 code [0x00007fd2e82dccc0, 0x00007fd2e82dcd70]
Event: 0,213 Thread 0x00007fd2f8129800   73       3       java.util.ImmutableCollections$Set12::iterator (9 bytes)
Event: 0,214 Thread 0x00007fd2f8129800 nmethod 73 0x00007fd2e0dbb510 code [0x00007fd2e0dbb6e0, 0x00007fd2e0dbb9d0]
Event: 0,214 Thread 0x00007fd2f8129800   74       3       java.util.ImmutableCollections$Set12$1::<init> (21 bytes)
Event: 0,214 Thread 0x00007fd2f8129800 nmethod 74 0x00007fd2e0dbbb10 code [0x00007fd2e0dbbce0, 0x00007fd2e0dbbf10]
Event: 0,214 Thread 0x00007fd2f8129800   75       3       java.util.HashMap::<init> (11 bytes)
Event: 0,214 Thread 0x00007fd2f8129800 nmethod 75 0x00007fd2e0dbc010 code [0x00007fd2e0dbc1c0, 0x00007fd2e0dbc370]
Event: 0,214 Thread 0x00007fd2f8129800   76       1       java.lang.module.ModuleDescriptor$Exports::targets (5 bytes)
Event: 0,214 Thread 0x00007fd2f8129800 nmethod 76 0x00007fd2e82dce10 code [0x00007fd2e82dcfc0, 0x00007fd2e82dd070]
Event: 0,215 Thread 0x00007fd2f8129800   77       3       java.lang.Math::min (11 bytes)
Event: 0,215 Thread 0x00007fd2f8129800 nmethod 77 0x00007fd2e0dbc490 code [0x00007fd2e0dbc640, 0x00007fd2e0dbc770]

GC Heap History (0 events):
No events

Deoptimization events (0 events):
No events

Classes redefined (0 events):
No events

Internal exceptions (0 events):
No events

Events (20 events):
Event: 0,185 loading class java/util/concurrent/ConcurrentHashMap$ForwardingNode
Event: 0,185 loading class java/util/concurrent/ConcurrentHashMap$ForwardingNode done
Event: 0,192 loading class java/lang/ModuleLayer
Event: 0,193 loading class java/lang/ModuleLayer done
Event: 0,193 loading class java/util/ImmutableCollections$ListItr
Event: 0,193 loading class java/util/ListIterator
Event: 0,193 loading class java/util/ListIterator done
Event: 0,193 loading class java/util/ImmutableCollections$ListItr done
Event: 0,193 loading class java/util/ArrayList$Itr
Event: 0,193 loading class java/util/ArrayList$Itr done
Event: 0,198 loading class java/util/Collections$UnmodifiableSet
Event: 0,198 loading class java/util/Collections$UnmodifiableCollection
Event: 0,198 loading class java/util/Collections$UnmodifiableCollection done
Event: 0,198 loading class java/util/Collections$UnmodifiableSet done
Event: 0,198 loading class java/util/Collections$UnmodifiableCollection$1
Event: 0,198 loading class java/util/Collections$UnmodifiableCollection$1 done
Event: 0,214 loading class jdk/internal/module/ServicesCatalog$ServiceProvider
Event: 0,214 loading class jdk/internal/module/ServicesCatalog$ServiceProvider done
Event: 0,214 loading class java/util/concurrent/CopyOnWriteArrayList
Event: 0,215 loading class java/util/concurrent/CopyOnWriteArrayList done


Dynamic libraries:
600000000-800000000 rw-s 00000000 00:05 475                              /dev/fakeblk
800000000-800060000 rw-p 00000000 00:00 0 
800060000-840000000 ---p 00000000 00:00 0 
55e4981a9000-55e4981aa000 r--p 00000000 08:01 4078116                    /home/adam/jdk11u/build/linux-x86_64-normal-server-release/images/jdk/bin/java
55e4981aa000-55e4981ab000 r-xp 00001000 08:01 4078116                    /home/adam/jdk11u/build/linux-x86_64-normal-server-release/images/jdk/bin/java
55e4981ab000-55e4981ac000 r--p 00002000 08:01 4078116                    /home/adam/jdk11u/build/linux-x86_64-normal-server-release/images/jdk/bin/java
55e4981ac000-55e4981ad000 r--p 00002000 08:01 4078116                    /home/adam/jdk11u/build/linux-x86_64-normal-server-release/images/jdk/bin/java
55e4981ad000-55e4981ae000 rw-p 00003000 08:01 4078116                    /home/adam/jdk11u/build/linux-x86_64-normal-server-release/images/jdk/bin/java
55e49a099000-55e49a0ba000 rw-p 00000000 00:00 0                          [heap]
7fd27c000000-7fd27c080000 rw-p 00000000 00:00 0 
7fd27c080000-7fd280000000 ---p 00000000 00:00 0 
7fd280000000-7fd280021000 rw-p 00000000 00:00 0 
7fd280021000-7fd284000000 ---p 00000000 00:00 0 
7fd284000000-7fd284021000 rw-p 00000000 00:00 0 
7fd284021000-7fd288000000 ---p 00000000 00:00 0 
7fd288000000-7fd28805e000 rw-p 00000000 00:00 0 
7fd28805e000-7fd28c000000 ---p 00000000 00:00 0 
7fd28c000000-7fd28c021000 rw-p 00000000 00:00 0 
7fd28c021000-7fd290000000 ---p 00000000 00:00 0 
7fd29375c000-7fd293afb000 rw-p 00000000 00:00 0 
7fd293afb000-7fd293aff000 ---p 00000000 00:00 0 
7fd293aff000-7fd293bfc000 rw-p 00000000 00:00 0 
7fd293bfc000-7fd293c00000 ---p 00000000 00:00 0 
7fd293c00000-7fd293cfd000 rw-p 00000000 00:00 0 
7fd293cfd000-7fd293d01000 ---p 00000000 00:00 0 
7fd293d01000-7fd293dfe000 rw-p 00000000 00:00 0 
7fd293dfe000-7fd293e02000 ---p 00000000 00:00 0 
7fd293e02000-7fd293eff000 rw-p 00000000 00:00 0 
7fd293eff000-7fd293f03000 ---p 00000000 00:00 0 
7fd293f03000-7fd294000000 rw-p 00000000 00:00 0 
7fd294000000-7fd294021000 rw-p 00000000 00:00 0 
7fd294021000-7fd298000000 ---p 00000000 00:00 0 
7fd298000000-7fd298021000 rw-p 00000000 00:00 0 
7fd298021000-7fd29c000000 ---p 00000000 00:00 0 
7fd29c000000-7fd29c021000 rw-p 00000000 00:00 0 
7fd29c021000-7fd2a0000000 ---p 00000000 00:00 0 
7fd2a0012000-7fd2a0412000 rw-p 00000000 00:00 0 
7fd2a0412000-7fd2a0812000 ---p 00000000 00:00 0 
7fd2a0812000-7fd2e0812000 rw-s 00000000 00:19 5784836                    /dev/shm/prout
7fd2e0812000-7fd2e0a82000 rwxp 00000000 00:00 0 
7fd2e0a82000-7fd2e0da3000 ---p 00000000 00:00 0 
7fd2e0da3000-7fd2e1013000 rwxp 00000000 00:00 0 
7fd2e1013000-7fd2e82da000 ---p 00000000 00:00 0 
7fd2e82da000-7fd2e854a000 rwxp 00000000 00:00 0 
7fd2e854a000-7fd2ef812000 ---p 00000000 00:00 0 
7fd2ef812000-7fd2f8000000 r--s 00000000 08:01 4077358                    /home/adam/jdk11u/build/linux-x86_64-normal-server-release/images/jdk/lib/modules
7fd2f8000000-7fd2f81bf000 rw-p 00000000 00:00 0 
7fd2f81bf000-7fd2fc000000 ---p 00000000 00:00 0 
7fd2fc09e000-7fd2fc0a5000 r--s 00000000 08:01 2926395                    /usr/lib/x86_64-linux-gnu/gconv/gconv-modules.cache
7fd2fc0a5000-7fd2fc38c000 r--p 00000000 08:01 2884038                    /usr/lib/locale/locale-archive
7fd2fc38c000-7fd2fc390000 ---p 00000000 00:00 0 
7fd2fc390000-7fd2fc48d000 rw-p 00000000 00:00 0 
7fd2fc48d000-7fd2fc491000 ---p 00000000 00:00 0 
7fd2fc491000-7fd2fc58e000 rw-p 00000000 00:00 0 
7fd2fc58e000-7fd2fc58f000 ---p 00000000 00:00 0 
7fd2fc58f000-7fd2fc771000 rw-p 00000000 00:00 0 
7fd2fc771000-7fd2fc857000 ---p 00000000 00:00 0 
7fd2fc857000-7fd2fc85c000 rw-p 00000000 00:00 0 
7fd2fc85c000-7fd2fc942000 ---p 00000000 00:00 0 
7fd2fc942000-7fd2fc947000 rw-p 00000000 00:00 0 
7fd2fc947000-7fd2fc94e000 ---p 00000000 00:00 0 
7fd2fc94e000-7fd2fc951000 r--p 00000000 08:01 2907361                    /usr/lib/x86_64-linux-gnu/libnss_files-2.31.so
7fd2fc951000-7fd2fc958000 r-xp 00003000 08:01 2907361                    /usr/lib/x86_64-linux-gnu/libnss_files-2.31.so
7fd2fc958000-7fd2fc95a000 r--p 0000a000 08:01 2907361                    /usr/lib/x86_64-linux-gnu/libnss_files-2.31.so
7fd2fc95a000-7fd2fc95b000 r--p 0000b000 08:01 2907361                    /usr/lib/x86_64-linux-gnu/libnss_files-2.31.so
7fd2fc95b000-7fd2fc95c000 rw-p 0000c000 08:01 2907361                    /usr/lib/x86_64-linux-gnu/libnss_files-2.31.so
7fd2fc95c000-7fd2fc962000 rw-p 00000000 00:00 0 
7fd2fc967000-7fd2fc969000 r--p 00000000 08:01 4078124                    /home/adam/jdk11u/build/linux-x86_64-normal-server-release/images/jdk/lib/libzip.so
7fd2fc969000-7fd2fc96d000 r-xp 00002000 08:01 4078124                    /home/adam/jdk11u/build/linux-x86_64-normal-server-release/images/jdk/lib/libzip.so
7fd2fc96d000-7fd2fc96f000 r--p 00006000 08:01 4078124                    /home/adam/jdk11u/build/linux-x86_64-normal-server-release/images/jdk/lib/libzip.so
7fd2fc96f000-7fd2fc970000 r--p 00007000 08:01 4078124                    /home/adam/jdk11u/build/linux-x86_64-normal-server-release/images/jdk/lib/libzip.so
7fd2fc970000-7fd2fc971000 rw-p 00008000 08:01 4078124                    /home/adam/jdk11u/build/linux-x86_64-normal-server-release/images/jdk/lib/libzip.so
7fd2fc971000-7fd2fc979000 rw-s 00000000 08:01 1579978                    /tmp/hsperfdata_root/155432
7fd2fc979000-7fd2fc97d000 r--p 00000000 08:01 4078118                    /home/adam/jdk11u/build/linux-x86_64-normal-server-release/images/jdk/lib/libjimage.so
7fd2fc97d000-7fd2fc990000 r-xp 00004000 08:01 4078118                    /home/adam/jdk11u/build/linux-x86_64-normal-server-release/images/jdk/lib/libjimage.so
7fd2fc990000-7fd2fc996000 r--p 00017000 08:01 4078118                    /home/adam/jdk11u/build/linux-x86_64-normal-server-release/images/jdk/lib/libjimage.so
7fd2fc996000-7fd2fc998000 r--p 0001c000 08:01 4078118                    /home/adam/jdk11u/build/linux-x86_64-normal-server-release/images/jdk/lib/libjimage.so
7fd2fc998000-7fd2fc999000 rw-p 0001e000 08:01 4078118                    /home/adam/jdk11u/build/linux-x86_64-normal-server-release/images/jdk/lib/libjimage.so
7fd2fc999000-7fd2fc9a7000 r--p 00000000 08:01 4078153                    /home/adam/jdk11u/build/linux-x86_64-normal-server-release/images/jdk/lib/libjava.so
7fd2fc9a7000-7fd2fc9bd000 r-xp 0000e000 08:01 4078153                    /home/adam/jdk11u/build/linux-x86_64-normal-server-release/images/jdk/lib/libjava.so
7fd2fc9bd000-7fd2fc9c4000 r--p 00024000 08:01 4078153                    /home/adam/jdk11u/build/linux-x86_64-normal-server-release/images/jdk/lib/libjava.so
7fd2fc9c4000-7fd2fc9c5000 r--p 0002a000 08:01 4078153                    /home/adam/jdk11u/build/linux-x86_64-normal-server-release/images/jdk/lib/libjava.so
7fd2fc9c5000-7fd2fc9c6000 rw-p 0002b000 08:01 4078153                    /home/adam/jdk11u/build/linux-x86_64-normal-server-release/images/jdk/lib/libjava.so
7fd2fc9c6000-7fd2fc9c7000 rw-p 00000000 00:00 0 
7fd2fc9c7000-7fd2fc9cb000 ---p 00000000 00:00 0 
7fd2fc9cb000-7fd2fcac8000 rw-p 00000000 00:00 0 
7fd2fcac8000-7fd2fcad5000 r--p 00000000 08:01 2907355                    /usr/lib/x86_64-linux-gnu/libm-2.31.so
7fd2fcad5000-7fd2fcb6f000 r-xp 0000d000 08:01 2907355                    /usr/lib/x86_64-linux-gnu/libm-2.31.so
7fd2fcb6f000-7fd2fcc0a000 r--p 000a7000 08:01 2907355                    /usr/lib/x86_64-linux-gnu/libm-2.31.so
7fd2fcc0a000-7fd2fcc0b000 r--p 00141000 08:01 2907355                    /usr/lib/x86_64-linux-gnu/libm-2.31.so
7fd2fcc0b000-7fd2fcc0c000 rw-p 00142000 08:01 2907355                    /usr/lib/x86_64-linux-gnu/libm-2.31.so
7fd2fcc0c000-7fd2fcc0e000 r--p 00000000 08:01 2907366                    /usr/lib/x86_64-linux-gnu/librt-2.31.so
7fd2fcc0e000-7fd2fcc12000 r-xp 00002000 08:01 2907366                    /usr/lib/x86_64-linux-gnu/librt-2.31.so
7fd2fcc12000-7fd2fcc14000 r--p 00006000 08:01 2907366                    /usr/lib/x86_64-linux-gnu/librt-2.31.so
7fd2fcc14000-7fd2fcc15000 r--p 00007000 08:01 2907366                    /usr/lib/x86_64-linux-gnu/librt-2.31.so
7fd2fcc15000-7fd2fcc16000 rw-p 00008000 08:01 2907366                    /usr/lib/x86_64-linux-gnu/librt-2.31.so
7fd2fcc16000-7fd2fce92000 r--p 00000000 08:01 4078122                    /home/adam/jdk11u/build/linux-x86_64-normal-server-release/images/jdk/lib/server/libjvm.so
7fd2fce92000-7fd2fda84000 r-xp 0027c000 08:01 4078122                    /home/adam/jdk11u/build/linux-x86_64-normal-server-release/images/jdk/lib/server/libjvm.so
7fd2fda84000-7fd2fdcd9000 r--p 00e6e000 08:01 4078122                    /home/adam/jdk11u/build/linux-x86_64-normal-server-release/images/jdk/lib/server/libjvm.so
7fd2fdcd9000-7fd2fdcda000 ---p 010c3000 08:01 4078122                    /home/adam/jdk11u/build/linux-x86_64-normal-server-release/images/jdk/lib/server/libjvm.so
7fd2fdcda000-7fd2fdd9d000 r--p 010c3000 08:01 4078122                    /home/adam/jdk11u/build/linux-x86_64-normal-server-release/images/jdk/lib/server/libjvm.so
7fd2fdd9d000-7fd2fddd7000 rw-p 01186000 08:01 4078122                    /home/adam/jdk11u/build/linux-x86_64-normal-server-release/images/jdk/lib/server/libjvm.so
7fd2fddd7000-7fd2fde30000 rw-p 00000000 00:00 0 
7fd2fde30000-7fd2fde36000 r--p 00000000 08:01 2907364                    /usr/lib/x86_64-linux-gnu/libpthread-2.31.so
7fd2fde36000-7fd2fde46000 r-xp 00006000 08:01 2907364                    /usr/lib/x86_64-linux-gnu/libpthread-2.31.so
7fd2fde46000-7fd2fde4c000 r--p 00016000 08:01 2907364                    /usr/lib/x86_64-linux-gnu/libpthread-2.31.so
7fd2fde4c000-7fd2fde4d000 r--p 0001b000 08:01 2907364                    /usr/lib/x86_64-linux-gnu/libpthread-2.31.so
7fd2fde4d000-7fd2fde4e000 rw-p 0001c000 08:01 2907364                    /usr/lib/x86_64-linux-gnu/libpthread-2.31.so
7fd2fde4e000-7fd2fde52000 rw-p 00000000 00:00 0 
7fd2fde52000-7fd2fde53000 r--p 00000000 08:01 2907353                    /usr/lib/x86_64-linux-gnu/libdl-2.31.so
7fd2fde53000-7fd2fde55000 r-xp 00001000 08:01 2907353                    /usr/lib/x86_64-linux-gnu/libdl-2.31.so
7fd2fde55000-7fd2fde56000 r--p 00003000 08:01 2907353                    /usr/lib/x86_64-linux-gnu/libdl-2.31.so
7fd2fde56000-7fd2fde57000 r--p 00003000 08:01 2907353                    /usr/lib/x86_64-linux-gnu/libdl-2.31.so
7fd2fde57000-7fd2fde58000 rw-p 00004000 08:01 2907353                    /usr/lib/x86_64-linux-gnu/libdl-2.31.so
7fd2fde58000-7fd2fde5b000 r--p 00000000 08:01 2885790                    /usr/lib/x86_64-linux-gnu/libz.so.1.2.11
7fd2fde5b000-7fd2fde6c000 r-xp 00003000 08:01 2885790                    /usr/lib/x86_64-linux-gnu/libz.so.1.2.11
7fd2fde6c000-7fd2fde72000 r--p 00014000 08:01 2885790                    /usr/lib/x86_64-linux-gnu/libz.so.1.2.11
7fd2fde72000-7fd2fde73000 ---p 0001a000 08:01 2885790                    /usr/lib/x86_64-linux-gnu/libz.so.1.2.11
7fd2fde73000-7fd2fde74000 r--p 0001a000 08:01 2885790                    /usr/lib/x86_64-linux-gnu/libz.so.1.2.11
7fd2fde74000-7fd2fde75000 rw-p 0001b000 08:01 2885790                    /usr/lib/x86_64-linux-gnu/libz.so.1.2.11
7fd2fde75000-7fd2fde97000 r--p 00000000 08:01 2907352                    /usr/lib/x86_64-linux-gnu/libc-2.31.so
7fd2fde97000-7fd2fdff1000 r-xp 00022000 08:01 2907352                    /usr/lib/x86_64-linux-gnu/libc-2.31.so
7fd2fdff1000-7fd2fe040000 r--p 0017c000 08:01 2907352                    /usr/lib/x86_64-linux-gnu/libc-2.31.so
7fd2fe040000-7fd2fe044000 r--p 001ca000 08:01 2907352                    /usr/lib/x86_64-linux-gnu/libc-2.31.so
7fd2fe044000-7fd2fe046000 rw-p 001ce000 08:01 2907352                    /usr/lib/x86_64-linux-gnu/libc-2.31.so
7fd2fe046000-7fd2fe04a000 rw-p 00000000 00:00 0 
7fd2fe04d000-7fd2fe04e000 ---p 00000000 00:00 0 
7fd2fe04e000-7fd2fe04f000 r--p 00000000 00:00 0 
7fd2fe04f000-7fd2fe054000 r--p 00000000 08:01 4078125                    /home/adam/jdk11u/build/linux-x86_64-normal-server-release/images/jdk/lib/libverify.so
7fd2fe054000-7fd2fe05b000 r-xp 00005000 08:01 4078125                    /home/adam/jdk11u/build/linux-x86_64-normal-server-release/images/jdk/lib/libverify.so
7fd2fe05b000-7fd2fe05d000 r--p 0000c000 08:01 4078125                    /home/adam/jdk11u/build/linux-x86_64-normal-server-release/images/jdk/lib/libverify.so
7fd2fe05d000-7fd2fe05e000 ---p 0000e000 08:01 4078125                    /home/adam/jdk11u/build/linux-x86_64-normal-server-release/images/jdk/lib/libverify.so
7fd2fe05e000-7fd2fe060000 r--p 0000e000 08:01 4078125                    /home/adam/jdk11u/build/linux-x86_64-normal-server-release/images/jdk/lib/libverify.so
7fd2fe060000-7fd2fe061000 rw-p 00010000 08:01 4078125                    /home/adam/jdk11u/build/linux-x86_64-normal-server-release/images/jdk/lib/libverify.so
7fd2fe061000-7fd2fe064000 r--p 00000000 08:01 4078145                    /home/adam/jdk11u/build/linux-x86_64-normal-server-release/images/jdk/lib/jli/libjli.so
7fd2fe064000-7fd2fe06e000 r-xp 00003000 08:01 4078145                    /home/adam/jdk11u/build/linux-x86_64-normal-server-release/images/jdk/lib/jli/libjli.so
7fd2fe06e000-7fd2fe071000 r--p 0000d000 08:01 4078145                    /home/adam/jdk11u/build/linux-x86_64-normal-server-release/images/jdk/lib/jli/libjli.so
7fd2fe071000-7fd2fe072000 ---p 00010000 08:01 4078145                    /home/adam/jdk11u/build/linux-x86_64-normal-server-release/images/jdk/lib/jli/libjli.so
7fd2fe072000-7fd2fe073000 r--p 00010000 08:01 4078145                    /home/adam/jdk11u/build/linux-x86_64-normal-server-release/images/jdk/lib/jli/libjli.so
7fd2fe073000-7fd2fe074000 rw-p 00011000 08:01 4078145                    /home/adam/jdk11u/build/linux-x86_64-normal-server-release/images/jdk/lib/jli/libjli.so
7fd2fe074000-7fd2fe076000 rw-p 00000000 00:00 0 
7fd2fe076000-7fd2fe077000 r--p 00000000 08:01 2907322                    /usr/lib/x86_64-linux-gnu/ld-2.31.so
7fd2fe077000-7fd2fe097000 r-xp 00001000 08:01 2907322                    /usr/lib/x86_64-linux-gnu/ld-2.31.so
7fd2fe097000-7fd2fe09f000 r--p 00021000 08:01 2907322                    /usr/lib/x86_64-linux-gnu/ld-2.31.so
7fd2fe0a0000-7fd2fe0a1000 r--p 00029000 08:01 2907322                    /usr/lib/x86_64-linux-gnu/ld-2.31.so
7fd2fe0a1000-7fd2fe0a2000 rw-p 0002a000 08:01 2907322                    /usr/lib/x86_64-linux-gnu/ld-2.31.so
7fd2fe0a2000-7fd2fe0a3000 rw-p 00000000 00:00 0 
7fff15eed000-7fff15f0e000 rw-p 00000000 00:00 0                          [stack]
7fff15f69000-7fff15f6d000 r--p 00000000 00:00 0                          [vvar]
7fff15f6d000-7fff15f6f000 r-xp 00000000 00:00 0                          [vdso]


VM Arguments:
jvm_args: -XX:AllocateHeapAt=/dev/fakeblk -Xlog:gc=debug -XX:-OptimizeStringConcat -XX:+UnlockExperimentalVMOptions -XX:+UseEpsilonGC -Xnoclassgc -XX:-ClassUnloading -XX:MetaspaceSize=1G -Xms8g -Xmx8g 
java_command: ../dacapo-9.12-MR1-bach.jar h2
java_class_path (initial): ../dacapo-9.12-MR1-bach.jar
Launcher Type: SUN_STANDARD

[Global flags]
    ccstr AllocateHeapAt                           = /dev/fakeblk                              {product} {command line}
     intx CICompilerCount                          = 4                                         {product} {ergonomic}
     bool ClassUnloading                           = false                                     {product} {command line}
     bool ClassUnloadingWithConcurrentMark         = false                                     {product} {command line}
   size_t InitialHeapSize                          = 8589934592                                {product} {command line}
   size_t MaxHeapSize                              = 8589934592                                {product} {command line}
   size_t MetaspaceSize                            = 1073741824                             {pd product} {command line}
   size_t MinHeapDeltaBytes                        = 172032                                    {product} {ergonomic}
    uintx NonNMethodCodeHeapSize                   = 5836300                                {pd product} {ergonomic}
    uintx NonProfiledCodeHeapSize                  = 122910970                              {pd product} {ergonomic}
     bool OptimizeStringConcat                     = false                                  {C2 product} {command line}
    uintx ProfiledCodeHeapSize                     = 122910970                              {pd product} {ergonomic}
    uintx ReservedCodeCacheSize                    = 251658240                              {pd product} {ergonomic}
     bool SegmentedCodeCache                       = true                                      {product} {ergonomic}
     bool UnlockExperimentalVMOptions              = true                                 {experimental} {command line}
     bool UseCompressedClassPointers               = true                                 {lp64_product} {ergonomic}
     bool UseCompressedOops                        = true                                 {lp64_product} {ergonomic}
     bool UseEpsilonGC                             = true                                 {experimental} {command line}

Logging:
Log output configuration:
 #0: stdout all=warning,gc=debug uptime,level,tags
 #1: stderr all=off uptime,level,tags

Environment Variables:
PATH=/usr/local/sbin:/usr/local/bin:/usr/sbin:/usr/bin:/sbin:/bin
SHELL=/bin/bash
LANG=fr_FR.UTF-8

Signal Handlers:
SIGSEGV: [libjvm.so+0xde3430], sa_mask[0]=11111111011111111101111111111110, sa_flags=SA_RESTART|SA_SIGINFO
SIGBUS: [libjvm.so+0xde3430], sa_mask[0]=11111111011111111101111111111110, sa_flags=SA_RESTART|SA_SIGINFO
SIGFPE: [libjvm.so+0xde3430], sa_mask[0]=11111111011111111101111111111110, sa_flags=SA_RESTART|SA_SIGINFO
SIGPIPE: [libjvm.so+0xbdd9d0], sa_mask[0]=11111111011111111101111111111110, sa_flags=SA_RESTART|SA_SIGINFO
SIGXFSZ: [libjvm.so+0xbdd9d0], sa_mask[0]=11111111011111111101111111111110, sa_flags=SA_RESTART|SA_SIGINFO
SIGILL: [libjvm.so+0xde3430], sa_mask[0]=11111111011111111101111111111110, sa_flags=SA_RESTART|SA_SIGINFO
SIGUSR2: [libjvm.so+0x2d0330], sa_mask[0]=00000000000100000000000000000000, sa_flags=SA_RESTART
SIGHUP: [libjvm.so+0xbde100], sa_mask[0]=11111111011111111101111111111110, sa_flags=SA_RESTART|SA_SIGINFO
SIGINT: [libjvm.so+0xbde100], sa_mask[0]=11111111011111111101111111111110, sa_flags=SA_RESTART|SA_SIGINFO
SIGTERM: [libjvm.so+0xbde100], sa_mask[0]=11111111011111111101111111111110, sa_flags=SA_RESTART|SA_SIGINFO
SIGQUIT: [libjvm.so+0xbde100], sa_mask[0]=11111111011111111101111111111110, sa_flags=SA_RESTART|SA_SIGINFO


---------------  S Y S T E M  ---------------

OS:PRETTY_NAME="Debian GNU/Linux 11 (bullseye)"
NAME="Debian GNU/Linux"
VERSION_ID="11"
VERSION="11 (bullseye)"
VERSION_CODENAME=bullseye
ID=debian
HOME_URL="https://www.debian.org/"
SUPPORT_URL="https://www.debian.org/support"
BUG_REPORT_URL="https://bugs.debian.org/"
uname:Linux 5.10.0-11-amd64 #1 SMP Debian 5.10.92-2 (2022-02-28) x86_64
OS uptime: 8 days 22:11 hours
libc:glibc 2.31 NPTL 2.31 
rlimit (soft/hard): STACK 8192k/infinity , CORE 0k/infinity , NPROC 201035/201035 , NOFILE 1048576/1048576 , AS infinity/infinity , CPU infinity/infinity , DATA infinity/infinity , FSIZE infinity/infinity , MEMLOCK 6438875k/6438875k
load average:1,25 0,62 0,41

/proc/meminfo:
MemTotal:       51511000 kB
MemFree:        16723560 kB
MemAvailable:   22913644 kB
Buffers:          239116 kB
Cached:         28460732 kB
SwapCached:            0 kB
Active:         26329800 kB
Inactive:        3866420 kB
Active(anon):   21722096 kB
Inactive(anon):  2020900 kB
Active(file):    4607704 kB
Inactive(file):  1845520 kB
Unevictable:           0 kB
Mlocked:               0 kB
SwapTotal:             0 kB
SwapFree:              0 kB
Dirty:              1316 kB
Writeback:             0 kB
AnonPages:       1496452 kB
Mapped:         22290200 kB
Shmem:          22246580 kB
KReclaimable:     374704 kB
Slab:             439580 kB
SReclaimable:     374704 kB
SUnreclaim:        64876 kB
KernelStack:        3840 kB
PageTables:        54504 kB
NFS_Unstable:          0 kB
Bounce:                0 kB
WritebackTmp:          0 kB
CommitLimit:    25755500 kB
Committed_AS:   24416784 kB
VmallocTotal:   34359738367 kB
VmallocUsed:     2096928 kB
VmallocChunk:          0 kB
Percpu:             6624 kB
HardwareCorrupted:     0 kB
AnonHugePages:   1357824 kB
ShmemHugePages:        0 kB
ShmemPmdMapped:        0 kB
FileHugePages:         0 kB
FilePmdMapped:         0 kB
HugePages_Total:       0
HugePages_Free:        0
HugePages_Rsvd:        0
HugePages_Surp:        0
Hugepagesize:       2048 kB
Hugetlb:               0 kB
DirectMap4k:      741224 kB
DirectMap2M:    35958784 kB
DirectMap1G:    17825792 kB

/sys/kernel/mm/transparent_hugepage/enabled:
[always] madvise never
/sys/kernel/mm/transparent_hugepage/defrag (defrag/compaction efforts parameter):
always defer defer+madvise [madvise] never

Process Memory:
Virtual Size: 11510636K (peak: 11510636K)
Resident Set Size: 32496K (peak: 32496K) (anon: 13388K, file: 18732K, shmem: 376K)
Swapped out: 0K
C-Heap outstanding allocations: 7368K, retained: 843K
glibc malloc tunables: (default)

/proc/sys/kernel/threads-max (system-wide limit on the number of threads):
402070
/proc/sys/vm/max_map_count (maximum number of memory map areas a process may have):
65530
/proc/sys/kernel/pid_max (system-wide limit on number of process identifiers):
4194304

container (cgroup) information:
container_type: cgroupv2
cpu_cpuset_cpus: not supported
cpu_memory_nodes: not supported
active_processor_count: 8
cpu_quota: not supported
cpu_period: not supported
cpu_shares: not supported
memory_limit_in_bytes: 1610612736
memory_and_swap_limit_in_bytes: unlimited
memory_soft_limit_in_bytes: unlimited
memory_usage_in_bytes: 23904256
memory_max_usage_in_bytes: not supported

KVM virtualization detected
Steal ticks since vm start: 0
Steal ticks percentage since vm start:  0,000

CPU:total 8 (initial active 8) (4 cores per cpu, 1 threads per core) family 6 model 85 stepping 7 microcode 0x5003102, cmov, cx8, fxsr, mmx, sse, sse2, sse3, ssse3, sse4.1, sse4.2, popcnt, avx, avx2, aes, clmul, erms, 3dnowpref, lzcnt, tsc, bmi1, bmi2, adx, evex, fma
CPU Model and flags from /proc/cpuinfo:
model name	: Intel(R) Xeon(R) Silver 4208 CPU @ 2.10GHz
flags		: fpu vme de pse tsc msr pae mce cx8 apic sep mtrr pge mca cmov pat pse36 clflush mmx fxsr sse sse2 ss ht syscall nx pdpe1gb rdtscp lm constant_tsc arch_perfmon rep_good nopl xtopology cpuid tsc_known_freq pni pclmulqdq vmx ssse3 fma cx16 pdcm pcid sse4_1 sse4_2 x2apic movbe popcnt tsc_deadline_timer aes xsave avx f16c rdrand hypervisor lahf_lm abm 3dnowprefetch cpuid_fault invpcid_single ssbd ibrs ibpb stibp ibrs_enhanced tpr_shadow vnmi flexpriority ept vpid ept_ad fsgsbase tsc_adjust bmi1 avx2 smep bmi2 erms invpcid mpx avx512f avx512dq rdseed adx smap clflushopt clwb avx512cd avx512bw avx512vl xsaveopt xsavec xgetbv1 xsaves arat umip pku ospke avx512_vnni md_clear arch_capabilities
Online cpus:
0-7
Offline cpus:

BIOS frequency limitation:
<Not Available>
Frequency switch latency (ns):
<Not Available>
Available cpu frequencies:
<Not Available>
Current governor:
<Not Available>
Core performance/turbo boost:
<Not Available>

Memory: 4k page, physical 1572864k(1549520k free), swap 0k(0k free)

vm_info: OpenJDK 64-Bit Server VM (11.0.16-internal+0-adhoc.adam.jdk11u) for linux-amd64 JRE (11.0.16-internal+0-adhoc.adam.jdk11u), built on Oct 20 2023 14:25:21 by "adam" with gcc 10.2.1 20210110

END.
