#
# A fatal error has been detected by the Java Runtime Environment:
#
#  SIGSEGV (0xb) at pc=0x00007f72b6d88f10, pid=10270, tid=10351
#
# JRE version: OpenJDK Runtime Environment (11.0.16) (build 11.0.16-internal+0-adhoc.adam.jdk11u)
# Java VM: OpenJDK 64-Bit Server VM (11.0.16-internal+0-adhoc.adam.jdk11u, mixed mode, tiered, compressed oops, epsilon gc, linux-amd64)
# Problematic frame:
# V  [libjvm.so+0x2cff10]  RemoteSpace::par_allocate_klass(unsigned long, Klass*)+0xb0
#
# No core dump will be written. Core dumps have been disabled. To enable core dumping, try "ulimit -c unlimited" before starting Java again
#
# If you would like to submit a bug report, please visit:
#   https://bugreport.java.com/bugreport/crash.jsp
#

---------------  S U M M A R Y ------------

Command Line: -XX:AllocateHeapAt=/dev/fakeblk -Xlog:gc=debug -XX:+UnlockExperimentalVMOptions -XX:-UseTLAB -XX:+UseEpsilonGC -Xnoclassgc -Xmx8g org.apache.spark.deploy.SparkSubmit --master local[*] --class WordCount /home/adam/Spark_benchmark/spark_run/run.jar

Host: Intel(R) Xeon(R) Silver 4208 CPU @ 2.10GHz, 8 cores, 1G, Debian GNU/Linux 11 (bullseye)
Time: Fri May 12 16:03:02 2023 CEST elapsed time: 19019.322366 seconds (0d 5h 16m 59s)

---------------  T H R E A D  ---------------

Current thread (0x00007f724c057000):  JavaThread "Executor task launch worker for task 7.0 in stage 0.0 (TID 7)" daemon [_thread_in_vm, id=10351, stack(0x00007f71bdfd0000,0x00007f71be0d1000)]

Stack: [0x00007f71bdfd0000,0x00007f71be0d1000],  sp=0x00007f71be0ceda0,  free space=1019k
Native frames: (J=compiled Java code, A=aot compiled Java code, j=interpreted, Vv=VM code, C=native code)
V  [libjvm.so+0x2cff10]  RemoteSpace::par_allocate_klass(unsigned long, Klass*)+0xb0
V  [libjvm.so+0x727747]  EpsilonHeap::allocate_work_klass_impl(unsigned long, Klass*)+0x87
V  [libjvm.so+0x727a14]  EpsilonHeap::mem_allocate_klass(unsigned long, bool*, Klass*)+0x24
V  [libjvm.so+0xb42957]  MemAllocator::allocate() const+0x117
V  [libjvm.so+0x604bad]  CollectedHeap::obj_allocate(Klass*, int, Thread*)+0x3d
V  [libjvm.so+0x8572f4]  InstanceKlass::allocate_instance(Thread*)+0x34
V  [libjvm.so+0xc94cf4]  OptoRuntime::new_instance_C(Klass*, JavaThread*)+0x1e4

Java frames: (J=compiled Java code, j=interpreted, Vv=VM code)
v  ~RuntimeStub::_new_instance_Java
J 6026% c2 org.apache.spark.util.collection.ExternalSorter.insertAll(Lscala/collection/Iterator;)V (210 bytes) @ 0x00007f72a063f050 [0x00007f72a063eb80+0x00000000000004d0]
j  org.apache.spark.shuffle.sort.SortShuffleWriter.write(Lscala/collection/Iterator;)V+106
j  org.apache.spark.shuffle.ShuffleWriteProcessor.write(Lorg/apache/spark/rdd/RDD;Lorg/apache/spark/ShuffleDependency;JLorg/apache/spark/TaskContext;Lorg/apache/spark/Partition;)Lorg/apache/spark/scheduler/MapStatus;+46
j  org.apache.spark.scheduler.ShuffleMapTask.runTask(Lorg/apache/spark/TaskContext;)Lorg/apache/spark/scheduler/MapStatus;+189
j  org.apache.spark.scheduler.ShuffleMapTask.runTask(Lorg/apache/spark/TaskContext;)Ljava/lang/Object;+2
j  org.apache.spark.TaskContext.runTaskWithListeners(Lorg/apache/spark/scheduler/Task;)Ljava/lang/Object;+2
j  org.apache.spark.scheduler.Task.run(JILorg/apache/spark/metrics/MetricsSystem;ILscala/collection/immutable/Map;Lscala/Option;)Ljava/lang/Object;+254
j  org.apache.spark.executor.Executor$TaskRunner.$anonfun$run$3(Lorg/apache/spark/executor/Executor$TaskRunner;Lscala/runtime/BooleanRef;)Ljava/lang/Object;+43
j  org.apache.spark.executor.Executor$TaskRunner$$Lambda$1464.apply()Ljava/lang/Object;+8
j  org.apache.spark.util.Utils$.tryWithSafeFinally(Lscala/Function0;Lscala/Function0;)Ljava/lang/Object;+4
j  org.apache.spark.executor.Executor$TaskRunner.run()V+457
j  java.util.concurrent.ThreadPoolExecutor.runWorker(Ljava/util/concurrent/ThreadPoolExecutor$Worker;)V+92 java.base@11.0.16-internal
j  java.util.concurrent.ThreadPoolExecutor$Worker.run()V+5 java.base@11.0.16-internal
j  java.lang.Thread.run()V+11 java.base@11.0.16-internal
v  ~StubRoutines::call_stub

siginfo: si_signo: 11 (SIGSEGV), si_code: 2 (SEGV_ACCERR), si_addr: 0x00007f72b7ce0bf4

Register to memory mapping:

RAX=0x00007f72b7ce0c00: __pthread_key_create+0x0000000000000000 in /lib/x86_64-linux-gnu/libpthread.so.0 at 0x00007f72b7cd1000
RBX=0x0000000800072900 is a pointer to class: 
scala.Tuple2 {0x0000000800072900}
RCX=0x00007f72b7e0286f: __write+0x000000000000004f in /lib/x86_64-linux-gnu/libc.so.6 at 0x00007f72b7d16000
RDX=0x0000000800072900 is a pointer to class: 
scala.Tuple2 {0x0000000800072900}
RSP=0x00007f71be0ceda0 is pointing into the stack for thread: 0x00007f724c057000
RBP=0x00007f71be0cee30 is pointing into the stack for thread: 0x00007f724c057000
RSI=0x0 is NULL
RDI=0x00007f72b7c77320: <offset 0x00000000011be320> in /home/adam/jdk11u/build/linux-x86_64-normal-server-release/images/jdk/lib/server/libjvm.so at 0x00007f72b6ab9000
R8 =0x0 is NULL
R9 =0x00007f724c054470 points into unknown readable memory: 0x0000000200000004 | 04 00 00 00 02 00 00 00
R10=0x00007f72b774db10: <offset 0x0000000000c94b10> in /home/adam/jdk11u/build/linux-x86_64-normal-server-release/images/jdk/lib/server/libjvm.so at 0x00007f72b6ab9000
R11=0x0 is NULL
R12=0x0000000000000003 is an unknown value
R13=0x00007f72b003e420 points into unknown readable memory: 0x00007f72b7b93450 | 50 34 b9 b7 72 7f 00 00
R14=0x00007f72b7ce0c00: __pthread_key_create+0x0000000000000000 in /lib/x86_64-linux-gnu/libpthread.so.0 at 0x00007f72b7cd1000
R15=0x000000000000000c is an unknown value


Registers:
RAX=0x00007f72b7ce0c00, RBX=0x0000000800072900, RCX=0x00007f72b7e0286f, RDX=0x0000000800072900
RSP=0x00007f71be0ceda0, RBP=0x00007f71be0cee30, RSI=0x0000000000000000, RDI=0x00007f72b7c77320
R8 =0x0000000000000000, R9 =0x00007f724c054470, R10=0x00007f72b774db10, R11=0x0000000000000000
R12=0x0000000000000003, R13=0x00007f72b003e420, R14=0x00007f72b7ce0c00, R15=0x000000000000000c
RIP=0x00007f72b6d88f10, EFLAGS=0x0000000000010206, CSGSFS=0x002b000000000033, ERR=0x0000000000000007
  TRAPNO=0x000000000000000e

Top of Stack: (sp=0x00007f71be0ceda0)
0x00007f71be0ceda0:   00007f72b7ce0c00 00007f72b6d89162
0x00007f71be0cedb0:   0000000042589a6b 0000000000000003
0x00007f71be0cedc0:   0000000800072900 000000065c49d7d0
0x00007f71be0cedd0:   00007f7100000001 000000000000000c 

Instructions: (pc=0x00007f72b6d88f10)
0x00007f72b6d88e10:   89 75 c0 19 d2 c6 45 b0 69 83 e2 04 83 c2 0c 80
0x00007f72b6d88e20:   38 01 19 c0 66 0f 6e ca ba 28 00 00 00 83 e0 08
0x00007f72b6d88e30:   83 c0 10 66 0f 6e c0 31 c0 44 88 e0 66 0f 62 c1
0x00007f72b6d88e40:   88 dc 66 0f d6 45 c8 66 89 45 d0 e8 a0 cf fa ff
0x00007f72b6d88e50:   48 83 c4 30 5b 41 5c 41 5d 41 5e 5d c3 90 66 90
0x00007f72b6d88e60:   55 48 89 e5 41 57 41 56 41 55 49 89 fd 41 54 49
0x00007f72b6d88e70:   89 f4 53 48 89 d3 48 83 ec 68 4c 8b 35 ef 50 eb
0x00007f72b6d88e80:   00 c6 45 80 6b 48 89 75 88 48 89 55 90 4d 85 f6
0x00007f72b6d88e90:   74 14 48 8d 3d 87 e4 ee 00 e8 72 c4 fa ff 85 c0
0x00007f72b6d88ea0:   0f 85 46 02 00 00 8b 3d 5c 51 eb 00 48 8d 75 80
0x00007f72b6d88eb0:   ba 18 00 00 00 e8 36 cf fa ff 8b 3d 48 51 eb 00
0x00007f72b6d88ec0:   ba 10 00 00 00 48 8d b5 70 ff ff ff e8 6f ca fa
0x00007f72b6d88ed0:   ff 48 83 bd 78 ff ff ff 00 75 55 8b 43 08 85 c0
0x00007f72b6d88ee0:   7e 0d f6 83 3a 01 00 00 03 0f 85 c1 00 00 00 4d
0x00007f72b6d88ef0:   85 f6 74 0c 48 8d 3d 25 e4 ee 00 e8 c0 c3 fa ff
0x00007f72b6d88f00:   48 8b 85 70 ff ff ff 48 85 c0 74 13 48 8b 55 90
0x00007f72b6d88f10:   44 89 60 f4 c7 40 f0 ef be ad de 48 89 50 f8 48
0x00007f72b6d88f20:   83 c4 68 5b 41 5c 41 5d 41 5e 41 5f 5d c3 66 90
0x00007f72b6d88f30:   8b 43 08 48 89 df 48 c7 45 b8 00 00 00 00 c7 45
0x00007f72b6d88f40:   c0 63 00 00 00 c7 45 b0 00 00 00 00 89 45 c4 e8
0x00007f72b6d88f50:   3c ed 75 00 48 89 c7 e8 54 c5 fa ff 48 89 45 a8
0x00007f72b6d88f60:   8b 43 08 85 c0 7f 79 3d 00 00 00 c0 0f 8c fd 00
0x00007f72b6d88f70:   00 00 3d ff ff ff bf 0f 87 26 01 00 00 48 89 df
0x00007f72b6d88f80:   e8 0b ed 75 00 48 89 c7 e8 23 c5 fa ff 48 89 df
0x00007f72b6d88f90:   49 89 c7 e8 f8 ec 75 00 8b 3d 6a 50 eb 00 4c 89
0x00007f72b6d88fa0:   fa 48 89 c6 e8 47 ce fa ff e9 2d ff ff ff 66 90
0x00007f72b6d88fb0:   bf 10 00 00 00 48 8b 9d 70 ff ff ff e8 0f cc fa
0x00007f72b6d88fc0:   ff 49 8b 95 b0 00 00 00 48 89 18 48 89 50 08 49
0x00007f72b6d88fd0:   89 85 b0 00 00 00 e9 14 ff ff ff 0f 1f 44 00 00
0x00007f72b6d88fe0:   8b 83 30 01 00 00 48 89 df 89 45 b0 e8 9f ee 75
0x00007f72b6d88ff0:   00 48 63 93 c4 00 00 00 49 89 c0 48 63 83 34 01
0x00007f72b6d89000:   00 00 48 01 d0 4d 8d 3c c0 0f b7 83 3a 01 00 00 


Stack slot to memory mapping:
stack at sp + 0 slots: 0x00007f72b7ce0c00: __pthread_key_create+0x0000000000000000 in /lib/x86_64-linux-gnu/libpthread.so.0 at 0x00007f72b7cd1000
stack at sp + 1 slots: 0x00007f72b6d89162: <offset 0x00000000002d0162> in /home/adam/jdk11u/build/linux-x86_64-normal-server-release/images/jdk/lib/server/libjvm.so at 0x00007f72b6ab9000
stack at sp + 2 slots: 0x0000000042589a6b is an unknown value
stack at sp + 3 slots: 0x0000000000000003 is an unknown value
stack at sp + 4 slots: 0x0000000800072900 is a pointer to class: 
scala.Tuple2 {0x0000000800072900}
stack at sp + 5 slots: 0x000000065c49d7d0 is an unallocated location in the heap
stack at sp + 6 slots: 0x00007f7100000001 is an unknown value
stack at sp + 7 slots: 0x000000000000000c is an unknown value


---------------  P R O C E S S  ---------------

Threads class SMR info:
_java_thread_list=0x00007f724c058ee0, length=63, elements={
0x00007f72b002b800, 0x00007f72b00a1800, 0x00007f72b00a6000, 0x00007f72b00bb800,
0x00007f72b00bd800, 0x00007f72b00bf800, 0x00007f72b00c1800, 0x00007f72b00c3800,
0x00007f72b013d000, 0x00007f72b1179000, 0x00007f72b117c000, 0x00007f72b117d800,
0x00007f72b117f800, 0x00007f72b1181000, 0x00007f72b1182800, 0x00007f72b1184800,
0x00007f72b1186000, 0x00007f72b1188000, 0x00007f72b11ca800, 0x00007f72b11d9000,
0x00007f72b11db000, 0x00007f72b11df800, 0x00007f72b11e0800, 0x00007f72b11e2800,
0x00007f72b11e4000, 0x00007f72b157b800, 0x00007f72b160e000, 0x00007f72b08a3000,
0x00007f72b089f000, 0x00007f72b0950000, 0x00007f72b0951000, 0x00007f72b0953000,
0x00007f72b0954800, 0x00007f72b0956800, 0x00007f72b0916800, 0x00007f72b0918800,
0x00007f72b091a800, 0x00007f72b10a6000, 0x00007f71f0002000, 0x00007f72b1102800,
0x00007f72b1104800, 0x00007f71f4009800, 0x00007f72b0946800, 0x00007f72b108f800,
0x00007f72b1083000, 0x00007f72b24a8000, 0x00007f72b24d4800, 0x00007f7264005000,
0x00007f72b24e6000, 0x00007f72b124c800, 0x00007f72b124e000, 0x00007f72b1256000,
0x00007f72b1258800, 0x00007f71b8024000, 0x00007f72b2324000, 0x00007f724c04b000,
0x00007f724c04c000, 0x00007f724c04d800, 0x00007f724c04f800, 0x00007f724c051800,
0x00007f724c053000, 0x00007f724c055000, 0x00007f724c057000
}

Java Threads: ( => current thread )
  0x00007f72b002b800 JavaThread "main" [_thread_blocked, id=10271, stack(0x00007f72b6874000,0x00007f72b6975000)]
  0x00007f72b00a1800 JavaThread "Reference Handler" daemon [_thread_blocked, id=10273, stack(0x00007f72b5ac6000,0x00007f72b5bc7000)]
  0x00007f72b00a6000 JavaThread "Finalizer" daemon [_thread_blocked, id=10274, stack(0x00007f72b59c5000,0x00007f72b5ac6000)]
  0x00007f72b00bb800 JavaThread "Signal Dispatcher" daemon [_thread_blocked, id=10275, stack(0x00007f72b55dd000,0x00007f72b56de000)]
  0x00007f72b00bd800 JavaThread "Service Thread" daemon [_thread_blocked, id=10276, stack(0x00007f72b54dc000,0x00007f72b55dd000)]
  0x00007f72b00bf800 JavaThread "C2 CompilerThread0" daemon [_thread_blocked, id=10277, stack(0x00007f72b53db000,0x00007f72b54dc000)]
  0x00007f72b00c1800 JavaThread "C1 CompilerThread0" daemon [_thread_blocked, id=10278, stack(0x00007f72b52da000,0x00007f72b53db000)]
  0x00007f72b00c3800 JavaThread "Sweeper thread" daemon [_thread_blocked, id=10279, stack(0x00007f72b51d9000,0x00007f72b52da000)]
  0x00007f72b013d000 JavaThread "Common-Cleaner" daemon [_thread_blocked, id=10281, stack(0x00007f72b4fd6000,0x00007f72b50d7000)]
  0x00007f72b1179000 JavaThread "rpc-boss-3-1" daemon [_thread_in_native, id=10290, stack(0x00007f72b4007000,0x00007f72b4108000)]
  0x00007f72b117c000 JavaThread "dispatcher-event-loop-0" daemon [_thread_blocked, id=10291, stack(0x00007f726baff000,0x00007f726bc00000)]
  0x00007f72b117d800 JavaThread "dispatcher-event-loop-1" daemon [_thread_blocked, id=10292, stack(0x00007f726b9fe000,0x00007f726baff000)]
  0x00007f72b117f800 JavaThread "dispatcher-event-loop-2" daemon [_thread_blocked, id=10293, stack(0x00007f726b8fd000,0x00007f726b9fe000)]
  0x00007f72b1181000 JavaThread "dispatcher-event-loop-3" daemon [_thread_blocked, id=10294, stack(0x00007f726b7fc000,0x00007f726b8fd000)]
  0x00007f72b1182800 JavaThread "dispatcher-event-loop-4" daemon [_thread_blocked, id=10295, stack(0x00007f726b6fb000,0x00007f726b7fc000)]
  0x00007f72b1184800 JavaThread "dispatcher-event-loop-5" daemon [_thread_blocked, id=10296, stack(0x00007f726b5fa000,0x00007f726b6fb000)]
  0x00007f72b1186000 JavaThread "dispatcher-event-loop-6" daemon [_thread_blocked, id=10297, stack(0x00007f726b4f9000,0x00007f726b5fa000)]
  0x00007f72b1188000 JavaThread "dispatcher-event-loop-7" daemon [_thread_blocked, id=10298, stack(0x00007f726b3f8000,0x00007f726b4f9000)]
  0x00007f72b11ca800 JavaThread "map-output-dispatcher-0" daemon [_thread_blocked, id=10299, stack(0x00007f726b2f7000,0x00007f726b3f8000)]
  0x00007f72b11d9000 JavaThread "map-output-dispatcher-1" daemon [_thread_blocked, id=10300, stack(0x00007f726b1f6000,0x00007f726b2f7000)]
  0x00007f72b11db000 JavaThread "map-output-dispatcher-2" daemon [_thread_blocked, id=10301, stack(0x00007f726b0f5000,0x00007f726b1f6000)]
  0x00007f72b11df800 JavaThread "map-output-dispatcher-3" daemon [_thread_blocked, id=10302, stack(0x00007f726aff4000,0x00007f726b0f5000)]
  0x00007f72b11e0800 JavaThread "map-output-dispatcher-4" daemon [_thread_blocked, id=10303, stack(0x00007f726aef3000,0x00007f726aff4000)]
  0x00007f72b11e2800 JavaThread "map-output-dispatcher-5" daemon [_thread_blocked, id=10304, stack(0x00007f726adf2000,0x00007f726aef3000)]
  0x00007f72b11e4000 JavaThread "map-output-dispatcher-6" daemon [_thread_blocked, id=10305, stack(0x00007f726acf1000,0x00007f726adf2000)]
  0x00007f72b157b800 JavaThread "map-output-dispatcher-7" daemon [_thread_blocked, id=10306, stack(0x00007f726abf0000,0x00007f726acf1000)]
  0x00007f72b160e000 JavaThread "dispatcher-BlockManagerMaster" daemon [_thread_blocked, id=10307, stack(0x00007f726aaef000,0x00007f726abf0000)]
  0x00007f72b08a3000 JavaThread "dispatcher-BlockManagerEndpoint1" daemon [_thread_blocked, id=10308, stack(0x00007f726a7ee000,0x00007f726a8ef000)]
  0x00007f72b089f000 JavaThread "RemoteBlock-temp-file-clean-thread" daemon [_thread_in_vm_trans, id=10309, stack(0x00007f726a6ed000,0x00007f726a7ee000)]
  0x00007f72b0950000 JavaThread "SparkUI-37" daemon [_thread_in_native, id=10310, stack(0x00007f726a3ec000,0x00007f726a4ed000)]
  0x00007f72b0951000 JavaThread "SparkUI-38" daemon [_thread_in_native, id=10311, stack(0x00007f726a2eb000,0x00007f726a3ec000)]
  0x00007f72b0953000 JavaThread "SparkUI-39" daemon [_thread_in_native, id=10312, stack(0x00007f726a1ea000,0x00007f726a2eb000)]
  0x00007f72b0954800 JavaThread "SparkUI-40" daemon [_thread_in_native, id=10313, stack(0x00007f726a0e9000,0x00007f726a1ea000)]
  0x00007f72b0956800 JavaThread "SparkUI-41-acceptor-0@1d576245-ServerConnector@13908f9f{HTTP/1.1, (http/1.1)}{0.0.0.0:4040}" daemon [_thread_in_native, id=10314, stack(0x00007f7269fe8000,0x00007f726a0e9000)]
  0x00007f72b0916800 JavaThread "SparkUI-42" daemon [_thread_blocked, id=10315, stack(0x00007f7269ee7000,0x00007f7269fe8000)]
  0x00007f72b0918800 JavaThread "SparkUI-43" daemon [_thread_blocked, id=10316, stack(0x00007f7269de6000,0x00007f7269ee7000)]
  0x00007f72b091a800 JavaThread "SparkUI-44" daemon [_thread_blocked, id=10317, stack(0x00007f7269ce5000,0x00007f7269de6000)]
  0x00007f72b10a6000 JavaThread "dispatcher-HeartbeatReceiver" daemon [_thread_blocked, id=10318, stack(0x00007f72699e4000,0x00007f7269ae5000)]
  0x00007f71f0002000 JavaThread "heartbeat-receiver-event-loop-thread" daemon [_thread_blocked, id=10319, stack(0x00007f72698e3000,0x00007f72699e4000)]
  0x00007f72b1102800 JavaThread "task-starvation-timer" daemon [_thread_blocked, id=10320, stack(0x00007f72697e2000,0x00007f72698e3000)]
  0x00007f72b1104800 JavaThread "task-abort-timer" daemon [_thread_blocked, id=10321, stack(0x00007f72696e1000,0x00007f72697e2000)]
  0x00007f71f4009800 JavaThread "netty-rpc-env-timeout" daemon [_thread_in_native_trans, id=10322, stack(0x00007f72695e0000,0x00007f72696e1000)]
  0x00007f72b0946800 JavaThread "dag-scheduler-event-loop" daemon [_thread_blocked, id=10323, stack(0x00007f72694df000,0x00007f72695e0000)]
  0x00007f72b108f800 JavaThread "driver-heartbeater" daemon [_thread_in_vm, id=10324, stack(0x00007f72693de000,0x00007f72694df000)]
  0x00007f72b1083000 JavaThread "executor-kill-mark-cleanup" daemon [_thread_in_vm, id=10325, stack(0x00007f72692dd000,0x00007f72693de000)]
  0x00007f72b24a8000 JavaThread "executor-heartbeater" daemon [_thread_in_vm_trans, id=10326, stack(0x00007f72691dc000,0x00007f72692dd000)]
  0x00007f72b24d4800 JavaThread "files-client-5-1" daemon [_thread_in_native, id=10327, stack(0x00007f7268edb000,0x00007f7268fdc000)]
  0x00007f7264005000 JavaThread "rpc-server-4-1" daemon [_thread_in_native, id=10328, stack(0x00007f7268dda000,0x00007f7268edb000)]
  0x00007f72b24e6000 JavaThread "shuffle-boss-7-1" daemon [_thread_in_native, id=10332, stack(0x00007f72684d7000,0x00007f72685d8000)]
  0x00007f72b124c800 JavaThread "Spark Context Cleaner" daemon [_thread_in_vm_trans, id=10336, stack(0x00007f72682d5000,0x00007f72683d6000)]
  0x00007f72b124e000 JavaThread "context-cleaner-periodic-gc" daemon [_thread_blocked_trans, id=10337, stack(0x00007f72683d6000,0x00007f72684d7000)]
  0x00007f72b1256000 JavaThread "spark-listener-group-appStatus" daemon [_thread_in_vm_trans, id=10338, stack(0x00007f71bfcff000,0x00007f71bfe00000)]
  0x00007f72b1258800 JavaThread "spark-listener-group-executorManagement" daemon [_thread_blocked, id=10339, stack(0x00007f71bfbfe000,0x00007f71bfcff000)]
  0x00007f71b8024000 JavaThread "element-tracking-store-worker" daemon [_thread_blocked, id=10340, stack(0x00007f71bfafd000,0x00007f71bfbfe000)]
  0x00007f72b2324000 JavaThread "org.apache.hadoop.fs.FileSystem$Statistics$StatisticsDataReferenceCleaner" daemon [_thread_blocked, id=10341, stack(0x00007f71bf5fc000,0x00007f71bf6fd000)]
  0x00007f724c04b000 JavaThread "Executor task launch worker for task 0.0 in stage 0.0 (TID 0)" daemon [_thread_in_vm, id=10344, stack(0x00007f71be6d7000,0x00007f71be7d8000)]
  0x00007f724c04c000 JavaThread "Executor task launch worker for task 1.0 in stage 0.0 (TID 1)" daemon [_thread_in_vm, id=10345, stack(0x00007f71be5d6000,0x00007f71be6d7000)]
  0x00007f724c04d800 JavaThread "Executor task launch worker for task 2.0 in stage 0.0 (TID 2)" daemon [_thread_in_vm, id=10346, stack(0x00007f71be4d5000,0x00007f71be5d6000)]
  0x00007f724c04f800 JavaThread "Executor task launch worker for task 3.0 in stage 0.0 (TID 3)" daemon [_thread_in_vm, id=10347, stack(0x00007f71be3d4000,0x00007f71be4d5000)]
  0x00007f724c051800 JavaThread "Executor task launch worker for task 4.0 in stage 0.0 (TID 4)" daemon [_thread_in_vm_trans, id=10348, stack(0x00007f71be2d3000,0x00007f71be3d4000)]
  0x00007f724c053000 JavaThread "Executor task launch worker for task 5.0 in stage 0.0 (TID 5)" daemon [_thread_in_vm_trans, id=10349, stack(0x00007f71be1d2000,0x00007f71be2d3000)]
  0x00007f724c055000 JavaThread "Executor task launch worker for task 6.0 in stage 0.0 (TID 6)" daemon [_thread_in_vm, id=10350, stack(0x00007f71be0d1000,0x00007f71be1d2000)]
=>0x00007f724c057000 JavaThread "Executor task launch worker for task 7.0 in stage 0.0 (TID 7)" daemon [_thread_in_vm, id=10351, stack(0x00007f71bdfd0000,0x00007f71be0d1000)]

Other Threads:
  0x00007f72b0099000 VMThread "VM Thread" [stack: 0x00007f72b5bc9000,0x00007f72b5cc9000] [id=10272]
  0x00007f72b012d000 WatcherThread [stack: 0x00007f72b50d9000,0x00007f72b51d9000] [id=10280]

Threads with active compile tasks:

VM state:not at safepoint (normal execution)

VM Mutex/Monitor currently owned by a thread:  ([mutex/lock_event])
[0x00007f72b0028ae0] Heap_lock - owner thread: 0x00007f72b108f800

Heap address: 0x0000000600000000, size: 8192 MB, Compressed Oops mode: Zero based, Oop shift amount: 3
Narrow klass base: 0x0000000800000000, Narrow klass shift: 0
Compressed class space size: 1073741824 Address: 0x0000000800000000

Heap:
Epsilon Heap
Allocation space:
 Metaspace       used 73069K, capacity 76487K, committed 76676K, reserved 1114112K
  class space    used 10046K, capacity 11730K, committed 11844K, reserved 1048576K


Polling page: 0x00007f72b7eee000

Metaspace:

Usage:
  Non-class:     63,24 MB capacity,    61,55 MB ( 97%) used,     1,29 MB (  2%) free+waste,   413,56 KB ( <1%) overhead. 
      Class:     11,46 MB capacity,     9,81 MB ( 86%) used,     1,42 MB ( 12%) free+waste,   228,88 KB (  2%) overhead. 
       Both:     74,69 MB capacity,    71,36 MB ( 96%) used,     2,71 MB (  4%) free+waste,   642,44 KB ( <1%) overhead. 

Virtual space:
  Non-class space:       64,00 MB reserved,      63,31 MB ( 99%) committed 
      Class space:        1,00 GB reserved,      11,57 MB (  1%) committed 
             Both:        1,06 GB reserved,      74,88 MB (  7%) committed 

Chunk freelists:
   Non-Class:  11,00 KB
       Class:  0 bytes
        Both:  11,00 KB

MaxMetaspaceSize: unlimited
CompressedClassSpaceSize: 1,00 GB
Initial GC threshold: 20,80 MB
Current GC threshold: 74,94 MB
CDS: off

CodeHeap 'non-profiled nmethods': size=120032Kb used=3616Kb max_used=3616Kb free=116416Kb
 bounds [0x00007f72a02da000, 0x00007f72a066a000, 0x00007f72a7812000]
CodeHeap 'profiled nmethods': size=120028Kb used=11967Kb max_used=11967Kb free=108060Kb
 bounds [0x00007f7298da3000, 0x00007f7299953000, 0x00007f72a02da000]
CodeHeap 'non-nmethods': size=5700Kb used=1474Kb max_used=1496Kb free=4225Kb
 bounds [0x00007f7298812000, 0x00007f7298a82000, 0x00007f7298da3000]
 total_blobs=7161 nmethods=6353 adapters=722
 compilation: enabled
              stopped_count=0, restarted_count=0
 full_count=0

Compilation events (20 events):
Event: 1951,876 Thread 0x00007f72b00c1800 6352       3       org.apache.spark.deploy.SparkHadoopUtil$$anon$2$$Lambda$1780/0x0000000800b70840::apply (12 bytes)
Event: 1951,876 Thread 0x00007f72b00c1800 nmethod 6352 0x00007f729994f110 code [0x00007f729994f300, 0x00007f729994f610]
Event: 1954,776 Thread 0x00007f72b00c1800 6353       3       scala.collection.mutable.ArrayBuffer::copyToArray (8 bytes)
Event: 1954,777 Thread 0x00007f72b00c1800 nmethod 6353 0x00007f729994f790 code [0x00007f729994f960, 0x00007f729994fae0]
Event: 1954,777 Thread 0x00007f72b00c1800 6354       3       scala.collection.mutable.ResizableArray::copyToArray$ (8 bytes)
Event: 1954,778 Thread 0x00007f72b00c1800 nmethod 6354 0x00007f729994fb90 code [0x00007f729994fd40, 0x00007f729994fec0]
Event: 1955,934 Thread 0x00007f72b00c1800 6355   !   3       jdk.internal.reflect.GeneratedMethodAccessor4::invoke (61 bytes)
Event: 1955,934 Thread 0x00007f72b00c1800 nmethod 6355 0x00007f729994ff90 code [0x00007f72999501c0, 0x00007f7299950860]
Event: 1974,090 Thread 0x00007f72b00bf800 6356       4       java.lang.Long::hashCode (8 bytes)
Event: 1974,090 Thread 0x00007f72b00bf800 nmethod 6356 0x00007f72a0661a10 code [0x00007f72a0661ba0, 0x00007f72a0661c18]
Event: 1974,203 Thread 0x00007f72b00bf800 6357       4       scala.collection.AbstractTraversable::genericBuilder (5 bytes)
Event: 1974,204 Thread 0x00007f72b00bf800 nmethod 6357 0x00007f72a0661d10 code [0x00007f72a0661ea0, 0x00007f72a0661f38]
Event: 1975,327 Thread 0x00007f72b00c1800 6358       3       java.util.concurrent.locks.AbstractQueuedSynchronizer$Node::<init> (20 bytes)
Event: 1975,329 Thread 0x00007f72b00c1800 nmethod 6358 0x00007f7299950b90 code [0x00007f7299950de0, 0x00007f72999515f0]
Event: 1981,809 Thread 0x00007f72b00c1800 6359       3       scala.collection.AbstractMap::apply (6 bytes)
Event: 1981,809 Thread 0x00007f72b00c1800 nmethod 6359 0x00007f7299951910 code [0x00007f7299951ae0, 0x00007f7299951c60]
Event: 1981,809 Thread 0x00007f72b00c1800 6360       3       scala.collection.MapLike::apply$ (6 bytes)
Event: 1981,809 Thread 0x00007f72b00c1800 nmethod 6360 0x00007f7299951d10 code [0x00007f7299951ec0, 0x00007f7299952040]
Event: 1981,810 Thread 0x00007f72b00c1800 6361   !   3       scala.concurrent.BlockContext$::withBlockContext (50 bytes)
Event: 1981,810 Thread 0x00007f72b00c1800 nmethod 6361 0x00007f7299952110 code [0x00007f7299952320, 0x00007f7299952a20]

GC Heap History (0 events):
No events

Deoptimization events (20 events):
Event: 1164,374 Thread 0x00007f724c04f800 DEOPT PACKING pc=0x00007f72a05fbc74 sp=0x00007f71be4d3020
Event: 1164,374 Thread 0x00007f724c04f800 DEOPT UNPACKING pc=0x00007f729881a2a5 sp=0x00007f71be4d2ed8 mode 2
Event: 1183,640 Thread 0x00007f724c04b000 DEOPT PACKING pc=0x00007f7299885b62 sp=0x00007f71be7d5f00
Event: 1183,640 Thread 0x00007f724c04b000 DEOPT UNPACKING pc=0x00007f729885b9fa sp=0x00007f71be7d54e8 mode 0
Event: 1190,312 Thread 0x00007f724c051800 DEOPT PACKING pc=0x00007f7299885b62 sp=0x00007f71be3d1f00
Event: 1190,312 Thread 0x00007f724c051800 DEOPT UNPACKING pc=0x00007f729885b9fa sp=0x00007f71be3d14e8 mode 0
Event: 1207,513 Thread 0x00007f724c04c000 DEOPT PACKING pc=0x00007f7299885b62 sp=0x00007f71be6d4f00
Event: 1207,513 Thread 0x00007f724c04c000 DEOPT UNPACKING pc=0x00007f729885b9fa sp=0x00007f71be6d44e8 mode 0
Event: 1209,398 Thread 0x00007f724c057000 Uncommon trap: trap_request=0xffffff4d fr.pc=0x00007f72a05fbc74 relative=0x0000000000000e14
Event: 1209,398 Thread 0x00007f724c057000 Uncommon trap: reason=unstable_if action=reinterpret pc=0x00007f72a05fbc74 method=org.apache.spark.util.collection.Spillable.maybeSpill(Ljava/lang/Object;J)Z @ 20 c2
Event: 1209,399 Thread 0x00007f724c057000 DEOPT PACKING pc=0x00007f72a05fbc74 sp=0x00007f71be0cf020
Event: 1209,399 Thread 0x00007f724c057000 DEOPT UNPACKING pc=0x00007f729881a2a5 sp=0x00007f71be0ceed8 mode 2
Event: 1232,184 Thread 0x00007f724c04d800 DEOPT PACKING pc=0x00007f7299885b62 sp=0x00007f71be5d3f00
Event: 1232,184 Thread 0x00007f724c04d800 DEOPT UNPACKING pc=0x00007f729885b9fa sp=0x00007f71be5d34e8 mode 0
Event: 1276,212 Thread 0x00007f724c055000 DEOPT PACKING pc=0x00007f7299885b62 sp=0x00007f71be1cff00
Event: 1276,212 Thread 0x00007f724c055000 DEOPT UNPACKING pc=0x00007f729885b9fa sp=0x00007f71be1cf4e8 mode 0
Event: 1299,817 Thread 0x00007f724c053000 Uncommon trap: trap_request=0xffffff4d fr.pc=0x00007f72a05fbc74 relative=0x0000000000000e14
Event: 1299,817 Thread 0x00007f724c053000 Uncommon trap: reason=unstable_if action=reinterpret pc=0x00007f72a05fbc74 method=org.apache.spark.util.collection.Spillable.maybeSpill(Ljava/lang/Object;J)Z @ 20 c2
Event: 1299,817 Thread 0x00007f724c053000 DEOPT PACKING pc=0x00007f72a05fbc74 sp=0x00007f71be2d1020
Event: 1299,817 Thread 0x00007f724c053000 DEOPT UNPACKING pc=0x00007f729881a2a5 sp=0x00007f71be2d0ed8 mode 2

Classes redefined (0 events):
No events

Internal exceptions (20 events):
Event: 303,158 Thread 0x00007f724c04d800 Exception <a 'java/lang/NoSuchMethodError'{0x000000061d4432a0}: 'java.lang.Object java.lang.invoke.DirectMethodHandle$Holder.invokeStatic(java.lang.Object, java.lang.Object, double)'> (0x000000061d4432a0) thrown at [src/hotspot/share/interpreter/linkResolver.cpp, line 772]
Event: 303,315 Thread 0x00007f724c04c000 Exception <a 'java/lang/NoSuchMethodError'{0x000000061d46d580}: 'void java.lang.invoke.DirectMethodHandle$Holder.invokeStatic(java.lang.Object, java.lang.Object, java.lang.Object, java.lang.Object, java.lang.Object, java.lang.Object, java.lang.Object)'> (0x000000061d46d580) thrown at [src/hotspot/share/interpreter/linkResolver.cpp, line 772]
Event: 303,341 Thread 0x00007f724c051800 Exception <a 'java/lang/NoSuchMethodError'{0x000000061d46d3c0}: 'void java.lang.invoke.DirectMethodHandle$Holder.invokeStatic(java.lang.Object, java.lang.Object, java.lang.Object, java.lang.Object, java.lang.Object, java.lang.Object, java.lang.Object)'> (0x000000061d46d3c0) thrown at [src/hotspot/share/interpreter/linkResolver.cpp, line 772]
Event: 303,344 Thread 0x00007f724c057000 Exception <a 'java/lang/NoSuchMethodError'{0x000000061d479ae8}: 'void java.lang.invoke.DirectMethodHandle$Holder.invokeStatic(java.lang.Object, java.lang.Object, java.lang.Object, java.lang.Object, java.lang.Object, java.lang.Object, java.lang.Object)'> (0x000000061d479ae8) thrown at [src/hotspot/share/interpreter/linkResolver.cpp, line 772]
Event: 303,347 Thread 0x00007f724c04f800 Exception <a 'java/lang/NoSuchMethodError'{0x000000061d479960}: 'void java.lang.invoke.DirectMethodHandle$Holder.invokeStatic(java.lang.Object, java.lang.Object, java.lang.Object, java.lang.Object, java.lang.Object, java.lang.Object, java.lang.Object)'> (0x000000061d479960) thrown at [src/hotspot/share/interpreter/linkResolver.cpp, line 772]
Event: 303,360 Thread 0x00007f724c053000 Exception <a 'java/lang/NoSuchMethodError'{0x000000061d4797a0}: 'void java.lang.invoke.DirectMethodHandle$Holder.invokeStatic(java.lang.Object, java.lang.Object, java.lang.Object, java.lang.Object, java.lang.Object, java.lang.Object, java.lang.Object)'> (0x000000061d4797a0) thrown at [src/hotspot/share/interpreter/linkResolver.cpp, line 772]
Event: 303,360 Thread 0x00007f724c04b000 Exception <a 'java/lang/NoSuchMethodError'{0x000000061d46d350}: 'void java.lang.invoke.DirectMethodHandle$Holder.invokeStatic(java.lang.Object, java.lang.Object, java.lang.Object, java.lang.Object, java.lang.Object, java.lang.Object, java.lang.Object)'> (0x000000061d46d350) thrown at [src/hotspot/share/interpreter/linkResolver.cpp, line 772]
Event: 303,364 Thread 0x00007f724c04d800 Exception <a 'java/lang/NoSuchMethodError'{0x000000061d479650}: 'void java.lang.invoke.DirectMethodHandle$Holder.invokeStatic(java.lang.Object, java.lang.Object, java.lang.Object, java.lang.Object, java.lang.Object, java.lang.Object, java.lang.Object)'> (0x000000061d479650) thrown at [src/hotspot/share/interpreter/linkResolver.cpp, line 772]
Event: 303,441 Thread 0x00007f724c055000 Exception <a 'java/lang/NoSuchMethodError'{0x000000061d478ee0}: 'void java.lang.invoke.DirectMethodHandle$Holder.invokeStatic(java.lang.Object, java.lang.Object, java.lang.Object, java.lang.Object, java.lang.Object, java.lang.Object, java.lang.Object)'> (0x000000061d478ee0) thrown at [src/hotspot/share/interpreter/linkResolver.cpp, line 772]
Event: 303,506 Thread 0x00007f724c051800 Exception <a 'java/lang/NoSuchMethodError'{0x000000061d496440}: 'void java.lang.invoke.DirectMethodHandle$Holder.invokeStatic(java.lang.Object, java.lang.Object, java.lang.Object, java.lang.Object, java.lang.Object, java.lang.Object, java.lang.Object, java.lang.Object)'> (0x000000061d496440) thrown at [src/hotspot/share/interpreter/linkResolver.cpp, line 772]
Event: 303,515 Thread 0x00007f724c04d800 Exception <a 'java/lang/NoSuchMethodError'{0x000000061d4961d8}: 'void java.lang.invoke.DirectMethodHandle$Holder.invokeStatic(java.lang.Object, java.lang.Object, java.lang.Object, java.lang.Object, java.lang.Object, java.lang.Object, java.lang.Object, java.lang.Object)'> (0x000000061d4961d8) thrown at [src/hotspot/share/interpreter/linkResolver.cpp, line 772]
Event: 303,519 Thread 0x00007f724c04c000 Exception <a 'java/lang/NoSuchMethodError'{0x000000061d496280}: 'void java.lang.invoke.DirectMethodHandle$Holder.invokeStatic(java.lang.Object, java.lang.Object, java.lang.Object, java.lang.Object, java.lang.Object, java.lang.Object, java.lang.Object, java.lang.Object)'> (0x000000061d496280) thrown at [src/hotspot/share/interpreter/linkResolver.cpp, line 772]
Event: 303,551 Thread 0x00007f724c057000 Exception <a 'java/lang/NoSuchMethodError'{0x000000061d4a66f8}: 'void java.lang.invoke.DirectMethodHandle$Holder.invokeStatic(java.lang.Object, java.lang.Object, java.lang.Object, java.lang.Object, java.lang.Object, java.lang.Object, java.lang.Object, java.lang.Object)'> (0x000000061d4a66f8) thrown at [src/hotspot/share/interpreter/linkResolver.cpp, line 772]
Event: 312,589 Thread 0x00007f724c04d800 Exception <a 'java/lang/NoSuchMethodError'{0x000000061dc00100}: 'long java.lang.invoke.DirectMethodHandle$Holder.invokeStatic(java.lang.Object, java.lang.Object, java.lang.Object)'> (0x000000061dc00100) thrown at [src/hotspot/share/interpreter/linkResolver.cpp, line 772]
Event: 312,637 Thread 0x00007f724c057000 Exception <a 'java/lang/NoSuchMethodError'{0x000000061dbffe60}: 'long java.lang.invoke.DirectMethodHandle$Holder.invokeStatic(java.lang.Object, java.lang.Object, java.lang.Object)'> (0x000000061dbffe60) thrown at [src/hotspot/share/interpreter/linkResolver.cpp, line 772]
Event: 312,669 Thread 0x00007f724c04c000 Exception <a 'java/lang/NoSuchMethodError'{0x000000061dc16e10}: 'long java.lang.invoke.DirectMethodHandle$Holder.invokeInterface(java.lang.Object, java.lang.Object, java.lang.Object)'> (0x000000061dc16e10) thrown at [src/hotspot/share/interpreter/linkResolver.cpp, line 772]
Event: 312,670 Thread 0x00007f724c04d800 Exception <a 'java/lang/NoSuchMethodError'{0x000000061dc17120}: 'long java.lang.invoke.DirectMethodHandle$Holder.invokeInterface(java.lang.Object, java.lang.Object, java.lang.Object)'> (0x000000061dc17120) thrown at [src/hotspot/share/interpreter/linkResolver.cpp, line 772]
Event: 312,686 Thread 0x00007f724c04b000 Exception <a 'java/lang/NoSuchMethodError'{0x000000061dc16ef0}: 'long java.lang.invoke.DirectMethodHandle$Holder.invokeInterface(java.lang.Object, java.lang.Object, java.lang.Object)'> (0x000000061dc16ef0) thrown at [src/hotspot/share/interpreter/linkResolver.cpp, line 772]
Event: 312,702 Thread 0x00007f724c053000 Exception <a 'java/lang/NoSuchMethodError'{0x000000061dc16ac8}: 'long java.lang.invoke.DirectMethodHandle$Holder.invokeInterface(java.lang.Object, java.lang.Object, java.lang.Object)'> (0x000000061dc16ac8) thrown at [src/hotspot/share/interpreter/linkResolver.cpp, line 772]
Event: 312,763 Thread 0x00007f724c04f800 Exception <a 'java/lang/NoSuchMethodError'{0x000000061dc24970}: 'long java.lang.invoke.DirectMethodHandle$Holder.invokeInterface(java.lang.Object, java.lang.Object, java.lang.Object)'> (0x000000061dc24970) thrown at [src/hotspot/share/interpreter/linkResolver.cpp, line 772]

Events (20 events):
Event: 1097,640 Executing VM operation: CollectForMetadataAllocation done
Event: 1097,693 loading class java/math/MutableBigInteger done
Event: 1098,056 loading class scala/collection/immutable/StringLike
Event: 1098,056 loading class scala/collection/immutable/StringLike done
Event: 1098,084 loading class scala/collection/immutable/StringLike
Event: 1098,084 loading class scala/collection/immutable/StringLike done
Event: 1098,264 loading class java/util/Formatter$FormatSpecifier$BigDecimalLayout
Event: 1098,268 loading class java/util/Formatter$FormatSpecifier$BigDecimalLayout done
Event: 1098,283 loading class java/util/Formatter$BigDecimalLayoutForm
Event: 1098,293 loading class java/util/Formatter$BigDecimalLayoutForm done
Event: 1987,372 Executing VM operation: Dummy
Event: 14133,090 Executing VM operation: Dummy done
Event: 14133,090 Executing VM operation: Dummy
Event: 19019,129 Executing VM operation: Dummy done
Event: 19019,130 Executing VM operation: Dummy
Event: 19019,191 Executing VM operation: Dummy done
Event: 19019,191 Executing VM operation: Dummy
Event: 19019,243 Executing VM operation: Dummy done
Event: 19019,244 Executing VM operation: Dummy
Event: 19019,305 Executing VM operation: Dummy done


Dynamic libraries:
600000000-800000000 rw-s 00000000 00:05 391                              /dev/fakeblk
800000000-800b91000 rw-p 00000000 00:00 0 
800b91000-840000000 ---p 00000000 00:00 0 
55817935f000-558179360000 r--p 00000000 08:01 4325453                    /home/adam/jdk11u/build/linux-x86_64-normal-server-release/images/jdk/bin/java
558179360000-558179361000 r-xp 00001000 08:01 4325453                    /home/adam/jdk11u/build/linux-x86_64-normal-server-release/images/jdk/bin/java
558179361000-558179362000 r--p 00002000 08:01 4325453                    /home/adam/jdk11u/build/linux-x86_64-normal-server-release/images/jdk/bin/java
558179362000-558179363000 r--p 00002000 08:01 4325453                    /home/adam/jdk11u/build/linux-x86_64-normal-server-release/images/jdk/bin/java
558179363000-558179364000 rw-p 00003000 08:01 4325453                    /home/adam/jdk11u/build/linux-x86_64-normal-server-release/images/jdk/bin/java
558179a67000-558179af3000 rw-p 00000000 00:00 0                          [heap]
7f7197da9000-7f7198000000 rw-p 00000000 00:00 0 
7f7198000000-7f719804c000 rw-p 00000000 00:00 0 
7f719804c000-7f719c000000 ---p 00000000 00:00 0 
7f719c000000-7f719c1b7000 rw-p 00000000 00:00 0 
7f719c1b7000-7f71a0000000 ---p 00000000 00:00 0 
7f71a0000000-7f71a004b000 rw-p 00000000 00:00 0 
7f71a004b000-7f71a4000000 ---p 00000000 00:00 0 
7f71a4000000-7f71a4047000 rw-p 00000000 00:00 0 
7f71a4047000-7f71a8000000 ---p 00000000 00:00 0 
7f71a8000000-7f71a8021000 rw-p 00000000 00:00 0 
7f71a8021000-7f71ac000000 ---p 00000000 00:00 0 
7f71ac000000-7f71ac062000 rw-p 00000000 00:00 0 
7f71ac062000-7f71b0000000 ---p 00000000 00:00 0 
7f71b0000000-7f71b0021000 rw-p 00000000 00:00 0 
7f71b0021000-7f71b4000000 ---p 00000000 00:00 0 
7f71b4000000-7f71b4021000 rw-p 00000000 00:00 0 
7f71b4021000-7f71b8000000 ---p 00000000 00:00 0 
7f71b8000000-7f71b8078000 rw-p 00000000 00:00 0 
7f71b8078000-7f71bc000000 ---p 00000000 00:00 0 
7f71bc201000-7f71bdfd0000 rw-p 00000000 00:00 0 
7f71bdfd0000-7f71bdfd4000 ---p 00000000 00:00 0 
7f71bdfd4000-7f71be0d1000 rw-p 00000000 00:00 0 
7f71be0d1000-7f71be0d5000 ---p 00000000 00:00 0 
7f71be0d5000-7f71be1d2000 rw-p 00000000 00:00 0 
7f71be1d2000-7f71be1d6000 ---p 00000000 00:00 0 
7f71be1d6000-7f71be2d3000 rw-p 00000000 00:00 0 
7f71be2d3000-7f71be2d7000 ---p 00000000 00:00 0 
7f71be2d7000-7f71be3d4000 rw-p 00000000 00:00 0 
7f71be3d4000-7f71be3d8000 ---p 00000000 00:00 0 
7f71be3d8000-7f71be4d5000 rw-p 00000000 00:00 0 
7f71be4d5000-7f71be4d9000 ---p 00000000 00:00 0 
7f71be4d9000-7f71be5d6000 rw-p 00000000 00:00 0 
7f71be5d6000-7f71be5da000 ---p 00000000 00:00 0 
7f71be5da000-7f71be6d7000 rw-p 00000000 00:00 0 
7f71be6d7000-7f71be6db000 ---p 00000000 00:00 0 
7f71be6db000-7f71be9d8000 rw-p 00000000 00:00 0 
7f71be9d8000-7f71bebd8000 rw-p 00000000 00:00 0 
7f71bebd8000-7f71bedc9000 rw-p 00000000 00:00 0 
7f71bedc9000-7f71bedd8000 ---p 00000000 00:00 0 
7f71bedd8000-7f71befba000 rw-p 00000000 00:00 0 
7f71befba000-7f71befd8000 ---p 00000000 00:00 0 
7f71befd8000-7f71bf1d8000 rw-p 00000000 00:00 0 
7f71bf1d8000-7f71bf1fc000 r-xp 00000000 08:01 262514                     /tmp/liblz4-java-6654985805978147291.so
7f71bf1fc000-7f71bf3fb000 ---p 00024000 08:01 262514                     /tmp/liblz4-java-6654985805978147291.so
7f71bf3fb000-7f71bf3fc000 rw-p 00023000 08:01 262514                     /tmp/liblz4-java-6654985805978147291.so
7f71bf3fc000-7f71bf5fc000 rw-p 00000000 00:00 0 
7f71bf5fc000-7f71bf600000 ---p 00000000 00:00 0 
7f71bf600000-7f71bf8fd000 rw-p 00000000 00:00 0 
7f71bf8fd000-7f71bfae9000 rw-p 00000000 00:00 0 
7f71bfae9000-7f71bfafd000 ---p 00000000 00:00 0 
7f71bfafd000-7f71bfb01000 ---p 00000000 00:00 0 
7f71bfb01000-7f71bfbfe000 rw-p 00000000 00:00 0 
7f71bfbfe000-7f71bfc02000 ---p 00000000 00:00 0 
7f71bfc02000-7f71bfcff000 rw-p 00000000 00:00 0 
7f71bfcff000-7f71bfd03000 ---p 00000000 00:00 0 
7f71bfd03000-7f71bfffd000 rw-p 00000000 00:00 0 
7f71bfffd000-7f71c0000000 ---p 00000000 00:00 0 
7f71c0000000-7f71c0021000 rw-p 00000000 00:00 0 
7f71c0021000-7f71c4000000 ---p 00000000 00:00 0 
7f71c4000000-7f71c4021000 rw-p 00000000 00:00 0 
7f71c4021000-7f71c8000000 ---p 00000000 00:00 0 
7f71c8000000-7f71c8045000 rw-p 00000000 00:00 0 
7f71c8045000-7f71cc000000 ---p 00000000 00:00 0 
7f71cc000000-7f71cc021000 rw-p 00000000 00:00 0 
7f71cc021000-7f71d0000000 ---p 00000000 00:00 0 
7f71d0000000-7f71d0024000 rw-p 00000000 00:00 0 
7f71d0024000-7f71d4000000 ---p 00000000 00:00 0 
7f71d4000000-7f71d4021000 rw-p 00000000 00:00 0 
7f71d4021000-7f71d8000000 ---p 00000000 00:00 0 
7f71d8000000-7f71d8021000 rw-p 00000000 00:00 0 
7f71d8021000-7f71dc000000 ---p 00000000 00:00 0 
7f71dc000000-7f71dc031000 rw-p 00000000 00:00 0 
7f71dc031000-7f71e0000000 ---p 00000000 00:00 0 
7f71e0000000-7f71e0021000 rw-p 00000000 00:00 0 
7f71e0021000-7f71e4000000 ---p 00000000 00:00 0 
7f71e4000000-7f71e4021000 rw-p 00000000 00:00 0 
7f71e4021000-7f71e8000000 ---p 00000000 00:00 0 
7f71e8000000-7f71e8021000 rw-p 00000000 00:00 0 
7f71e8021000-7f71ec000000 ---p 00000000 00:00 0 
7f71ec000000-7f71ec021000 rw-p 00000000 00:00 0 
7f71ec021000-7f71f0000000 ---p 00000000 00:00 0 
7f71f0000000-7f71f0021000 rw-p 00000000 00:00 0 
7f71f0021000-7f71f4000000 ---p 00000000 00:00 0 
7f71f4000000-7f71f4021000 rw-p 00000000 00:00 0 
7f71f4021000-7f71f8000000 ---p 00000000 00:00 0 
7f71f8000000-7f71f8021000 rw-p 00000000 00:00 0 
7f71f8021000-7f71fc000000 ---p 00000000 00:00 0 
7f71fc000000-7f71fc021000 rw-p 00000000 00:00 0 
7f71fc021000-7f7200000000 ---p 00000000 00:00 0 
7f7200000000-7f7200021000 rw-p 00000000 00:00 0 
7f7200021000-7f7204000000 ---p 00000000 00:00 0 
7f7204000000-7f7204021000 rw-p 00000000 00:00 0 
7f7204021000-7f7208000000 ---p 00000000 00:00 0 
7f7208000000-7f7208021000 rw-p 00000000 00:00 0 
7f7208021000-7f720c000000 ---p 00000000 00:00 0 
7f720c000000-7f720c021000 rw-p 00000000 00:00 0 
7f720c021000-7f7210000000 ---p 00000000 00:00 0 
7f7210000000-7f7210021000 rw-p 00000000 00:00 0 
7f7210021000-7f7214000000 ---p 00000000 00:00 0 
7f7214000000-7f7214021000 rw-p 00000000 00:00 0 
7f7214021000-7f7218000000 ---p 00000000 00:00 0 
7f7218000000-7f7218021000 rw-p 00000000 00:00 0 
7f7218021000-7f721c000000 ---p 00000000 00:00 0 
7f721c000000-7f721c021000 rw-p 00000000 00:00 0 
7f721c021000-7f7220000000 ---p 00000000 00:00 0 
7f7220000000-7f7220021000 rw-p 00000000 00:00 0 
7f7220021000-7f7224000000 ---p 00000000 00:00 0 
7f7224000000-7f7224037000 rw-p 00000000 00:00 0 
7f7224037000-7f7228000000 ---p 00000000 00:00 0 
7f7228000000-7f7228021000 rw-p 00000000 00:00 0 
7f7228021000-7f722c000000 ---p 00000000 00:00 0 
7f722c000000-7f722c021000 rw-p 00000000 00:00 0 
7f722c021000-7f7230000000 ---p 00000000 00:00 0 
7f7230000000-7f7230021000 rw-p 00000000 00:00 0 
7f7230021000-7f7234000000 ---p 00000000 00:00 0 
7f7234000000-7f7234021000 rw-p 00000000 00:00 0 
7f7234021000-7f7238000000 ---p 00000000 00:00 0 
7f7238000000-7f7238021000 rw-p 00000000 00:00 0 
7f7238021000-7f723c000000 ---p 00000000 00:00 0 
7f723c000000-7f723c021000 rw-p 00000000 00:00 0 
7f723c021000-7f7240000000 ---p 00000000 00:00 0 
7f7240000000-7f7240021000 rw-p 00000000 00:00 0 
7f7240021000-7f7244000000 ---p 00000000 00:00 0 
7f7244000000-7f7244021000 rw-p 00000000 00:00 0 
7f7244021000-7f7248000000 ---p 00000000 00:00 0 
7f7248000000-7f7248021000 rw-p 00000000 00:00 0 
7f7248021000-7f724c000000 ---p 00000000 00:00 0 
7f724c000000-7f724c05b000 rw-p 00000000 00:00 0 
7f724c05b000-7f7250000000 ---p 00000000 00:00 0 
7f7250000000-7f7250021000 rw-p 00000000 00:00 0 
7f7250021000-7f7254000000 ---p 00000000 00:00 0 
7f7254000000-7f7254021000 rw-p 00000000 00:00 0 
7f7254021000-7f7258000000 ---p 00000000 00:00 0 
7f7258000000-7f7258021000 rw-p 00000000 00:00 0 
7f7258021000-7f725c000000 ---p 00000000 00:00 0 
7f725c000000-7f725c021000 rw-p 00000000 00:00 0 
7f725c021000-7f7260000000 ---p 00000000 00:00 0 
7f7260000000-7f7260021000 rw-p 00000000 00:00 0 
7f7260021000-7f7264000000 ---p 00000000 00:00 0 
7f7264000000-7f7264021000 rw-p 00000000 00:00 0 
7f7264021000-7f7268000000 ---p 00000000 00:00 0 
7f72680d5000-7f72682d5000 rw-p 00000000 00:00 0 
7f72682d5000-7f72682d9000 ---p 00000000 00:00 0 
7f72682d9000-7f72683d6000 rw-p 00000000 00:00 0 
7f72683d6000-7f72683da000 ---p 00000000 00:00 0 
7f72683da000-7f72684d7000 rw-p 00000000 00:00 0 
7f72684d7000-7f72684db000 ---p 00000000 00:00 0 
7f72684db000-7f7268dda000 rw-p 00000000 00:00 0 
7f7268dda000-7f7268dde000 ---p 00000000 00:00 0 
7f7268dde000-7f7268edb000 rw-p 00000000 00:00 0 
7f7268edb000-7f7268edf000 ---p 00000000 00:00 0 
7f7268edf000-7f72691dc000 rw-p 00000000 00:00 0 
7f72691dc000-7f72691e0000 ---p 00000000 00:00 0 
7f72691e0000-7f72692dd000 rw-p 00000000 00:00 0 
7f72692dd000-7f72692e1000 ---p 00000000 00:00 0 
7f72692e1000-7f72693de000 rw-p 00000000 00:00 0 
7f72693de000-7f72693e2000 ---p 00000000 00:00 0 
7f72693e2000-7f72694df000 rw-p 00000000 00:00 0 
7f72694df000-7f72694e3000 ---p 00000000 00:00 0 
7f72694e3000-7f72695e0000 rw-p 00000000 00:00 0 
7f72695e0000-7f72695e4000 ---p 00000000 00:00 0 
7f72695e4000-7f72696e1000 rw-p 00000000 00:00 0 
7f72696e1000-7f72696e5000 ---p 00000000 00:00 0 
7f72696e5000-7f72697e2000 rw-p 00000000 00:00 0 
7f72697e2000-7f72697e6000 ---p 00000000 00:00 0 
7f72697e6000-7f72698e3000 rw-p 00000000 00:00 0 
7f72698e3000-7f72698e7000 ---p 00000000 00:00 0 
7f72698e7000-7f72699e4000 rw-p 00000000 00:00 0 
7f72699e4000-7f72699e8000 ---p 00000000 00:00 0 
7f72699e8000-7f7269cd1000 rw-p 00000000 00:00 0 
7f7269cd1000-7f7269ce5000 ---p 00000000 00:00 0 
7f7269ce5000-7f7269ce9000 ---p 00000000 00:00 0 
7f7269ce9000-7f7269de6000 rw-p 00000000 00:00 0 
7f7269de6000-7f7269dea000 ---p 00000000 00:00 0 
7f7269dea000-7f7269ee7000 rw-p 00000000 00:00 0 
7f7269ee7000-7f7269eeb000 ---p 00000000 00:00 0 
7f7269eeb000-7f7269fe8000 rw-p 00000000 00:00 0 
7f7269fe8000-7f7269fec000 ---p 00000000 00:00 0 
7f7269fec000-7f726a0e9000 rw-p 00000000 00:00 0 
7f726a0e9000-7f726a0ed000 ---p 00000000 00:00 0 
7f726a0ed000-7f726a1ea000 rw-p 00000000 00:00 0 
7f726a1ea000-7f726a1ee000 ---p 00000000 00:00 0 
7f726a1ee000-7f726a2eb000 rw-p 00000000 00:00 0 
7f726a2eb000-7f726a2ef000 ---p 00000000 00:00 0 
7f726a2ef000-7f726a3ec000 rw-p 00000000 00:00 0 
7f726a3ec000-7f726a3f0000 ---p 00000000 00:00 0 
7f726a3f0000-7f726a6e4000 rw-p 00000000 00:00 0 
7f726a6e4000-7f726a6ed000 ---p 00000000 00:00 0 
7f726a6ed000-7f726a6f1000 ---p 00000000 00:00 0 
7f726a6f1000-7f726a7ee000 rw-p 00000000 00:00 0 
7f726a7ee000-7f726a7f2000 ---p 00000000 00:00 0 
7f726a7f2000-7f726aaef000 rw-p 00000000 00:00 0 
7f726aaef000-7f726aaf3000 ---p 00000000 00:00 0 
7f726aaf3000-7f726abf0000 rw-p 00000000 00:00 0 
7f726abf0000-7f726abf4000 ---p 00000000 00:00 0 
7f726abf4000-7f726acf1000 rw-p 00000000 00:00 0 
7f726acf1000-7f726acf5000 ---p 00000000 00:00 0 
7f726acf5000-7f726adf2000 rw-p 00000000 00:00 0 
7f726adf2000-7f726adf6000 ---p 00000000 00:00 0 
7f726adf6000-7f726aef3000 rw-p 00000000 00:00 0 
7f726aef3000-7f726aef7000 ---p 00000000 00:00 0 
7f726aef7000-7f726aff4000 rw-p 00000000 00:00 0 
7f726aff4000-7f726aff8000 ---p 00000000 00:00 0 
7f726aff8000-7f726b0f5000 rw-p 00000000 00:00 0 
7f726b0f5000-7f726b0f9000 ---p 00000000 00:00 0 
7f726b0f9000-7f726b1f6000 rw-p 00000000 00:00 0 
7f726b1f6000-7f726b1fa000 ---p 00000000 00:00 0 
7f726b1fa000-7f726b2f7000 rw-p 00000000 00:00 0 
7f726b2f7000-7f726b2fb000 ---p 00000000 00:00 0 
7f726b2fb000-7f726b3f8000 rw-p 00000000 00:00 0 
7f726b3f8000-7f726b3fc000 ---p 00000000 00:00 0 
7f726b3fc000-7f726b4f9000 rw-p 00000000 00:00 0 
7f726b4f9000-7f726b4fd000 ---p 00000000 00:00 0 
7f726b4fd000-7f726b5fa000 rw-p 00000000 00:00 0 
7f726b5fa000-7f726b5fe000 ---p 00000000 00:00 0 
7f726b5fe000-7f726b6fb000 rw-p 00000000 00:00 0 
7f726b6fb000-7f726b6ff000 ---p 00000000 00:00 0 
7f726b6ff000-7f726b7fc000 rw-p 00000000 00:00 0 
7f726b7fc000-7f726b800000 ---p 00000000 00:00 0 
7f726b800000-7f726b8fd000 rw-p 00000000 00:00 0 
7f726b8fd000-7f726b901000 ---p 00000000 00:00 0 
7f726b901000-7f726b9fe000 rw-p 00000000 00:00 0 
7f726b9fe000-7f726ba02000 ---p 00000000 00:00 0 
7f726ba02000-7f726baff000 rw-p 00000000 00:00 0 
7f726baff000-7f726bb03000 ---p 00000000 00:00 0 
7f726bb03000-7f726bdfd000 rw-p 00000000 00:00 0 
7f726bdfd000-7f726be00000 ---p 00000000 00:00 0 
7f726be00000-7f726c000000 rw-p 00000000 00:00 0 
7f726c000000-7f726c021000 rw-p 00000000 00:00 0 
7f726c021000-7f7270000000 ---p 00000000 00:00 0 
7f7270000000-7f7270165000 rw-p 00000000 00:00 0 
7f7270165000-7f7274000000 ---p 00000000 00:00 0 
7f7274000000-7f7274021000 rw-p 00000000 00:00 0 
7f7274021000-7f7278000000 ---p 00000000 00:00 0 
7f7278000000-7f7278021000 rw-p 00000000 00:00 0 
7f7278021000-7f727c000000 ---p 00000000 00:00 0 
7f727c000000-7f727e12c000 rw-p 00000000 00:00 0 
7f727e12c000-7f7280000000 ---p 00000000 00:00 0 
7f7280000000-7f728088d000 rw-p 00000000 00:00 0 
7f728088d000-7f7284000000 ---p 00000000 00:00 0 
7f7284000000-7f7284021000 rw-p 00000000 00:00 0 
7f7284021000-7f7288000000 ---p 00000000 00:00 0 
7f7288000000-7f7288021000 rw-p 00000000 00:00 0 
7f7288021000-7f728c000000 ---p 00000000 00:00 0 
7f728c000000-7f728c021000 rw-p 00000000 00:00 0 
7f728c021000-7f7290000000 ---p 00000000 00:00 0 
7f7290000000-7f7290021000 rw-p 00000000 00:00 0 
7f7290021000-7f7294000000 ---p 00000000 00:00 0 
7f7294000000-7f7296d96000 rw-p 00000000 00:00 0 
7f7296d96000-7f7298000000 ---p 00000000 00:00 0 
7f7298012000-7f72981fd000 rw-p 00000000 00:00 0 
7f72981fd000-7f7298212000 ---p 00000000 00:00 0 
7f7298212000-7f72983f6000 rw-p 00000000 00:00 0 
7f72983f6000-7f7298412000 ---p 00000000 00:00 0 
7f7298412000-7f7298612000 rw-p 00000000 00:00 0 
7f7298612000-7f7298812000 rw-p 00000000 00:00 0 
7f7298812000-7f7298a82000 rwxp 00000000 00:00 0 
7f7298a82000-7f7298da3000 ---p 00000000 00:00 0 
7f7298da3000-7f7299953000 rwxp 00000000 00:00 0 
7f7299953000-7f72a02da000 ---p 00000000 00:00 0 
7f72a02da000-7f72a066a000 rwxp 00000000 00:00 0 
7f72a066a000-7f72a7812000 ---p 00000000 00:00 0 
7f72a7812000-7f72b0000000 r--s 00000000 08:01 4325379                    /home/adam/jdk11u/build/linux-x86_64-normal-server-release/images/jdk/lib/modules
7f72b0000000-7f72b26d0000 rw-p 00000000 00:00 0 
7f72b26d0000-7f72b4000000 ---p 00000000 00:00 0 
7f72b4007000-7f72b400b000 ---p 00000000 00:00 0 
7f72b400b000-7f72b4108000 rw-p 00000000 00:00 0 
7f72b4108000-7f72b410c000 ---p 00000000 00:00 0 
7f72b410c000-7f72b412a000 rw-p 00000000 00:00 0 
7f72b412a000-7f72b412b000 r--p 00000000 08:01 2907360                    /usr/lib/x86_64-linux-gnu/libnss_dns-2.31.so
7f72b412b000-7f72b412f000 r-xp 00001000 08:01 2907360                    /usr/lib/x86_64-linux-gnu/libnss_dns-2.31.so
7f72b412f000-7f72b4130000 r--p 00005000 08:01 2907360                    /usr/lib/x86_64-linux-gnu/libnss_dns-2.31.so
7f72b4130000-7f72b4131000 r--p 00005000 08:01 2907360                    /usr/lib/x86_64-linux-gnu/libnss_dns-2.31.so
7f72b4131000-7f72b4132000 rw-p 00006000 08:01 2907360                    /usr/lib/x86_64-linux-gnu/libnss_dns-2.31.so
7f72b4132000-7f72b4136000 r--p 00000000 08:01 2907365                    /usr/lib/x86_64-linux-gnu/libresolv-2.31.so
7f72b4136000-7f72b4144000 r-xp 00004000 08:01 2907365                    /usr/lib/x86_64-linux-gnu/libresolv-2.31.so
7f72b4144000-7f72b4148000 r--p 00012000 08:01 2907365                    /usr/lib/x86_64-linux-gnu/libresolv-2.31.so
7f72b4148000-7f72b4149000 r--p 00015000 08:01 2907365                    /usr/lib/x86_64-linux-gnu/libresolv-2.31.so
7f72b4149000-7f72b414a000 rw-p 00016000 08:01 2907365                    /usr/lib/x86_64-linux-gnu/libresolv-2.31.so
7f72b414a000-7f72b414c000 rw-p 00000000 00:00 0 
7f72b414c000-7f72b414d000 r--p 00000000 08:01 2905034                    /usr/lib/x86_64-linux-gnu/libnss_mdns4_minimal.so.2
7f72b414d000-7f72b414f000 r-xp 00001000 08:01 2905034                    /usr/lib/x86_64-linux-gnu/libnss_mdns4_minimal.so.2
7f72b414f000-7f72b4150000 r--p 00003000 08:01 2905034                    /usr/lib/x86_64-linux-gnu/libnss_mdns4_minimal.so.2
7f72b4150000-7f72b4151000 r--p 00003000 08:01 2905034                    /usr/lib/x86_64-linux-gnu/libnss_mdns4_minimal.so.2
7f72b4151000-7f72b4152000 rw-p 00004000 08:01 2905034                    /usr/lib/x86_64-linux-gnu/libnss_mdns4_minimal.so.2
7f72b415d000-7f72b4164000 r--s 00000000 08:01 2926395                    /usr/lib/x86_64-linux-gnu/gconv/gconv-modules.cache
7f72b4164000-7f72b4165000 r--p 00000000 08:01 4325479                    /home/adam/jdk11u/build/linux-x86_64-normal-server-release/images/jdk/lib/libextnet.so
7f72b4165000-7f72b4166000 r-xp 00001000 08:01 4325479                    /home/adam/jdk11u/build/linux-x86_64-normal-server-release/images/jdk/lib/libextnet.so
7f72b4166000-7f72b4167000 r--p 00002000 08:01 4325479                    /home/adam/jdk11u/build/linux-x86_64-normal-server-release/images/jdk/lib/libextnet.so
7f72b4167000-7f72b4168000 r--p 00002000 08:01 4325479                    /home/adam/jdk11u/build/linux-x86_64-normal-server-release/images/jdk/lib/libextnet.so
7f72b4168000-7f72b4169000 rw-p 00003000 08:01 4325479                    /home/adam/jdk11u/build/linux-x86_64-normal-server-release/images/jdk/lib/libextnet.so
7f72b4169000-7f72b434e000 rw-p 00000000 00:00 0 
7f72b434e000-7f72b4369000 ---p 00000000 00:00 0 
7f72b4369000-7f72b4569000 rw-p 00000000 00:00 0 
7f72b4569000-7f72b4769000 rw-p 00000000 00:00 0 
7f72b4769000-7f72b476b000 r--p 00000000 08:01 4325405                    /home/adam/jdk11u/build/linux-x86_64-normal-server-release/images/jdk/lib/libmanagement_ext.so
7f72b476b000-7f72b476e000 r-xp 00002000 08:01 4325405                    /home/adam/jdk11u/build/linux-x86_64-normal-server-release/images/jdk/lib/libmanagement_ext.so
7f72b476e000-7f72b476f000 r--p 00005000 08:01 4325405                    /home/adam/jdk11u/build/linux-x86_64-normal-server-release/images/jdk/lib/libmanagement_ext.so
7f72b476f000-7f72b4770000 ---p 00006000 08:01 4325405                    /home/adam/jdk11u/build/linux-x86_64-normal-server-release/images/jdk/lib/libmanagement_ext.so
7f72b4770000-7f72b4771000 r--p 00006000 08:01 4325405                    /home/adam/jdk11u/build/linux-x86_64-normal-server-release/images/jdk/lib/libmanagement_ext.so
7f72b4771000-7f72b4772000 rw-p 00007000 08:01 4325405                    /home/adam/jdk11u/build/linux-x86_64-normal-server-release/images/jdk/lib/libmanagement_ext.so
7f72b4772000-7f72b4775000 r--p 00000000 08:01 4325485                    /home/adam/jdk11u/build/linux-x86_64-normal-server-release/images/jdk/lib/libmanagement.so
7f72b4775000-7f72b4776000 r-xp 00003000 08:01 4325485                    /home/adam/jdk11u/build/linux-x86_64-normal-server-release/images/jdk/lib/libmanagement.so
7f72b4776000-7f72b4777000 r--p 00004000 08:01 4325485                    /home/adam/jdk11u/build/linux-x86_64-normal-server-release/images/jdk/lib/libmanagement.so
7f72b4777000-7f72b4778000 r--p 00004000 08:01 4325485                    /home/adam/jdk11u/build/linux-x86_64-normal-server-release/images/jdk/lib/libmanagement.so
7f72b4778000-7f72b4779000 rw-p 00005000 08:01 4325485                    /home/adam/jdk11u/build/linux-x86_64-normal-server-release/images/jdk/lib/libmanagement.so
7f72b4779000-7f72b4979000 rw-p 00000000 00:00 0 
7f72b4979000-7f72b4b79000 rw-p 00000000 00:00 0 
7f72b4b79000-7f72b4d79000 rw-p 00000000 00:00 0 
7f72b4d79000-7f72b4f79000 rw-p 00000000 00:00 0 
7f72b4f79000-7f72b4faa000 rw-p 00000000 00:00 0 
7f72b4faa000-7f72b4fae000 r--p 00000000 08:01 4325477                    /home/adam/jdk11u/build/linux-x86_64-normal-server-release/images/jdk/lib/libnet.so
7f72b4fae000-7f72b4fbd000 r-xp 00004000 08:01 4325477                    /home/adam/jdk11u/build/linux-x86_64-normal-server-release/images/jdk/lib/libnet.so
7f72b4fbd000-7f72b4fc1000 r--p 00013000 08:01 4325477                    /home/adam/jdk11u/build/linux-x86_64-normal-server-release/images/jdk/lib/libnet.so
7f72b4fc1000-7f72b4fc2000 r--p 00016000 08:01 4325477                    /home/adam/jdk11u/build/linux-x86_64-normal-server-release/images/jdk/lib/libnet.so
7f72b4fc2000-7f72b4fc3000 rw-p 00017000 08:01 4325477                    /home/adam/jdk11u/build/linux-x86_64-normal-server-release/images/jdk/lib/libnet.so
7f72b4fc3000-7f72b4fca000 r--p 00000000 08:01 4325466                    /home/adam/jdk11u/build/linux-x86_64-normal-server-release/images/jdk/lib/libnio.so
7f72b4fca000-7f72b4fd1000 r-xp 00007000 08:01 4325466                    /home/adam/jdk11u/build/linux-x86_64-normal-server-release/images/jdk/lib/libnio.so
7f72b4fd1000-7f72b4fd4000 r--p 0000e000 08:01 4325466                    /home/adam/jdk11u/build/linux-x86_64-normal-server-release/images/jdk/lib/libnio.so
7f72b4fd4000-7f72b4fd5000 r--p 00010000 08:01 4325466                    /home/adam/jdk11u/build/linux-x86_64-normal-server-release/images/jdk/lib/libnio.so
7f72b4fd5000-7f72b4fd6000 rw-p 00011000 08:01 4325466                    /home/adam/jdk11u/build/linux-x86_64-normal-server-release/images/jdk/lib/libnio.so
7f72b4fd6000-7f72b4fda000 ---p 00000000 00:00 0 
7f72b4fda000-7f72b50d7000 rw-p 00000000 00:00 0 
7f72b50d7000-7f72b50d8000 ---p 00000000 00:00 0 
7f72b50d8000-7f72b51d9000 rw-p 00000000 00:00 0 
7f72b51d9000-7f72b51dd000 ---p 00000000 00:00 0 
7f72b51dd000-7f72b52da000 rw-p 00000000 00:00 0 
7f72b52da000-7f72b52de000 ---p 00000000 00:00 0 
7f72b52de000-7f72b53db000 rw-p 00000000 00:00 0 
7f72b53db000-7f72b53df000 ---p 00000000 00:00 0 
7f72b53df000-7f72b54dc000 rw-p 00000000 00:00 0 
7f72b54dc000-7f72b54e0000 ---p 00000000 00:00 0 
7f72b54e0000-7f72b55dd000 rw-p 00000000 00:00 0 
7f72b55dd000-7f72b55e1000 ---p 00000000 00:00 0 
7f72b55e1000-7f72b56de000 rw-p 00000000 00:00 0 
7f72b56de000-7f72b59c5000 r--p 00000000 08:01 2884038                    /usr/lib/locale/locale-archive
7f72b59c5000-7f72b59c9000 ---p 00000000 00:00 0 
7f72b59c9000-7f72b5ac6000 rw-p 00000000 00:00 0 
7f72b5ac6000-7f72b5aca000 ---p 00000000 00:00 0 
7f72b5aca000-7f72b5bc7000 rw-p 00000000 00:00 0 
7f72b5bc7000-7f72b5bc8000 ---p 00000000 00:00 0 
7f72b5bc8000-7f72b65cd000 rw-p 00000000 00:00 0 
7f72b65cd000-7f72b6617000 rw-p 00000000 00:00 0 
7f72b6617000-7f72b66fa000 ---p 00000000 00:00 0 
7f72b66fa000-7f72b6712000 rw-p 00000000 00:00 0 
7f72b6712000-7f72b67e5000 ---p 00000000 00:00 0 
7f72b67e5000-7f72b67ea000 rw-p 00000000 00:00 0 
7f72b67ea000-7f72b67f1000 ---p 00000000 00:00 0 
7f72b67f1000-7f72b67f4000 r--p 00000000 08:01 2907361                    /usr/lib/x86_64-linux-gnu/libnss_files-2.31.so
7f72b67f4000-7f72b67fb000 r-xp 00003000 08:01 2907361                    /usr/lib/x86_64-linux-gnu/libnss_files-2.31.so
7f72b67fb000-7f72b67fd000 r--p 0000a000 08:01 2907361                    /usr/lib/x86_64-linux-gnu/libnss_files-2.31.so
7f72b67fd000-7f72b67fe000 r--p 0000b000 08:01 2907361                    /usr/lib/x86_64-linux-gnu/libnss_files-2.31.so
7f72b67fe000-7f72b67ff000 rw-p 0000c000 08:01 2907361                    /usr/lib/x86_64-linux-gnu/libnss_files-2.31.so
7f72b67ff000-7f72b6805000 rw-p 00000000 00:00 0 
7f72b6805000-7f72b6806000 r--p 00000000 08:01 4325404                    /home/adam/jdk11u/build/linux-x86_64-normal-server-release/images/jdk/lib/libjaas.so
7f72b6806000-7f72b6807000 r-xp 00001000 08:01 4325404                    /home/adam/jdk11u/build/linux-x86_64-normal-server-release/images/jdk/lib/libjaas.so
7f72b6807000-7f72b6808000 r--p 00002000 08:01 4325404                    /home/adam/jdk11u/build/linux-x86_64-normal-server-release/images/jdk/lib/libjaas.so
7f72b6808000-7f72b6809000 r--p 00002000 08:01 4325404                    /home/adam/jdk11u/build/linux-x86_64-normal-server-release/images/jdk/lib/libjaas.so
7f72b6809000-7f72b680a000 rw-p 00003000 08:01 4325404                    /home/adam/jdk11u/build/linux-x86_64-normal-server-release/images/jdk/lib/libjaas.so
7f72b680a000-7f72b680c000 r--p 00000000 08:01 4325459                    /home/adam/jdk11u/build/linux-x86_64-normal-server-release/images/jdk/lib/libzip.so
7f72b680c000-7f72b6810000 r-xp 00002000 08:01 4325459                    /home/adam/jdk11u/build/linux-x86_64-normal-server-release/images/jdk/lib/libzip.so
7f72b6810000-7f72b6812000 r--p 00006000 08:01 4325459                    /home/adam/jdk11u/build/linux-x86_64-normal-server-release/images/jdk/lib/libzip.so
7f72b6812000-7f72b6813000 r--p 00007000 08:01 4325459                    /home/adam/jdk11u/build/linux-x86_64-normal-server-release/images/jdk/lib/libzip.so
7f72b6813000-7f72b6814000 rw-p 00008000 08:01 4325459                    /home/adam/jdk11u/build/linux-x86_64-normal-server-release/images/jdk/lib/libzip.so
7f72b6814000-7f72b681c000 rw-s 00000000 08:01 262435                     /tmp/hsperfdata_root/10270
7f72b681c000-7f72b6820000 r--p 00000000 08:01 4325454                    /home/adam/jdk11u/build/linux-x86_64-normal-server-release/images/jdk/lib/libjimage.so
7f72b6820000-7f72b6833000 r-xp 00004000 08:01 4325454                    /home/adam/jdk11u/build/linux-x86_64-normal-server-release/images/jdk/lib/libjimage.so
7f72b6833000-7f72b6839000 r--p 00017000 08:01 4325454                    /home/adam/jdk11u/build/linux-x86_64-normal-server-release/images/jdk/lib/libjimage.so
7f72b6839000-7f72b683b000 r--p 0001c000 08:01 4325454                    /home/adam/jdk11u/build/linux-x86_64-normal-server-release/images/jdk/lib/libjimage.so
7f72b683b000-7f72b683c000 rw-p 0001e000 08:01 4325454                    /home/adam/jdk11u/build/linux-x86_64-normal-server-release/images/jdk/lib/libjimage.so
7f72b683c000-7f72b684a000 r--p 00000000 08:01 4325476                    /home/adam/jdk11u/build/linux-x86_64-normal-server-release/images/jdk/lib/libjava.so
7f72b684a000-7f72b6860000 r-xp 0000e000 08:01 4325476                    /home/adam/jdk11u/build/linux-x86_64-normal-server-release/images/jdk/lib/libjava.so
7f72b6860000-7f72b6867000 r--p 00024000 08:01 4325476                    /home/adam/jdk11u/build/linux-x86_64-normal-server-release/images/jdk/lib/libjava.so
7f72b6867000-7f72b6868000 r--p 0002a000 08:01 4325476                    /home/adam/jdk11u/build/linux-x86_64-normal-server-release/images/jdk/lib/libjava.so
7f72b6868000-7f72b6869000 rw-p 0002b000 08:01 4325476                    /home/adam/jdk11u/build/linux-x86_64-normal-server-release/images/jdk/lib/libjava.so
7f72b6869000-7f72b686a000 rw-p 00000000 00:00 0 
7f72b686a000-7f72b686c000 r--p 00000000 08:01 2907366                    /usr/lib/x86_64-linux-gnu/librt-2.31.so
7f72b686c000-7f72b6870000 r-xp 00002000 08:01 2907366                    /usr/lib/x86_64-linux-gnu/librt-2.31.so
7f72b6870000-7f72b6872000 r--p 00006000 08:01 2907366                    /usr/lib/x86_64-linux-gnu/librt-2.31.so
7f72b6872000-7f72b6873000 r--p 00007000 08:01 2907366                    /usr/lib/x86_64-linux-gnu/librt-2.31.so
7f72b6873000-7f72b6874000 rw-p 00008000 08:01 2907366                    /usr/lib/x86_64-linux-gnu/librt-2.31.so
7f72b6874000-7f72b6878000 ---p 00000000 00:00 0 
7f72b6878000-7f72b6975000 rw-p 00000000 00:00 0 
7f72b6975000-7f72b6982000 r--p 00000000 08:01 2907355                    /usr/lib/x86_64-linux-gnu/libm-2.31.so
7f72b6982000-7f72b6a1c000 r-xp 0000d000 08:01 2907355                    /usr/lib/x86_64-linux-gnu/libm-2.31.so
7f72b6a1c000-7f72b6ab7000 r--p 000a7000 08:01 2907355                    /usr/lib/x86_64-linux-gnu/libm-2.31.so
7f72b6ab7000-7f72b6ab8000 r--p 00141000 08:01 2907355                    /usr/lib/x86_64-linux-gnu/libm-2.31.so
7f72b6ab8000-7f72b6ab9000 rw-p 00142000 08:01 2907355                    /usr/lib/x86_64-linux-gnu/libm-2.31.so
7f72b6ab9000-7f72b6d35000 r--p 00000000 08:01 4325457                    /home/adam/jdk11u/build/linux-x86_64-normal-server-release/images/jdk/lib/server/libjvm.so
7f72b6d35000-7f72b7926000 r-xp 0027c000 08:01 4325457                    /home/adam/jdk11u/build/linux-x86_64-normal-server-release/images/jdk/lib/server/libjvm.so
7f72b7926000-7f72b7b7b000 r--p 00e6d000 08:01 4325457                    /home/adam/jdk11u/build/linux-x86_64-normal-server-release/images/jdk/lib/server/libjvm.so
7f72b7b7b000-7f72b7c3e000 r--p 010c1000 08:01 4325457                    /home/adam/jdk11u/build/linux-x86_64-normal-server-release/images/jdk/lib/server/libjvm.so
7f72b7c3e000-7f72b7c78000 rw-p 01184000 08:01 4325457                    /home/adam/jdk11u/build/linux-x86_64-normal-server-release/images/jdk/lib/server/libjvm.so
7f72b7c78000-7f72b7cd1000 rw-p 00000000 00:00 0 
7f72b7cd1000-7f72b7cd7000 r--p 00000000 08:01 2907364                    /usr/lib/x86_64-linux-gnu/libpthread-2.31.so
7f72b7cd7000-7f72b7ce7000 r-xp 00006000 08:01 2907364                    /usr/lib/x86_64-linux-gnu/libpthread-2.31.so
7f72b7ce7000-7f72b7ced000 r--p 00016000 08:01 2907364                    /usr/lib/x86_64-linux-gnu/libpthread-2.31.so
7f72b7ced000-7f72b7cee000 r--p 0001b000 08:01 2907364                    /usr/lib/x86_64-linux-gnu/libpthread-2.31.so
7f72b7cee000-7f72b7cef000 rw-p 0001c000 08:01 2907364                    /usr/lib/x86_64-linux-gnu/libpthread-2.31.so
7f72b7cef000-7f72b7cf3000 rw-p 00000000 00:00 0 
7f72b7cf3000-7f72b7cf4000 r--p 00000000 08:01 2907353                    /usr/lib/x86_64-linux-gnu/libdl-2.31.so
7f72b7cf4000-7f72b7cf6000 r-xp 00001000 08:01 2907353                    /usr/lib/x86_64-linux-gnu/libdl-2.31.so
7f72b7cf6000-7f72b7cf7000 r--p 00003000 08:01 2907353                    /usr/lib/x86_64-linux-gnu/libdl-2.31.so
7f72b7cf7000-7f72b7cf8000 r--p 00003000 08:01 2907353                    /usr/lib/x86_64-linux-gnu/libdl-2.31.so
7f72b7cf8000-7f72b7cf9000 rw-p 00004000 08:01 2907353                    /usr/lib/x86_64-linux-gnu/libdl-2.31.so
7f72b7cf9000-7f72b7cfc000 r--p 00000000 08:01 2885790                    /usr/lib/x86_64-linux-gnu/libz.so.1.2.11
7f72b7cfc000-7f72b7d0d000 r-xp 00003000 08:01 2885790                    /usr/lib/x86_64-linux-gnu/libz.so.1.2.11
7f72b7d0d000-7f72b7d13000 r--p 00014000 08:01 2885790                    /usr/lib/x86_64-linux-gnu/libz.so.1.2.11
7f72b7d13000-7f72b7d14000 ---p 0001a000 08:01 2885790                    /usr/lib/x86_64-linux-gnu/libz.so.1.2.11
7f72b7d14000-7f72b7d15000 r--p 0001a000 08:01 2885790                    /usr/lib/x86_64-linux-gnu/libz.so.1.2.11
7f72b7d15000-7f72b7d16000 rw-p 0001b000 08:01 2885790                    /usr/lib/x86_64-linux-gnu/libz.so.1.2.11
7f72b7d16000-7f72b7d38000 r--p 00000000 08:01 2907352                    /usr/lib/x86_64-linux-gnu/libc-2.31.so
7f72b7d38000-7f72b7e92000 r-xp 00022000 08:01 2907352                    /usr/lib/x86_64-linux-gnu/libc-2.31.so
7f72b7e92000-7f72b7ee1000 r--p 0017c000 08:01 2907352                    /usr/lib/x86_64-linux-gnu/libc-2.31.so
7f72b7ee1000-7f72b7ee5000 r--p 001ca000 08:01 2907352                    /usr/lib/x86_64-linux-gnu/libc-2.31.so
7f72b7ee5000-7f72b7ee7000 rw-p 001ce000 08:01 2907352                    /usr/lib/x86_64-linux-gnu/libc-2.31.so
7f72b7ee7000-7f72b7eeb000 rw-p 00000000 00:00 0 
7f72b7eee000-7f72b7eef000 ---p 00000000 00:00 0 
7f72b7eef000-7f72b7ef0000 r--p 00000000 00:00 0 
7f72b7ef0000-7f72b7ef5000 r--p 00000000 08:01 4325460                    /home/adam/jdk11u/build/linux-x86_64-normal-server-release/images/jdk/lib/libverify.so
7f72b7ef5000-7f72b7efc000 r-xp 00005000 08:01 4325460                    /home/adam/jdk11u/build/linux-x86_64-normal-server-release/images/jdk/lib/libverify.so
7f72b7efc000-7f72b7efe000 r--p 0000c000 08:01 4325460                    /home/adam/jdk11u/build/linux-x86_64-normal-server-release/images/jdk/lib/libverify.so
7f72b7efe000-7f72b7eff000 ---p 0000e000 08:01 4325460                    /home/adam/jdk11u/build/linux-x86_64-normal-server-release/images/jdk/lib/libverify.so
7f72b7eff000-7f72b7f01000 r--p 0000e000 08:01 4325460                    /home/adam/jdk11u/build/linux-x86_64-normal-server-release/images/jdk/lib/libverify.so
7f72b7f01000-7f72b7f02000 rw-p 00010000 08:01 4325460                    /home/adam/jdk11u/build/linux-x86_64-normal-server-release/images/jdk/lib/libverify.so
7f72b7f02000-7f72b7f05000 r--p 00000000 08:01 4325468                    /home/adam/jdk11u/build/linux-x86_64-normal-server-release/images/jdk/lib/jli/libjli.so
7f72b7f05000-7f72b7f0f000 r-xp 00003000 08:01 4325468                    /home/adam/jdk11u/build/linux-x86_64-normal-server-release/images/jdk/lib/jli/libjli.so
7f72b7f0f000-7f72b7f12000 r--p 0000d000 08:01 4325468                    /home/adam/jdk11u/build/linux-x86_64-normal-server-release/images/jdk/lib/jli/libjli.so
7f72b7f12000-7f72b7f13000 ---p 00010000 08:01 4325468                    /home/adam/jdk11u/build/linux-x86_64-normal-server-release/images/jdk/lib/jli/libjli.so
7f72b7f13000-7f72b7f14000 r--p 00010000 08:01 4325468                    /home/adam/jdk11u/build/linux-x86_64-normal-server-release/images/jdk/lib/jli/libjli.so
7f72b7f14000-7f72b7f15000 rw-p 00011000 08:01 4325468                    /home/adam/jdk11u/build/linux-x86_64-normal-server-release/images/jdk/lib/jli/libjli.so
7f72b7f15000-7f72b7f17000 rw-p 00000000 00:00 0 
7f72b7f17000-7f72b7f18000 r--p 00000000 08:01 2907322                    /usr/lib/x86_64-linux-gnu/ld-2.31.so
7f72b7f18000-7f72b7f38000 r-xp 00001000 08:01 2907322                    /usr/lib/x86_64-linux-gnu/ld-2.31.so
7f72b7f38000-7f72b7f40000 r--p 00021000 08:01 2907322                    /usr/lib/x86_64-linux-gnu/ld-2.31.so
7f72b7f41000-7f72b7f42000 r--p 00029000 08:01 2907322                    /usr/lib/x86_64-linux-gnu/ld-2.31.so
7f72b7f42000-7f72b7f43000 rw-p 0002a000 08:01 2907322                    /usr/lib/x86_64-linux-gnu/ld-2.31.so
7f72b7f43000-7f72b7f44000 rw-p 00000000 00:00 0 
7ffcc0096000-7ffcc00b7000 rw-p 00000000 00:00 0                          [stack]
7ffcc00d9000-7ffcc00dd000 r--p 00000000 00:00 0                          [vvar]
7ffcc00dd000-7ffcc00df000 r-xp 00000000 00:00 0                          [vdso]


VM Arguments:
jvm_args: -XX:AllocateHeapAt=/dev/fakeblk -Xlog:gc=debug -XX:+UnlockExperimentalVMOptions -XX:-UseTLAB -XX:+UseEpsilonGC -Xnoclassgc -Xmx8g 
java_command: org.apache.spark.deploy.SparkSubmit --master local[*] --class WordCount /home/adam/Spark_benchmark/spark_run/run.jar
java_class_path (initial): /home/adam/Spark_benchmark/spark_compiled/conf/:/home/adam/Spark_benchmark/spark_compiled/jars/hadoop-shaded-guava-1.1.1.jar:/home/adam/Spark_benchmark/spark_compiled/jars/jersey-client-2.36.jar:/home/adam/Spark_benchmark/spark_compiled/jars/netty-transport-native-epoll-4.1.86.Final-linux-aarch_64.jar:/home/adam/Spark_benchmark/spark_compiled/jars/jsr305-3.0.0.jar:/home/adam/Spark_benchmark/spark_compiled/jars/scala-xml_2.12-2.1.0.jar:/home/adam/Spark_benchmark/spark_compiled/jars/parquet-common-1.12.3.jar:/home/adam/Spark_benchmark/spark_compiled/jars/curator-client-2.13.0.jar:/home/adam/Spark_benchmark/spark_compiled/jars/spire-platform_2.12-0.17.0.jar:/home/adam/Spark_benchmark/spark_compiled/jars/netty-codec-http2-4.1.86.Final.jar:/home/adam/Spark_benchmark/spark_compiled/jars/kubernetes-model-flowcontrol-6.4.0.jar:/home/adam/Spark_benchmark/spark_compiled/jars/snappy-java-1.1.8.4.jar:/home/adam/Spark_benchmark/spark_compiled/jars/compress-lzf-1.1.jar:/home/adam/Spark_benchmark/spark_compiled/jars/stream-2.9.6.jar:/home/adam/Spark_benchmark/spark_compiled/jars/spire-macros_2.12-0.17.0.jar:/home/adam/Spark_benchmark/spark_compiled/jars/spark-yarn_2.12-3.5.0-SNAPSHOT.jar:/home/adam/Spark_benchmark/spark_compiled/jars/spark-tags_2.12-3.5.0-SNAPSHOT.jar:/home/adam/Spark_benchmark/spark_compiled/jars/arrow-format-10.0.1.jar:/home/adam/Spark_benchmark/spark_compiled/jars/zookeeper-jute-3.6.3.jar:/home/adam/Spark_benchmark/spark_compiled/jars/avro-1.11.1.jar:/home/adam/Spark_benchmark/spark_compiled/jars/protobuf-java-2.5.0.jar:/home/adam/Spark_benchmark/spark_compiled/jars/JLargeArrays-1.5.jar:/home/adam/Spark_benchmark/spark_compiled/jars/arrow-memory-netty-10.0.1.jar:/home/adam/Spark_benchmark/spark_compiled/jars/log4j-api-2.19.0.jar:/home/adam/Spark_benchmark/spark_compiled/jars/py4j-0.10.9.7.jar:/home/adam/Spark_benchmark/spark_compiled/jars/commons-crypto-1.1.0.jar:/home/adam/Spark_benchmark/spark_compiled/jars/jakarta.servlet-api-4.0
Launcher Type: SUN_STANDARD

[Global flags]
    ccstr AllocateHeapAt                           = /dev/fakeblk                              {product} {command line}
     intx CICompilerCount                          = 4                                         {product} {ergonomic}
     bool ClassUnloading                           = false                                     {product} {command line}
     bool ClassUnloadingWithConcurrentMark         = false                                     {product} {command line}
   size_t InitialHeapSize                          = 25165824                                  {product} {ergonomic}
   size_t MaxHeapSize                              = 8589934592                                {product} {command line}
   size_t MinHeapDeltaBytes                        = 172032                                    {product} {ergonomic}
    uintx NonNMethodCodeHeapSize                   = 5836300                                {pd product} {ergonomic}
    uintx NonProfiledCodeHeapSize                  = 122910970                              {pd product} {ergonomic}
    uintx ProfiledCodeHeapSize                     = 122910970                              {pd product} {ergonomic}
    uintx ReservedCodeCacheSize                    = 251658240                              {pd product} {ergonomic}
     bool SegmentedCodeCache                       = true                                      {product} {ergonomic}
     bool UnlockExperimentalVMOptions              = true                                 {experimental} {command line}
     bool UseCompressedClassPointers               = true                                 {lp64_product} {ergonomic}
     bool UseCompressedOops                        = true                                 {lp64_product} {ergonomic}
     bool UseEpsilonGC                             = true                                 {experimental} {command line}
     bool UseTLAB                                  = false                                  {pd product} {command line}

Logging:
Log output configuration:
 #0: stdout all=warning,gc=debug uptime,level,tags
 #1: stderr all=off uptime,level,tags

Environment Variables:
PATH=/usr/local/sbin:/usr/local/bin:/usr/sbin:/usr/bin:/sbin:/bin
SHELL=/bin/bash
LANG=fr_FR.UTF-8

Signal Handlers:
SIGSEGV: [libjvm.so+0xde1ed0], sa_mask[0]=11111111011111111101111111111110, sa_flags=SA_RESTART|SA_SIGINFO
SIGBUS: [libjvm.so+0xde1ed0], sa_mask[0]=11111111011111111101111111111110, sa_flags=SA_RESTART|SA_SIGINFO
SIGFPE: [libjvm.so+0xde1ed0], sa_mask[0]=11111111011111111101111111111110, sa_flags=SA_RESTART|SA_SIGINFO
SIGPIPE: [libjvm.so+0xbdcab0], sa_mask[0]=11111111011111111101111111111110, sa_flags=SA_RESTART|SA_SIGINFO
SIGXFSZ: [libjvm.so+0xbdcab0], sa_mask[0]=11111111011111111101111111111110, sa_flags=SA_RESTART|SA_SIGINFO
SIGILL: [libjvm.so+0xde1ed0], sa_mask[0]=11111111011111111101111111111110, sa_flags=SA_RESTART|SA_SIGINFO
SIGUSR2: [libjvm.so+0xbdc950], sa_mask[0]=00000000000000000000000000000000, sa_flags=SA_RESTART|SA_SIGINFO
SIGHUP: [libjvm.so+0xbdd1e0], sa_mask[0]=11111111011111111101111111111110, sa_flags=SA_RESTART|SA_SIGINFO
SIGINT: [libjvm.so+0xbdd1e0], sa_mask[0]=11111111011111111101111111111110, sa_flags=SA_RESTART|SA_SIGINFO
SIGTERM: [libjvm.so+0xbdd1e0], sa_mask[0]=11111111011111111101111111111110, sa_flags=SA_RESTART|SA_SIGINFO
SIGQUIT: [libjvm.so+0xbdd1e0], sa_mask[0]=11111111011111111101111111111110, sa_flags=SA_RESTART|SA_SIGINFO


---------------  S Y S T E M  ---------------

OS:PRETTY_NAME="Debian GNU/Linux 11 (bullseye)"
NAME="Debian GNU/Linux"
VERSION_ID="11"
VERSION="11 (bullseye)"
VERSION_CODENAME=bullseye
ID=debian
HOME_URL="https://www.debian.org/"
SUPPORT_URL="https://www.debian.org/support"
BUG_REPORT_URL="https://bugs.debian.org/"
uname:Linux 5.10.0-11-amd64 #1 SMP Debian 5.10.92-2 (2022-02-28) x86_64
OS uptime: 1 days 2:42 hours
libc:glibc 2.31 NPTL 2.31 
rlimit (soft/hard): STACK 8192k/infinity , CORE 0k/infinity , NPROC 128459/128459 , NOFILE 1048576/1048576 , AS infinity/infinity , CPU infinity/infinity , DATA infinity/infinity , FSIZE infinity/infinity , MEMLOCK 4116444k/4116444k
load average:1,15 1,10 1,09

/proc/meminfo:
MemTotal:       32931552 kB
MemFree:        10484732 kB
MemAvailable:   19019324 kB
Buffers:         1467156 kB
Cached:         15800844 kB
SwapCached:            0 kB
Active:         17221268 kB
Inactive:        4343568 kB
Active(anon):   12583648 kB
Inactive(anon):   389280 kB
Active(file):    4637620 kB
Inactive(file):  3954288 kB
Unevictable:           0 kB
Mlocked:               0 kB
SwapTotal:             0 kB
SwapFree:              0 kB
Dirty:               108 kB
Writeback:             0 kB
AnonPages:        389092 kB
Mapped:          1351452 kB
Shmem:           8675528 kB
KReclaimable:     412412 kB
Slab:             476360 kB
SReclaimable:     412412 kB
SUnreclaim:        63948 kB
KernelStack:        4608 kB
PageTables:         7776 kB
NFS_Unstable:          0 kB
Bounce:                0 kB
WritebackTmp:          0 kB
CommitLimit:    16465776 kB
Committed_AS:     980268 kB
VmallocTotal:   34359738367 kB
VmallocUsed:      221872 kB
VmallocChunk:          0 kB
Percpu:             6208 kB
HardwareCorrupted:     0 kB
AnonHugePages:    176128 kB
ShmemHugePages:        0 kB
ShmemPmdMapped:        0 kB
FileHugePages:         0 kB
FilePmdMapped:         0 kB
HugePages_Total:       0
HugePages_Free:        0
HugePages_Rsvd:        0
HugePages_Surp:        0
Hugepagesize:       2048 kB
Hugetlb:               0 kB
DirectMap4k:      247656 kB
DirectMap2M:    13383680 kB
DirectMap1G:    22020096 kB

/sys/kernel/mm/transparent_hugepage/enabled:
[always] madvise never
/sys/kernel/mm/transparent_hugepage/defrag (defrag/compaction efforts parameter):
always defer defer+madvise [madvise] never

Process Memory:
Virtual Size: 14155092K (peak: 14155092K)
Resident Set Size: 1520292K (peak: 1544752K) (anon: 261916K, file: 1258376K, shmem: 0K)
Swapped out: 0K
C-Heap outstanding allocations: 128937K, retained: 33106K
glibc malloc tunables: (default)

/proc/sys/kernel/threads-max (system-wide limit on the number of threads):
256918
/proc/sys/vm/max_map_count (maximum number of memory map areas a process may have):
65530
/proc/sys/kernel/pid_max (system-wide limit on number of process identifiers):
4194304

container (cgroup) information:
container_type: cgroupv2
cpu_cpuset_cpus: not supported
cpu_memory_nodes: not supported
active_processor_count: 8
cpu_quota: not supported
cpu_period: not supported
cpu_shares: not supported
memory_limit_in_bytes: 1610612736
memory_and_swap_limit_in_bytes: unlimited
memory_soft_limit_in_bytes: unlimited
memory_usage_in_bytes: 1610477568
memory_max_usage_in_bytes: not supported

KVM virtualization detected
Steal ticks since vm start: 661
Steal ticks percentage since vm start:  0,000

CPU:total 8 (initial active 8) (4 cores per cpu, 1 threads per core) family 6 model 85 stepping 7 microcode 0x5003102, cmov, cx8, fxsr, mmx, sse, sse2, sse3, ssse3, sse4.1, sse4.2, popcnt, avx, avx2, aes, clmul, erms, 3dnowpref, lzcnt, tsc, bmi1, bmi2, adx, evex, fma
CPU Model and flags from /proc/cpuinfo:
model name	: Intel(R) Xeon(R) Silver 4208 CPU @ 2.10GHz
flags		: fpu vme de pse tsc msr pae mce cx8 apic sep mtrr pge mca cmov pat pse36 clflush mmx fxsr sse sse2 ss ht syscall nx pdpe1gb rdtscp lm constant_tsc arch_perfmon rep_good nopl xtopology cpuid tsc_known_freq pni pclmulqdq vmx ssse3 fma cx16 pdcm pcid sse4_1 sse4_2 x2apic movbe popcnt tsc_deadline_timer aes xsave avx f16c rdrand hypervisor lahf_lm abm 3dnowprefetch cpuid_fault invpcid_single ssbd ibrs ibpb stibp ibrs_enhanced tpr_shadow vnmi flexpriority ept vpid ept_ad fsgsbase tsc_adjust bmi1 avx2 smep bmi2 erms invpcid mpx avx512f avx512dq rdseed adx smap clflushopt clwb avx512cd avx512bw avx512vl xsaveopt xsavec xgetbv1 xsaves arat umip pku ospke avx512_vnni md_clear arch_capabilities
Online cpus:
0-7
Offline cpus:

BIOS frequency limitation:
<Not Available>
Frequency switch latency (ns):
<Not Available>
Available cpu frequencies:
<Not Available>
Current governor:
<Not Available>
Core performance/turbo boost:
<Not Available>

Memory: 4k page, physical 1572864k(132k free), swap 0k(0k free)

vm_info: OpenJDK 64-Bit Server VM (11.0.16-internal+0-adhoc.adam.jdk11u) for linux-amd64 JRE (11.0.16-internal+0-adhoc.adam.jdk11u), built on May 12 2023 09:42:00 by "adam" with gcc 10.2.1 20210110

END.
