#
# A fatal error has been detected by the Java Runtime Environment:
#
#  SIGSEGV (0xb) at pc=0x00007f5ff3049f10, pid=10056, tid=10104
#
# JRE version: OpenJDK Runtime Environment (11.0.16) (build 11.0.16-internal+0-adhoc.adam.jdk11u)
# Java VM: OpenJDK 64-Bit Server VM (11.0.16-internal+0-adhoc.adam.jdk11u, mixed mode, tiered, compressed oops, epsilon gc, linux-amd64)
# Problematic frame:
# V  [libjvm.so+0x2cff10]  RemoteSpace::par_allocate_klass(unsigned long, Klass*)+0xb0
#
# No core dump will be written. Core dumps have been disabled. To enable core dumping, try "ulimit -c unlimited" before starting Java again
#
# If you would like to submit a bug report, please visit:
#   https://bugreport.java.com/bugreport/crash.jsp
#

---------------  S U M M A R Y ------------

Command Line: -XX:AllocateHeapAt=/dev/fakeblk -Xlog:gc=debug -XX:+UnlockExperimentalVMOptions -XX:-UseTLAB -XX:+UseEpsilonGC -Xnoclassgc -Xmx8g org.apache.spark.deploy.SparkSubmit --master local[*] --class WordCount /home/adam/Spark_benchmark/spark_run/run.jar

Host: Intel(R) Xeon(R) Silver 4208 CPU @ 2.10GHz, 8 cores, 1G, Debian GNU/Linux 11 (bullseye)
Time: Fri May 12 10:45:26 2023 CEST elapsed time: 3396.694016 seconds (0d 0h 56m 36s)

---------------  T H R E A D  ---------------

Current thread (0x00007f5fac002000):  JavaThread "heartbeat-receiver-event-loop-thread" daemon [_thread_in_vm, id=10104, stack(0x00007f5fa5ae3000,0x00007f5fa5be4000)]

Stack: [0x00007f5fa5ae3000,0x00007f5fa5be4000],  sp=0x00007f5fa5be2230,  free space=1020k
Native frames: (J=compiled Java code, A=aot compiled Java code, j=interpreted, Vv=VM code, C=native code)
V  [libjvm.so+0x2cff10]  RemoteSpace::par_allocate_klass(unsigned long, Klass*)+0xb0
V  [libjvm.so+0x727747]  EpsilonHeap::allocate_work_klass_impl(unsigned long, Klass*)+0x87
V  [libjvm.so+0x727a14]  EpsilonHeap::mem_allocate_klass(unsigned long, bool*, Klass*)+0x24
V  [libjvm.so+0xb42957]  MemAllocator::allocate() const+0x117
V  [libjvm.so+0x604bad]  CollectedHeap::obj_allocate(Klass*, int, Thread*)+0x3d
V  [libjvm.so+0x8572f4]  InstanceKlass::allocate_instance(Thread*)+0x34
V  [libjvm.so+0xc94cf4]  OptoRuntime::new_instance_C(Klass*, JavaThread*)+0x1e4

Java frames: (J=compiled Java code, j=interpreted, Vv=VM code)
v  ~RuntimeStub::_new_instance_Java
J 5523 c2 scala.Option$.apply(Ljava/lang/Object;)Lscala/Option; (17 bytes) @ 0x00007f5fdc61d3e4 [0x00007f5fdc61d3a0+0x0000000000000044]
j  org.apache.spark.HeartbeatReceiver.$anonfun$onStart$2(Lorg/apache/spark/HeartbeatReceiver;)V+7
j  org.apache.spark.HeartbeatReceiver$$Lambda$662.apply$mcV$sp()V+4
j  org.apache.spark.util.Utils$.tryLogNonFatalError(Lscala/Function0;)V+1
j  org.apache.spark.HeartbeatReceiver.$anonfun$onStart$1(Lorg/apache/spark/HeartbeatReceiver;)V+9
j  org.apache.spark.HeartbeatReceiver$$Lambda$661.run()V+4
J 5807 c1 java.util.concurrent.Executors$RunnableAdapter.call()Ljava/lang/Object; java.base@11.0.16-internal (14 bytes) @ 0x00007f5fd5858254 [0x00007f5fd5858140+0x0000000000000114]
J 6062 c1 java.util.concurrent.FutureTask.runAndReset()Z java.base@11.0.16-internal (125 bytes) @ 0x00007f5fd58d42a4 [0x00007f5fd58d3c00+0x00000000000006a4]
J 5815 c1 java.util.concurrent.ScheduledThreadPoolExecutor$ScheduledFutureTask.run()V java.base@11.0.16-internal (57 bytes) @ 0x00007f5fd585dca4 [0x00007f5fd585dac0+0x00000000000001e4]
j  java.util.concurrent.ThreadPoolExecutor.runWorker(Ljava/util/concurrent/ThreadPoolExecutor$Worker;)V+92 java.base@11.0.16-internal
j  java.util.concurrent.ThreadPoolExecutor$Worker.run()V+5 java.base@11.0.16-internal
j  java.lang.Thread.run()V+11 java.base@11.0.16-internal
v  ~StubRoutines::call_stub

siginfo: si_signo: 11 (SIGSEGV), si_code: 2 (SEGV_ACCERR), si_addr: 0x00007f5efffffff4

Register to memory mapping:

RAX=0x00007f5f00000000 points into unknown readable memory: 0x00007f5f00000020 | 20 00 00 00 5f 7f 00 00
RBX=0x00000008000738d0 is a pointer to class: 
scala.Some {0x00000008000738d0}
RCX=0x00007f5ff3f9df09: <offset 0x000000000000bf09> in /lib/x86_64-linux-gnu/libpthread.so.0 at 0x00007f5ff3f92000
RDX=0x00000008000738d0 is a pointer to class: 
scala.Some {0x00000008000738d0}
RSP=0x00007f5fa5be2230 is pointing into the stack for thread: 0x00007f5fac002000
RBP=0x00007f5fa5be22c0 is pointing into the stack for thread: 0x00007f5fac002000
RSI=0x0000000000000081 is an unknown value
RDI=0x00007f5ff3f38320: <offset 0x00000000011be320> in /home/adam/jdk11u/build/linux-x86_64-normal-server-release/images/jdk/lib/server/libjvm.so at 0x00007f5ff2d7a000
R8 =0x0 is NULL
R9 =0x0000000000000004 is an unknown value
R10=0x0 is NULL
R11=0x0000000000000286 is an unknown value
R12=0x0000000000000002 is an unknown value
R13=0x00007f5fec03e420 points into unknown readable memory: 0x00007f5ff3e54450 | 50 44 e5 f3 5f 7f 00 00
R14=0x00007f5ff3fa1c00: __pthread_key_create+0x0000000000000000 in /lib/x86_64-linux-gnu/libpthread.so.0 at 0x00007f5ff3f92000
R15=0x000000000000000a is an unknown value


Registers:
RAX=0x00007f5f00000000, RBX=0x00000008000738d0, RCX=0x00007f5ff3f9df09, RDX=0x00000008000738d0
RSP=0x00007f5fa5be2230, RBP=0x00007f5fa5be22c0, RSI=0x0000000000000081, RDI=0x00007f5ff3f38320
R8 =0x0000000000000000, R9 =0x0000000000000004, R10=0x0000000000000000, R11=0x0000000000000286
R12=0x0000000000000002, R13=0x00007f5fec03e420, R14=0x00007f5ff3fa1c00, R15=0x000000000000000a
RIP=0x00007f5ff3049f10, EFLAGS=0x0000000000010206, CSGSFS=0x002b000000000033, ERR=0x0000000000000006
  TRAPNO=0x000000000000000e

Top of Stack: (sp=0x00007f5fa5be2230)
0x00007f5fa5be2230:   00007f5f00000000 00007f5fec9fc2d0
0x00007f5fa5be2240:   00000008003df06b 0000000000000002
0x00007f5fa5be2250:   00000008000738d0 00007f5ff340538a
0x00007f5fa5be2260:   00007f5f00000001 000000000000000a 

Instructions: (pc=0x00007f5ff3049f10)
0x00007f5ff3049e10:   89 75 c0 19 d2 c6 45 b0 69 83 e2 04 83 c2 0c 80
0x00007f5ff3049e20:   38 01 19 c0 66 0f 6e ca ba 28 00 00 00 83 e0 08
0x00007f5ff3049e30:   83 c0 10 66 0f 6e c0 31 c0 44 88 e0 66 0f 62 c1
0x00007f5ff3049e40:   88 dc 66 0f d6 45 c8 66 89 45 d0 e8 a0 cf fa ff
0x00007f5ff3049e50:   48 83 c4 30 5b 41 5c 41 5d 41 5e 5d c3 90 66 90
0x00007f5ff3049e60:   55 48 89 e5 41 57 41 56 41 55 49 89 fd 41 54 49
0x00007f5ff3049e70:   89 f4 53 48 89 d3 48 83 ec 68 4c 8b 35 ef 50 eb
0x00007f5ff3049e80:   00 c6 45 80 6b 48 89 75 88 48 89 55 90 4d 85 f6
0x00007f5ff3049e90:   74 14 48 8d 3d 87 e4 ee 00 e8 72 c4 fa ff 85 c0
0x00007f5ff3049ea0:   0f 85 46 02 00 00 8b 3d 5c 51 eb 00 48 8d 75 80
0x00007f5ff3049eb0:   ba 18 00 00 00 e8 36 cf fa ff 8b 3d 48 51 eb 00
0x00007f5ff3049ec0:   ba 10 00 00 00 48 8d b5 70 ff ff ff e8 6f ca fa
0x00007f5ff3049ed0:   ff 48 83 bd 78 ff ff ff 00 75 55 8b 43 08 85 c0
0x00007f5ff3049ee0:   7e 0d f6 83 3a 01 00 00 03 0f 85 c1 00 00 00 4d
0x00007f5ff3049ef0:   85 f6 74 0c 48 8d 3d 25 e4 ee 00 e8 c0 c3 fa ff
0x00007f5ff3049f00:   48 8b 85 70 ff ff ff 48 85 c0 74 13 48 8b 55 90
0x00007f5ff3049f10:   44 89 60 f4 c7 40 f0 ef be ad de 48 89 50 f8 48
0x00007f5ff3049f20:   83 c4 68 5b 41 5c 41 5d 41 5e 41 5f 5d c3 66 90
0x00007f5ff3049f30:   8b 43 08 48 89 df 48 c7 45 b8 00 00 00 00 c7 45
0x00007f5ff3049f40:   c0 63 00 00 00 c7 45 b0 00 00 00 00 89 45 c4 e8
0x00007f5ff3049f50:   3c ed 75 00 48 89 c7 e8 54 c5 fa ff 48 89 45 a8
0x00007f5ff3049f60:   8b 43 08 85 c0 7f 79 3d 00 00 00 c0 0f 8c fd 00
0x00007f5ff3049f70:   00 00 3d ff ff ff bf 0f 87 26 01 00 00 48 89 df
0x00007f5ff3049f80:   e8 0b ed 75 00 48 89 c7 e8 23 c5 fa ff 48 89 df
0x00007f5ff3049f90:   49 89 c7 e8 f8 ec 75 00 8b 3d 6a 50 eb 00 4c 89
0x00007f5ff3049fa0:   fa 48 89 c6 e8 47 ce fa ff e9 2d ff ff ff 66 90
0x00007f5ff3049fb0:   bf 10 00 00 00 48 8b 9d 70 ff ff ff e8 0f cc fa
0x00007f5ff3049fc0:   ff 49 8b 95 b0 00 00 00 48 89 18 48 89 50 08 49
0x00007f5ff3049fd0:   89 85 b0 00 00 00 e9 14 ff ff ff 0f 1f 44 00 00
0x00007f5ff3049fe0:   8b 83 30 01 00 00 48 89 df 89 45 b0 e8 9f ee 75
0x00007f5ff3049ff0:   00 48 63 93 c4 00 00 00 49 89 c0 48 63 83 34 01
0x00007f5ff304a000:   00 00 48 01 d0 4d 8d 3c c0 0f b7 83 3a 01 00 00 


Stack slot to memory mapping:
stack at sp + 0 slots: 0x00007f5f00000000 points into unknown readable memory: 0x00007f5f00000020 | 20 00 00 00 5f 7f 00 00
stack at sp + 1 slots: 0x00007f5fec9fc2d0 points into unknown readable memory: 0x2928434400170027 | 27 00 17 00 44 43 28 29
stack at sp + 2 slots: 0x00000008003df06b is pointing into metadata
stack at sp + 3 slots: 0x0000000000000002 is an unknown value
stack at sp + 4 slots: 0x00000008000738d0 is a pointer to class: 
scala.Some {0x00000008000738d0}
stack at sp + 5 slots: 0x00007f5ff340538a: <offset 0x000000000068b38a> in /home/adam/jdk11u/build/linux-x86_64-normal-server-release/images/jdk/lib/server/libjvm.so at 0x00007f5ff2d7a000
stack at sp + 6 slots: 0x00007f5f00000001 points into unknown readable memory: 00 00 00 5f 7f 00 00
stack at sp + 7 slots: 0x000000000000000a is an unknown value


---------------  P R O C E S S  ---------------

Threads class SMR info:
_java_thread_list=0x00007f5f84060a70, length=63, elements={
0x00007f5fec02b800, 0x00007f5fec0a1800, 0x00007f5fec0a6000, 0x00007f5fec0bb800,
0x00007f5fec0bd800, 0x00007f5fec0bf800, 0x00007f5fec0c1800, 0x00007f5fec0c3800,
0x00007f5fec14d800, 0x00007f5fecaf2800, 0x00007f5fee598800, 0x00007f5fee599800,
0x00007f5fee59b800, 0x00007f5fee59d000, 0x00007f5fee59e800, 0x00007f5fee5a0800,
0x00007f5fee5a2000, 0x00007f5fee5a4800, 0x00007f5fecae0800, 0x00007f5fece15000,
0x00007f5fece17000, 0x00007f5fece18800, 0x00007f5fece1a800, 0x00007f5fece1c000,
0x00007f5fece1e000, 0x00007f5fece20000, 0x00007f5fecec0000, 0x00007f5fece9f000,
0x00007f5fece9b800, 0x00007f5fed2f1800, 0x00007f5fed2f2800, 0x00007f5fed2f4800,
0x00007f5fed136800, 0x00007f5fed138000, 0x00007f5fed13a000, 0x00007f5fed13b800,
0x00007f5fed13d800, 0x00007f5fed29b000, 0x00007f5fac002000, 0x00007f5f2c016000,
0x00007f5fed127000, 0x00007f5fed129800, 0x00007f5fed2ba800, 0x00007f5fed30a000,
0x00007f5fed31b800, 0x00007f5fed327000, 0x00007f5fed365800, 0x00007f5fa0005000,
0x00007f5fed39d000, 0x00007f5fed600800, 0x00007f5fed602800, 0x00007f5fed60a800,
0x00007f5fed60d000, 0x00007f5ef4025000, 0x00007f5fedeb6800, 0x00007f5f84053000,
0x00007f5f84054000, 0x00007f5f84055800, 0x00007f5f84057800, 0x00007f5f84059800,
0x00007f5f8405b000, 0x00007f5f8405d000, 0x00007f5f8405f000
}

Java Threads: ( => current thread )
  0x00007f5fec02b800 JavaThread "main" [_thread_blocked, id=10057, stack(0x00007f5ff2b35000,0x00007f5ff2c36000)]
  0x00007f5fec0a1800 JavaThread "Reference Handler" daemon [_thread_blocked, id=10059, stack(0x00007f5ff1d87000,0x00007f5ff1e88000)]
  0x00007f5fec0a6000 JavaThread "Finalizer" daemon [_thread_blocked, id=10060, stack(0x00007f5ff1c86000,0x00007f5ff1d87000)]
  0x00007f5fec0bb800 JavaThread "Signal Dispatcher" daemon [_thread_blocked, id=10061, stack(0x00007f5ff189e000,0x00007f5ff199f000)]
  0x00007f5fec0bd800 JavaThread "Service Thread" daemon [_thread_blocked, id=10062, stack(0x00007f5ff179d000,0x00007f5ff189e000)]
  0x00007f5fec0bf800 JavaThread "C2 CompilerThread0" daemon [_thread_blocked, id=10063, stack(0x00007f5ff169c000,0x00007f5ff179d000)]
  0x00007f5fec0c1800 JavaThread "C1 CompilerThread0" daemon [_thread_blocked, id=10064, stack(0x00007f5ff159b000,0x00007f5ff169c000)]
  0x00007f5fec0c3800 JavaThread "Sweeper thread" daemon [_thread_blocked, id=10065, stack(0x00007f5ff149a000,0x00007f5ff159b000)]
  0x00007f5fec14d800 JavaThread "Common-Cleaner" daemon [_thread_blocked, id=10067, stack(0x00007f5ff1297000,0x00007f5ff1398000)]
  0x00007f5fecaf2800 JavaThread "rpc-boss-3-1" daemon [_thread_in_native, id=10074, stack(0x00007f5ff00c8000,0x00007f5ff01c9000)]
  0x00007f5fee598800 JavaThread "dispatcher-event-loop-0" daemon [_thread_blocked, id=10075, stack(0x00007f5fa7cff000,0x00007f5fa7e00000)]
  0x00007f5fee599800 JavaThread "dispatcher-event-loop-1" daemon [_thread_blocked, id=10076, stack(0x00007f5fa7bfe000,0x00007f5fa7cff000)]
  0x00007f5fee59b800 JavaThread "dispatcher-event-loop-2" daemon [_thread_blocked, id=10077, stack(0x00007f5fa7afd000,0x00007f5fa7bfe000)]
  0x00007f5fee59d000 JavaThread "dispatcher-event-loop-3" daemon [_thread_blocked, id=10078, stack(0x00007f5fa79fc000,0x00007f5fa7afd000)]
  0x00007f5fee59e800 JavaThread "dispatcher-event-loop-4" daemon [_thread_blocked, id=10079, stack(0x00007f5fa78fb000,0x00007f5fa79fc000)]
  0x00007f5fee5a0800 JavaThread "dispatcher-event-loop-5" daemon [_thread_blocked, id=10080, stack(0x00007f5fa77fa000,0x00007f5fa78fb000)]
  0x00007f5fee5a2000 JavaThread "dispatcher-event-loop-6" daemon [_thread_blocked, id=10081, stack(0x00007f5fa76f9000,0x00007f5fa77fa000)]
  0x00007f5fee5a4800 JavaThread "dispatcher-event-loop-7" daemon [_thread_blocked, id=10082, stack(0x00007f5fa75f8000,0x00007f5fa76f9000)]
  0x00007f5fecae0800 JavaThread "map-output-dispatcher-0" daemon [_thread_blocked, id=10083, stack(0x00007f5fa74f7000,0x00007f5fa75f8000)]
  0x00007f5fece15000 JavaThread "map-output-dispatcher-1" daemon [_thread_blocked, id=10084, stack(0x00007f5fa73f6000,0x00007f5fa74f7000)]
  0x00007f5fece17000 JavaThread "map-output-dispatcher-2" daemon [_thread_blocked, id=10085, stack(0x00007f5fa72f5000,0x00007f5fa73f6000)]
  0x00007f5fece18800 JavaThread "map-output-dispatcher-3" daemon [_thread_blocked, id=10086, stack(0x00007f5fa71f4000,0x00007f5fa72f5000)]
  0x00007f5fece1a800 JavaThread "map-output-dispatcher-4" daemon [_thread_blocked, id=10087, stack(0x00007f5fa70f3000,0x00007f5fa71f4000)]
  0x00007f5fece1c000 JavaThread "map-output-dispatcher-5" daemon [_thread_blocked, id=10088, stack(0x00007f5fa6ff2000,0x00007f5fa70f3000)]
  0x00007f5fece1e000 JavaThread "map-output-dispatcher-6" daemon [_thread_blocked, id=10089, stack(0x00007f5fa6ef1000,0x00007f5fa6ff2000)]
  0x00007f5fece20000 JavaThread "map-output-dispatcher-7" daemon [_thread_blocked, id=10090, stack(0x00007f5fa6df0000,0x00007f5fa6ef1000)]
  0x00007f5fecec0000 JavaThread "dispatcher-BlockManagerMaster" daemon [_thread_blocked, id=10091, stack(0x00007f5fa6aef000,0x00007f5fa6bf0000)]
  0x00007f5fece9f000 JavaThread "dispatcher-BlockManagerEndpoint1" daemon [_thread_blocked, id=10092, stack(0x00007f5fa69ee000,0x00007f5fa6aef000)]
  0x00007f5fece9b800 JavaThread "RemoteBlock-temp-file-clean-thread" daemon [_thread_in_vm_trans, id=10093, stack(0x00007f5fa68ed000,0x00007f5fa69ee000)]
  0x00007f5fed2f1800 JavaThread "SparkUI-37" daemon [_thread_in_native, id=10095, stack(0x00007f5fa65ec000,0x00007f5fa66ed000)]
  0x00007f5fed2f2800 JavaThread "SparkUI-38" daemon [_thread_in_native, id=10096, stack(0x00007f5fa64eb000,0x00007f5fa65ec000)]
  0x00007f5fed2f4800 JavaThread "SparkUI-39" daemon [_thread_in_native, id=10097, stack(0x00007f5fa63ea000,0x00007f5fa64eb000)]
  0x00007f5fed136800 JavaThread "SparkUI-40" daemon [_thread_in_native, id=10098, stack(0x00007f5fa62e9000,0x00007f5fa63ea000)]
  0x00007f5fed138000 JavaThread "SparkUI-41-acceptor-0@6a22a12e-Spark@64e5421a{HTTP/1.1, (http/1.1)}{0.0.0.0:4040}" daemon [_thread_in_native, id=10099, stack(0x00007f5fa61e8000,0x00007f5fa62e9000)]
  0x00007f5fed13a000 JavaThread "SparkUI-42" daemon [_thread_blocked, id=10100, stack(0x00007f5fa60e7000,0x00007f5fa61e8000)]
  0x00007f5fed13b800 JavaThread "SparkUI-43" daemon [_thread_blocked, id=10101, stack(0x00007f5fa5fe6000,0x00007f5fa60e7000)]
  0x00007f5fed13d800 JavaThread "SparkUI-44" daemon [_thread_blocked, id=10102, stack(0x00007f5fa5ee5000,0x00007f5fa5fe6000)]
  0x00007f5fed29b000 JavaThread "dispatcher-HeartbeatReceiver" daemon [_thread_blocked, id=10103, stack(0x00007f5fa5be4000,0x00007f5fa5ce5000)]
=>0x00007f5fac002000 JavaThread "heartbeat-receiver-event-loop-thread" daemon [_thread_in_vm, id=10104, stack(0x00007f5fa5ae3000,0x00007f5fa5be4000)]
  0x00007f5f2c016000 JavaThread "netty-rpc-env-timeout" daemon [_thread_in_vm, id=10105, stack(0x00007f5fa59e2000,0x00007f5fa5ae3000)]
  0x00007f5fed127000 JavaThread "task-starvation-timer" daemon [_thread_blocked, id=10106, stack(0x00007f5fa58e1000,0x00007f5fa59e2000)]
  0x00007f5fed129800 JavaThread "task-abort-timer" daemon [_thread_blocked, id=10107, stack(0x00007f5fa57e0000,0x00007f5fa58e1000)]
  0x00007f5fed2ba800 JavaThread "dag-scheduler-event-loop" daemon [_thread_blocked, id=10108, stack(0x00007f5fa56df000,0x00007f5fa57e0000)]
  0x00007f5fed30a000 JavaThread "driver-heartbeater" daemon [_thread_in_vm, id=10109, stack(0x00007f5fa55de000,0x00007f5fa56df000)]
  0x00007f5fed31b800 JavaThread "executor-kill-mark-cleanup" daemon [_thread_in_vm_trans, id=10110, stack(0x00007f5fa54dd000,0x00007f5fa55de000)]
  0x00007f5fed327000 JavaThread "executor-heartbeater" daemon [_thread_in_vm_trans, id=10111, stack(0x00007f5fa51dc000,0x00007f5fa52dd000)]
  0x00007f5fed365800 JavaThread "files-client-5-1" daemon [_thread_in_native, id=10112, stack(0x00007f5fa50db000,0x00007f5fa51dc000)]
  0x00007f5fa0005000 JavaThread "rpc-server-4-1" daemon [_thread_in_native, id=10113, stack(0x00007f5fa4fda000,0x00007f5fa50db000)]
  0x00007f5fed39d000 JavaThread "shuffle-boss-7-1" daemon [_thread_in_native, id=10117, stack(0x00007f5fa46d7000,0x00007f5fa47d8000)]
  0x00007f5fed600800 JavaThread "Spark Context Cleaner" daemon [_thread_in_vm_trans, id=10122, stack(0x00007f5fa42d5000,0x00007f5fa43d6000)]
  0x00007f5fed602800 JavaThread "context-cleaner-periodic-gc" daemon [_thread_blocked, id=10123, stack(0x00007f5fa43d6000,0x00007f5fa44d7000)]
  0x00007f5fed60a800 JavaThread "spark-listener-group-appStatus" daemon [_thread_blocked, id=10124, stack(0x00007f5efbeff000,0x00007f5efc000000)]
  0x00007f5fed60d000 JavaThread "spark-listener-group-executorManagement" daemon [_thread_blocked, id=10125, stack(0x00007f5efbdfe000,0x00007f5efbeff000)]
  0x00007f5ef4025000 JavaThread "element-tracking-store-worker" daemon [_thread_blocked, id=10126, stack(0x00007f5efbcfd000,0x00007f5efbdfe000)]
  0x00007f5fedeb6800 JavaThread "org.apache.hadoop.fs.FileSystem$Statistics$StatisticsDataReferenceCleaner" daemon [_thread_blocked, id=10127, stack(0x00007f5efb7fc000,0x00007f5efb8fd000)]
  0x00007f5f84053000 JavaThread "Executor task launch worker for task 0.0 in stage 0.0 (TID 0)" daemon [_thread_in_vm_trans, id=10128, stack(0x00007f5efa8d7000,0x00007f5efa9d8000)]
  0x00007f5f84054000 JavaThread "Executor task launch worker for task 1.0 in stage 0.0 (TID 1)" daemon [_thread_in_vm_trans, id=10129, stack(0x00007f5efa7d6000,0x00007f5efa8d7000)]
  0x00007f5f84055800 JavaThread "Executor task launch worker for task 2.0 in stage 0.0 (TID 2)" daemon [_thread_in_vm, id=10130, stack(0x00007f5efa6d5000,0x00007f5efa7d6000)]
  0x00007f5f84057800 JavaThread "Executor task launch worker for task 3.0 in stage 0.0 (TID 3)" daemon [_thread_in_vm_trans, id=10131, stack(0x00007f5efa5d4000,0x00007f5efa6d5000)]
  0x00007f5f84059800 JavaThread "Executor task launch worker for task 4.0 in stage 0.0 (TID 4)" daemon [_thread_in_vm, id=10132, stack(0x00007f5efa4d3000,0x00007f5efa5d4000)]
  0x00007f5f8405b000 JavaThread "Executor task launch worker for task 5.0 in stage 0.0 (TID 5)" daemon [_thread_in_native_trans, id=10133, stack(0x00007f5efa3d2000,0x00007f5efa4d3000)]
  0x00007f5f8405d000 JavaThread "Executor task launch worker for task 6.0 in stage 0.0 (TID 6)" daemon [_thread_in_vm_trans, id=10134, stack(0x00007f5efa2d1000,0x00007f5efa3d2000)]
  0x00007f5f8405f000 JavaThread "Executor task launch worker for task 7.0 in stage 0.0 (TID 7)" daemon [_thread_in_vm_trans, id=10135, stack(0x00007f5efa1d0000,0x00007f5efa2d1000)]

Other Threads:
  0x00007f5fec099000 VMThread "VM Thread" [stack: 0x00007f5ff1e8a000,0x00007f5ff1f8a000] [id=10058]
  0x00007f5fec13d800 WatcherThread [stack: 0x00007f5ff139a000,0x00007f5ff149a000] [id=10066]

Threads with active compile tasks:

VM state:not at safepoint (normal execution)

VM Mutex/Monitor currently owned by a thread: None

Heap address: 0x0000000600000000, size: 8192 MB, Compressed Oops mode: Zero based, Oop shift amount: 3
Narrow klass base: 0x0000000800000000, Narrow klass shift: 0
Compressed class space size: 1073741824 Address: 0x0000000800000000

Heap:
Epsilon Heap
Allocation space:
 Metaspace       used 72896K, capacity 76258K, committed 76548K, reserved 1116160K
  class space    used 9982K, capacity 11642K, committed 11700K, reserved 1048576K


Polling page: 0x00007f5ff41af000

Metaspace:

Usage:
  Non-class:     63,10 MB capacity,    61,44 MB ( 97%) used,     1,27 MB (  2%) free+waste,   404,94 KB ( <1%) overhead. 
      Class:     11,37 MB capacity,     9,75 MB ( 86%) used,     1,40 MB ( 12%) free+waste,   224,25 KB (  2%) overhead. 
       Both:     74,47 MB capacity,    71,19 MB ( 96%) used,     2,67 MB (  4%) free+waste,   629,19 KB ( <1%) overhead. 

Virtual space:
  Non-class space:       66,00 MB reserved,      63,33 MB ( 96%) committed 
      Class space:        1,00 GB reserved,      11,43 MB (  1%) committed 
             Both:        1,06 GB reserved,      74,75 MB (  7%) committed 

Chunk freelists:
   Non-Class:  40,00 KB
       Class:  0 bytes
        Both:  40,00 KB

MaxMetaspaceSize: unlimited
CompressedClassSpaceSize: 1,00 GB
Initial GC threshold: 20,80 MB
Current GC threshold: 74,94 MB
CDS: off

CodeHeap 'non-profiled nmethods': size=120032Kb used=3684Kb max_used=3684Kb free=116348Kb
 bounds [0x00007f5fdc2da000, 0x00007f5fdc67a000, 0x00007f5fe3812000]
CodeHeap 'profiled nmethods': size=120028Kb used=12003Kb max_used=12003Kb free=108024Kb
 bounds [0x00007f5fd4da3000, 0x00007f5fd5963000, 0x00007f5fdc2da000]
CodeHeap 'non-nmethods': size=5700Kb used=1480Kb max_used=1502Kb free=4219Kb
 bounds [0x00007f5fd4812000, 0x00007f5fd4a82000, 0x00007f5fd4da3000]
 total_blobs=7153 nmethods=6345 adapters=722
 compilation: enabled
              stopped_count=0, restarted_count=0
 full_count=0

Compilation events (20 events):
Event: 1949,618 Thread 0x00007f5fec0c1800 6345       3       org.apache.spark.deploy.SparkHadoopUtil::$anonfun$getFSBytesReadOnThreadCallback$1 (46 bytes)
Event: 1949,624 Thread 0x00007f5fec0c1800 nmethod 6345 0x00007f5fd5955c10 code [0x00007f5fd5955f40, 0x00007f5fd59574f0]
Event: 1949,640 Thread 0x00007f5fec0c1800 6346       3       java.util.IdentityHashMap$Values::toArray (9 bytes)
Event: 1949,640 Thread 0x00007f5fec0c1800 nmethod 6346 0x00007f5fd5957c10 code [0x00007f5fd5957dc0, 0x00007f5fd5957f80]
Event: 1949,732 Thread 0x00007f5fec0c1800 6347       3       org.apache.spark.deploy.SparkHadoopUtil$$Lambda$1664/0x0000000800b2c040::apply (8 bytes)
Event: 1949,732 Thread 0x00007f5fec0c1800 nmethod 6347 0x00007f5fd5958090 code [0x00007f5fd5958280, 0x00007f5fd5958610]
Event: 1949,732 Thread 0x00007f5fec0c1800 6348       3       org.apache.spark.deploy.SparkHadoopUtil::$anonfun$getFSBytesReadOnThreadCallback$2$adapted (8 bytes)
Event: 1949,733 Thread 0x00007f5fec0c1800 nmethod 6348 0x00007f5fd5958790 code [0x00007f5fd5958960, 0x00007f5fd5958b90]
Event: 1956,850 Thread 0x00007f5fec0c1800 6349       3       org.apache.spark.status.api.v1.ExecutorStageSummary::<init> (105 bytes)
Event: 1956,851 Thread 0x00007f5fec0c1800 nmethod 6349 0x00007f5fd5958d10 code [0x00007f5fd5958ec0, 0x00007f5fd59590b0]
Event: 1956,873 Thread 0x00007f5fec0c1800 6350       3       org.apache.spark.status.ExecutorStageSummaryWrapper::<init> (55 bytes)
Event: 1956,873 Thread 0x00007f5fec0c1800 nmethod 6350 0x00007f5fd5959210 code [0x00007f5fd5959420, 0x00007f5fd5959b30]
Event: 1959,194 Thread 0x00007f5fec0bf800 6351       4       scala.collection.TraversableLike$$Lambda$149/0x00000008002cf840::apply (13 bytes)
Event: 1959,195 Thread 0x00007f5fec0bf800 nmethod 6351 0x00007f5fdc66e810 code [0x00007f5fdc66e9a0, 0x00007f5fdc66ea58]
Event: 1960,846 Thread 0x00007f5fec0c1800 6352   !   3       org.apache.spark.rpc.netty.Inbox::safelyCall (210 bytes)
Event: 1960,849 Thread 0x00007f5fec0c1800 nmethod 6352 0x00007f5fd5959d90 code [0x00007f5fd595a100, 0x00007f5fd595b600]
Event: 1966,690 Thread 0x00007f5fec0bf800 6353       4       org.apache.spark.status.AppStatusListener::maybeUpdate (42 bytes)
Event: 1966,746 Thread 0x00007f5fec0bf800 nmethod 6353 0x00007f5fdc66eb90 code [0x00007f5fdc66efe0, 0x00007f5fdc670f20]
Event: 1967,284 Thread 0x00007f5fec0bf800 6354       4       scala.collection.AbstractTraversable::genericBuilder (5 bytes)
Event: 1967,286 Thread 0x00007f5fec0bf800 nmethod 6354 0x00007f5fdc672d10 code [0x00007f5fdc672ea0, 0x00007f5fdc672f38]

GC Heap History (0 events):
No events

Deoptimization events (20 events):
Event: 1217,357 Thread 0x00007f5f84053000 DEOPT PACKING pc=0x00007f5fd58abbe2 sp=0x00007f5efa9d5f00
Event: 1217,357 Thread 0x00007f5f84053000 DEOPT UNPACKING pc=0x00007f5fd485b9fa sp=0x00007f5efa9d54e8 mode 0
Event: 1225,053 Thread 0x00007f5f84054000 DEOPT PACKING pc=0x00007f5fd58abbe2 sp=0x00007f5efa8d4f00
Event: 1225,053 Thread 0x00007f5f84054000 DEOPT UNPACKING pc=0x00007f5fd485b9fa sp=0x00007f5efa8d44e8 mode 0
Event: 1229,227 Thread 0x00007f5f8405f000 Uncommon trap: trap_request=0xffffff4d fr.pc=0x00007f5fdc607b44 relative=0x0000000000000ee4
Event: 1229,227 Thread 0x00007f5f8405f000 Uncommon trap: reason=unstable_if action=reinterpret pc=0x00007f5fdc607b44 method=org.apache.spark.util.collection.Spillable.maybeSpill(Ljava/lang/Object;J)Z @ 20 c2
Event: 1229,227 Thread 0x00007f5f8405f000 DEOPT PACKING pc=0x00007f5fdc607b44 sp=0x00007f5efa2cf020
Event: 1229,227 Thread 0x00007f5f8405f000 DEOPT UNPACKING pc=0x00007f5fd481a2a5 sp=0x00007f5efa2ceed8 mode 2
Event: 1232,452 Thread 0x00007f5f84057800 DEOPT PACKING pc=0x00007f5fd58abbe2 sp=0x00007f5efa6d2f00
Event: 1232,452 Thread 0x00007f5f84057800 DEOPT UNPACKING pc=0x00007f5fd485b9fa sp=0x00007f5efa6d24e8 mode 0
Event: 1244,981 Thread 0x00007f5f84059800 DEOPT PACKING pc=0x00007f5fd58abbe2 sp=0x00007f5efa5d1f00
Event: 1244,981 Thread 0x00007f5f84059800 DEOPT UNPACKING pc=0x00007f5fd485b9fa sp=0x00007f5efa5d14e8 mode 0
Event: 1268,556 Thread 0x00007f5f8405d000 DEOPT PACKING pc=0x00007f5fd58abbe2 sp=0x00007f5efa3cff00
Event: 1268,556 Thread 0x00007f5f8405d000 DEOPT UNPACKING pc=0x00007f5fd485b9fa sp=0x00007f5efa3cf4e8 mode 0
Event: 1328,610 Thread 0x00007f5f8405b000 Uncommon trap: trap_request=0xffffff4d fr.pc=0x00007f5fdc607b44 relative=0x0000000000000ee4
Event: 1328,610 Thread 0x00007f5f8405b000 Uncommon trap: reason=unstable_if action=reinterpret pc=0x00007f5fdc607b44 method=org.apache.spark.util.collection.Spillable.maybeSpill(Ljava/lang/Object;J)Z @ 20 c2
Event: 1328,610 Thread 0x00007f5f8405b000 DEOPT PACKING pc=0x00007f5fdc607b44 sp=0x00007f5efa4d1020
Event: 1328,610 Thread 0x00007f5f8405b000 DEOPT UNPACKING pc=0x00007f5fd481a2a5 sp=0x00007f5efa4d0ed8 mode 2
Event: 1792,194 Thread 0x00007f5fed327000 DEOPT PACKING pc=0x00007f5fd5302f99 sp=0x00007f5fa52db000
Event: 1792,194 Thread 0x00007f5fed327000 DEOPT UNPACKING pc=0x00007f5fd485b9fa sp=0x00007f5fa52da418 mode 0

Classes redefined (0 events):
No events

Internal exceptions (20 events):
Event: 300,195 Thread 0x00007f5f84054000 Exception <a 'java/lang/NoSuchMethodError'{0x000000061d331b38}: 'java.lang.Object java.lang.invoke.DirectMethodHandle$Holder.invokeStatic(java.lang.Object, java.lang.Object, double)'> (0x000000061d331b38) thrown at [src/hotspot/share/interpreter/linkResolver.cpp, line 772]
Event: 300,208 Thread 0x00007f5f84053000 Exception <a 'java/lang/NoSuchMethodError'{0x000000061d331898}: 'java.lang.Object java.lang.invoke.DirectMethodHandle$Holder.invokeStatic(java.lang.Object, java.lang.Object, double)'> (0x000000061d331898) thrown at [src/hotspot/share/interpreter/linkResolver.cpp, line 772]
Event: 300,216 Thread 0x00007f5f8405b000 Exception <a 'java/lang/NoSuchMethodError'{0x000000061d331748}: 'java.lang.Object java.lang.invoke.DirectMethodHandle$Holder.invokeStatic(java.lang.Object, java.lang.Object, double)'> (0x000000061d331748) thrown at [src/hotspot/share/interpreter/linkResolver.cpp, line 772]
Event: 300,229 Thread 0x00007f5f84057800 Exception <a 'java/lang/NoSuchMethodError'{0x000000061d331358}: 'java.lang.Object java.lang.invoke.DirectMethodHandle$Holder.invokeStatic(java.lang.Object, java.lang.Object, double)'> (0x000000061d331358) thrown at [src/hotspot/share/interpreter/linkResolver.cpp, line 772]
Event: 300,348 Thread 0x00007f5f8405f000 Exception <a 'java/lang/NoSuchMethodError'{0x000000061d35bde0}: 'void java.lang.invoke.DirectMethodHandle$Holder.invokeStatic(java.lang.Object, java.lang.Object, java.lang.Object, java.lang.Object, java.lang.Object, java.lang.Object, java.lang.Object)'> (0x000000061d35bde0) thrown at [src/hotspot/share/interpreter/linkResolver.cpp, line 772]
Event: 300,359 Thread 0x00007f5f84054000 Exception <a 'java/lang/NoSuchMethodError'{0x000000061d35b9f0}: 'void java.lang.invoke.DirectMethodHandle$Holder.invokeStatic(java.lang.Object, java.lang.Object, java.lang.Object, java.lang.Object, java.lang.Object, java.lang.Object, java.lang.Object)'> (0x000000061d35b9f0) thrown at [src/hotspot/share/interpreter/linkResolver.cpp, line 772]
Event: 300,381 Thread 0x00007f5f84055800 Exception <a 'java/lang/NoSuchMethodError'{0x000000061d35b520}: 'void java.lang.invoke.DirectMethodHandle$Holder.invokeStatic(java.lang.Object, java.lang.Object, java.lang.Object, java.lang.Object, java.lang.Object, java.lang.Object, java.lang.Object)'> (0x000000061d35b520) thrown at [src/hotspot/share/interpreter/linkResolver.cpp, line 772]
Event: 300,389 Thread 0x00007f5f84057800 Exception <a 'java/lang/NoSuchMethodError'{0x000000061d35b398}: 'void java.lang.invoke.DirectMethodHandle$Holder.invokeStatic(java.lang.Object, java.lang.Object, java.lang.Object, java.lang.Object, java.lang.Object, java.lang.Object, java.lang.Object)'> (0x000000061d35b398) thrown at [src/hotspot/share/interpreter/linkResolver.cpp, line 772]
Event: 300,412 Thread 0x00007f5f8405d000 Exception <a 'java/lang/NoSuchMethodError'{0x000000061d35b280}: 'void java.lang.invoke.DirectMethodHandle$Holder.invokeStatic(java.lang.Object, java.lang.Object, java.lang.Object, java.lang.Object, java.lang.Object, java.lang.Object, java.lang.Object)'> (0x000000061d35b280) thrown at [src/hotspot/share/interpreter/linkResolver.cpp, line 772]
Event: 300,431 Thread 0x00007f5f8405f000 Exception <a 'java/lang/NoSuchMethodError'{0x000000061d36cbf8}: 'void java.lang.invoke.DirectMethodHandle$Holder.invokeStatic(java.lang.Object, java.lang.Object, java.lang.Object, java.lang.Object, java.lang.Object, java.lang.Object, java.lang.Object, java.lang.Object)'> (0x000000061d36cbf8) thrown at [src/hotspot/share/interpreter/linkResolver.cpp, line 772]
Event: 300,433 Thread 0x00007f5f84053000 Exception <a 'java/lang/NoSuchMethodError'{0x000000061d36cae0}: 'void java.lang.invoke.DirectMethodHandle$Holder.invokeStatic(java.lang.Object, java.lang.Object, java.lang.Object, java.lang.Object, java.lang.Object, java.lang.Object, java.lang.Object, java.lang.Object)'> (0x000000061d36cae0) thrown at [src/hotspot/share/interpreter/linkResolver.cpp, line 772]
Event: 300,445 Thread 0x00007f5f8405b000 Exception <a 'java/lang/NoSuchMethodError'{0x000000061d36c990}: 'void java.lang.invoke.DirectMethodHandle$Holder.invokeStatic(java.lang.Object, java.lang.Object, java.lang.Object, java.lang.Object, java.lang.Object, java.lang.Object, java.lang.Object, java.lang.Object)'> (0x000000061d36c990) thrown at [src/hotspot/share/interpreter/linkResolver.cpp, line 772]
Event: 300,472 Thread 0x00007f5f84057800 Exception <a 'java/lang/NoSuchMethodError'{0x000000061d36c5d8}: 'void java.lang.invoke.DirectMethodHandle$Holder.invokeStatic(java.lang.Object, java.lang.Object, java.lang.Object, java.lang.Object, java.lang.Object, java.lang.Object, java.lang.Object, java.lang.Object)'> (0x000000061d36c5d8) thrown at [src/hotspot/share/interpreter/linkResolver.cpp, line 772]
Event: 300,494 Thread 0x00007f5f84059800 Exception <a 'java/lang/NoSuchMethodError'{0x000000061d35b8d8}: 'void java.lang.invoke.DirectMethodHandle$Holder.invokeStatic(java.lang.Object, java.lang.Object, java.lang.Object, java.lang.Object, java.lang.Object, java.lang.Object, java.lang.Object)'> (0x000000061d35b8d8) thrown at [src/hotspot/share/interpreter/linkResolver.cpp, line 772]
Event: 309,080 Thread 0x00007f5f8405d000 Exception <a 'java/lang/NoSuchMethodError'{0x000000061daef168}: 'long java.lang.invoke.DirectMethodHandle$Holder.invokeInterface(java.lang.Object, java.lang.Object, java.lang.Object)'> (0x000000061daef168) thrown at [src/hotspot/share/interpreter/linkResolver.cpp, line 772]
Event: 309,102 Thread 0x00007f5f84057800 Exception <a 'java/lang/NoSuchMethodError'{0x000000061db06940}: 'long java.lang.invoke.DirectMethodHandle$Holder.invokeInterface(java.lang.Object, java.lang.Object, java.lang.Object)'> (0x000000061db06940) thrown at [src/hotspot/share/interpreter/linkResolver.cpp, line 772]
Event: 309,102 Thread 0x00007f5f84054000 Exception <a 'java/lang/NoSuchMethodError'{0x000000061daeec98}: 'long java.lang.invoke.DirectMethodHandle$Holder.invokeInterface(java.lang.Object, java.lang.Object, java.lang.Object)'> (0x000000061daeec98) thrown at [src/hotspot/share/interpreter/linkResolver.cpp, line 772]
Event: 309,125 Thread 0x00007f5f84053000 Exception <a 'java/lang/NoSuchMethodError'{0x000000061db063c8}: 'long java.lang.invoke.DirectMethodHandle$Holder.invokeInterface(java.lang.Object, java.lang.Object, java.lang.Object)'> (0x000000061db063c8) thrown at [src/hotspot/share/interpreter/linkResolver.cpp, line 772]
Event: 309,132 Thread 0x00007f5f84055800 Exception <a 'java/lang/NoSuchMethodError'{0x000000061db069b0}: 'long java.lang.invoke.DirectMethodHandle$Holder.invokeInterface(java.lang.Object, java.lang.Object, java.lang.Object)'> (0x000000061db069b0) thrown at [src/hotspot/share/interpreter/linkResolver.cpp, line 772]
Event: 309,200 Thread 0x00007f5f8405f000 Exception <a 'java/lang/NoSuchMethodError'{0x000000061db20fb8}: 'long java.lang.invoke.DirectMethodHandle$Holder.invokeInterface(java.lang.Object, java.lang.Object, java.lang.Object)'> (0x000000061db20fb8) thrown at [src/hotspot/share/interpreter/linkResolver.cpp, line 772]

Events (20 events):
Event: 1128,262 loading class scala/Function0
Event: 1128,262 loading class scala/Function0 done
Event: 1128,590 loading class org/apache/spark/util/Utils
Event: 1128,590 loading class org/apache/spark/util/Utils done
Event: 1129,442 loading class java/math/MutableBigInteger
Event: 1129,443 loading class java/math/MutableBigInteger done
Event: 1129,674 loading class scala/collection/immutable/StringLike
Event: 1129,674 loading class scala/collection/immutable/StringLike done
Event: 1129,714 loading class scala/collection/immutable/StringLike
Event: 1129,714 loading class scala/collection/immutable/StringLike done
Event: 1129,864 loading class java/util/Formatter$FormatSpecifier$BigDecimalLayout
Event: 1129,864 loading class java/util/Formatter$FormatSpecifier$BigDecimalLayout done
Event: 1129,893 loading class java/util/Formatter$BigDecimalLayoutForm
Event: 1129,893 loading class java/util/Formatter$BigDecimalLayoutForm done
Event: 1148,002 Executing VM operation: CollectForMetadataAllocation
Event: 1148,002 Executing VM operation: CollectForMetadataAllocation done
Event: 1683,074 Executing VM operation: CollectForMetadataAllocation
Event: 1683,075 Executing VM operation: CollectForMetadataAllocation done
Event: 1983,972 Executing VM operation: Dummy
Event: 3396,684 Executing VM operation: Dummy done


Dynamic libraries:
600000000-800000000 rw-s 00000000 00:05 389                              /dev/fakeblk
800000000-800b6d000 rw-p 00000000 00:00 0 
800b6d000-840000000 ---p 00000000 00:00 0 
5629d7f1e000-5629d7f1f000 r--p 00000000 08:01 4325453                    /home/adam/jdk11u/build/linux-x86_64-normal-server-release/images/jdk/bin/java
5629d7f1f000-5629d7f20000 r-xp 00001000 08:01 4325453                    /home/adam/jdk11u/build/linux-x86_64-normal-server-release/images/jdk/bin/java
5629d7f20000-5629d7f21000 r--p 00002000 08:01 4325453                    /home/adam/jdk11u/build/linux-x86_64-normal-server-release/images/jdk/bin/java
5629d7f21000-5629d7f22000 r--p 00002000 08:01 4325453                    /home/adam/jdk11u/build/linux-x86_64-normal-server-release/images/jdk/bin/java
5629d7f22000-5629d7f23000 rw-p 00003000 08:01 4325453                    /home/adam/jdk11u/build/linux-x86_64-normal-server-release/images/jdk/bin/java
5629d9b87000-5629d9bec000 rw-p 00000000 00:00 0                          [heap]
7f5ed4000000-7f5ed4046000 rw-p 00000000 00:00 0 
7f5ed4046000-7f5ed8000000 ---p 00000000 00:00 0 
7f5ed8000000-7f5ed8085000 rw-p 00000000 00:00 0 
7f5ed8085000-7f5edc000000 ---p 00000000 00:00 0 
7f5edc000000-7f5edc04d000 rw-p 00000000 00:00 0 
7f5edc04d000-7f5ee0000000 ---p 00000000 00:00 0 
7f5ee0000000-7f5ee0043000 rw-p 00000000 00:00 0 
7f5ee0043000-7f5ee4000000 ---p 00000000 00:00 0 
7f5ee4000000-7f5ee4021000 rw-p 00000000 00:00 0 
7f5ee4021000-7f5ee8000000 ---p 00000000 00:00 0 
7f5ee8000000-7f5ee804f000 rw-p 00000000 00:00 0 
7f5ee804f000-7f5eec000000 ---p 00000000 00:00 0 
7f5eec000000-7f5eec021000 rw-p 00000000 00:00 0 
7f5eec021000-7f5ef0000000 ---p 00000000 00:00 0 
7f5ef0000000-7f5ef0021000 rw-p 00000000 00:00 0 
7f5ef0021000-7f5ef4000000 ---p 00000000 00:00 0 
7f5ef4000000-7f5ef407f000 rw-p 00000000 00:00 0 
7f5ef407f000-7f5ef8000000 ---p 00000000 00:00 0 
7f5ef99a2000-7f5ef9e10000 rw-p 00000000 00:00 0 
7f5ef9e10000-7f5ef9fd0000 ---p 00000000 00:00 0 
7f5ef9fd0000-7f5efa1d0000 rw-p 00000000 00:00 0 
7f5efa1d0000-7f5efa1d4000 ---p 00000000 00:00 0 
7f5efa1d4000-7f5efa2d1000 rw-p 00000000 00:00 0 
7f5efa2d1000-7f5efa2d5000 ---p 00000000 00:00 0 
7f5efa2d5000-7f5efa3d2000 rw-p 00000000 00:00 0 
7f5efa3d2000-7f5efa3d6000 ---p 00000000 00:00 0 
7f5efa3d6000-7f5efa4d3000 rw-p 00000000 00:00 0 
7f5efa4d3000-7f5efa4d7000 ---p 00000000 00:00 0 
7f5efa4d7000-7f5efa5d4000 rw-p 00000000 00:00 0 
7f5efa5d4000-7f5efa5d8000 ---p 00000000 00:00 0 
7f5efa5d8000-7f5efa6d5000 rw-p 00000000 00:00 0 
7f5efa6d5000-7f5efa6d9000 ---p 00000000 00:00 0 
7f5efa6d9000-7f5efa7d6000 rw-p 00000000 00:00 0 
7f5efa7d6000-7f5efa7da000 ---p 00000000 00:00 0 
7f5efa7da000-7f5efa8d7000 rw-p 00000000 00:00 0 
7f5efa8d7000-7f5efa8db000 ---p 00000000 00:00 0 
7f5efa8db000-7f5efabd8000 rw-p 00000000 00:00 0 
7f5efabd8000-7f5efadd8000 rw-p 00000000 00:00 0 
7f5efadd8000-7f5efafc9000 rw-p 00000000 00:00 0 
7f5efafc9000-7f5efafd8000 ---p 00000000 00:00 0 
7f5efafd8000-7f5efb1ca000 rw-p 00000000 00:00 0 
7f5efb1ca000-7f5efb1d8000 ---p 00000000 00:00 0 
7f5efb1d8000-7f5efb3c2000 rw-p 00000000 00:00 0 
7f5efb3c2000-7f5efb3d8000 ---p 00000000 00:00 0 
7f5efb3d8000-7f5efb3fc000 r-xp 00000000 08:01 262496                     /tmp/liblz4-java-17525492934747978560.so
7f5efb3fc000-7f5efb5fb000 ---p 00024000 08:01 262496                     /tmp/liblz4-java-17525492934747978560.so
7f5efb5fb000-7f5efb5fc000 rw-p 00023000 08:01 262496                     /tmp/liblz4-java-17525492934747978560.so
7f5efb5fc000-7f5efb7fc000 rw-p 00000000 00:00 0 
7f5efb7fc000-7f5efb800000 ---p 00000000 00:00 0 
7f5efb800000-7f5efbafd000 rw-p 00000000 00:00 0 
7f5efbafd000-7f5efbcfd000 rw-p 00000000 00:00 0 
7f5efbcfd000-7f5efbd01000 ---p 00000000 00:00 0 
7f5efbd01000-7f5efbdfe000 rw-p 00000000 00:00 0 
7f5efbdfe000-7f5efbe02000 ---p 00000000 00:00 0 
7f5efbe02000-7f5efbeff000 rw-p 00000000 00:00 0 
7f5efbeff000-7f5efbf03000 ---p 00000000 00:00 0 
7f5efbf03000-7f5efc000000 rw-p 00000000 00:00 0 
7f5efc000000-7f5efc021000 rw-p 00000000 00:00 0 
7f5efc021000-7f5f00000000 ---p 00000000 00:00 0 
7f5f00000000-7f5f00021000 rw-p 00000000 00:00 0 
7f5f00021000-7f5f04000000 ---p 00000000 00:00 0 
7f5f04000000-7f5f04044000 rw-p 00000000 00:00 0 
7f5f04044000-7f5f08000000 ---p 00000000 00:00 0 
7f5f08000000-7f5f08021000 rw-p 00000000 00:00 0 
7f5f08021000-7f5f0c000000 ---p 00000000 00:00 0 
7f5f0c000000-7f5f0c023000 rw-p 00000000 00:00 0 
7f5f0c023000-7f5f10000000 ---p 00000000 00:00 0 
7f5f10000000-7f5f10021000 rw-p 00000000 00:00 0 
7f5f10021000-7f5f14000000 ---p 00000000 00:00 0 
7f5f14000000-7f5f14021000 rw-p 00000000 00:00 0 
7f5f14021000-7f5f18000000 ---p 00000000 00:00 0 
7f5f18000000-7f5f18021000 rw-p 00000000 00:00 0 
7f5f18021000-7f5f1c000000 ---p 00000000 00:00 0 
7f5f1c000000-7f5f1c53b000 rw-p 00000000 00:00 0 
7f5f1c53b000-7f5f20000000 ---p 00000000 00:00 0 
7f5f20000000-7f5f20022000 rw-p 00000000 00:00 0 
7f5f20022000-7f5f24000000 ---p 00000000 00:00 0 
7f5f24000000-7f5f24021000 rw-p 00000000 00:00 0 
7f5f24021000-7f5f28000000 ---p 00000000 00:00 0 
7f5f28000000-7f5f28021000 rw-p 00000000 00:00 0 
7f5f28021000-7f5f2c000000 ---p 00000000 00:00 0 
7f5f2c000000-7f5f2c17a000 rw-p 00000000 00:00 0 
7f5f2c17a000-7f5f30000000 ---p 00000000 00:00 0 
7f5f30000000-7f5f30021000 rw-p 00000000 00:00 0 
7f5f30021000-7f5f34000000 ---p 00000000 00:00 0 
7f5f34000000-7f5f34021000 rw-p 00000000 00:00 0 
7f5f34021000-7f5f38000000 ---p 00000000 00:00 0 
7f5f38000000-7f5f38021000 rw-p 00000000 00:00 0 
7f5f38021000-7f5f3c000000 ---p 00000000 00:00 0 
7f5f3c000000-7f5f3c021000 rw-p 00000000 00:00 0 
7f5f3c021000-7f5f40000000 ---p 00000000 00:00 0 
7f5f40000000-7f5f40021000 rw-p 00000000 00:00 0 
7f5f40021000-7f5f44000000 ---p 00000000 00:00 0 
7f5f44000000-7f5f44021000 rw-p 00000000 00:00 0 
7f5f44021000-7f5f48000000 ---p 00000000 00:00 0 
7f5f48000000-7f5f48021000 rw-p 00000000 00:00 0 
7f5f48021000-7f5f4c000000 ---p 00000000 00:00 0 
7f5f4c000000-7f5f4c021000 rw-p 00000000 00:00 0 
7f5f4c021000-7f5f50000000 ---p 00000000 00:00 0 
7f5f50000000-7f5f50021000 rw-p 00000000 00:00 0 
7f5f50021000-7f5f54000000 ---p 00000000 00:00 0 
7f5f54000000-7f5f54021000 rw-p 00000000 00:00 0 
7f5f54021000-7f5f58000000 ---p 00000000 00:00 0 
7f5f58000000-7f5f58021000 rw-p 00000000 00:00 0 
7f5f58021000-7f5f5c000000 ---p 00000000 00:00 0 
7f5f5c000000-7f5f5c021000 rw-p 00000000 00:00 0 
7f5f5c021000-7f5f60000000 ---p 00000000 00:00 0 
7f5f60000000-7f5f60021000 rw-p 00000000 00:00 0 
7f5f60021000-7f5f64000000 ---p 00000000 00:00 0 
7f5f64000000-7f5f64021000 rw-p 00000000 00:00 0 
7f5f64021000-7f5f68000000 ---p 00000000 00:00 0 
7f5f68000000-7f5f68021000 rw-p 00000000 00:00 0 
7f5f68021000-7f5f6c000000 ---p 00000000 00:00 0 
7f5f6c000000-7f5f6c021000 rw-p 00000000 00:00 0 
7f5f6c021000-7f5f70000000 ---p 00000000 00:00 0 
7f5f70000000-7f5f70021000 rw-p 00000000 00:00 0 
7f5f70021000-7f5f74000000 ---p 00000000 00:00 0 
7f5f74000000-7f5f74021000 rw-p 00000000 00:00 0 
7f5f74021000-7f5f78000000 ---p 00000000 00:00 0 
7f5f78000000-7f5f78021000 rw-p 00000000 00:00 0 
7f5f78021000-7f5f7c000000 ---p 00000000 00:00 0 
7f5f7c000000-7f5f7c021000 rw-p 00000000 00:00 0 
7f5f7c021000-7f5f80000000 ---p 00000000 00:00 0 
7f5f80000000-7f5f80021000 rw-p 00000000 00:00 0 
7f5f80021000-7f5f84000000 ---p 00000000 00:00 0 
7f5f84000000-7f5f84063000 rw-p 00000000 00:00 0 
7f5f84063000-7f5f88000000 ---p 00000000 00:00 0 
7f5f88000000-7f5f88021000 rw-p 00000000 00:00 0 
7f5f88021000-7f5f8c000000 ---p 00000000 00:00 0 
7f5f8c000000-7f5f8c021000 rw-p 00000000 00:00 0 
7f5f8c021000-7f5f90000000 ---p 00000000 00:00 0 
7f5f90000000-7f5f90021000 rw-p 00000000 00:00 0 
7f5f90021000-7f5f94000000 ---p 00000000 00:00 0 
7f5f94000000-7f5f94021000 rw-p 00000000 00:00 0 
7f5f94021000-7f5f98000000 ---p 00000000 00:00 0 
7f5f98000000-7f5f98021000 rw-p 00000000 00:00 0 
7f5f98021000-7f5f9c000000 ---p 00000000 00:00 0 
7f5f9c000000-7f5f9c021000 rw-p 00000000 00:00 0 
7f5f9c021000-7f5fa0000000 ---p 00000000 00:00 0 
7f5fa0000000-7f5fa0021000 rw-p 00000000 00:00 0 
7f5fa0021000-7f5fa4000000 ---p 00000000 00:00 0 
7f5fa40d5000-7f5fa42c7000 rw-p 00000000 00:00 0 
7f5fa42c7000-7f5fa42d5000 ---p 00000000 00:00 0 
7f5fa42d5000-7f5fa42d9000 ---p 00000000 00:00 0 
7f5fa42d9000-7f5fa43d6000 rw-p 00000000 00:00 0 
7f5fa43d6000-7f5fa43da000 ---p 00000000 00:00 0 
7f5fa43da000-7f5fa46bd000 rw-p 00000000 00:00 0 
7f5fa46bd000-7f5fa46d7000 ---p 00000000 00:00 0 
7f5fa46d7000-7f5fa46db000 ---p 00000000 00:00 0 
7f5fa46db000-7f5fa4fda000 rw-p 00000000 00:00 0 
7f5fa4fda000-7f5fa4fde000 ---p 00000000 00:00 0 
7f5fa4fde000-7f5fa50db000 rw-p 00000000 00:00 0 
7f5fa50db000-7f5fa50df000 ---p 00000000 00:00 0 
7f5fa50df000-7f5fa51dc000 rw-p 00000000 00:00 0 
7f5fa51dc000-7f5fa51e0000 ---p 00000000 00:00 0 
7f5fa51e0000-7f5fa54d5000 rw-p 00000000 00:00 0 
7f5fa54d5000-7f5fa54dd000 ---p 00000000 00:00 0 
7f5fa54dd000-7f5fa54e1000 ---p 00000000 00:00 0 
7f5fa54e1000-7f5fa55de000 rw-p 00000000 00:00 0 
7f5fa55de000-7f5fa55e2000 ---p 00000000 00:00 0 
7f5fa55e2000-7f5fa56df000 rw-p 00000000 00:00 0 
7f5fa56df000-7f5fa56e3000 ---p 00000000 00:00 0 
7f5fa56e3000-7f5fa57e0000 rw-p 00000000 00:00 0 
7f5fa57e0000-7f5fa57e4000 ---p 00000000 00:00 0 
7f5fa57e4000-7f5fa58e1000 rw-p 00000000 00:00 0 
7f5fa58e1000-7f5fa58e5000 ---p 00000000 00:00 0 
7f5fa58e5000-7f5fa59e2000 rw-p 00000000 00:00 0 
7f5fa59e2000-7f5fa59e6000 ---p 00000000 00:00 0 
7f5fa59e6000-7f5fa5ae3000 rw-p 00000000 00:00 0 
7f5fa5ae3000-7f5fa5ae7000 ---p 00000000 00:00 0 
7f5fa5ae7000-7f5fa5be4000 rw-p 00000000 00:00 0 
7f5fa5be4000-7f5fa5be8000 ---p 00000000 00:00 0 
7f5fa5be8000-7f5fa5ecb000 rw-p 00000000 00:00 0 
7f5fa5ecb000-7f5fa5ee5000 ---p 00000000 00:00 0 
7f5fa5ee5000-7f5fa5ee9000 ---p 00000000 00:00 0 
7f5fa5ee9000-7f5fa5fe6000 rw-p 00000000 00:00 0 
7f5fa5fe6000-7f5fa5fea000 ---p 00000000 00:00 0 
7f5fa5fea000-7f5fa60e7000 rw-p 00000000 00:00 0 
7f5fa60e7000-7f5fa60eb000 ---p 00000000 00:00 0 
7f5fa60eb000-7f5fa61e8000 rw-p 00000000 00:00 0 
7f5fa61e8000-7f5fa61ec000 ---p 00000000 00:00 0 
7f5fa61ec000-7f5fa62e9000 rw-p 00000000 00:00 0 
7f5fa62e9000-7f5fa62ed000 ---p 00000000 00:00 0 
7f5fa62ed000-7f5fa63ea000 rw-p 00000000 00:00 0 
7f5fa63ea000-7f5fa63ee000 ---p 00000000 00:00 0 
7f5fa63ee000-7f5fa64eb000 rw-p 00000000 00:00 0 
7f5fa64eb000-7f5fa64ef000 ---p 00000000 00:00 0 
7f5fa64ef000-7f5fa65ec000 rw-p 00000000 00:00 0 
7f5fa65ec000-7f5fa65f0000 ---p 00000000 00:00 0 
7f5fa65f0000-7f5fa68de000 rw-p 00000000 00:00 0 
7f5fa68de000-7f5fa68ed000 ---p 00000000 00:00 0 
7f5fa68ed000-7f5fa68f1000 ---p 00000000 00:00 0 
7f5fa68f1000-7f5fa69ee000 rw-p 00000000 00:00 0 
7f5fa69ee000-7f5fa69f2000 ---p 00000000 00:00 0 
7f5fa69f2000-7f5fa6aef000 rw-p 00000000 00:00 0 
7f5fa6aef000-7f5fa6af3000 ---p 00000000 00:00 0 
7f5fa6af3000-7f5fa6df0000 rw-p 00000000 00:00 0 
7f5fa6df0000-7f5fa6df4000 ---p 00000000 00:00 0 
7f5fa6df4000-7f5fa6ef1000 rw-p 00000000 00:00 0 
7f5fa6ef1000-7f5fa6ef5000 ---p 00000000 00:00 0 
7f5fa6ef5000-7f5fa6ff2000 rw-p 00000000 00:00 0 
7f5fa6ff2000-7f5fa6ff6000 ---p 00000000 00:00 0 
7f5fa6ff6000-7f5fa70f3000 rw-p 00000000 00:00 0 
7f5fa70f3000-7f5fa70f7000 ---p 00000000 00:00 0 
7f5fa70f7000-7f5fa71f4000 rw-p 00000000 00:00 0 
7f5fa71f4000-7f5fa71f8000 ---p 00000000 00:00 0 
7f5fa71f8000-7f5fa72f5000 rw-p 00000000 00:00 0 
7f5fa72f5000-7f5fa72f9000 ---p 00000000 00:00 0 
7f5fa72f9000-7f5fa73f6000 rw-p 00000000 00:00 0 
7f5fa73f6000-7f5fa73fa000 ---p 00000000 00:00 0 
7f5fa73fa000-7f5fa74f7000 rw-p 00000000 00:00 0 
7f5fa74f7000-7f5fa74fb000 ---p 00000000 00:00 0 
7f5fa74fb000-7f5fa75f8000 rw-p 00000000 00:00 0 
7f5fa75f8000-7f5fa75fc000 ---p 00000000 00:00 0 
7f5fa75fc000-7f5fa76f9000 rw-p 00000000 00:00 0 
7f5fa76f9000-7f5fa76fd000 ---p 00000000 00:00 0 
7f5fa76fd000-7f5fa77fa000 rw-p 00000000 00:00 0 
7f5fa77fa000-7f5fa77fe000 ---p 00000000 00:00 0 
7f5fa77fe000-7f5fa78fb000 rw-p 00000000 00:00 0 
7f5fa78fb000-7f5fa78ff000 ---p 00000000 00:00 0 
7f5fa78ff000-7f5fa79fc000 rw-p 00000000 00:00 0 
7f5fa79fc000-7f5fa7a00000 ---p 00000000 00:00 0 
7f5fa7a00000-7f5fa7afd000 rw-p 00000000 00:00 0 
7f5fa7afd000-7f5fa7b01000 ---p 00000000 00:00 0 
7f5fa7b01000-7f5fa7bfe000 rw-p 00000000 00:00 0 
7f5fa7bfe000-7f5fa7c02000 ---p 00000000 00:00 0 
7f5fa7c02000-7f5fa7cff000 rw-p 00000000 00:00 0 
7f5fa7cff000-7f5fa7d03000 ---p 00000000 00:00 0 
7f5fa7d03000-7f5fa7fec000 rw-p 00000000 00:00 0 
7f5fa7fec000-7f5fa8000000 ---p 00000000 00:00 0 
7f5fa8000000-7f5fa8021000 rw-p 00000000 00:00 0 
7f5fa8021000-7f5fac000000 ---p 00000000 00:00 0 
7f5fac000000-7f5fac021000 rw-p 00000000 00:00 0 
7f5fac021000-7f5fb0000000 ---p 00000000 00:00 0 
7f5fb0000000-7f5fb0021000 rw-p 00000000 00:00 0 
7f5fb0021000-7f5fb4000000 ---p 00000000 00:00 0 
7f5fb4000000-7f5fb4021000 rw-p 00000000 00:00 0 
7f5fb4021000-7f5fb8000000 ---p 00000000 00:00 0 
7f5fb8000000-7f5fb9f39000 rw-p 00000000 00:00 0 
7f5fb9f39000-7f5fbc000000 ---p 00000000 00:00 0 
7f5fbc000000-7f5fbc897000 rw-p 00000000 00:00 0 
7f5fbc897000-7f5fc0000000 ---p 00000000 00:00 0 
7f5fc0000000-7f5fc0021000 rw-p 00000000 00:00 0 
7f5fc0021000-7f5fc4000000 ---p 00000000 00:00 0 
7f5fc4000000-7f5fc4021000 rw-p 00000000 00:00 0 
7f5fc4021000-7f5fc8000000 ---p 00000000 00:00 0 
7f5fc8000000-7f5fc8021000 rw-p 00000000 00:00 0 
7f5fc8021000-7f5fcc000000 ---p 00000000 00:00 0 
7f5fcc000000-7f5fcc021000 rw-p 00000000 00:00 0 
7f5fcc021000-7f5fd0000000 ---p 00000000 00:00 0 
7f5fd0000000-7f5fd0c5b000 rw-p 00000000 00:00 0 
7f5fd0c5b000-7f5fd4000000 ---p 00000000 00:00 0 
7f5fd4012000-7f5fd41fe000 rw-p 00000000 00:00 0 
7f5fd41fe000-7f5fd4212000 ---p 00000000 00:00 0 
7f5fd4212000-7f5fd4411000 rw-p 00000000 00:00 0 
7f5fd4411000-7f5fd4412000 ---p 00000000 00:00 0 
7f5fd4412000-7f5fd45f6000 rw-p 00000000 00:00 0 
7f5fd45f6000-7f5fd4612000 ---p 00000000 00:00 0 
7f5fd4612000-7f5fd4812000 rw-p 00000000 00:00 0 
7f5fd4812000-7f5fd4a82000 rwxp 00000000 00:00 0 
7f5fd4a82000-7f5fd4da3000 ---p 00000000 00:00 0 
7f5fd4da3000-7f5fd5963000 rwxp 00000000 00:00 0 
7f5fd5963000-7f5fdc2da000 ---p 00000000 00:00 0 
7f5fdc2da000-7f5fdc67a000 rwxp 00000000 00:00 0 
7f5fdc67a000-7f5fe3812000 ---p 00000000 00:00 0 
7f5fe3812000-7f5fec000000 r--s 00000000 08:01 4325379                    /home/adam/jdk11u/build/linux-x86_64-normal-server-release/images/jdk/lib/modules
7f5fec000000-7f5fee899000 rw-p 00000000 00:00 0 
7f5fee899000-7f5ff0000000 ---p 00000000 00:00 0 
7f5ff00c8000-7f5ff00cc000 ---p 00000000 00:00 0 
7f5ff00cc000-7f5ff01c9000 rw-p 00000000 00:00 0 
7f5ff01c9000-7f5ff01cd000 ---p 00000000 00:00 0 
7f5ff01cd000-7f5ff03eb000 rw-p 00000000 00:00 0 
7f5ff03eb000-7f5ff03ec000 r--p 00000000 08:01 2907360                    /usr/lib/x86_64-linux-gnu/libnss_dns-2.31.so
7f5ff03ec000-7f5ff03f0000 r-xp 00001000 08:01 2907360                    /usr/lib/x86_64-linux-gnu/libnss_dns-2.31.so
7f5ff03f0000-7f5ff03f1000 r--p 00005000 08:01 2907360                    /usr/lib/x86_64-linux-gnu/libnss_dns-2.31.so
7f5ff03f1000-7f5ff03f2000 r--p 00005000 08:01 2907360                    /usr/lib/x86_64-linux-gnu/libnss_dns-2.31.so
7f5ff03f2000-7f5ff03f3000 rw-p 00006000 08:01 2907360                    /usr/lib/x86_64-linux-gnu/libnss_dns-2.31.so
7f5ff03f3000-7f5ff03f7000 r--p 00000000 08:01 2907365                    /usr/lib/x86_64-linux-gnu/libresolv-2.31.so
7f5ff03f7000-7f5ff0405000 r-xp 00004000 08:01 2907365                    /usr/lib/x86_64-linux-gnu/libresolv-2.31.so
7f5ff0405000-7f5ff0409000 r--p 00012000 08:01 2907365                    /usr/lib/x86_64-linux-gnu/libresolv-2.31.so
7f5ff0409000-7f5ff040a000 r--p 00015000 08:01 2907365                    /usr/lib/x86_64-linux-gnu/libresolv-2.31.so
7f5ff040a000-7f5ff040b000 rw-p 00016000 08:01 2907365                    /usr/lib/x86_64-linux-gnu/libresolv-2.31.so
7f5ff040b000-7f5ff040d000 rw-p 00000000 00:00 0 
7f5ff040d000-7f5ff040e000 r--p 00000000 08:01 2905034                    /usr/lib/x86_64-linux-gnu/libnss_mdns4_minimal.so.2
7f5ff040e000-7f5ff0410000 r-xp 00001000 08:01 2905034                    /usr/lib/x86_64-linux-gnu/libnss_mdns4_minimal.so.2
7f5ff0410000-7f5ff0411000 r--p 00003000 08:01 2905034                    /usr/lib/x86_64-linux-gnu/libnss_mdns4_minimal.so.2
7f5ff0411000-7f5ff0412000 r--p 00003000 08:01 2905034                    /usr/lib/x86_64-linux-gnu/libnss_mdns4_minimal.so.2
7f5ff0412000-7f5ff0413000 rw-p 00004000 08:01 2905034                    /usr/lib/x86_64-linux-gnu/libnss_mdns4_minimal.so.2
7f5ff041e000-7f5ff0425000 r--s 00000000 08:01 2926395                    /usr/lib/x86_64-linux-gnu/gconv/gconv-modules.cache
7f5ff0425000-7f5ff0426000 r--p 00000000 08:01 4325479                    /home/adam/jdk11u/build/linux-x86_64-normal-server-release/images/jdk/lib/libextnet.so
7f5ff0426000-7f5ff0427000 r-xp 00001000 08:01 4325479                    /home/adam/jdk11u/build/linux-x86_64-normal-server-release/images/jdk/lib/libextnet.so
7f5ff0427000-7f5ff0428000 r--p 00002000 08:01 4325479                    /home/adam/jdk11u/build/linux-x86_64-normal-server-release/images/jdk/lib/libextnet.so
7f5ff0428000-7f5ff0429000 r--p 00002000 08:01 4325479                    /home/adam/jdk11u/build/linux-x86_64-normal-server-release/images/jdk/lib/libextnet.so
7f5ff0429000-7f5ff042a000 rw-p 00003000 08:01 4325479                    /home/adam/jdk11u/build/linux-x86_64-normal-server-release/images/jdk/lib/libextnet.so
7f5ff042a000-7f5ff060f000 rw-p 00000000 00:00 0 
7f5ff060f000-7f5ff062a000 ---p 00000000 00:00 0 
7f5ff062a000-7f5ff082a000 rw-p 00000000 00:00 0 
7f5ff082a000-7f5ff0a2a000 rw-p 00000000 00:00 0 
7f5ff0a2a000-7f5ff0a2c000 r--p 00000000 08:01 4325405                    /home/adam/jdk11u/build/linux-x86_64-normal-server-release/images/jdk/lib/libmanagement_ext.so
7f5ff0a2c000-7f5ff0a2f000 r-xp 00002000 08:01 4325405                    /home/adam/jdk11u/build/linux-x86_64-normal-server-release/images/jdk/lib/libmanagement_ext.so
7f5ff0a2f000-7f5ff0a30000 r--p 00005000 08:01 4325405                    /home/adam/jdk11u/build/linux-x86_64-normal-server-release/images/jdk/lib/libmanagement_ext.so
7f5ff0a30000-7f5ff0a31000 ---p 00006000 08:01 4325405                    /home/adam/jdk11u/build/linux-x86_64-normal-server-release/images/jdk/lib/libmanagement_ext.so
7f5ff0a31000-7f5ff0a32000 r--p 00006000 08:01 4325405                    /home/adam/jdk11u/build/linux-x86_64-normal-server-release/images/jdk/lib/libmanagement_ext.so
7f5ff0a32000-7f5ff0a33000 rw-p 00007000 08:01 4325405                    /home/adam/jdk11u/build/linux-x86_64-normal-server-release/images/jdk/lib/libmanagement_ext.so
7f5ff0a33000-7f5ff0a36000 r--p 00000000 08:01 4325485                    /home/adam/jdk11u/build/linux-x86_64-normal-server-release/images/jdk/lib/libmanagement.so
7f5ff0a36000-7f5ff0a37000 r-xp 00003000 08:01 4325485                    /home/adam/jdk11u/build/linux-x86_64-normal-server-release/images/jdk/lib/libmanagement.so
7f5ff0a37000-7f5ff0a38000 r--p 00004000 08:01 4325485                    /home/adam/jdk11u/build/linux-x86_64-normal-server-release/images/jdk/lib/libmanagement.so
7f5ff0a38000-7f5ff0a39000 r--p 00004000 08:01 4325485                    /home/adam/jdk11u/build/linux-x86_64-normal-server-release/images/jdk/lib/libmanagement.so
7f5ff0a39000-7f5ff0a3a000 rw-p 00005000 08:01 4325485                    /home/adam/jdk11u/build/linux-x86_64-normal-server-release/images/jdk/lib/libmanagement.so
7f5ff0a3a000-7f5ff0c3a000 rw-p 00000000 00:00 0 
7f5ff0c3a000-7f5ff0e3a000 rw-p 00000000 00:00 0 
7f5ff0e3a000-7f5ff103a000 rw-p 00000000 00:00 0 
7f5ff103a000-7f5ff123a000 rw-p 00000000 00:00 0 
7f5ff123a000-7f5ff126b000 rw-p 00000000 00:00 0 
7f5ff126b000-7f5ff126f000 r--p 00000000 08:01 4325477                    /home/adam/jdk11u/build/linux-x86_64-normal-server-release/images/jdk/lib/libnet.so
7f5ff126f000-7f5ff127e000 r-xp 00004000 08:01 4325477                    /home/adam/jdk11u/build/linux-x86_64-normal-server-release/images/jdk/lib/libnet.so
7f5ff127e000-7f5ff1282000 r--p 00013000 08:01 4325477                    /home/adam/jdk11u/build/linux-x86_64-normal-server-release/images/jdk/lib/libnet.so
7f5ff1282000-7f5ff1283000 r--p 00016000 08:01 4325477                    /home/adam/jdk11u/build/linux-x86_64-normal-server-release/images/jdk/lib/libnet.so
7f5ff1283000-7f5ff1284000 rw-p 00017000 08:01 4325477                    /home/adam/jdk11u/build/linux-x86_64-normal-server-release/images/jdk/lib/libnet.so
7f5ff1284000-7f5ff128b000 r--p 00000000 08:01 4325466                    /home/adam/jdk11u/build/linux-x86_64-normal-server-release/images/jdk/lib/libnio.so
7f5ff128b000-7f5ff1292000 r-xp 00007000 08:01 4325466                    /home/adam/jdk11u/build/linux-x86_64-normal-server-release/images/jdk/lib/libnio.so
7f5ff1292000-7f5ff1295000 r--p 0000e000 08:01 4325466                    /home/adam/jdk11u/build/linux-x86_64-normal-server-release/images/jdk/lib/libnio.so
7f5ff1295000-7f5ff1296000 r--p 00010000 08:01 4325466                    /home/adam/jdk11u/build/linux-x86_64-normal-server-release/images/jdk/lib/libnio.so
7f5ff1296000-7f5ff1297000 rw-p 00011000 08:01 4325466                    /home/adam/jdk11u/build/linux-x86_64-normal-server-release/images/jdk/lib/libnio.so
7f5ff1297000-7f5ff129b000 ---p 00000000 00:00 0 
7f5ff129b000-7f5ff1398000 rw-p 00000000 00:00 0 
7f5ff1398000-7f5ff1399000 ---p 00000000 00:00 0 
7f5ff1399000-7f5ff149a000 rw-p 00000000 00:00 0 
7f5ff149a000-7f5ff149e000 ---p 00000000 00:00 0 
7f5ff149e000-7f5ff159b000 rw-p 00000000 00:00 0 
7f5ff159b000-7f5ff159f000 ---p 00000000 00:00 0 
7f5ff159f000-7f5ff169c000 rw-p 00000000 00:00 0 
7f5ff169c000-7f5ff16a0000 ---p 00000000 00:00 0 
7f5ff16a0000-7f5ff179d000 rw-p 00000000 00:00 0 
7f5ff179d000-7f5ff17a1000 ---p 00000000 00:00 0 
7f5ff17a1000-7f5ff189e000 rw-p 00000000 00:00 0 
7f5ff189e000-7f5ff18a2000 ---p 00000000 00:00 0 
7f5ff18a2000-7f5ff199f000 rw-p 00000000 00:00 0 
7f5ff199f000-7f5ff1c86000 r--p 00000000 08:01 2884038                    /usr/lib/locale/locale-archive
7f5ff1c86000-7f5ff1c8a000 ---p 00000000 00:00 0 
7f5ff1c8a000-7f5ff1d87000 rw-p 00000000 00:00 0 
7f5ff1d87000-7f5ff1d8b000 ---p 00000000 00:00 0 
7f5ff1d8b000-7f5ff1e88000 rw-p 00000000 00:00 0 
7f5ff1e88000-7f5ff1e89000 ---p 00000000 00:00 0 
7f5ff1e89000-7f5ff288e000 rw-p 00000000 00:00 0 
7f5ff288e000-7f5ff28d8000 rw-p 00000000 00:00 0 
7f5ff28d8000-7f5ff29bb000 ---p 00000000 00:00 0 
7f5ff29bb000-7f5ff29d3000 rw-p 00000000 00:00 0 
7f5ff29d3000-7f5ff2aa6000 ---p 00000000 00:00 0 
7f5ff2aa6000-7f5ff2aab000 rw-p 00000000 00:00 0 
7f5ff2aab000-7f5ff2ab2000 ---p 00000000 00:00 0 
7f5ff2ab2000-7f5ff2ab5000 r--p 00000000 08:01 2907361                    /usr/lib/x86_64-linux-gnu/libnss_files-2.31.so
7f5ff2ab5000-7f5ff2abc000 r-xp 00003000 08:01 2907361                    /usr/lib/x86_64-linux-gnu/libnss_files-2.31.so
7f5ff2abc000-7f5ff2abe000 r--p 0000a000 08:01 2907361                    /usr/lib/x86_64-linux-gnu/libnss_files-2.31.so
7f5ff2abe000-7f5ff2abf000 r--p 0000b000 08:01 2907361                    /usr/lib/x86_64-linux-gnu/libnss_files-2.31.so
7f5ff2abf000-7f5ff2ac0000 rw-p 0000c000 08:01 2907361                    /usr/lib/x86_64-linux-gnu/libnss_files-2.31.so
7f5ff2ac0000-7f5ff2ac6000 rw-p 00000000 00:00 0 
7f5ff2ac6000-7f5ff2ac7000 r--p 00000000 08:01 4325404                    /home/adam/jdk11u/build/linux-x86_64-normal-server-release/images/jdk/lib/libjaas.so
7f5ff2ac7000-7f5ff2ac8000 r-xp 00001000 08:01 4325404                    /home/adam/jdk11u/build/linux-x86_64-normal-server-release/images/jdk/lib/libjaas.so
7f5ff2ac8000-7f5ff2ac9000 r--p 00002000 08:01 4325404                    /home/adam/jdk11u/build/linux-x86_64-normal-server-release/images/jdk/lib/libjaas.so
7f5ff2ac9000-7f5ff2aca000 r--p 00002000 08:01 4325404                    /home/adam/jdk11u/build/linux-x86_64-normal-server-release/images/jdk/lib/libjaas.so
7f5ff2aca000-7f5ff2acb000 rw-p 00003000 08:01 4325404                    /home/adam/jdk11u/build/linux-x86_64-normal-server-release/images/jdk/lib/libjaas.so
7f5ff2acb000-7f5ff2acd000 r--p 00000000 08:01 4325459                    /home/adam/jdk11u/build/linux-x86_64-normal-server-release/images/jdk/lib/libzip.so
7f5ff2acd000-7f5ff2ad1000 r-xp 00002000 08:01 4325459                    /home/adam/jdk11u/build/linux-x86_64-normal-server-release/images/jdk/lib/libzip.so
7f5ff2ad1000-7f5ff2ad3000 r--p 00006000 08:01 4325459                    /home/adam/jdk11u/build/linux-x86_64-normal-server-release/images/jdk/lib/libzip.so
7f5ff2ad3000-7f5ff2ad4000 r--p 00007000 08:01 4325459                    /home/adam/jdk11u/build/linux-x86_64-normal-server-release/images/jdk/lib/libzip.so
7f5ff2ad4000-7f5ff2ad5000 rw-p 00008000 08:01 4325459                    /home/adam/jdk11u/build/linux-x86_64-normal-server-release/images/jdk/lib/libzip.so
7f5ff2ad5000-7f5ff2add000 rw-s 00000000 08:01 262435                     /tmp/hsperfdata_root/10056
7f5ff2add000-7f5ff2ae1000 r--p 00000000 08:01 4325454                    /home/adam/jdk11u/build/linux-x86_64-normal-server-release/images/jdk/lib/libjimage.so
7f5ff2ae1000-7f5ff2af4000 r-xp 00004000 08:01 4325454                    /home/adam/jdk11u/build/linux-x86_64-normal-server-release/images/jdk/lib/libjimage.so
7f5ff2af4000-7f5ff2afa000 r--p 00017000 08:01 4325454                    /home/adam/jdk11u/build/linux-x86_64-normal-server-release/images/jdk/lib/libjimage.so
7f5ff2afa000-7f5ff2afc000 r--p 0001c000 08:01 4325454                    /home/adam/jdk11u/build/linux-x86_64-normal-server-release/images/jdk/lib/libjimage.so
7f5ff2afc000-7f5ff2afd000 rw-p 0001e000 08:01 4325454                    /home/adam/jdk11u/build/linux-x86_64-normal-server-release/images/jdk/lib/libjimage.so
7f5ff2afd000-7f5ff2b0b000 r--p 00000000 08:01 4325476                    /home/adam/jdk11u/build/linux-x86_64-normal-server-release/images/jdk/lib/libjava.so
7f5ff2b0b000-7f5ff2b21000 r-xp 0000e000 08:01 4325476                    /home/adam/jdk11u/build/linux-x86_64-normal-server-release/images/jdk/lib/libjava.so
7f5ff2b21000-7f5ff2b28000 r--p 00024000 08:01 4325476                    /home/adam/jdk11u/build/linux-x86_64-normal-server-release/images/jdk/lib/libjava.so
7f5ff2b28000-7f5ff2b29000 r--p 0002a000 08:01 4325476                    /home/adam/jdk11u/build/linux-x86_64-normal-server-release/images/jdk/lib/libjava.so
7f5ff2b29000-7f5ff2b2a000 rw-p 0002b000 08:01 4325476                    /home/adam/jdk11u/build/linux-x86_64-normal-server-release/images/jdk/lib/libjava.so
7f5ff2b2a000-7f5ff2b2b000 rw-p 00000000 00:00 0 
7f5ff2b2b000-7f5ff2b2d000 r--p 00000000 08:01 2907366                    /usr/lib/x86_64-linux-gnu/librt-2.31.so
7f5ff2b2d000-7f5ff2b31000 r-xp 00002000 08:01 2907366                    /usr/lib/x86_64-linux-gnu/librt-2.31.so
7f5ff2b31000-7f5ff2b33000 r--p 00006000 08:01 2907366                    /usr/lib/x86_64-linux-gnu/librt-2.31.so
7f5ff2b33000-7f5ff2b34000 r--p 00007000 08:01 2907366                    /usr/lib/x86_64-linux-gnu/librt-2.31.so
7f5ff2b34000-7f5ff2b35000 rw-p 00008000 08:01 2907366                    /usr/lib/x86_64-linux-gnu/librt-2.31.so
7f5ff2b35000-7f5ff2b39000 ---p 00000000 00:00 0 
7f5ff2b39000-7f5ff2c36000 rw-p 00000000 00:00 0 
7f5ff2c36000-7f5ff2c43000 r--p 00000000 08:01 2907355                    /usr/lib/x86_64-linux-gnu/libm-2.31.so
7f5ff2c43000-7f5ff2cdd000 r-xp 0000d000 08:01 2907355                    /usr/lib/x86_64-linux-gnu/libm-2.31.so
7f5ff2cdd000-7f5ff2d78000 r--p 000a7000 08:01 2907355                    /usr/lib/x86_64-linux-gnu/libm-2.31.so
7f5ff2d78000-7f5ff2d79000 r--p 00141000 08:01 2907355                    /usr/lib/x86_64-linux-gnu/libm-2.31.so
7f5ff2d79000-7f5ff2d7a000 rw-p 00142000 08:01 2907355                    /usr/lib/x86_64-linux-gnu/libm-2.31.so
7f5ff2d7a000-7f5ff2ff6000 r--p 00000000 08:01 4325457                    /home/adam/jdk11u/build/linux-x86_64-normal-server-release/images/jdk/lib/server/libjvm.so
7f5ff2ff6000-7f5ff3be7000 r-xp 0027c000 08:01 4325457                    /home/adam/jdk11u/build/linux-x86_64-normal-server-release/images/jdk/lib/server/libjvm.so
7f5ff3be7000-7f5ff3e3c000 r--p 00e6d000 08:01 4325457                    /home/adam/jdk11u/build/linux-x86_64-normal-server-release/images/jdk/lib/server/libjvm.so
7f5ff3e3c000-7f5ff3eff000 r--p 010c1000 08:01 4325457                    /home/adam/jdk11u/build/linux-x86_64-normal-server-release/images/jdk/lib/server/libjvm.so
7f5ff3eff000-7f5ff3f39000 rw-p 01184000 08:01 4325457                    /home/adam/jdk11u/build/linux-x86_64-normal-server-release/images/jdk/lib/server/libjvm.so
7f5ff3f39000-7f5ff3f92000 rw-p 00000000 00:00 0 
7f5ff3f92000-7f5ff3f98000 r--p 00000000 08:01 2907364                    /usr/lib/x86_64-linux-gnu/libpthread-2.31.so
7f5ff3f98000-7f5ff3fa8000 r-xp 00006000 08:01 2907364                    /usr/lib/x86_64-linux-gnu/libpthread-2.31.so
7f5ff3fa8000-7f5ff3fae000 r--p 00016000 08:01 2907364                    /usr/lib/x86_64-linux-gnu/libpthread-2.31.so
7f5ff3fae000-7f5ff3faf000 r--p 0001b000 08:01 2907364                    /usr/lib/x86_64-linux-gnu/libpthread-2.31.so
7f5ff3faf000-7f5ff3fb0000 rw-p 0001c000 08:01 2907364                    /usr/lib/x86_64-linux-gnu/libpthread-2.31.so
7f5ff3fb0000-7f5ff3fb4000 rw-p 00000000 00:00 0 
7f5ff3fb4000-7f5ff3fb5000 r--p 00000000 08:01 2907353                    /usr/lib/x86_64-linux-gnu/libdl-2.31.so
7f5ff3fb5000-7f5ff3fb7000 r-xp 00001000 08:01 2907353                    /usr/lib/x86_64-linux-gnu/libdl-2.31.so
7f5ff3fb7000-7f5ff3fb8000 r--p 00003000 08:01 2907353                    /usr/lib/x86_64-linux-gnu/libdl-2.31.so
7f5ff3fb8000-7f5ff3fb9000 r--p 00003000 08:01 2907353                    /usr/lib/x86_64-linux-gnu/libdl-2.31.so
7f5ff3fb9000-7f5ff3fba000 rw-p 00004000 08:01 2907353                    /usr/lib/x86_64-linux-gnu/libdl-2.31.so
7f5ff3fba000-7f5ff3fbd000 r--p 00000000 08:01 2885790                    /usr/lib/x86_64-linux-gnu/libz.so.1.2.11
7f5ff3fbd000-7f5ff3fce000 r-xp 00003000 08:01 2885790                    /usr/lib/x86_64-linux-gnu/libz.so.1.2.11
7f5ff3fce000-7f5ff3fd4000 r--p 00014000 08:01 2885790                    /usr/lib/x86_64-linux-gnu/libz.so.1.2.11
7f5ff3fd4000-7f5ff3fd5000 ---p 0001a000 08:01 2885790                    /usr/lib/x86_64-linux-gnu/libz.so.1.2.11
7f5ff3fd5000-7f5ff3fd6000 r--p 0001a000 08:01 2885790                    /usr/lib/x86_64-linux-gnu/libz.so.1.2.11
7f5ff3fd6000-7f5ff3fd7000 rw-p 0001b000 08:01 2885790                    /usr/lib/x86_64-linux-gnu/libz.so.1.2.11
7f5ff3fd7000-7f5ff3ff9000 r--p 00000000 08:01 2907352                    /usr/lib/x86_64-linux-gnu/libc-2.31.so
7f5ff3ff9000-7f5ff4153000 r-xp 00022000 08:01 2907352                    /usr/lib/x86_64-linux-gnu/libc-2.31.so
7f5ff4153000-7f5ff41a2000 r--p 0017c000 08:01 2907352                    /usr/lib/x86_64-linux-gnu/libc-2.31.so
7f5ff41a2000-7f5ff41a6000 r--p 001ca000 08:01 2907352                    /usr/lib/x86_64-linux-gnu/libc-2.31.so
7f5ff41a6000-7f5ff41a8000 rw-p 001ce000 08:01 2907352                    /usr/lib/x86_64-linux-gnu/libc-2.31.so
7f5ff41a8000-7f5ff41ac000 rw-p 00000000 00:00 0 
7f5ff41af000-7f5ff41b0000 ---p 00000000 00:00 0 
7f5ff41b0000-7f5ff41b1000 r--p 00000000 00:00 0 
7f5ff41b1000-7f5ff41b6000 r--p 00000000 08:01 4325460                    /home/adam/jdk11u/build/linux-x86_64-normal-server-release/images/jdk/lib/libverify.so
7f5ff41b6000-7f5ff41bd000 r-xp 00005000 08:01 4325460                    /home/adam/jdk11u/build/linux-x86_64-normal-server-release/images/jdk/lib/libverify.so
7f5ff41bd000-7f5ff41bf000 r--p 0000c000 08:01 4325460                    /home/adam/jdk11u/build/linux-x86_64-normal-server-release/images/jdk/lib/libverify.so
7f5ff41bf000-7f5ff41c0000 ---p 0000e000 08:01 4325460                    /home/adam/jdk11u/build/linux-x86_64-normal-server-release/images/jdk/lib/libverify.so
7f5ff41c0000-7f5ff41c2000 r--p 0000e000 08:01 4325460                    /home/adam/jdk11u/build/linux-x86_64-normal-server-release/images/jdk/lib/libverify.so
7f5ff41c2000-7f5ff41c3000 rw-p 00010000 08:01 4325460                    /home/adam/jdk11u/build/linux-x86_64-normal-server-release/images/jdk/lib/libverify.so
7f5ff41c3000-7f5ff41c6000 r--p 00000000 08:01 4325468                    /home/adam/jdk11u/build/linux-x86_64-normal-server-release/images/jdk/lib/jli/libjli.so
7f5ff41c6000-7f5ff41d0000 r-xp 00003000 08:01 4325468                    /home/adam/jdk11u/build/linux-x86_64-normal-server-release/images/jdk/lib/jli/libjli.so
7f5ff41d0000-7f5ff41d3000 r--p 0000d000 08:01 4325468                    /home/adam/jdk11u/build/linux-x86_64-normal-server-release/images/jdk/lib/jli/libjli.so
7f5ff41d3000-7f5ff41d4000 ---p 00010000 08:01 4325468                    /home/adam/jdk11u/build/linux-x86_64-normal-server-release/images/jdk/lib/jli/libjli.so
7f5ff41d4000-7f5ff41d5000 r--p 00010000 08:01 4325468                    /home/adam/jdk11u/build/linux-x86_64-normal-server-release/images/jdk/lib/jli/libjli.so
7f5ff41d5000-7f5ff41d6000 rw-p 00011000 08:01 4325468                    /home/adam/jdk11u/build/linux-x86_64-normal-server-release/images/jdk/lib/jli/libjli.so
7f5ff41d6000-7f5ff41d8000 rw-p 00000000 00:00 0 
7f5ff41d8000-7f5ff41d9000 r--p 00000000 08:01 2907322                    /usr/lib/x86_64-linux-gnu/ld-2.31.so
7f5ff41d9000-7f5ff41f9000 r-xp 00001000 08:01 2907322                    /usr/lib/x86_64-linux-gnu/ld-2.31.so
7f5ff41f9000-7f5ff4201000 r--p 00021000 08:01 2907322                    /usr/lib/x86_64-linux-gnu/ld-2.31.so
7f5ff4202000-7f5ff4203000 r--p 00029000 08:01 2907322                    /usr/lib/x86_64-linux-gnu/ld-2.31.so
7f5ff4203000-7f5ff4204000 rw-p 0002a000 08:01 2907322                    /usr/lib/x86_64-linux-gnu/ld-2.31.so
7f5ff4204000-7f5ff4205000 rw-p 00000000 00:00 0 
7ffe518da000-7ffe518fb000 rw-p 00000000 00:00 0                          [stack]
7ffe519b5000-7ffe519b9000 r--p 00000000 00:00 0                          [vvar]
7ffe519b9000-7ffe519bb000 r-xp 00000000 00:00 0                          [vdso]


VM Arguments:
jvm_args: -XX:AllocateHeapAt=/dev/fakeblk -Xlog:gc=debug -XX:+UnlockExperimentalVMOptions -XX:-UseTLAB -XX:+UseEpsilonGC -Xnoclassgc -Xmx8g 
java_command: org.apache.spark.deploy.SparkSubmit --master local[*] --class WordCount /home/adam/Spark_benchmark/spark_run/run.jar
java_class_path (initial): /home/adam/Spark_benchmark/spark_compiled/conf/:/home/adam/Spark_benchmark/spark_compiled/jars/hadoop-shaded-guava-1.1.1.jar:/home/adam/Spark_benchmark/spark_compiled/jars/jersey-client-2.36.jar:/home/adam/Spark_benchmark/spark_compiled/jars/netty-transport-native-epoll-4.1.86.Final-linux-aarch_64.jar:/home/adam/Spark_benchmark/spark_compiled/jars/jsr305-3.0.0.jar:/home/adam/Spark_benchmark/spark_compiled/jars/scala-xml_2.12-2.1.0.jar:/home/adam/Spark_benchmark/spark_compiled/jars/parquet-common-1.12.3.jar:/home/adam/Spark_benchmark/spark_compiled/jars/curator-client-2.13.0.jar:/home/adam/Spark_benchmark/spark_compiled/jars/spire-platform_2.12-0.17.0.jar:/home/adam/Spark_benchmark/spark_compiled/jars/netty-codec-http2-4.1.86.Final.jar:/home/adam/Spark_benchmark/spark_compiled/jars/kubernetes-model-flowcontrol-6.4.0.jar:/home/adam/Spark_benchmark/spark_compiled/jars/snappy-java-1.1.8.4.jar:/home/adam/Spark_benchmark/spark_compiled/jars/compress-lzf-1.1.jar:/home/adam/Spark_benchmark/spark_compiled/jars/stream-2.9.6.jar:/home/adam/Spark_benchmark/spark_compiled/jars/spire-macros_2.12-0.17.0.jar:/home/adam/Spark_benchmark/spark_compiled/jars/spark-yarn_2.12-3.5.0-SNAPSHOT.jar:/home/adam/Spark_benchmark/spark_compiled/jars/spark-tags_2.12-3.5.0-SNAPSHOT.jar:/home/adam/Spark_benchmark/spark_compiled/jars/arrow-format-10.0.1.jar:/home/adam/Spark_benchmark/spark_compiled/jars/zookeeper-jute-3.6.3.jar:/home/adam/Spark_benchmark/spark_compiled/jars/avro-1.11.1.jar:/home/adam/Spark_benchmark/spark_compiled/jars/protobuf-java-2.5.0.jar:/home/adam/Spark_benchmark/spark_compiled/jars/JLargeArrays-1.5.jar:/home/adam/Spark_benchmark/spark_compiled/jars/arrow-memory-netty-10.0.1.jar:/home/adam/Spark_benchmark/spark_compiled/jars/log4j-api-2.19.0.jar:/home/adam/Spark_benchmark/spark_compiled/jars/py4j-0.10.9.7.jar:/home/adam/Spark_benchmark/spark_compiled/jars/commons-crypto-1.1.0.jar:/home/adam/Spark_benchmark/spark_compiled/jars/jakarta.servlet-api-4.0
Launcher Type: SUN_STANDARD

[Global flags]
    ccstr AllocateHeapAt                           = /dev/fakeblk                              {product} {command line}
     intx CICompilerCount                          = 4                                         {product} {ergonomic}
     bool ClassUnloading                           = false                                     {product} {command line}
     bool ClassUnloadingWithConcurrentMark         = false                                     {product} {command line}
   size_t InitialHeapSize                          = 25165824                                  {product} {ergonomic}
   size_t MaxHeapSize                              = 8589934592                                {product} {command line}
   size_t MinHeapDeltaBytes                        = 172032                                    {product} {ergonomic}
    uintx NonNMethodCodeHeapSize                   = 5836300                                {pd product} {ergonomic}
    uintx NonProfiledCodeHeapSize                  = 122910970                              {pd product} {ergonomic}
    uintx ProfiledCodeHeapSize                     = 122910970                              {pd product} {ergonomic}
    uintx ReservedCodeCacheSize                    = 251658240                              {pd product} {ergonomic}
     bool SegmentedCodeCache                       = true                                      {product} {ergonomic}
     bool UnlockExperimentalVMOptions              = true                                 {experimental} {command line}
     bool UseCompressedClassPointers               = true                                 {lp64_product} {ergonomic}
     bool UseCompressedOops                        = true                                 {lp64_product} {ergonomic}
     bool UseEpsilonGC                             = true                                 {experimental} {command line}
     bool UseTLAB                                  = false                                  {pd product} {command line}

Logging:
Log output configuration:
 #0: stdout all=warning,gc=debug uptime,level,tags
 #1: stderr all=off uptime,level,tags

Environment Variables:
PATH=/usr/local/sbin:/usr/local/bin:/usr/sbin:/usr/bin:/sbin:/bin
SHELL=/bin/bash
LANG=fr_FR.UTF-8

Signal Handlers:
SIGSEGV: [libjvm.so+0xde1ed0], sa_mask[0]=11111111011111111101111111111110, sa_flags=SA_RESTART|SA_SIGINFO
SIGBUS: [libjvm.so+0xde1ed0], sa_mask[0]=11111111011111111101111111111110, sa_flags=SA_RESTART|SA_SIGINFO
SIGFPE: [libjvm.so+0xde1ed0], sa_mask[0]=11111111011111111101111111111110, sa_flags=SA_RESTART|SA_SIGINFO
SIGPIPE: [libjvm.so+0xbdcab0], sa_mask[0]=11111111011111111101111111111110, sa_flags=SA_RESTART|SA_SIGINFO
SIGXFSZ: [libjvm.so+0xbdcab0], sa_mask[0]=11111111011111111101111111111110, sa_flags=SA_RESTART|SA_SIGINFO
SIGILL: [libjvm.so+0xde1ed0], sa_mask[0]=11111111011111111101111111111110, sa_flags=SA_RESTART|SA_SIGINFO
SIGUSR2: [libjvm.so+0xbdc950], sa_mask[0]=00000000000000000000000000000000, sa_flags=SA_RESTART|SA_SIGINFO
SIGHUP: [libjvm.so+0xbdd1e0], sa_mask[0]=11111111011111111101111111111110, sa_flags=SA_RESTART|SA_SIGINFO
SIGINT: [libjvm.so+0xbdd1e0], sa_mask[0]=11111111011111111101111111111110, sa_flags=SA_RESTART|SA_SIGINFO
SIGTERM: [libjvm.so+0xbdd1e0], sa_mask[0]=11111111011111111101111111111110, sa_flags=SA_RESTART|SA_SIGINFO
SIGQUIT: [libjvm.so+0xbdd1e0], sa_mask[0]=11111111011111111101111111111110, sa_flags=SA_RESTART|SA_SIGINFO


---------------  S Y S T E M  ---------------

OS:PRETTY_NAME="Debian GNU/Linux 11 (bullseye)"
NAME="Debian GNU/Linux"
VERSION_ID="11"
VERSION="11 (bullseye)"
VERSION_CODENAME=bullseye
ID=debian
HOME_URL="https://www.debian.org/"
SUPPORT_URL="https://www.debian.org/support"
BUG_REPORT_URL="https://bugs.debian.org/"
uname:Linux 5.10.0-11-amd64 #1 SMP Debian 5.10.92-2 (2022-02-28) x86_64
OS uptime: 0 days 21:24 hours
libc:glibc 2.31 NPTL 2.31 
rlimit (soft/hard): STACK 8192k/infinity , CORE 0k/infinity , NPROC 128459/128459 , NOFILE 1048576/1048576 , AS infinity/infinity , CPU infinity/infinity , DATA infinity/infinity , FSIZE infinity/infinity , MEMLOCK 4116444k/4116444k
load average:1,00 1,00 1,00

/proc/meminfo:
MemTotal:       32931552 kB
MemFree:        10512672 kB
MemAvailable:   19092264 kB
Buffers:         1509492 kB
Cached:         19226428 kB
SwapCached:            0 kB
Active:         16454544 kB
Inactive:        5103732 kB
Active(anon):   12583644 kB
Inactive(anon):   340264 kB
Active(file):    3870900 kB
Inactive(file):  4763468 kB
Unevictable:           0 kB
Mlocked:               0 kB
SwapTotal:             0 kB
SwapFree:              0 kB
Dirty:                44 kB
Writeback:             0 kB
AnonPages:        340060 kB
Mapped:          1398180 kB
Shmem:          12101548 kB
KReclaimable:     414952 kB
Slab:             478572 kB
SReclaimable:     414952 kB
SUnreclaim:        63620 kB
KernelStack:        4608 kB
PageTables:         7780 kB
NFS_Unstable:          0 kB
Bounce:                0 kB
WritebackTmp:          0 kB
CommitLimit:    16465776 kB
Committed_AS:     952668 kB
VmallocTotal:   34359738367 kB
VmallocUsed:      197280 kB
VmallocChunk:          0 kB
Percpu:             6016 kB
HardwareCorrupted:     0 kB
AnonHugePages:    241664 kB
ShmemHugePages:        0 kB
ShmemPmdMapped:        0 kB
FileHugePages:         0 kB
FilePmdMapped:         0 kB
HugePages_Total:       0
HugePages_Free:        0
HugePages_Rsvd:        0
HugePages_Surp:        0
Hugepagesize:       2048 kB
Hugetlb:               0 kB
DirectMap4k:      241512 kB
DirectMap2M:    13389824 kB
DirectMap1G:    22020096 kB

/sys/kernel/mm/transparent_hugepage/enabled:
[always] madvise never
/sys/kernel/mm/transparent_hugepage/defrag (defrag/compaction efforts parameter):
always defer defer+madvise [madvise] never

Process Memory:
Virtual Size: 14130392K (peak: 14130392K)
Resident Set Size: 1517732K (peak: 1544616K) (anon: 213452K, file: 1304280K, shmem: 0K)
Swapped out: 0K
C-Heap outstanding allocations: 65323K, retained: 49448K
glibc malloc tunables: (default)

/proc/sys/kernel/threads-max (system-wide limit on the number of threads):
256918
/proc/sys/vm/max_map_count (maximum number of memory map areas a process may have):
65530
/proc/sys/kernel/pid_max (system-wide limit on number of process identifiers):
4194304

container (cgroup) information:
container_type: cgroupv2
cpu_cpuset_cpus: not supported
cpu_memory_nodes: not supported
active_processor_count: 8
cpu_quota: not supported
cpu_period: not supported
cpu_shares: not supported
memory_limit_in_bytes: 1610612736
memory_and_swap_limit_in_bytes: unlimited
memory_soft_limit_in_bytes: unlimited
memory_usage_in_bytes: 1610571776
memory_max_usage_in_bytes: not supported

KVM virtualization detected
Steal ticks since vm start: 82
Steal ticks percentage since vm start:  0,000

CPU:total 8 (initial active 8) (4 cores per cpu, 1 threads per core) family 6 model 85 stepping 7 microcode 0x5003102, cmov, cx8, fxsr, mmx, sse, sse2, sse3, ssse3, sse4.1, sse4.2, popcnt, avx, avx2, aes, clmul, erms, 3dnowpref, lzcnt, tsc, bmi1, bmi2, adx, evex, fma
CPU Model and flags from /proc/cpuinfo:
model name	: Intel(R) Xeon(R) Silver 4208 CPU @ 2.10GHz
flags		: fpu vme de pse tsc msr pae mce cx8 apic sep mtrr pge mca cmov pat pse36 clflush mmx fxsr sse sse2 ss ht syscall nx pdpe1gb rdtscp lm constant_tsc arch_perfmon rep_good nopl xtopology cpuid tsc_known_freq pni pclmulqdq vmx ssse3 fma cx16 pdcm pcid sse4_1 sse4_2 x2apic movbe popcnt tsc_deadline_timer aes xsave avx f16c rdrand hypervisor lahf_lm abm 3dnowprefetch cpuid_fault invpcid_single ssbd ibrs ibpb stibp ibrs_enhanced tpr_shadow vnmi flexpriority ept vpid ept_ad fsgsbase tsc_adjust bmi1 avx2 smep bmi2 erms invpcid mpx avx512f avx512dq rdseed adx smap clflushopt clwb avx512cd avx512bw avx512vl xsaveopt xsavec xgetbv1 xsaves arat umip pku ospke avx512_vnni md_clear arch_capabilities
Online cpus:
0-7
Offline cpus:

BIOS frequency limitation:
<Not Available>
Frequency switch latency (ns):
<Not Available>
Available cpu frequencies:
<Not Available>
Current governor:
<Not Available>
Core performance/turbo boost:
<Not Available>

Memory: 4k page, physical 1572864k(32k free), swap 0k(0k free)

vm_info: OpenJDK 64-Bit Server VM (11.0.16-internal+0-adhoc.adam.jdk11u) for linux-amd64 JRE (11.0.16-internal+0-adhoc.adam.jdk11u), built on May 12 2023 09:42:00 by "adam" with gcc 10.2.1 20210110

END.
