#
# A fatal error has been detected by the Java Runtime Environment:
#
#  SIGSEGV (0xb) at pc=0x00007f6d8ce57f10, pid=31486, tid=31487
#
# JRE version: OpenJDK Runtime Environment (11.0.16) (build 11.0.16-internal+0-adhoc.adam.jdk11u)
# Java VM: OpenJDK 64-Bit Server VM (11.0.16-internal+0-adhoc.adam.jdk11u, mixed mode, tiered, compressed oops, epsilon gc, linux-amd64)
# Problematic frame:
# V  [libjvm.so+0x2cff10]  RemoteSpace::par_allocate_klass(unsigned long, Klass*)+0xb0
#
# No core dump will be written. Core dumps have been disabled. To enable core dumping, try "ulimit -c unlimited" before starting Java again
#
# If you would like to submit a bug report, please visit:
#   https://bugreport.java.com/bugreport/crash.jsp
#

---------------  S U M M A R Y ------------

Command Line: -XX:AllocateHeapAt=/dev/fakeblk -Xlog:gc=debug -XX:+UnlockExperimentalVMOptions -XX:-UseTLAB -XX:+UseEpsilonGC -Xnoclassgc -Xmx8g org.apache.spark.deploy.SparkSubmit --master local[*] --class WordCount /home/adam/Spark_benchmark/spark_run/run.jar

Host: Intel(R) Xeon(R) Silver 4208 CPU @ 2.10GHz, 8 cores, 1G, Debian GNU/Linux 11 (bullseye)
Time: Mon May 15 12:01:00 2023 CEST elapsed time: 60.684903 seconds (0d 0h 1m 0s)

---------------  T H R E A D  ---------------

Current thread (0x00007f6d8802b800):  JavaThread "main" [_thread_in_vm, id=31487, stack(0x00007f6d8c943000,0x00007f6d8ca44000)]

Stack: [0x00007f6d8c943000,0x00007f6d8ca44000],  sp=0x00007f6d8ca3e690,  free space=1005k
Native frames: (J=compiled Java code, A=aot compiled Java code, j=interpreted, Vv=VM code, C=native code)
V  [libjvm.so+0x2cff10]  RemoteSpace::par_allocate_klass(unsigned long, Klass*)+0xb0
V  [libjvm.so+0x7278c7]  EpsilonHeap::allocate_work_klass_impl(unsigned long, Klass*)+0x87
V  [libjvm.so+0x727b94]  EpsilonHeap::mem_allocate_klass(unsigned long, bool*, Klass*)+0x24
V  [libjvm.so+0xb42b07]  MemAllocator::allocate() const+0x117
V  [libjvm.so+0x604ccd]  CollectedHeap::obj_allocate(Klass*, int, Thread*)+0x3d
V  [libjvm.so+0x8574a4]  InstanceKlass::allocate_instance(Thread*)+0x34
V  [libjvm.so+0x870740]  InterpreterRuntime::_new(JavaThread*, ConstantPool*, int)+0x200
j  java.lang.invoke.ClassSpecializer$SpeciesData.transformHelperType(I)Ljava/lang/invoke/MethodType;+17 java.base@11.0.16-internal
j  java.lang.invoke.ClassSpecializer$SpeciesData.transformHelper(I)Ljava/lang/invoke/MethodHandle;+37 java.base@11.0.16-internal
j  java.lang.invoke.BoundMethodHandle$Species_LLLLLL.copyWith(Ljava/lang/invoke/MethodType;Ljava/lang/invoke/LambdaForm;)Ljava/lang/invoke/BoundMethodHandle;+4 java.base@11.0.16-internal
j  java.lang.invoke.MethodHandles.dropArguments0(Ljava/lang/invoke/MethodHandle;ILjava/util/List;)Ljava/lang/invoke/MethodHandle;+105 java.base@11.0.16-internal
j  java.lang.invoke.MethodHandles.dropArguments(Ljava/lang/invoke/MethodHandle;I[Ljava/lang/Class;)Ljava/lang/invoke/MethodHandle;+6 java.base@11.0.16-internal
j  java.lang.invoke.StringConcatFactory$MethodHandleInlineCopyStrategy.generate(Ljava/lang/invoke/MethodType;Ljava/lang/invoke/StringConcatFactory$Recipe;)Ljava/lang/invoke/MethodHandle;+468 java.base@11.0.16-internal
j  java.lang.invoke.StringConcatFactory.generate(Ljava/lang/invoke/MethodHandles$Lookup;Ljava/lang/String;Ljava/lang/invoke/MethodType;Ljava/lang/invoke/StringConcatFactory$Recipe;)Ljava/lang/invoke/MethodHandle;+101 java.base@11.0.16-internal
j  java.lang.invoke.StringConcatFactory.doStringConcat(Ljava/lang/invoke/MethodHandles$Lookup;Ljava/lang/String;Ljava/lang/invoke/MethodType;ZLjava/lang/String;[Ljava/lang/Object;)Ljava/lang/invoke/CallSite;+507 java.base@11.0.16-internal
j  java.lang.invoke.StringConcatFactory.makeConcatWithConstants(Ljava/lang/invoke/MethodHandles$Lookup;Ljava/lang/String;Ljava/lang/invoke/MethodType;Ljava/lang/String;[Ljava/lang/Object;)Ljava/lang/invoke/CallSite;+71 java.base@11.0.16-internal
j  java.lang.invoke.DirectMethodHandle$Holder.invokeStatic(Ljava/lang/Object;Ljava/lang/Object;Ljava/lang/Object;Ljava/lang/Object;Ljava/lang/Object;Ljava/lang/Object;)Ljava/lang/Object;+18 java.base@11.0.16-internal
j  java.lang.invoke.DelegatingMethodHandle$Holder.delegate(Ljava/lang/Object;Ljava/lang/Object;Ljava/lang/Object;Ljava/lang/Object;Ljava/lang/Object;Ljava/lang/Object;)Ljava/lang/Object;+21 java.base@11.0.16-internal
j  java.lang.invoke.Invokers$Holder.invokeExact_MT(Ljava/lang/Object;Ljava/lang/Object;Ljava/lang/Object;Ljava/lang/Object;Ljava/lang/Object;Ljava/lang/Object;Ljava/lang/Object;)Ljava/lang/Object;+26 java.base@11.0.16-internal
j  java.lang.invoke.BootstrapMethodInvoker.invoke(Ljava/lang/Class;Ljava/lang/invoke/MethodHandle;Ljava/lang/String;Ljava/lang/Object;Ljava/lang/Object;Ljava/lang/Class;)Ljava/lang/Object;+134 java.base@11.0.16-internal
j  java.lang.invoke.CallSite.makeSite(Ljava/lang/invoke/MethodHandle;Ljava/lang/String;Ljava/lang/invoke/MethodType;Ljava/lang/Object;Ljava/lang/Class;)Ljava/lang/invoke/CallSite;+8 java.base@11.0.16-internal
j  java.lang.invoke.MethodHandleNatives.linkCallSiteImpl(Ljava/lang/Class;Ljava/lang/invoke/MethodHandle;Ljava/lang/String;Ljava/lang/invoke/MethodType;Ljava/lang/Object;[Ljava/lang/Object;)Ljava/lang/invoke/MemberName;+6 java.base@11.0.16-internal
j  java.lang.invoke.MethodHandleNatives.linkCallSite(Ljava/lang/Object;ILjava/lang/Object;Ljava/lang/Object;Ljava/lang/Object;Ljava/lang/Object;[Ljava/lang/Object;)Ljava/lang/invoke/MemberName;+46 java.base@11.0.16-internal
v  ~StubRoutines::call_stub
V  [libjvm.so+0x879633]  JavaCalls::call_helper(JavaValue*, methodHandle const&, JavaCallArguments*, Thread*)+0x353
V  [libjvm.so+0x87857a]  JavaCalls::call_static(JavaValue*, Klass*, Symbol*, Symbol*, JavaCallArguments*, Thread*)+0xea
V  [libjvm.so+0xd3eddd]  SystemDictionary::find_dynamic_call_site_invoker(Klass*, int, Handle, Symbol*, Symbol*, Handle*, Handle*, Thread*)+0x43d
V  [libjvm.so+0xa60342]  LinkResolver::resolve_dynamic_call(CallInfo&, int, Handle, Symbol*, Symbol*, Klass*, Thread*)+0x52
V  [libjvm.so+0xa60f1d]  LinkResolver::resolve_invokedynamic(CallInfo&, constantPoolHandle const&, int, Thread*)+0x2bd
V  [libjvm.so+0x870b3f]  InterpreterRuntime::resolve_invokedynamic(JavaThread*)+0x12f
V  [libjvm.so+0x8734f5]  InterpreterRuntime::resolve_from_cache(JavaThread*, Bytecodes::Code)+0x205
j  com.sun.jmx.mbeanserver.DefaultMXBeanMappingFactory.decapitalize(Ljava/lang/String;)Ljava/lang/String;+55 java.management@11.0.16-internal
j  com.sun.jmx.mbeanserver.DefaultMXBeanMappingFactory.makeCompositeMapping(Ljava/lang/Class;Lcom/sun/jmx/mbeanserver/MXBeanMappingFactory;)Lcom/sun/jmx/mbeanserver/MXBeanMapping;+113 java.management@11.0.16-internal
j  com.sun.jmx.mbeanserver.DefaultMXBeanMappingFactory.makeMapping(Ljava/lang/reflect/Type;Lcom/sun/jmx/mbeanserver/MXBeanMappingFactory;)Lcom/sun/jmx/mbeanserver/MXBeanMapping;+88 java.management@11.0.16-internal
j  com.sun.jmx.mbeanserver.DefaultMXBeanMappingFactory.mappingForType(Ljava/lang/reflect/Type;Lcom/sun/jmx/mbeanserver/MXBeanMappingFactory;)Lcom/sun/jmx/mbeanserver/MXBeanMapping;+54 java.management@11.0.16-internal
j  com.sun.jmx.mbeanserver.DefaultMXBeanMappingFactory.makeArrayOrCollectionMapping(Ljava/lang/reflect/Type;Ljava/lang/reflect/Type;Lcom/sun/jmx/mbeanserver/MXBeanMappingFactory;)Lcom/sun/jmx/mbeanserver/MXBeanMapping;+3 java.management@11.0.16-internal
j  com.sun.jmx.mbeanserver.DefaultMXBeanMappingFactory.makeMapping(Ljava/lang/reflect/Type;Lcom/sun/jmx/mbeanserver/MXBeanMappingFactory;)Lcom/sun/jmx/mbeanserver/MXBeanMapping;+69 java.management@11.0.16-internal
j  com.sun.jmx.mbeanserver.DefaultMXBeanMappingFactory.mappingForType(Ljava/lang/reflect/Type;Lcom/sun/jmx/mbeanserver/MXBeanMappingFactory;)Lcom/sun/jmx/mbeanserver/MXBeanMapping;+54 java.management@11.0.16-internal
j  com.sun.jmx.mbeanserver.ConvertingMethod.<init>(Ljava/lang/reflect/Method;)V+20 java.management@11.0.16-internal
j  com.sun.jmx.mbeanserver.ConvertingMethod.from(Ljava/lang/reflect/Method;)Lcom/sun/jmx/mbeanserver/ConvertingMethod;+5 java.management@11.0.16-internal
j  com.sun.jmx.mbeanserver.MXBeanIntrospector.mFrom(Ljava/lang/reflect/Method;)Lcom/sun/jmx/mbeanserver/ConvertingMethod;+1 java.management@11.0.16-internal
j  com.sun.jmx.mbeanserver.MXBeanIntrospector.mFrom(Ljava/lang/reflect/Method;)Ljava/lang/Object;+2 java.management@11.0.16-internal
j  com.sun.jmx.mbeanserver.MBeanAnalyzer.initMaps(Ljava/lang/Class;Lcom/sun/jmx/mbeanserver/MBeanIntrospector;)V+61 java.management@11.0.16-internal
j  com.sun.jmx.mbeanserver.MBeanAnalyzer.<init>(Ljava/lang/Class;Lcom/sun/jmx/mbeanserver/MBeanIntrospector;)V+78 java.management@11.0.16-internal
j  com.sun.jmx.mbeanserver.MBeanAnalyzer.analyzer(Ljava/lang/Class;Lcom/sun/jmx/mbeanserver/MBeanIntrospector;)Lcom/sun/jmx/mbeanserver/MBeanAnalyzer;+6 java.management@11.0.16-internal
j  com.sun.jmx.mbeanserver.MXBeanIntrospector.getAnalyzer(Ljava/lang/Class;)Lcom/sun/jmx/mbeanserver/MBeanAnalyzer;+2 java.management@11.0.16-internal
j  com.sun.jmx.mbeanserver.MBeanIntrospector.getPerInterface(Ljava/lang/Class;)Lcom/sun/jmx/mbeanserver/PerInterface;+45 java.management@11.0.16-internal
j  com.sun.jmx.mbeanserver.MBeanSupport.<init>(Ljava/lang/Object;Ljava/lang/Class;)V+69 java.management@11.0.16-internal
j  com.sun.jmx.mbeanserver.MXBeanSupport.<init>(Ljava/lang/Object;Ljava/lang/Class;)V+3 java.management@11.0.16-internal
j  javax.management.StandardMBean.construct(Ljava/lang/Object;Ljava/lang/Class;ZZ)V+56 java.management@11.0.16-internal
j  javax.management.StandardMBean.<init>(Ljava/lang/Object;Ljava/lang/Class;Z)V+9 java.management@11.0.16-internal
j  java.lang.management.ManagementFactory.lambda$addMXBean$7(Ljava/lang/Object;Ljavax/management/MBeanServer;Ljavax/management/ObjectName;)Ljava/lang/Void;+52 java.management@11.0.16-internal
j  java.lang.management.ManagementFactory$$Lambda$104.run()Ljava/lang/Object;+12 java.management@11.0.16-internal
v  ~StubRoutines::call_stub
V  [libjvm.so+0x879633]  JavaCalls::call_helper(JavaValue*, methodHandle const&, JavaCallArguments*, Thread*)+0x353
V  [libjvm.so+0x9316b1]  JVM_DoPrivileged+0x531
j  java.security.AccessController.doPrivileged(Ljava/security/PrivilegedExceptionAction;)Ljava/lang/Object;+0 java.base@11.0.16-internal
j  java.lang.management.ManagementFactory.addMXBean(Ljavax/management/MBeanServer;Ljava/lang/String;Ljava/lang/Object;)V+13 java.management@11.0.16-internal
j  java.lang.management.ManagementFactory.lambda$getPlatformMBeanServer$1(Ljava/util/Map$Entry;)V+18 java.management@11.0.16-internal
j  java.lang.management.ManagementFactory$$Lambda$103.accept(Ljava/lang/Object;)V+4 java.management@11.0.16-internal
j  java.util.stream.ForEachOps$ForEachOp$OfRef.accept(Ljava/lang/Object;)V+5 java.base@11.0.16-internal
j  java.util.Collections$2.tryAdvance(Ljava/util/function/Consumer;)Z+29 java.base@11.0.16-internal
j  java.util.Collections$2.forEachRemaining(Ljava/util/function/Consumer;)V+2 java.base@11.0.16-internal
j  java.util.stream.ReferencePipeline$Head.forEach(Ljava/util/function/Consumer;)V+12 java.base@11.0.16-internal
j  java.util.stream.ReferencePipeline$7$1.accept(Ljava/lang/Object;)V+41 java.base@11.0.16-internal
j  java.util.stream.ReferencePipeline$2$1.accept(Ljava/lang/Object;)V+21 java.base@11.0.16-internal
j  java.util.HashMap$ValueSpliterator.forEachRemaining(Ljava/util/function/Consumer;)V+145 java.base@11.0.16-internal
j  java.util.stream.AbstractPipeline.copyInto(Ljava/util/stream/Sink;Ljava/util/Spliterator;)V+32 java.base@11.0.16-internal
j  java.util.stream.AbstractPipeline.wrapAndCopyInto(Ljava/util/stream/Sink;Ljava/util/Spliterator;)Ljava/util/stream/Sink;+13 java.base@11.0.16-internal
j  java.util.stream.ForEachOps$ForEachOp.evaluateSequential(Ljava/util/stream/PipelineHelper;Ljava/util/Spliterator;)Ljava/lang/Void;+3 java.base@11.0.16-internal
j  java.util.stream.ForEachOps$ForEachOp$OfRef.evaluateSequential(Ljava/util/stream/PipelineHelper;Ljava/util/Spliterator;)Ljava/lang/Object;+3 java.base@11.0.16-internal
j  java.util.stream.AbstractPipeline.evaluate(Ljava/util/stream/TerminalOp;)Ljava/lang/Object;+88 java.base@11.0.16-internal
j  java.util.stream.ReferencePipeline.forEach(Ljava/util/function/Consumer;)V+6 java.base@11.0.16-internal
j  java.lang.management.ManagementFactory.getPlatformMBeanServer()Ljavax/management/MBeanServer;+68 java.management@11.0.16-internal
j  org.apache.logging.log4j.core.jmx.Server.reregisterMBeansAfterReconfigure()V+15
j  org.apache.logging.log4j.core.LoggerContext.setConfiguration(Lorg/apache/logging/log4j/core/config/Configuration;)Lorg/apache/logging/log4j/core/config/Configuration;+162
j  org.apache.logging.log4j.core.LoggerContext.reconfigure(Ljava/net/URI;)V+89
j  org.apache.logging.log4j.core.LoggerContext.reconfigure()V+5
j  org.apache.logging.log4j.core.LoggerContext.start()V+77
j  org.apache.logging.log4j.core.impl.Log4jContextFactory.getContext(Ljava/lang/String;Ljava/lang/ClassLoader;Ljava/lang/Object;ZLjava/net/URI;Ljava/lang/String;)Lorg/apache/logging/log4j/core/LoggerContext;+123
j  org.apache.logging.log4j.core.impl.Log4jContextFactory.getContext(Ljava/lang/String;Ljava/lang/ClassLoader;Ljava/lang/Object;ZLjava/net/URI;Ljava/lang/String;)Lorg/apache/logging/log4j/spi/LoggerContext;+10
j  org.apache.logging.log4j.LogManager.getContext(Z)Lorg/apache/logging/log4j/spi/LoggerContext;+11
j  org.apache.logging.log4j.LogManager.getLogger(Ljava/lang/String;)Lorg/apache/logging/log4j/Logger;+5
j  org.apache.logging.log4j.LogManager.getRootLogger()Lorg/apache/logging/log4j/Logger;+2
j  org.apache.spark.internal.Logging.initializeLogging(ZZ)V+9
j  org.apache.spark.internal.Logging.initializeLogIfNecessary(ZZ)Z+30
j  org.apache.spark.internal.Logging.initializeLogIfNecessary$(Lorg/apache/spark/internal/Logging;ZZ)Z+3
j  org.apache.spark.deploy.SparkSubmit.initializeLogIfNecessary(ZZ)Z+3
j  org.apache.spark.deploy.SparkSubmit.doSubmit([Ljava/lang/String;)V+3
j  org.apache.spark.deploy.SparkSubmit$$anon$2.doSubmit([Ljava/lang/String;)V+2
j  org.apache.spark.deploy.SparkSubmit$.main([Ljava/lang/String;)V+29
j  org.apache.spark.deploy.SparkSubmit.main([Ljava/lang/String;)V+4
v  ~StubRoutines::call_stub
V  [libjvm.so+0x879633]  JavaCalls::call_helper(JavaValue*, methodHandle const&, JavaCallArguments*, Thread*)+0x353
V  [libjvm.so+0x8f5d8d]  jni_invoke_static(JNIEnv_*, JavaValue*, _jobject*, JNICallType, _jmethodID*, JNI_ArgumentPusher*, Thread*) [clone .constprop.1]+0x24d
V  [libjvm.so+0x8f83fc]  jni_CallStaticVoidMethod+0x15c
C  [libjli.so+0x55d7]  JavaMain+0xcf7
C  [libjli.so+0x9619]  ThreadJavaMain+0x9

Java frames: (J=compiled Java code, j=interpreted, Vv=VM code)
j  java.lang.invoke.ClassSpecializer$SpeciesData.transformHelperType(I)Ljava/lang/invoke/MethodType;+17 java.base@11.0.16-internal
j  java.lang.invoke.ClassSpecializer$SpeciesData.transformHelper(I)Ljava/lang/invoke/MethodHandle;+37 java.base@11.0.16-internal
j  java.lang.invoke.BoundMethodHandle$Species_LLLLLL.copyWith(Ljava/lang/invoke/MethodType;Ljava/lang/invoke/LambdaForm;)Ljava/lang/invoke/BoundMethodHandle;+4 java.base@11.0.16-internal
j  java.lang.invoke.MethodHandles.dropArguments0(Ljava/lang/invoke/MethodHandle;ILjava/util/List;)Ljava/lang/invoke/MethodHandle;+105 java.base@11.0.16-internal
j  java.lang.invoke.MethodHandles.dropArguments(Ljava/lang/invoke/MethodHandle;I[Ljava/lang/Class;)Ljava/lang/invoke/MethodHandle;+6 java.base@11.0.16-internal
j  java.lang.invoke.StringConcatFactory$MethodHandleInlineCopyStrategy.generate(Ljava/lang/invoke/MethodType;Ljava/lang/invoke/StringConcatFactory$Recipe;)Ljava/lang/invoke/MethodHandle;+468 java.base@11.0.16-internal
j  java.lang.invoke.StringConcatFactory.generate(Ljava/lang/invoke/MethodHandles$Lookup;Ljava/lang/String;Ljava/lang/invoke/MethodType;Ljava/lang/invoke/StringConcatFactory$Recipe;)Ljava/lang/invoke/MethodHandle;+101 java.base@11.0.16-internal
j  java.lang.invoke.StringConcatFactory.doStringConcat(Ljava/lang/invoke/MethodHandles$Lookup;Ljava/lang/String;Ljava/lang/invoke/MethodType;ZLjava/lang/String;[Ljava/lang/Object;)Ljava/lang/invoke/CallSite;+507 java.base@11.0.16-internal
j  java.lang.invoke.StringConcatFactory.makeConcatWithConstants(Ljava/lang/invoke/MethodHandles$Lookup;Ljava/lang/String;Ljava/lang/invoke/MethodType;Ljava/lang/String;[Ljava/lang/Object;)Ljava/lang/invoke/CallSite;+71 java.base@11.0.16-internal
j  java.lang.invoke.DirectMethodHandle$Holder.invokeStatic(Ljava/lang/Object;Ljava/lang/Object;Ljava/lang/Object;Ljava/lang/Object;Ljava/lang/Object;Ljava/lang/Object;)Ljava/lang/Object;+18 java.base@11.0.16-internal
j  java.lang.invoke.DelegatingMethodHandle$Holder.delegate(Ljava/lang/Object;Ljava/lang/Object;Ljava/lang/Object;Ljava/lang/Object;Ljava/lang/Object;Ljava/lang/Object;)Ljava/lang/Object;+21 java.base@11.0.16-internal
j  java.lang.invoke.Invokers$Holder.invokeExact_MT(Ljava/lang/Object;Ljava/lang/Object;Ljava/lang/Object;Ljava/lang/Object;Ljava/lang/Object;Ljava/lang/Object;Ljava/lang/Object;)Ljava/lang/Object;+26 java.base@11.0.16-internal
j  java.lang.invoke.BootstrapMethodInvoker.invoke(Ljava/lang/Class;Ljava/lang/invoke/MethodHandle;Ljava/lang/String;Ljava/lang/Object;Ljava/lang/Object;Ljava/lang/Class;)Ljava/lang/Object;+134 java.base@11.0.16-internal
j  java.lang.invoke.CallSite.makeSite(Ljava/lang/invoke/MethodHandle;Ljava/lang/String;Ljava/lang/invoke/MethodType;Ljava/lang/Object;Ljava/lang/Class;)Ljava/lang/invoke/CallSite;+8 java.base@11.0.16-internal
j  java.lang.invoke.MethodHandleNatives.linkCallSiteImpl(Ljava/lang/Class;Ljava/lang/invoke/MethodHandle;Ljava/lang/String;Ljava/lang/invoke/MethodType;Ljava/lang/Object;[Ljava/lang/Object;)Ljava/lang/invoke/MemberName;+6 java.base@11.0.16-internal
j  java.lang.invoke.MethodHandleNatives.linkCallSite(Ljava/lang/Object;ILjava/lang/Object;Ljava/lang/Object;Ljava/lang/Object;Ljava/lang/Object;[Ljava/lang/Object;)Ljava/lang/invoke/MemberName;+46 java.base@11.0.16-internal
v  ~StubRoutines::call_stub
j  com.sun.jmx.mbeanserver.DefaultMXBeanMappingFactory.decapitalize(Ljava/lang/String;)Ljava/lang/String;+55 java.management@11.0.16-internal
j  com.sun.jmx.mbeanserver.DefaultMXBeanMappingFactory.makeCompositeMapping(Ljava/lang/Class;Lcom/sun/jmx/mbeanserver/MXBeanMappingFactory;)Lcom/sun/jmx/mbeanserver/MXBeanMapping;+113 java.management@11.0.16-internal
j  com.sun.jmx.mbeanserver.DefaultMXBeanMappingFactory.makeMapping(Ljava/lang/reflect/Type;Lcom/sun/jmx/mbeanserver/MXBeanMappingFactory;)Lcom/sun/jmx/mbeanserver/MXBeanMapping;+88 java.management@11.0.16-internal
j  com.sun.jmx.mbeanserver.DefaultMXBeanMappingFactory.mappingForType(Ljava/lang/reflect/Type;Lcom/sun/jmx/mbeanserver/MXBeanMappingFactory;)Lcom/sun/jmx/mbeanserver/MXBeanMapping;+54 java.management@11.0.16-internal
j  com.sun.jmx.mbeanserver.DefaultMXBeanMappingFactory.makeArrayOrCollectionMapping(Ljava/lang/reflect/Type;Ljava/lang/reflect/Type;Lcom/sun/jmx/mbeanserver/MXBeanMappingFactory;)Lcom/sun/jmx/mbeanserver/MXBeanMapping;+3 java.management@11.0.16-internal
j  com.sun.jmx.mbeanserver.DefaultMXBeanMappingFactory.makeMapping(Ljava/lang/reflect/Type;Lcom/sun/jmx/mbeanserver/MXBeanMappingFactory;)Lcom/sun/jmx/mbeanserver/MXBeanMapping;+69 java.management@11.0.16-internal
j  com.sun.jmx.mbeanserver.DefaultMXBeanMappingFactory.mappingForType(Ljava/lang/reflect/Type;Lcom/sun/jmx/mbeanserver/MXBeanMappingFactory;)Lcom/sun/jmx/mbeanserver/MXBeanMapping;+54 java.management@11.0.16-internal
j  com.sun.jmx.mbeanserver.ConvertingMethod.<init>(Ljava/lang/reflect/Method;)V+20 java.management@11.0.16-internal
j  com.sun.jmx.mbeanserver.ConvertingMethod.from(Ljava/lang/reflect/Method;)Lcom/sun/jmx/mbeanserver/ConvertingMethod;+5 java.management@11.0.16-internal
j  com.sun.jmx.mbeanserver.MXBeanIntrospector.mFrom(Ljava/lang/reflect/Method;)Lcom/sun/jmx/mbeanserver/ConvertingMethod;+1 java.management@11.0.16-internal
j  com.sun.jmx.mbeanserver.MXBeanIntrospector.mFrom(Ljava/lang/reflect/Method;)Ljava/lang/Object;+2 java.management@11.0.16-internal
j  com.sun.jmx.mbeanserver.MBeanAnalyzer.initMaps(Ljava/lang/Class;Lcom/sun/jmx/mbeanserver/MBeanIntrospector;)V+61 java.management@11.0.16-internal
j  com.sun.jmx.mbeanserver.MBeanAnalyzer.<init>(Ljava/lang/Class;Lcom/sun/jmx/mbeanserver/MBeanIntrospector;)V+78 java.management@11.0.16-internal
j  com.sun.jmx.mbeanserver.MBeanAnalyzer.analyzer(Ljava/lang/Class;Lcom/sun/jmx/mbeanserver/MBeanIntrospector;)Lcom/sun/jmx/mbeanserver/MBeanAnalyzer;+6 java.management@11.0.16-internal
j  com.sun.jmx.mbeanserver.MXBeanIntrospector.getAnalyzer(Ljava/lang/Class;)Lcom/sun/jmx/mbeanserver/MBeanAnalyzer;+2 java.management@11.0.16-internal
j  com.sun.jmx.mbeanserver.MBeanIntrospector.getPerInterface(Ljava/lang/Class;)Lcom/sun/jmx/mbeanserver/PerInterface;+45 java.management@11.0.16-internal
j  com.sun.jmx.mbeanserver.MBeanSupport.<init>(Ljava/lang/Object;Ljava/lang/Class;)V+69 java.management@11.0.16-internal
j  com.sun.jmx.mbeanserver.MXBeanSupport.<init>(Ljava/lang/Object;Ljava/lang/Class;)V+3 java.management@11.0.16-internal
j  javax.management.StandardMBean.construct(Ljava/lang/Object;Ljava/lang/Class;ZZ)V+56 java.management@11.0.16-internal
j  javax.management.StandardMBean.<init>(Ljava/lang/Object;Ljava/lang/Class;Z)V+9 java.management@11.0.16-internal
j  java.lang.management.ManagementFactory.lambda$addMXBean$7(Ljava/lang/Object;Ljavax/management/MBeanServer;Ljavax/management/ObjectName;)Ljava/lang/Void;+52 java.management@11.0.16-internal
j  java.lang.management.ManagementFactory$$Lambda$104.run()Ljava/lang/Object;+12 java.management@11.0.16-internal
v  ~StubRoutines::call_stub
j  java.security.AccessController.doPrivileged(Ljava/security/PrivilegedExceptionAction;)Ljava/lang/Object;+0 java.base@11.0.16-internal
j  java.lang.management.ManagementFactory.addMXBean(Ljavax/management/MBeanServer;Ljava/lang/String;Ljava/lang/Object;)V+13 java.management@11.0.16-internal
j  java.lang.management.ManagementFactory.lambda$getPlatformMBeanServer$1(Ljava/util/Map$Entry;)V+18 java.management@11.0.16-internal
j  java.lang.management.ManagementFactory$$Lambda$103.accept(Ljava/lang/Object;)V+4 java.management@11.0.16-internal
j  java.util.stream.ForEachOps$ForEachOp$OfRef.accept(Ljava/lang/Object;)V+5 java.base@11.0.16-internal
j  java.util.Collections$2.tryAdvance(Ljava/util/function/Consumer;)Z+29 java.base@11.0.16-internal
j  java.util.Collections$2.forEachRemaining(Ljava/util/function/Consumer;)V+2 java.base@11.0.16-internal
j  java.util.stream.ReferencePipeline$Head.forEach(Ljava/util/function/Consumer;)V+12 java.base@11.0.16-internal
j  java.util.stream.ReferencePipeline$7$1.accept(Ljava/lang/Object;)V+41 java.base@11.0.16-internal
j  java.util.stream.ReferencePipeline$2$1.accept(Ljava/lang/Object;)V+21 java.base@11.0.16-internal
j  java.util.HashMap$ValueSpliterator.forEachRemaining(Ljava/util/function/Consumer;)V+145 java.base@11.0.16-internal
j  java.util.stream.AbstractPipeline.copyInto(Ljava/util/stream/Sink;Ljava/util/Spliterator;)V+32 java.base@11.0.16-internal
j  java.util.stream.AbstractPipeline.wrapAndCopyInto(Ljava/util/stream/Sink;Ljava/util/Spliterator;)Ljava/util/stream/Sink;+13 java.base@11.0.16-internal
j  java.util.stream.ForEachOps$ForEachOp.evaluateSequential(Ljava/util/stream/PipelineHelper;Ljava/util/Spliterator;)Ljava/lang/Void;+3 java.base@11.0.16-internal
j  java.util.stream.ForEachOps$ForEachOp$OfRef.evaluateSequential(Ljava/util/stream/PipelineHelper;Ljava/util/Spliterator;)Ljava/lang/Object;+3 java.base@11.0.16-internal
j  java.util.stream.AbstractPipeline.evaluate(Ljava/util/stream/TerminalOp;)Ljava/lang/Object;+88 java.base@11.0.16-internal
j  java.util.stream.ReferencePipeline.forEach(Ljava/util/function/Consumer;)V+6 java.base@11.0.16-internal
j  java.lang.management.ManagementFactory.getPlatformMBeanServer()Ljavax/management/MBeanServer;+68 java.management@11.0.16-internal
j  org.apache.logging.log4j.core.jmx.Server.reregisterMBeansAfterReconfigure()V+15
j  org.apache.logging.log4j.core.LoggerContext.setConfiguration(Lorg/apache/logging/log4j/core/config/Configuration;)Lorg/apache/logging/log4j/core/config/Configuration;+162
j  org.apache.logging.log4j.core.LoggerContext.reconfigure(Ljava/net/URI;)V+89
j  org.apache.logging.log4j.core.LoggerContext.reconfigure()V+5
j  org.apache.logging.log4j.core.LoggerContext.start()V+77
j  org.apache.logging.log4j.core.impl.Log4jContextFactory.getContext(Ljava/lang/String;Ljava/lang/ClassLoader;Ljava/lang/Object;ZLjava/net/URI;Ljava/lang/String;)Lorg/apache/logging/log4j/core/LoggerContext;+123
j  org.apache.logging.log4j.core.impl.Log4jContextFactory.getContext(Ljava/lang/String;Ljava/lang/ClassLoader;Ljava/lang/Object;ZLjava/net/URI;Ljava/lang/String;)Lorg/apache/logging/log4j/spi/LoggerContext;+10
j  org.apache.logging.log4j.LogManager.getContext(Z)Lorg/apache/logging/log4j/spi/LoggerContext;+11
j  org.apache.logging.log4j.LogManager.getLogger(Ljava/lang/String;)Lorg/apache/logging/log4j/Logger;+5
j  org.apache.logging.log4j.LogManager.getRootLogger()Lorg/apache/logging/log4j/Logger;+2
j  org.apache.spark.internal.Logging.initializeLogging(ZZ)V+9
j  org.apache.spark.internal.Logging.initializeLogIfNecessary(ZZ)Z+30
j  org.apache.spark.internal.Logging.initializeLogIfNecessary$(Lorg/apache/spark/internal/Logging;ZZ)Z+3
j  org.apache.spark.deploy.SparkSubmit.initializeLogIfNecessary(ZZ)Z+3
j  org.apache.spark.deploy.SparkSubmit.doSubmit([Ljava/lang/String;)V+3
j  org.apache.spark.deploy.SparkSubmit$$anon$2.doSubmit([Ljava/lang/String;)V+2
j  org.apache.spark.deploy.SparkSubmit$.main([Ljava/lang/String;)V+29
j  org.apache.spark.deploy.SparkSubmit.main([Ljava/lang/String;)V+4
v  ~StubRoutines::call_stub

siginfo: si_signo: 11 (SIGSEGV), si_code: 2 (SEGV_ACCERR), si_addr: 0x00007f6d8ddafbf4

Register to memory mapping:

RAX=0x00007f6d8ddafc00: __pthread_key_create+0x0000000000000000 in /lib/x86_64-linux-gnu/libpthread.so.0 at 0x00007f6d8dda0000
RBX=0x000000080002f160 is a pointer to class: 
java.util.ArrayList {0x000000080002f160}
RCX=0x00007f6d8ded186f: __write+0x000000000000004f in /lib/x86_64-linux-gnu/libc.so.6 at 0x00007f6d8dde5000
RDX=0x000000080002f160 is a pointer to class: 
java.util.ArrayList {0x000000080002f160}
RSP=0x00007f6d8ca3e690 is pointing into the stack for thread: 0x00007f6d8802b800
RBP=0x00007f6d8ca3e720 is pointing into the stack for thread: 0x00007f6d8802b800
RSI=0x0 is NULL
RDI=0x00007f6d8dd46320: <offset 0x00000000011be320> in /home/adam/jdk11u/build/linux-x86_64-normal-server-release/images/jdk/lib/server/libjvm.so at 0x00007f6d8cb88000
R8 =0x0 is NULL
R9 =0x000055d6be652410 points into unknown readable memory: 0x0000000000000002 | 02 00 00 00 00 00 00 00
R10=0x0000000000000032 is an unknown value
R11=0x0 is NULL
R12=0x0000000000000003 is an unknown value
R13=0x00007f6d8803e420 points into unknown readable memory: 0x00007f6d8dc62450 | 50 24 c6 8d 6d 7f 00 00
R14=0x00007f6d8ddafc00: __pthread_key_create+0x0000000000000000 in /lib/x86_64-linux-gnu/libpthread.so.0 at 0x00007f6d8dda0000
R15=0x0000000000000013 is an unknown value


Registers:
RAX=0x00007f6d8ddafc00, RBX=0x000000080002f160, RCX=0x00007f6d8ded186f, RDX=0x000000080002f160
RSP=0x00007f6d8ca3e690, RBP=0x00007f6d8ca3e720, RSI=0x0000000000000000, RDI=0x00007f6d8dd46320
R8 =0x0000000000000000, R9 =0x000055d6be652410, R10=0x0000000000000032, R11=0x0000000000000000
R12=0x0000000000000003, R13=0x00007f6d8803e420, R14=0x00007f6d8ddafc00, R15=0x0000000000000013
RIP=0x00007f6d8ce57f10, EFLAGS=0x0000000000010206, CSGSFS=0x002b000000000033, ERR=0x0000000000000007
  TRAPNO=0x000000000000000e

Top of Stack: (sp=0x00007f6d8ca3e690)
0x00007f6d8ca3e690:   00007f6d8ddafc00 00007f6d8ce58162
0x00007f6d8ca3e6a0:   000000000290c06b 0000000000000003
0x00007f6d8ca3e6b0:   000000080002f160 00000006011661c8
0x00007f6d8ca3e6c0:   00007f6d00000001 0000000000000013 

Instructions: (pc=0x00007f6d8ce57f10)
0x00007f6d8ce57e10:   89 75 c0 19 d2 c6 45 b0 69 83 e2 04 83 c2 0c 80
0x00007f6d8ce57e20:   38 01 19 c0 66 0f 6e ca ba 28 00 00 00 83 e0 08
0x00007f6d8ce57e30:   83 c0 10 66 0f 6e c0 31 c0 44 88 e0 66 0f 62 c1
0x00007f6d8ce57e40:   88 dc 66 0f d6 45 c8 66 89 45 d0 e8 a0 cf fa ff
0x00007f6d8ce57e50:   48 83 c4 30 5b 41 5c 41 5d 41 5e 5d c3 90 66 90
0x00007f6d8ce57e60:   55 48 89 e5 41 57 41 56 41 55 49 89 fd 41 54 49
0x00007f6d8ce57e70:   89 f4 53 48 89 d3 48 83 ec 68 4c 8b 35 ef 50 eb
0x00007f6d8ce57e80:   00 c6 45 80 6b 48 89 75 88 48 89 55 90 4d 85 f6
0x00007f6d8ce57e90:   74 14 48 8d 3d 87 e4 ee 00 e8 72 c4 fa ff 85 c0
0x00007f6d8ce57ea0:   0f 85 46 02 00 00 8b 3d 5c 51 eb 00 48 8d 75 80
0x00007f6d8ce57eb0:   ba 18 00 00 00 e8 36 cf fa ff 8b 3d 48 51 eb 00
0x00007f6d8ce57ec0:   ba 10 00 00 00 48 8d b5 70 ff ff ff e8 6f ca fa
0x00007f6d8ce57ed0:   ff 48 83 bd 78 ff ff ff 00 75 55 8b 43 08 85 c0
0x00007f6d8ce57ee0:   7e 0d f6 83 3a 01 00 00 03 0f 85 c1 00 00 00 4d
0x00007f6d8ce57ef0:   85 f6 74 0c 48 8d 3d 25 e4 ee 00 e8 c0 c3 fa ff
0x00007f6d8ce57f00:   48 8b 85 70 ff ff ff 48 85 c0 74 13 48 8b 55 90
0x00007f6d8ce57f10:   44 89 60 f4 c7 40 f0 ef be ad de 48 89 50 f8 48
0x00007f6d8ce57f20:   83 c4 68 5b 41 5c 41 5d 41 5e 41 5f 5d c3 66 90
0x00007f6d8ce57f30:   8b 43 08 48 89 df 48 c7 45 b8 00 00 00 00 c7 45
0x00007f6d8ce57f40:   c0 63 00 00 00 c7 45 b0 00 00 00 00 89 45 c4 e8
0x00007f6d8ce57f50:   ec ee 75 00 48 89 c7 e8 54 c5 fa ff 48 89 45 a8
0x00007f6d8ce57f60:   8b 43 08 85 c0 7f 79 3d 00 00 00 c0 0f 8c fd 00
0x00007f6d8ce57f70:   00 00 3d ff ff ff bf 0f 87 26 01 00 00 48 89 df
0x00007f6d8ce57f80:   e8 bb ee 75 00 48 89 c7 e8 23 c5 fa ff 48 89 df
0x00007f6d8ce57f90:   49 89 c7 e8 a8 ee 75 00 8b 3d 6a 50 eb 00 4c 89
0x00007f6d8ce57fa0:   fa 48 89 c6 e8 47 ce fa ff e9 2d ff ff ff 66 90
0x00007f6d8ce57fb0:   bf 10 00 00 00 48 8b 9d 70 ff ff ff e8 0f cc fa
0x00007f6d8ce57fc0:   ff 49 8b 95 b0 00 00 00 48 89 18 48 89 50 08 49
0x00007f6d8ce57fd0:   89 85 b0 00 00 00 e9 14 ff ff ff 0f 1f 44 00 00
0x00007f6d8ce57fe0:   8b 83 30 01 00 00 48 89 df 89 45 b0 e8 4f f0 75
0x00007f6d8ce57ff0:   00 48 63 93 c4 00 00 00 49 89 c0 48 63 83 34 01
0x00007f6d8ce58000:   00 00 48 01 d0 4d 8d 3c c0 0f b7 83 3a 01 00 00 


Stack slot to memory mapping:
stack at sp + 0 slots: 0x00007f6d8ddafc00: __pthread_key_create+0x0000000000000000 in /lib/x86_64-linux-gnu/libpthread.so.0 at 0x00007f6d8dda0000
stack at sp + 1 slots: 0x00007f6d8ce58162: <offset 0x00000000002d0162> in /home/adam/jdk11u/build/linux-x86_64-normal-server-release/images/jdk/lib/server/libjvm.so at 0x00007f6d8cb88000
stack at sp + 2 slots: 0x000000000290c06b is an unknown value
stack at sp + 3 slots: 0x0000000000000003 is an unknown value
stack at sp + 4 slots: 0x000000080002f160 is a pointer to class: 
java.util.ArrayList {0x000000080002f160}
stack at sp + 5 slots: 0x00000006011661c8 is an unallocated location in the heap
stack at sp + 6 slots: 0x00007f6d00000001 is an unknown value
stack at sp + 7 slots: 0x0000000000000013 is an unknown value


---------------  P R O C E S S  ---------------

Threads class SMR info:
_java_thread_list=0x00007f6d88148e20, length=9, elements={
0x00007f6d8802b800, 0x00007f6d880a1800, 0x00007f6d880a6000, 0x00007f6d880bb800,
0x00007f6d880bd800, 0x00007f6d880bf800, 0x00007f6d880c1800, 0x00007f6d880c3800,
0x00007f6d88147800
}

Java Threads: ( => current thread )
=>0x00007f6d8802b800 JavaThread "main" [_thread_in_vm, id=31487, stack(0x00007f6d8c943000,0x00007f6d8ca44000)]
  0x00007f6d880a1800 JavaThread "Reference Handler" daemon [_thread_blocked, id=31489, stack(0x00007f6d8c395000,0x00007f6d8c496000)]
  0x00007f6d880a6000 JavaThread "Finalizer" daemon [_thread_blocked, id=31490, stack(0x00007f6d8c294000,0x00007f6d8c395000)]
  0x00007f6d880bb800 JavaThread "Signal Dispatcher" daemon [_thread_blocked, id=31491, stack(0x00007f6d8c193000,0x00007f6d8c294000)]
  0x00007f6d880bd800 JavaThread "Service Thread" daemon [_thread_blocked, id=31492, stack(0x00007f6d8c092000,0x00007f6d8c193000)]
  0x00007f6d880bf800 JavaThread "C2 CompilerThread0" daemon [_thread_blocked, id=31493, stack(0x00007f6d63c18000,0x00007f6d63d19000)]
  0x00007f6d880c1800 JavaThread "C1 CompilerThread0" daemon [_thread_blocked, id=31494, stack(0x00007f6d63b17000,0x00007f6d63c18000)]
  0x00007f6d880c3800 JavaThread "Sweeper thread" daemon [_thread_blocked, id=31495, stack(0x00007f6d63a16000,0x00007f6d63b17000)]
  0x00007f6d88147800 JavaThread "Common-Cleaner" daemon [_thread_blocked, id=31497, stack(0x00007f6d63813000,0x00007f6d63914000)]

Other Threads:
  0x00007f6d88099000 VMThread "VM Thread" [stack: 0x00007f6d8c498000,0x00007f6d8c598000] [id=31488]
  0x00007f6d88140800 WatcherThread [stack: 0x00007f6d63916000,0x00007f6d63a16000] [id=31496]

Threads with active compile tasks:

VM state:not at safepoint (normal execution)

VM Mutex/Monitor currently owned by a thread: None

Heap address: 0x0000000600000000, size: 8192 MB, Compressed Oops mode: Zero based, Oop shift amount: 3
Narrow klass base: 0x0000000800000000, Narrow klass shift: 0
Compressed class space size: 1073741824 Address: 0x0000000800000000

Heap:
Epsilon Heap
Allocation space:
 Metaspace       used 21108K, capacity 21551K, committed 21884K, reserved 1069056K
  class space    used 2465K, capacity 2618K, committed 2684K, reserved 1048576K


Polling page: 0x00007f6d8dfbd000

Metaspace:

Usage:
  Non-class:     18,49 MB capacity,    18,21 MB ( 98%) used,   255,18 KB (  1%) free+waste,    35,06 KB ( <1%) overhead. 
      Class:      2,56 MB capacity,     2,41 MB ( 94%) used,   135,98 KB (  5%) free+waste,    16,69 KB ( <1%) overhead. 
       Both:     21,05 MB capacity,    20,61 MB ( 98%) used,   391,16 KB (  2%) free+waste,    51,75 KB ( <1%) overhead. 

Virtual space:
  Non-class space:       20,00 MB reserved,      18,75 MB ( 94%) committed 
      Class space:        1,00 GB reserved,       2,62 MB ( <1%) committed 
             Both:        1,02 GB reserved,      21,37 MB (  2%) committed 

Chunk freelists:
   Non-Class:  63,00 KB
       Class:  6,00 KB
        Both:  69,00 KB

MaxMetaspaceSize: unlimited
CompressedClassSpaceSize: 1,00 GB
Initial GC threshold: 20,80 MB
Current GC threshold: 21,45 MB
CDS: off

CodeHeap 'non-profiled nmethods': size=120032Kb used=709Kb max_used=709Kb free=119322Kb
 bounds [0x00007f6d782da000, 0x00007f6d7854a000, 0x00007f6d7f812000]
CodeHeap 'profiled nmethods': size=120028Kb used=2958Kb max_used=2958Kb free=117069Kb
 bounds [0x00007f6d70da3000, 0x00007f6d71093000, 0x00007f6d782da000]
CodeHeap 'non-nmethods': size=5700Kb used=1158Kb max_used=1172Kb free=4541Kb
 bounds [0x00007f6d70812000, 0x00007f6d70a82000, 0x00007f6d70da3000]
 total_blobs=1993 nmethods=1581 adapters=328
 compilation: enabled
              stopped_count=0, restarted_count=0
 full_count=0

Compilation events (20 events):
Event: 60,263 Thread 0x00007f6d880c1800 1571       3       java.util.TreeMap$PrivateEntryIterator::nextEntry (54 bytes)
Event: 60,263 Thread 0x00007f6d880c1800 nmethod 1571 0x00007f6d71081e10 code [0x00007f6d71082000, 0x00007f6d71082360]
Event: 60,263 Thread 0x00007f6d880c1800 1573       3       java.lang.String$CaseInsensitiveComparator::compare (13 bytes)
Event: 60,264 Thread 0x00007f6d880c1800 nmethod 1573 0x00007f6d71082510 code [0x00007f6d710826e0, 0x00007f6d71082a20]
Event: 60,264 Thread 0x00007f6d880c1800 1574       3       java.lang.String$CaseInsensitiveComparator::compare (68 bytes)
Event: 60,265 Thread 0x00007f6d880c1800 nmethod 1574 0x00007f6d71082b10 code [0x00007f6d71082d40, 0x00007f6d71083310]
Event: 60,312 Thread 0x00007f6d880c1800 1575       3       com.sun.jmx.mbeanserver.MBeanAnalyzer$MethodOrder::compare (13 bytes)
Event: 60,313 Thread 0x00007f6d880c1800 nmethod 1575 0x00007f6d71083510 code [0x00007f6d710836e0, 0x00007f6d71083a20]
Event: 60,313 Thread 0x00007f6d880c1800 1576       3       com.sun.jmx.mbeanserver.MBeanAnalyzer$MethodOrder::compare (106 bytes)
Event: 60,314 Thread 0x00007f6d880c1800 nmethod 1576 0x00007f6d71083b10 code [0x00007f6d71083d80, 0x00007f6d71084650]
Event: 60,314 Thread 0x00007f6d880c1800 1577       3       java.lang.invoke.MethodTypeForm::pack (54 bytes)
Event: 60,315 Thread 0x00007f6d880c1800 nmethod 1577 0x00007f6d71084a10 code [0x00007f6d71084bc0, 0x00007f6d71084cd0]
Event: 60,325 Thread 0x00007f6d880c1800 1578       3       java.lang.invoke.LambdaForm$Name::internArguments (59 bytes)
Event: 60,326 Thread 0x00007f6d880c1800 nmethod 1578 0x00007f6d71084d90 code [0x00007f6d71084f80, 0x00007f6d71085640]
Event: 60,330 Thread 0x00007f6d880c1800 1579       3       java.lang.invoke.LambdaFormBuffer::changeName (149 bytes)
Event: 60,331 Thread 0x00007f6d880c1800 nmethod 1579 0x00007f6d71085810 code [0x00007f6d71085a00, 0x00007f6d71085ea0]
Event: 60,380 Thread 0x00007f6d880c1800 1580       3       java.lang.invoke.LambdaFormBuffer::indexOf (33 bytes)
Event: 60,381 Thread 0x00007f6d880c1800 nmethod 1580 0x00007f6d71086090 code [0x00007f6d71086260, 0x00007f6d710865f0]
Event: 60,397 Thread 0x00007f6d880c1800 1581       3       java.lang.invoke.LambdaForm$Name::withConstraint (20 bytes)
Event: 60,398 Thread 0x00007f6d880c1800 nmethod 1581 0x00007f6d71086710 code [0x00007f6d710868e0, 0x00007f6d71086ac0]

GC Heap History (0 events):
No events

Deoptimization events (20 events):
Event: 50,862 Thread 0x00007f6d8802b800 Uncommon trap: trap_request=0xffffffde fr.pc=0x00007f6d783731a4 relative=0x00000000000006e4
Event: 50,862 Thread 0x00007f6d8802b800 Uncommon trap: reason=class_check action=maybe_recompile pc=0x00007f6d783731a4 method=java.util.HashMap.putVal(ILjava/lang/Object;Ljava/lang/Object;ZZ)Ljava/lang/Object; @ 203 c2
Event: 50,862 Thread 0x00007f6d8802b800 DEOPT PACKING pc=0x00007f6d783731a4 sp=0x00007f6d8ca3f9e0
Event: 50,862 Thread 0x00007f6d8802b800 DEOPT UNPACKING pc=0x00007f6d7081a2a5 sp=0x00007f6d8ca3f910 mode 2
Event: 51,131 Thread 0x00007f6d8802b800 Uncommon trap: trap_request=0xffffff4d fr.pc=0x00007f6d783527c4 relative=0x00000000000000a4
Event: 51,131 Thread 0x00007f6d8802b800 Uncommon trap: reason=unstable_if action=reinterpret pc=0x00007f6d783527c4 method=sun.reflect.generics.parser.SignatureParser.current()C @ 39 c2
Event: 51,131 Thread 0x00007f6d8802b800 DEOPT PACKING pc=0x00007f6d783527c4 sp=0x00007f6d8ca40d60
Event: 51,131 Thread 0x00007f6d8802b800 DEOPT UNPACKING pc=0x00007f6d7081a2a5 sp=0x00007f6d8ca40d18 mode 2
Event: 54,095 Thread 0x00007f6d8802b800 Uncommon trap: trap_request=0xffffff4d fr.pc=0x00007f6d7834e3fc relative=0x00000000000005bc
Event: 54,095 Thread 0x00007f6d8802b800 Uncommon trap: reason=unstable_if action=reinterpret pc=0x00007f6d7834e3fc method=java.lang.StringLatin1.regionMatchesCI([BI[BII)Z @ 66 c2
Event: 54,095 Thread 0x00007f6d8802b800 DEOPT PACKING pc=0x00007f6d7834e3fc sp=0x00007f6d8ca41b20
Event: 54,095 Thread 0x00007f6d8802b800 DEOPT UNPACKING pc=0x00007f6d7081a2a5 sp=0x00007f6d8ca41a10 mode 2
Event: 54,552 Thread 0x00007f6d8802b800 Uncommon trap: trap_request=0xffffff4d fr.pc=0x00007f6d78336574 relative=0x00000000000003b4
Event: 54,552 Thread 0x00007f6d8802b800 Uncommon trap: reason=unstable_if action=reinterpret pc=0x00007f6d78336574 method=java.lang.Integer.getChars(II[B)I @ 25 c2
Event: 54,552 Thread 0x00007f6d8802b800 DEOPT PACKING pc=0x00007f6d78336574 sp=0x00007f6d8ca40a80
Event: 54,552 Thread 0x00007f6d8802b800 DEOPT UNPACKING pc=0x00007f6d7081a2a5 sp=0x00007f6d8ca40970 mode 2
Event: 54,717 Thread 0x00007f6d8802b800 Uncommon trap: trap_request=0xffffff4d fr.pc=0x00007f6d7831fc70 relative=0x00000000000003b0
Event: 54,717 Thread 0x00007f6d8802b800 Uncommon trap: reason=unstable_if action=reinterpret pc=0x00007f6d7831fc70 method=java.lang.Integer.getChars(II[B)I @ 25 c2
Event: 54,717 Thread 0x00007f6d8802b800 DEOPT PACKING pc=0x00007f6d7831fc70 sp=0x00007f6d8ca41530
Event: 54,717 Thread 0x00007f6d8802b800 DEOPT UNPACKING pc=0x00007f6d7081a2a5 sp=0x00007f6d8ca41478 mode 2

Classes redefined (0 events):
No events

Internal exceptions (20 events):
Event: 2,345 Thread 0x00007f6d8802b800 Exception <a 'java/security/PrivilegedActionException'{0x0000000600905160}> (0x0000000600905160) thrown at [src/hotspot/share/prims/jvm.cpp, line 1304]
Event: 2,350 Thread 0x00007f6d8802b800 Exception <a 'java/security/PrivilegedActionException'{0x0000000600905048}> (0x0000000600905048) thrown at [src/hotspot/share/prims/jvm.cpp, line 1304]
Event: 2,350 Thread 0x00007f6d8802b800 Exception <a 'java/security/PrivilegedActionException'{0x0000000600904fd8}> (0x0000000600904fd8) thrown at [src/hotspot/share/prims/jvm.cpp, line 1304]
Event: 10,883 Thread 0x00007f6d8802b800 Exception <a 'java/lang/NoSuchMethodError'{0x0000000601c7b038}: 'void java.lang.invoke.DirectMethodHandle$Holder.invokeStatic(java.lang.Object, int)'> (0x0000000601c7b038) thrown at [src/hotspot/share/interpreter/linkResolver.cpp, line 772]
Event: 14,751 Thread 0x00007f6d8802b800 Implicit null exception at 0x00007f6d78307423 to 0x00007f6d783082e1
Event: 25,562 Thread 0x00007f6d8802b800 Exception <a 'java/lang/NoSuchMethodError'{0x0000000603144170}: 'void java.lang.invoke.DirectMethodHandle$Holder.invokeSpecial(java.lang.Object, java.lang.Object)'> (0x0000000603144170) thrown at [src/hotspot/share/interpreter/linkResolver.cpp, line 772]
Event: 25,572 Thread 0x00007f6d8802b800 Exception <a 'java/lang/NoSuchMethodError'{0x0000000603143e98}: 'void java.lang.invoke.Invokers$Holder.invoke_MT(java.lang.Object, java.lang.Object)'> (0x0000000603143e98) thrown at [src/hotspot/share/interpreter/linkResolver.cpp, line 772]
Event: 28,535 Thread 0x00007f6d8802b800 Exception <a 'java/lang/NoSuchMethodError'{0x0000000603508130}: 'void java.lang.invoke.DelegatingMethodHandle$Holder.delegate(java.lang.Object, java.lang.Object, int, java.lang.Object)'> (0x0000000603508130) thrown at [src/hotspot/share/interpreter/linkResolver.cpp, line 772]
Event: 28,584 Thread 0x00007f6d8802b800 Exception <a 'java/lang/NoSuchMethodError'{0x00000006035151e8}: 'java.lang.Object java.lang.invoke.DirectMethodHandle$Holder.invokeStaticInit(java.lang.Object, java.lang.Object, java.lang.Object)'> (0x00000006035151e8) thrown at [src/hotspot/share/interpreter/linkResolver.cpp, line 772]
Event: 28,669 Thread 0x00007f6d8802b800 Exception <a 'java/lang/NoSuchMethodError'{0x0000000603532968}: 'java.lang.Object java.lang.invoke.DirectMethodHandle$Holder.invokeStatic(java.lang.Object, int, java.lang.Object, java.lang.Object)'> (0x0000000603532968) thrown at [src/hotspot/share/interpreter/linkResolver.cpp, line 772]
Event: 28,911 Thread 0x00007f6d8802b800 Exception <a 'java/lang/IncompatibleClassChangeError'{0x000000060355c448}: Found class java.lang.Object, but interface was expected> (0x000000060355c448) thrown at [src/hotspot/share/interpreter/linkResolver.cpp, line 839]
Event: 29,112 Thread 0x00007f6d8802b800 Exception <a 'java/lang/NoSuchMethodError'{0x0000000603592980}: 'java.lang.Object java.lang.invoke.Invokers$Holder.linkToTargetMethod(java.lang.Object, java.lang.Object, int, java.lang.Object, java.lang.Object)'> (0x0000000603592980) thrown at [src/hotspot/share/interpreter/linkResolver.cpp, line 772]
Event: 30,137 Thread 0x00007f6d8802b800 Exception <a 'java/lang/NoSuchMethodError'{0x0000000603686bc0}: 'int java.lang.invoke.DirectMethodHandle$Holder.invokeStaticInit(java.lang.Object, java.lang.Object)'> (0x0000000603686bc0) thrown at [src/hotspot/share/interpreter/linkResolver.cpp, line 772]
Event: 32,795 Thread 0x00007f6d8802b800 Exception <a 'java/lang/NoSuchMethodError'{0x0000000603a3d1c0}: 'java.lang.Object java.lang.invoke.Invokers$Holder.linkToTargetMethod(java.lang.Object, java.lang.Object, int, int, java.lang.Object, java.lang.Object)'> (0x0000000603a3d1c0) thrown at [src/hotspot/share/interpreter/linkResolver.cpp, line 772]
Event: 38,616 Thread 0x00007f6d8802b800 Exception <a 'java/lang/NoSuchMethodError'{0x0000000604ad9a58}: 'void java.lang.invoke.DirectMethodHandle$Holder.invokeStatic(java.lang.Object, java.lang.Object, java.lang.Object, java.lang.Object)'> (0x0000000604ad9a58) thrown at [src/hotspot/share/interpreter/linkResolver.cpp, line 772]
Event: 38,621 Thread 0x00007f6d8802b800 Exception <a 'java/lang/NoSuchMethodError'{0x0000000604ad9710}: 'void java.lang.invoke.DirectMethodHandle$Holder.invokeStaticInit(java.lang.Object, java.lang.Object, java.lang.Object, java.lang.Object)'> (0x0000000604ad9710) thrown at [src/hotspot/share/interpreter/linkResolver.cpp, line 772]
Event: 39,156 Thread 0x00007f6d8802b800 Exception <a 'java/lang/NoSuchMethodError'{0x0000000604c0b380}: 'void java.lang.invoke.DirectMethodHandle$Holder.invokeStatic(java.lang.Object, java.lang.Object, java.lang.Object, java.lang.Object, java.lang.Object, java.lang.Object)'> (0x0000000604c0b380) thrown at [src/hotspot/share/interpreter/linkResolver.cpp, line 772]
Event: 53,779 Thread 0x00007f6d8802b800 Exception <a 'java/lang/NoSuchMethodError'{0x0000000605e7c7c8}: 'int java.lang.invoke.DirectMethodHandle$Holder.invokeStaticInit(java.lang.Object, java.lang.Object, java.lang.Object)'> (0x0000000605e7c7c8) thrown at [src/hotspot/share/interpreter/linkResolver.cpp, line 772]
Event: 54,701 Thread 0x00007f6d8802b800 Exception <a 'java/lang/NoSuchMethodError'{0x0000000605f9dee0}: 'int java.lang.invoke.DirectMethodHandle$Holder.invokeInterface(java.lang.Object, java.lang.Object)'> (0x0000000605f9dee0) thrown at [src/hotspot/share/interpreter/linkResolver.cpp, line 772]
Event: 54,714 Thread 0x00007f6d8802b800 Exception <a 'java/lang/IncompatibleClassChangeError'{0x0000000605f9dc08}: Found class java.lang.Object, but interface was expected> (0x0000000605f9dc08) thrown at [src/hotspot/share/interpreter/linkResolver.cpp, line 839]

Events (20 events):
Event: 60,269 loading class com/sun/jmx/mbeanserver/WeakIdentityHashMap
Event: 60,269 loading class com/sun/jmx/mbeanserver/WeakIdentityHashMap done
Event: 60,269 loading class com/sun/jmx/mbeanserver/WeakIdentityHashMap$IdentityWeakReference
Event: 60,270 loading class com/sun/jmx/mbeanserver/WeakIdentityHashMap$IdentityWeakReference done
Event: 60,271 loading class com/sun/management/internal/HotSpotThreadImpl
Event: 60,271 loading class com/sun/management/ThreadMXBean
Event: 60,271 loading class java/lang/management/ThreadMXBean
Event: 60,271 loading class java/lang/management/ThreadMXBean done
Event: 60,271 loading class com/sun/management/ThreadMXBean done
Event: 60,271 loading class sun/management/ThreadImpl
Event: 60,271 loading class sun/management/ThreadImpl done
Event: 60,271 loading class com/sun/management/internal/HotSpotThreadImpl done
Event: 60,283 loading class java/lang/management/ThreadInfo
Event: 60,283 loading class java/lang/management/ThreadInfo done
Event: 60,307 loading class java/lang/Thread$State
Event: 60,308 loading class java/lang/Thread$State done
Event: 60,399 Executing VM operation: CollectForMetadataAllocation
Event: 60,399 Executing nested VM operation: Dummy
Event: 60,683 Executing nested VM operation: Dummy done
Event: 60,683 Executing VM operation: CollectForMetadataAllocation done


Dynamic libraries:
600000000-800000000 rw-s 00000000 00:05 401                              /dev/fakeblk
800000000-80029f000 rw-p 00000000 00:00 0 
80029f000-840000000 ---p 00000000 00:00 0 
55d6bcdd5000-55d6bcdd6000 r--p 00000000 08:01 4325451                    /home/adam/jdk11u/build/linux-x86_64-normal-server-release/images/jdk/bin/java
55d6bcdd6000-55d6bcdd7000 r-xp 00001000 08:01 4325451                    /home/adam/jdk11u/build/linux-x86_64-normal-server-release/images/jdk/bin/java
55d6bcdd7000-55d6bcdd8000 r--p 00002000 08:01 4325451                    /home/adam/jdk11u/build/linux-x86_64-normal-server-release/images/jdk/bin/java
55d6bcdd8000-55d6bcdd9000 r--p 00002000 08:01 4325451                    /home/adam/jdk11u/build/linux-x86_64-normal-server-release/images/jdk/bin/java
55d6bcdd9000-55d6bcdda000 rw-p 00003000 08:01 4325451                    /home/adam/jdk11u/build/linux-x86_64-normal-server-release/images/jdk/bin/java
55d6be62f000-55d6be671000 rw-p 00000000 00:00 0                          [heap]
7f6d44000000-7f6d44021000 rw-p 00000000 00:00 0 
7f6d44021000-7f6d48000000 ---p 00000000 00:00 0 
7f6d48000000-7f6d48021000 rw-p 00000000 00:00 0 
7f6d48021000-7f6d4c000000 ---p 00000000 00:00 0 
7f6d4c000000-7f6d4c29b000 rw-p 00000000 00:00 0 
7f6d4c29b000-7f6d50000000 ---p 00000000 00:00 0 
7f6d50000000-7f6d50021000 rw-p 00000000 00:00 0 
7f6d50021000-7f6d54000000 ---p 00000000 00:00 0 
7f6d54000000-7f6d54021000 rw-p 00000000 00:00 0 
7f6d54021000-7f6d58000000 ---p 00000000 00:00 0 
7f6d58000000-7f6d58ac5000 rw-p 00000000 00:00 0 
7f6d58ac5000-7f6d5c000000 ---p 00000000 00:00 0 
7f6d5c000000-7f6d5c021000 rw-p 00000000 00:00 0 
7f6d5c021000-7f6d60000000 ---p 00000000 00:00 0 
7f6d62b42000-7f6d62cd3000 rw-p 00000000 00:00 0 
7f6d62cd3000-7f6d62e13000 ---p 00000000 00:00 0 
7f6d62e13000-7f6d63013000 rw-p 00000000 00:00 0 
7f6d63013000-7f6d63213000 rw-p 00000000 00:00 0 
7f6d63213000-7f6d63413000 rw-p 00000000 00:00 0 
7f6d63413000-7f6d63613000 rw-p 00000000 00:00 0 
7f6d63613000-7f6d63813000 rw-p 00000000 00:00 0 
7f6d63813000-7f6d63817000 ---p 00000000 00:00 0 
7f6d63817000-7f6d63914000 rw-p 00000000 00:00 0 
7f6d63914000-7f6d63915000 ---p 00000000 00:00 0 
7f6d63915000-7f6d63a16000 rw-p 00000000 00:00 0 
7f6d63a16000-7f6d63a1a000 ---p 00000000 00:00 0 
7f6d63a1a000-7f6d63b17000 rw-p 00000000 00:00 0 
7f6d63b17000-7f6d63b1b000 ---p 00000000 00:00 0 
7f6d63b1b000-7f6d63c18000 rw-p 00000000 00:00 0 
7f6d63c18000-7f6d63c1c000 ---p 00000000 00:00 0 
7f6d63c1c000-7f6d63d19000 rw-p 00000000 00:00 0 
7f6d63d19000-7f6d64000000 r--p 00000000 08:01 2884038                    /usr/lib/locale/locale-archive
7f6d64000000-7f6d64021000 rw-p 00000000 00:00 0 
7f6d64021000-7f6d68000000 ---p 00000000 00:00 0 
7f6d68000000-7f6d68021000 rw-p 00000000 00:00 0 
7f6d68021000-7f6d6c000000 ---p 00000000 00:00 0 
7f6d6c000000-7f6d6c408000 rw-p 00000000 00:00 0 
7f6d6c408000-7f6d70000000 ---p 00000000 00:00 0 
7f6d70012000-7f6d70812000 rw-p 00000000 00:00 0 
7f6d70812000-7f6d70a82000 rwxp 00000000 00:00 0 
7f6d70a82000-7f6d70da3000 ---p 00000000 00:00 0 
7f6d70da3000-7f6d71093000 rwxp 00000000 00:00 0 
7f6d71093000-7f6d782da000 ---p 00000000 00:00 0 
7f6d782da000-7f6d7854a000 rwxp 00000000 00:00 0 
7f6d7854a000-7f6d7f812000 ---p 00000000 00:00 0 
7f6d7f812000-7f6d88000000 r--s 00000000 08:01 4325379                    /home/adam/jdk11u/build/linux-x86_64-normal-server-release/images/jdk/lib/modules
7f6d88000000-7f6d8a7c1000 rw-p 00000000 00:00 0 
7f6d8a7c1000-7f6d8c000000 ---p 00000000 00:00 0 
7f6d8c01e000-7f6d8c025000 r--s 00000000 08:01 2926395                    /usr/lib/x86_64-linux-gnu/gconv/gconv-modules.cache
7f6d8c025000-7f6d8c027000 r--p 00000000 08:01 4325406                    /home/adam/jdk11u/build/linux-x86_64-normal-server-release/images/jdk/lib/libmanagement_ext.so
7f6d8c027000-7f6d8c02a000 r-xp 00002000 08:01 4325406                    /home/adam/jdk11u/build/linux-x86_64-normal-server-release/images/jdk/lib/libmanagement_ext.so
7f6d8c02a000-7f6d8c02b000 r--p 00005000 08:01 4325406                    /home/adam/jdk11u/build/linux-x86_64-normal-server-release/images/jdk/lib/libmanagement_ext.so
7f6d8c02b000-7f6d8c02c000 ---p 00006000 08:01 4325406                    /home/adam/jdk11u/build/linux-x86_64-normal-server-release/images/jdk/lib/libmanagement_ext.so
7f6d8c02c000-7f6d8c02d000 r--p 00006000 08:01 4325406                    /home/adam/jdk11u/build/linux-x86_64-normal-server-release/images/jdk/lib/libmanagement_ext.so
7f6d8c02d000-7f6d8c02e000 rw-p 00007000 08:01 4325406                    /home/adam/jdk11u/build/linux-x86_64-normal-server-release/images/jdk/lib/libmanagement_ext.so
7f6d8c02e000-7f6d8c031000 r--p 00000000 08:01 4325481                    /home/adam/jdk11u/build/linux-x86_64-normal-server-release/images/jdk/lib/libmanagement.so
7f6d8c031000-7f6d8c032000 r-xp 00003000 08:01 4325481                    /home/adam/jdk11u/build/linux-x86_64-normal-server-release/images/jdk/lib/libmanagement.so
7f6d8c032000-7f6d8c033000 r--p 00004000 08:01 4325481                    /home/adam/jdk11u/build/linux-x86_64-normal-server-release/images/jdk/lib/libmanagement.so
7f6d8c033000-7f6d8c034000 r--p 00004000 08:01 4325481                    /home/adam/jdk11u/build/linux-x86_64-normal-server-release/images/jdk/lib/libmanagement.so
7f6d8c034000-7f6d8c035000 rw-p 00005000 08:01 4325481                    /home/adam/jdk11u/build/linux-x86_64-normal-server-release/images/jdk/lib/libmanagement.so
7f6d8c035000-7f6d8c066000 rw-p 00000000 00:00 0 
7f6d8c066000-7f6d8c06a000 r--p 00000000 08:01 4325475                    /home/adam/jdk11u/build/linux-x86_64-normal-server-release/images/jdk/lib/libnet.so
7f6d8c06a000-7f6d8c079000 r-xp 00004000 08:01 4325475                    /home/adam/jdk11u/build/linux-x86_64-normal-server-release/images/jdk/lib/libnet.so
7f6d8c079000-7f6d8c07d000 r--p 00013000 08:01 4325475                    /home/adam/jdk11u/build/linux-x86_64-normal-server-release/images/jdk/lib/libnet.so
7f6d8c07d000-7f6d8c07e000 r--p 00016000 08:01 4325475                    /home/adam/jdk11u/build/linux-x86_64-normal-server-release/images/jdk/lib/libnet.so
7f6d8c07e000-7f6d8c07f000 rw-p 00017000 08:01 4325475                    /home/adam/jdk11u/build/linux-x86_64-normal-server-release/images/jdk/lib/libnet.so
7f6d8c07f000-7f6d8c086000 r--p 00000000 08:01 4325464                    /home/adam/jdk11u/build/linux-x86_64-normal-server-release/images/jdk/lib/libnio.so
7f6d8c086000-7f6d8c08d000 r-xp 00007000 08:01 4325464                    /home/adam/jdk11u/build/linux-x86_64-normal-server-release/images/jdk/lib/libnio.so
7f6d8c08d000-7f6d8c090000 r--p 0000e000 08:01 4325464                    /home/adam/jdk11u/build/linux-x86_64-normal-server-release/images/jdk/lib/libnio.so
7f6d8c090000-7f6d8c091000 r--p 00010000 08:01 4325464                    /home/adam/jdk11u/build/linux-x86_64-normal-server-release/images/jdk/lib/libnio.so
7f6d8c091000-7f6d8c092000 rw-p 00011000 08:01 4325464                    /home/adam/jdk11u/build/linux-x86_64-normal-server-release/images/jdk/lib/libnio.so
7f6d8c092000-7f6d8c096000 ---p 00000000 00:00 0 
7f6d8c096000-7f6d8c193000 rw-p 00000000 00:00 0 
7f6d8c193000-7f6d8c197000 ---p 00000000 00:00 0 
7f6d8c197000-7f6d8c294000 rw-p 00000000 00:00 0 
7f6d8c294000-7f6d8c298000 ---p 00000000 00:00 0 
7f6d8c298000-7f6d8c395000 rw-p 00000000 00:00 0 
7f6d8c395000-7f6d8c399000 ---p 00000000 00:00 0 
7f6d8c399000-7f6d8c496000 rw-p 00000000 00:00 0 
7f6d8c496000-7f6d8c497000 ---p 00000000 00:00 0 
7f6d8c497000-7f6d8c6e3000 rw-p 00000000 00:00 0 
7f6d8c6e3000-7f6d8c7c9000 ---p 00000000 00:00 0 
7f6d8c7c9000-7f6d8c7cf000 rw-p 00000000 00:00 0 
7f6d8c7cf000-7f6d8c8b4000 ---p 00000000 00:00 0 
7f6d8c8b4000-7f6d8c8b9000 rw-p 00000000 00:00 0 
7f6d8c8b9000-7f6d8c8c0000 ---p 00000000 00:00 0 
7f6d8c8c0000-7f6d8c8c3000 r--p 00000000 08:01 2907361                    /usr/lib/x86_64-linux-gnu/libnss_files-2.31.so
7f6d8c8c3000-7f6d8c8ca000 r-xp 00003000 08:01 2907361                    /usr/lib/x86_64-linux-gnu/libnss_files-2.31.so
7f6d8c8ca000-7f6d8c8cc000 r--p 0000a000 08:01 2907361                    /usr/lib/x86_64-linux-gnu/libnss_files-2.31.so
7f6d8c8cc000-7f6d8c8cd000 r--p 0000b000 08:01 2907361                    /usr/lib/x86_64-linux-gnu/libnss_files-2.31.so
7f6d8c8cd000-7f6d8c8ce000 rw-p 0000c000 08:01 2907361                    /usr/lib/x86_64-linux-gnu/libnss_files-2.31.so
7f6d8c8ce000-7f6d8c8d4000 rw-p 00000000 00:00 0 
7f6d8c8d9000-7f6d8c8db000 r--p 00000000 08:01 4325457                    /home/adam/jdk11u/build/linux-x86_64-normal-server-release/images/jdk/lib/libzip.so
7f6d8c8db000-7f6d8c8df000 r-xp 00002000 08:01 4325457                    /home/adam/jdk11u/build/linux-x86_64-normal-server-release/images/jdk/lib/libzip.so
7f6d8c8df000-7f6d8c8e1000 r--p 00006000 08:01 4325457                    /home/adam/jdk11u/build/linux-x86_64-normal-server-release/images/jdk/lib/libzip.so
7f6d8c8e1000-7f6d8c8e2000 r--p 00007000 08:01 4325457                    /home/adam/jdk11u/build/linux-x86_64-normal-server-release/images/jdk/lib/libzip.so
7f6d8c8e2000-7f6d8c8e3000 rw-p 00008000 08:01 4325457                    /home/adam/jdk11u/build/linux-x86_64-normal-server-release/images/jdk/lib/libzip.so
7f6d8c8e3000-7f6d8c8eb000 rw-s 00000000 08:01 262435                     /tmp/hsperfdata_root/31486
7f6d8c8eb000-7f6d8c8ef000 r--p 00000000 08:01 4325452                    /home/adam/jdk11u/build/linux-x86_64-normal-server-release/images/jdk/lib/libjimage.so
7f6d8c8ef000-7f6d8c902000 r-xp 00004000 08:01 4325452                    /home/adam/jdk11u/build/linux-x86_64-normal-server-release/images/jdk/lib/libjimage.so
7f6d8c902000-7f6d8c908000 r--p 00017000 08:01 4325452                    /home/adam/jdk11u/build/linux-x86_64-normal-server-release/images/jdk/lib/libjimage.so
7f6d8c908000-7f6d8c90a000 r--p 0001c000 08:01 4325452                    /home/adam/jdk11u/build/linux-x86_64-normal-server-release/images/jdk/lib/libjimage.so
7f6d8c90a000-7f6d8c90b000 rw-p 0001e000 08:01 4325452                    /home/adam/jdk11u/build/linux-x86_64-normal-server-release/images/jdk/lib/libjimage.so
7f6d8c90b000-7f6d8c919000 r--p 00000000 08:01 4325474                    /home/adam/jdk11u/build/linux-x86_64-normal-server-release/images/jdk/lib/libjava.so
7f6d8c919000-7f6d8c92f000 r-xp 0000e000 08:01 4325474                    /home/adam/jdk11u/build/linux-x86_64-normal-server-release/images/jdk/lib/libjava.so
7f6d8c92f000-7f6d8c936000 r--p 00024000 08:01 4325474                    /home/adam/jdk11u/build/linux-x86_64-normal-server-release/images/jdk/lib/libjava.so
7f6d8c936000-7f6d8c937000 r--p 0002a000 08:01 4325474                    /home/adam/jdk11u/build/linux-x86_64-normal-server-release/images/jdk/lib/libjava.so
7f6d8c937000-7f6d8c938000 rw-p 0002b000 08:01 4325474                    /home/adam/jdk11u/build/linux-x86_64-normal-server-release/images/jdk/lib/libjava.so
7f6d8c938000-7f6d8c939000 rw-p 00000000 00:00 0 
7f6d8c939000-7f6d8c93b000 r--p 00000000 08:01 2907366                    /usr/lib/x86_64-linux-gnu/librt-2.31.so
7f6d8c93b000-7f6d8c93f000 r-xp 00002000 08:01 2907366                    /usr/lib/x86_64-linux-gnu/librt-2.31.so
7f6d8c93f000-7f6d8c941000 r--p 00006000 08:01 2907366                    /usr/lib/x86_64-linux-gnu/librt-2.31.so
7f6d8c941000-7f6d8c942000 r--p 00007000 08:01 2907366                    /usr/lib/x86_64-linux-gnu/librt-2.31.so
7f6d8c942000-7f6d8c943000 rw-p 00008000 08:01 2907366                    /usr/lib/x86_64-linux-gnu/librt-2.31.so
7f6d8c943000-7f6d8c947000 ---p 00000000 00:00 0 
7f6d8c947000-7f6d8ca44000 rw-p 00000000 00:00 0 
7f6d8ca44000-7f6d8ca51000 r--p 00000000 08:01 2907355                    /usr/lib/x86_64-linux-gnu/libm-2.31.so
7f6d8ca51000-7f6d8caeb000 r-xp 0000d000 08:01 2907355                    /usr/lib/x86_64-linux-gnu/libm-2.31.so
7f6d8caeb000-7f6d8cb86000 r--p 000a7000 08:01 2907355                    /usr/lib/x86_64-linux-gnu/libm-2.31.so
7f6d8cb86000-7f6d8cb87000 r--p 00141000 08:01 2907355                    /usr/lib/x86_64-linux-gnu/libm-2.31.so
7f6d8cb87000-7f6d8cb88000 rw-p 00142000 08:01 2907355                    /usr/lib/x86_64-linux-gnu/libm-2.31.so
7f6d8cb88000-7f6d8ce04000 r--p 00000000 08:01 4325455                    /home/adam/jdk11u/build/linux-x86_64-normal-server-release/images/jdk/lib/server/libjvm.so
7f6d8ce04000-7f6d8d9f5000 r-xp 0027c000 08:01 4325455                    /home/adam/jdk11u/build/linux-x86_64-normal-server-release/images/jdk/lib/server/libjvm.so
7f6d8d9f5000-7f6d8dc4a000 r--p 00e6d000 08:01 4325455                    /home/adam/jdk11u/build/linux-x86_64-normal-server-release/images/jdk/lib/server/libjvm.so
7f6d8dc4a000-7f6d8dd0d000 r--p 010c1000 08:01 4325455                    /home/adam/jdk11u/build/linux-x86_64-normal-server-release/images/jdk/lib/server/libjvm.so
7f6d8dd0d000-7f6d8dd47000 rw-p 01184000 08:01 4325455                    /home/adam/jdk11u/build/linux-x86_64-normal-server-release/images/jdk/lib/server/libjvm.so
7f6d8dd47000-7f6d8dda0000 rw-p 00000000 00:00 0 
7f6d8dda0000-7f6d8dda6000 r--p 00000000 08:01 2907364                    /usr/lib/x86_64-linux-gnu/libpthread-2.31.so
7f6d8dda6000-7f6d8ddb6000 r-xp 00006000 08:01 2907364                    /usr/lib/x86_64-linux-gnu/libpthread-2.31.so
7f6d8ddb6000-7f6d8ddbc000 r--p 00016000 08:01 2907364                    /usr/lib/x86_64-linux-gnu/libpthread-2.31.so
7f6d8ddbc000-7f6d8ddbd000 r--p 0001b000 08:01 2907364                    /usr/lib/x86_64-linux-gnu/libpthread-2.31.so
7f6d8ddbd000-7f6d8ddbe000 rw-p 0001c000 08:01 2907364                    /usr/lib/x86_64-linux-gnu/libpthread-2.31.so
7f6d8ddbe000-7f6d8ddc2000 rw-p 00000000 00:00 0 
7f6d8ddc2000-7f6d8ddc3000 r--p 00000000 08:01 2907353                    /usr/lib/x86_64-linux-gnu/libdl-2.31.so
7f6d8ddc3000-7f6d8ddc5000 r-xp 00001000 08:01 2907353                    /usr/lib/x86_64-linux-gnu/libdl-2.31.so
7f6d8ddc5000-7f6d8ddc6000 r--p 00003000 08:01 2907353                    /usr/lib/x86_64-linux-gnu/libdl-2.31.so
7f6d8ddc6000-7f6d8ddc7000 r--p 00003000 08:01 2907353                    /usr/lib/x86_64-linux-gnu/libdl-2.31.so
7f6d8ddc7000-7f6d8ddc8000 rw-p 00004000 08:01 2907353                    /usr/lib/x86_64-linux-gnu/libdl-2.31.so
7f6d8ddc8000-7f6d8ddcb000 r--p 00000000 08:01 2885790                    /usr/lib/x86_64-linux-gnu/libz.so.1.2.11
7f6d8ddcb000-7f6d8dddc000 r-xp 00003000 08:01 2885790                    /usr/lib/x86_64-linux-gnu/libz.so.1.2.11
7f6d8dddc000-7f6d8dde2000 r--p 00014000 08:01 2885790                    /usr/lib/x86_64-linux-gnu/libz.so.1.2.11
7f6d8dde2000-7f6d8dde3000 ---p 0001a000 08:01 2885790                    /usr/lib/x86_64-linux-gnu/libz.so.1.2.11
7f6d8dde3000-7f6d8dde4000 r--p 0001a000 08:01 2885790                    /usr/lib/x86_64-linux-gnu/libz.so.1.2.11
7f6d8dde4000-7f6d8dde5000 rw-p 0001b000 08:01 2885790                    /usr/lib/x86_64-linux-gnu/libz.so.1.2.11
7f6d8dde5000-7f6d8de07000 r--p 00000000 08:01 2907352                    /usr/lib/x86_64-linux-gnu/libc-2.31.so
7f6d8de07000-7f6d8df61000 r-xp 00022000 08:01 2907352                    /usr/lib/x86_64-linux-gnu/libc-2.31.so
7f6d8df61000-7f6d8dfb0000 r--p 0017c000 08:01 2907352                    /usr/lib/x86_64-linux-gnu/libc-2.31.so
7f6d8dfb0000-7f6d8dfb4000 r--p 001ca000 08:01 2907352                    /usr/lib/x86_64-linux-gnu/libc-2.31.so
7f6d8dfb4000-7f6d8dfb6000 rw-p 001ce000 08:01 2907352                    /usr/lib/x86_64-linux-gnu/libc-2.31.so
7f6d8dfb6000-7f6d8dfba000 rw-p 00000000 00:00 0 
7f6d8dfbd000-7f6d8dfbe000 ---p 00000000 00:00 0 
7f6d8dfbe000-7f6d8dfbf000 r--p 00000000 00:00 0 
7f6d8dfbf000-7f6d8dfc4000 r--p 00000000 08:01 4325458                    /home/adam/jdk11u/build/linux-x86_64-normal-server-release/images/jdk/lib/libverify.so
7f6d8dfc4000-7f6d8dfcb000 r-xp 00005000 08:01 4325458                    /home/adam/jdk11u/build/linux-x86_64-normal-server-release/images/jdk/lib/libverify.so
7f6d8dfcb000-7f6d8dfcd000 r--p 0000c000 08:01 4325458                    /home/adam/jdk11u/build/linux-x86_64-normal-server-release/images/jdk/lib/libverify.so
7f6d8dfcd000-7f6d8dfce000 ---p 0000e000 08:01 4325458                    /home/adam/jdk11u/build/linux-x86_64-normal-server-release/images/jdk/lib/libverify.so
7f6d8dfce000-7f6d8dfd0000 r--p 0000e000 08:01 4325458                    /home/adam/jdk11u/build/linux-x86_64-normal-server-release/images/jdk/lib/libverify.so
7f6d8dfd0000-7f6d8dfd1000 rw-p 00010000 08:01 4325458                    /home/adam/jdk11u/build/linux-x86_64-normal-server-release/images/jdk/lib/libverify.so
7f6d8dfd1000-7f6d8dfd4000 r--p 00000000 08:01 4325466                    /home/adam/jdk11u/build/linux-x86_64-normal-server-release/images/jdk/lib/jli/libjli.so
7f6d8dfd4000-7f6d8dfde000 r-xp 00003000 08:01 4325466                    /home/adam/jdk11u/build/linux-x86_64-normal-server-release/images/jdk/lib/jli/libjli.so
7f6d8dfde000-7f6d8dfe1000 r--p 0000d000 08:01 4325466                    /home/adam/jdk11u/build/linux-x86_64-normal-server-release/images/jdk/lib/jli/libjli.so
7f6d8dfe1000-7f6d8dfe2000 ---p 00010000 08:01 4325466                    /home/adam/jdk11u/build/linux-x86_64-normal-server-release/images/jdk/lib/jli/libjli.so
7f6d8dfe2000-7f6d8dfe3000 r--p 00010000 08:01 4325466                    /home/adam/jdk11u/build/linux-x86_64-normal-server-release/images/jdk/lib/jli/libjli.so
7f6d8dfe3000-7f6d8dfe4000 rw-p 00011000 08:01 4325466                    /home/adam/jdk11u/build/linux-x86_64-normal-server-release/images/jdk/lib/jli/libjli.so
7f6d8dfe4000-7f6d8dfe6000 rw-p 00000000 00:00 0 
7f6d8dfe6000-7f6d8dfe7000 r--p 00000000 08:01 2907322                    /usr/lib/x86_64-linux-gnu/ld-2.31.so
7f6d8dfe7000-7f6d8e007000 r-xp 00001000 08:01 2907322                    /usr/lib/x86_64-linux-gnu/ld-2.31.so
7f6d8e007000-7f6d8e00f000 r--p 00021000 08:01 2907322                    /usr/lib/x86_64-linux-gnu/ld-2.31.so
7f6d8e010000-7f6d8e011000 r--p 00029000 08:01 2907322                    /usr/lib/x86_64-linux-gnu/ld-2.31.so
7f6d8e011000-7f6d8e012000 rw-p 0002a000 08:01 2907322                    /usr/lib/x86_64-linux-gnu/ld-2.31.so
7f6d8e012000-7f6d8e013000 rw-p 00000000 00:00 0 
7ffd4ee9a000-7ffd4eebb000 rw-p 00000000 00:00 0                          [stack]
7ffd4ef39000-7ffd4ef3d000 r--p 00000000 00:00 0                          [vvar]
7ffd4ef3d000-7ffd4ef3f000 r-xp 00000000 00:00 0                          [vdso]


VM Arguments:
jvm_args: -XX:AllocateHeapAt=/dev/fakeblk -Xlog:gc=debug -XX:+UnlockExperimentalVMOptions -XX:-UseTLAB -XX:+UseEpsilonGC -Xnoclassgc -Xmx8g 
java_command: org.apache.spark.deploy.SparkSubmit --master local[*] --class WordCount /home/adam/Spark_benchmark/spark_run/run.jar
java_class_path (initial): /home/adam/Spark_benchmark/spark_compiled/conf/:/home/adam/Spark_benchmark/spark_compiled/jars/hadoop-shaded-guava-1.1.1.jar:/home/adam/Spark_benchmark/spark_compiled/jars/jersey-client-2.36.jar:/home/adam/Spark_benchmark/spark_compiled/jars/netty-transport-native-epoll-4.1.86.Final-linux-aarch_64.jar:/home/adam/Spark_benchmark/spark_compiled/jars/jsr305-3.0.0.jar:/home/adam/Spark_benchmark/spark_compiled/jars/scala-xml_2.12-2.1.0.jar:/home/adam/Spark_benchmark/spark_compiled/jars/parquet-common-1.12.3.jar:/home/adam/Spark_benchmark/spark_compiled/jars/curator-client-2.13.0.jar:/home/adam/Spark_benchmark/spark_compiled/jars/spire-platform_2.12-0.17.0.jar:/home/adam/Spark_benchmark/spark_compiled/jars/netty-codec-http2-4.1.86.Final.jar:/home/adam/Spark_benchmark/spark_compiled/jars/kubernetes-model-flowcontrol-6.4.0.jar:/home/adam/Spark_benchmark/spark_compiled/jars/snappy-java-1.1.8.4.jar:/home/adam/Spark_benchmark/spark_compiled/jars/compress-lzf-1.1.jar:/home/adam/Spark_benchmark/spark_compiled/jars/stream-2.9.6.jar:/home/adam/Spark_benchmark/spark_compiled/jars/spire-macros_2.12-0.17.0.jar:/home/adam/Spark_benchmark/spark_compiled/jars/spark-yarn_2.12-3.5.0-SNAPSHOT.jar:/home/adam/Spark_benchmark/spark_compiled/jars/spark-tags_2.12-3.5.0-SNAPSHOT.jar:/home/adam/Spark_benchmark/spark_compiled/jars/arrow-format-10.0.1.jar:/home/adam/Spark_benchmark/spark_compiled/jars/zookeeper-jute-3.6.3.jar:/home/adam/Spark_benchmark/spark_compiled/jars/avro-1.11.1.jar:/home/adam/Spark_benchmark/spark_compiled/jars/protobuf-java-2.5.0.jar:/home/adam/Spark_benchmark/spark_compiled/jars/JLargeArrays-1.5.jar:/home/adam/Spark_benchmark/spark_compiled/jars/arrow-memory-netty-10.0.1.jar:/home/adam/Spark_benchmark/spark_compiled/jars/log4j-api-2.19.0.jar:/home/adam/Spark_benchmark/spark_compiled/jars/py4j-0.10.9.7.jar:/home/adam/Spark_benchmark/spark_compiled/jars/commons-crypto-1.1.0.jar:/home/adam/Spark_benchmark/spark_compiled/jars/jakarta.servlet-api-4.0
Launcher Type: SUN_STANDARD

[Global flags]
    ccstr AllocateHeapAt                           = /dev/fakeblk                              {product} {command line}
     intx CICompilerCount                          = 4                                         {product} {ergonomic}
     bool ClassUnloading                           = false                                     {product} {command line}
     bool ClassUnloadingWithConcurrentMark         = false                                     {product} {command line}
   size_t InitialHeapSize                          = 25165824                                  {product} {ergonomic}
   size_t MaxHeapSize                              = 8589934592                                {product} {command line}
   size_t MinHeapDeltaBytes                        = 172032                                    {product} {ergonomic}
    uintx NonNMethodCodeHeapSize                   = 5836300                                {pd product} {ergonomic}
    uintx NonProfiledCodeHeapSize                  = 122910970                              {pd product} {ergonomic}
    uintx ProfiledCodeHeapSize                     = 122910970                              {pd product} {ergonomic}
    uintx ReservedCodeCacheSize                    = 251658240                              {pd product} {ergonomic}
     bool SegmentedCodeCache                       = true                                      {product} {ergonomic}
     bool UnlockExperimentalVMOptions              = true                                 {experimental} {command line}
     bool UseCompressedClassPointers               = true                                 {lp64_product} {ergonomic}
     bool UseCompressedOops                        = true                                 {lp64_product} {ergonomic}
     bool UseEpsilonGC                             = true                                 {experimental} {command line}
     bool UseTLAB                                  = false                                  {pd product} {command line}

Logging:
Log output configuration:
 #0: stdout all=warning,gc=debug uptime,level,tags
 #1: stderr all=off uptime,level,tags

Environment Variables:
PATH=/usr/local/sbin:/usr/local/bin:/usr/sbin:/usr/bin:/sbin:/bin
SHELL=/bin/bash
LANG=fr_FR.UTF-8

Signal Handlers:
SIGSEGV: [libjvm.so+0xde2080], sa_mask[0]=11111111011111111101111111111110, sa_flags=SA_RESTART|SA_SIGINFO
SIGBUS: [libjvm.so+0xde2080], sa_mask[0]=11111111011111111101111111111110, sa_flags=SA_RESTART|SA_SIGINFO
SIGFPE: [libjvm.so+0xde2080], sa_mask[0]=11111111011111111101111111111110, sa_flags=SA_RESTART|SA_SIGINFO
SIGPIPE: [libjvm.so+0xbdcc60], sa_mask[0]=11111111011111111101111111111110, sa_flags=SA_RESTART|SA_SIGINFO
SIGXFSZ: [libjvm.so+0xbdcc60], sa_mask[0]=11111111011111111101111111111110, sa_flags=SA_RESTART|SA_SIGINFO
SIGILL: [libjvm.so+0xde2080], sa_mask[0]=11111111011111111101111111111110, sa_flags=SA_RESTART|SA_SIGINFO
SIGUSR2: [libjvm.so+0xbdcb00], sa_mask[0]=00000000000000000000000000000000, sa_flags=SA_RESTART|SA_SIGINFO
SIGHUP: [libjvm.so+0xbdd390], sa_mask[0]=11111111011111111101111111111110, sa_flags=SA_RESTART|SA_SIGINFO
SIGINT: [libjvm.so+0xbdd390], sa_mask[0]=11111111011111111101111111111110, sa_flags=SA_RESTART|SA_SIGINFO
SIGTERM: [libjvm.so+0xbdd390], sa_mask[0]=11111111011111111101111111111110, sa_flags=SA_RESTART|SA_SIGINFO
SIGQUIT: [libjvm.so+0xbdd390], sa_mask[0]=11111111011111111101111111111110, sa_flags=SA_RESTART|SA_SIGINFO


---------------  S Y S T E M  ---------------

OS:PRETTY_NAME="Debian GNU/Linux 11 (bullseye)"
NAME="Debian GNU/Linux"
VERSION_ID="11"
VERSION="11 (bullseye)"
VERSION_CODENAME=bullseye
ID=debian
HOME_URL="https://www.debian.org/"
SUPPORT_URL="https://www.debian.org/support"
BUG_REPORT_URL="https://bugs.debian.org/"
uname:Linux 5.10.0-11-amd64 #1 SMP Debian 5.10.92-2 (2022-02-28) x86_64
OS uptime: 3 days 22:40 hours
libc:glibc 2.31 NPTL 2.31 
rlimit (soft/hard): STACK 8192k/infinity , CORE 0k/infinity , NPROC 128459/128459 , NOFILE 1048576/1048576 , AS infinity/infinity , CPU infinity/infinity , DATA infinity/infinity , FSIZE infinity/infinity , MEMLOCK 4116444k/4116444k
load average:0,85 0,23 0,12

/proc/meminfo:
MemTotal:       32931552 kB
MemFree:        11520404 kB
MemAvailable:   18922812 kB
Buffers:          348228 kB
Cached:         19656700 kB
SwapCached:            0 kB
Active:         16510804 kB
Inactive:        3782124 kB
Active(anon):   12583640 kB
Inactive(anon):   222972 kB
Active(file):    3927164 kB
Inactive(file):  3559152 kB
Unevictable:           0 kB
Mlocked:               0 kB
SwapTotal:             0 kB
SwapFree:              0 kB
Dirty:               200 kB
Writeback:             0 kB
AnonPages:        222648 kB
Mapped:           209864 kB
Shmem:          12518588 kB
KReclaimable:     385820 kB
Slab:             448576 kB
SReclaimable:     385820 kB
SUnreclaim:        62756 kB
KernelStack:        3744 kB
PageTables:         5176 kB
NFS_Unstable:          0 kB
Bounce:                0 kB
WritebackTmp:          0 kB
CommitLimit:    16465776 kB
Committed_AS:     832868 kB
VmallocTotal:   34359738367 kB
VmallocUsed:      344048 kB
VmallocChunk:          0 kB
Percpu:             6496 kB
HardwareCorrupted:     0 kB
AnonHugePages:     55296 kB
ShmemHugePages:        0 kB
ShmemPmdMapped:        0 kB
FileHugePages:         0 kB
FilePmdMapped:         0 kB
HugePages_Total:       0
HugePages_Free:        0
HugePages_Rsvd:        0
HugePages_Surp:        0
Hugepagesize:       2048 kB
Hugetlb:               0 kB
DirectMap4k:      493416 kB
DirectMap2M:    20477952 kB
DirectMap1G:    14680064 kB

/sys/kernel/mm/transparent_hugepage/enabled:
[always] madvise never
/sys/kernel/mm/transparent_hugepage/defrag (defrag/compaction efforts parameter):
always defer defer+madvise [madvise] never

Process Memory:
Virtual Size: 10605592K (peak: 10605592K)
Resident Set Size: 200844K (peak: 200844K) (anon: 83900K, file: 116944K, shmem: 0K)
Swapped out: 0K
C-Heap outstanding allocations: 28142K, retained: 33913K
glibc malloc tunables: (default)

/proc/sys/kernel/threads-max (system-wide limit on the number of threads):
256918
/proc/sys/vm/max_map_count (maximum number of memory map areas a process may have):
65530
/proc/sys/kernel/pid_max (system-wide limit on number of process identifiers):
4194304

container (cgroup) information:
container_type: cgroupv2
cpu_cpuset_cpus: not supported
cpu_memory_nodes: not supported
active_processor_count: 8
cpu_quota: not supported
cpu_period: not supported
cpu_shares: not supported
memory_limit_in_bytes: 1610612736
memory_and_swap_limit_in_bytes: unlimited
memory_soft_limit_in_bytes: unlimited
memory_usage_in_bytes: 191520768
memory_max_usage_in_bytes: not supported

KVM virtualization detected
Steal ticks since vm start: 3
Steal ticks percentage since vm start:  0,000

CPU:total 8 (initial active 8) (4 cores per cpu, 1 threads per core) family 6 model 85 stepping 7 microcode 0x5003102, cmov, cx8, fxsr, mmx, sse, sse2, sse3, ssse3, sse4.1, sse4.2, popcnt, avx, avx2, aes, clmul, erms, 3dnowpref, lzcnt, tsc, bmi1, bmi2, adx, evex, fma
CPU Model and flags from /proc/cpuinfo:
model name	: Intel(R) Xeon(R) Silver 4208 CPU @ 2.10GHz
flags		: fpu vme de pse tsc msr pae mce cx8 apic sep mtrr pge mca cmov pat pse36 clflush mmx fxsr sse sse2 ss ht syscall nx pdpe1gb rdtscp lm constant_tsc arch_perfmon rep_good nopl xtopology cpuid tsc_known_freq pni pclmulqdq vmx ssse3 fma cx16 pdcm pcid sse4_1 sse4_2 x2apic movbe popcnt tsc_deadline_timer aes xsave avx f16c rdrand hypervisor lahf_lm abm 3dnowprefetch cpuid_fault invpcid_single ssbd ibrs ibpb stibp ibrs_enhanced tpr_shadow vnmi flexpriority ept vpid ept_ad fsgsbase tsc_adjust bmi1 avx2 smep bmi2 erms invpcid mpx avx512f avx512dq rdseed adx smap clflushopt clwb avx512cd avx512bw avx512vl xsaveopt xsavec xgetbv1 xsaves arat umip pku ospke avx512_vnni md_clear arch_capabilities
Online cpus:
0-7
Offline cpus:

BIOS frequency limitation:
<Not Available>
Frequency switch latency (ns):
<Not Available>
Available cpu frequencies:
<Not Available>
Current governor:
<Not Available>
Core performance/turbo boost:
<Not Available>

Memory: 4k page, physical 1572864k(1385832k free), swap 0k(0k free)

vm_info: OpenJDK 64-Bit Server VM (11.0.16-internal+0-adhoc.adam.jdk11u) for linux-amd64 JRE (11.0.16-internal+0-adhoc.adam.jdk11u), built on May 15 2023 11:21:23 by "adam" with gcc 10.2.1 20210110

END.
