#
# A fatal error has been detected by the Java Runtime Environment:
#
#  SIGSEGV (0xb) at pc=0x00007fd02b5ec590, pid=19651, tid=19652
#
# JRE version:  (11.0.16) (build )
# Java VM: OpenJDK 64-Bit Server VM (11.0.16-internal+0-adhoc.adam.jdk11u, mixed mode, tiered, compressed oops, epsilon gc, linux-amd64)
# Problematic frame:
# V  [libjvm.so+0x2d0590]  RemoteSpace::par_allocate_klass(unsigned long, Klass*)+0x170
#
# No core dump will be written. Core dumps have been disabled. To enable core dumping, try "ulimit -c unlimited" before starting Java again
#
#

---------------  S U M M A R Y ------------

Command Line: -XX:AllocateHeapAt=/dev/fakeblk -Xlog:gc=debug -XX:+UnlockExperimentalVMOptions -XX:-UseTLAB -XX:+UseEpsilonGC -Xnoclassgc -XX:-ClassUnloading -XX:MetaspaceSize=1G -Xms8g -Xmx8g ../dacapo-9.12-MR1-bach.jar avrora

Host: Intel(R) Xeon(R) Silver 4208 CPU @ 2.10GHz, 8 cores, 1G, Debian GNU/Linux 11 (bullseye)
Time: Wed Jun 28 18:13:53 2023 CEST elapsed time: 0.014608 seconds (0d 0h 0m 0s)

---------------  T H R E A D  ---------------

Current thread (0x00007fd024028000):  JavaThread "Unknown thread" [_thread_in_vm, id=19652, stack(0x00007fd02b0d7000,0x00007fd02b1d8000)]

Stack: [0x00007fd02b0d7000,0x00007fd02b1d8000],  sp=0x00007fd02b1d6900,  free space=1022k
Native frames: (J=compiled Java code, A=aot compiled Java code, j=interpreted, Vv=VM code, C=native code)
V  [libjvm.so+0x2d0590]  RemoteSpace::par_allocate_klass(unsigned long, Klass*)+0x170
V  [libjvm.so+0x7280a7]  EpsilonHeap::allocate_work_klass_impl(unsigned long, Klass*)+0x87
V  [libjvm.so+0x728374]  EpsilonHeap::mem_allocate_klass(unsigned long, bool*, Klass*)+0x24
V  [libjvm.so+0xb43a17]  MemAllocator::allocate() const+0x117
V  [libjvm.so+0x605214]  CollectedHeap::array_allocate(Klass*, int, int, bool, Thread*)+0x44
V  [libjvm.so+0xd442d4]  SystemDictionary::initialize(Thread*)+0x104
V  [libjvm.so+0xd9db18]  Universe::genesis(Thread*)+0x3e8
V  [libjvm.so+0xd9e58d]  universe2_init()+0x2d
V  [libjvm.so+0x850285]  init_globals()+0xa5
V  [libjvm.so+0xd795ca]  Threads::create_vm(JavaVMInitArgs*, bool*)+0x48a
V  [libjvm.so+0x8ffc41]  JNI_CreateJavaVM+0x51
C  [libjli.so+0x496d]  JavaMain+0x8d
C  [libjli.so+0x9619]  ThreadJavaMain+0x9


siginfo: si_signo: 11 (SIGSEGV), si_code: 1 (SEGV_MAPERR), si_addr: 0x0000000000001ffc

Registers:
RAX=0x00000000c0100a02, RBX=0x0000000800000c10, RCX=0x00007fd02c6667cc, RDX=0xffffffffffffff80
RSP=0x00007fd02b1d6900, RBP=0x00007fd02b1d6950, RSI=0x00007fd02b1d6910, RDI=0x0000000000000000
R8 =0x0000000000000000, R9 =0x00005592ad660490, R10=0x0000000000000000, R11=0x0000000000000000
R12=0x0000000000000002, R13=0x00007fd02403a850, R14=0x0000000000002000, R15=0x00007fd02403a900
RIP=0x00007fd02b5ec590, EFLAGS=0x0000000000010216, CSGSFS=0x002b000000000033, ERR=0x0000000000000006
  TRAPNO=0x000000000000000e

Top of Stack: (sp=0x00007fd02b1d6900)
0x00007fd02b1d6900:   000000000000006b 00000c1000000002
0x00007fd02b1d6910:   0000000000002000 0000000000001fb0
0x00007fd02b1d6920:   00000000000b5000 0000000000000002
0x00007fd02b1d6930:   00007fd02b1d6aa0 00007fd024035320 

Instructions: (pc=0x00007fd02b5ec590)
0x00007fd02b5ec490:   6b 44 89 65 b8 e8 56 c9 fa ff 8b 3d 68 5b eb 00
0x00007fd02b5ec4a0:   48 8d 75 c0 ba 10 00 00 00 e8 92 c4 fa ff 4c 8b
0x00007fd02b5ec4b0:   75 c0 4d 85 f6 74 38 8b 43 08 85 c0 7e 0d f6 83
0x00007fd02b5ec4c0:   3a 01 00 00 01 0f 85 9d 00 00 00 4a 8d 04 e5 08
0x00007fd02b5ec4d0:   00 00 00 49 01 85 a8 00 00 00 8b 43 08 3d 00 00
0x00007fd02b5ec4e0:   00 c0 7d 3c 83 c3 01 41 89 5e fc 45 89 66 f8 48
0x00007fd02b5ec4f0:   83 3d 79 5a eb 00 00 74 0c 48 8d 3d a0 ee ee 00
0x00007fd02b5ec500:   e8 bb bd fa ff 48 83 c4 28 4c 89 f0 5b 41 5c 41
0x00007fd02b5ec510:   5d 41 5e 41 5f 5d c3 66 0f 1f 84 00 00 00 00 00
0x00007fd02b5ec520:   3d ff ff ff bf 77 69 85 c0 74 c0 41 89 5e fc eb
0x00007fd02b5ec530:   ba 0f 1f 80 00 00 00 00 4c 89 e6 4c 89 ff e8 7d
0x00007fd02b5ec540:   f8 ff ff 49 89 c6 48 85 c0 0f 85 68 ff ff ff 4c
0x00007fd02b5ec550:   89 e6 4c 89 ff e8 c6 f9 ff ff 49 89 c6 e9 50 ff
0x00007fd02b5ec560:   ff ff 66 0f 1f 44 00 00 bf 10 00 00 00 e8 5e c6
0x00007fd02b5ec570:   fa ff 49 8b 95 d8 00 00 00 4c 89 30 48 89 50 08
0x00007fd02b5ec580:   49 89 85 d8 00 00 00 e9 3f ff ff ff 0f 1f 40 00
0x00007fd02b5ec590:   41 c7 46 fc 2a 00 00 00 e9 4e ff ff ff 89 c7 e8
0x00007fd02b5ec5a0:   4d d2 fa ff 66 66 2e 0f 1f 84 00 00 00 00 00 90
0x00007fd02b5ec5b0:   55 48 89 e5 41 54 53 48 89 fb 48 83 ec 40 e8 4d
0x00007fd02b5ec5c0:   93 9f 00 48 8d 05 86 ae e0 00 c6 43 6c 01 8b 3d
0x00007fd02b5ec5d0:   34 5a eb 00 48 89 03 48 8d 05 72 54 df 00 c6 83
0x00007fd02b5ec5e0:   84 00 00 00 00 c6 83 90 00 00 00 00 48 c7 83 c0
0x00007fd02b5ec5f0:   00 00 00 00 00 00 00 48 c7 83 c8 00 00 00 00 00
0x00007fd02b5ec600:   00 00 48 89 83 e8 00 00 00 48 c7 83 f0 00 00 00
0x00007fd02b5ec610:   00 00 00 00 48 c7 83 f8 00 00 00 00 00 00 00 48
0x00007fd02b5ec620:   c7 83 08 01 00 00 00 00 00 00 48 c7 83 10 01 00
0x00007fd02b5ec630:   00 00 00 00 00 85 ff 0f 88 db 00 00 00 48 8d 4d
0x00007fd02b5ec640:   b8 41 b8 04 00 00 00 ba 01 00 00 00 be 06 00 00
0x00007fd02b5ec650:   00 4c 8d 65 bc c7 45 b8 01 00 00 00 e8 ef ba fa
0x00007fd02b5ec660:   ff 8b 3d a1 59 eb 00 4c 89 e1 41 b8 04 00 00 00
0x00007fd02b5ec670:   ba 07 00 00 00 be 01 00 00 00 c7 45 bc 00 00 02
0x00007fd02b5ec680:   00 e8 ca ba fa ff 8b 3d 7c 59 eb 00 4c 89 e1 ba 



---------------  P R O C E S S  ---------------

Threads class SMR info:
_java_thread_list=0x00005592ad64e0e0, length=0, elements={
}

Java Threads: ( => current thread )

Other Threads:

=>0x00007fd024028000 (exited) JavaThread "Unknown thread" [_thread_in_vm, id=19652, stack(0x00007fd02b0d7000,0x00007fd02b1d8000)]

Threads with active compile tasks:

VM state:not at safepoint (not fully initialized)

VM Mutex/Monitor currently owned by a thread: None

Heap address: 0x0000000600000000, size: 8192 MB, Compressed Oops mode: Zero based, Oop shift amount: 3
Narrow klass base: 0x0000000800000000, Narrow klass shift: 0
Compressed class space size: 1073741824 Address: 0x0000000800000000

GC Heap History (0 events):
No events

Deoptimization events (0 events):
No events

Classes redefined (0 events):
No events

Internal exceptions (0 events):
No events

Events (2 events):
Event: 0.004 Protecting memory [0x00007fd02b0d7000,0x00007fd02b0db000] with protection modes 0
Event: 0.004 Loaded shared library /home/adam/jdk11u/build/linux-x86_64-normal-server-release/images/jdk/lib/libzip.so


Dynamic libraries:
600000000-800000000 rw-s 00000000 00:05 411                              /dev/fakeblk
800000000-800060000 rw-p 00000000 00:00 0 
800060000-840000000 ---p 00000000 00:00 0 
5592ad256000-5592ad257000 r--p 00000000 08:01 4209380                    /home/adam/jdk11u/build/linux-x86_64-normal-server-release/images/jdk/bin/java
5592ad257000-5592ad258000 r-xp 00001000 08:01 4209380                    /home/adam/jdk11u/build/linux-x86_64-normal-server-release/images/jdk/bin/java
5592ad258000-5592ad259000 r--p 00002000 08:01 4209380                    /home/adam/jdk11u/build/linux-x86_64-normal-server-release/images/jdk/bin/java
5592ad259000-5592ad25a000 r--p 00002000 08:01 4209380                    /home/adam/jdk11u/build/linux-x86_64-normal-server-release/images/jdk/bin/java
5592ad25a000-5592ad25b000 rw-p 00003000 08:01 4209380                    /home/adam/jdk11u/build/linux-x86_64-normal-server-release/images/jdk/bin/java
5592ad64a000-5592ad66b000 rw-p 00000000 00:00 0                          [heap]
7fd00c812000-7fd00ca82000 rwxp 00000000 00:00 0 
7fd00ca82000-7fd00cda3000 ---p 00000000 00:00 0 
7fd00cda3000-7fd00d013000 rwxp 00000000 00:00 0 
7fd00d013000-7fd0142da000 ---p 00000000 00:00 0 
7fd0142da000-7fd01454a000 rwxp 00000000 00:00 0 
7fd01454a000-7fd01b812000 ---p 00000000 00:00 0 
7fd01b812000-7fd024000000 r--s 00000000 08:01 4209158                    /home/adam/jdk11u/build/linux-x86_64-normal-server-release/images/jdk/lib/modules
7fd024000000-7fd0240c1000 rw-p 00000000 00:00 0 
7fd0240c1000-7fd028000000 ---p 00000000 00:00 0 
7fd02a1f1000-7fd02aa72000 rw-p 00000000 00:00 0 
7fd02aa72000-7fd02ae72000 ---p 00000000 00:00 0 
7fd02ae72000-7fd02ae77000 rw-p 00000000 00:00 0 
7fd02ae77000-7fd02af5d000 ---p 00000000 00:00 0 
7fd02af5d000-7fd02af62000 rw-p 00000000 00:00 0 
7fd02af62000-7fd02b048000 ---p 00000000 00:00 0 
7fd02b048000-7fd02b04d000 rw-p 00000000 00:00 0 
7fd02b04d000-7fd02b054000 ---p 00000000 00:00 0 
7fd02b054000-7fd02b057000 r--p 00000000 08:01 2907361                    /usr/lib/x86_64-linux-gnu/libnss_files-2.31.so
7fd02b057000-7fd02b05e000 r-xp 00003000 08:01 2907361                    /usr/lib/x86_64-linux-gnu/libnss_files-2.31.so
7fd02b05e000-7fd02b060000 r--p 0000a000 08:01 2907361                    /usr/lib/x86_64-linux-gnu/libnss_files-2.31.so
7fd02b060000-7fd02b061000 r--p 0000b000 08:01 2907361                    /usr/lib/x86_64-linux-gnu/libnss_files-2.31.so
7fd02b061000-7fd02b062000 rw-p 0000c000 08:01 2907361                    /usr/lib/x86_64-linux-gnu/libnss_files-2.31.so
7fd02b062000-7fd02b068000 rw-p 00000000 00:00 0 
7fd02b06d000-7fd02b06f000 r--p 00000000 08:01 4209386                    /home/adam/jdk11u/build/linux-x86_64-normal-server-release/images/jdk/lib/libzip.so
7fd02b06f000-7fd02b073000 r-xp 00002000 08:01 4209386                    /home/adam/jdk11u/build/linux-x86_64-normal-server-release/images/jdk/lib/libzip.so
7fd02b073000-7fd02b075000 r--p 00006000 08:01 4209386                    /home/adam/jdk11u/build/linux-x86_64-normal-server-release/images/jdk/lib/libzip.so
7fd02b075000-7fd02b076000 r--p 00007000 08:01 4209386                    /home/adam/jdk11u/build/linux-x86_64-normal-server-release/images/jdk/lib/libzip.so
7fd02b076000-7fd02b077000 rw-p 00008000 08:01 4209386                    /home/adam/jdk11u/build/linux-x86_64-normal-server-release/images/jdk/lib/libzip.so
7fd02b077000-7fd02b07f000 rw-s 00000000 08:01 262438                     /tmp/hsperfdata_root/19651
7fd02b07f000-7fd02b083000 r--p 00000000 08:01 4209381                    /home/adam/jdk11u/build/linux-x86_64-normal-server-release/images/jdk/lib/libjimage.so
7fd02b083000-7fd02b096000 r-xp 00004000 08:01 4209381                    /home/adam/jdk11u/build/linux-x86_64-normal-server-release/images/jdk/lib/libjimage.so
7fd02b096000-7fd02b09c000 r--p 00017000 08:01 4209381                    /home/adam/jdk11u/build/linux-x86_64-normal-server-release/images/jdk/lib/libjimage.so
7fd02b09c000-7fd02b09e000 r--p 0001c000 08:01 4209381                    /home/adam/jdk11u/build/linux-x86_64-normal-server-release/images/jdk/lib/libjimage.so
7fd02b09e000-7fd02b09f000 rw-p 0001e000 08:01 4209381                    /home/adam/jdk11u/build/linux-x86_64-normal-server-release/images/jdk/lib/libjimage.so
7fd02b09f000-7fd02b0ad000 r--p 00000000 08:01 4209403                    /home/adam/jdk11u/build/linux-x86_64-normal-server-release/images/jdk/lib/libjava.so
7fd02b0ad000-7fd02b0c3000 r-xp 0000e000 08:01 4209403                    /home/adam/jdk11u/build/linux-x86_64-normal-server-release/images/jdk/lib/libjava.so
7fd02b0c3000-7fd02b0ca000 r--p 00024000 08:01 4209403                    /home/adam/jdk11u/build/linux-x86_64-normal-server-release/images/jdk/lib/libjava.so
7fd02b0ca000-7fd02b0cb000 r--p 0002a000 08:01 4209403                    /home/adam/jdk11u/build/linux-x86_64-normal-server-release/images/jdk/lib/libjava.so
7fd02b0cb000-7fd02b0cc000 rw-p 0002b000 08:01 4209403                    /home/adam/jdk11u/build/linux-x86_64-normal-server-release/images/jdk/lib/libjava.so
7fd02b0cc000-7fd02b0cd000 rw-p 00000000 00:00 0 
7fd02b0cd000-7fd02b0cf000 r--p 00000000 08:01 2907366                    /usr/lib/x86_64-linux-gnu/librt-2.31.so
7fd02b0cf000-7fd02b0d3000 r-xp 00002000 08:01 2907366                    /usr/lib/x86_64-linux-gnu/librt-2.31.so
7fd02b0d3000-7fd02b0d5000 r--p 00006000 08:01 2907366                    /usr/lib/x86_64-linux-gnu/librt-2.31.so
7fd02b0d5000-7fd02b0d6000 r--p 00007000 08:01 2907366                    /usr/lib/x86_64-linux-gnu/librt-2.31.so
7fd02b0d6000-7fd02b0d7000 rw-p 00008000 08:01 2907366                    /usr/lib/x86_64-linux-gnu/librt-2.31.so
7fd02b0d7000-7fd02b0db000 ---p 00000000 00:00 0 
7fd02b0db000-7fd02b1d8000 rw-p 00000000 00:00 0 
7fd02b1d8000-7fd02b1e5000 r--p 00000000 08:01 2907355                    /usr/lib/x86_64-linux-gnu/libm-2.31.so
7fd02b1e5000-7fd02b27f000 r-xp 0000d000 08:01 2907355                    /usr/lib/x86_64-linux-gnu/libm-2.31.so
7fd02b27f000-7fd02b31a000 r--p 000a7000 08:01 2907355                    /usr/lib/x86_64-linux-gnu/libm-2.31.so
7fd02b31a000-7fd02b31b000 r--p 00141000 08:01 2907355                    /usr/lib/x86_64-linux-gnu/libm-2.31.so
7fd02b31b000-7fd02b31c000 rw-p 00142000 08:01 2907355                    /usr/lib/x86_64-linux-gnu/libm-2.31.so
7fd02b31c000-7fd02b598000 r--p 00000000 08:01 4209384                    /home/adam/jdk11u/build/linux-x86_64-normal-server-release/images/jdk/lib/server/libjvm.so
7fd02b598000-7fd02c18a000 r-xp 0027c000 08:01 4209384                    /home/adam/jdk11u/build/linux-x86_64-normal-server-release/images/jdk/lib/server/libjvm.so
7fd02c18a000-7fd02c3df000 r--p 00e6e000 08:01 4209384                    /home/adam/jdk11u/build/linux-x86_64-normal-server-release/images/jdk/lib/server/libjvm.so
7fd02c3df000-7fd02c4a2000 r--p 010c2000 08:01 4209384                    /home/adam/jdk11u/build/linux-x86_64-normal-server-release/images/jdk/lib/server/libjvm.so
7fd02c4a2000-7fd02c4dc000 rw-p 01185000 08:01 4209384                    /home/adam/jdk11u/build/linux-x86_64-normal-server-release/images/jdk/lib/server/libjvm.so
7fd02c4dc000-7fd02c535000 rw-p 00000000 00:00 0 
7fd02c535000-7fd02c53b000 r--p 00000000 08:01 2907364                    /usr/lib/x86_64-linux-gnu/libpthread-2.31.so
7fd02c53b000-7fd02c54b000 r-xp 00006000 08:01 2907364                    /usr/lib/x86_64-linux-gnu/libpthread-2.31.so
7fd02c54b000-7fd02c551000 r--p 00016000 08:01 2907364                    /usr/lib/x86_64-linux-gnu/libpthread-2.31.so
7fd02c551000-7fd02c552000 r--p 0001b000 08:01 2907364                    /usr/lib/x86_64-linux-gnu/libpthread-2.31.so
7fd02c552000-7fd02c553000 rw-p 0001c000 08:01 2907364                    /usr/lib/x86_64-linux-gnu/libpthread-2.31.so
7fd02c553000-7fd02c557000 rw-p 00000000 00:00 0 
7fd02c557000-7fd02c558000 r--p 00000000 08:01 2907353                    /usr/lib/x86_64-linux-gnu/libdl-2.31.so
7fd02c558000-7fd02c55a000 r-xp 00001000 08:01 2907353                    /usr/lib/x86_64-linux-gnu/libdl-2.31.so
7fd02c55a000-7fd02c55b000 r--p 00003000 08:01 2907353                    /usr/lib/x86_64-linux-gnu/libdl-2.31.so
7fd02c55b000-7fd02c55c000 r--p 00003000 08:01 2907353                    /usr/lib/x86_64-linux-gnu/libdl-2.31.so
7fd02c55c000-7fd02c55d000 rw-p 00004000 08:01 2907353                    /usr/lib/x86_64-linux-gnu/libdl-2.31.so
7fd02c55d000-7fd02c560000 r--p 00000000 08:01 2885790                    /usr/lib/x86_64-linux-gnu/libz.so.1.2.11
7fd02c560000-7fd02c571000 r-xp 00003000 08:01 2885790                    /usr/lib/x86_64-linux-gnu/libz.so.1.2.11
7fd02c571000-7fd02c577000 r--p 00014000 08:01 2885790                    /usr/lib/x86_64-linux-gnu/libz.so.1.2.11
7fd02c577000-7fd02c578000 ---p 0001a000 08:01 2885790                    /usr/lib/x86_64-linux-gnu/libz.so.1.2.11
7fd02c578000-7fd02c579000 r--p 0001a000 08:01 2885790                    /usr/lib/x86_64-linux-gnu/libz.so.1.2.11
7fd02c579000-7fd02c57a000 rw-p 0001b000 08:01 2885790                    /usr/lib/x86_64-linux-gnu/libz.so.1.2.11
7fd02c57a000-7fd02c59c000 r--p 00000000 08:01 2907352                    /usr/lib/x86_64-linux-gnu/libc-2.31.so
7fd02c59c000-7fd02c6f6000 r-xp 00022000 08:01 2907352                    /usr/lib/x86_64-linux-gnu/libc-2.31.so
7fd02c6f6000-7fd02c745000 r--p 0017c000 08:01 2907352                    /usr/lib/x86_64-linux-gnu/libc-2.31.so
7fd02c745000-7fd02c749000 r--p 001ca000 08:01 2907352                    /usr/lib/x86_64-linux-gnu/libc-2.31.so
7fd02c749000-7fd02c74b000 rw-p 001ce000 08:01 2907352                    /usr/lib/x86_64-linux-gnu/libc-2.31.so
7fd02c74b000-7fd02c74f000 rw-p 00000000 00:00 0 
7fd02c752000-7fd02c753000 ---p 00000000 00:00 0 
7fd02c753000-7fd02c754000 r--p 00000000 00:00 0 
7fd02c754000-7fd02c759000 r--p 00000000 08:01 4209387                    /home/adam/jdk11u/build/linux-x86_64-normal-server-release/images/jdk/lib/libverify.so
7fd02c759000-7fd02c760000 r-xp 00005000 08:01 4209387                    /home/adam/jdk11u/build/linux-x86_64-normal-server-release/images/jdk/lib/libverify.so
7fd02c760000-7fd02c762000 r--p 0000c000 08:01 4209387                    /home/adam/jdk11u/build/linux-x86_64-normal-server-release/images/jdk/lib/libverify.so
7fd02c762000-7fd02c763000 ---p 0000e000 08:01 4209387                    /home/adam/jdk11u/build/linux-x86_64-normal-server-release/images/jdk/lib/libverify.so
7fd02c763000-7fd02c765000 r--p 0000e000 08:01 4209387                    /home/adam/jdk11u/build/linux-x86_64-normal-server-release/images/jdk/lib/libverify.so
7fd02c765000-7fd02c766000 rw-p 00010000 08:01 4209387                    /home/adam/jdk11u/build/linux-x86_64-normal-server-release/images/jdk/lib/libverify.so
7fd02c766000-7fd02c769000 r--p 00000000 08:01 4209395                    /home/adam/jdk11u/build/linux-x86_64-normal-server-release/images/jdk/lib/jli/libjli.so
7fd02c769000-7fd02c773000 r-xp 00003000 08:01 4209395                    /home/adam/jdk11u/build/linux-x86_64-normal-server-release/images/jdk/lib/jli/libjli.so
7fd02c773000-7fd02c776000 r--p 0000d000 08:01 4209395                    /home/adam/jdk11u/build/linux-x86_64-normal-server-release/images/jdk/lib/jli/libjli.so
7fd02c776000-7fd02c777000 ---p 00010000 08:01 4209395                    /home/adam/jdk11u/build/linux-x86_64-normal-server-release/images/jdk/lib/jli/libjli.so
7fd02c777000-7fd02c778000 r--p 00010000 08:01 4209395                    /home/adam/jdk11u/build/linux-x86_64-normal-server-release/images/jdk/lib/jli/libjli.so
7fd02c778000-7fd02c779000 rw-p 00011000 08:01 4209395                    /home/adam/jdk11u/build/linux-x86_64-normal-server-release/images/jdk/lib/jli/libjli.so
7fd02c779000-7fd02c77b000 rw-p 00000000 00:00 0 
7fd02c77b000-7fd02c77c000 r--p 00000000 08:01 2907322                    /usr/lib/x86_64-linux-gnu/ld-2.31.so
7fd02c77c000-7fd02c79c000 r-xp 00001000 08:01 2907322                    /usr/lib/x86_64-linux-gnu/ld-2.31.so
7fd02c79c000-7fd02c7a4000 r--p 00021000 08:01 2907322                    /usr/lib/x86_64-linux-gnu/ld-2.31.so
7fd02c7a5000-7fd02c7a6000 r--p 00029000 08:01 2907322                    /usr/lib/x86_64-linux-gnu/ld-2.31.so
7fd02c7a6000-7fd02c7a7000 rw-p 0002a000 08:01 2907322                    /usr/lib/x86_64-linux-gnu/ld-2.31.so
7fd02c7a7000-7fd02c7a8000 rw-p 00000000 00:00 0 
7ffca73e6000-7ffca7407000 rw-p 00000000 00:00 0                          [stack]
7ffca752c000-7ffca7530000 r--p 00000000 00:00 0                          [vvar]
7ffca7530000-7ffca7532000 r-xp 00000000 00:00 0                          [vdso]


VM Arguments:
jvm_args: -XX:AllocateHeapAt=/dev/fakeblk -Xlog:gc=debug -XX:+UnlockExperimentalVMOptions -XX:-UseTLAB -XX:+UseEpsilonGC -Xnoclassgc -XX:-ClassUnloading -XX:MetaspaceSize=1G -Xms8g -Xmx8g 
java_command: ../dacapo-9.12-MR1-bach.jar avrora
java_class_path (initial): ../dacapo-9.12-MR1-bach.jar
Launcher Type: SUN_STANDARD

[Global flags]
    ccstr AllocateHeapAt                           = /dev/fakeblk                              {product} {command line}
     intx CICompilerCount                          = 4                                         {product} {ergonomic}
     bool ClassUnloading                           = false                                     {product} {command line}
     bool ClassUnloadingWithConcurrentMark         = false                                     {product} {command line}
   size_t InitialHeapSize                          = 8589934592                                {product} {command line}
   size_t MaxHeapSize                              = 8589934592                                {product} {command line}
   size_t MetaspaceSize                            = 1073741824                             {pd product} {command line}
   size_t MinHeapDeltaBytes                        = 172032                                    {product} {ergonomic}
    uintx NonNMethodCodeHeapSize                   = 5836300                                {pd product} {ergonomic}
    uintx NonProfiledCodeHeapSize                  = 122910970                              {pd product} {ergonomic}
    uintx ProfiledCodeHeapSize                     = 122910970                              {pd product} {ergonomic}
    uintx ReservedCodeCacheSize                    = 251658240                              {pd product} {ergonomic}
     bool SegmentedCodeCache                       = true                                      {product} {ergonomic}
     bool UnlockExperimentalVMOptions              = true                                 {experimental} {command line}
     bool UseCompressedClassPointers               = true                                 {lp64_product} {ergonomic}
     bool UseCompressedOops                        = true                                 {lp64_product} {ergonomic}
     bool UseEpsilonGC                             = true                                 {experimental} {command line}
     bool UseTLAB                                  = false                                  {pd product} {command line}

Logging:
Log output configuration:
 #0: stdout all=warning,gc=debug uptime,level,tags (reconfigured)
 #1: stderr all=off uptime,level,tags

Environment Variables:
PATH=/usr/local/sbin:/usr/local/bin:/usr/sbin:/usr/bin:/sbin:/bin
SHELL=/bin/bash
LANG=fr_FR.UTF-8

Signal Handlers:
SIGSEGV: [libjvm.so+0xde33c0], sa_mask[0]=11111111011111111101111111111110, sa_flags=SA_RESTART|SA_SIGINFO
SIGBUS: [libjvm.so+0xde33c0], sa_mask[0]=11111111011111111101111111111110, sa_flags=SA_RESTART|SA_SIGINFO
SIGFPE: [libjvm.so+0xde33c0], sa_mask[0]=11111111011111111101111111111110, sa_flags=SA_RESTART|SA_SIGINFO
SIGPIPE: [libjvm.so+0xbddb70], sa_mask[0]=11111111011111111101111111111110, sa_flags=SA_RESTART|SA_SIGINFO
SIGXFSZ: [libjvm.so+0xbddb70], sa_mask[0]=11111111011111111101111111111110, sa_flags=SA_RESTART|SA_SIGINFO
SIGILL: [libjvm.so+0xde33c0], sa_mask[0]=11111111011111111101111111111110, sa_flags=SA_RESTART|SA_SIGINFO
SIGUSR2: [libjvm.so+0xbdda10], sa_mask[0]=00000000000000000000000000000000, sa_flags=SA_RESTART|SA_SIGINFO
SIGHUP: SIG_DFL, sa_mask[0]=00000000000000000000000000000000, sa_flags=none
SIGINT: SIG_DFL, sa_mask[0]=00000000000000000000000000000000, sa_flags=none
SIGTERM: SIG_DFL, sa_mask[0]=00000000000000000000000000000000, sa_flags=none
SIGQUIT: SIG_DFL, sa_mask[0]=00000000000000000000000000000000, sa_flags=none


---------------  S Y S T E M  ---------------

OS:PRETTY_NAME="Debian GNU/Linux 11 (bullseye)"
NAME="Debian GNU/Linux"
VERSION_ID="11"
VERSION="11 (bullseye)"
VERSION_CODENAME=bullseye
ID=debian
HOME_URL="https://www.debian.org/"
SUPPORT_URL="https://www.debian.org/support"
BUG_REPORT_URL="https://bugs.debian.org/"
uname:Linux 5.10.0-11-amd64 #1 SMP Debian 5.10.92-2 (2022-02-28) x86_64
OS uptime: 9 days 5:19 hours
libc:glibc 2.31 NPTL 2.31 
rlimit (soft/hard): STACK 8192k/infinity , CORE 0k/infinity , NPROC 128459/128459 , NOFILE 1048576/1048576 , AS infinity/infinity , CPU infinity/infinity , DATA infinity/infinity , FSIZE infinity/infinity , MEMLOCK 4116444k/4116444k
load average:0.11 0.11 0.05

/proc/meminfo:
MemTotal:       32931552 kB
MemFree:         4657756 kB
MemAvailable:    4518000 kB
Buffers:           15504 kB
Cached:          5655480 kB
SwapCached:            0 kB
Active:         21047916 kB
Inactive:        5720636 kB
Active(anon):   20972256 kB
Inactive(anon):  5663432 kB
Active(file):      75660 kB
Inactive(file):    57204 kB
Unevictable:           0 kB
Mlocked:               0 kB
SwapTotal:             0 kB
SwapFree:              0 kB
Dirty:              1216 kB
Writeback:             0 kB
AnonPages:        124788 kB
Mapped:          5591232 kB
Shmem:           5538120 kB
KReclaimable:      35444 kB
Slab:              79056 kB
SReclaimable:      35444 kB
SUnreclaim:        43612 kB
KernelStack:        3440 kB
PageTables:        15716 kB
NFS_Unstable:          0 kB
Bounce:                0 kB
WritebackTmp:          0 kB
CommitLimit:    16465776 kB
Committed_AS:   21732512 kB
VmallocTotal:   34359738367 kB
VmallocUsed:      729648 kB
VmallocChunk:          0 kB
Percpu:             6592 kB
HardwareCorrupted:     0 kB
AnonHugePages:     32768 kB
ShmemHugePages:        0 kB
ShmemPmdMapped:        0 kB
FileHugePages:         0 kB
FilePmdMapped:         0 kB
HugePages_Total:       0
HugePages_Free:        0
HugePages_Rsvd:        0
HugePages_Surp:        0
Hugepagesize:       2048 kB
Hugetlb:               0 kB
DirectMap4k:      202600 kB
DirectMap2M:    20768768 kB
DirectMap1G:    14680064 kB

/sys/kernel/mm/transparent_hugepage/enabled:
[always] madvise never
/sys/kernel/mm/transparent_hugepage/defrag (defrag/compaction efforts parameter):
always defer defer+madvise [madvise] never

Process Memory:
Virtual Size: 9926564K (peak: 9926564K)
Resident Set Size: 18716K (peak: 18716K) (anon: 6756K, file: 11960K, shmem: 0K)
Swapped out: 0K
C-Heap outstanding allocations: 5471K, retained: 64K
glibc malloc tunables: (default)

/proc/sys/kernel/threads-max (system-wide limit on the number of threads):
256918
/proc/sys/vm/max_map_count (maximum number of memory map areas a process may have):
65530
/proc/sys/kernel/pid_max (system-wide limit on number of process identifiers):
4194304

container (cgroup) information:
container_type: cgroupv2
cpu_cpuset_cpus: not supported
cpu_memory_nodes: not supported
active_processor_count: 8
cpu_quota: not supported
cpu_period: not supported
cpu_shares: not supported
memory_limit_in_bytes: 1610612736
memory_and_swap_limit_in_bytes: unlimited
memory_soft_limit_in_bytes: unlimited
memory_usage_in_bytes: 7421952
memory_max_usage_in_bytes: not supported

KVM virtualization detected
Steal ticks since vm start: 0
Steal ticks percentage since vm start:  0.000

CPU:total 8 (initial active 8) (4 cores per cpu, 1 threads per core) family 6 model 85 stepping 7 microcode 0x5003102, cmov, cx8, fxsr, mmx, sse, sse2, sse3, ssse3, sse4.1, sse4.2, popcnt, avx, avx2, aes, clmul, erms, 3dnowpref, lzcnt, tsc, bmi1, bmi2, adx, evex, fma
CPU Model and flags from /proc/cpuinfo:
model name	: Intel(R) Xeon(R) Silver 4208 CPU @ 2.10GHz
flags		: fpu vme de pse tsc msr pae mce cx8 apic sep mtrr pge mca cmov pat pse36 clflush mmx fxsr sse sse2 ss ht syscall nx pdpe1gb rdtscp lm constant_tsc arch_perfmon rep_good nopl xtopology cpuid tsc_known_freq pni pclmulqdq vmx ssse3 fma cx16 pdcm pcid sse4_1 sse4_2 x2apic movbe popcnt tsc_deadline_timer aes xsave avx f16c rdrand hypervisor lahf_lm abm 3dnowprefetch cpuid_fault invpcid_single ssbd ibrs ibpb stibp ibrs_enhanced tpr_shadow vnmi flexpriority ept vpid ept_ad fsgsbase tsc_adjust bmi1 avx2 smep bmi2 erms invpcid mpx avx512f avx512dq rdseed adx smap clflushopt clwb avx512cd avx512bw avx512vl xsaveopt xsavec xgetbv1 xsaves arat umip pku ospke avx512_vnni md_clear arch_capabilities
Online cpus:
0-7
Offline cpus:

BIOS frequency limitation:
<Not Available>
Frequency switch latency (ns):
<Not Available>
Available cpu frequencies:
<Not Available>
Current governor:
<Not Available>
Core performance/turbo boost:
<Not Available>

Memory: 4k page, physical 1572864k(1565616k free), swap 0k(0k free)

vm_info: OpenJDK 64-Bit Server VM (11.0.16-internal+0-adhoc.adam.jdk11u) for linux-amd64 JRE (11.0.16-internal+0-adhoc.adam.jdk11u), built on Jun 27 2023 10:58:55 by "adam" with gcc 10.2.1 20210110

END.
