#
# A fatal error has been detected by the Java Runtime Environment:
#
#  SIGSEGV (0xb) at pc=0x00007f2498865f10, pid=4172, tid=4247
#
# JRE version: OpenJDK Runtime Environment (11.0.16) (build 11.0.16-internal+0-adhoc.adam.jdk11u)
# Java VM: OpenJDK 64-Bit Server VM (11.0.16-internal+0-adhoc.adam.jdk11u, mixed mode, tiered, compressed oops, epsilon gc, linux-amd64)
# Problematic frame:
# V  [libjvm.so+0x2cff10]  RemoteSpace::par_allocate_klass(unsigned long, Klass*)+0xb0
#
# No core dump will be written. Core dumps have been disabled. To enable core dumping, try "ulimit -c unlimited" before starting Java again
#
# If you would like to submit a bug report, please visit:
#   https://bugreport.java.com/bugreport/crash.jsp
#

---------------  S U M M A R Y ------------

Command Line: -XX:AllocateHeapAt=/dev/fakeblk -Xlog:gc=debug -XX:+UnlockExperimentalVMOptions -XX:-UseTLAB -XX:+UseEpsilonGC -Xnoclassgc -Xmx8g org.apache.spark.deploy.SparkSubmit --master local[*] --class WordCount /home/adam/Spark_benchmark/spark_run/run.jar

Host: Intel(R) Xeon(R) Silver 4208 CPU @ 2.10GHz, 8 cores, 1G, Debian GNU/Linux 11 (bullseye)
Time: Fri May 12 09:40:08 2023 CEST elapsed time: 61573.602992 seconds (0d 17h 6m 13s)

---------------  T H R E A D  ---------------

Current thread (0x00007f2448049800):  JavaThread "Executor task launch worker for task 3.0 in stage 0.0 (TID 3)" daemon [_thread_in_vm, id=4247, stack(0x00007f238bdfe000,0x00007f238beff000)]

Stack: [0x00007f238bdfe000,0x00007f238beff000],  sp=0x00007f238befcd40,  free space=1019k
Native frames: (J=compiled Java code, A=aot compiled Java code, j=interpreted, Vv=VM code, C=native code)
V  [libjvm.so+0x2cff10]  RemoteSpace::par_allocate_klass(unsigned long, Klass*)+0xb0
V  [libjvm.so+0x727747]  EpsilonHeap::allocate_work_klass_impl(unsigned long, Klass*)+0x87
V  [libjvm.so+0x727a14]  EpsilonHeap::mem_allocate_klass(unsigned long, bool*, Klass*)+0x24
V  [libjvm.so+0xb42987]  MemAllocator::allocate() const+0x117
V  [libjvm.so+0x604bad]  CollectedHeap::obj_allocate(Klass*, int, Thread*)+0x3d
V  [libjvm.so+0x857324]  InstanceKlass::allocate_instance(Thread*)+0x34
V  [libjvm.so+0xc94d24]  OptoRuntime::new_instance_C(Klass*, JavaThread*)+0x1e4

Java frames: (J=compiled Java code, j=interpreted, Vv=VM code)
v  ~RuntimeStub::_new_instance_Java
J 5140 c2 scala.collection.Iterator$$anon$10.next()Ljava/lang/Object; (19 bytes) @ 0x00007f24845d609c [0x00007f24845d5fa0+0x00000000000000fc]
J 6015% c2 org.apache.spark.util.collection.ExternalSorter.insertAll(Lscala/collection/Iterator;)V (210 bytes) @ 0x00007f2484647df8 [0x00007f2484647960+0x0000000000000498]
j  org.apache.spark.shuffle.sort.SortShuffleWriter.write(Lscala/collection/Iterator;)V+106
j  org.apache.spark.shuffle.ShuffleWriteProcessor.write(Lorg/apache/spark/rdd/RDD;Lorg/apache/spark/ShuffleDependency;JLorg/apache/spark/TaskContext;Lorg/apache/spark/Partition;)Lorg/apache/spark/scheduler/MapStatus;+46
j  org.apache.spark.scheduler.ShuffleMapTask.runTask(Lorg/apache/spark/TaskContext;)Lorg/apache/spark/scheduler/MapStatus;+189
j  org.apache.spark.scheduler.ShuffleMapTask.runTask(Lorg/apache/spark/TaskContext;)Ljava/lang/Object;+2
j  org.apache.spark.TaskContext.runTaskWithListeners(Lorg/apache/spark/scheduler/Task;)Ljava/lang/Object;+2
j  org.apache.spark.scheduler.Task.run(JILorg/apache/spark/metrics/MetricsSystem;ILscala/collection/immutable/Map;Lscala/Option;)Ljava/lang/Object;+254
j  org.apache.spark.executor.Executor$TaskRunner.$anonfun$run$3(Lorg/apache/spark/executor/Executor$TaskRunner;Lscala/runtime/BooleanRef;)Ljava/lang/Object;+43
j  org.apache.spark.executor.Executor$TaskRunner$$Lambda$1462.apply()Ljava/lang/Object;+8
j  org.apache.spark.util.Utils$.tryWithSafeFinally(Lscala/Function0;Lscala/Function0;)Ljava/lang/Object;+4
j  org.apache.spark.executor.Executor$TaskRunner.run()V+457
j  java.util.concurrent.ThreadPoolExecutor.runWorker(Ljava/util/concurrent/ThreadPoolExecutor$Worker;)V+92 java.base@11.0.16-internal
j  java.util.concurrent.ThreadPoolExecutor$Worker.run()V+5 java.base@11.0.16-internal
j  java.lang.Thread.run()V+11 java.base@11.0.16-internal
v  ~StubRoutines::call_stub

siginfo: si_signo: 11 (SIGSEGV), si_code: 128 (SI_KERNEL), si_addr: 0x0000000000000000

Register to memory mapping:

RAX=0x007f247c853cdcba is an unknown value
RBX=0x0000000800072900 is a pointer to class: 
scala.Tuple2 {0x0000000800072900}
RCX=0x00007f24997b9f09: <offset 0x000000000000bf09> in /lib/x86_64-linux-gnu/libpthread.so.0 at 0x00007f24997ae000
RDX=0x0000000800072900 is a pointer to class: 
scala.Tuple2 {0x0000000800072900}
RSP=0x00007f238befcd40 is pointing into the stack for thread: 0x00007f2448049800
RBP=0x00007f238befcdd0 is pointing into the stack for thread: 0x00007f2448049800
RSI=0x0000000000000081 is an unknown value
RDI=0x00007f2499754320: <offset 0x00000000011be320> in /home/adam/jdk11u/build/linux-x86_64-normal-server-release/images/jdk/lib/server/libjvm.so at 0x00007f2498596000
R8 =0x0 is NULL
R9 =0x0000000000000039 is an unknown value
R10=0x0 is NULL
R11=0x0000000000000286 is an unknown value
R12=0x0000000000000003 is an unknown value
R13=0x00007f249403e420 points into unknown readable memory: 0x00007f2499670450 | 50 04 67 99 24 7f 00 00
R14=0x00007f24997bdc00: __pthread_key_create+0x0000000000000000 in /lib/x86_64-linux-gnu/libpthread.so.0 at 0x00007f24997ae000
R15=0x00007f2494038db0 points into unknown readable memory: 0x00007f249970e310 | 10 e3 70 99 24 7f 00 00


Registers:
RAX=0x007f247c853cdcba, RBX=0x0000000800072900, RCX=0x00007f24997b9f09, RDX=0x0000000800072900
RSP=0x00007f238befcd40, RBP=0x00007f238befcdd0, RSI=0x0000000000000081, RDI=0x00007f2499754320
R8 =0x0000000000000000, R9 =0x0000000000000039, R10=0x0000000000000000, R11=0x0000000000000286
R12=0x0000000000000003, R13=0x00007f249403e420, R14=0x00007f24997bdc00, R15=0x00007f2494038db0
RIP=0x00007f2498865f10, EFLAGS=0x0000000000010202, CSGSFS=0x002b000000000033, ERR=0x0000000000000000
  TRAPNO=0x000000000000000d

Top of Stack: (sp=0x00007f238befcd40)
0x00007f238befcd40:   007f247c853cdcba 0000000000000000
0x00007f238befcd50:   000000000000006b 0000000000000003
0x00007f238befcd60:   0000000800072900 0000000000000000
0x00007f238befcd70:   0000000000000000 0000000000000000 

Instructions: (pc=0x00007f2498865f10)
0x00007f2498865e10:   89 75 c0 19 d2 c6 45 b0 69 83 e2 04 83 c2 0c 80
0x00007f2498865e20:   38 01 19 c0 66 0f 6e ca ba 28 00 00 00 83 e0 08
0x00007f2498865e30:   83 c0 10 66 0f 6e c0 31 c0 44 88 e0 66 0f 62 c1
0x00007f2498865e40:   88 dc 66 0f d6 45 c8 66 89 45 d0 e8 a0 cf fa ff
0x00007f2498865e50:   48 83 c4 30 5b 41 5c 41 5d 41 5e 5d c3 90 66 90
0x00007f2498865e60:   55 48 89 e5 41 57 41 56 41 55 49 89 fd 41 54 49
0x00007f2498865e70:   89 f4 53 48 89 d3 48 83 ec 68 4c 8b 35 ef 50 eb
0x00007f2498865e80:   00 c6 45 80 6b 48 89 75 88 48 89 55 90 4d 85 f6
0x00007f2498865e90:   74 14 48 8d 3d 87 e4 ee 00 e8 72 c4 fa ff 85 c0
0x00007f2498865ea0:   0f 85 46 02 00 00 8b 3d 5c 51 eb 00 48 8d 75 80
0x00007f2498865eb0:   ba 18 00 00 00 e8 36 cf fa ff 8b 3d 48 51 eb 00
0x00007f2498865ec0:   ba 10 00 00 00 48 8d b5 70 ff ff ff e8 6f ca fa
0x00007f2498865ed0:   ff 48 83 bd 78 ff ff ff 00 75 55 8b 43 08 85 c0
0x00007f2498865ee0:   7e 0d f6 83 3a 01 00 00 03 0f 85 c1 00 00 00 4d
0x00007f2498865ef0:   85 f6 74 0c 48 8d 3d 25 e4 ee 00 e8 c0 c3 fa ff
0x00007f2498865f00:   48 8b 85 70 ff ff ff 48 85 c0 74 13 48 8b 55 90
0x00007f2498865f10:   44 89 60 f4 c7 40 f0 ef be ad de 48 89 50 f8 48
0x00007f2498865f20:   83 c4 68 5b 41 5c 41 5d 41 5e 41 5f 5d c3 66 90
0x00007f2498865f30:   8b 43 08 48 89 df 48 c7 45 b8 00 00 00 00 c7 45
0x00007f2498865f40:   c0 63 00 00 00 c7 45 b0 00 00 00 00 89 45 c4 e8
0x00007f2498865f50:   6c ed 75 00 48 89 c7 e8 54 c5 fa ff 48 89 45 a8
0x00007f2498865f60:   8b 43 08 85 c0 7f 79 3d 00 00 00 c0 0f 8c fd 00
0x00007f2498865f70:   00 00 3d ff ff ff bf 0f 87 26 01 00 00 48 89 df
0x00007f2498865f80:   e8 3b ed 75 00 48 89 c7 e8 23 c5 fa ff 48 89 df
0x00007f2498865f90:   49 89 c7 e8 28 ed 75 00 8b 3d 6a 50 eb 00 4c 89
0x00007f2498865fa0:   fa 48 89 c6 e8 47 ce fa ff e9 2d ff ff ff 66 90
0x00007f2498865fb0:   bf 10 00 00 00 48 8b 9d 70 ff ff ff e8 0f cc fa
0x00007f2498865fc0:   ff 49 8b 95 b0 00 00 00 48 89 18 48 89 50 08 49
0x00007f2498865fd0:   89 85 b0 00 00 00 e9 14 ff ff ff 0f 1f 44 00 00
0x00007f2498865fe0:   8b 83 30 01 00 00 48 89 df 89 45 b0 e8 cf ee 75
0x00007f2498865ff0:   00 48 63 93 c4 00 00 00 49 89 c0 48 63 83 34 01
0x00007f2498866000:   00 00 48 01 d0 4d 8d 3c c0 0f b7 83 3a 01 00 00 


Stack slot to memory mapping:
stack at sp + 0 slots: 0x007f247c853cdcba is an unknown value
stack at sp + 1 slots: 0x0 is NULL
stack at sp + 2 slots: 0x000000000000006b is an unknown value
stack at sp + 3 slots: 0x0000000000000003 is an unknown value
stack at sp + 4 slots: 0x0000000800072900 is a pointer to class: 
scala.Tuple2 {0x0000000800072900}
stack at sp + 5 slots: 0x0 is NULL
stack at sp + 6 slots: 0x0 is NULL
stack at sp + 7 slots: 0x0 is NULL


---------------  P R O C E S S  ---------------

Threads class SMR info:
_java_thread_list=0x00007f2448052840, length=63, elements={
0x00007f249402b800, 0x00007f24940a1800, 0x00007f24940a6000, 0x00007f24940bb800,
0x00007f24940bd800, 0x00007f24940bf800, 0x00007f24940c1800, 0x00007f24940c3800,
0x00007f2494145800, 0x00007f2494b00000, 0x00007f2494b03000, 0x00007f2494b04000,
0x00007f2494b05800, 0x00007f2494b07800, 0x00007f2494b09000, 0x00007f2494b0b000,
0x00007f2494b0c800, 0x00007f2494b0e800, 0x00007f2494b4f800, 0x00007f2494b5e000,
0x00007f2494b5f800, 0x00007f2494b64000, 0x00007f2494b65800, 0x00007f2494b67000,
0x00007f2494b69000, 0x00007f2494b6b000, 0x00007f2494bd7000, 0x00007f24963db800,
0x00007f24963d7800, 0x00007f2495106800, 0x00007f2495108000, 0x00007f2495109800,
0x00007f249510b800, 0x00007f249510d000, 0x00007f249510f000, 0x00007f2495110800,
0x00007f2495112800, 0x00007f2495184000, 0x00007f23d8002000, 0x00007f23cc006800,
0x00007f24950bf800, 0x00007f24950bb800, 0x00007f24951a8000, 0x00007f24951f7800,
0x00007f249521e000, 0x00007f24951b2000, 0x00007f24950b9000, 0x00007f244400d000,
0x00007f24953ae000, 0x00007f24954bb000, 0x00007f24954bd000, 0x00007f24954c9800,
0x00007f24954cb800, 0x00007f23a0021000, 0x00007f2496243000, 0x00007f2448045000,
0x00007f2448046000, 0x00007f2448047800, 0x00007f2448049800, 0x00007f244804b000,
0x00007f244804d000, 0x00007f244804f000, 0x00007f2448051000
}

Java Threads: ( => current thread )
  0x00007f249402b800 JavaThread "main" [_thread_blocked, id=4173, stack(0x00007f2498351000,0x00007f2498452000)]
  0x00007f24940a1800 JavaThread "Reference Handler" daemon [_thread_blocked, id=4175, stack(0x00007f247bd8e000,0x00007f247be8f000)]
  0x00007f24940a6000 JavaThread "Finalizer" daemon [_thread_blocked, id=4176, stack(0x00007f247bc8d000,0x00007f247bd8e000)]
  0x00007f24940bb800 JavaThread "Signal Dispatcher" daemon [_thread_blocked, id=4177, stack(0x00007f247b8a5000,0x00007f247b9a6000)]
  0x00007f24940bd800 JavaThread "Service Thread" daemon [_thread_blocked, id=4178, stack(0x00007f247b7a4000,0x00007f247b8a5000)]
  0x00007f24940bf800 JavaThread "C2 CompilerThread0" daemon [_thread_blocked, id=4179, stack(0x00007f247b6a3000,0x00007f247b7a4000)]
  0x00007f24940c1800 JavaThread "C1 CompilerThread0" daemon [_thread_blocked, id=4180, stack(0x00007f247b5a2000,0x00007f247b6a3000)]
  0x00007f24940c3800 JavaThread "Sweeper thread" daemon [_thread_blocked, id=4181, stack(0x00007f247b4a1000,0x00007f247b5a2000)]
  0x00007f2494145800 JavaThread "Common-Cleaner" daemon [_thread_blocked, id=4183, stack(0x00007f247b29e000,0x00007f247b39f000)]
  0x00007f2494b00000 JavaThread "rpc-boss-3-1" daemon [_thread_in_native, id=4191, stack(0x00007f247ad53000,0x00007f247ae54000)]
  0x00007f2494b03000 JavaThread "dispatcher-event-loop-0" daemon [_thread_blocked, id=4192, stack(0x00007f24795f1000,0x00007f24796f2000)]
  0x00007f2494b04000 JavaThread "dispatcher-event-loop-1" daemon [_thread_blocked, id=4193, stack(0x00007f24794f0000,0x00007f24795f1000)]
  0x00007f2494b05800 JavaThread "dispatcher-event-loop-2" daemon [_thread_blocked, id=4194, stack(0x00007f24793ef000,0x00007f24794f0000)]
  0x00007f2494b07800 JavaThread "dispatcher-event-loop-3" daemon [_thread_blocked, id=4195, stack(0x00007f24792ee000,0x00007f24793ef000)]
  0x00007f2494b09000 JavaThread "dispatcher-event-loop-4" daemon [_thread_blocked, id=4196, stack(0x00007f24791ed000,0x00007f24792ee000)]
  0x00007f2494b0b000 JavaThread "dispatcher-event-loop-5" daemon [_thread_blocked, id=4197, stack(0x00007f24790ec000,0x00007f24791ed000)]
  0x00007f2494b0c800 JavaThread "dispatcher-event-loop-6" daemon [_thread_blocked, id=4198, stack(0x00007f2478feb000,0x00007f24790ec000)]
  0x00007f2494b0e800 JavaThread "dispatcher-event-loop-7" daemon [_thread_blocked, id=4199, stack(0x00007f2478eea000,0x00007f2478feb000)]
  0x00007f2494b4f800 JavaThread "map-output-dispatcher-0" daemon [_thread_blocked, id=4200, stack(0x00007f2478de9000,0x00007f2478eea000)]
  0x00007f2494b5e000 JavaThread "map-output-dispatcher-1" daemon [_thread_blocked, id=4201, stack(0x00007f2478ce8000,0x00007f2478de9000)]
  0x00007f2494b5f800 JavaThread "map-output-dispatcher-2" daemon [_thread_blocked, id=4202, stack(0x00007f2478be7000,0x00007f2478ce8000)]
  0x00007f2494b64000 JavaThread "map-output-dispatcher-3" daemon [_thread_blocked, id=4203, stack(0x00007f2478ae6000,0x00007f2478be7000)]
  0x00007f2494b65800 JavaThread "map-output-dispatcher-4" daemon [_thread_blocked, id=4204, stack(0x00007f24789e5000,0x00007f2478ae6000)]
  0x00007f2494b67000 JavaThread "map-output-dispatcher-5" daemon [_thread_blocked, id=4205, stack(0x00007f24788e4000,0x00007f24789e5000)]
  0x00007f2494b69000 JavaThread "map-output-dispatcher-6" daemon [_thread_blocked, id=4206, stack(0x00007f24787e3000,0x00007f24788e4000)]
  0x00007f2494b6b000 JavaThread "map-output-dispatcher-7" daemon [_thread_blocked, id=4207, stack(0x00007f24786e2000,0x00007f24787e3000)]
  0x00007f2494bd7000 JavaThread "dispatcher-BlockManagerMaster" daemon [_thread_blocked, id=4208, stack(0x00007f24785e1000,0x00007f24786e2000)]
  0x00007f24963db800 JavaThread "dispatcher-BlockManagerEndpoint1" daemon [_thread_blocked, id=4209, stack(0x00007f24782e0000,0x00007f24783e1000)]
  0x00007f24963d7800 JavaThread "RemoteBlock-temp-file-clean-thread" daemon [_thread_blocked, id=4210, stack(0x00007f24781df000,0x00007f24782e0000)]
  0x00007f2495106800 JavaThread "SparkUI-37" daemon [_thread_in_native, id=4211, stack(0x00007f24780de000,0x00007f24781df000)]
  0x00007f2495108000 JavaThread "SparkUI-38" daemon [_thread_in_native, id=4212, stack(0x00007f23fbcff000,0x00007f23fbe00000)]
  0x00007f2495109800 JavaThread "SparkUI-39" daemon [_thread_in_native, id=4213, stack(0x00007f23fbbfe000,0x00007f23fbcff000)]
  0x00007f249510b800 JavaThread "SparkUI-40" daemon [_thread_in_native, id=4214, stack(0x00007f23fbafd000,0x00007f23fbbfe000)]
  0x00007f249510d000 JavaThread "SparkUI-41-acceptor-0@1f67f2fc-ServerConnector@11a01f60{HTTP/1.1, (http/1.1)}{0.0.0.0:4040}" daemon [_thread_in_native, id=4215, stack(0x00007f23fb9fc000,0x00007f23fbafd000)]
  0x00007f249510f000 JavaThread "SparkUI-42" daemon [_thread_blocked, id=4216, stack(0x00007f23fb8fb000,0x00007f23fb9fc000)]
  0x00007f2495110800 JavaThread "SparkUI-43" daemon [_thread_blocked, id=4217, stack(0x00007f23fb7fa000,0x00007f23fb8fb000)]
  0x00007f2495112800 JavaThread "SparkUI-44" daemon [_thread_blocked, id=4218, stack(0x00007f23fb6f9000,0x00007f23fb7fa000)]
  0x00007f2495184000 JavaThread "dispatcher-HeartbeatReceiver" daemon [_thread_blocked, id=4219, stack(0x00007f23fb3f8000,0x00007f23fb4f9000)]
  0x00007f23d8002000 JavaThread "heartbeat-receiver-event-loop-thread" daemon [_thread_blocked, id=4220, stack(0x00007f23fb2f7000,0x00007f23fb3f8000)]
  0x00007f23cc006800 JavaThread "netty-rpc-env-timeout" daemon [_thread_blocked, id=4221, stack(0x00007f23fb1f6000,0x00007f23fb2f7000)]
  0x00007f24950bf800 JavaThread "task-starvation-timer" daemon [_thread_blocked, id=4222, stack(0x00007f23fb0f5000,0x00007f23fb1f6000)]
  0x00007f24950bb800 JavaThread "task-abort-timer" daemon [_thread_blocked, id=4223, stack(0x00007f23faff4000,0x00007f23fb0f5000)]
  0x00007f24951a8000 JavaThread "dag-scheduler-event-loop" daemon [_thread_blocked, id=4224, stack(0x00007f23faef3000,0x00007f23faff4000)]
  0x00007f24951f7800 JavaThread "driver-heartbeater" daemon [_thread_blocked, id=4225, stack(0x00007f23fadf2000,0x00007f23faef3000)]
  0x00007f249521e000 JavaThread "executor-kill-mark-cleanup" daemon [_thread_blocked, id=4226, stack(0x00007f23facf1000,0x00007f23fadf2000)]
  0x00007f24951b2000 JavaThread "executor-heartbeater" daemon [_thread_blocked, id=4227, stack(0x00007f23fabf0000,0x00007f23facf1000)]
  0x00007f24950b9000 JavaThread "files-client-5-1" daemon [_thread_in_native, id=4228, stack(0x00007f23fa8ef000,0x00007f23fa9f0000)]
  0x00007f244400d000 JavaThread "rpc-server-4-1" daemon [_thread_in_native, id=4229, stack(0x00007f23fa7ee000,0x00007f23fa8ef000)]
  0x00007f24953ae000 JavaThread "shuffle-boss-7-1" daemon [_thread_in_native, id=4233, stack(0x00007f23f9eeb000,0x00007f23f9fec000)]
  0x00007f24954bb000 JavaThread "Spark Context Cleaner" daemon [_thread_blocked, id=4237, stack(0x00007f23f9ae9000,0x00007f23f9bea000)]
  0x00007f24954bd000 JavaThread "context-cleaner-periodic-gc" daemon [_thread_blocked, id=4238, stack(0x00007f23f9bea000,0x00007f23f9ceb000)]
  0x00007f24954c9800 JavaThread "spark-listener-group-appStatus" daemon [_thread_blocked, id=4239, stack(0x00007f23f97e8000,0x00007f23f98e9000)]
  0x00007f24954cb800 JavaThread "spark-listener-group-executorManagement" daemon [_thread_blocked, id=4240, stack(0x00007f23f96e7000,0x00007f23f97e8000)]
  0x00007f23a0021000 JavaThread "element-tracking-store-worker" daemon [_thread_blocked, id=4241, stack(0x00007f23f95e6000,0x00007f23f96e7000)]
  0x00007f2496243000 JavaThread "org.apache.hadoop.fs.FileSystem$Statistics$StatisticsDataReferenceCleaner" daemon [_thread_blocked, id=4243, stack(0x00007f23f90e5000,0x00007f23f91e6000)]
  0x00007f2448045000 JavaThread "Executor task launch worker for task 0.0 in stage 0.0 (TID 0)" daemon [_thread_blocked, id=4244, stack(0x00007f23f81c0000,0x00007f23f82c1000)]
  0x00007f2448046000 JavaThread "Executor task launch worker for task 1.0 in stage 0.0 (TID 1)" daemon [_thread_blocked, id=4245, stack(0x00007f23f80bf000,0x00007f23f81c0000)]
  0x00007f2448047800 JavaThread "Executor task launch worker for task 2.0 in stage 0.0 (TID 2)" daemon [_thread_blocked, id=4246, stack(0x00007f238beff000,0x00007f238c000000)]
=>0x00007f2448049800 JavaThread "Executor task launch worker for task 3.0 in stage 0.0 (TID 3)" daemon [_thread_in_vm, id=4247, stack(0x00007f238bdfe000,0x00007f238beff000)]
  0x00007f244804b000 JavaThread "Executor task launch worker for task 4.0 in stage 0.0 (TID 4)" daemon [_thread_blocked, id=4248, stack(0x00007f238bcfd000,0x00007f238bdfe000)]
  0x00007f244804d000 JavaThread "Executor task launch worker for task 5.0 in stage 0.0 (TID 5)" daemon [_thread_blocked, id=4249, stack(0x00007f238bbfc000,0x00007f238bcfd000)]
  0x00007f244804f000 JavaThread "Executor task launch worker for task 6.0 in stage 0.0 (TID 6)" daemon [_thread_blocked, id=4250, stack(0x00007f238bafb000,0x00007f238bbfc000)]
  0x00007f2448051000 JavaThread "Executor task launch worker for task 7.0 in stage 0.0 (TID 7)" daemon [_thread_blocked, id=4251, stack(0x00007f238b9fa000,0x00007f238bafb000)]

Other Threads:
  0x00007f2494099000 VMThread "VM Thread" [stack: 0x00007f247be91000,0x00007f247bf91000] [id=4174]
  0x00007f2494135800 WatcherThread [stack: 0x00007f247b3a1000,0x00007f247b4a1000] [id=4182]

Threads with active compile tasks:

VM state:synchronizing (normal execution)

VM Mutex/Monitor currently owned by a thread:  ([mutex/lock_event])
[0x00007f2494028300] Threads_lock - owner thread: 0x00007f2494099000

Heap address: 0x0000000600000000, size: 8192 MB, Compressed Oops mode: Zero based, Oop shift amount: 3
Narrow klass base: 0x0000000800000000, Narrow klass shift: 0
Compressed class space size: 1073741824 Address: 0x0000000800000000

Heap:
Epsilon Heap
Allocation space:
 Metaspace       used 73011K, capacity 76424K, committed 76664K, reserved 1116160K
  class space    used 10034K, capacity 11722K, committed 11768K, reserved 1048576K


Polling page: 0x00007f24999cb000

Metaspace:

Usage:
  Non-class:     63,19 MB capacity,    61,50 MB ( 97%) used,     1,28 MB (  2%) free+waste,   410,31 KB ( <1%) overhead. 
      Class:     11,45 MB capacity,     9,80 MB ( 86%) used,     1,43 MB ( 12%) free+waste,   228,00 KB (  2%) overhead. 
       Both:     74,63 MB capacity,    71,30 MB ( 96%) used,     2,71 MB (  4%) free+waste,   638,31 KB ( <1%) overhead. 

Virtual space:
  Non-class space:       66,00 MB reserved,      63,38 MB ( 96%) committed 
      Class space:        1,00 GB reserved,      11,49 MB (  1%) committed 
             Both:        1,06 GB reserved,      74,87 MB (  7%) committed 

Chunk freelists:
   Non-Class:  90,00 KB
       Class:  0 bytes
        Both:  90,00 KB

MaxMetaspaceSize: unlimited
CompressedClassSpaceSize: 1,00 GB
Initial GC threshold: 20,80 MB
Current GC threshold: 74,94 MB
CDS: off

CodeHeap 'non-profiled nmethods': size=120032Kb used=3678Kb max_used=3678Kb free=116353Kb
 bounds [0x00007f24842da000, 0x00007f248467a000, 0x00007f248b812000]
CodeHeap 'profiled nmethods': size=120028Kb used=11923Kb max_used=11923Kb free=108104Kb
 bounds [0x00007f247cda3000, 0x00007f247d953000, 0x00007f24842da000]
CodeHeap 'non-nmethods': size=5700Kb used=1477Kb max_used=1499Kb free=4222Kb
 bounds [0x00007f247c812000, 0x00007f247ca82000, 0x00007f247cda3000]
 total_blobs=7162 nmethods=6354 adapters=722
 compilation: enabled
              stopped_count=0, restarted_count=0
 full_count=0

Compilation events (20 events):
Event: 1931,643 Thread 0x00007f24940bf800 6349       4       scala.collection.AbstractTraversable::genericBuilder (5 bytes)
Event: 1931,645 Thread 0x00007f24940bf800 nmethod 6349 0x00007f248466d710 code [0x00007f248466d8a0, 0x00007f248466d938]
Event: 1940,272 Thread 0x00007f24940c1800 6350       3       java.util.concurrent.locks.AbstractQueuedSynchronizer$Node::<init> (20 bytes)
Event: 1940,273 Thread 0x00007f24940c1800 nmethod 6350 0x00007f247d93fe10 code [0x00007f247d940060, 0x00007f247d940870]
Event: 1943,268 Thread 0x00007f24940c1800 6351       3       org.apache.spark.rdd.HadoopRDD$$anon$1::updateBytesRead (14 bytes)
Event: 1943,269 Thread 0x00007f24940c1800 nmethod 6351 0x00007f247d940b90 code [0x00007f247d940e00, 0x00007f247d941900]
Event: 1943,350 Thread 0x00007f24940c1800 6352   !   3       org.apache.spark.deploy.SparkHadoopUtil$$anon$2::apply$mcJ$sp (80 bytes)
Event: 1943,354 Thread 0x00007f24940c1800 nmethod 6352 0x00007f247d941d10 code [0x00007f247d9420c0, 0x00007f247d943e80]
Event: 1943,354 Thread 0x00007f24940c1800 6353       3       scala.collection.mutable.AbstractMap::companion (5 bytes)
Event: 1943,355 Thread 0x00007f24940c1800 nmethod 6353 0x00007f247d944a10 code [0x00007f247d944bc0, 0x00007f247d944d90]
Event: 1943,355 Thread 0x00007f24940c1800 6354       3       scala.collection.mutable.Iterable::companion$ (5 bytes)
Event: 1943,355 Thread 0x00007f24940c1800 nmethod 6354 0x00007f247d944e90 code [0x00007f247d945040, 0x00007f247d9451f0]
Event: 1943,367 Thread 0x00007f24940c1800 6355       3       org.apache.spark.deploy.SparkHadoopUtil$$anon$2$$Lambda$1764/0x0000000800b6f040::apply (12 bytes)
Event: 1943,367 Thread 0x00007f24940c1800 nmethod 6355 0x00007f247d945310 code [0x00007f247d945500, 0x00007f247d945810]
Event: 1943,367 Thread 0x00007f24940c1800 6356       3       org.apache.spark.deploy.SparkHadoopUtil$$anon$2::$anonfun$apply$1$adapted (9 bytes)
Event: 1943,367 Thread 0x00007f24940c1800 nmethod 6356 0x00007f247d945990 code [0x00007f247d945b60, 0x00007f247d945cf0]
Event: 1959,472 Thread 0x00007f24940c1800 6357   !   3       org.apache.spark.rpc.netty.Inbox::safelyCall (210 bytes)
Event: 1959,474 Thread 0x00007f24940c1800 nmethod 6357 0x00007f247d945e10 code [0x00007f247d946180, 0x00007f247d947680]
Event: 1974,061 Thread 0x00007f24940bf800 6358       4       org.apache.spark.status.AppStatusListener::maybeUpdate (42 bytes)
Event: 1974,115 Thread 0x00007f24940bf800 nmethod 6358 0x00007f248466da10 code [0x00007f248466de60, 0x00007f248466fda0]

GC Heap History (0 events):
No events

Deoptimization events (20 events):
Event: 1175,610 Thread 0x00007f244804f000 DEOPT PACKING pc=0x00007f247d885362 sp=0x00007f238bbf9f00
Event: 1175,610 Thread 0x00007f244804f000 DEOPT UNPACKING pc=0x00007f247c85b9fa sp=0x00007f238bbf94e8 mode 0
Event: 1184,877 Thread 0x00007f2448045000 DEOPT PACKING pc=0x00007f247d885362 sp=0x00007f23f82bef00
Event: 1184,877 Thread 0x00007f2448045000 DEOPT UNPACKING pc=0x00007f247c85b9fa sp=0x00007f23f82be4e8 mode 0
Event: 1193,944 Thread 0x00007f2448051000 Uncommon trap: trap_request=0xffffff4d fr.pc=0x00007f2484608550 relative=0x0000000000000df0
Event: 1193,944 Thread 0x00007f2448051000 Uncommon trap: reason=unstable_if action=reinterpret pc=0x00007f2484608550 method=org.apache.spark.util.collection.Spillable.maybeSpill(Ljava/lang/Object;J)Z @ 20 c2
Event: 1193,944 Thread 0x00007f2448051000 DEOPT PACKING pc=0x00007f2484608550 sp=0x00007f238baf9020
Event: 1193,944 Thread 0x00007f2448051000 DEOPT UNPACKING pc=0x00007f247c81a2a5 sp=0x00007f238baf8ed8 mode 2
Event: 1198,503 Thread 0x00007f244804b000 DEOPT PACKING pc=0x00007f247d885362 sp=0x00007f238bdfbf00
Event: 1198,503 Thread 0x00007f244804b000 DEOPT UNPACKING pc=0x00007f247c85b9fa sp=0x00007f238bdfb4e8 mode 0
Event: 1226,482 Thread 0x00007f2448047800 DEOPT PACKING pc=0x00007f247d885362 sp=0x00007f238bffdf00
Event: 1226,482 Thread 0x00007f2448047800 DEOPT UNPACKING pc=0x00007f247c85b9fa sp=0x00007f238bffd4e8 mode 0
Event: 1279,170 Thread 0x00007f244804d000 Uncommon trap: trap_request=0xffffff4d fr.pc=0x00007f2484608550 relative=0x0000000000000df0
Event: 1279,170 Thread 0x00007f244804d000 Uncommon trap: reason=unstable_if action=reinterpret pc=0x00007f2484608550 method=org.apache.spark.util.collection.Spillable.maybeSpill(Ljava/lang/Object;J)Z @ 20 c2
Event: 1279,170 Thread 0x00007f244804d000 DEOPT PACKING pc=0x00007f2484608550 sp=0x00007f238bcfb020
Event: 1279,170 Thread 0x00007f244804d000 DEOPT UNPACKING pc=0x00007f247c81a2a5 sp=0x00007f238bcfaed8 mode 2
Event: 23208,935 Thread 0x00007f24954bb000 Uncommon trap: trap_request=0xffffff6e fr.pc=0x00007f248452af80 relative=0x0000000000000040
Event: 23208,935 Thread 0x00007f24954bb000 Uncommon trap: reason=speculate_class_check action=maybe_recompile pc=0x00007f248452af80 method=java.lang.invoke.Invokers$Holder.linkToTargetMethod(Ljava/lang/Object;)Ljava/lang/Object; @ 1 c2
Event: 23208,935 Thread 0x00007f24963d7800 Uncommon trap: trap_request=0xffffff6e fr.pc=0x00007f248452af80 relative=0x0000000000000040
Event: 23208,935 Thread 0x00007f24963d7800 Uncommon trap: reason=speculate_class_check action=maybe_recompile pc=0x00007f248452af80 method=java.lang.invoke.Invokers$Holder.linkToTargetMethod(Ljava/lang/Object;)Ljava/lang/Object; @ 1 c2

Classes redefined (0 events):
No events

Internal exceptions (20 events):
Event: 289,133 Thread 0x00007f2448046000 Exception <a 'java/lang/NoSuchMethodError'{0x000000061d36e1b0}: 'void java.lang.invoke.DirectMethodHandle$Holder.invokeStatic(java.lang.Object, java.lang.Object, java.lang.Object, java.lang.Object, java.lang.Object, java.lang.Object, java.lang.Object)'> (0x000000061d36e1b0) thrown at [src/hotspot/share/interpreter/linkResolver.cpp, line 772]
Event: 289,144 Thread 0x00007f2448049800 Exception <a 'java/lang/NoSuchMethodError'{0x000000061d36ded8}: 'void java.lang.invoke.DirectMethodHandle$Holder.invokeStatic(java.lang.Object, java.lang.Object, java.lang.Object, java.lang.Object, java.lang.Object, java.lang.Object, java.lang.Object)'> (0x000000061d36ded8) thrown at [src/hotspot/share/interpreter/linkResolver.cpp, line 772]
Event: 289,147 Thread 0x00007f244804d000 Exception <a 'java/lang/NoSuchMethodError'{0x000000061d37b9c0}: 'void java.lang.invoke.DirectMethodHandle$Holder.invokeStatic(java.lang.Object, java.lang.Object, java.lang.Object, java.lang.Object, java.lang.Object, java.lang.Object, java.lang.Object)'> (0x000000061d37b9c0) thrown at [src/hotspot/share/interpreter/linkResolver.cpp, line 772]
Event: 289,190 Thread 0x00007f2448047800 Exception <a 'java/lang/NoSuchMethodError'{0x000000061d37b2c0}: 'void java.lang.invoke.DirectMethodHandle$Holder.invokeStatic(java.lang.Object, java.lang.Object, java.lang.Object, java.lang.Object, java.lang.Object, java.lang.Object, java.lang.Object)'> (0x000000061d37b2c0) thrown at [src/hotspot/share/interpreter/linkResolver.cpp, line 772]
Event: 289,195 Thread 0x00007f2448051000 Exception <a 'java/lang/NoSuchMethodError'{0x000000061d37b100}: 'void java.lang.invoke.DirectMethodHandle$Holder.invokeStatic(java.lang.Object, java.lang.Object, java.lang.Object, java.lang.Object, java.lang.Object, java.lang.Object, java.lang.Object, java.lang.Object)'> (0x000000061d37b100) thrown at [src/hotspot/share/interpreter/linkResolver.cpp, line 772]
Event: 289,204 Thread 0x00007f2448045000 Exception <a 'java/lang/NoSuchMethodError'{0x000000061d37af08}: 'void java.lang.invoke.DirectMethodHandle$Holder.invokeStatic(java.lang.Object, java.lang.Object, java.lang.Object, java.lang.Object, java.lang.Object, java.lang.Object, java.lang.Object, java.lang.Object)'> (0x000000061d37af08) thrown at [src/hotspot/share/interpreter/linkResolver.cpp, line 772]
Event: 289,234 Thread 0x00007f244804f000 Exception <a 'java/lang/NoSuchMethodError'{0x000000061d37ad10}: 'void java.lang.invoke.DirectMethodHandle$Holder.invokeStatic(java.lang.Object, java.lang.Object, java.lang.Object, java.lang.Object, java.lang.Object, java.lang.Object, java.lang.Object, java.lang.Object)'> (0x000000061d37ad10) thrown at [src/hotspot/share/interpreter/linkResolver.cpp, line 772]
Event: 289,247 Thread 0x00007f244804b000 Exception <a 'java/lang/NoSuchMethodError'{0x000000061d37aae0}: 'void java.lang.invoke.DirectMethodHandle$Holder.invokeStatic(java.lang.Object, java.lang.Object, java.lang.Object, java.lang.Object, java.lang.Object, java.lang.Object, java.lang.Object, java.lang.Object)'> (0x000000061d37aae0) thrown at [src/hotspot/share/interpreter/linkResolver.cpp, line 772]
Event: 289,317 Thread 0x00007f244804d000 Exception <a 'java/lang/NoSuchMethodError'{0x000000061d38f5b8}: 'void java.lang.invoke.DirectMethodHandle$Holder.invokeStatic(java.lang.Object, java.lang.Object, java.lang.Object, java.lang.Object, java.lang.Object, java.lang.Object, java.lang.Object, java.lang.Object)'> (0x000000061d38f5b8) thrown at [src/hotspot/share/interpreter/linkResolver.cpp, line 772]
Event: 289,330 Thread 0x00007f2448049800 Exception <a 'java/lang/NoSuchMethodError'{0x000000061d38f158}: 'void java.lang.invoke.DirectMethodHandle$Holder.invokeStatic(java.lang.Object, java.lang.Object, java.lang.Object, java.lang.Object, java.lang.Object, java.lang.Object, java.lang.Object, java.lang.Object)'> (0x000000061d38f158) thrown at [src/hotspot/share/interpreter/linkResolver.cpp, line 772]
Event: 289,344 Thread 0x00007f2448046000 Exception <a 'java/lang/NoSuchMethodError'{0x000000061d38ee10}: 'void java.lang.invoke.DirectMethodHandle$Holder.invokeStatic(java.lang.Object, java.lang.Object, java.lang.Object, java.lang.Object, java.lang.Object, java.lang.Object, java.lang.Object, java.lang.Object)'> (0x000000061d38ee10) thrown at [src/hotspot/share/interpreter/linkResolver.cpp, line 772]
Event: 298,118 Thread 0x00007f244804f000 Exception <a 'java/lang/NoSuchMethodError'{0x000000061db01f60}: 'long java.lang.invoke.DirectMethodHandle$Holder.invokeStatic(java.lang.Object, java.lang.Object, java.lang.Object)'> (0x000000061db01f60) thrown at [src/hotspot/share/interpreter/linkResolver.cpp, line 772]
Event: 298,135 Thread 0x00007f244804d000 Exception <a 'java/lang/NoSuchMethodError'{0x000000061db019e8}: 'long java.lang.invoke.DirectMethodHandle$Holder.invokeStatic(java.lang.Object, java.lang.Object, java.lang.Object)'> (0x000000061db019e8) thrown at [src/hotspot/share/interpreter/linkResolver.cpp, line 772]
Event: 298,149 Thread 0x00007f244804b000 Exception <a 'java/lang/NoSuchMethodError'{0x000000061db01780}: 'long java.lang.invoke.DirectMethodHandle$Holder.invokeStatic(java.lang.Object, java.lang.Object, java.lang.Object)'> (0x000000061db01780) thrown at [src/hotspot/share/interpreter/linkResolver.cpp, line 772]
Event: 298,164 Thread 0x00007f2448049800 Exception <a 'java/lang/NoSuchMethodError'{0x000000061db01438}: 'long java.lang.invoke.DirectMethodHandle$Holder.invokeStatic(java.lang.Object, java.lang.Object, java.lang.Object)'> (0x000000061db01438) thrown at [src/hotspot/share/interpreter/linkResolver.cpp, line 772]
Event: 298,242 Thread 0x00007f2448047800 Exception <a 'java/lang/NoSuchMethodError'{0x000000061db10838}: 'long java.lang.invoke.DirectMethodHandle$Holder.invokeInterface(java.lang.Object, java.lang.Object, java.lang.Object)'> (0x000000061db10838) thrown at [src/hotspot/share/interpreter/linkResolver.cpp, line 772]
Event: 298,250 Thread 0x00007f2448046000 Exception <a 'java/lang/NoSuchMethodError'{0x000000061db10720}: 'long java.lang.invoke.DirectMethodHandle$Holder.invokeInterface(java.lang.Object, java.lang.Object, java.lang.Object)'> (0x000000061db10720) thrown at [src/hotspot/share/interpreter/linkResolver.cpp, line 772]
Event: 298,276 Thread 0x00007f2448051000 Exception <a 'java/lang/NoSuchMethodError'{0x000000061db28248}: 'long java.lang.invoke.DirectMethodHandle$Holder.invokeInterface(java.lang.Object, java.lang.Object, java.lang.Object)'> (0x000000061db28248) thrown at [src/hotspot/share/interpreter/linkResolver.cpp, line 772]
Event: 298,277 Thread 0x00007f2448049800 Exception <a 'java/lang/NoSuchMethodError'{0x000000061db10988}: 'long java.lang.invoke.DirectMethodHandle$Holder.invokeInterface(java.lang.Object, java.lang.Object, java.lang.Object)'> (0x000000061db10988) thrown at [src/hotspot/share/interpreter/linkResolver.cpp, line 772]
Event: 298,287 Thread 0x00007f244804b000 Exception <a 'java/lang/NoSuchMethodError'{0x000000061db27fa8}: 'long java.lang.invoke.DirectMethodHandle$Holder.invokeInterface(java.lang.Object, java.lang.Object, java.lang.Object)'> (0x000000061db27fa8) thrown at [src/hotspot/share/interpreter/linkResolver.cpp, line 772]

Events (20 events):
Event: 1088,793 loading class java/util/Formatter$FormatSpecifier$BigDecimalLayout done
Event: 1088,801 loading class java/util/Formatter$BigDecimalLayoutForm
Event: 1088,803 loading class java/util/Formatter$BigDecimalLayoutForm done
Event: 1703,793 Executing VM operation: CollectForMetadataAllocation
Event: 1703,795 Executing VM operation: CollectForMetadataAllocation done
Event: 1976,098 Executing VM operation: Dummy
Event: 12260,375 Executing VM operation: Dummy done
Event: 12260,376 Executing VM operation: Dummy
Event: 23208,933 Executing VM operation: Dummy done
Event: 23208,934 Executing VM operation: Dummy
Event: 23208,935 loading class java/lang/invoke/VarHandle$TypesAndInvokers
Event: 23208,936 loading class java/lang/invoke/VarHandle$TypesAndInvokers done
Event: 34216,670 Executing VM operation: Dummy done
Event: 34216,671 Executing VM operation: Dummy
Event: 45305,308 Executing VM operation: Dummy done
Event: 45305,309 Executing VM operation: Dummy
Event: 57037,036 Executing VM operation: Dummy done
Event: 57037,037 Executing VM operation: Dummy
Event: 61573,593 Executing VM operation: Dummy done
Event: 61573,594 Executing VM operation: Dummy


Dynamic libraries:
600000000-800000000 rw-s 00000000 00:05 385                              /dev/fakeblk
800000000-800b7e000 rw-p 00000000 00:00 0 
800b7e000-840000000 ---p 00000000 00:00 0 
5631e6fd6000-5631e6fd7000 r--p 00000000 08:01 4325450                    /home/adam/jdk11u/build/linux-x86_64-normal-server-release/images/jdk/bin/java
5631e6fd7000-5631e6fd8000 r-xp 00001000 08:01 4325450                    /home/adam/jdk11u/build/linux-x86_64-normal-server-release/images/jdk/bin/java
5631e6fd8000-5631e6fd9000 r--p 00002000 08:01 4325450                    /home/adam/jdk11u/build/linux-x86_64-normal-server-release/images/jdk/bin/java
5631e6fd9000-5631e6fda000 r--p 00002000 08:01 4325450                    /home/adam/jdk11u/build/linux-x86_64-normal-server-release/images/jdk/bin/java
5631e6fda000-5631e6fdb000 rw-p 00003000 08:01 4325450                    /home/adam/jdk11u/build/linux-x86_64-normal-server-release/images/jdk/bin/java
5631e8761000-5631e87e6000 rw-p 00000000 00:00 0                          [heap]
7f2374000000-7f237408a000 rw-p 00000000 00:00 0 
7f237408a000-7f2378000000 ---p 00000000 00:00 0 
7f237c000000-7f237c195000 rw-p 00000000 00:00 0 
7f237c195000-7f2380000000 ---p 00000000 00:00 0 
7f2380000000-7f238003f000 rw-p 00000000 00:00 0 
7f238003f000-7f2384000000 ---p 00000000 00:00 0 
7f2384000000-7f238403f000 rw-p 00000000 00:00 0 
7f238403f000-7f2388000000 ---p 00000000 00:00 0 
7f2388cdc000-7f238b63a000 rw-p 00000000 00:00 0 
7f238b63a000-7f238b7fa000 ---p 00000000 00:00 0 
7f238b7fa000-7f238b9f3000 rw-p 00000000 00:00 0 
7f238b9f3000-7f238b9fa000 ---p 00000000 00:00 0 
7f238b9fa000-7f238b9fe000 ---p 00000000 00:00 0 
7f238b9fe000-7f238bafb000 rw-p 00000000 00:00 0 
7f238bafb000-7f238baff000 ---p 00000000 00:00 0 
7f238baff000-7f238bbfc000 rw-p 00000000 00:00 0 
7f238bbfc000-7f238bc00000 ---p 00000000 00:00 0 
7f238bc00000-7f238bcfd000 rw-p 00000000 00:00 0 
7f238bcfd000-7f238bd01000 ---p 00000000 00:00 0 
7f238bd01000-7f238bdfe000 rw-p 00000000 00:00 0 
7f238bdfe000-7f238be02000 ---p 00000000 00:00 0 
7f238be02000-7f238beff000 rw-p 00000000 00:00 0 
7f238beff000-7f238bf03000 ---p 00000000 00:00 0 
7f238bf03000-7f238c000000 rw-p 00000000 00:00 0 
7f238c000000-7f238c021000 rw-p 00000000 00:00 0 
7f238c021000-7f2390000000 ---p 00000000 00:00 0 
7f2390000000-7f239005b000 rw-p 00000000 00:00 0 
7f239005b000-7f2394000000 ---p 00000000 00:00 0 
7f2394000000-7f2394021000 rw-p 00000000 00:00 0 
7f2394021000-7f2398000000 ---p 00000000 00:00 0 
7f2398000000-7f2398021000 rw-p 00000000 00:00 0 
7f2398021000-7f239c000000 ---p 00000000 00:00 0 
7f239c000000-7f239c021000 rw-p 00000000 00:00 0 
7f239c021000-7f23a0000000 ---p 00000000 00:00 0 
7f23a0000000-7f23a007f000 rw-p 00000000 00:00 0 
7f23a007f000-7f23a4000000 ---p 00000000 00:00 0 
7f23a4000000-7f23a4021000 rw-p 00000000 00:00 0 
7f23a4021000-7f23a8000000 ---p 00000000 00:00 0 
7f23a8000000-7f23a8021000 rw-p 00000000 00:00 0 
7f23a8021000-7f23ac000000 ---p 00000000 00:00 0 
7f23ac000000-7f23ac021000 rw-p 00000000 00:00 0 
7f23ac021000-7f23b0000000 ---p 00000000 00:00 0 
7f23b0000000-7f23b0043000 rw-p 00000000 00:00 0 
7f23b0043000-7f23b4000000 ---p 00000000 00:00 0 
7f23b4000000-7f23b4021000 rw-p 00000000 00:00 0 
7f23b4021000-7f23b8000000 ---p 00000000 00:00 0 
7f23b8000000-7f23b8026000 rw-p 00000000 00:00 0 
7f23b8026000-7f23bc000000 ---p 00000000 00:00 0 
7f23bc000000-7f23bc2eb000 rw-p 00000000 00:00 0 
7f23bc2eb000-7f23c0000000 ---p 00000000 00:00 0 
7f23c0000000-7f23c0021000 rw-p 00000000 00:00 0 
7f23c0021000-7f23c4000000 ---p 00000000 00:00 0 
7f23c4000000-7f23c4021000 rw-p 00000000 00:00 0 
7f23c4021000-7f23c8000000 ---p 00000000 00:00 0 
7f23c8000000-7f23c8021000 rw-p 00000000 00:00 0 
7f23c8021000-7f23cc000000 ---p 00000000 00:00 0 
7f23cc000000-7f23cc02f000 rw-p 00000000 00:00 0 
7f23cc02f000-7f23d0000000 ---p 00000000 00:00 0 
7f23d0000000-7f23d0021000 rw-p 00000000 00:00 0 
7f23d0021000-7f23d4000000 ---p 00000000 00:00 0 
7f23d4000000-7f23d4021000 rw-p 00000000 00:00 0 
7f23d4021000-7f23d8000000 ---p 00000000 00:00 0 
7f23d8000000-7f23d8021000 rw-p 00000000 00:00 0 
7f23d8021000-7f23dc000000 ---p 00000000 00:00 0 
7f23dc000000-7f23dc021000 rw-p 00000000 00:00 0 
7f23dc021000-7f23e0000000 ---p 00000000 00:00 0 
7f23e0000000-7f23e0021000 rw-p 00000000 00:00 0 
7f23e0021000-7f23e4000000 ---p 00000000 00:00 0 
7f23e4000000-7f23e4021000 rw-p 00000000 00:00 0 
7f23e4021000-7f23e8000000 ---p 00000000 00:00 0 
7f23e8000000-7f23e8021000 rw-p 00000000 00:00 0 
7f23e8021000-7f23ec000000 ---p 00000000 00:00 0 
7f23ec000000-7f23ec021000 rw-p 00000000 00:00 0 
7f23ec021000-7f23f0000000 ---p 00000000 00:00 0 
7f23f0000000-7f23f0021000 rw-p 00000000 00:00 0 
7f23f0021000-7f23f4000000 ---p 00000000 00:00 0 
7f23f4000000-7f23f4021000 rw-p 00000000 00:00 0 
7f23f4021000-7f23f8000000 ---p 00000000 00:00 0 
7f23f80bf000-7f23f80c3000 ---p 00000000 00:00 0 
7f23f80c3000-7f23f81c0000 rw-p 00000000 00:00 0 
7f23f81c0000-7f23f81c4000 ---p 00000000 00:00 0 
7f23f81c4000-7f23f84c1000 rw-p 00000000 00:00 0 
7f23f84c1000-7f23f86a3000 rw-p 00000000 00:00 0 
7f23f86a3000-7f23f86c1000 ---p 00000000 00:00 0 
7f23f86c1000-7f23f88c1000 rw-p 00000000 00:00 0 
7f23f88c1000-7f23f8ac1000 rw-p 00000000 00:00 0 
7f23f8ac1000-7f23f8cad000 rw-p 00000000 00:00 0 
7f23f8cad000-7f23f8cc1000 ---p 00000000 00:00 0 
7f23f8cc1000-7f23f8ce5000 r-xp 00000000 08:01 262469                     /tmp/liblz4-java-7410305201717525007.so
7f23f8ce5000-7f23f8ee4000 ---p 00024000 08:01 262469                     /tmp/liblz4-java-7410305201717525007.so
7f23f8ee4000-7f23f8ee5000 rw-p 00023000 08:01 262469                     /tmp/liblz4-java-7410305201717525007.so
7f23f8ee5000-7f23f90d7000 rw-p 00000000 00:00 0 
7f23f90d7000-7f23f90e5000 ---p 00000000 00:00 0 
7f23f90e5000-7f23f90e9000 ---p 00000000 00:00 0 
7f23f90e9000-7f23f93d8000 rw-p 00000000 00:00 0 
7f23f93d8000-7f23f93e6000 ---p 00000000 00:00 0 
7f23f93e6000-7f23f95df000 rw-p 00000000 00:00 0 
7f23f95df000-7f23f95e6000 ---p 00000000 00:00 0 
7f23f95e6000-7f23f95ea000 ---p 00000000 00:00 0 
7f23f95ea000-7f23f96e7000 rw-p 00000000 00:00 0 
7f23f96e7000-7f23f96eb000 ---p 00000000 00:00 0 
7f23f96eb000-7f23f97e8000 rw-p 00000000 00:00 0 
7f23f97e8000-7f23f97ec000 ---p 00000000 00:00 0 
7f23f97ec000-7f23f9adb000 rw-p 00000000 00:00 0 
7f23f9adb000-7f23f9ae9000 ---p 00000000 00:00 0 
7f23f9ae9000-7f23f9aed000 ---p 00000000 00:00 0 
7f23f9aed000-7f23f9bea000 rw-p 00000000 00:00 0 
7f23f9bea000-7f23f9bee000 ---p 00000000 00:00 0 
7f23f9bee000-7f23f9eeb000 rw-p 00000000 00:00 0 
7f23f9eeb000-7f23f9eef000 ---p 00000000 00:00 0 
7f23f9eef000-7f23fa7ee000 rw-p 00000000 00:00 0 
7f23fa7ee000-7f23fa7f2000 ---p 00000000 00:00 0 
7f23fa7f2000-7f23fa8ef000 rw-p 00000000 00:00 0 
7f23fa8ef000-7f23fa8f3000 ---p 00000000 00:00 0 
7f23fa8f3000-7f23fabf0000 rw-p 00000000 00:00 0 
7f23fabf0000-7f23fabf4000 ---p 00000000 00:00 0 
7f23fabf4000-7f23facf1000 rw-p 00000000 00:00 0 
7f23facf1000-7f23facf5000 ---p 00000000 00:00 0 
7f23facf5000-7f23fadf2000 rw-p 00000000 00:00 0 
7f23fadf2000-7f23fadf6000 ---p 00000000 00:00 0 
7f23fadf6000-7f23faef3000 rw-p 00000000 00:00 0 
7f23faef3000-7f23faef7000 ---p 00000000 00:00 0 
7f23faef7000-7f23faff4000 rw-p 00000000 00:00 0 
7f23faff4000-7f23faff8000 ---p 00000000 00:00 0 
7f23faff8000-7f23fb0f5000 rw-p 00000000 00:00 0 
7f23fb0f5000-7f23fb0f9000 ---p 00000000 00:00 0 
7f23fb0f9000-7f23fb1f6000 rw-p 00000000 00:00 0 
7f23fb1f6000-7f23fb1fa000 ---p 00000000 00:00 0 
7f23fb1fa000-7f23fb2f7000 rw-p 00000000 00:00 0 
7f23fb2f7000-7f23fb2fb000 ---p 00000000 00:00 0 
7f23fb2fb000-7f23fb3f8000 rw-p 00000000 00:00 0 
7f23fb3f8000-7f23fb3fc000 ---p 00000000 00:00 0 
7f23fb3fc000-7f23fb6f9000 rw-p 00000000 00:00 0 
7f23fb6f9000-7f23fb6fd000 ---p 00000000 00:00 0 
7f23fb6fd000-7f23fb7fa000 rw-p 00000000 00:00 0 
7f23fb7fa000-7f23fb7fe000 ---p 00000000 00:00 0 
7f23fb7fe000-7f23fb8fb000 rw-p 00000000 00:00 0 
7f23fb8fb000-7f23fb8ff000 ---p 00000000 00:00 0 
7f23fb8ff000-7f23fb9fc000 rw-p 00000000 00:00 0 
7f23fb9fc000-7f23fba00000 ---p 00000000 00:00 0 
7f23fba00000-7f23fbafd000 rw-p 00000000 00:00 0 
7f23fbafd000-7f23fbb01000 ---p 00000000 00:00 0 
7f23fbb01000-7f23fbbfe000 rw-p 00000000 00:00 0 
7f23fbbfe000-7f23fbc02000 ---p 00000000 00:00 0 
7f23fbc02000-7f23fbcff000 rw-p 00000000 00:00 0 
7f23fbcff000-7f23fbd03000 ---p 00000000 00:00 0 
7f23fbd03000-7f23fbfe3000 rw-p 00000000 00:00 0 
7f23fbfe3000-7f23fc000000 ---p 00000000 00:00 0 
7f23fc000000-7f23fc021000 rw-p 00000000 00:00 0 
7f23fc021000-7f2400000000 ---p 00000000 00:00 0 
7f2400000000-7f2400021000 rw-p 00000000 00:00 0 
7f2400021000-7f2404000000 ---p 00000000 00:00 0 
7f2404000000-7f2404021000 rw-p 00000000 00:00 0 
7f2404021000-7f2408000000 ---p 00000000 00:00 0 
7f2408000000-7f2408026000 rw-p 00000000 00:00 0 
7f2408026000-7f240c000000 ---p 00000000 00:00 0 
7f240c000000-7f240c021000 rw-p 00000000 00:00 0 
7f240c021000-7f2410000000 ---p 00000000 00:00 0 
7f2410000000-7f2410021000 rw-p 00000000 00:00 0 
7f2410021000-7f2414000000 ---p 00000000 00:00 0 
7f2414000000-7f2414021000 rw-p 00000000 00:00 0 
7f2414021000-7f2418000000 ---p 00000000 00:00 0 
7f2418000000-7f2418021000 rw-p 00000000 00:00 0 
7f2418021000-7f241c000000 ---p 00000000 00:00 0 
7f241c000000-7f241c021000 rw-p 00000000 00:00 0 
7f241c021000-7f2420000000 ---p 00000000 00:00 0 
7f2420000000-7f2420021000 rw-p 00000000 00:00 0 
7f2420021000-7f2424000000 ---p 00000000 00:00 0 
7f2424000000-7f2424021000 rw-p 00000000 00:00 0 
7f2424021000-7f2428000000 ---p 00000000 00:00 0 
7f2428000000-7f2428021000 rw-p 00000000 00:00 0 
7f2428021000-7f242c000000 ---p 00000000 00:00 0 
7f242c000000-7f242c021000 rw-p 00000000 00:00 0 
7f242c021000-7f2430000000 ---p 00000000 00:00 0 
7f2430000000-7f2430021000 rw-p 00000000 00:00 0 
7f2430021000-7f2434000000 ---p 00000000 00:00 0 
7f2434000000-7f2434021000 rw-p 00000000 00:00 0 
7f2434021000-7f2438000000 ---p 00000000 00:00 0 
7f2438000000-7f2438021000 rw-p 00000000 00:00 0 
7f2438021000-7f243c000000 ---p 00000000 00:00 0 
7f243c000000-7f243c021000 rw-p 00000000 00:00 0 
7f243c021000-7f2440000000 ---p 00000000 00:00 0 
7f2440000000-7f2440021000 rw-p 00000000 00:00 0 
7f2440021000-7f2444000000 ---p 00000000 00:00 0 
7f2444000000-7f2444021000 rw-p 00000000 00:00 0 
7f2444021000-7f2448000000 ---p 00000000 00:00 0 
7f2448000000-7f2448055000 rw-p 00000000 00:00 0 
7f2448055000-7f244c000000 ---p 00000000 00:00 0 
7f244c000000-7f244c021000 rw-p 00000000 00:00 0 
7f244c021000-7f2450000000 ---p 00000000 00:00 0 
7f2450000000-7f2450108000 rw-p 00000000 00:00 0 
7f2450108000-7f2454000000 ---p 00000000 00:00 0 
7f2454000000-7f2454021000 rw-p 00000000 00:00 0 
7f2454021000-7f2458000000 ---p 00000000 00:00 0 
7f2458000000-7f2458021000 rw-p 00000000 00:00 0 
7f2458021000-7f245c000000 ---p 00000000 00:00 0 
7f245c000000-7f245de4e000 rw-p 00000000 00:00 0 
7f245de4e000-7f2460000000 ---p 00000000 00:00 0 
7f2460000000-7f24608dc000 rw-p 00000000 00:00 0 
7f24608dc000-7f2464000000 ---p 00000000 00:00 0 
7f2464000000-7f2464021000 rw-p 00000000 00:00 0 
7f2464021000-7f2468000000 ---p 00000000 00:00 0 
7f2468000000-7f2468021000 rw-p 00000000 00:00 0 
7f2468021000-7f246c000000 ---p 00000000 00:00 0 
7f246c000000-7f246c021000 rw-p 00000000 00:00 0 
7f246c021000-7f2470000000 ---p 00000000 00:00 0 
7f2470000000-7f2470021000 rw-p 00000000 00:00 0 
7f2470021000-7f2474000000 ---p 00000000 00:00 0 
7f2474000000-7f247758b000 rw-p 00000000 00:00 0 
7f247758b000-7f2478000000 ---p 00000000 00:00 0 
7f24780de000-7f24780e2000 ---p 00000000 00:00 0 
7f24780e2000-7f24781df000 rw-p 00000000 00:00 0 
7f24781df000-7f24781e3000 ---p 00000000 00:00 0 
7f24781e3000-7f24782e0000 rw-p 00000000 00:00 0 
7f24782e0000-7f24782e4000 ---p 00000000 00:00 0 
7f24782e4000-7f24785e1000 rw-p 00000000 00:00 0 
7f24785e1000-7f24785e5000 ---p 00000000 00:00 0 
7f24785e5000-7f24786e2000 rw-p 00000000 00:00 0 
7f24786e2000-7f24786e6000 ---p 00000000 00:00 0 
7f24786e6000-7f24787e3000 rw-p 00000000 00:00 0 
7f24787e3000-7f24787e7000 ---p 00000000 00:00 0 
7f24787e7000-7f24788e4000 rw-p 00000000 00:00 0 
7f24788e4000-7f24788e8000 ---p 00000000 00:00 0 
7f24788e8000-7f24789e5000 rw-p 00000000 00:00 0 
7f24789e5000-7f24789e9000 ---p 00000000 00:00 0 
7f24789e9000-7f2478ae6000 rw-p 00000000 00:00 0 
7f2478ae6000-7f2478aea000 ---p 00000000 00:00 0 
7f2478aea000-7f2478be7000 rw-p 00000000 00:00 0 
7f2478be7000-7f2478beb000 ---p 00000000 00:00 0 
7f2478beb000-7f2478ce8000 rw-p 00000000 00:00 0 
7f2478ce8000-7f2478cec000 ---p 00000000 00:00 0 
7f2478cec000-7f2478de9000 rw-p 00000000 00:00 0 
7f2478de9000-7f2478ded000 ---p 00000000 00:00 0 
7f2478ded000-7f2478eea000 rw-p 00000000 00:00 0 
7f2478eea000-7f2478eee000 ---p 00000000 00:00 0 
7f2478eee000-7f2478feb000 rw-p 00000000 00:00 0 
7f2478feb000-7f2478fef000 ---p 00000000 00:00 0 
7f2478fef000-7f24790ec000 rw-p 00000000 00:00 0 
7f24790ec000-7f24790f0000 ---p 00000000 00:00 0 
7f24790f0000-7f24791ed000 rw-p 00000000 00:00 0 
7f24791ed000-7f24791f1000 ---p 00000000 00:00 0 
7f24791f1000-7f24792ee000 rw-p 00000000 00:00 0 
7f24792ee000-7f24792f2000 ---p 00000000 00:00 0 
7f24792f2000-7f24793ef000 rw-p 00000000 00:00 0 
7f24793ef000-7f24793f3000 ---p 00000000 00:00 0 
7f24793f3000-7f24794f0000 rw-p 00000000 00:00 0 
7f24794f0000-7f24794f4000 ---p 00000000 00:00 0 
7f24794f4000-7f24795f1000 rw-p 00000000 00:00 0 
7f24795f1000-7f24795f5000 ---p 00000000 00:00 0 
7f24795f5000-7f24798f2000 rw-p 00000000 00:00 0 
7f24798f2000-7f2479ae4000 rw-p 00000000 00:00 0 
7f2479ae4000-7f2479af2000 ---p 00000000 00:00 0 
7f2479af2000-7f2479cd8000 rw-p 00000000 00:00 0 
7f2479cd8000-7f2479cf6000 ---p 00000000 00:00 0 
7f2479cf6000-7f2479ef8000 rw-p 00000000 00:00 0 
7f2479ef8000-7f2479f14000 ---p 00000000 00:00 0 
7f2479f14000-7f247a114000 rw-p 00000000 00:00 0 
7f247a114000-7f247a314000 rw-p 00000000 00:00 0 
7f247a314000-7f247a315000 r--p 00000000 08:01 2907360                    /usr/lib/x86_64-linux-gnu/libnss_dns-2.31.so
7f247a315000-7f247a319000 r-xp 00001000 08:01 2907360                    /usr/lib/x86_64-linux-gnu/libnss_dns-2.31.so
7f247a319000-7f247a31a000 r--p 00005000 08:01 2907360                    /usr/lib/x86_64-linux-gnu/libnss_dns-2.31.so
7f247a31a000-7f247a31b000 r--p 00005000 08:01 2907360                    /usr/lib/x86_64-linux-gnu/libnss_dns-2.31.so
7f247a31b000-7f247a31c000 rw-p 00006000 08:01 2907360                    /usr/lib/x86_64-linux-gnu/libnss_dns-2.31.so
7f247a31c000-7f247a320000 r--p 00000000 08:01 2907365                    /usr/lib/x86_64-linux-gnu/libresolv-2.31.so
7f247a320000-7f247a32e000 r-xp 00004000 08:01 2907365                    /usr/lib/x86_64-linux-gnu/libresolv-2.31.so
7f247a32e000-7f247a332000 r--p 00012000 08:01 2907365                    /usr/lib/x86_64-linux-gnu/libresolv-2.31.so
7f247a332000-7f247a333000 r--p 00015000 08:01 2907365                    /usr/lib/x86_64-linux-gnu/libresolv-2.31.so
7f247a333000-7f247a334000 rw-p 00016000 08:01 2907365                    /usr/lib/x86_64-linux-gnu/libresolv-2.31.so
7f247a334000-7f247a336000 rw-p 00000000 00:00 0 
7f247a336000-7f247a337000 r--p 00000000 08:01 2905034                    /usr/lib/x86_64-linux-gnu/libnss_mdns4_minimal.so.2
7f247a337000-7f247a339000 r-xp 00001000 08:01 2905034                    /usr/lib/x86_64-linux-gnu/libnss_mdns4_minimal.so.2
7f247a339000-7f247a33a000 r--p 00003000 08:01 2905034                    /usr/lib/x86_64-linux-gnu/libnss_mdns4_minimal.so.2
7f247a33a000-7f247a33b000 r--p 00003000 08:01 2905034                    /usr/lib/x86_64-linux-gnu/libnss_mdns4_minimal.so.2
7f247a33b000-7f247a33c000 rw-p 00004000 08:01 2905034                    /usr/lib/x86_64-linux-gnu/libnss_mdns4_minimal.so.2
7f247a347000-7f247a34e000 r--s 00000000 08:01 2926395                    /usr/lib/x86_64-linux-gnu/gconv/gconv-modules.cache
7f247a34e000-7f247a34f000 r--p 00000000 08:01 4325477                    /home/adam/jdk11u/build/linux-x86_64-normal-server-release/images/jdk/lib/libextnet.so
7f247a34f000-7f247a350000 r-xp 00001000 08:01 4325477                    /home/adam/jdk11u/build/linux-x86_64-normal-server-release/images/jdk/lib/libextnet.so
7f247a350000-7f247a351000 r--p 00002000 08:01 4325477                    /home/adam/jdk11u/build/linux-x86_64-normal-server-release/images/jdk/lib/libextnet.so
7f247a351000-7f247a352000 r--p 00002000 08:01 4325477                    /home/adam/jdk11u/build/linux-x86_64-normal-server-release/images/jdk/lib/libextnet.so
7f247a352000-7f247a353000 rw-p 00003000 08:01 4325477                    /home/adam/jdk11u/build/linux-x86_64-normal-server-release/images/jdk/lib/libextnet.so
7f247a353000-7f247a53e000 rw-p 00000000 00:00 0 
7f247a53e000-7f247a553000 ---p 00000000 00:00 0 
7f247a553000-7f247a753000 rw-p 00000000 00:00 0 
7f247a753000-7f247a953000 rw-p 00000000 00:00 0 
7f247a953000-7f247ab53000 rw-p 00000000 00:00 0 
7f247ab53000-7f247ad53000 rw-p 00000000 00:00 0 
7f247ad53000-7f247ad57000 ---p 00000000 00:00 0 
7f247ad57000-7f247b054000 rw-p 00000000 00:00 0 
7f247b054000-7f247b254000 rw-p 00000000 00:00 0 
7f247b254000-7f247b285000 rw-p 00000000 00:00 0 
7f247b285000-7f247b289000 r--p 00000000 08:01 4325474                    /home/adam/jdk11u/build/linux-x86_64-normal-server-release/images/jdk/lib/libnet.so
7f247b289000-7f247b298000 r-xp 00004000 08:01 4325474                    /home/adam/jdk11u/build/linux-x86_64-normal-server-release/images/jdk/lib/libnet.so
7f247b298000-7f247b29c000 r--p 00013000 08:01 4325474                    /home/adam/jdk11u/build/linux-x86_64-normal-server-release/images/jdk/lib/libnet.so
7f247b29c000-7f247b29d000 r--p 00016000 08:01 4325474                    /home/adam/jdk11u/build/linux-x86_64-normal-server-release/images/jdk/lib/libnet.so
7f247b29d000-7f247b29e000 rw-p 00017000 08:01 4325474                    /home/adam/jdk11u/build/linux-x86_64-normal-server-release/images/jdk/lib/libnet.so
7f247b29e000-7f247b2a2000 ---p 00000000 00:00 0 
7f247b2a2000-7f247b39f000 rw-p 00000000 00:00 0 
7f247b39f000-7f247b3a0000 ---p 00000000 00:00 0 
7f247b3a0000-7f247b4a1000 rw-p 00000000 00:00 0 
7f247b4a1000-7f247b4a5000 ---p 00000000 00:00 0 
7f247b4a5000-7f247b5a2000 rw-p 00000000 00:00 0 
7f247b5a2000-7f247b5a6000 ---p 00000000 00:00 0 
7f247b5a6000-7f247b6a3000 rw-p 00000000 00:00 0 
7f247b6a3000-7f247b6a7000 ---p 00000000 00:00 0 
7f247b6a7000-7f247b7a4000 rw-p 00000000 00:00 0 
7f247b7a4000-7f247b7a8000 ---p 00000000 00:00 0 
7f247b7a8000-7f247b8a5000 rw-p 00000000 00:00 0 
7f247b8a5000-7f247b8a9000 ---p 00000000 00:00 0 
7f247b8a9000-7f247b9a6000 rw-p 00000000 00:00 0 
7f247b9a6000-7f247bc8d000 r--p 00000000 08:01 2884038                    /usr/lib/locale/locale-archive
7f247bc8d000-7f247bc91000 ---p 00000000 00:00 0 
7f247bc91000-7f247bd8e000 rw-p 00000000 00:00 0 
7f247bd8e000-7f247bd92000 ---p 00000000 00:00 0 
7f247bd92000-7f247be8f000 rw-p 00000000 00:00 0 
7f247be8f000-7f247be90000 ---p 00000000 00:00 0 
7f247be90000-7f247c812000 rw-p 00000000 00:00 0 
7f247c812000-7f247ca82000 rwxp 00000000 00:00 0 
7f247ca82000-7f247cda3000 ---p 00000000 00:00 0 
7f247cda3000-7f247d953000 rwxp 00000000 00:00 0 
7f247d953000-7f24842da000 ---p 00000000 00:00 0 
7f24842da000-7f248467a000 rwxp 00000000 00:00 0 
7f248467a000-7f248b812000 ---p 00000000 00:00 0 
7f248b812000-7f2494000000 r--s 00000000 08:01 4325379                    /home/adam/jdk11u/build/linux-x86_64-normal-server-release/images/jdk/lib/modules
7f2494000000-7f249684f000 rw-p 00000000 00:00 0 
7f249684f000-7f2498000000 ---p 00000000 00:00 0 
7f2498004000-7f2498006000 r--p 00000000 08:01 4325406                    /home/adam/jdk11u/build/linux-x86_64-normal-server-release/images/jdk/lib/libmanagement_ext.so
7f2498006000-7f2498009000 r-xp 00002000 08:01 4325406                    /home/adam/jdk11u/build/linux-x86_64-normal-server-release/images/jdk/lib/libmanagement_ext.so
7f2498009000-7f249800a000 r--p 00005000 08:01 4325406                    /home/adam/jdk11u/build/linux-x86_64-normal-server-release/images/jdk/lib/libmanagement_ext.so
7f249800a000-7f249800b000 ---p 00006000 08:01 4325406                    /home/adam/jdk11u/build/linux-x86_64-normal-server-release/images/jdk/lib/libmanagement_ext.so
7f249800b000-7f249800c000 r--p 00006000 08:01 4325406                    /home/adam/jdk11u/build/linux-x86_64-normal-server-release/images/jdk/lib/libmanagement_ext.so
7f249800c000-7f249800d000 rw-p 00007000 08:01 4325406                    /home/adam/jdk11u/build/linux-x86_64-normal-server-release/images/jdk/lib/libmanagement_ext.so
7f249800d000-7f2498010000 r--p 00000000 08:01 4325480                    /home/adam/jdk11u/build/linux-x86_64-normal-server-release/images/jdk/lib/libmanagement.so
7f2498010000-7f2498011000 r-xp 00003000 08:01 4325480                    /home/adam/jdk11u/build/linux-x86_64-normal-server-release/images/jdk/lib/libmanagement.so
7f2498011000-7f2498012000 r--p 00004000 08:01 4325480                    /home/adam/jdk11u/build/linux-x86_64-normal-server-release/images/jdk/lib/libmanagement.so
7f2498012000-7f2498013000 r--p 00004000 08:01 4325480                    /home/adam/jdk11u/build/linux-x86_64-normal-server-release/images/jdk/lib/libmanagement.so
7f2498013000-7f2498014000 rw-p 00005000 08:01 4325480                    /home/adam/jdk11u/build/linux-x86_64-normal-server-release/images/jdk/lib/libmanagement.so
7f2498014000-7f249801b000 r--p 00000000 08:01 4325463                    /home/adam/jdk11u/build/linux-x86_64-normal-server-release/images/jdk/lib/libnio.so
7f249801b000-7f2498022000 r-xp 00007000 08:01 4325463                    /home/adam/jdk11u/build/linux-x86_64-normal-server-release/images/jdk/lib/libnio.so
7f2498022000-7f2498025000 r--p 0000e000 08:01 4325463                    /home/adam/jdk11u/build/linux-x86_64-normal-server-release/images/jdk/lib/libnio.so
7f2498025000-7f2498026000 r--p 00010000 08:01 4325463                    /home/adam/jdk11u/build/linux-x86_64-normal-server-release/images/jdk/lib/libnio.so
7f2498026000-7f2498027000 rw-p 00011000 08:01 4325463                    /home/adam/jdk11u/build/linux-x86_64-normal-server-release/images/jdk/lib/libnio.so
7f2498027000-7f24980f4000 rw-p 00000000 00:00 0 
7f24980f4000-7f24981d7000 ---p 00000000 00:00 0 
7f24981d7000-7f24981ef000 rw-p 00000000 00:00 0 
7f24981ef000-7f24982c2000 ---p 00000000 00:00 0 
7f24982c2000-7f24982c7000 rw-p 00000000 00:00 0 
7f24982c7000-7f24982ce000 ---p 00000000 00:00 0 
7f24982ce000-7f24982d1000 r--p 00000000 08:01 2907361                    /usr/lib/x86_64-linux-gnu/libnss_files-2.31.so
7f24982d1000-7f24982d8000 r-xp 00003000 08:01 2907361                    /usr/lib/x86_64-linux-gnu/libnss_files-2.31.so
7f24982d8000-7f24982da000 r--p 0000a000 08:01 2907361                    /usr/lib/x86_64-linux-gnu/libnss_files-2.31.so
7f24982da000-7f24982db000 r--p 0000b000 08:01 2907361                    /usr/lib/x86_64-linux-gnu/libnss_files-2.31.so
7f24982db000-7f24982dc000 rw-p 0000c000 08:01 2907361                    /usr/lib/x86_64-linux-gnu/libnss_files-2.31.so
7f24982dc000-7f24982e2000 rw-p 00000000 00:00 0 
7f24982e2000-7f24982e3000 r--p 00000000 08:01 4325405                    /home/adam/jdk11u/build/linux-x86_64-normal-server-release/images/jdk/lib/libjaas.so
7f24982e3000-7f24982e4000 r-xp 00001000 08:01 4325405                    /home/adam/jdk11u/build/linux-x86_64-normal-server-release/images/jdk/lib/libjaas.so
7f24982e4000-7f24982e5000 r--p 00002000 08:01 4325405                    /home/adam/jdk11u/build/linux-x86_64-normal-server-release/images/jdk/lib/libjaas.so
7f24982e5000-7f24982e6000 r--p 00002000 08:01 4325405                    /home/adam/jdk11u/build/linux-x86_64-normal-server-release/images/jdk/lib/libjaas.so
7f24982e6000-7f24982e7000 rw-p 00003000 08:01 4325405                    /home/adam/jdk11u/build/linux-x86_64-normal-server-release/images/jdk/lib/libjaas.so
7f24982e7000-7f24982e9000 r--p 00000000 08:01 4325456                    /home/adam/jdk11u/build/linux-x86_64-normal-server-release/images/jdk/lib/libzip.so
7f24982e9000-7f24982ed000 r-xp 00002000 08:01 4325456                    /home/adam/jdk11u/build/linux-x86_64-normal-server-release/images/jdk/lib/libzip.so
7f24982ed000-7f24982ef000 r--p 00006000 08:01 4325456                    /home/adam/jdk11u/build/linux-x86_64-normal-server-release/images/jdk/lib/libzip.so
7f24982ef000-7f24982f0000 r--p 00007000 08:01 4325456                    /home/adam/jdk11u/build/linux-x86_64-normal-server-release/images/jdk/lib/libzip.so
7f24982f0000-7f24982f1000 rw-p 00008000 08:01 4325456                    /home/adam/jdk11u/build/linux-x86_64-normal-server-release/images/jdk/lib/libzip.so
7f24982f1000-7f24982f9000 rw-s 00000000 08:01 262435                     /tmp/hsperfdata_root/4172
7f24982f9000-7f24982fd000 r--p 00000000 08:01 4325451                    /home/adam/jdk11u/build/linux-x86_64-normal-server-release/images/jdk/lib/libjimage.so
7f24982fd000-7f2498310000 r-xp 00004000 08:01 4325451                    /home/adam/jdk11u/build/linux-x86_64-normal-server-release/images/jdk/lib/libjimage.so
7f2498310000-7f2498316000 r--p 00017000 08:01 4325451                    /home/adam/jdk11u/build/linux-x86_64-normal-server-release/images/jdk/lib/libjimage.so
7f2498316000-7f2498318000 r--p 0001c000 08:01 4325451                    /home/adam/jdk11u/build/linux-x86_64-normal-server-release/images/jdk/lib/libjimage.so
7f2498318000-7f2498319000 rw-p 0001e000 08:01 4325451                    /home/adam/jdk11u/build/linux-x86_64-normal-server-release/images/jdk/lib/libjimage.so
7f2498319000-7f2498327000 r--p 00000000 08:01 4325473                    /home/adam/jdk11u/build/linux-x86_64-normal-server-release/images/jdk/lib/libjava.so
7f2498327000-7f249833d000 r-xp 0000e000 08:01 4325473                    /home/adam/jdk11u/build/linux-x86_64-normal-server-release/images/jdk/lib/libjava.so
7f249833d000-7f2498344000 r--p 00024000 08:01 4325473                    /home/adam/jdk11u/build/linux-x86_64-normal-server-release/images/jdk/lib/libjava.so
7f2498344000-7f2498345000 r--p 0002a000 08:01 4325473                    /home/adam/jdk11u/build/linux-x86_64-normal-server-release/images/jdk/lib/libjava.so
7f2498345000-7f2498346000 rw-p 0002b000 08:01 4325473                    /home/adam/jdk11u/build/linux-x86_64-normal-server-release/images/jdk/lib/libjava.so
7f2498346000-7f2498347000 rw-p 00000000 00:00 0 
7f2498347000-7f2498349000 r--p 00000000 08:01 2907366                    /usr/lib/x86_64-linux-gnu/librt-2.31.so
7f2498349000-7f249834d000 r-xp 00002000 08:01 2907366                    /usr/lib/x86_64-linux-gnu/librt-2.31.so
7f249834d000-7f249834f000 r--p 00006000 08:01 2907366                    /usr/lib/x86_64-linux-gnu/librt-2.31.so
7f249834f000-7f2498350000 r--p 00007000 08:01 2907366                    /usr/lib/x86_64-linux-gnu/librt-2.31.so
7f2498350000-7f2498351000 rw-p 00008000 08:01 2907366                    /usr/lib/x86_64-linux-gnu/librt-2.31.so
7f2498351000-7f2498355000 ---p 00000000 00:00 0 
7f2498355000-7f2498452000 rw-p 00000000 00:00 0 
7f2498452000-7f249845f000 r--p 00000000 08:01 2907355                    /usr/lib/x86_64-linux-gnu/libm-2.31.so
7f249845f000-7f24984f9000 r-xp 0000d000 08:01 2907355                    /usr/lib/x86_64-linux-gnu/libm-2.31.so
7f24984f9000-7f2498594000 r--p 000a7000 08:01 2907355                    /usr/lib/x86_64-linux-gnu/libm-2.31.so
7f2498594000-7f2498595000 r--p 00141000 08:01 2907355                    /usr/lib/x86_64-linux-gnu/libm-2.31.so
7f2498595000-7f2498596000 rw-p 00142000 08:01 2907355                    /usr/lib/x86_64-linux-gnu/libm-2.31.so
7f2498596000-7f2498812000 r--p 00000000 08:01 4325454                    /home/adam/jdk11u/build/linux-x86_64-normal-server-release/images/jdk/lib/server/libjvm.so
7f2498812000-7f2499403000 r-xp 0027c000 08:01 4325454                    /home/adam/jdk11u/build/linux-x86_64-normal-server-release/images/jdk/lib/server/libjvm.so
7f2499403000-7f2499658000 r--p 00e6d000 08:01 4325454                    /home/adam/jdk11u/build/linux-x86_64-normal-server-release/images/jdk/lib/server/libjvm.so
7f2499658000-7f249971b000 r--p 010c1000 08:01 4325454                    /home/adam/jdk11u/build/linux-x86_64-normal-server-release/images/jdk/lib/server/libjvm.so
7f249971b000-7f2499755000 rw-p 01184000 08:01 4325454                    /home/adam/jdk11u/build/linux-x86_64-normal-server-release/images/jdk/lib/server/libjvm.so
7f2499755000-7f24997ae000 rw-p 00000000 00:00 0 
7f24997ae000-7f24997b4000 r--p 00000000 08:01 2907364                    /usr/lib/x86_64-linux-gnu/libpthread-2.31.so
7f24997b4000-7f24997c4000 r-xp 00006000 08:01 2907364                    /usr/lib/x86_64-linux-gnu/libpthread-2.31.so
7f24997c4000-7f24997ca000 r--p 00016000 08:01 2907364                    /usr/lib/x86_64-linux-gnu/libpthread-2.31.so
7f24997ca000-7f24997cb000 r--p 0001b000 08:01 2907364                    /usr/lib/x86_64-linux-gnu/libpthread-2.31.so
7f24997cb000-7f24997cc000 rw-p 0001c000 08:01 2907364                    /usr/lib/x86_64-linux-gnu/libpthread-2.31.so
7f24997cc000-7f24997d0000 rw-p 00000000 00:00 0 
7f24997d0000-7f24997d1000 r--p 00000000 08:01 2907353                    /usr/lib/x86_64-linux-gnu/libdl-2.31.so
7f24997d1000-7f24997d3000 r-xp 00001000 08:01 2907353                    /usr/lib/x86_64-linux-gnu/libdl-2.31.so
7f24997d3000-7f24997d4000 r--p 00003000 08:01 2907353                    /usr/lib/x86_64-linux-gnu/libdl-2.31.so
7f24997d4000-7f24997d5000 r--p 00003000 08:01 2907353                    /usr/lib/x86_64-linux-gnu/libdl-2.31.so
7f24997d5000-7f24997d6000 rw-p 00004000 08:01 2907353                    /usr/lib/x86_64-linux-gnu/libdl-2.31.so
7f24997d6000-7f24997d9000 r--p 00000000 08:01 2885790                    /usr/lib/x86_64-linux-gnu/libz.so.1.2.11
7f24997d9000-7f24997ea000 r-xp 00003000 08:01 2885790                    /usr/lib/x86_64-linux-gnu/libz.so.1.2.11
7f24997ea000-7f24997f0000 r--p 00014000 08:01 2885790                    /usr/lib/x86_64-linux-gnu/libz.so.1.2.11
7f24997f0000-7f24997f1000 ---p 0001a000 08:01 2885790                    /usr/lib/x86_64-linux-gnu/libz.so.1.2.11
7f24997f1000-7f24997f2000 r--p 0001a000 08:01 2885790                    /usr/lib/x86_64-linux-gnu/libz.so.1.2.11
7f24997f2000-7f24997f3000 rw-p 0001b000 08:01 2885790                    /usr/lib/x86_64-linux-gnu/libz.so.1.2.11
7f24997f3000-7f2499815000 r--p 00000000 08:01 2907352                    /usr/lib/x86_64-linux-gnu/libc-2.31.so
7f2499815000-7f249996f000 r-xp 00022000 08:01 2907352                    /usr/lib/x86_64-linux-gnu/libc-2.31.so
7f249996f000-7f24999be000 r--p 0017c000 08:01 2907352                    /usr/lib/x86_64-linux-gnu/libc-2.31.so
7f24999be000-7f24999c2000 r--p 001ca000 08:01 2907352                    /usr/lib/x86_64-linux-gnu/libc-2.31.so
7f24999c2000-7f24999c4000 rw-p 001ce000 08:01 2907352                    /usr/lib/x86_64-linux-gnu/libc-2.31.so
7f24999c4000-7f24999c8000 rw-p 00000000 00:00 0 
7f24999cb000-7f24999cc000 ---p 00000000 00:00 0 
7f24999cc000-7f24999cd000 r--p 00000000 00:00 0 
7f24999cd000-7f24999d2000 r--p 00000000 08:01 4325457                    /home/adam/jdk11u/build/linux-x86_64-normal-server-release/images/jdk/lib/libverify.so
7f24999d2000-7f24999d9000 r-xp 00005000 08:01 4325457                    /home/adam/jdk11u/build/linux-x86_64-normal-server-release/images/jdk/lib/libverify.so
7f24999d9000-7f24999db000 r--p 0000c000 08:01 4325457                    /home/adam/jdk11u/build/linux-x86_64-normal-server-release/images/jdk/lib/libverify.so
7f24999db000-7f24999dc000 ---p 0000e000 08:01 4325457                    /home/adam/jdk11u/build/linux-x86_64-normal-server-release/images/jdk/lib/libverify.so
7f24999dc000-7f24999de000 r--p 0000e000 08:01 4325457                    /home/adam/jdk11u/build/linux-x86_64-normal-server-release/images/jdk/lib/libverify.so
7f24999de000-7f24999df000 rw-p 00010000 08:01 4325457                    /home/adam/jdk11u/build/linux-x86_64-normal-server-release/images/jdk/lib/libverify.so
7f24999df000-7f24999e2000 r--p 00000000 08:01 4325465                    /home/adam/jdk11u/build/linux-x86_64-normal-server-release/images/jdk/lib/jli/libjli.so
7f24999e2000-7f24999ec000 r-xp 00003000 08:01 4325465                    /home/adam/jdk11u/build/linux-x86_64-normal-server-release/images/jdk/lib/jli/libjli.so
7f24999ec000-7f24999ef000 r--p 0000d000 08:01 4325465                    /home/adam/jdk11u/build/linux-x86_64-normal-server-release/images/jdk/lib/jli/libjli.so
7f24999ef000-7f24999f0000 ---p 00010000 08:01 4325465                    /home/adam/jdk11u/build/linux-x86_64-normal-server-release/images/jdk/lib/jli/libjli.so
7f24999f0000-7f24999f1000 r--p 00010000 08:01 4325465                    /home/adam/jdk11u/build/linux-x86_64-normal-server-release/images/jdk/lib/jli/libjli.so
7f24999f1000-7f24999f2000 rw-p 00011000 08:01 4325465                    /home/adam/jdk11u/build/linux-x86_64-normal-server-release/images/jdk/lib/jli/libjli.so
7f24999f2000-7f24999f4000 rw-p 00000000 00:00 0 
7f24999f4000-7f24999f5000 r--p 00000000 08:01 2907322                    /usr/lib/x86_64-linux-gnu/ld-2.31.so
7f24999f5000-7f2499a15000 r-xp 00001000 08:01 2907322                    /usr/lib/x86_64-linux-gnu/ld-2.31.so
7f2499a15000-7f2499a1d000 r--p 00021000 08:01 2907322                    /usr/lib/x86_64-linux-gnu/ld-2.31.so
7f2499a1e000-7f2499a1f000 r--p 00029000 08:01 2907322                    /usr/lib/x86_64-linux-gnu/ld-2.31.so
7f2499a1f000-7f2499a20000 rw-p 0002a000 08:01 2907322                    /usr/lib/x86_64-linux-gnu/ld-2.31.so
7f2499a20000-7f2499a21000 rw-p 00000000 00:00 0 
7ffe3df22000-7ffe3df43000 rw-p 00000000 00:00 0                          [stack]
7ffe3df4a000-7ffe3df4e000 r--p 00000000 00:00 0                          [vvar]
7ffe3df4e000-7ffe3df50000 r-xp 00000000 00:00 0                          [vdso]


VM Arguments:
jvm_args: -XX:AllocateHeapAt=/dev/fakeblk -Xlog:gc=debug -XX:+UnlockExperimentalVMOptions -XX:-UseTLAB -XX:+UseEpsilonGC -Xnoclassgc -Xmx8g 
java_command: org.apache.spark.deploy.SparkSubmit --master local[*] --class WordCount /home/adam/Spark_benchmark/spark_run/run.jar
java_class_path (initial): /home/adam/Spark_benchmark/spark_compiled/conf/:/home/adam/Spark_benchmark/spark_compiled/jars/hadoop-shaded-guava-1.1.1.jar:/home/adam/Spark_benchmark/spark_compiled/jars/jersey-client-2.36.jar:/home/adam/Spark_benchmark/spark_compiled/jars/netty-transport-native-epoll-4.1.86.Final-linux-aarch_64.jar:/home/adam/Spark_benchmark/spark_compiled/jars/jsr305-3.0.0.jar:/home/adam/Spark_benchmark/spark_compiled/jars/scala-xml_2.12-2.1.0.jar:/home/adam/Spark_benchmark/spark_compiled/jars/parquet-common-1.12.3.jar:/home/adam/Spark_benchmark/spark_compiled/jars/curator-client-2.13.0.jar:/home/adam/Spark_benchmark/spark_compiled/jars/spire-platform_2.12-0.17.0.jar:/home/adam/Spark_benchmark/spark_compiled/jars/netty-codec-http2-4.1.86.Final.jar:/home/adam/Spark_benchmark/spark_compiled/jars/kubernetes-model-flowcontrol-6.4.0.jar:/home/adam/Spark_benchmark/spark_compiled/jars/snappy-java-1.1.8.4.jar:/home/adam/Spark_benchmark/spark_compiled/jars/compress-lzf-1.1.jar:/home/adam/Spark_benchmark/spark_compiled/jars/stream-2.9.6.jar:/home/adam/Spark_benchmark/spark_compiled/jars/spire-macros_2.12-0.17.0.jar:/home/adam/Spark_benchmark/spark_compiled/jars/spark-yarn_2.12-3.5.0-SNAPSHOT.jar:/home/adam/Spark_benchmark/spark_compiled/jars/spark-tags_2.12-3.5.0-SNAPSHOT.jar:/home/adam/Spark_benchmark/spark_compiled/jars/arrow-format-10.0.1.jar:/home/adam/Spark_benchmark/spark_compiled/jars/zookeeper-jute-3.6.3.jar:/home/adam/Spark_benchmark/spark_compiled/jars/avro-1.11.1.jar:/home/adam/Spark_benchmark/spark_compiled/jars/protobuf-java-2.5.0.jar:/home/adam/Spark_benchmark/spark_compiled/jars/JLargeArrays-1.5.jar:/home/adam/Spark_benchmark/spark_compiled/jars/arrow-memory-netty-10.0.1.jar:/home/adam/Spark_benchmark/spark_compiled/jars/log4j-api-2.19.0.jar:/home/adam/Spark_benchmark/spark_compiled/jars/py4j-0.10.9.7.jar:/home/adam/Spark_benchmark/spark_compiled/jars/commons-crypto-1.1.0.jar:/home/adam/Spark_benchmark/spark_compiled/jars/jakarta.servlet-api-4.0
Launcher Type: SUN_STANDARD

[Global flags]
    ccstr AllocateHeapAt                           = /dev/fakeblk                              {product} {command line}
     intx CICompilerCount                          = 4                                         {product} {ergonomic}
     bool ClassUnloading                           = false                                     {product} {command line}
     bool ClassUnloadingWithConcurrentMark         = false                                     {product} {command line}
   size_t InitialHeapSize                          = 25165824                                  {product} {ergonomic}
   size_t MaxHeapSize                              = 8589934592                                {product} {command line}
   size_t MinHeapDeltaBytes                        = 172032                                    {product} {ergonomic}
    uintx NonNMethodCodeHeapSize                   = 5836300                                {pd product} {ergonomic}
    uintx NonProfiledCodeHeapSize                  = 122910970                              {pd product} {ergonomic}
    uintx ProfiledCodeHeapSize                     = 122910970                              {pd product} {ergonomic}
    uintx ReservedCodeCacheSize                    = 251658240                              {pd product} {ergonomic}
     bool SegmentedCodeCache                       = true                                      {product} {ergonomic}
     bool UnlockExperimentalVMOptions              = true                                 {experimental} {command line}
     bool UseCompressedClassPointers               = true                                 {lp64_product} {ergonomic}
     bool UseCompressedOops                        = true                                 {lp64_product} {ergonomic}
     bool UseEpsilonGC                             = true                                 {experimental} {command line}
     bool UseTLAB                                  = false                                  {pd product} {command line}

Logging:
Log output configuration:
 #0: stdout all=warning,gc=debug uptime,level,tags
 #1: stderr all=off uptime,level,tags

Environment Variables:
PATH=/usr/local/sbin:/usr/local/bin:/usr/sbin:/usr/bin:/sbin:/bin
SHELL=/bin/bash
LANG=fr_FR.UTF-8

Signal Handlers:
SIGSEGV: [libjvm.so+0xde1f00], sa_mask[0]=11111111011111111101111111111110, sa_flags=SA_RESTART|SA_SIGINFO
SIGBUS: [libjvm.so+0xde1f00], sa_mask[0]=11111111011111111101111111111110, sa_flags=SA_RESTART|SA_SIGINFO
SIGFPE: [libjvm.so+0xde1f00], sa_mask[0]=11111111011111111101111111111110, sa_flags=SA_RESTART|SA_SIGINFO
SIGPIPE: [libjvm.so+0xbdcae0], sa_mask[0]=11111111011111111101111111111110, sa_flags=SA_RESTART|SA_SIGINFO
SIGXFSZ: [libjvm.so+0xbdcae0], sa_mask[0]=11111111011111111101111111111110, sa_flags=SA_RESTART|SA_SIGINFO
SIGILL: [libjvm.so+0xde1f00], sa_mask[0]=11111111011111111101111111111110, sa_flags=SA_RESTART|SA_SIGINFO
SIGUSR2: [libjvm.so+0xbdc980], sa_mask[0]=00000000000000000000000000000000, sa_flags=SA_RESTART|SA_SIGINFO
SIGHUP: [libjvm.so+0xbdd210], sa_mask[0]=11111111011111111101111111111110, sa_flags=SA_RESTART|SA_SIGINFO
SIGINT: [libjvm.so+0xbdd210], sa_mask[0]=11111111011111111101111111111110, sa_flags=SA_RESTART|SA_SIGINFO
SIGTERM: [libjvm.so+0xbdd210], sa_mask[0]=11111111011111111101111111111110, sa_flags=SA_RESTART|SA_SIGINFO
SIGQUIT: [libjvm.so+0xbdd210], sa_mask[0]=11111111011111111101111111111110, sa_flags=SA_RESTART|SA_SIGINFO


---------------  S Y S T E M  ---------------

OS:PRETTY_NAME="Debian GNU/Linux 11 (bullseye)"
NAME="Debian GNU/Linux"
VERSION_ID="11"
VERSION="11 (bullseye)"
VERSION_CODENAME=bullseye
ID=debian
HOME_URL="https://www.debian.org/"
SUPPORT_URL="https://www.debian.org/support"
BUG_REPORT_URL="https://bugs.debian.org/"
uname:Linux 5.10.0-11-amd64 #1 SMP Debian 5.10.92-2 (2022-02-28) x86_64
OS uptime: 0 days 20:19 hours
libc:glibc 2.31 NPTL 2.31 
rlimit (soft/hard): STACK 8192k/infinity , CORE 0k/infinity , NPROC 128459/128459 , NOFILE 1048576/1048576 , AS infinity/infinity , CPU infinity/infinity , DATA infinity/infinity , FSIZE infinity/infinity , MEMLOCK 4116444k/4116444k
load average:1,07 1,02 1,00

/proc/meminfo:
MemTotal:       32931552 kB
MemFree:        10561816 kB
MemAvailable:   19066624 kB
Buffers:         1438160 kB
Cached:         19254268 kB
SwapCached:            0 kB
Active:         16734624 kB
Inactive:        4881868 kB
Active(anon):   12583660 kB
Inactive(anon):   470584 kB
Active(file):    4150964 kB
Inactive(file):  4411284 kB
Unevictable:           0 kB
Mlocked:               0 kB
SwapTotal:             0 kB
SwapFree:              0 kB
Dirty:                 4 kB
Writeback:             0 kB
AnonPages:        470392 kB
Mapped:          1072560 kB
Shmem:          12130152 kB
KReclaimable:     412288 kB
Slab:             474376 kB
SReclaimable:     412288 kB
SUnreclaim:        62088 kB
KernelStack:        4672 kB
PageTables:         8428 kB
NFS_Unstable:          0 kB
Bounce:                0 kB
WritebackTmp:          0 kB
CommitLimit:    16465776 kB
Committed_AS:    1085500 kB
VmallocTotal:   34359738367 kB
VmallocUsed:      148184 kB
VmallocChunk:          0 kB
Percpu:             5920 kB
HardwareCorrupted:     0 kB
AnonHugePages:    321536 kB
ShmemHugePages:        0 kB
ShmemPmdMapped:        0 kB
FileHugePages:         0 kB
FilePmdMapped:         0 kB
HugePages_Total:       0
HugePages_Free:        0
HugePages_Rsvd:        0
HugePages_Surp:        0
Hugepagesize:       2048 kB
Hugetlb:               0 kB
DirectMap4k:      233320 kB
DirectMap2M:    13398016 kB
DirectMap1G:    22020096 kB

/sys/kernel/mm/transparent_hugepage/enabled:
[always] madvise never
/sys/kernel/mm/transparent_hugepage/defrag (defrag/compaction efforts parameter):
always defer defer+madvise [madvise] never

Process Memory:
Virtual Size: 14168344K (peak: 14185328K)
Resident Set Size: 1257556K (peak: 1543940K) (anon: 288120K, file: 969436K, shmem: 0K)
Swapped out: 0K
C-Heap outstanding allocations: 144992K, retained: 44627K
glibc malloc tunables: (default)

/proc/sys/kernel/threads-max (system-wide limit on the number of threads):
256918
/proc/sys/vm/max_map_count (maximum number of memory map areas a process may have):
65530
/proc/sys/kernel/pid_max (system-wide limit on number of process identifiers):
4194304

container (cgroup) information:
container_type: cgroupv2
cpu_cpuset_cpus: not supported
cpu_memory_nodes: not supported
active_processor_count: 8
cpu_quota: not supported
cpu_period: not supported
cpu_shares: not supported
memory_limit_in_bytes: 1610612736
memory_and_swap_limit_in_bytes: unlimited
memory_soft_limit_in_bytes: unlimited
memory_usage_in_bytes: 1610391552
memory_max_usage_in_bytes: not supported

KVM virtualization detected
Steal ticks since vm start: 586
Steal ticks percentage since vm start:  0,000

CPU:total 8 (initial active 8) (4 cores per cpu, 1 threads per core) family 6 model 85 stepping 7 microcode 0x5003102, cmov, cx8, fxsr, mmx, sse, sse2, sse3, ssse3, sse4.1, sse4.2, popcnt, avx, avx2, aes, clmul, erms, 3dnowpref, lzcnt, tsc, bmi1, bmi2, adx, evex, fma
CPU Model and flags from /proc/cpuinfo:
model name	: Intel(R) Xeon(R) Silver 4208 CPU @ 2.10GHz
flags		: fpu vme de pse tsc msr pae mce cx8 apic sep mtrr pge mca cmov pat pse36 clflush mmx fxsr sse sse2 ss ht syscall nx pdpe1gb rdtscp lm constant_tsc arch_perfmon rep_good nopl xtopology cpuid tsc_known_freq pni pclmulqdq vmx ssse3 fma cx16 pdcm pcid sse4_1 sse4_2 x2apic movbe popcnt tsc_deadline_timer aes xsave avx f16c rdrand hypervisor lahf_lm abm 3dnowprefetch cpuid_fault invpcid_single ssbd ibrs ibpb stibp ibrs_enhanced tpr_shadow vnmi flexpriority ept vpid ept_ad fsgsbase tsc_adjust bmi1 avx2 smep bmi2 erms invpcid mpx avx512f avx512dq rdseed adx smap clflushopt clwb avx512cd avx512bw avx512vl xsaveopt xsavec xgetbv1 xsaves arat umip pku ospke avx512_vnni md_clear arch_capabilities
Online cpus:
0-7
Offline cpus:

BIOS frequency limitation:
<Not Available>
Frequency switch latency (ns):
<Not Available>
Available cpu frequencies:
<Not Available>
Current governor:
<Not Available>
Core performance/turbo boost:
<Not Available>

Memory: 4k page, physical 1572864k(216k free), swap 0k(0k free)

vm_info: OpenJDK 64-Bit Server VM (11.0.16-internal+0-adhoc.adam.jdk11u) for linux-amd64 JRE (11.0.16-internal+0-adhoc.adam.jdk11u), built on May 11 2023 15:09:59 by "adam" with gcc 10.2.1 20210110

END.
