#
# A fatal error has been detected by the Java Runtime Environment:
#
#  SIGSEGV (0xb) at pc=0x00007fc98cfe7dfa, pid=1052, tid=1053
#
# JRE version:  (11.0.16) (build )
# Java VM: OpenJDK 64-Bit Server VM (11.0.16-internal+0-adhoc.adam.jdk11u, mixed mode, tiered, compressed oops, epsilon gc, linux-amd64)
# Problematic frame:
# V  [libjvm.so+0xde9dfa]  VMOperationQueue::add(VM_Operation*)+0x2a
#
# No core dump will be written. Core dumps have been disabled. To enable core dumping, try "ulimit -c unlimited" before starting Java again
#
#

---------------  S U M M A R Y ------------

Command Line: -XX:AllocateHeapAt=/dev/fakeblk -Xlog:gc=debug -XX:+UnlockExperimentalVMOptions -XX:-UseTLAB -XX:+UseEpsilonGC -Xnoclassgc -XX:-ClassUnloading -XX:MetaspaceSize=1G -Xms8g -Xmx8g ../dacapo-9.12-MR1-bach.jar avrora

Host: Intel(R) Xeon(R) Silver 4208 CPU @ 2.10GHz, 8 cores, 1G, Debian GNU/Linux 11 (bullseye)
Time: Wed Jul  5 14:53:02 2023 CEST elapsed time: 0.019403 seconds (0d 0h 0m 0s)

---------------  T H R E A D  ---------------

Current thread (0x00007fc984028000):  JavaThread "Unknown thread" [_thread_in_vm, id=1053, stack(0x00007fc98bfb9000,0x00007fc98c0ba000)]

Stack: [0x00007fc98bfb9000,0x00007fc98c0ba000],  sp=0x00007fc98c0b8780,  free space=1021k
Native frames: (J=compiled Java code, A=aot compiled Java code, j=interpreted, Vv=VM code, C=native code)
V  [libjvm.so+0xde9dfa]  VMOperationQueue::add(VM_Operation*)+0x2a
V  [libjvm.so+0xdea50a]  VMThread::execute(VM_Operation*)+0x11a
V  [libjvm.so+0x7283ee]  EpsilonHeap::mem_allocate_klass(unsigned long, bool*, Klass*)+0x9e
V  [libjvm.so+0xb43a17]  MemAllocator::allocate() const+0x117
V  [libjvm.so+0x60525d]  CollectedHeap::class_allocate(Klass*, int, Thread*)+0x3d
V  [libjvm.so+0x87dc53]  java_lang_Class::create_basic_type_mirror(char const*, BasicType, Thread*)+0x23
V  [libjvm.so+0xd9def4]  Universe::initialize_basic_type_mirrors(Thread*)+0xb4
V  [libjvm.so+0xd43ec2]  SystemDictionary::resolve_well_known_classes(Thread*)+0xa2
V  [libjvm.so+0xd9db18]  Universe::genesis(Thread*)+0x3e8
V  [libjvm.so+0xd9e58d]  universe2_init()+0x2d
V  [libjvm.so+0x850285]  init_globals()+0xa5
V  [libjvm.so+0xd795ca]  Threads::create_vm(JavaVMInitArgs*, bool*)+0x48a
V  [libjvm.so+0x8ffc41]  JNI_CreateJavaVM+0x51
C  [libjli.so+0x496d]  JavaMain+0x8d
C  [libjli.so+0x9619]  ThreadJavaMain+0x9


siginfo: si_signo: 11 (SIGSEGV), si_code: 1 (SEGV_MAPERR), si_addr: 0x0000000000000000

Registers:
RAX=0x0000000000000001, RBX=0x00007fc98c0b8940, RCX=0x00007fc98c68dfb0, RDX=0x00007fc98c926920
RSP=0x00007fc98c0b8780, RBP=0x00007fc98c0b8790, RSI=0x00007fc98c0b8940, RDI=0x00007fc98c0b8940
R8 =0x0000000000000000, R9 =0x00005568316ba490, R10=0x00007fc98d0aa6e1, R11=0x0000000000000000
R12=0x0000000000000000, R13=0x0000000000000001, R14=0x00007fc98d3e6140, R15=0x00007fc98c0b8940
RIP=0x00007fc98cfe7dfa, EFLAGS=0x0000000000010202, CSGSFS=0x002b000000000033, ERR=0x0000000000000006
  TRAPNO=0x000000000000000e

Top of Stack: (sp=0x00007fc98c0b8780)
0x00007fc98c0b8780:   0000000000000000 00007fc984028000
0x00007fc98c0b8790:   00007fc98c0b8930 00007fc98cfe850a
0x00007fc98c0b87a0:   000000000000000b 0000000000000019
0x00007fc98c0b87b0:   00000000000000d0 0000000000000002 

Instructions: (pc=0x00007fc98cfe7dfa)
0x00007fc98cfe7cfa:   8b 42 20 49 c7 40 28 00 00 00 00 48 8b 50 10 48
0x00007fc98cfe7d0a:   8b 52 28 48 c7 42 20 00 00 00 00 48 8b 40 10 48
0x00007fc98cfe7d1a:   8b 54 f7 10 48 89 50 20 48 89 50 28 4c 89 c0 c3
0x00007fc98cfe7d2a:   66 0f 1f 44 00 00 45 31 c0 4c 89 c0 c3 90 0f 1f
0x00007fc98cfe7d3a:   84 00 00 00 00 00 55 48 63 f6 48 89 e5 41 56 41
0x00007fc98cfe7d4a:   55 41 54 4c 8d 66 02 53 4a 8b 04 e7 48 8b 58 20
0x00007fc98cfe7d5a:   48 39 d8 74 20 49 89 fd 49 89 d6 0f 1f 00 48 8b
0x00007fc98cfe7d6a:   03 48 89 df 4c 89 f6 ff 50 50 48 8b 5b 20 4b 39
0x00007fc98cfe7d7a:   5c e5 00 75 e9 5b 41 5c 41 5d 41 5e 5d c3 0f 1f
0x00007fc98cfe7d8a:   84 00 00 00 00 00 55 48 89 e5 41 54 53 48 8b 5f
0x00007fc98cfe7d9a:   20 48 85 db 74 1d 49 89 f4 0f 1f 44 00 00 48 8b
0x00007fc98cfe7daa:   03 48 89 df 4c 89 e6 ff 50 50 48 8b 5b 20 48 85
0x00007fc98cfe7dba:   db 75 eb 5b 41 5c 5d c3 66 66 2e 0f 1f 84 00 00
0x00007fc98cfe7dca:   00 00 00 0f 1f 00 55 48 8b 06 48 8d 0d d5 61 6a
0x00007fc98cfe7dda:   ff 48 89 e5 41 54 49 89 fc 48 89 f7 53 48 8b 50
0x00007fc98cfe7dea:   58 48 89 f3 48 39 ca 75 5d ff 50 38 85 c0 75 36
0x00007fc98cfe7dfa:   41 83 04 24 01 49 8b 44 24 10 48 8b 40 28 48 89
0x00007fc98cfe7e0a:   43 28 48 8b 50 20 48 89 53 20 48 89 5a 28 48 89
0x00007fc98cfe7e1a:   58 20 b8 01 00 00 00 5b 41 5c 5d c3 66 2e 0f 1f
0x00007fc98cfe7e2a:   84 00 00 00 00 00 48 8b 03 48 89 df ff 50 38 83
0x00007fc98cfe7e3a:   f8 03 74 bc 41 83 44 24 04 01 49 8b 44 24 18 eb
0x00007fc98cfe7e4a:   b9 0f 1f 44 00 00 ff d2 84 c0 74 e8 eb a2 0f 1f
0x00007fc98cfe7e5a:   84 00 00 00 00 00 8b 47 08 83 f8 09 7f 48 83 c0
0x00007fc98cfe7e6a:   01 b9 01 00 00 00 89 47 08 31 c0 8b 14 87 85 d2
0x00007fc98cfe7e7a:   75 0d 48 63 c1 45 31 c0 8b 14 87 85 d2 74 23 83
0x00007fc98cfe7e8a:   ea 01 89 14 87 48 8b 44 c7 10 4c 8b 40 20 49 8b
0x00007fc98cfe7e9a:   50 28 49 8b 40 20 48 89 42 20 49 8b 50 28 48 89
0x00007fc98cfe7eaa:   50 28 4c 89 c0 c3 c7 47 08 00 00 00 00 31 c9 b8
0x00007fc98cfe7eba:   01 00 00 00 eb b5 55 48 89 e5 41 57 4c 8d 7f 20
0x00007fc98cfe7eca:   41 56 49 89 fe 41 55 4c 8d 6f 10 41 54 49 89 f4
0x00007fc98cfe7eda:   53 48 83 ec 08 49 8b 45 00 48 8b 58 20 48 39 d8
0x00007fc98cfe7eea:   74 1a 0f 1f 40 00 48 8b 03 48 89 df 4c 89 e6 ff 



---------------  P R O C E S S  ---------------

Threads class SMR info:
_java_thread_list=0x00005568316a80e0, length=0, elements={
}

Java Threads: ( => current thread )

Other Threads:

=>0x00007fc984028000 (exited) JavaThread "Unknown thread" [_thread_in_vm, id=1053, stack(0x00007fc98bfb9000,0x00007fc98c0ba000)]

Threads with active compile tasks:

VM state:not at safepoint (not fully initialized)

VM Mutex/Monitor currently owned by a thread:  ([mutex/lock_event])
[0x00007fc984024840] VMOperationQueue_lock - owner thread: 0x00007fc984028000

Heap address: 0x0000000600000000, size: 8192 MB, Compressed Oops mode: Zero based, Oop shift amount: 3
Narrow klass base: 0x0000000800000000, Narrow klass shift: 0
Compressed class space size: 1073741824 Address: 0x0000000800000000

GC Heap History (0 events):
No events

Deoptimization events (0 events):
No events

Classes redefined (0 events):
No events

Internal exceptions (0 events):
No events

Events (20 events):
Event: 0.004 Protecting memory [0x00007fc98bfb9000,0x00007fc98bfbd000] with protection modes 0
Event: 0.004 Loaded shared library /home/adam/jdk11u/build/linux-x86_64-normal-server-release/images/jdk/lib/libzip.so
Event: 0.011 loading class java/lang/Object
Event: 0.011 loading class java/lang/Object done
Event: 0.011 loading class java/lang/String
Event: 0.012 loading class java/io/Serializable
Event: 0.012 loading class java/io/Serializable done
Event: 0.012 loading class java/lang/Comparable
Event: 0.012 loading class java/lang/Comparable done
Event: 0.012 loading class java/lang/CharSequence
Event: 0.012 loading class java/lang/CharSequence done
Event: 0.012 loading class java/lang/String done
Event: 0.012 loading class java/lang/Class
Event: 0.012 loading class java/lang/reflect/GenericDeclaration
Event: 0.012 loading class java/lang/reflect/AnnotatedElement
Event: 0.013 loading class java/lang/reflect/AnnotatedElement done
Event: 0.013 loading class java/lang/reflect/GenericDeclaration done
Event: 0.013 loading class java/lang/reflect/Type
Event: 0.013 loading class java/lang/reflect/Type done
Event: 0.013 loading class java/lang/Class done


Dynamic libraries:
600000000-800000000 rw-s 00000000 00:05 383                              /dev/fakeblk
800000000-800060000 rw-p 00000000 00:00 0 
800060000-840000000 ---p 00000000 00:00 0 
5568300ec000-5568300ed000 r--p 00000000 08:01 4209380                    /home/adam/jdk11u/build/linux-x86_64-normal-server-release/images/jdk/bin/java
5568300ed000-5568300ee000 r-xp 00001000 08:01 4209380                    /home/adam/jdk11u/build/linux-x86_64-normal-server-release/images/jdk/bin/java
5568300ee000-5568300ef000 r--p 00002000 08:01 4209380                    /home/adam/jdk11u/build/linux-x86_64-normal-server-release/images/jdk/bin/java
5568300ef000-5568300f0000 r--p 00002000 08:01 4209380                    /home/adam/jdk11u/build/linux-x86_64-normal-server-release/images/jdk/bin/java
5568300f0000-5568300f1000 rw-p 00003000 08:01 4209380                    /home/adam/jdk11u/build/linux-x86_64-normal-server-release/images/jdk/bin/java
5568316a4000-5568316c5000 rw-p 00000000 00:00 0                          [heap]
7fc96c812000-7fc96ca82000 rwxp 00000000 00:00 0 
7fc96ca82000-7fc96cda3000 ---p 00000000 00:00 0 
7fc96cda3000-7fc96d013000 rwxp 00000000 00:00 0 
7fc96d013000-7fc9742da000 ---p 00000000 00:00 0 
7fc9742da000-7fc97454a000 rwxp 00000000 00:00 0 
7fc97454a000-7fc97b812000 ---p 00000000 00:00 0 
7fc97b812000-7fc984000000 r--s 00000000 08:01 4209158                    /home/adam/jdk11u/build/linux-x86_64-normal-server-release/images/jdk/lib/modules
7fc984000000-7fc9840d8000 rw-p 00000000 00:00 0 
7fc9840d8000-7fc988000000 ---p 00000000 00:00 0 
7fc98b0d3000-7fc98b954000 rw-p 00000000 00:00 0 
7fc98b954000-7fc98bd54000 ---p 00000000 00:00 0 
7fc98bd54000-7fc98bd59000 rw-p 00000000 00:00 0 
7fc98bd59000-7fc98be3f000 ---p 00000000 00:00 0 
7fc98be3f000-7fc98be44000 rw-p 00000000 00:00 0 
7fc98be44000-7fc98bf2a000 ---p 00000000 00:00 0 
7fc98bf2a000-7fc98bf2f000 rw-p 00000000 00:00 0 
7fc98bf2f000-7fc98bf36000 ---p 00000000 00:00 0 
7fc98bf36000-7fc98bf39000 r--p 00000000 08:01 2907361                    /usr/lib/x86_64-linux-gnu/libnss_files-2.31.so
7fc98bf39000-7fc98bf40000 r-xp 00003000 08:01 2907361                    /usr/lib/x86_64-linux-gnu/libnss_files-2.31.so
7fc98bf40000-7fc98bf42000 r--p 0000a000 08:01 2907361                    /usr/lib/x86_64-linux-gnu/libnss_files-2.31.so
7fc98bf42000-7fc98bf43000 r--p 0000b000 08:01 2907361                    /usr/lib/x86_64-linux-gnu/libnss_files-2.31.so
7fc98bf43000-7fc98bf44000 rw-p 0000c000 08:01 2907361                    /usr/lib/x86_64-linux-gnu/libnss_files-2.31.so
7fc98bf44000-7fc98bf4a000 rw-p 00000000 00:00 0 
7fc98bf4f000-7fc98bf51000 r--p 00000000 08:01 4209386                    /home/adam/jdk11u/build/linux-x86_64-normal-server-release/images/jdk/lib/libzip.so
7fc98bf51000-7fc98bf55000 r-xp 00002000 08:01 4209386                    /home/adam/jdk11u/build/linux-x86_64-normal-server-release/images/jdk/lib/libzip.so
7fc98bf55000-7fc98bf57000 r--p 00006000 08:01 4209386                    /home/adam/jdk11u/build/linux-x86_64-normal-server-release/images/jdk/lib/libzip.so
7fc98bf57000-7fc98bf58000 r--p 00007000 08:01 4209386                    /home/adam/jdk11u/build/linux-x86_64-normal-server-release/images/jdk/lib/libzip.so
7fc98bf58000-7fc98bf59000 rw-p 00008000 08:01 4209386                    /home/adam/jdk11u/build/linux-x86_64-normal-server-release/images/jdk/lib/libzip.so
7fc98bf59000-7fc98bf61000 rw-s 00000000 08:01 262430                     /tmp/hsperfdata_root/1052
7fc98bf61000-7fc98bf65000 r--p 00000000 08:01 4209381                    /home/adam/jdk11u/build/linux-x86_64-normal-server-release/images/jdk/lib/libjimage.so
7fc98bf65000-7fc98bf78000 r-xp 00004000 08:01 4209381                    /home/adam/jdk11u/build/linux-x86_64-normal-server-release/images/jdk/lib/libjimage.so
7fc98bf78000-7fc98bf7e000 r--p 00017000 08:01 4209381                    /home/adam/jdk11u/build/linux-x86_64-normal-server-release/images/jdk/lib/libjimage.so
7fc98bf7e000-7fc98bf80000 r--p 0001c000 08:01 4209381                    /home/adam/jdk11u/build/linux-x86_64-normal-server-release/images/jdk/lib/libjimage.so
7fc98bf80000-7fc98bf81000 rw-p 0001e000 08:01 4209381                    /home/adam/jdk11u/build/linux-x86_64-normal-server-release/images/jdk/lib/libjimage.so
7fc98bf81000-7fc98bf8f000 r--p 00000000 08:01 4209403                    /home/adam/jdk11u/build/linux-x86_64-normal-server-release/images/jdk/lib/libjava.so
7fc98bf8f000-7fc98bfa5000 r-xp 0000e000 08:01 4209403                    /home/adam/jdk11u/build/linux-x86_64-normal-server-release/images/jdk/lib/libjava.so
7fc98bfa5000-7fc98bfac000 r--p 00024000 08:01 4209403                    /home/adam/jdk11u/build/linux-x86_64-normal-server-release/images/jdk/lib/libjava.so
7fc98bfac000-7fc98bfad000 r--p 0002a000 08:01 4209403                    /home/adam/jdk11u/build/linux-x86_64-normal-server-release/images/jdk/lib/libjava.so
7fc98bfad000-7fc98bfae000 rw-p 0002b000 08:01 4209403                    /home/adam/jdk11u/build/linux-x86_64-normal-server-release/images/jdk/lib/libjava.so
7fc98bfae000-7fc98bfaf000 rw-p 00000000 00:00 0 
7fc98bfaf000-7fc98bfb1000 r--p 00000000 08:01 2907366                    /usr/lib/x86_64-linux-gnu/librt-2.31.so
7fc98bfb1000-7fc98bfb5000 r-xp 00002000 08:01 2907366                    /usr/lib/x86_64-linux-gnu/librt-2.31.so
7fc98bfb5000-7fc98bfb7000 r--p 00006000 08:01 2907366                    /usr/lib/x86_64-linux-gnu/librt-2.31.so
7fc98bfb7000-7fc98bfb8000 r--p 00007000 08:01 2907366                    /usr/lib/x86_64-linux-gnu/librt-2.31.so
7fc98bfb8000-7fc98bfb9000 rw-p 00008000 08:01 2907366                    /usr/lib/x86_64-linux-gnu/librt-2.31.so
7fc98bfb9000-7fc98bfbd000 ---p 00000000 00:00 0 
7fc98bfbd000-7fc98c0ba000 rw-p 00000000 00:00 0 
7fc98c0ba000-7fc98c0c7000 r--p 00000000 08:01 2907355                    /usr/lib/x86_64-linux-gnu/libm-2.31.so
7fc98c0c7000-7fc98c161000 r-xp 0000d000 08:01 2907355                    /usr/lib/x86_64-linux-gnu/libm-2.31.so
7fc98c161000-7fc98c1fc000 r--p 000a7000 08:01 2907355                    /usr/lib/x86_64-linux-gnu/libm-2.31.so
7fc98c1fc000-7fc98c1fd000 r--p 00141000 08:01 2907355                    /usr/lib/x86_64-linux-gnu/libm-2.31.so
7fc98c1fd000-7fc98c1fe000 rw-p 00142000 08:01 2907355                    /usr/lib/x86_64-linux-gnu/libm-2.31.so
7fc98c1fe000-7fc98c47a000 r--p 00000000 08:01 4209384                    /home/adam/jdk11u/build/linux-x86_64-normal-server-release/images/jdk/lib/server/libjvm.so
7fc98c47a000-7fc98d06c000 r-xp 0027c000 08:01 4209384                    /home/adam/jdk11u/build/linux-x86_64-normal-server-release/images/jdk/lib/server/libjvm.so
7fc98d06c000-7fc98d2c1000 r--p 00e6e000 08:01 4209384                    /home/adam/jdk11u/build/linux-x86_64-normal-server-release/images/jdk/lib/server/libjvm.so
7fc98d2c1000-7fc98d384000 r--p 010c2000 08:01 4209384                    /home/adam/jdk11u/build/linux-x86_64-normal-server-release/images/jdk/lib/server/libjvm.so
7fc98d384000-7fc98d3be000 rw-p 01185000 08:01 4209384                    /home/adam/jdk11u/build/linux-x86_64-normal-server-release/images/jdk/lib/server/libjvm.so
7fc98d3be000-7fc98d417000 rw-p 00000000 00:00 0 
7fc98d417000-7fc98d41d000 r--p 00000000 08:01 2907364                    /usr/lib/x86_64-linux-gnu/libpthread-2.31.so
7fc98d41d000-7fc98d42d000 r-xp 00006000 08:01 2907364                    /usr/lib/x86_64-linux-gnu/libpthread-2.31.so
7fc98d42d000-7fc98d433000 r--p 00016000 08:01 2907364                    /usr/lib/x86_64-linux-gnu/libpthread-2.31.so
7fc98d433000-7fc98d434000 r--p 0001b000 08:01 2907364                    /usr/lib/x86_64-linux-gnu/libpthread-2.31.so
7fc98d434000-7fc98d435000 rw-p 0001c000 08:01 2907364                    /usr/lib/x86_64-linux-gnu/libpthread-2.31.so
7fc98d435000-7fc98d439000 rw-p 00000000 00:00 0 
7fc98d439000-7fc98d43a000 r--p 00000000 08:01 2907353                    /usr/lib/x86_64-linux-gnu/libdl-2.31.so
7fc98d43a000-7fc98d43c000 r-xp 00001000 08:01 2907353                    /usr/lib/x86_64-linux-gnu/libdl-2.31.so
7fc98d43c000-7fc98d43d000 r--p 00003000 08:01 2907353                    /usr/lib/x86_64-linux-gnu/libdl-2.31.so
7fc98d43d000-7fc98d43e000 r--p 00003000 08:01 2907353                    /usr/lib/x86_64-linux-gnu/libdl-2.31.so
7fc98d43e000-7fc98d43f000 rw-p 00004000 08:01 2907353                    /usr/lib/x86_64-linux-gnu/libdl-2.31.so
7fc98d43f000-7fc98d442000 r--p 00000000 08:01 2885790                    /usr/lib/x86_64-linux-gnu/libz.so.1.2.11
7fc98d442000-7fc98d453000 r-xp 00003000 08:01 2885790                    /usr/lib/x86_64-linux-gnu/libz.so.1.2.11
7fc98d453000-7fc98d459000 r--p 00014000 08:01 2885790                    /usr/lib/x86_64-linux-gnu/libz.so.1.2.11
7fc98d459000-7fc98d45a000 ---p 0001a000 08:01 2885790                    /usr/lib/x86_64-linux-gnu/libz.so.1.2.11
7fc98d45a000-7fc98d45b000 r--p 0001a000 08:01 2885790                    /usr/lib/x86_64-linux-gnu/libz.so.1.2.11
7fc98d45b000-7fc98d45c000 rw-p 0001b000 08:01 2885790                    /usr/lib/x86_64-linux-gnu/libz.so.1.2.11
7fc98d45c000-7fc98d47e000 r--p 00000000 08:01 2907352                    /usr/lib/x86_64-linux-gnu/libc-2.31.so
7fc98d47e000-7fc98d5d8000 r-xp 00022000 08:01 2907352                    /usr/lib/x86_64-linux-gnu/libc-2.31.so
7fc98d5d8000-7fc98d627000 r--p 0017c000 08:01 2907352                    /usr/lib/x86_64-linux-gnu/libc-2.31.so
7fc98d627000-7fc98d62b000 r--p 001ca000 08:01 2907352                    /usr/lib/x86_64-linux-gnu/libc-2.31.so
7fc98d62b000-7fc98d62d000 rw-p 001ce000 08:01 2907352                    /usr/lib/x86_64-linux-gnu/libc-2.31.so
7fc98d62d000-7fc98d631000 rw-p 00000000 00:00 0 
7fc98d634000-7fc98d635000 ---p 00000000 00:00 0 
7fc98d635000-7fc98d636000 r--p 00000000 00:00 0 
7fc98d636000-7fc98d63b000 r--p 00000000 08:01 4209387                    /home/adam/jdk11u/build/linux-x86_64-normal-server-release/images/jdk/lib/libverify.so
7fc98d63b000-7fc98d642000 r-xp 00005000 08:01 4209387                    /home/adam/jdk11u/build/linux-x86_64-normal-server-release/images/jdk/lib/libverify.so
7fc98d642000-7fc98d644000 r--p 0000c000 08:01 4209387                    /home/adam/jdk11u/build/linux-x86_64-normal-server-release/images/jdk/lib/libverify.so
7fc98d644000-7fc98d645000 ---p 0000e000 08:01 4209387                    /home/adam/jdk11u/build/linux-x86_64-normal-server-release/images/jdk/lib/libverify.so
7fc98d645000-7fc98d647000 r--p 0000e000 08:01 4209387                    /home/adam/jdk11u/build/linux-x86_64-normal-server-release/images/jdk/lib/libverify.so
7fc98d647000-7fc98d648000 rw-p 00010000 08:01 4209387                    /home/adam/jdk11u/build/linux-x86_64-normal-server-release/images/jdk/lib/libverify.so
7fc98d648000-7fc98d64b000 r--p 00000000 08:01 4209395                    /home/adam/jdk11u/build/linux-x86_64-normal-server-release/images/jdk/lib/jli/libjli.so
7fc98d64b000-7fc98d655000 r-xp 00003000 08:01 4209395                    /home/adam/jdk11u/build/linux-x86_64-normal-server-release/images/jdk/lib/jli/libjli.so
7fc98d655000-7fc98d658000 r--p 0000d000 08:01 4209395                    /home/adam/jdk11u/build/linux-x86_64-normal-server-release/images/jdk/lib/jli/libjli.so
7fc98d658000-7fc98d659000 ---p 00010000 08:01 4209395                    /home/adam/jdk11u/build/linux-x86_64-normal-server-release/images/jdk/lib/jli/libjli.so
7fc98d659000-7fc98d65a000 r--p 00010000 08:01 4209395                    /home/adam/jdk11u/build/linux-x86_64-normal-server-release/images/jdk/lib/jli/libjli.so
7fc98d65a000-7fc98d65b000 rw-p 00011000 08:01 4209395                    /home/adam/jdk11u/build/linux-x86_64-normal-server-release/images/jdk/lib/jli/libjli.so
7fc98d65b000-7fc98d65d000 rw-p 00000000 00:00 0 
7fc98d65d000-7fc98d65e000 r--p 00000000 08:01 2907322                    /usr/lib/x86_64-linux-gnu/ld-2.31.so
7fc98d65e000-7fc98d67e000 r-xp 00001000 08:01 2907322                    /usr/lib/x86_64-linux-gnu/ld-2.31.so
7fc98d67e000-7fc98d686000 r--p 00021000 08:01 2907322                    /usr/lib/x86_64-linux-gnu/ld-2.31.so
7fc98d687000-7fc98d688000 r--p 00029000 08:01 2907322                    /usr/lib/x86_64-linux-gnu/ld-2.31.so
7fc98d688000-7fc98d689000 rw-p 0002a000 08:01 2907322                    /usr/lib/x86_64-linux-gnu/ld-2.31.so
7fc98d689000-7fc98d68a000 rw-p 00000000 00:00 0 
7ffeb9e2b000-7ffeb9e4c000 rw-p 00000000 00:00 0                          [stack]
7ffeb9fad000-7ffeb9fb1000 r--p 00000000 00:00 0                          [vvar]
7ffeb9fb1000-7ffeb9fb3000 r-xp 00000000 00:00 0                          [vdso]


VM Arguments:
jvm_args: -XX:AllocateHeapAt=/dev/fakeblk -Xlog:gc=debug -XX:+UnlockExperimentalVMOptions -XX:-UseTLAB -XX:+UseEpsilonGC -Xnoclassgc -XX:-ClassUnloading -XX:MetaspaceSize=1G -Xms8g -Xmx8g 
java_command: ../dacapo-9.12-MR1-bach.jar avrora
java_class_path (initial): ../dacapo-9.12-MR1-bach.jar
Launcher Type: SUN_STANDARD

[Global flags]
    ccstr AllocateHeapAt                           = /dev/fakeblk                              {product} {command line}
     intx CICompilerCount                          = 4                                         {product} {ergonomic}
     bool ClassUnloading                           = false                                     {product} {command line}
     bool ClassUnloadingWithConcurrentMark         = false                                     {product} {command line}
   size_t InitialHeapSize                          = 8589934592                                {product} {command line}
   size_t MaxHeapSize                              = 8589934592                                {product} {command line}
   size_t MetaspaceSize                            = 1073741824                             {pd product} {command line}
   size_t MinHeapDeltaBytes                        = 172032                                    {product} {ergonomic}
    uintx NonNMethodCodeHeapSize                   = 5836300                                {pd product} {ergonomic}
    uintx NonProfiledCodeHeapSize                  = 122910970                              {pd product} {ergonomic}
    uintx ProfiledCodeHeapSize                     = 122910970                              {pd product} {ergonomic}
    uintx ReservedCodeCacheSize                    = 251658240                              {pd product} {ergonomic}
     bool SegmentedCodeCache                       = true                                      {product} {ergonomic}
     bool UnlockExperimentalVMOptions              = true                                 {experimental} {command line}
     bool UseCompressedClassPointers               = true                                 {lp64_product} {ergonomic}
     bool UseCompressedOops                        = true                                 {lp64_product} {ergonomic}
     bool UseEpsilonGC                             = true                                 {experimental} {command line}
     bool UseTLAB                                  = false                                  {pd product} {command line}

Logging:
Log output configuration:
 #0: stdout all=warning,gc=debug uptime,level,tags (reconfigured)
 #1: stderr all=off uptime,level,tags

Environment Variables:
PATH=/usr/local/sbin:/usr/local/bin:/usr/sbin:/usr/bin:/sbin:/bin
SHELL=/bin/bash
LANG=fr_FR.UTF-8

Signal Handlers:
SIGSEGV: [libjvm.so+0xde33c0], sa_mask[0]=11111111011111111101111111111110, sa_flags=SA_RESTART|SA_SIGINFO
SIGBUS: [libjvm.so+0xde33c0], sa_mask[0]=11111111011111111101111111111110, sa_flags=SA_RESTART|SA_SIGINFO
SIGFPE: [libjvm.so+0xde33c0], sa_mask[0]=11111111011111111101111111111110, sa_flags=SA_RESTART|SA_SIGINFO
SIGPIPE: [libjvm.so+0xbddb70], sa_mask[0]=11111111011111111101111111111110, sa_flags=SA_RESTART|SA_SIGINFO
SIGXFSZ: [libjvm.so+0xbddb70], sa_mask[0]=11111111011111111101111111111110, sa_flags=SA_RESTART|SA_SIGINFO
SIGILL: [libjvm.so+0xde33c0], sa_mask[0]=11111111011111111101111111111110, sa_flags=SA_RESTART|SA_SIGINFO
SIGUSR2: [libjvm.so+0xbdda10], sa_mask[0]=00000000000000000000000000000000, sa_flags=SA_RESTART|SA_SIGINFO
SIGHUP: SIG_DFL, sa_mask[0]=00000000000000000000000000000000, sa_flags=none
SIGINT: SIG_DFL, sa_mask[0]=00000000000000000000000000000000, sa_flags=none
SIGTERM: SIG_DFL, sa_mask[0]=00000000000000000000000000000000, sa_flags=none
SIGQUIT: SIG_DFL, sa_mask[0]=00000000000000000000000000000000, sa_flags=none


---------------  S Y S T E M  ---------------

OS:PRETTY_NAME="Debian GNU/Linux 11 (bullseye)"
NAME="Debian GNU/Linux"
VERSION_ID="11"
VERSION="11 (bullseye)"
VERSION_CODENAME=bullseye
ID=debian
HOME_URL="https://www.debian.org/"
SUPPORT_URL="https://www.debian.org/support"
BUG_REPORT_URL="https://bugs.debian.org/"
uname:Linux 5.10.0-11-amd64 #1 SMP Debian 5.10.92-2 (2022-02-28) x86_64
OS uptime: 0 days 0:11 hours
libc:glibc 2.31 NPTL 2.31 
rlimit (soft/hard): STACK 8192k/infinity , CORE 0k/infinity , NPROC 128459/128459 , NOFILE 1048576/1048576 , AS infinity/infinity , CPU infinity/infinity , DATA infinity/infinity , FSIZE infinity/infinity , MEMLOCK 4116444k/4116444k
load average:0.22 0.07 0.02

/proc/meminfo:
MemTotal:       32931552 kB
MemFree:        11161484 kB
MemAvailable:   11140512 kB
Buffers:           31752 kB
Cached:         21230344 kB
SwapCached:            0 kB
Active:         21079100 kB
Inactive:         284652 kB
Active(anon):   20972236 kB
Inactive(anon):   101676 kB
Active(file):     106864 kB
Inactive(file):   182976 kB
Unevictable:           0 kB
Mlocked:               0 kB
SwapTotal:             0 kB
SwapFree:              0 kB
Dirty:              1364 kB
Writeback:             0 kB
AnonPages:        100484 kB
Mapped:         21097472 kB
Shmem:          20972512 kB
KReclaimable:      71876 kB
Slab:             106856 kB
SReclaimable:      71876 kB
SUnreclaim:        34980 kB
KernelStack:        3472 kB
PageTables:        44896 kB
NFS_Unstable:          0 kB
Bounce:                0 kB
WritebackTmp:          0 kB
CommitLimit:    16465776 kB
Committed_AS:   21726280 kB
VmallocTotal:   34359738367 kB
VmallocUsed:      155164 kB
VmallocChunk:          0 kB
Percpu:             5152 kB
HardwareCorrupted:     0 kB
AnonHugePages:     16384 kB
ShmemHugePages:        0 kB
ShmemPmdMapped:        0 kB
FileHugePages:         0 kB
FilePmdMapped:         0 kB
HugePages_Total:       0
HugePages_Free:        0
HugePages_Rsvd:        0
HugePages_Surp:        0
Hugepagesize:       2048 kB
Hugetlb:               0 kB
DirectMap4k:      114536 kB
DirectMap2M:     9322496 kB
DirectMap1G:    26214400 kB

/sys/kernel/mm/transparent_hugepage/enabled:
[always] madvise never
/sys/kernel/mm/transparent_hugepage/defrag (defrag/compaction efforts parameter):
always defer defer+madvise [madvise] never

Process Memory:
Virtual Size: 9926564K (peak: 9926564K)
Resident Set Size: 20060K (peak: 20060K) (anon: 6724K, file: 13336K, shmem: 0K)
Swapped out: 0K
C-Heap outstanding allocations: 5564K, retained: 67K
glibc malloc tunables: (default)

/proc/sys/kernel/threads-max (system-wide limit on the number of threads):
256918
/proc/sys/vm/max_map_count (maximum number of memory map areas a process may have):
65530
/proc/sys/kernel/pid_max (system-wide limit on number of process identifiers):
4194304

container (cgroup) information:
container_type: cgroupv2
cpu_cpuset_cpus: not supported
cpu_memory_nodes: not supported
active_processor_count: 8
cpu_quota: not supported
cpu_period: not supported
cpu_shares: not supported
memory_limit_in_bytes: 1610612736
memory_and_swap_limit_in_bytes: unlimited
memory_soft_limit_in_bytes: unlimited
memory_usage_in_bytes: 7794688
memory_max_usage_in_bytes: not supported

KVM virtualization detected
Steal ticks since vm start: 0
Steal ticks percentage since vm start:  0.000

CPU:total 8 (initial active 8) (4 cores per cpu, 1 threads per core) family 6 model 85 stepping 7 microcode 0x5003102, cmov, cx8, fxsr, mmx, sse, sse2, sse3, ssse3, sse4.1, sse4.2, popcnt, avx, avx2, aes, clmul, erms, 3dnowpref, lzcnt, tsc, bmi1, bmi2, adx, evex, fma
CPU Model and flags from /proc/cpuinfo:
model name	: Intel(R) Xeon(R) Silver 4208 CPU @ 2.10GHz
flags		: fpu vme de pse tsc msr pae mce cx8 apic sep mtrr pge mca cmov pat pse36 clflush mmx fxsr sse sse2 ss ht syscall nx pdpe1gb rdtscp lm constant_tsc arch_perfmon rep_good nopl xtopology cpuid tsc_known_freq pni pclmulqdq vmx ssse3 fma cx16 pdcm pcid sse4_1 sse4_2 x2apic movbe popcnt tsc_deadline_timer aes xsave avx f16c rdrand hypervisor lahf_lm abm 3dnowprefetch cpuid_fault invpcid_single ssbd ibrs ibpb stibp ibrs_enhanced tpr_shadow vnmi flexpriority ept vpid ept_ad fsgsbase tsc_adjust bmi1 avx2 smep bmi2 erms invpcid mpx avx512f avx512dq rdseed adx smap clflushopt clwb avx512cd avx512bw avx512vl xsaveopt xsavec xgetbv1 xsaves arat umip pku ospke avx512_vnni md_clear arch_capabilities
Online cpus:
0-7
Offline cpus:

BIOS frequency limitation:
<Not Available>
Frequency switch latency (ns):
<Not Available>
Available cpu frequencies:
<Not Available>
Current governor:
<Not Available>
Core performance/turbo boost:
<Not Available>

Memory: 4k page, physical 1572864k(1565252k free), swap 0k(0k free)

vm_info: OpenJDK 64-Bit Server VM (11.0.16-internal+0-adhoc.adam.jdk11u) for linux-amd64 JRE (11.0.16-internal+0-adhoc.adam.jdk11u), built on Jun 27 2023 10:58:55 by "adam" with gcc 10.2.1 20210110

END.
