#
# A fatal error has been detected by the Java Runtime Environment:
#
#  SIGSEGV (0xb) at pc=0x00007fec998ab6ad, pid=13902, tid=13903
#
# JRE version: OpenJDK Runtime Environment (11.0.16) (build 11.0.16-internal+0-adhoc.adam.jdk11u)
# Java VM: OpenJDK 64-Bit Server VM (11.0.16-internal+0-adhoc.adam.jdk11u, mixed mode, tiered, compressed oops, epsilon gc, linux-amd64)
# Problematic frame:
# V  [libjvm.so+0x8ef6ad]  jni_IsAssignableFrom+0xcd
#
# No core dump will be written. Core dumps have been disabled. To enable core dumping, try "ulimit -c unlimited" before starting Java again
#
# If you would like to submit a bug report, please visit:
#   https://bugreport.java.com/bugreport/crash.jsp
#

---------------  S U M M A R Y ------------

Command Line: -XX:AllocateHeapAt=/dev/fakeblk -Xlog:gc=debug -XX:+UnlockExperimentalVMOptions -XX:-UseTLAB -XX:+UseEpsilonGC -Xnoclassgc -XX:+AlwaysPreTouch -Xms8g -Xmx8g org.apache.spark.deploy.SparkSubmit --master local[*] --class WordCount /home/adam/Spark_benchmark/spark_run/run.jar

Host: Intel(R) Xeon(R) Silver 4208 CPU @ 2.10GHz, 8 cores, 2G, Debian GNU/Linux 11 (bullseye)
Time: Tue Jun 27 10:57:55 2023 CEST elapsed time: 29.096659 seconds (0d 0h 0m 29s)

---------------  T H R E A D  ---------------

Current thread (0x00007fec9402b800):  JavaThread "main" [_thread_in_vm, id=13903, stack(0x00007fec98d77000,0x00007fec98e78000)]

Stack: [0x00007fec98d77000,0x00007fec98e78000],  sp=0x00007fec98e70b20,  free space=998k
Native frames: (J=compiled Java code, A=aot compiled Java code, j=interpreted, Vv=VM code, C=native code)
V  [libjvm.so+0x8ef6ad]  jni_IsAssignableFrom+0xcd
J 617  java.lang.Class.isAssignableFrom(Ljava/lang/Class;)Z java.base@11.0.16-internal (0 bytes) @ 0x00007fec84315e0f [0x00007fec84315d40+0x00000000000000cf]
j  java.lang.reflect.Proxy.isProxyClass(Ljava/lang/Class;)Z+3 java.base@11.0.16-internal
J 811 c1 java.lang.ClassLoader.checkPackageAccess(Ljava/lang/Class;Ljava/security/ProtectionDomain;)V java.base@11.0.16-internal (102 bytes) @ 0x00007fec7cf1477c [0x00007fec7cf14640+0x000000000000013c]
v  ~StubRoutines::call_stub
V  [libjvm.so+0x87a3b3]  JavaCalls::call_helper(JavaValue*, methodHandle const&, JavaCallArguments*, Thread*)+0x353
V  [libjvm.so+0x8791f9]  JavaCalls::call_special(JavaValue*, Handle, Klass*, Symbol*, Symbol*, Handle, Handle, Thread*)+0x179
V  [libjvm.so+0xd3f199]  SystemDictionary::validate_protection_domain(InstanceKlass*, Handle, Handle, Thread*)+0x229
V  [libjvm.so+0xd41dc1]  SystemDictionary::resolve_instance_class_or_null(Symbol*, Handle, Handle, Thread*)+0x851
V  [libjvm.so+0xd44317]  SystemDictionary::resolve_or_fail(Symbol*, Handle, Handle, bool, Thread*)+0x57
V  [libjvm.so+0x68441a]  ConstantPool::klass_ref_at(int, Thread*)+0x13a
V  [libjvm.so+0xa66348]  LinkResolver::resolve_invokevirtual(CallInfo&, Handle, constantPoolHandle const&, int, Thread*)+0x48
V  [libjvm.so+0x873a4f]  InterpreterRuntime::resolve_invoke(JavaThread*, Bytecodes::Code)+0x17f
V  [libjvm.so+0x8740ad]  InterpreterRuntime::resolve_from_cache(JavaThread*, Bytecodes::Code)+0x3d
j  java.lang.System.getProperty(Ljava/lang/String;)Ljava/lang/String;+14 java.base@11.0.16-internal
j  sun.security.action.GetPropertyAction.run()Ljava/lang/String;+4 java.base@11.0.16-internal
j  sun.security.action.GetPropertyAction.run()Ljava/lang/Object;+1 java.base@11.0.16-internal
v  ~StubRoutines::call_stub
V  [libjvm.so+0x87a3b3]  JavaCalls::call_helper(JavaValue*, methodHandle const&, JavaCallArguments*, Thread*)+0x353
V  [libjvm.so+0x932431]  JVM_DoPrivileged+0x531
J 1355  java.security.AccessController.doPrivileged(Ljava/security/PrivilegedAction;)Ljava/lang/Object; java.base@11.0.16-internal (0 bytes) @ 0x00007fec84373e92 [0x00007fec84373dc0+0x00000000000000d2]
j  sun.security.action.GetPropertyAction.privilegedGetProperty(Ljava/lang/String;)Ljava/lang/String;+19 java.base@11.0.16-internal
j  java.lang.reflect.AccessibleObject.printStackTraceWhenAccessFails()Z+15 java.base@11.0.16-internal
J 1439 c1 java.lang.reflect.AccessibleObject.checkAccess(Ljava/lang/Class;Ljava/lang/Class;Ljava/lang/Class;I)V java.base@11.0.16-internal (40 bytes) @ 0x00007fec7d03c72c [0x00007fec7d03c600+0x000000000000012c]
j  java.lang.reflect.Field.checkAccess(Ljava/lang/Class;Ljava/lang/Object;)V+28 java.base@11.0.16-internal
j  java.lang.reflect.Field.get(Ljava/lang/Object;)Ljava/lang/Object;+14 java.base@11.0.16-internal
j  com.sun.jmx.mbeanserver.DefaultMXBeanMappingFactory.<clinit>()V+211 java.management@11.0.16-internal
v  ~StubRoutines::call_stub
V  [libjvm.so+0x87a3b3]  JavaCalls::call_helper(JavaValue*, methodHandle const&, JavaCallArguments*, Thread*)+0x353
V  [libjvm.so+0x8591b1]  InstanceKlass::call_class_initializer(Thread*)+0x251
V  [libjvm.so+0x8595f9]  InstanceKlass::initialize_impl(Thread*)+0x3d9
V  [libjvm.so+0x8714a9]  InterpreterRuntime::_new(JavaThread*, ConstantPool*, int)+0x1e9
j  com.sun.jmx.mbeanserver.MXBeanMappingFactory.<clinit>()V+0 java.management@11.0.16-internal
v  ~StubRoutines::call_stub
V  [libjvm.so+0x87a3b3]  JavaCalls::call_helper(JavaValue*, methodHandle const&, JavaCallArguments*, Thread*)+0x353
V  [libjvm.so+0x8591b1]  InstanceKlass::call_class_initializer(Thread*)+0x251
V  [libjvm.so+0x8595f9]  InstanceKlass::initialize_impl(Thread*)+0x3d9
V  [libjvm.so+0xa63773]  LinkResolver::resolve_field(fieldDescriptor&, LinkInfo const&, Bytecodes::Code, bool, Thread*)+0x183
V  [libjvm.so+0xa642b2]  LinkResolver::resolve_field_access(fieldDescriptor&, constantPoolHandle const&, int, methodHandle const&, Bytecodes::Code, Thread*)+0xe2
V  [libjvm.so+0x872e60]  InterpreterRuntime::resolve_get_put(JavaThread*, Bytecodes::Code)+0x180
V  [libjvm.so+0x874265]  InterpreterRuntime::resolve_from_cache(JavaThread*, Bytecodes::Code)+0x1f5
j  com.sun.jmx.mbeanserver.ConvertingMethod.<init>(Ljava/lang/reflect/Method;)V+9 java.management@11.0.16-internal
j  com.sun.jmx.mbeanserver.ConvertingMethod.from(Ljava/lang/reflect/Method;)Lcom/sun/jmx/mbeanserver/ConvertingMethod;+5 java.management@11.0.16-internal
j  com.sun.jmx.mbeanserver.MXBeanIntrospector.mFrom(Ljava/lang/reflect/Method;)Lcom/sun/jmx/mbeanserver/ConvertingMethod;+1 java.management@11.0.16-internal
j  com.sun.jmx.mbeanserver.MXBeanIntrospector.mFrom(Ljava/lang/reflect/Method;)Ljava/lang/Object;+2 java.management@11.0.16-internal
j  com.sun.jmx.mbeanserver.MBeanAnalyzer.initMaps(Ljava/lang/Class;Lcom/sun/jmx/mbeanserver/MBeanIntrospector;)V+61 java.management@11.0.16-internal
j  com.sun.jmx.mbeanserver.MBeanAnalyzer.<init>(Ljava/lang/Class;Lcom/sun/jmx/mbeanserver/MBeanIntrospector;)V+78 java.management@11.0.16-internal
j  com.sun.jmx.mbeanserver.MBeanAnalyzer.analyzer(Ljava/lang/Class;Lcom/sun/jmx/mbeanserver/MBeanIntrospector;)Lcom/sun/jmx/mbeanserver/MBeanAnalyzer;+6 java.management@11.0.16-internal
j  com.sun.jmx.mbeanserver.MXBeanIntrospector.getAnalyzer(Ljava/lang/Class;)Lcom/sun/jmx/mbeanserver/MBeanAnalyzer;+2 java.management@11.0.16-internal
j  com.sun.jmx.mbeanserver.MBeanIntrospector.getPerInterface(Ljava/lang/Class;)Lcom/sun/jmx/mbeanserver/PerInterface;+45 java.management@11.0.16-internal
j  com.sun.jmx.mbeanserver.MBeanSupport.<init>(Ljava/lang/Object;Ljava/lang/Class;)V+69 java.management@11.0.16-internal
j  com.sun.jmx.mbeanserver.MXBeanSupport.<init>(Ljava/lang/Object;Ljava/lang/Class;)V+3 java.management@11.0.16-internal
j  javax.management.StandardMBean.construct(Ljava/lang/Object;Ljava/lang/Class;ZZ)V+56 java.management@11.0.16-internal
j  javax.management.StandardMBean.<init>(Ljava/lang/Object;Ljava/lang/Class;Z)V+9 java.management@11.0.16-internal
j  java.lang.management.ManagementFactory.lambda$addMXBean$7(Ljava/lang/Object;Ljavax/management/MBeanServer;Ljavax/management/ObjectName;)Ljava/lang/Void;+52 java.management@11.0.16-internal
j  java.lang.management.ManagementFactory$$Lambda$104.run()Ljava/lang/Object;+12 java.management@11.0.16-internal
v  ~StubRoutines::call_stub
V  [libjvm.so+0x87a3b3]  JavaCalls::call_helper(JavaValue*, methodHandle const&, JavaCallArguments*, Thread*)+0x353
V  [libjvm.so+0x932431]  JVM_DoPrivileged+0x531
j  java.security.AccessController.doPrivileged(Ljava/security/PrivilegedExceptionAction;)Ljava/lang/Object;+0 java.base@11.0.16-internal
j  java.lang.management.ManagementFactory.addMXBean(Ljavax/management/MBeanServer;Ljava/lang/String;Ljava/lang/Object;)V+13 java.management@11.0.16-internal
j  java.lang.management.ManagementFactory.lambda$getPlatformMBeanServer$1(Ljava/util/Map$Entry;)V+18 java.management@11.0.16-internal
j  java.lang.management.ManagementFactory$$Lambda$103.accept(Ljava/lang/Object;)V+4 java.management@11.0.16-internal
j  java.util.stream.ForEachOps$ForEachOp$OfRef.accept(Ljava/lang/Object;)V+5 java.base@11.0.16-internal
j  java.util.Collections$2.tryAdvance(Ljava/util/function/Consumer;)Z+29 java.base@11.0.16-internal
j  java.util.Collections$2.forEachRemaining(Ljava/util/function/Consumer;)V+2 java.base@11.0.16-internal
j  java.util.stream.ReferencePipeline$Head.forEach(Ljava/util/function/Consumer;)V+12 java.base@11.0.16-internal
j  java.util.stream.ReferencePipeline$7$1.accept(Ljava/lang/Object;)V+41 java.base@11.0.16-internal
j  java.util.stream.ReferencePipeline$2$1.accept(Ljava/lang/Object;)V+21 java.base@11.0.16-internal
j  java.util.HashMap$ValueSpliterator.forEachRemaining(Ljava/util/function/Consumer;)V+145 java.base@11.0.16-internal
j  java.util.stream.AbstractPipeline.copyInto(Ljava/util/stream/Sink;Ljava/util/Spliterator;)V+32 java.base@11.0.16-internal
j  java.util.stream.AbstractPipeline.wrapAndCopyInto(Ljava/util/stream/Sink;Ljava/util/Spliterator;)Ljava/util/stream/Sink;+13 java.base@11.0.16-internal
j  java.util.stream.ForEachOps$ForEachOp.evaluateSequential(Ljava/util/stream/PipelineHelper;Ljava/util/Spliterator;)Ljava/lang/Void;+3 java.base@11.0.16-internal
j  java.util.stream.ForEachOps$ForEachOp$OfRef.evaluateSequential(Ljava/util/stream/PipelineHelper;Ljava/util/Spliterator;)Ljava/lang/Object;+3 java.base@11.0.16-internal
j  java.util.stream.AbstractPipeline.evaluate(Ljava/util/stream/TerminalOp;)Ljava/lang/Object;+88 java.base@11.0.16-internal
j  java.util.stream.ReferencePipeline.forEach(Ljava/util/function/Consumer;)V+6 java.base@11.0.16-internal
j  java.lang.management.ManagementFactory.getPlatformMBeanServer()Ljavax/management/MBeanServer;+68 java.management@11.0.16-internal
j  org.apache.logging.log4j.core.jmx.Server.reregisterMBeansAfterReconfigure()V+15
j  org.apache.logging.log4j.core.LoggerContext.setConfiguration(Lorg/apache/logging/log4j/core/config/Configuration;)Lorg/apache/logging/log4j/core/config/Configuration;+162
j  org.apache.logging.log4j.core.LoggerContext.reconfigure(Ljava/net/URI;)V+89
j  org.apache.logging.log4j.core.LoggerContext.reconfigure()V+5
j  org.apache.logging.log4j.core.LoggerContext.start()V+77
j  org.apache.logging.log4j.core.impl.Log4jContextFactory.getContext(Ljava/lang/String;Ljava/lang/ClassLoader;Ljava/lang/Object;ZLjava/net/URI;Ljava/lang/String;)Lorg/apache/logging/log4j/core/LoggerContext;+123
j  org.apache.logging.log4j.core.impl.Log4jContextFactory.getContext(Ljava/lang/String;Ljava/lang/ClassLoader;Ljava/lang/Object;ZLjava/net/URI;Ljava/lang/String;)Lorg/apache/logging/log4j/spi/LoggerContext;+10
j  org.apache.logging.log4j.LogManager.getContext(Z)Lorg/apache/logging/log4j/spi/LoggerContext;+11
j  org.apache.logging.log4j.LogManager.getLogger(Ljava/lang/String;)Lorg/apache/logging/log4j/Logger;+5
j  org.apache.logging.log4j.LogManager.getRootLogger()Lorg/apache/logging/log4j/Logger;+2
j  org.apache.spark.internal.Logging.initializeLogging(ZZ)V+9
j  org.apache.spark.internal.Logging.initializeLogIfNecessary(ZZ)Z+30
j  org.apache.spark.internal.Logging.initializeLogIfNecessary$(Lorg/apache/spark/internal/Logging;ZZ)Z+3
j  org.apache.spark.deploy.SparkSubmit.initializeLogIfNecessary(ZZ)Z+3
j  org.apache.spark.deploy.SparkSubmit.doSubmit([Ljava/lang/String;)V+3
j  org.apache.spark.deploy.SparkSubmit$$anon$2.doSubmit([Ljava/lang/String;)V+2
j  org.apache.spark.deploy.SparkSubmit$.main([Ljava/lang/String;)V+29
j  org.apache.spark.deploy.SparkSubmit.main([Ljava/lang/String;)V+4
v  ~StubRoutines::call_stub
V  [libjvm.so+0x87a3b3]  JavaCalls::call_helper(JavaValue*, methodHandle const&, JavaCallArguments*, Thread*)+0x353
V  [libjvm.so+0x8f6b0d]  jni_invoke_static(JNIEnv_*, JavaValue*, _jobject*, JNICallType, _jmethodID*, JNI_ArgumentPusher*, Thread*) [clone .constprop.1]+0x24d
V  [libjvm.so+0x8f917c]  jni_CallStaticVoidMethod+0x15c
C  [libjli.so+0x55d7]  JavaMain+0xcf7
...<more frames>...

Java frames: (J=compiled Java code, j=interpreted, Vv=VM code)
J 617  java.lang.Class.isAssignableFrom(Ljava/lang/Class;)Z java.base@11.0.16-internal (0 bytes) @ 0x00007fec84315d9c [0x00007fec84315d40+0x000000000000005c]
j  java.lang.reflect.Proxy.isProxyClass(Ljava/lang/Class;)Z+3 java.base@11.0.16-internal
J 811 c1 java.lang.ClassLoader.checkPackageAccess(Ljava/lang/Class;Ljava/security/ProtectionDomain;)V java.base@11.0.16-internal (102 bytes) @ 0x00007fec7cf1477c [0x00007fec7cf14640+0x000000000000013c]
v  ~StubRoutines::call_stub
j  java.lang.System.getProperty(Ljava/lang/String;)Ljava/lang/String;+14 java.base@11.0.16-internal
j  sun.security.action.GetPropertyAction.run()Ljava/lang/String;+4 java.base@11.0.16-internal
j  sun.security.action.GetPropertyAction.run()Ljava/lang/Object;+1 java.base@11.0.16-internal
v  ~StubRoutines::call_stub
J 1355  java.security.AccessController.doPrivileged(Ljava/security/PrivilegedAction;)Ljava/lang/Object; java.base@11.0.16-internal (0 bytes) @ 0x00007fec84373e1f [0x00007fec84373dc0+0x000000000000005f]
j  sun.security.action.GetPropertyAction.privilegedGetProperty(Ljava/lang/String;)Ljava/lang/String;+19 java.base@11.0.16-internal
j  java.lang.reflect.AccessibleObject.printStackTraceWhenAccessFails()Z+15 java.base@11.0.16-internal
J 1439 c1 java.lang.reflect.AccessibleObject.checkAccess(Ljava/lang/Class;Ljava/lang/Class;Ljava/lang/Class;I)V java.base@11.0.16-internal (40 bytes) @ 0x00007fec7d03c72c [0x00007fec7d03c600+0x000000000000012c]
j  java.lang.reflect.Field.checkAccess(Ljava/lang/Class;Ljava/lang/Object;)V+28 java.base@11.0.16-internal
j  java.lang.reflect.Field.get(Ljava/lang/Object;)Ljava/lang/Object;+14 java.base@11.0.16-internal
j  com.sun.jmx.mbeanserver.DefaultMXBeanMappingFactory.<clinit>()V+211 java.management@11.0.16-internal
v  ~StubRoutines::call_stub
j  com.sun.jmx.mbeanserver.MXBeanMappingFactory.<clinit>()V+0 java.management@11.0.16-internal
v  ~StubRoutines::call_stub
j  com.sun.jmx.mbeanserver.ConvertingMethod.<init>(Ljava/lang/reflect/Method;)V+9 java.management@11.0.16-internal
j  com.sun.jmx.mbeanserver.ConvertingMethod.from(Ljava/lang/reflect/Method;)Lcom/sun/jmx/mbeanserver/ConvertingMethod;+5 java.management@11.0.16-internal
j  com.sun.jmx.mbeanserver.MXBeanIntrospector.mFrom(Ljava/lang/reflect/Method;)Lcom/sun/jmx/mbeanserver/ConvertingMethod;+1 java.management@11.0.16-internal
j  com.sun.jmx.mbeanserver.MXBeanIntrospector.mFrom(Ljava/lang/reflect/Method;)Ljava/lang/Object;+2 java.management@11.0.16-internal
j  com.sun.jmx.mbeanserver.MBeanAnalyzer.initMaps(Ljava/lang/Class;Lcom/sun/jmx/mbeanserver/MBeanIntrospector;)V+61 java.management@11.0.16-internal
j  com.sun.jmx.mbeanserver.MBeanAnalyzer.<init>(Ljava/lang/Class;Lcom/sun/jmx/mbeanserver/MBeanIntrospector;)V+78 java.management@11.0.16-internal
j  com.sun.jmx.mbeanserver.MBeanAnalyzer.analyzer(Ljava/lang/Class;Lcom/sun/jmx/mbeanserver/MBeanIntrospector;)Lcom/sun/jmx/mbeanserver/MBeanAnalyzer;+6 java.management@11.0.16-internal
j  com.sun.jmx.mbeanserver.MXBeanIntrospector.getAnalyzer(Ljava/lang/Class;)Lcom/sun/jmx/mbeanserver/MBeanAnalyzer;+2 java.management@11.0.16-internal
j  com.sun.jmx.mbeanserver.MBeanIntrospector.getPerInterface(Ljava/lang/Class;)Lcom/sun/jmx/mbeanserver/PerInterface;+45 java.management@11.0.16-internal
j  com.sun.jmx.mbeanserver.MBeanSupport.<init>(Ljava/lang/Object;Ljava/lang/Class;)V+69 java.management@11.0.16-internal
j  com.sun.jmx.mbeanserver.MXBeanSupport.<init>(Ljava/lang/Object;Ljava/lang/Class;)V+3 java.management@11.0.16-internal
j  javax.management.StandardMBean.construct(Ljava/lang/Object;Ljava/lang/Class;ZZ)V+56 java.management@11.0.16-internal
j  javax.management.StandardMBean.<init>(Ljava/lang/Object;Ljava/lang/Class;Z)V+9 java.management@11.0.16-internal
j  java.lang.management.ManagementFactory.lambda$addMXBean$7(Ljava/lang/Object;Ljavax/management/MBeanServer;Ljavax/management/ObjectName;)Ljava/lang/Void;+52 java.management@11.0.16-internal
j  java.lang.management.ManagementFactory$$Lambda$104.run()Ljava/lang/Object;+12 java.management@11.0.16-internal
v  ~StubRoutines::call_stub
j  java.security.AccessController.doPrivileged(Ljava/security/PrivilegedExceptionAction;)Ljava/lang/Object;+0 java.base@11.0.16-internal
j  java.lang.management.ManagementFactory.addMXBean(Ljavax/management/MBeanServer;Ljava/lang/String;Ljava/lang/Object;)V+13 java.management@11.0.16-internal
j  java.lang.management.ManagementFactory.lambda$getPlatformMBeanServer$1(Ljava/util/Map$Entry;)V+18 java.management@11.0.16-internal
j  java.lang.management.ManagementFactory$$Lambda$103.accept(Ljava/lang/Object;)V+4 java.management@11.0.16-internal
j  java.util.stream.ForEachOps$ForEachOp$OfRef.accept(Ljava/lang/Object;)V+5 java.base@11.0.16-internal
j  java.util.Collections$2.tryAdvance(Ljava/util/function/Consumer;)Z+29 java.base@11.0.16-internal
j  java.util.Collections$2.forEachRemaining(Ljava/util/function/Consumer;)V+2 java.base@11.0.16-internal
j  java.util.stream.ReferencePipeline$Head.forEach(Ljava/util/function/Consumer;)V+12 java.base@11.0.16-internal
j  java.util.stream.ReferencePipeline$7$1.accept(Ljava/lang/Object;)V+41 java.base@11.0.16-internal
j  java.util.stream.ReferencePipeline$2$1.accept(Ljava/lang/Object;)V+21 java.base@11.0.16-internal
j  java.util.HashMap$ValueSpliterator.forEachRemaining(Ljava/util/function/Consumer;)V+145 java.base@11.0.16-internal
j  java.util.stream.AbstractPipeline.copyInto(Ljava/util/stream/Sink;Ljava/util/Spliterator;)V+32 java.base@11.0.16-internal
j  java.util.stream.AbstractPipeline.wrapAndCopyInto(Ljava/util/stream/Sink;Ljava/util/Spliterator;)Ljava/util/stream/Sink;+13 java.base@11.0.16-internal
j  java.util.stream.ForEachOps$ForEachOp.evaluateSequential(Ljava/util/stream/PipelineHelper;Ljava/util/Spliterator;)Ljava/lang/Void;+3 java.base@11.0.16-internal
j  java.util.stream.ForEachOps$ForEachOp$OfRef.evaluateSequential(Ljava/util/stream/PipelineHelper;Ljava/util/Spliterator;)Ljava/lang/Object;+3 java.base@11.0.16-internal
j  java.util.stream.AbstractPipeline.evaluate(Ljava/util/stream/TerminalOp;)Ljava/lang/Object;+88 java.base@11.0.16-internal
j  java.util.stream.ReferencePipeline.forEach(Ljava/util/function/Consumer;)V+6 java.base@11.0.16-internal
j  java.lang.management.ManagementFactory.getPlatformMBeanServer()Ljavax/management/MBeanServer;+68 java.management@11.0.16-internal
j  org.apache.logging.log4j.core.jmx.Server.reregisterMBeansAfterReconfigure()V+15
j  org.apache.logging.log4j.core.LoggerContext.setConfiguration(Lorg/apache/logging/log4j/core/config/Configuration;)Lorg/apache/logging/log4j/core/config/Configuration;+162
j  org.apache.logging.log4j.core.LoggerContext.reconfigure(Ljava/net/URI;)V+89
j  org.apache.logging.log4j.core.LoggerContext.reconfigure()V+5
j  org.apache.logging.log4j.core.LoggerContext.start()V+77
j  org.apache.logging.log4j.core.impl.Log4jContextFactory.getContext(Ljava/lang/String;Ljava/lang/ClassLoader;Ljava/lang/Object;ZLjava/net/URI;Ljava/lang/String;)Lorg/apache/logging/log4j/core/LoggerContext;+123
j  org.apache.logging.log4j.core.impl.Log4jContextFactory.getContext(Ljava/lang/String;Ljava/lang/ClassLoader;Ljava/lang/Object;ZLjava/net/URI;Ljava/lang/String;)Lorg/apache/logging/log4j/spi/LoggerContext;+10
j  org.apache.logging.log4j.LogManager.getContext(Z)Lorg/apache/logging/log4j/spi/LoggerContext;+11
j  org.apache.logging.log4j.LogManager.getLogger(Ljava/lang/String;)Lorg/apache/logging/log4j/Logger;+5
j  org.apache.logging.log4j.LogManager.getRootLogger()Lorg/apache/logging/log4j/Logger;+2
j  org.apache.spark.internal.Logging.initializeLogging(ZZ)V+9
j  org.apache.spark.internal.Logging.initializeLogIfNecessary(ZZ)Z+30
j  org.apache.spark.internal.Logging.initializeLogIfNecessary$(Lorg/apache/spark/internal/Logging;ZZ)Z+3
j  org.apache.spark.deploy.SparkSubmit.initializeLogIfNecessary(ZZ)Z+3
j  org.apache.spark.deploy.SparkSubmit.doSubmit([Ljava/lang/String;)V+3
j  org.apache.spark.deploy.SparkSubmit$$anon$2.doSubmit([Ljava/lang/String;)V+2
j  org.apache.spark.deploy.SparkSubmit$.main([Ljava/lang/String;)V+29
j  org.apache.spark.deploy.SparkSubmit.main([Ljava/lang/String;)V+4
v  ~StubRoutines::call_stub

siginfo: si_signo: 11 (SIGSEGV), si_code: 128 (SI_KERNEL), si_addr: 0x0000000000000000

Register to memory mapping:

RAX=0x0000000800219b70 is a pointer to class: 
java.lang.reflect.Proxy {0x0000000800219b70}
RBX={method} {0x00007fec982e06b8} 'isAssignableFrom' '(Ljava/lang/Class;)Z' in 'java/lang/Class'
RCX=0x00000006041ecda8 is an unallocated location in the heap
RDX=0x0000000000000038 is an unknown value
RSP=0x00007fec98e70b20 is pointing into the stack for thread: 0x00007fec9402b800
RBP=0x00007fec98e70b40 is pointing into the stack for thread: 0x00007fec9402b800
RSI=0x0000000800219b70 is a pointer to class: 
java.lang.reflect.Proxy {0x0000000800219b70}
RDI=0x00000006041ecda8 is an unallocated location in the heap
R8 =0x00007fec98e70b50 is pointing into the stack for thread: 0x00007fec9402b800
R9 =0x000000000000000f is an unknown value
R10=0x00007fec84315d9c is at entry_point+92 in (nmethod*)0x00007fec84315b90
R11=0x00007fec84315d68 is at entry_point+40 in (nmethod*)0x00007fec84315b90
R12=0x00000006041ecda8 is an unallocated location in the heap
R13=0xc01ee39bc01ee39b is an unknown value
R14=0x00007fec98e70c18 is pointing into the stack for thread: 0x00007fec9402b800
R15=0x00007fec9402b800 is a thread


Registers:
RAX=0x0000000800219b70, RBX=0x00007fec982e06b8, RCX=0x00000006041ecda8, RDX=0x0000000000000038
RSP=0x00007fec98e70b20, RBP=0x00007fec98e70b40, RSI=0x0000000800219b70, RDI=0x00000006041ecda8
R8 =0x00007fec98e70b50, R9 =0x000000000000000f, R10=0x00007fec84315d9c, R11=0x00007fec84315d68
R12=0x00000006041ecda8, R13=0xc01ee39bc01ee39b, R14=0x00007fec98e70c18, R15=0x00007fec9402b800
RIP=0x00007fec998ab6ad, EFLAGS=0x0000000000010246, CSGSFS=0x002b000000000033, ERR=0x0000000000000000
  TRAPNO=0x000000000000000d

Top of Stack: (sp=0x00007fec98e70b20)
0x00007fec98e70b20:   0000000000000000 00007fec9402b800
0x00007fec98e70b30:   0000000000000000 00007fec98e70bb0
0x00007fec98e70b40:   00007fec98e70b90 00007fec84315e0f
0x00007fec98e70b50:   00000006041ecda8 0000000600005d40 

Instructions: (pc=0x00007fec998ab6ad)
0x00007fec998ab5ad:   41 5c 41 5d 41 5e 5d c3 0f 1f 00 4c 89 ef ff 15
0x00007fec998ab5bd:   57 b4 89 00 49 89 c5 e9 35 ff ff ff 0f 1f 80 00
0x00007fec998ab5cd:   00 00 00 4c 89 e7 45 31 e4 e8 55 0a 48 00 e9 de
0x00007fec998ab5dd:   fe ff ff 55 48 81 ef 48 03 00 00 48 89 e5 41 55
0x00007fec998ab5ed:   49 89 f5 41 54 49 89 d4 48 83 ec 10 8b 87 d8 03
0x00007fec998ab5fd:   00 00 2d ab de 00 00 83 f8 01 0f 87 db 00 00 00
0x00007fec998ab60d:   48 89 7d e8 e8 da 85 ff ff 41 f6 c5 01 0f 84 b0
0x00007fec998ab61d:   00 00 00 49 8d 7d ff ff 15 e6 b3 89 00 49 89 c5
0x00007fec998ab62d:   41 f6 c4 01 74 3d 49 8d 7c 24 ff ff 15 d2 b3 89
0x00007fec998ab63d:   00 4c 89 ef 49 89 c4 e8 f7 e7 f8 ff 84 c0 74 3b
0x00007fec998ab64d:   4d 39 ec 41 0f 94 c4 48 8d 7d e8 e8 03 53 01 00
0x00007fec998ab65d:   48 83 c4 10 44 89 e0 41 5c 41 5d 5d c3 66 0f 1f
0x00007fec998ab66d:   44 00 00 4c 89 e7 ff 15 9f b3 89 00 4c 89 ef 49
0x00007fec998ab67d:   89 c4 e8 bc e7 f8 ff 84 c0 75 c5 4c 89 e7 e8 b0
0x00007fec998ab68d:   e7 f8 ff 84 c0 75 b9 4c 89 ef e8 84 e4 f8 ff 4c
0x00007fec998ab69d:   89 e7 49 89 c5 e8 79 e4 f8 ff 8b 50 10 48 89 c6
0x00007fec998ab6ad:   49 3b 44 15 00 74 44 45 31 e4 83 fa 20 75 98 4c
0x00007fec998ab6bd:   89 ef e8 dc fa 13 00 41 89 c4 eb 8b 0f 1f 80 00
0x00007fec998ab6cd:   00 00 00 4c 89 ef ff 15 3f b3 89 00 49 89 c5 e9
0x00007fec998ab6dd:   4c ff ff ff 0f 1f 80 00 00 00 00 e8 43 09 48 00
0x00007fec998ab6ed:   31 ff e9 19 ff ff ff 0f 1f 40 00 41 bc 01 00 00
0x00007fec998ab6fd:   00 e9 51 ff ff ff 66 66 2e 0f 1f 84 00 00 00 00
0x00007fec998ab70d:   00 66 90 55 48 89 e5 41 56 41 55 49 89 f5 41 54
0x00007fec998ab71d:   4c 8d a7 b8 fc ff ff 53 48 89 d3 48 83 ec 40 41
0x00007fec998ab72d:   8b 84 24 d8 03 00 00 2d ab de 00 00 83 f8 01 0f
0x00007fec998ab73d:   87 36 01 00 00 4c 89 e7 4c 89 65 a8 e8 a2 84 ff
0x00007fec998ab74d:   ff 49 83 7c 24 08 00 4c 89 65 c0 48 c7 45 c8 00
0x00007fec998ab75d:   00 00 00 74 09 48 8d 7d c0 e8 05 64 35 00 41 f6
0x00007fec998ab76d:   c5 01 0f 84 eb 00 00 00 49 8d 7d ff ff 15 91 b2
0x00007fec998ab77d:   89 00 48 89 c7 e8 99 e3 f8 ff 48 89 c7 49 89 c5
0x00007fec998ab78d:   4c 8b 70 18 e8 fa 03 14 00 4c 89 e6 48 8d 7d b0
0x00007fec998ab79d:   48 89 c2 e8 7b d6 b3 ff 49 8b 45 00 4c 89 ef ff 


Stack slot to memory mapping:
stack at sp + 0 slots: 0x0 is NULL
stack at sp + 1 slots: 0x00007fec9402b800 is a thread
stack at sp + 2 slots: 0x0 is NULL
stack at sp + 3 slots: 0x00007fec98e70bb0 is pointing into the stack for thread: 0x00007fec9402b800
stack at sp + 4 slots: 0x00007fec98e70b90 is pointing into the stack for thread: 0x00007fec9402b800
stack at sp + 5 slots: 0x00007fec84315e0f is at entry_point+207 in (nmethod*)0x00007fec84315b90
stack at sp + 6 slots: 0x00000006041ecda8 is an unallocated location in the heap
stack at sp + 7 slots: 0x0000000600005d40 is an unallocated location in the heap


---------------  P R O C E S S  ---------------

Threads class SMR info:
_java_thread_list=0x00007fec50000b60, length=9, elements={
0x00007fec9402b800, 0x00007fec940a5800, 0x00007fec940a9800, 0x00007fec940c0800,
0x00007fec940c2800, 0x00007fec940c5000, 0x00007fec940c7000, 0x00007fec940c9000,
0x00007fec9415f000
}

Java Threads: ( => current thread )
=>0x00007fec9402b800 JavaThread "main" [_thread_in_vm, id=13903, stack(0x00007fec98d77000,0x00007fec98e78000)]
  0x00007fec940a5800 JavaThread "Reference Handler" daemon [_thread_blocked, id=13905, stack(0x00007fec7c711000,0x00007fec7c812000)]
  0x00007fec940a9800 JavaThread "Finalizer" daemon [_thread_blocked, id=13906, stack(0x00007fec7c610000,0x00007fec7c711000)]
  0x00007fec940c0800 JavaThread "Signal Dispatcher" daemon [_thread_blocked, id=13907, stack(0x00007fec7c228000,0x00007fec7c329000)]
  0x00007fec940c2800 JavaThread "«SÀ" daemon [_thread_blocked, id=13908, stack(0x00007fec7c127000,0x00007fec7c228000)]
  0x00007fec940c5000 JavaThread "C2 CompilerThread0" daemon [_thread_blocked, id=13909, stack(0x00007fec7c026000,0x00007fec7c127000)]
  0x00007fec940c7000 JavaThread "C1 CompilerThread0" daemon [_thread_blocked, id=13910, stack(0x00007fec67eff000,0x00007fec68000000)]
  0x00007fec940c9000 JavaThread "§SÀ" daemon [_thread_blocked, id=13911, stack(0x00007fec67dfe000,0x00007fec67eff000)]
  0x00007fec9415f000 JavaThread "Common-Cleaner" daemon [_thread_blocked, id=13913, stack(0x00007fec67bfb000,0x00007fec67cfc000)]

Other Threads:
  0x00007fec9409b800 VMThread "VM Thread" [stack: 0x00007fec980cc000,0x00007fec981cc000] [id=13904]
  0x00007fec9414e800 WatcherThread [stack: 0x00007fec67cfe000,0x00007fec67dfe000] [id=13912]

Threads with active compile tasks:

VM state:not at safepoint (normal execution)

VM Mutex/Monitor currently owned by a thread: None

Heap address: 0x0000000600000000, size: 8192 MB, Compressed Oops mode: Zero based, Oop shift amount: 3
Narrow klass base: 0x0000000800000000, Narrow klass shift: 0
Compressed class space size: 1073741824 Address: 0x0000000800000000

Heap:
Epsilon Heap
Allocation space:
 Metaspace       used 20799K, capacity 21184K, committed 21504K, reserved 1069056K
  class space    used 2426K, capacity 2558K, committed 2560K, reserved 1048576K


Polling page: 0x00007fec9a3f2000

Metaspace:

Usage:
  Non-class:     18,19 MB capacity,    17,94 MB ( 99%) used,   222,04 KB (  1%) free+waste,    31,62 KB ( <1%) overhead. 
      Class:      2,50 MB capacity,     2,37 MB ( 95%) used,   116,16 KB (  5%) free+waste,    14,88 KB ( <1%) overhead. 
       Both:     20,69 MB capacity,    20,31 MB ( 98%) used,   338,20 KB (  2%) free+waste,    46,50 KB ( <1%) overhead. 

Virtual space:
  Non-class space:       20,00 MB reserved,      18,50 MB ( 92%) committed 
      Class space:        1,00 GB reserved,       2,50 MB ( <1%) committed 
             Both:        1,02 GB reserved,      21,00 MB (  2%) committed 

Chunk freelists:
   Non-Class:  86,00 KB
       Class:  2,00 KB
        Both:  88,00 KB

MaxMetaspaceSize: unlimited
CompressedClassSpaceSize: 1,00 GB
Initial GC threshold: 20,80 MB
Current GC threshold: 21,12 MB
CDS: off

CodeHeap 'non-profiled nmethods': size=120032Kb used=702Kb max_used=702Kb free=119330Kb
 bounds [0x00007fec842da000, 0x00007fec8454a000, 0x00007fec8b812000]
CodeHeap 'profiled nmethods': size=120028Kb used=2802Kb max_used=2802Kb free=117225Kb
 bounds [0x00007fec7cda3000, 0x00007fec7d063000, 0x00007fec842da000]
CodeHeap 'non-nmethods': size=5700Kb used=1151Kb max_used=1173Kb free=4548Kb
 bounds [0x00007fec7c812000, 0x00007fec7ca82000, 0x00007fec7cda3000]
 total_blobs=1921 nmethods=1517 adapters=320
 compilation: enabled
              stopped_count=0, restarted_count=0
 full_count=0

Compilation events (20 events):
Event: 25,888 Thread 0x00007fec940c7000 1506       3       java.lang.invoke.DirectMethodHandle$Holder::invokeStatic (14 bytes)
Event: 25,888 Thread 0x00007fec940c7000 nmethod 1506 0x00007fec7d058c90 code [0x00007fec7d058e60, 0x00007fec7d0593b0]
Event: 25,895 Thread 0x00007fec940c7000 1508       3       jdk.internal.org.objectweb.asm.Frame::pop (43 bytes)
Event: 25,895 Thread 0x00007fec940c7000 nmethod 1508 0x00007fec7d059510 code [0x00007fec7d0596c0, 0x00007fec7d059850]
Event: 25,899 Thread 0x00007fec940c7000 1509       3       java.lang.invoke.AbstractValidatingLambdaMetafactory::isAdaptableTo (126 bytes)
Event: 25,899 Thread 0x00007fec940c7000 nmethod 1509 0x00007fec7d059990 code [0x00007fec7d059c20, 0x00007fec7d05a5e0]
Event: 25,905 Thread 0x00007fec940c7000 1511       3       java.lang.invoke.DirectMethodHandle::maybeCompile (24 bytes)
Event: 25,906 Thread 0x00007fec940c7000 nmethod 1511 0x00007fec7d05a990 code [0x00007fec7d05ac20, 0x00007fec7d05b4b0]
Event: 25,906 Thread 0x00007fec940c7000 1512       3       java.lang.invoke.DirectMethodHandle::<init> (141 bytes)
Event: 25,907 Thread 0x00007fec940c7000 nmethod 1512 0x00007fec7d05b810 code [0x00007fec7d05bb00, 0x00007fec7d05cb60]
Event: 25,907 Thread 0x00007fec940c7000 1513       1       java.lang.invoke.MethodHandleImpl::isCompileConstant (2 bytes)
Event: 25,907 Thread 0x00007fec940c7000 nmethod 1513 0x00007fec84389510 code [0x00007fec843896c0, 0x00007fec84389750]
Event: 25,909 Thread 0x00007fec940c7000 1514       3       jdk.internal.org.objectweb.asm.MethodWriter::visitTypeInsn (120 bytes)
Event: 25,910 Thread 0x00007fec940c7000 nmethod 1514 0x00007fec7d05d090 code [0x00007fec7d05d280, 0x00007fec7d05d640]
Event: 25,914 Thread 0x00007fec940c7000 1515       3       java.lang.Class::getInterfaces (49 bytes)
Event: 25,914 Thread 0x00007fec940c7000 nmethod 1515 0x00007fec7d05d810 code [0x00007fec7d05da00, 0x00007fec7d05de70]
Event: 25,917 Thread 0x00007fec940c7000 1516       3       java.lang.PublicMethods::merge (81 bytes)
Event: 25,918 Thread 0x00007fec940c7000 nmethod 1516 0x00007fec7d05e010 code [0x00007fec7d05e280, 0x00007fec7d05ed20]
Event: 25,918 Thread 0x00007fec940c7000 1517       3       java.lang.PublicMethods$Key::<init> (24 bytes)
Event: 25,918 Thread 0x00007fec940c7000 nmethod 1517 0x00007fec7d05f190 code [0x00007fec7d05f380, 0x00007fec7d05f770]

GC Heap History (0 events):
No events

Deoptimization events (20 events):
Event: 24,560 Thread 0x00007fec9402b800 Uncommon trap: trap_request=0xffffff4d fr.pc=0x00007fec843515c4 relative=0x00000000000000a4
Event: 24,560 Thread 0x00007fec9402b800 Uncommon trap: reason=unstable_if action=reinterpret pc=0x00007fec843515c4 method=sun.reflect.generics.parser.SignatureParser.current()C @ 39 c2
Event: 24,560 Thread 0x00007fec9402b800 DEOPT PACKING pc=0x00007fec843515c4 sp=0x00007fec98e74d60
Event: 24,560 Thread 0x00007fec9402b800 DEOPT UNPACKING pc=0x00007fec7c81a2a5 sp=0x00007fec98e74d18 mode 2
Event: 25,011 Thread 0x00007fec9402b800 Uncommon trap: trap_request=0xffffffde fr.pc=0x00007fec843748e0 relative=0x00000000000006a0
Event: 25,011 Thread 0x00007fec9402b800 Uncommon trap: reason=class_check action=maybe_recompile pc=0x00007fec843748e0 method=java.util.HashMap.putVal(ILjava/lang/Object;Ljava/lang/Object;ZZ)Ljava/lang/Object; @ 203 c2
Event: 25,011 Thread 0x00007fec9402b800 DEOPT PACKING pc=0x00007fec843748e0 sp=0x00007fec98e73920
Event: 25,011 Thread 0x00007fec9402b800 DEOPT UNPACKING pc=0x00007fec7c81a2a5 sp=0x00007fec98e73850 mode 2
Event: 25,671 Thread 0x00007fec9402b800 Uncommon trap: trap_request=0xffffff4d fr.pc=0x00007fec84351efc relative=0x00000000000005bc
Event: 25,671 Thread 0x00007fec9402b800 Uncommon trap: reason=unstable_if action=reinterpret pc=0x00007fec84351efc method=java.lang.StringLatin1.regionMatchesCI([BI[BII)Z @ 66 c2
Event: 25,671 Thread 0x00007fec9402b800 DEOPT PACKING pc=0x00007fec84351efc sp=0x00007fec98e75b20
Event: 25,671 Thread 0x00007fec9402b800 DEOPT UNPACKING pc=0x00007fec7c81a2a5 sp=0x00007fec98e75a10 mode 2
Event: 25,853 Thread 0x00007fec9402b800 Uncommon trap: trap_request=0xffffff4d fr.pc=0x00007fec8432ce74 relative=0x00000000000003b4
Event: 25,853 Thread 0x00007fec9402b800 Uncommon trap: reason=unstable_if action=reinterpret pc=0x00007fec8432ce74 method=java.lang.Integer.getChars(II[B)I @ 25 c2
Event: 25,853 Thread 0x00007fec9402b800 DEOPT PACKING pc=0x00007fec8432ce74 sp=0x00007fec98e74a80
Event: 25,853 Thread 0x00007fec9402b800 DEOPT UNPACKING pc=0x00007fec7c81a2a5 sp=0x00007fec98e74970 mode 2
Event: 25,896 Thread 0x00007fec9402b800 Uncommon trap: trap_request=0xffffff4d fr.pc=0x00007fec8431f3f0 relative=0x00000000000003b0
Event: 25,896 Thread 0x00007fec9402b800 Uncommon trap: reason=unstable_if action=reinterpret pc=0x00007fec8431f3f0 method=java.lang.Integer.getChars(II[B)I @ 25 c2
Event: 25,896 Thread 0x00007fec9402b800 DEOPT PACKING pc=0x00007fec8431f3f0 sp=0x00007fec98e75530
Event: 25,896 Thread 0x00007fec9402b800 DEOPT UNPACKING pc=0x00007fec7c81a2a5 sp=0x00007fec98e75478 mode 2

Classes redefined (0 events):
No events

Internal exceptions (20 events):
Event: 2,106 Thread 0x00007fec9402b800 Exception <a 'java/security/PrivilegedActionException'{0x000000060099c4c8}> (0x000000060099c4c8) thrown at [src/hotspot/share/prims/jvm.cpp, line 1304]
Event: 2,107 Thread 0x00007fec9402b800 Exception <a 'java/security/PrivilegedActionException'{0x000000060099c408}> (0x000000060099c408) thrown at [src/hotspot/share/prims/jvm.cpp, line 1304]
Event: 2,107 Thread 0x00007fec9402b800 Exception <a 'java/security/PrivilegedActionException'{0x000000060099c3a8}> (0x000000060099c3a8) thrown at [src/hotspot/share/prims/jvm.cpp, line 1304]
Event: 6,578 Thread 0x00007fec9402b800 Exception <a 'java/lang/NoSuchMethodError'{0x0000000601c73380}: 'void java.lang.invoke.DirectMethodHandle$Holder.invokeStatic(java.lang.Object, int)'> (0x0000000601c73380) thrown at [src/hotspot/share/interpreter/linkResolver.cpp, line 772]
Event: 8,019 Thread 0x00007fec9402b800 Implicit null exception at 0x00007fec843071a3 to 0x00007fec84308061
Event: 12,664 Thread 0x00007fec9402b800 Exception <a 'java/lang/NoSuchMethodError'{0x0000000602ff82f0}: 'void java.lang.invoke.DirectMethodHandle$Holder.invokeSpecial(java.lang.Object, java.lang.Object)'> (0x0000000602ff82f0) thrown at [src/hotspot/share/interpreter/linkResolver.cpp, line 772]
Event: 12,668 Thread 0x00007fec9402b800 Exception <a 'java/lang/NoSuchMethodError'{0x0000000602ff8080}: 'void java.lang.invoke.Invokers$Holder.invoke_MT(java.lang.Object, java.lang.Object)'> (0x0000000602ff8080) thrown at [src/hotspot/share/interpreter/linkResolver.cpp, line 772]
Event: 13,730 Thread 0x00007fec9402b800 Exception <a 'java/lang/NoSuchMethodError'{0x00000006033c0ba0}: 'void java.lang.invoke.DelegatingMethodHandle$Holder.delegate(java.lang.Object, java.lang.Object, int, java.lang.Object)'> (0x00000006033c0ba0) thrown at [src/hotspot/share/interpreter/linkResolver.cpp, line 772]
Event: 13,741 Thread 0x00007fec9402b800 Exception <a 'java/lang/NoSuchMethodError'{0x00000006033c9060}: 'java.lang.Object java.lang.invoke.DirectMethodHandle$Holder.invokeStaticInit(java.lang.Object, java.lang.Object, java.lang.Object)'> (0x00000006033c9060) thrown at [src/hotspot/share/interpreter/linkResolver.cpp, line 772]
Event: 13,760 Thread 0x00007fec9402b800 Exception <a 'java/lang/NoSuchMethodError'{0x00000006033dbc18}: 'java.lang.Object java.lang.invoke.DirectMethodHandle$Holder.invokeStatic(java.lang.Object, int, java.lang.Object, java.lang.Object)'> (0x00000006033dbc18) thrown at [src/hotspot/share/interpreter/linkResolver.cpp, line 772]
Event: 13,853 Thread 0x00007fec9402b800 Exception <a 'java/lang/IncompatibleClassChangeError'{0x0000000603412648}: Found class java.lang.Object, but interface was expected> (0x0000000603412648) thrown at [src/hotspot/share/interpreter/linkResolver.cpp, line 839]
Event: 13,898 Thread 0x00007fec9402b800 Exception <a 'java/lang/NoSuchMethodError'{0x000000060344f458}: 'java.lang.Object java.lang.invoke.Invokers$Holder.linkToTargetMethod(java.lang.Object, java.lang.Object, int, java.lang.Object, java.lang.Object)'> (0x000000060344f458) thrown at [src/hotspot/share/interpreter/linkResolver.cpp, line 772]
Event: 14,238 Thread 0x00007fec9402b800 Exception <a 'java/lang/NoSuchMethodError'{0x0000000603513008}: 'int java.lang.invoke.DirectMethodHandle$Holder.invokeStaticInit(java.lang.Object, java.lang.Object)'> (0x0000000603513008) thrown at [src/hotspot/share/interpreter/linkResolver.cpp, line 772]
Event: 15,240 Thread 0x00007fec9402b800 Exception <a 'java/lang/NoSuchMethodError'{0x00000006038d6d58}: 'java.lang.Object java.lang.invoke.Invokers$Holder.linkToTargetMethod(java.lang.Object, java.lang.Object, int, int, java.lang.Object, java.lang.Object)'> (0x00000006038d6d58) thrown at [src/hotspot/share/interpreter/linkResolver.cpp, line 772]
Event: 19,261 Thread 0x00007fec9402b800 Exception <a 'java/lang/NoSuchMethodError'{0x0000000604994e78}: 'void java.lang.invoke.DirectMethodHandle$Holder.invokeStatic(java.lang.Object, java.lang.Object, java.lang.Object, java.lang.Object)'> (0x0000000604994e78) thrown at [src/hotspot/share/interpreter/linkResolver.cpp, line 772]
Event: 19,264 Thread 0x00007fec9402b800 Exception <a 'java/lang/NoSuchMethodError'{0x0000000604994cc8}: 'void java.lang.invoke.DirectMethodHandle$Holder.invokeStaticInit(java.lang.Object, java.lang.Object, java.lang.Object, java.lang.Object)'> (0x0000000604994cc8) thrown at [src/hotspot/share/interpreter/linkResolver.cpp, line 772]
Event: 19,557 Thread 0x00007fec9402b800 Exception <a 'java/lang/NoSuchMethodError'{0x0000000604ab5cd0}: 'void java.lang.invoke.DirectMethodHandle$Holder.invokeStatic(java.lang.Object, java.lang.Object, java.lang.Object, java.lang.Object, java.lang.Object, java.lang.Object)'> (0x0000000604ab5cd0) thrown at [src/hotspot/share/interpreter/linkResolver.cpp, line 772]
Event: 25,524 Thread 0x00007fec9402b800 Exception <a 'java/lang/NoSuchMethodError'{0x0000000605cd5778}: 'int java.lang.invoke.DirectMethodHandle$Holder.invokeStaticInit(java.lang.Object, java.lang.Object, java.lang.Object)'> (0x0000000605cd5778) thrown at [src/hotspot/share/interpreter/linkResolver.cpp, line 772]
Event: 25,892 Thread 0x00007fec9402b800 Exception <a 'java/lang/NoSuchMethodError'{0x0000000605e0e220}: 'int java.lang.invoke.DirectMethodHandle$Holder.invokeInterface(java.lang.Object, java.lang.Object)'> (0x0000000605e0e220) thrown at [src/hotspot/share/interpreter/linkResolver.cpp, line 772]
Event: 25,896 Thread 0x00007fec9402b800 Exception <a 'java/lang/IncompatibleClassChangeError'{0x0000000605e0dfb0}: Found class java.lang.Object, but interface was expected> (0x0000000605e0dfb0) thrown at [src/hotspot/share/interpreter/linkResolver.cpp, line 839]

Events (20 events):
Event: 25,920 loading class javax/management/openmbean/CompositeData
Event: 25,921 loading class javax/management/openmbean/CompositeData done
Event: 25,921 loading class javax/management/openmbean/TabularData
Event: 25,921 loading class javax/management/openmbean/TabularData done
Event: 25,922 loading class com/sun/jmx/mbeanserver/DefaultMXBeanMappingFactory$IdentityMapping
Event: 25,922 loading class com/sun/jmx/mbeanserver/DefaultMXBeanMappingFactory$NonNullMXBeanMapping
Event: 25,922 loading class com/sun/jmx/mbeanserver/MXBeanMapping
Event: 25,922 loading class com/sun/jmx/mbeanserver/MXBeanMapping done
Event: 25,922 loading class com/sun/jmx/mbeanserver/DefaultMXBeanMappingFactory$NonNullMXBeanMapping done
Event: 25,922 loading class com/sun/jmx/mbeanserver/DefaultMXBeanMappingFactory$IdentityMapping done
Event: 25,923 loading class jdk/internal/reflect/UnsafeQualifiedStaticObjectFieldAccessorImpl
Event: 25,923 loading class jdk/internal/reflect/UnsafeQualifiedStaticFieldAccessorImpl
Event: 25,923 loading class jdk/internal/reflect/UnsafeQualifiedStaticFieldAccessorImpl done
Event: 25,923 loading class jdk/internal/reflect/UnsafeQualifiedStaticObjectFieldAccessorImpl done
Event: 25,923 Executing VM operation: CollectForMetadataAllocation
Event: 25,923 Executing nested VM operation: Dummy
Event: 29,080 Executing nested VM operation: Dummy done
Event: 29,080 Executing VM operation: CollectForMetadataAllocation done
Event: 29,081 loading class javax/management/openmbean/ArrayType
Event: 29,081 loading class javax/management/openmbean/ArrayType done


Dynamic libraries:
600000000-800000000 rw-s 00000000 00:05 385                              /dev/fakeblk
800000000-800280000 rw-p 00000000 00:00 0 
800280000-840000000 ---p 00000000 00:00 0 
5574cfaa3000-5574cfaa4000 r--p 00000000 08:01 4209378                    /home/adam/jdk11u/build/linux-x86_64-normal-server-release/images/jdk/bin/java
5574cfaa4000-5574cfaa5000 r-xp 00001000 08:01 4209378                    /home/adam/jdk11u/build/linux-x86_64-normal-server-release/images/jdk/bin/java
5574cfaa5000-5574cfaa6000 r--p 00002000 08:01 4209378                    /home/adam/jdk11u/build/linux-x86_64-normal-server-release/images/jdk/bin/java
5574cfaa6000-5574cfaa7000 r--p 00002000 08:01 4209378                    /home/adam/jdk11u/build/linux-x86_64-normal-server-release/images/jdk/bin/java
5574cfaa7000-5574cfaa8000 rw-p 00003000 08:01 4209378                    /home/adam/jdk11u/build/linux-x86_64-normal-server-release/images/jdk/bin/java
5574d1402000-5574d1444000 rw-p 00000000 00:00 0                          [heap]
7fec4c000000-7fec4c021000 rw-p 00000000 00:00 0 
7fec4c021000-7fec50000000 ---p 00000000 00:00 0 
7fec50000000-7fec50117000 rw-p 00000000 00:00 0 
7fec50117000-7fec54000000 ---p 00000000 00:00 0 
7fec54000000-7fec54021000 rw-p 00000000 00:00 0 
7fec54021000-7fec58000000 ---p 00000000 00:00 0 
7fec58000000-7fec58021000 rw-p 00000000 00:00 0 
7fec58021000-7fec5c000000 ---p 00000000 00:00 0 
7fec5c000000-7fec5c1a3000 rw-p 00000000 00:00 0 
7fec5c1a3000-7fec60000000 ---p 00000000 00:00 0 
7fec60000000-7fec60bee000 rw-p 00000000 00:00 0 
7fec60bee000-7fec64000000 ---p 00000000 00:00 0 
7fec66efa000-7fec66f7a000 rw-p 00000000 00:00 0 
7fec66f7a000-7fec670fa000 ---p 00000000 00:00 0 
7fec670fa000-7fec672fa000 rw-p 00000000 00:00 0 
7fec672fa000-7fec674fa000 rw-p 00000000 00:00 0 
7fec674fa000-7fec676fa000 rw-p 00000000 00:00 0 
7fec676fa000-7fec676fe000 ---p 00000000 00:00 0 
7fec676fe000-7fec679fb000 rw-p 00000000 00:00 0 
7fec679fb000-7fec67bfb000 rw-p 00000000 00:00 0 
7fec67bfb000-7fec67bff000 ---p 00000000 00:00 0 
7fec67bff000-7fec67cfc000 rw-p 00000000 00:00 0 
7fec67cfc000-7fec67cfd000 ---p 00000000 00:00 0 
7fec67cfd000-7fec67dfe000 rw-p 00000000 00:00 0 
7fec67dfe000-7fec67e02000 ---p 00000000 00:00 0 
7fec67e02000-7fec67eff000 rw-p 00000000 00:00 0 
7fec67eff000-7fec67f03000 ---p 00000000 00:00 0 
7fec67f03000-7fec68000000 rw-p 00000000 00:00 0 
7fec68000000-7fec68021000 rw-p 00000000 00:00 0 
7fec68021000-7fec6c000000 ---p 00000000 00:00 0 
7fec6c000000-7fec6c021000 rw-p 00000000 00:00 0 
7fec6c021000-7fec70000000 ---p 00000000 00:00 0 
7fec70000000-7fec70021000 rw-p 00000000 00:00 0 
7fec70021000-7fec74000000 ---p 00000000 00:00 0 
7fec74000000-7fec74021000 rw-p 00000000 00:00 0 
7fec74021000-7fec78000000 ---p 00000000 00:00 0 
7fec78000000-7fec78188000 rw-p 00000000 00:00 0 
7fec78188000-7fec7c000000 ---p 00000000 00:00 0 
7fec7c026000-7fec7c02a000 ---p 00000000 00:00 0 
7fec7c02a000-7fec7c127000 rw-p 00000000 00:00 0 
7fec7c127000-7fec7c12b000 ---p 00000000 00:00 0 
7fec7c12b000-7fec7c228000 rw-p 00000000 00:00 0 
7fec7c228000-7fec7c22c000 ---p 00000000 00:00 0 
7fec7c22c000-7fec7c329000 rw-p 00000000 00:00 0 
7fec7c329000-7fec7c610000 r--p 00000000 08:01 2884038                    /usr/lib/locale/locale-archive
7fec7c610000-7fec7c614000 ---p 00000000 00:00 0 
7fec7c614000-7fec7c711000 rw-p 00000000 00:00 0 
7fec7c711000-7fec7c715000 ---p 00000000 00:00 0 
7fec7c715000-7fec7c812000 rw-p 00000000 00:00 0 
7fec7c812000-7fec7ca82000 rwxp 00000000 00:00 0 
7fec7ca82000-7fec7cda3000 ---p 00000000 00:00 0 
7fec7cda3000-7fec7d063000 rwxp 00000000 00:00 0 
7fec7d063000-7fec842da000 ---p 00000000 00:00 0 
7fec842da000-7fec8454a000 rwxp 00000000 00:00 0 
7fec8454a000-7fec8b812000 ---p 00000000 00:00 0 
7fec8b812000-7fec94000000 r--s 00000000 08:01 4209158                    /home/adam/jdk11u/build/linux-x86_64-normal-server-release/images/jdk/lib/modules
7fec94000000-7fec96808000 rw-p 00000000 00:00 0 
7fec96808000-7fec98000000 ---p 00000000 00:00 0 
7fec98056000-7fec9805d000 r--s 00000000 08:01 2926395                    /usr/lib/x86_64-linux-gnu/gconv/gconv-modules.cache
7fec9805d000-7fec9805f000 r--p 00000000 08:01 4209184                    /home/adam/jdk11u/build/linux-x86_64-normal-server-release/images/jdk/lib/libmanagement_ext.so
7fec9805f000-7fec98062000 r-xp 00002000 08:01 4209184                    /home/adam/jdk11u/build/linux-x86_64-normal-server-release/images/jdk/lib/libmanagement_ext.so
7fec98062000-7fec98063000 r--p 00005000 08:01 4209184                    /home/adam/jdk11u/build/linux-x86_64-normal-server-release/images/jdk/lib/libmanagement_ext.so
7fec98063000-7fec98064000 ---p 00006000 08:01 4209184                    /home/adam/jdk11u/build/linux-x86_64-normal-server-release/images/jdk/lib/libmanagement_ext.so
7fec98064000-7fec98065000 r--p 00006000 08:01 4209184                    /home/adam/jdk11u/build/linux-x86_64-normal-server-release/images/jdk/lib/libmanagement_ext.so
7fec98065000-7fec98066000 rw-p 00007000 08:01 4209184                    /home/adam/jdk11u/build/linux-x86_64-normal-server-release/images/jdk/lib/libmanagement_ext.so
7fec98066000-7fec98069000 r--p 00000000 08:01 4209411                    /home/adam/jdk11u/build/linux-x86_64-normal-server-release/images/jdk/lib/libmanagement.so
7fec98069000-7fec9806a000 r-xp 00003000 08:01 4209411                    /home/adam/jdk11u/build/linux-x86_64-normal-server-release/images/jdk/lib/libmanagement.so
7fec9806a000-7fec9806b000 r--p 00004000 08:01 4209411                    /home/adam/jdk11u/build/linux-x86_64-normal-server-release/images/jdk/lib/libmanagement.so
7fec9806b000-7fec9806c000 r--p 00004000 08:01 4209411                    /home/adam/jdk11u/build/linux-x86_64-normal-server-release/images/jdk/lib/libmanagement.so
7fec9806c000-7fec9806d000 rw-p 00005000 08:01 4209411                    /home/adam/jdk11u/build/linux-x86_64-normal-server-release/images/jdk/lib/libmanagement.so
7fec9806d000-7fec9809e000 rw-p 00000000 00:00 0 
7fec9809e000-7fec980a2000 r--p 00000000 08:01 4209402                    /home/adam/jdk11u/build/linux-x86_64-normal-server-release/images/jdk/lib/libnet.so
7fec980a2000-7fec980b1000 r-xp 00004000 08:01 4209402                    /home/adam/jdk11u/build/linux-x86_64-normal-server-release/images/jdk/lib/libnet.so
7fec980b1000-7fec980b5000 r--p 00013000 08:01 4209402                    /home/adam/jdk11u/build/linux-x86_64-normal-server-release/images/jdk/lib/libnet.so
7fec980b5000-7fec980b6000 r--p 00016000 08:01 4209402                    /home/adam/jdk11u/build/linux-x86_64-normal-server-release/images/jdk/lib/libnet.so
7fec980b6000-7fec980b7000 rw-p 00017000 08:01 4209402                    /home/adam/jdk11u/build/linux-x86_64-normal-server-release/images/jdk/lib/libnet.so
7fec980b7000-7fec980be000 r--p 00000000 08:01 4209391                    /home/adam/jdk11u/build/linux-x86_64-normal-server-release/images/jdk/lib/libnio.so
7fec980be000-7fec980c5000 r-xp 00007000 08:01 4209391                    /home/adam/jdk11u/build/linux-x86_64-normal-server-release/images/jdk/lib/libnio.so
7fec980c5000-7fec980c8000 r--p 0000e000 08:01 4209391                    /home/adam/jdk11u/build/linux-x86_64-normal-server-release/images/jdk/lib/libnio.so
7fec980c8000-7fec980c9000 r--p 00010000 08:01 4209391                    /home/adam/jdk11u/build/linux-x86_64-normal-server-release/images/jdk/lib/libnio.so
7fec980c9000-7fec980ca000 rw-p 00011000 08:01 4209391                    /home/adam/jdk11u/build/linux-x86_64-normal-server-release/images/jdk/lib/libnio.so
7fec980ca000-7fec980cb000 ---p 00000000 00:00 0 
7fec980cb000-7fec98ad0000 rw-p 00000000 00:00 0 
7fec98ad0000-7fec98b17000 rw-p 00000000 00:00 0 
7fec98b17000-7fec98bfd000 ---p 00000000 00:00 0 
7fec98bfd000-7fec98c03000 rw-p 00000000 00:00 0 
7fec98c03000-7fec98ce8000 ---p 00000000 00:00 0 
7fec98ce8000-7fec98ced000 rw-p 00000000 00:00 0 
7fec98ced000-7fec98cf4000 ---p 00000000 00:00 0 
7fec98cf4000-7fec98cf7000 r--p 00000000 08:01 2907361                    /usr/lib/x86_64-linux-gnu/libnss_files-2.31.so
7fec98cf7000-7fec98cfe000 r-xp 00003000 08:01 2907361                    /usr/lib/x86_64-linux-gnu/libnss_files-2.31.so
7fec98cfe000-7fec98d00000 r--p 0000a000 08:01 2907361                    /usr/lib/x86_64-linux-gnu/libnss_files-2.31.so
7fec98d00000-7fec98d01000 r--p 0000b000 08:01 2907361                    /usr/lib/x86_64-linux-gnu/libnss_files-2.31.so
7fec98d01000-7fec98d02000 rw-p 0000c000 08:01 2907361                    /usr/lib/x86_64-linux-gnu/libnss_files-2.31.so
7fec98d02000-7fec98d08000 rw-p 00000000 00:00 0 
7fec98d0d000-7fec98d0f000 r--p 00000000 08:01 4209384                    /home/adam/jdk11u/build/linux-x86_64-normal-server-release/images/jdk/lib/libzip.so
7fec98d0f000-7fec98d13000 r-xp 00002000 08:01 4209384                    /home/adam/jdk11u/build/linux-x86_64-normal-server-release/images/jdk/lib/libzip.so
7fec98d13000-7fec98d15000 r--p 00006000 08:01 4209384                    /home/adam/jdk11u/build/linux-x86_64-normal-server-release/images/jdk/lib/libzip.so
7fec98d15000-7fec98d16000 r--p 00007000 08:01 4209384                    /home/adam/jdk11u/build/linux-x86_64-normal-server-release/images/jdk/lib/libzip.so
7fec98d16000-7fec98d17000 rw-p 00008000 08:01 4209384                    /home/adam/jdk11u/build/linux-x86_64-normal-server-release/images/jdk/lib/libzip.so
7fec98d17000-7fec98d1f000 rw-s 00000000 08:01 262435                     /tmp/hsperfdata_root/13902
7fec98d1f000-7fec98d23000 r--p 00000000 08:01 4209379                    /home/adam/jdk11u/build/linux-x86_64-normal-server-release/images/jdk/lib/libjimage.so
7fec98d23000-7fec98d36000 r-xp 00004000 08:01 4209379                    /home/adam/jdk11u/build/linux-x86_64-normal-server-release/images/jdk/lib/libjimage.so
7fec98d36000-7fec98d3c000 r--p 00017000 08:01 4209379                    /home/adam/jdk11u/build/linux-x86_64-normal-server-release/images/jdk/lib/libjimage.so
7fec98d3c000-7fec98d3e000 r--p 0001c000 08:01 4209379                    /home/adam/jdk11u/build/linux-x86_64-normal-server-release/images/jdk/lib/libjimage.so
7fec98d3e000-7fec98d3f000 rw-p 0001e000 08:01 4209379                    /home/adam/jdk11u/build/linux-x86_64-normal-server-release/images/jdk/lib/libjimage.so
7fec98d3f000-7fec98d4d000 r--p 00000000 08:01 4209401                    /home/adam/jdk11u/build/linux-x86_64-normal-server-release/images/jdk/lib/libjava.so
7fec98d4d000-7fec98d63000 r-xp 0000e000 08:01 4209401                    /home/adam/jdk11u/build/linux-x86_64-normal-server-release/images/jdk/lib/libjava.so
7fec98d63000-7fec98d6a000 r--p 00024000 08:01 4209401                    /home/adam/jdk11u/build/linux-x86_64-normal-server-release/images/jdk/lib/libjava.so
7fec98d6a000-7fec98d6b000 r--p 0002a000 08:01 4209401                    /home/adam/jdk11u/build/linux-x86_64-normal-server-release/images/jdk/lib/libjava.so
7fec98d6b000-7fec98d6c000 rw-p 0002b000 08:01 4209401                    /home/adam/jdk11u/build/linux-x86_64-normal-server-release/images/jdk/lib/libjava.so
7fec98d6c000-7fec98d6d000 rw-p 00000000 00:00 0 
7fec98d6d000-7fec98d6f000 r--p 00000000 08:01 2907366                    /usr/lib/x86_64-linux-gnu/librt-2.31.so
7fec98d6f000-7fec98d73000 r-xp 00002000 08:01 2907366                    /usr/lib/x86_64-linux-gnu/librt-2.31.so
7fec98d73000-7fec98d75000 r--p 00006000 08:01 2907366                    /usr/lib/x86_64-linux-gnu/librt-2.31.so
7fec98d75000-7fec98d76000 r--p 00007000 08:01 2907366                    /usr/lib/x86_64-linux-gnu/librt-2.31.so
7fec98d76000-7fec98d77000 rw-p 00008000 08:01 2907366                    /usr/lib/x86_64-linux-gnu/librt-2.31.so
7fec98d77000-7fec98d7b000 ---p 00000000 00:00 0 
7fec98d7b000-7fec98e78000 rw-p 00000000 00:00 0 
7fec98e78000-7fec98e85000 r--p 00000000 08:01 2907355                    /usr/lib/x86_64-linux-gnu/libm-2.31.so
7fec98e85000-7fec98f1f000 r-xp 0000d000 08:01 2907355                    /usr/lib/x86_64-linux-gnu/libm-2.31.so
7fec98f1f000-7fec98fba000 r--p 000a7000 08:01 2907355                    /usr/lib/x86_64-linux-gnu/libm-2.31.so
7fec98fba000-7fec98fbb000 r--p 00141000 08:01 2907355                    /usr/lib/x86_64-linux-gnu/libm-2.31.so
7fec98fbb000-7fec98fbc000 rw-p 00142000 08:01 2907355                    /usr/lib/x86_64-linux-gnu/libm-2.31.so
7fec98fbc000-7fec99238000 r--p 00000000 08:01 4209382                    /home/adam/jdk11u/build/linux-x86_64-normal-server-release/images/jdk/lib/server/libjvm.so
7fec99238000-7fec99e2a000 r-xp 0027c000 08:01 4209382                    /home/adam/jdk11u/build/linux-x86_64-normal-server-release/images/jdk/lib/server/libjvm.so
7fec99e2a000-7fec9a07f000 r--p 00e6e000 08:01 4209382                    /home/adam/jdk11u/build/linux-x86_64-normal-server-release/images/jdk/lib/server/libjvm.so
7fec9a07f000-7fec9a142000 r--p 010c2000 08:01 4209382                    /home/adam/jdk11u/build/linux-x86_64-normal-server-release/images/jdk/lib/server/libjvm.so
7fec9a142000-7fec9a17c000 rw-p 01185000 08:01 4209382                    /home/adam/jdk11u/build/linux-x86_64-normal-server-release/images/jdk/lib/server/libjvm.so
7fec9a17c000-7fec9a1d5000 rw-p 00000000 00:00 0 
7fec9a1d5000-7fec9a1db000 r--p 00000000 08:01 2907364                    /usr/lib/x86_64-linux-gnu/libpthread-2.31.so
7fec9a1db000-7fec9a1eb000 r-xp 00006000 08:01 2907364                    /usr/lib/x86_64-linux-gnu/libpthread-2.31.so
7fec9a1eb000-7fec9a1f1000 r--p 00016000 08:01 2907364                    /usr/lib/x86_64-linux-gnu/libpthread-2.31.so
7fec9a1f1000-7fec9a1f2000 r--p 0001b000 08:01 2907364                    /usr/lib/x86_64-linux-gnu/libpthread-2.31.so
7fec9a1f2000-7fec9a1f3000 rw-p 0001c000 08:01 2907364                    /usr/lib/x86_64-linux-gnu/libpthread-2.31.so
7fec9a1f3000-7fec9a1f7000 rw-p 00000000 00:00 0 
7fec9a1f7000-7fec9a1f8000 r--p 00000000 08:01 2907353                    /usr/lib/x86_64-linux-gnu/libdl-2.31.so
7fec9a1f8000-7fec9a1fa000 r-xp 00001000 08:01 2907353                    /usr/lib/x86_64-linux-gnu/libdl-2.31.so
7fec9a1fa000-7fec9a1fb000 r--p 00003000 08:01 2907353                    /usr/lib/x86_64-linux-gnu/libdl-2.31.so
7fec9a1fb000-7fec9a1fc000 r--p 00003000 08:01 2907353                    /usr/lib/x86_64-linux-gnu/libdl-2.31.so
7fec9a1fc000-7fec9a1fd000 rw-p 00004000 08:01 2907353                    /usr/lib/x86_64-linux-gnu/libdl-2.31.so
7fec9a1fd000-7fec9a200000 r--p 00000000 08:01 2885790                    /usr/lib/x86_64-linux-gnu/libz.so.1.2.11
7fec9a200000-7fec9a211000 r-xp 00003000 08:01 2885790                    /usr/lib/x86_64-linux-gnu/libz.so.1.2.11
7fec9a211000-7fec9a217000 r--p 00014000 08:01 2885790                    /usr/lib/x86_64-linux-gnu/libz.so.1.2.11
7fec9a217000-7fec9a218000 ---p 0001a000 08:01 2885790                    /usr/lib/x86_64-linux-gnu/libz.so.1.2.11
7fec9a218000-7fec9a219000 r--p 0001a000 08:01 2885790                    /usr/lib/x86_64-linux-gnu/libz.so.1.2.11
7fec9a219000-7fec9a21a000 rw-p 0001b000 08:01 2885790                    /usr/lib/x86_64-linux-gnu/libz.so.1.2.11
7fec9a21a000-7fec9a23c000 r--p 00000000 08:01 2907352                    /usr/lib/x86_64-linux-gnu/libc-2.31.so
7fec9a23c000-7fec9a396000 r-xp 00022000 08:01 2907352                    /usr/lib/x86_64-linux-gnu/libc-2.31.so
7fec9a396000-7fec9a3e5000 r--p 0017c000 08:01 2907352                    /usr/lib/x86_64-linux-gnu/libc-2.31.so
7fec9a3e5000-7fec9a3e9000 r--p 001ca000 08:01 2907352                    /usr/lib/x86_64-linux-gnu/libc-2.31.so
7fec9a3e9000-7fec9a3eb000 rw-p 001ce000 08:01 2907352                    /usr/lib/x86_64-linux-gnu/libc-2.31.so
7fec9a3eb000-7fec9a3ef000 rw-p 00000000 00:00 0 
7fec9a3f2000-7fec9a3f3000 ---p 00000000 00:00 0 
7fec9a3f3000-7fec9a3f4000 r--p 00000000 00:00 0 
7fec9a3f4000-7fec9a3f9000 r--p 00000000 08:01 4209385                    /home/adam/jdk11u/build/linux-x86_64-normal-server-release/images/jdk/lib/libverify.so
7fec9a3f9000-7fec9a400000 r-xp 00005000 08:01 4209385                    /home/adam/jdk11u/build/linux-x86_64-normal-server-release/images/jdk/lib/libverify.so
7fec9a400000-7fec9a402000 r--p 0000c000 08:01 4209385                    /home/adam/jdk11u/build/linux-x86_64-normal-server-release/images/jdk/lib/libverify.so
7fec9a402000-7fec9a403000 ---p 0000e000 08:01 4209385                    /home/adam/jdk11u/build/linux-x86_64-normal-server-release/images/jdk/lib/libverify.so
7fec9a403000-7fec9a405000 r--p 0000e000 08:01 4209385                    /home/adam/jdk11u/build/linux-x86_64-normal-server-release/images/jdk/lib/libverify.so
7fec9a405000-7fec9a406000 rw-p 00010000 08:01 4209385                    /home/adam/jdk11u/build/linux-x86_64-normal-server-release/images/jdk/lib/libverify.so
7fec9a406000-7fec9a409000 r--p 00000000 08:01 4209393                    /home/adam/jdk11u/build/linux-x86_64-normal-server-release/images/jdk/lib/jli/libjli.so
7fec9a409000-7fec9a413000 r-xp 00003000 08:01 4209393                    /home/adam/jdk11u/build/linux-x86_64-normal-server-release/images/jdk/lib/jli/libjli.so
7fec9a413000-7fec9a416000 r--p 0000d000 08:01 4209393                    /home/adam/jdk11u/build/linux-x86_64-normal-server-release/images/jdk/lib/jli/libjli.so
7fec9a416000-7fec9a417000 ---p 00010000 08:01 4209393                    /home/adam/jdk11u/build/linux-x86_64-normal-server-release/images/jdk/lib/jli/libjli.so
7fec9a417000-7fec9a418000 r--p 00010000 08:01 4209393                    /home/adam/jdk11u/build/linux-x86_64-normal-server-release/images/jdk/lib/jli/libjli.so
7fec9a418000-7fec9a419000 rw-p 00011000 08:01 4209393                    /home/adam/jdk11u/build/linux-x86_64-normal-server-release/images/jdk/lib/jli/libjli.so
7fec9a419000-7fec9a41b000 rw-p 00000000 00:00 0 
7fec9a41b000-7fec9a41c000 r--p 00000000 08:01 2907322                    /usr/lib/x86_64-linux-gnu/ld-2.31.so
7fec9a41c000-7fec9a43c000 r-xp 00001000 08:01 2907322                    /usr/lib/x86_64-linux-gnu/ld-2.31.so
7fec9a43c000-7fec9a444000 r--p 00021000 08:01 2907322                    /usr/lib/x86_64-linux-gnu/ld-2.31.so
7fec9a445000-7fec9a446000 r--p 00029000 08:01 2907322                    /usr/lib/x86_64-linux-gnu/ld-2.31.so
7fec9a446000-7fec9a447000 rw-p 0002a000 08:01 2907322                    /usr/lib/x86_64-linux-gnu/ld-2.31.so
7fec9a447000-7fec9a448000 rw-p 00000000 00:00 0 
7ffc87add000-7ffc87afe000 rw-p 00000000 00:00 0                          [stack]
7ffc87b96000-7ffc87b9a000 r--p 00000000 00:00 0                          [vvar]
7ffc87b9a000-7ffc87b9c000 r-xp 00000000 00:00 0                          [vdso]


VM Arguments:
jvm_args: -XX:AllocateHeapAt=/dev/fakeblk -Xlog:gc=debug -XX:+UnlockExperimentalVMOptions -XX:-UseTLAB -XX:+UseEpsilonGC -Xnoclassgc -XX:+AlwaysPreTouch -Xms8g -Xmx8g 
java_command: org.apache.spark.deploy.SparkSubmit --master local[*] --class WordCount /home/adam/Spark_benchmark/spark_run/run.jar
java_class_path (initial): /home/adam/Spark_benchmark/spark_compiled/conf/:/home/adam/Spark_benchmark/spark_compiled/jars/hadoop-shaded-guava-1.1.1.jar:/home/adam/Spark_benchmark/spark_compiled/jars/jersey-client-2.36.jar:/home/adam/Spark_benchmark/spark_compiled/jars/netty-transport-native-epoll-4.1.86.Final-linux-aarch_64.jar:/home/adam/Spark_benchmark/spark_compiled/jars/jsr305-3.0.0.jar:/home/adam/Spark_benchmark/spark_compiled/jars/scala-xml_2.12-2.1.0.jar:/home/adam/Spark_benchmark/spark_compiled/jars/parquet-common-1.12.3.jar:/home/adam/Spark_benchmark/spark_compiled/jars/curator-client-2.13.0.jar:/home/adam/Spark_benchmark/spark_compiled/jars/spire-platform_2.12-0.17.0.jar:/home/adam/Spark_benchmark/spark_compiled/jars/netty-codec-http2-4.1.86.Final.jar:/home/adam/Spark_benchmark/spark_compiled/jars/kubernetes-model-flowcontrol-6.4.0.jar:/home/adam/Spark_benchmark/spark_compiled/jars/snappy-java-1.1.8.4.jar:/home/adam/Spark_benchmark/spark_compiled/jars/compress-lzf-1.1.jar:/home/adam/Spark_benchmark/spark_compiled/jars/stream-2.9.6.jar:/home/adam/Spark_benchmark/spark_compiled/jars/spire-macros_2.12-0.17.0.jar:/home/adam/Spark_benchmark/spark_compiled/jars/spark-yarn_2.12-3.5.0-SNAPSHOT.jar:/home/adam/Spark_benchmark/spark_compiled/jars/spark-tags_2.12-3.5.0-SNAPSHOT.jar:/home/adam/Spark_benchmark/spark_compiled/jars/arrow-format-10.0.1.jar:/home/adam/Spark_benchmark/spark_compiled/jars/zookeeper-jute-3.6.3.jar:/home/adam/Spark_benchmark/spark_compiled/jars/avro-1.11.1.jar:/home/adam/Spark_benchmark/spark_compiled/jars/protobuf-java-2.5.0.jar:/home/adam/Spark_benchmark/spark_compiled/jars/JLargeArrays-1.5.jar:/home/adam/Spark_benchmark/spark_compiled/jars/arrow-memory-netty-10.0.1.jar:/home/adam/Spark_benchmark/spark_compiled/jars/log4j-api-2.19.0.jar:/home/adam/Spark_benchmark/spark_compiled/jars/py4j-0.10.9.7.jar:/home/adam/Spark_benchmark/spark_compiled/jars/commons-crypto-1.1.0.jar:/home/adam/Spark_benchmark/spark_compiled/jars/jakarta.servlet-api-4.0
Launcher Type: SUN_STANDARD

[Global flags]
    ccstr AllocateHeapAt                           = /dev/fakeblk                              {product} {command line}
     bool AlwaysPreTouch                           = true                                      {product} {command line}
     intx CICompilerCount                          = 4                                         {product} {ergonomic}
     bool ClassUnloading                           = false                                     {product} {command line}
     bool ClassUnloadingWithConcurrentMark         = false                                     {product} {command line}
   size_t InitialHeapSize                          = 8589934592                                {product} {command line}
   size_t MaxHeapSize                              = 8589934592                                {product} {command line}
   size_t MinHeapDeltaBytes                        = 172032                                    {product} {ergonomic}
    uintx NonNMethodCodeHeapSize                   = 5836300                                {pd product} {ergonomic}
    uintx NonProfiledCodeHeapSize                  = 122910970                              {pd product} {ergonomic}
    uintx ProfiledCodeHeapSize                     = 122910970                              {pd product} {ergonomic}
    uintx ReservedCodeCacheSize                    = 251658240                              {pd product} {ergonomic}
     bool SegmentedCodeCache                       = true                                      {product} {ergonomic}
     bool UnlockExperimentalVMOptions              = true                                 {experimental} {command line}
     bool UseCompressedClassPointers               = true                                 {lp64_product} {ergonomic}
     bool UseCompressedOops                        = true                                 {lp64_product} {ergonomic}
     bool UseEpsilonGC                             = true                                 {experimental} {command line}
     bool UseTLAB                                  = false                                  {pd product} {command line}

Logging:
Log output configuration:
 #0: stdout all=warning,gc=debug uptime,level,tags
 #1: stderr all=off uptime,level,tags

Environment Variables:
PATH=/usr/local/sbin:/usr/local/bin:/usr/sbin:/usr/bin:/sbin:/bin
SHELL=/bin/bash
LANG=fr_FR.UTF-8

Signal Handlers:
SIGSEGV: [libjvm.so+0xde3230], sa_mask[0]=11111111011111111101111111111110, sa_flags=SA_RESTART|SA_SIGINFO
SIGBUS: [libjvm.so+0xde3230], sa_mask[0]=11111111011111111101111111111110, sa_flags=SA_RESTART|SA_SIGINFO
SIGFPE: [libjvm.so+0xde3230], sa_mask[0]=11111111011111111101111111111110, sa_flags=SA_RESTART|SA_SIGINFO
SIGPIPE: [libjvm.so+0xbdd9e0], sa_mask[0]=11111111011111111101111111111110, sa_flags=SA_RESTART|SA_SIGINFO
SIGXFSZ: [libjvm.so+0xbdd9e0], sa_mask[0]=11111111011111111101111111111110, sa_flags=SA_RESTART|SA_SIGINFO
SIGILL: [libjvm.so+0xde3230], sa_mask[0]=11111111011111111101111111111110, sa_flags=SA_RESTART|SA_SIGINFO
SIGUSR2: [libjvm.so+0xbdd880], sa_mask[0]=00000000000000000000000000000000, sa_flags=SA_RESTART|SA_SIGINFO
SIGHUP: [libjvm.so+0xbde110], sa_mask[0]=11111111011111111101111111111110, sa_flags=SA_RESTART|SA_SIGINFO
SIGINT: [libjvm.so+0xbde110], sa_mask[0]=11111111011111111101111111111110, sa_flags=SA_RESTART|SA_SIGINFO
SIGTERM: [libjvm.so+0xbde110], sa_mask[0]=11111111011111111101111111111110, sa_flags=SA_RESTART|SA_SIGINFO
SIGQUIT: [libjvm.so+0xbde110], sa_mask[0]=11111111011111111101111111111110, sa_flags=SA_RESTART|SA_SIGINFO


---------------  S Y S T E M  ---------------

OS:PRETTY_NAME="Debian GNU/Linux 11 (bullseye)"
NAME="Debian GNU/Linux"
VERSION_ID="11"
VERSION="11 (bullseye)"
VERSION_CODENAME=bullseye
ID=debian
HOME_URL="https://www.debian.org/"
SUPPORT_URL="https://www.debian.org/support"
BUG_REPORT_URL="https://bugs.debian.org/"
uname:Linux 5.10.0-11-amd64 #1 SMP Debian 5.10.92-2 (2022-02-28) x86_64
OS uptime: 7 days 22:03 hours
libc:glibc 2.31 NPTL 2.31 
rlimit (soft/hard): STACK 8192k/infinity , CORE 0k/infinity , NPROC 128459/128459 , NOFILE 1048576/1048576 , AS infinity/infinity , CPU infinity/infinity , DATA infinity/infinity , FSIZE infinity/infinity , MEMLOCK 4116444k/4116444k
load average:0,49 0,16 0,15

/proc/meminfo:
MemTotal:       32931552 kB
MemFree:         3237840 kB
MemAvailable:   10800880 kB
Buffers:          355880 kB
Cached:         28244220 kB
SwapCached:            0 kB
Active:         24641824 kB
Inactive:        4201348 kB
Active(anon):   20972240 kB
Inactive(anon):   243344 kB
Active(file):    3669584 kB
Inactive(file):  3958004 kB
Unevictable:           0 kB
Mlocked:               0 kB
SwapTotal:             0 kB
SwapFree:              0 kB
Dirty:               156 kB
Writeback:             0 kB
AnonPages:        243232 kB
Mapped:         21193508 kB
Shmem:          20972452 kB
KReclaimable:     405316 kB
Slab:             463372 kB
SReclaimable:     405316 kB
SUnreclaim:        58056 kB
KernelStack:        3664 kB
PageTables:        45588 kB
NFS_Unstable:          0 kB
Bounce:                0 kB
WritebackTmp:          0 kB
CommitLimit:    16465776 kB
Committed_AS:   21798788 kB
VmallocTotal:   34359738367 kB
VmallocUsed:      196264 kB
VmallocChunk:          0 kB
Percpu:             6496 kB
HardwareCorrupted:     0 kB
AnonHugePages:     32768 kB
ShmemHugePages:        0 kB
ShmemPmdMapped:        0 kB
FileHugePages:         0 kB
FilePmdMapped:         0 kB
HugePages_Total:       0
HugePages_Free:        0
HugePages_Rsvd:        0
HugePages_Surp:        0
Hugepagesize:       2048 kB
Hugetlb:               0 kB
DirectMap4k:      145256 kB
DirectMap2M:    10340352 kB
DirectMap1G:    25165824 kB

/sys/kernel/mm/transparent_hugepage/enabled:
[always] madvise never
/sys/kernel/mm/transparent_hugepage/defrag (defrag/compaction efforts parameter):
always defer defer+madvise [madvise] never

Process Memory:
Virtual Size: 10671324K (peak: 10671324K)
Resident Set Size: 197860K (peak: 197860K) (anon: 83480K, file: 114380K, shmem: 0K)
Swapped out: 0K
C-Heap outstanding allocations: 28748K, retained: 30711K
glibc malloc tunables: (default)

/proc/sys/kernel/threads-max (system-wide limit on the number of threads):
256918
/proc/sys/vm/max_map_count (maximum number of memory map areas a process may have):
65530
/proc/sys/kernel/pid_max (system-wide limit on number of process identifiers):
4194304

container (cgroup) information:
container_type: cgroupv2
cpu_cpuset_cpus: not supported
cpu_memory_nodes: not supported
active_processor_count: 8
cpu_quota: not supported
cpu_period: not supported
cpu_shares: not supported
memory_limit_in_bytes: 2147483648
memory_and_swap_limit_in_bytes: unlimited
memory_soft_limit_in_bytes: unlimited
memory_usage_in_bytes: 214593536
memory_max_usage_in_bytes: not supported

KVM virtualization detected
Steal ticks since vm start: 0
Steal ticks percentage since vm start:  0,000

CPU:total 8 (initial active 8) (4 cores per cpu, 1 threads per core) family 6 model 85 stepping 7 microcode 0x5003102, cmov, cx8, fxsr, mmx, sse, sse2, sse3, ssse3, sse4.1, sse4.2, popcnt, avx, avx2, aes, clmul, erms, 3dnowpref, lzcnt, tsc, bmi1, bmi2, adx, evex, fma
CPU Model and flags from /proc/cpuinfo:
model name	: Intel(R) Xeon(R) Silver 4208 CPU @ 2.10GHz
flags		: fpu vme de pse tsc msr pae mce cx8 apic sep mtrr pge mca cmov pat pse36 clflush mmx fxsr sse sse2 ss ht syscall nx pdpe1gb rdtscp lm constant_tsc arch_perfmon rep_good nopl xtopology cpuid tsc_known_freq pni pclmulqdq vmx ssse3 fma cx16 pdcm pcid sse4_1 sse4_2 x2apic movbe popcnt tsc_deadline_timer aes xsave avx f16c rdrand hypervisor lahf_lm abm 3dnowprefetch cpuid_fault invpcid_single ssbd ibrs ibpb stibp ibrs_enhanced tpr_shadow vnmi flexpriority ept vpid ept_ad fsgsbase tsc_adjust bmi1 avx2 smep bmi2 erms invpcid mpx avx512f avx512dq rdseed adx smap clflushopt clwb avx512cd avx512bw avx512vl xsaveopt xsavec xgetbv1 xsaves arat umip pku ospke avx512_vnni md_clear arch_capabilities
Online cpus:
0-7
Offline cpus:

BIOS frequency limitation:
<Not Available>
Frequency switch latency (ns):
<Not Available>
Available cpu frequencies:
<Not Available>
Current governor:
<Not Available>
Core performance/turbo boost:
<Not Available>

Memory: 4k page, physical 2097152k(1887588k free), swap 0k(0k free)

vm_info: OpenJDK 64-Bit Server VM (11.0.16-internal+0-adhoc.adam.jdk11u) for linux-amd64 JRE (11.0.16-internal+0-adhoc.adam.jdk11u), built on Jun 27 2023 10:32:49 by "adam" with gcc 10.2.1 20210110

END.
