#
# A fatal error has been detected by the Java Runtime Environment:
#
#  SIGSEGV (0xb) at pc=0x00007fba77612036, pid=462476, tid=462477
#
# JRE version: OpenJDK Runtime Environment (11.0.16) (build 11.0.16-internal+0-adhoc.adam.jdk11u)
# Java VM: OpenJDK 64-Bit Server VM (11.0.16-internal+0-adhoc.adam.jdk11u, mixed mode, tiered, compressed oops, epsilon gc, linux-amd64)
# Problematic frame:
# V  [libjvm.so+0x620036]  CompilationPolicy::can_be_compiled(methodHandle const&, int)+0x26
#
# No core dump will be written. Core dumps have been disabled. To enable core dumping, try "ulimit -c unlimited" before starting Java again
#
# If you would like to submit a bug report, please visit:
#   https://bugreport.java.com/bugreport/crash.jsp
#

---------------  S U M M A R Y ------------

Command Line: -XX:AllocateHeapAt=/dev/fakeblk -Xlog:gc=debug -XX:-OptimizeStringConcat -XX:+UnlockExperimentalVMOptions -XX:+UseEpsilonGC -Xnoclassgc -XX:-ClassUnloading -Xms16g -Xmx16g ../dacapo-23.11-chopin.jar h2

Host: AMD Opteron 23xx (Gen 3 Class Opteron), 32 cores, 62G, Debian GNU/Linux 11 (bullseye)
Time: Thu Oct  3 16:21:46 2024 CEST elapsed time: 30.671362 seconds (0d 0h 0m 30s)

---------------  T H R E A D  ---------------

Current thread (0x00007fba70027800):  JavaThread "main" [_thread_in_vm, id=462477, stack(0x00007fba76da3000,0x00007fba76ea4000)]

Stack: [0x00007fba76da3000,0x00007fba76ea4000],  sp=0x00007fba76ea1b90,  free space=1018k
Native frames: (J=compiled Java code, A=aot compiled Java code, j=interpreted, Vv=VM code, C=native code)
V  [libjvm.so+0x620036]  CompilationPolicy::can_be_compiled(methodHandle const&, int)+0x26
V  [libjvm.so+0x6201ed]  CompilationPolicy::compile_if_required(methodHandle const&, Thread*)+0x2d
V  [libjvm.so+0xa65cac]  LinkResolver::runtime_resolve_virtual_method(CallInfo&, methodHandle const&, Klass*, Handle, Klass*, bool, Thread*)+0x13c
V  [libjvm.so+0xa661d9]  LinkResolver::resolve_invokevirtual(CallInfo&, Handle, constantPoolHandle const&, int, Thread*)+0x169
V  [libjvm.so+0x8737af]  InterpreterRuntime::resolve_invoke(JavaThread*, Bytecodes::Code)+0x17f
V  [libjvm.so+0x873e0d]  InterpreterRuntime::resolve_from_cache(JavaThread*, Bytecodes::Code)+0x3d
j  org.h2.mvstore.Page.removePage(J)I+8
j  org.h2.mvstore.Page$Leaf.removeAllRecursive(J)I+2
j  java.io.OutputStreamWriter.write([CII)V+7 java.base@11.0.16-internal
j  java.io.BufferedWriter.flushBuffer()V+34 java.base@11.0.16-internal
j  java.io.PrintStream.write(Ljava/lang/String;)V+20 java.base@11.0.16-internal
j  java.io.PrintStream.print(Ljava/lang/String;)V+5 java.base@11.0.16-internal
j  java.io.PrintStream.println(Ljava/lang/Object;)V+11 java.base@11.0.16-internal
j  org.dacapo.harness.TestHarness.main([Ljava/lang/String;)V+833
v  ~StubRoutines::call_stub
V  [libjvm.so+0x87a113]  JavaCalls::call_helper(JavaValue*, methodHandle const&, JavaCallArguments*, Thread*)+0x353
V  [libjvm.so+0xc7dcec]  invoke(InstanceKlass*, methodHandle const&, Handle, bool, objArrayHandle, BasicType, objArrayHandle, bool, Thread*) [clone .constprop.0]+0x45c
V  [libjvm.so+0xc7eaf0]  Reflection::invoke_method(oopDesc*, Handle, objArrayHandle, Thread*)+0x100
V  [libjvm.so+0x92eead]  JVM_InvokeMethod+0x13d
j  jdk.internal.reflect.NativeMethodAccessorImpl.invoke0(Ljava/lang/reflect/Method;Ljava/lang/Object;[Ljava/lang/Object;)Ljava/lang/Object;+0 java.base@11.0.16-internal
j  jdk.internal.reflect.NativeMethodAccessorImpl.invoke(Ljava/lang/Object;[Ljava/lang/Object;)Ljava/lang/Object;+100 java.base@11.0.16-internal
j  jdk.internal.reflect.DelegatingMethodAccessorImpl.invoke(Ljava/lang/Object;[Ljava/lang/Object;)Ljava/lang/Object;+6 java.base@11.0.16-internal
j  java.lang.reflect.Method.invoke(Ljava/lang/Object;[Ljava/lang/Object;)Ljava/lang/Object;+59 java.base@11.0.16-internal
j  Harness.main([Ljava/lang/String;)V+44
v  ~StubRoutines::call_stub
V  [libjvm.so+0x87a113]  JavaCalls::call_helper(JavaValue*, methodHandle const&, JavaCallArguments*, Thread*)+0x353
V  [libjvm.so+0x8f686d]  jni_invoke_static(JNIEnv_*, JavaValue*, _jobject*, JNICallType, _jmethodID*, JNI_ArgumentPusher*, Thread*) [clone .constprop.1]+0x24d
V  [libjvm.so+0x8f8edc]  jni_CallStaticVoidMethod+0x15c
C  [libjli.so+0x55d7]  JavaMain+0xcf7
C  [libjli.so+0x9619]  ThreadJavaMain+0x9

Java frames: (J=compiled Java code, j=interpreted, Vv=VM code)
j  org.h2.mvstore.Page.removePage(J)I+8
j  org.h2.mvstore.Page$Leaf.removeAllRecursive(J)I+2
j  java.io.OutputStreamWriter.write([CII)V+7 java.base@11.0.16-internal
j  java.io.BufferedWriter.flushBuffer()V+34 java.base@11.0.16-internal
j  java.io.PrintStream.write(Ljava/lang/String;)V+20 java.base@11.0.16-internal
j  java.io.PrintStream.print(Ljava/lang/String;)V+5 java.base@11.0.16-internal
j  java.io.PrintStream.println(Ljava/lang/Object;)V+11 java.base@11.0.16-internal
j  org.dacapo.harness.TestHarness.main([Ljava/lang/String;)V+833
v  ~StubRoutines::call_stub
j  jdk.internal.reflect.NativeMethodAccessorImpl.invoke0(Ljava/lang/reflect/Method;Ljava/lang/Object;[Ljava/lang/Object;)Ljava/lang/Object;+0 java.base@11.0.16-internal
j  jdk.internal.reflect.NativeMethodAccessorImpl.invoke(Ljava/lang/Object;[Ljava/lang/Object;)Ljava/lang/Object;+100 java.base@11.0.16-internal
j  jdk.internal.reflect.DelegatingMethodAccessorImpl.invoke(Ljava/lang/Object;[Ljava/lang/Object;)Ljava/lang/Object;+6 java.base@11.0.16-internal
j  java.lang.reflect.Method.invoke(Ljava/lang/Object;[Ljava/lang/Object;)Ljava/lang/Object;+59 java.base@11.0.16-internal
j  Harness.main([Ljava/lang/String;)V+44
v  ~StubRoutines::call_stub

siginfo: si_signo: 11 (SIGSEGV), si_code: 1 (SEGV_MAPERR), si_addr: 0x0000000000000028

Register to memory mapping:

RAX=0x0 is NULL
RBX=0x00007fba76ea1c10 is pointing into the stack for thread: 0x00007fba70027800
RCX=0x0000000000000401 is an unknown value
RDX=0x00000008001183a8 is a pointer to class: 
org.h2.mvstore.Page {0x00000008001183a8}
RSP=0x00007fba76ea1b90 is pointing into the stack for thread: 0x00007fba70027800
RBP=0x00007fba76ea1ba0 is pointing into the stack for thread: 0x00007fba70027800
RSI=0x00000000fffffffe is an unknown value
RDI=0x00000004c0100602 is an unallocated location in the heap
R8 =0x00007fba70147370 points into unknown readable memory: 0x00007fba7674c768 | 68 c7 74 76 ba 7f 00 00
R9 =0x00007fba76ea1c10 is pointing into the stack for thread: 0x00007fba70027800
R10=0x0000000000000001 is an unknown value
R11=0x00000008001183a8 is a pointer to class: 
org.h2.mvstore.Page {0x00000008001183a8}
R12=0x0 is NULL
R13=0x00007fba76ea1c90 is pointing into the stack for thread: 0x00007fba70027800
R14=0x00007fba76ea1c10 is pointing into the stack for thread: 0x00007fba70027800
R15=0x0000000000000006 is an unknown value


Registers:
RAX=0x0000000000000000, RBX=0x00007fba76ea1c10, RCX=0x0000000000000401, RDX=0x00000008001183a8
RSP=0x00007fba76ea1b90, RBP=0x00007fba76ea1ba0, RSI=0x00000000fffffffe, RDI=0x00000004c0100602
R8 =0x00007fba70147370, R9 =0x00007fba76ea1c10, R10=0x0000000000000001, R11=0x00000008001183a8
R12=0x0000000000000000, R13=0x00007fba76ea1c90, R14=0x00007fba76ea1c10, R15=0x0000000000000006
RIP=0x00007fba77612036, EFLAGS=0x0000000000010202, CSGSFS=0x002b000000000033, ERR=0x0000000000000004
  TRAPNO=0x000000000000000e

Top of Stack: (sp=0x00007fba76ea1b90)
0x00007fba76ea1b90:   00007fba70027800 00007fba76ea1c10
0x00007fba76ea1ba0:   00007fba76ea1be0 00007fba776121ed
0x00007fba76ea1bb0:   00007ffc6876295a 0000000000000100
0x00007fba76ea1bc0:   00007fba76ea1c00 00007fba76ea1dc0 

Instructions: (pc=0x00007fba77612036)
0x00007fba77611f36:   c3 66 0f 1f 84 00 00 00 00 00 e8 db 5c 55 00 83
0x00007fba77611f46:   f0 01 84 c0 74 e4 48 8d 05 28 c0 b6 00 80 38 00
0x00007fba77611f56:   75 08 b8 01 00 00 00 eb d3 90 4c 8d 25 04 c0 b6
0x00007fba77611f66:   00 41 80 3c 24 00 74 c2 48 8d 05 ab 33 bb 00 80
0x00007fba77611f76:   38 00 74 b6 48 8b 3b 8b 47 20 85 c0 79 6a a9 00
0x00007fba77611f86:   00 00 40 74 a5 48 8d 05 66 ab b6 00 8b 00 83 f8
0x00007fba77611f96:   01 0f 94 c0 eb 96 0f 1f 40 00 48 8d 05 71 bc b6
0x00007fba77611fa6:   00 80 38 00 74 2c be 01 00 00 00 e8 6a 5c 55 00
0x00007fba77611fb6:   84 c0 74 92 48 8b 3b be 04 00 00 00 e8 59 5c 55
0x00007fba77611fc6:   00 84 c0 0f 85 61 ff ff ff e9 78 ff ff ff 0f 1f
0x00007fba77611fd6:   40 00 48 8d 05 71 ab b6 00 8b 30 e8 3a 5c 55 00
0x00007fba77611fe6:   83 f0 01 e9 5a ff ff ff e8 fd 9c 55 00 84 c0 0f
0x00007fba77611ff6:   84 35 ff ff ff 41 80 3c 24 00 0f 84 2a ff ff ff
0x00007fba77612006:   eb 83 0f 1f 84 00 00 00 00 00 55 48 89 e5 41 54
0x00007fba77612016:   45 31 e4 53 48 89 fb 48 8b 3f f6 47 21 04 75 3d
0x00007fba77612026:   48 8d 05 3c bf b6 00 80 38 00 74 0c 48 8b 47 08
0x00007fba77612036:   66 81 78 28 40 1f 77 25 0f b7 47 28 83 e8 06 66
0x00007fba77612046:   83 f8 20 77 25 48 8d 15 ca f7 87 00 0f b7 c0 48
0x00007fba77612056:   63 04 82 48 01 d0 ff e0 66 90 45 31 e4 44 89 e0
0x00007fba77612066:   5b 41 5c 5d c3 0f 1f 44 00 00 83 fe fe 74 23 8d
0x00007fba77612076:   46 ff 45 31 e4 83 f8 03 77 e3 e8 9b 5b 55 00 5b
0x00007fba77612086:   83 f0 01 41 89 c4 44 89 e0 41 5c 5d c3 0f 1f 44
0x00007fba77612096:   00 00 48 8d 05 79 bb b6 00 44 0f b6 20 45 84 e4
0x00007fba776120a6:   74 28 be 01 00 00 00 e8 6e 5b 55 00 84 c0 74 ad
0x00007fba776120b6:   48 8b 3b be 04 00 00 00 e8 5d 5b 55 00 83 f0 01
0x00007fba776120c6:   41 89 c4 eb 98 0f 1f 44 00 00 48 8d 05 79 aa b6
0x00007fba776120d6:   00 8b 30 e8 42 5b 55 00 83 f0 01 41 89 c4 e9 7a
0x00007fba776120e6:   ff ff ff 90 66 0f 1f 44 00 00 55 48 89 e5 41 57
0x00007fba776120f6:   41 56 49 89 d6 41 55 41 54 49 89 f4 53 48 83 ec
0x00007fba77612106:   08 48 8b 3e 48 8d 05 3f aa b6 00 44 8b 38 e8 77
0x00007fba77612116:   74 55 00 41 89 c5 49 8b 04 24 48 8b 58 18 48 8d
0x00007fba77612126:   7b 18 e8 d3 53 25 00 48 8d 7b 1c e8 ca 53 25 00 


Stack slot to memory mapping:
stack at sp + 0 slots: 0x00007fba70027800 is a thread
stack at sp + 1 slots: 0x00007fba76ea1c10 is pointing into the stack for thread: 0x00007fba70027800
stack at sp + 2 slots: 0x00007fba76ea1be0 is pointing into the stack for thread: 0x00007fba70027800
stack at sp + 3 slots: 0x00007fba776121ed: <offset 0x00000000006201ed> in /home/adam/jdk11u/build/linux-x86_64-normal-server-release/images/jdk/lib/server/libjvm.so at 0x00007fba76ff2000
stack at sp + 4 slots: 0x00007ffc6876295a: clock_gettime+0x000000000000005a in linux-vdso.so.1 at 0x00007ffc68762000
stack at sp + 5 slots: 0x0000000000000100 is an unknown value
stack at sp + 6 slots: 0x00007fba76ea1c00 is pointing into the stack for thread: 0x00007fba70027800
stack at sp + 7 slots: 0x00007fba76ea1dc0 is pointing into the stack for thread: 0x00007fba70027800


---------------  P R O C E S S  ---------------

Threads class SMR info:
_java_thread_list=0x00007fb8c01879e0, length=10, elements={
0x00007fba70027800, 0x00007fba70105800, 0x00007fba70109800, 0x00007fba70120000,
0x00007fba70122000, 0x00007fba70124800, 0x00007fba70126800, 0x00007fba70128800,
0x00007fba701bb000, 0x00007fb8c0186800
}

Java Threads: ( => current thread )
=>0x00007fba70027800 JavaThread "main" [_thread_in_vm, id=462477, stack(0x00007fba76da3000,0x00007fba76ea4000)]
  0x00007fba70105800 JavaThread "Reference Handler" daemon [_thread_blocked, id=462479, stack(0x00007fba7606a000,0x00007fba7616b000)]
  0x00007fba70109800 JavaThread "" daemon [_thread_blocked, id=462480, stack(0x00007fba75f69000,0x00007fba7606a000)]
  0x00007fba70120000 JavaThread "Signal Dispatcher" daemon [_thread_blocked, id=462481, stack(0x00007fba75b81000,0x00007fba75c82000)]
  0x00007fba70122000 JavaThread "" daemon [_thread_blocked, id=462482, stack(0x00007fba75a80000,0x00007fba75b81000)]
  0x00007fba70124800 JavaThread "C2 CompilerThread0" daemon [_thread_blocked, id=462483, stack(0x00007fba7597f000,0x00007fba75a80000)]
  0x00007fba70126800 JavaThread "C1 CompilerThread0" daemon [_thread_blocked, id=462484, stack(0x00007fba7587e000,0x00007fba7597f000)]
  0x00007fba70128800 JavaThread "" daemon [_thread_blocked, id=462485, stack(0x00007fba7577d000,0x00007fba7587e000)]
  0x00007fba701bb000 JavaThread "" daemon [_thread_blocked, id=462487, stack(0x00007fba7557a000,0x00007fba7567b000)]
  0x00007fb8c0186800 JavaThread "C1 CompilerThread1" daemon [_thread_blocked, id=462501, stack(0x00007fba7544d000,0x00007fba7554e000)]

Other Threads:
  0x00007fba700fc800 VMThread "VM Thread" [stack: 0x00007fba7616d000,0x00007fba7626d000] [id=462478]
  0x00007fba701b3800 WatcherThread [stack: 0x00007fba7567d000,0x00007fba7577d000] [id=462486]

Threads with active compile tasks:

VM state:not at safepoint (normal execution)

VM Mutex/Monitor currently owned by a thread: None

Heap address: 0x0000000400000000, size: 16384 MB, Compressed Oops mode: Zero based, Oop shift amount: 3
Narrow klass base: 0x0000000800000000, Narrow klass shift: 0
Compressed class space size: 1073741824 Address: 0x0000000800000000

Heap:
Epsilon Heap
Allocation space:
 Metaspace       used 16231K, capacity 16620K, committed 16768K, reserved 1064960K
  class space    used 1467K, capacity 1611K, committed 1664K, reserved 1048576K


Polling page: 0x00007fba78426000

Metaspace:

Usage:
  Non-class:     14.66 MB capacity,    14.42 MB ( 98%) used,   215.33 KB (  1%) free+waste,    30.19 KB ( <1%) overhead. 
      Class:      1.57 MB capacity,     1.43 MB ( 91%) used,   129.31 KB (  8%) free+waste,    13.75 KB ( <1%) overhead. 
       Both:     16.23 MB capacity,    15.85 MB ( 98%) used,   344.64 KB (  2%) free+waste,    43.94 KB ( <1%) overhead. 

Virtual space:
  Non-class space:       16.00 MB reserved,      14.75 MB ( 92%) committed 
      Class space:        1.00 GB reserved,       1.62 MB ( <1%) committed 
             Both:        1.02 GB reserved,      16.38 MB (  2%) committed 

Chunk freelists:
   Non-Class:  51.00 KB
       Class:  0 bytes
        Both:  51.00 KB

MaxMetaspaceSize: unlimited
CompressedClassSpaceSize: 1.00 GB
Initial GC threshold: 20.80 MB
Current GC threshold: 20.80 MB
CDS: off

CodeHeap 'non-profiled nmethods': size=118884Kb used=1841Kb max_used=1841Kb free=117042Kb
 bounds [0x00007fba603f9000, 0x00007fba60669000, 0x00007fba67812000]
CodeHeap 'profiled nmethods': size=118884Kb used=4343Kb max_used=4343Kb free=114540Kb
 bounds [0x00007fba58fe0000, 0x00007fba59420000, 0x00007fba603f9000]
CodeHeap 'non-nmethods': size=7992Kb used=1754Kb max_used=3489Kb free=6237Kb
 bounds [0x00007fba58812000, 0x00007fba58b92000, 0x00007fba58fe0000]
 total_blobs=2683 nmethods=2213 adapters=386
 compilation: enabled
              stopped_count=0, restarted_count=0
 full_count=0

Compilation events (20 events):
Event: 25.960 Thread 0x00007fb8c0186800 nmethod 2208 0x00007fba59414290 code [0x00007fba594144a0, 0x00007fba59414be0]
Event: 25.960 Thread 0x00007fb8c0186800 2200   !   3       org.h2.jdbc.JdbcStatement::closeInternal (34 bytes)
Event: 25.960 Thread 0x00007fba70126800 nmethod 2207 0x00007fba59414e90 code [0x00007fba59415120, 0x00007fba59416080]
Event: 25.960 Thread 0x00007fba70126800 2201   !   3       org.h2.jdbc.JdbcConnection::prepareStatement (81 bytes)
Event: 25.960 Thread 0x00007fb8c0186800 nmethod 2200 0x00007fba59416610 code [0x00007fba594167e0, 0x00007fba59416bc0]
Event: 25.960 Thread 0x00007fb8c0186800 2202       3       org.h2.jdbc.JdbcConnection::translateSQL (6 bytes)
Event: 25.961 Thread 0x00007fb8c0186800 nmethod 2202 0x00007fba59416d10 code [0x00007fba59416f60, 0x00007fba594177f0]
Event: 25.961 Thread 0x00007fb8c0186800 2203       3       org.h2.jdbc.JdbcPreparedStatement::<init> (43 bytes)
Event: 25.962 Thread 0x00007fb8c0186800 nmethod 2203 0x00007fba59417b10 code [0x00007fba59417d00, 0x00007fba594181a0]
Event: 25.962 Thread 0x00007fb8c0186800 2204   !   3       org.h2.jdbc.JdbcPreparedStatement::close (46 bytes)
Event: 25.962 Thread 0x00007fb8c0186800 nmethod 2204 0x00007fba59418390 code [0x00007fba594185a0, 0x00007fba59418af0]
Event: 25.963 Thread 0x00007fba70126800 nmethod 2201 0x00007fba59418d90 code [0x00007fba594191e0, 0x00007fba5941add0]
Event: 26.434 Thread 0x00007fba70124800 2210 %     4       org.apache.derbyTesting.system.oe.load.SimpleInsert::stockTable @ 25 (298 bytes)
Event: 30.407 Thread 0x00007fba70124800 nmethod 2210% 0x00007fba605be890 code [0x00007fba605bee60, 0x00007fba605c2970]
Event: 30.664 Thread 0x00007fb8c0186800 2211       3       java.lang.Character::getType (9 bytes)
Event: 30.664 Thread 0x00007fba70126800 2212       3       java.lang.CharacterDataLatin1::getType (11 bytes)
Event: 30.665 Thread 0x00007fb8c0186800 nmethod 2211 0x00007fba5941bc90 code [0x00007fba5941be60, 0x00007fba5941c030]
Event: 30.665 Thread 0x00007fba70126800 nmethod 2212 0x00007fba5941c110 code [0x00007fba5941c2c0, 0x00007fba5941c450]
Event: 30.665 Thread 0x00007fb8c0186800 2213       3       java.lang.StringBuilder::appendCodePoint (8 bytes)
Event: 30.665 Thread 0x00007fba70126800 2214       3       java.lang.AbstractStringBuilder::appendCodePoint (23 bytes)

GC Heap History (0 events):
No events

Deoptimization events (20 events):
Event: 14.733 Thread 0x00007fba70027800 Uncommon trap: trap_request=0xffffffbe fr.pc=0x00007fba60592724 relative=0x0000000000006e64
Event: 14.733 Thread 0x00007fba70027800 Uncommon trap: reason=profile_predicate action=maybe_recompile pc=0x00007fba60592724 method=org.apache.derbyTesting.system.oe.load.SimpleInsert.orderTable(SS)V @ 74 c2
Event: 14.733 Thread 0x00007fba70027800 DEOPT PACKING pc=0x00007fba60592724 sp=0x00007fba76ea1600
Event: 14.733 Thread 0x00007fba70027800 DEOPT UNPACKING pc=0x00007fba5885be9f sp=0x00007fba76ea1618 mode 2
Event: 30.663 Thread 0x00007fba70027800 Uncommon trap: trap_request=0xffffffde fr.pc=0x00007fba605525e4 relative=0x0000000000002644
Event: 30.663 Thread 0x00007fba70027800 Uncommon trap: reason=class_check action=maybe_recompile pc=0x00007fba605525e4 method=java.lang.ThreadLocal$ThreadLocalMap.expungeStaleEntry(I)I @ 51 c2
Event: 30.663 Thread 0x00007fba70027800 DEOPT PACKING pc=0x00007fba605525e4 sp=0x00007fba76ea1530
Event: 30.663 Thread 0x00007fba70027800 DEOPT UNPACKING pc=0x00007fba5885be9f sp=0x00007fba76ea12d0 mode 2
Event: 30.663 Thread 0x00007fba70027800 Uncommon trap: trap_request=0xffffff4d fr.pc=0x00007fba6043d9a8 relative=0x0000000000000268
Event: 30.663 Thread 0x00007fba70027800 Uncommon trap: reason=unstable_if action=reinterpret pc=0x00007fba6043d9a8 method=java.util.concurrent.ConcurrentHashMap.get(Ljava/lang/Object;)Ljava/lang/Object; @ 76 c2
Event: 30.664 Thread 0x00007fba70027800 DEOPT PACKING pc=0x00007fba6043d9a8 sp=0x00007fba76ea09e0
Event: 30.664 Thread 0x00007fba70027800 DEOPT UNPACKING pc=0x00007fba5885be9f sp=0x00007fba76ea0968 mode 2
Event: 30.665 Thread 0x00007fba70027800 Uncommon trap: trap_request=0xffffff4d fr.pc=0x00007fba60459d54 relative=0x00000000000000b4
Event: 30.665 Thread 0x00007fba70027800 Uncommon trap: reason=unstable_if action=reinterpret pc=0x00007fba60459d54 method=org.h2.message.TraceSystem.isEnabled(I)Z @ 24 c2
Event: 30.665 Thread 0x00007fba70027800 DEOPT PACKING pc=0x00007fba60459d54 sp=0x00007fba76ea1480
Event: 30.665 Thread 0x00007fba70027800 DEOPT UNPACKING pc=0x00007fba5885be9f sp=0x00007fba76ea13d0 mode 2
Event: 30.665 Thread 0x00007fba70027800 Uncommon trap: trap_request=0xffffff4d fr.pc=0x00007fba604b93f8 relative=0x0000000000000058
Event: 30.665 Thread 0x00007fba70027800 Uncommon trap: reason=unstable_if action=reinterpret pc=0x00007fba604b93f8 method=org.h2.mvstore.Page.isPersistent()Z @ 6 c2
Event: 30.665 Thread 0x00007fba70027800 DEOPT PACKING pc=0x00007fba604b93f8 sp=0x00007fba76ea1e60
Event: 30.665 Thread 0x00007fba70027800 DEOPT UNPACKING pc=0x00007fba5885be9f sp=0x00007fba76ea1e08 mode 2

Classes redefined (0 events):
No events

Internal exceptions (20 events):
Event: 0.783 Thread 0x00007fba70027800 Exception <a 'java/security/PrivilegedActionException'{0x00000004007194a0}> (0x00000004007194a0) thrown at [src/hotspot/share/prims/jvm.cpp, line 1304]
Event: 0.785 Thread 0x00007fba70027800 Exception <a 'java/security/PrivilegedActionException'{0x00000004007198c0}> (0x00000004007198c0) thrown at [src/hotspot/share/prims/jvm.cpp, line 1304]
Event: 0.785 Thread 0x00007fba70027800 Exception <a 'java/security/PrivilegedActionException'{0x0000000400719950}> (0x0000000400719950) thrown at [src/hotspot/share/prims/jvm.cpp, line 1304]
Event: 0.845 Thread 0x00007fba70027800 Exception <a 'java/lang/NoClassDefFoundError'{0x00000004008a23c0}: org/apache/derby/shared/common/info/ProductVersionHolder> (0x00000004008a23c0) thrown at [src/hotspot/share/classfile/systemDictionary.cpp, line 227]
Event: 0.845 Thread 0x00007fba70027800 Exception <a 'java/lang/NoClassDefFoundError'{0x00000004008a23c0}> (0x00000004008a23c0) thrown at [src/hotspot/share/prims/jvm.cpp, line 1310]
Event: 0.845 Thread 0x00007fba70027800 Exception <a 'java/lang/NoClassDefFoundError'{0x00000004008a23c0}> (0x00000004008a23c0) thrown at [src/hotspot/share/oops/instanceKlass.cpp, line 1029]
Event: 0.845 Thread 0x00007fba70027800 Exception <a 'java/lang/NoClassDefFoundError'{0x00000004008a23c0}> (0x00000004008a23c0) thrown at [src/hotspot/share/oops/instanceKlass.cpp, line 1029]
Event: 1.086 Thread 0x00007fba70027800 Exception <a 'java/lang/NoSuchMethodError'{0x0000000400ba63c0}: 'void java.lang.invoke.DirectMethodHandle$Holder.invokeStaticInit(java.lang.Object, java.lang.Object, java.lang.Object, java.lang.Object, java.lang.Object)'> (0x0000000400ba63c0) thrown at [src/hotspot/share/interpreter/linkResolver.cpp, line 772]
Event: 1.189 Thread 0x00007fba70027800 Exception <a 'java/lang/NoSuchMethodError'{0x0000000400d0c630}: 'java.lang.Object java.lang.invoke.DirectMethodHandle$Holder.newInvokeSpecial(java.lang.Object, java.lang.Object, java.lang.Object)'> (0x0000000400d0c630) thrown at [src/hotspot/share/interpreter/linkResolver.cpp, line 772]
Event: 1.196 Thread 0x00007fba70027800 Exception <a 'java/lang/NoSuchMethodError'{0x0000000400d0cfc0}: 'int java.lang.invoke.DirectMethodHandle$Holder.invokeStaticInit(java.lang.Object, java.lang.Object, java.lang.Object)'> (0x0000000400d0cfc0) thrown at [src/hotspot/share/interpreter/linkResolver.cpp, line 772]
Event: 1.437 Thread 0x00007fba70027800 Exception <a 'java/lang/NoSuchMethodError'{0x00000004012cf5f0}: 'int java.lang.invoke.DirectMethodHandle$Holder.invokeVirtual(java.lang.Object, java.lang.Object)'> (0x00000004012cf5f0) thrown at [src/hotspot/share/interpreter/linkResolver.cpp, line 772]
Event: 1.440 Thread 0x00007fba70027800 Exception <a 'java/lang/NoSuchMethodError'{0x00000004012d0930}: 'void java.lang.invoke.DirectMethodHandle$Holder.invokeStaticInit(java.lang.Object, java.lang.Object)'> (0x00000004012d0930) thrown at [src/hotspot/share/interpreter/linkResolver.cpp, line 772]
Event: 1.449 Thread 0x00007fba70027800 Exception <a 'java/lang/NoSuchMethodError'{0x00000004014bb530}: 'int java.lang.invoke.DirectMethodHandle$Holder.invokeSpecial(java.lang.Object, java.lang.Object, java.lang.Object, java.lang.Object)'> (0x00000004014bb530) thrown at [src/hotspot/share/interpreter/linkResolver.cpp, line 772]
Event: 2.241 Thread 0x00007fba70027800 Implicit null exception at 0x00007fba604ac7b0 to 0x00007fba604add44
Event: 3.496 Thread 0x00007fba70027800 Implicit null exception at 0x00007fba605469ab to 0x00007fba60548fa4
Event: 3.497 Thread 0x00007fba70027800 Implicit null exception at 0x00007fba605469ab to 0x00007fba60548fa4
Event: 3.894 Thread 0x00007fba70027800 Implicit null exception at 0x00007fba605469ab to 0x00007fba60548fa4
Event: 3.895 Thread 0x00007fba70027800 Implicit null exception at 0x00007fba605469ab to 0x00007fba60548fa4
Event: 30.663 Thread 0x00007fba70027800 Exception <a 'java/lang/ClassCastException'{0x00000004017187e0}: class org.h2.mvstore.Page$NonLeaf cannot be cast to class java.lang.ThreadLocal (org.h2.mvstore.Page$NonLeaf is in unnamed module of loader org.dacapo.harness.DacapoClassLoader @2781e022; java.lang.ThreadLocal is in module java.base of loader 'bootstrap')> (0x00000004017187e0) thrown at [src/hotspot/share/interpreter/interpreterRuntime.cpp, line 459]
Event: 30.665 Thread 0x00007fba70027800 Exception <a 'java/lang/reflect/InvocationTargetException'{0x0000000401718a20}> (0x0000000401718a20) thrown at [src/hotspot/share/runtime/reflection.cpp, line 1245]

Events (20 events):
Event: 2.961 loading class sun/util/calendar/Gregorian done
Event: 3.051 Loaded shared library /home/adam/jdk11u/build/linux-x86_64-normal-server-release/images/jdk/lib/server/libjvm.so
Event: 4.039 Thread 0x00007fb898072800 Thread exited: 0x00007fb898072800
Event: 4.367 Thread 0x00007fb8980ac800 Thread exited: 0x00007fb8980ac800
Event: 4.367 Thread 0x00007fb894029800 Thread exited: 0x00007fb894029800
Event: 4.368 Thread 0x00007fb8b013c800 Thread exited: 0x00007fb8b013c800
Event: 4.454 Thread 0x00007fb8a8006000 Thread exited: 0x00007fb8a8006000
Event: 4.460 Thread 0x00007fb8a8004000 Thread exited: 0x00007fb8a8004000
Event: 4.852 Thread 0x00007fb8c0099800 Thread exited: 0x00007fb8c0099800
Event: 5.128 Thread 0x00007fb8c0151800 Thread exited: 0x00007fb8c0151800
Event: 5.812 Thread 0x00007fb8c006d800 Thread exited: 0x00007fb8c006d800
Event: 6.293 Thread 0x00007fb8bc6c5000 Thread added: 0x00007fb8bc6c5000
Event: 6.293 Protecting memory [0x00007fba7544d000,0x00007fba75451000] with protection modes 0
Event: 6.682 Thread 0x00007fb8bc6c5000 Thread exited: 0x00007fb8bc6c5000
Event: 25.958 Thread 0x00007fb8c0186800 Thread added: 0x00007fb8c0186800
Event: 25.958 Protecting memory [0x00007fba7544d000,0x00007fba75451000] with protection modes 0
Event: 26.483 Executing VM operation: Dummy
Event: 30.398 Executing VM operation: Dummy done
Event: 30.531 Executing VM operation: Dummy
Event: 30.648 Executing VM operation: Dummy done


Dynamic libraries:
400000000-800000000 rw-s 00000000 00:05 753                              /dev/fakeblk
800000000-8001a0000 rw-p 00000000 00:00 0 
8001a0000-840000000 ---p 00000000 00:00 0 
55aed5f75000-55aed5f76000 r--p 00000000 fe:01 1011412                    /home/adam/jdk11u/build/linux-x86_64-normal-server-release/images/jdk/bin/java
55aed5f76000-55aed5f77000 r-xp 00001000 fe:01 1011412                    /home/adam/jdk11u/build/linux-x86_64-normal-server-release/images/jdk/bin/java
55aed5f77000-55aed5f78000 r--p 00002000 fe:01 1011412                    /home/adam/jdk11u/build/linux-x86_64-normal-server-release/images/jdk/bin/java
55aed5f78000-55aed5f79000 r--p 00002000 fe:01 1011412                    /home/adam/jdk11u/build/linux-x86_64-normal-server-release/images/jdk/bin/java
55aed5f79000-55aed5f7a000 rw-p 00003000 fe:01 1011412                    /home/adam/jdk11u/build/linux-x86_64-normal-server-release/images/jdk/bin/java
55aed6e0c000-55aed6e2d000 rw-p 00000000 00:00 0                          [heap]
7fb884000000-7fb884564000 rw-p 00000000 00:00 0 
7fb884564000-7fb888000000 ---p 00000000 00:00 0 
7fb888000000-7fb888062000 rw-p 00000000 00:00 0 
7fb888062000-7fb88c000000 ---p 00000000 00:00 0 
7fb88c000000-7fb88c66d000 rw-p 00000000 00:00 0 
7fb88c66d000-7fb890000000 ---p 00000000 00:00 0 
7fb890000000-7fb8907c4000 rw-p 00000000 00:00 0 
7fb8907c4000-7fb894000000 ---p 00000000 00:00 0 
7fb894000000-7fb8947f2000 rw-p 00000000 00:00 0 
7fb8947f2000-7fb898000000 ---p 00000000 00:00 0 
7fb898000000-7fb8988c1000 rw-p 00000000 00:00 0 
7fb8988c1000-7fb89c000000 ---p 00000000 00:00 0 
7fb89c000000-7fb89c090000 rw-p 00000000 00:00 0 
7fb89c090000-7fb8a0000000 ---p 00000000 00:00 0 
7fb8a0000000-7fb8a00ea000 rw-p 00000000 00:00 0 
7fb8a00ea000-7fb8a4000000 ---p 00000000 00:00 0 
7fb8a4000000-7fb8a513b000 rw-p 00000000 00:00 0 
7fb8a513b000-7fb8a8000000 ---p 00000000 00:00 0 
7fb8a8000000-7fb8a8090000 rw-p 00000000 00:00 0 
7fb8a8090000-7fb8ac000000 ---p 00000000 00:00 0 
7fb8ac000000-7fb8ac021000 rw-p 00000000 00:00 0 
7fb8ac021000-7fb8b0000000 ---p 00000000 00:00 0 
7fb8b0000000-7fb8b0173000 rw-p 00000000 00:00 0 
7fb8b0173000-7fb8b4000000 ---p 00000000 00:00 0 
7fb8b4000000-7fb8b4021000 rw-p 00000000 00:00 0 
7fb8b4021000-7fb8b8000000 ---p 00000000 00:00 0 
7fb8b8000000-7fb8b8021000 rw-p 00000000 00:00 0 
7fb8b8021000-7fb8bc000000 ---p 00000000 00:00 0 
7fb8bc000000-7fb8bf329000 rw-p 00000000 00:00 0 
7fb8bf329000-7fb8c0000000 ---p 00000000 00:00 0 
7fb8c0000000-7fb8c024e000 rw-p 00000000 00:00 0 
7fb8c024e000-7fb8c4000000 ---p 00000000 00:00 0 
7fb8c4000000-7fb8c4021000 rw-p 00000000 00:00 0 
7fb8c4021000-7fb8c8000000 ---p 00000000 00:00 0 
7fb8c8000000-7fb8c8021000 rw-p 00000000 00:00 0 
7fb8c8021000-7fb8cc000000 ---p 00000000 00:00 0 
7fb8cc000000-7fb8cc021000 rw-p 00000000 00:00 0 
7fb8cc021000-7fb8d0000000 ---p 00000000 00:00 0 
7fb8d0000000-7fb8d0021000 rw-p 00000000 00:00 0 
7fb8d0021000-7fb8d4000000 ---p 00000000 00:00 0 
7fb8d4000000-7fb8d4115000 rw-p 00000000 00:00 0 
7fb8d4115000-7fb8d8000000 ---p 00000000 00:00 0 
7fb8d8812000-7fba58812000 rw-s 00000000 00:18 162                        /dev/shm/prout
7fba58812000-7fba58b92000 rwxp 00000000 00:00 0 
7fba58b92000-7fba58fe0000 ---p 00000000 00:00 0 
7fba58fe0000-7fba59420000 rwxp 00000000 00:00 0 
7fba59420000-7fba603f9000 ---p 00000000 00:00 0 
7fba603f9000-7fba60669000 rwxp 00000000 00:00 0 
7fba60669000-7fba67812000 ---p 00000000 00:00 0 
7fba67812000-7fba70000000 r--s 00000000 fe:01 1011349                    /home/adam/jdk11u/build/linux-x86_64-normal-server-release/images/jdk/lib/modules
7fba70000000-7fba708ed000 rw-p 00000000 00:00 0 
7fba708ed000-7fba74000000 ---p 00000000 00:00 0 
7fba7423c000-7fba74243000 r--s 00000000 fe:01 789188                     /usr/lib/x86_64-linux-gnu/gconv/gconv-modules.cache
7fba74243000-7fba74247000 ---p 00000000 00:00 0 
7fba74247000-7fba74344000 rw-p 00000000 00:00 0 
7fba74344000-7fba74348000 ---p 00000000 00:00 0 
7fba74348000-7fba74445000 rw-p 00000000 00:00 0 
7fba74445000-7fba74449000 ---p 00000000 00:00 0 
7fba74449000-7fba74546000 rw-p 00000000 00:00 0 
7fba74546000-7fba7454a000 ---p 00000000 00:00 0 
7fba7454a000-7fba74647000 rw-p 00000000 00:00 0 
7fba74647000-7fba7464b000 ---p 00000000 00:00 0 
7fba7464b000-7fba74748000 rw-p 00000000 00:00 0 
7fba74748000-7fba7474c000 ---p 00000000 00:00 0 
7fba7474c000-7fba74849000 rw-p 00000000 00:00 0 
7fba74849000-7fba7484d000 ---p 00000000 00:00 0 
7fba7484d000-7fba7494a000 rw-p 00000000 00:00 0 
7fba7494a000-7fba7494e000 ---p 00000000 00:00 0 
7fba7494e000-7fba74b0b000 rw-p 00000000 00:00 0 
7fba74b0b000-7fba74c4f000 ---p 00000000 00:00 0 
7fba74c4f000-7fba74f4c000 rw-p 00000000 00:00 0 
7fba74f4c000-7fba7514c000 rw-p 00000000 00:00 0 
7fba7514c000-7fba7534c000 rw-p 00000000 00:00 0 
7fba7534c000-7fba75350000 ---p 00000000 00:00 0 
7fba75350000-7fba7544d000 rw-p 00000000 00:00 0 
7fba7544d000-7fba75451000 ---p 00000000 00:00 0 
7fba75451000-7fba7554e000 rw-p 00000000 00:00 0 
7fba7554e000-7fba75552000 r--p 00000000 fe:01 1011422                    /home/adam/jdk11u/build/linux-x86_64-normal-server-release/images/jdk/lib/libnet.so
7fba75552000-7fba75561000 r-xp 00004000 fe:01 1011422                    /home/adam/jdk11u/build/linux-x86_64-normal-server-release/images/jdk/lib/libnet.so
7fba75561000-7fba75565000 r--p 00013000 fe:01 1011422                    /home/adam/jdk11u/build/linux-x86_64-normal-server-release/images/jdk/lib/libnet.so
7fba75565000-7fba75566000 r--p 00016000 fe:01 1011422                    /home/adam/jdk11u/build/linux-x86_64-normal-server-release/images/jdk/lib/libnet.so
7fba75566000-7fba75567000 rw-p 00017000 fe:01 1011422                    /home/adam/jdk11u/build/linux-x86_64-normal-server-release/images/jdk/lib/libnet.so
7fba75567000-7fba7556e000 r--p 00000000 fe:01 1011421                    /home/adam/jdk11u/build/linux-x86_64-normal-server-release/images/jdk/lib/libnio.so
7fba7556e000-7fba75575000 r-xp 00007000 fe:01 1011421                    /home/adam/jdk11u/build/linux-x86_64-normal-server-release/images/jdk/lib/libnio.so
7fba75575000-7fba75578000 r--p 0000e000 fe:01 1011421                    /home/adam/jdk11u/build/linux-x86_64-normal-server-release/images/jdk/lib/libnio.so
7fba75578000-7fba75579000 r--p 00010000 fe:01 1011421                    /home/adam/jdk11u/build/linux-x86_64-normal-server-release/images/jdk/lib/libnio.so
7fba75579000-7fba7557a000 rw-p 00011000 fe:01 1011421                    /home/adam/jdk11u/build/linux-x86_64-normal-server-release/images/jdk/lib/libnio.so
7fba7557a000-7fba7557e000 ---p 00000000 00:00 0 
7fba7557e000-7fba7567b000 rw-p 00000000 00:00 0 
7fba7567b000-7fba7567c000 ---p 00000000 00:00 0 
7fba7567c000-7fba7577d000 rw-p 00000000 00:00 0 
7fba7577d000-7fba75781000 ---p 00000000 00:00 0 
7fba75781000-7fba7587e000 rw-p 00000000 00:00 0 
7fba7587e000-7fba75882000 ---p 00000000 00:00 0 
7fba75882000-7fba7597f000 rw-p 00000000 00:00 0 
7fba7597f000-7fba75983000 ---p 00000000 00:00 0 
7fba75983000-7fba75a80000 rw-p 00000000 00:00 0 
7fba75a80000-7fba75a84000 ---p 00000000 00:00 0 
7fba75a84000-7fba75b81000 rw-p 00000000 00:00 0 
7fba75b81000-7fba75b85000 ---p 00000000 00:00 0 
7fba75b85000-7fba75c82000 rw-p 00000000 00:00 0 
7fba75c82000-7fba75f69000 r--p 00000000 fe:01 786832                     /usr/lib/locale/locale-archive
7fba75f69000-7fba75f6d000 ---p 00000000 00:00 0 
7fba75f6d000-7fba7606a000 rw-p 00000000 00:00 0 
7fba7606a000-7fba7606e000 ---p 00000000 00:00 0 
7fba7606e000-7fba7616b000 rw-p 00000000 00:00 0 
7fba7616b000-7fba7616c000 ---p 00000000 00:00 0 
7fba7616c000-7fba76b49000 rw-p 00000000 00:00 0 
7fba76b49000-7fba76b4e000 rw-p 00000000 00:00 0 
7fba76b4e000-7fba76c32000 ---p 00000000 00:00 0 
7fba76c32000-7fba76c3b000 rw-p 00000000 00:00 0 
7fba76c3b000-7fba76d1b000 ---p 00000000 00:00 0 
7fba76d1b000-7fba76d22000 rw-p 00000000 00:00 0 
7fba76d22000-7fba76d2b000 ---p 00000000 00:00 0 
7fba76d2b000-7fba76d2e000 r--p 00000000 fe:01 787101                     /usr/lib/x86_64-linux-gnu/libnss_files-2.31.so
7fba76d2e000-7fba76d35000 r-xp 00003000 fe:01 787101                     /usr/lib/x86_64-linux-gnu/libnss_files-2.31.so
7fba76d35000-7fba76d37000 r--p 0000a000 fe:01 787101                     /usr/lib/x86_64-linux-gnu/libnss_files-2.31.so
7fba76d37000-7fba76d38000 r--p 0000b000 fe:01 787101                     /usr/lib/x86_64-linux-gnu/libnss_files-2.31.so
7fba76d38000-7fba76d39000 rw-p 0000c000 fe:01 787101                     /usr/lib/x86_64-linux-gnu/libnss_files-2.31.so
7fba76d39000-7fba76d3f000 rw-p 00000000 00:00 0 
7fba76d43000-7fba76d45000 r--p 00000000 fe:01 1011430                    /home/adam/jdk11u/build/linux-x86_64-normal-server-release/images/jdk/lib/libzip.so
7fba76d45000-7fba76d49000 r-xp 00002000 fe:01 1011430                    /home/adam/jdk11u/build/linux-x86_64-normal-server-release/images/jdk/lib/libzip.so
7fba76d49000-7fba76d4b000 r--p 00006000 fe:01 1011430                    /home/adam/jdk11u/build/linux-x86_64-normal-server-release/images/jdk/lib/libzip.so
7fba76d4b000-7fba76d4c000 r--p 00007000 fe:01 1011430                    /home/adam/jdk11u/build/linux-x86_64-normal-server-release/images/jdk/lib/libzip.so
7fba76d4c000-7fba76d4d000 rw-p 00008000 fe:01 1011430                    /home/adam/jdk11u/build/linux-x86_64-normal-server-release/images/jdk/lib/libzip.so
7fba76d4d000-7fba76d55000 rw-s 00000000 fe:01 2359407                    /tmp/hsperfdata_root/462476
7fba76d55000-7fba76d59000 r--p 00000000 fe:01 1011417                    /home/adam/jdk11u/build/linux-x86_64-normal-server-release/images/jdk/lib/libjimage.so
7fba76d59000-7fba76d6c000 r-xp 00004000 fe:01 1011417                    /home/adam/jdk11u/build/linux-x86_64-normal-server-release/images/jdk/lib/libjimage.so
7fba76d6c000-7fba76d72000 r--p 00017000 fe:01 1011417                    /home/adam/jdk11u/build/linux-x86_64-normal-server-release/images/jdk/lib/libjimage.so
7fba76d72000-7fba76d74000 r--p 0001c000 fe:01 1011417                    /home/adam/jdk11u/build/linux-x86_64-normal-server-release/images/jdk/lib/libjimage.so
7fba76d74000-7fba76d75000 rw-p 0001e000 fe:01 1011417                    /home/adam/jdk11u/build/linux-x86_64-normal-server-release/images/jdk/lib/libjimage.so
7fba76d75000-7fba76d83000 r--p 00000000 fe:01 1011429                    /home/adam/jdk11u/build/linux-x86_64-normal-server-release/images/jdk/lib/libjava.so
7fba76d83000-7fba76d99000 r-xp 0000e000 fe:01 1011429                    /home/adam/jdk11u/build/linux-x86_64-normal-server-release/images/jdk/lib/libjava.so
7fba76d99000-7fba76da0000 r--p 00024000 fe:01 1011429                    /home/adam/jdk11u/build/linux-x86_64-normal-server-release/images/jdk/lib/libjava.so
7fba76da0000-7fba76da1000 r--p 0002a000 fe:01 1011429                    /home/adam/jdk11u/build/linux-x86_64-normal-server-release/images/jdk/lib/libjava.so
7fba76da1000-7fba76da2000 rw-p 0002b000 fe:01 1011429                    /home/adam/jdk11u/build/linux-x86_64-normal-server-release/images/jdk/lib/libjava.so
7fba76da2000-7fba76da3000 rw-p 00000000 00:00 0 
7fba76da3000-7fba76da7000 ---p 00000000 00:00 0 
7fba76da7000-7fba76ea4000 rw-p 00000000 00:00 0 
7fba76ea4000-7fba76eb1000 r--p 00000000 fe:01 787094                     /usr/lib/x86_64-linux-gnu/libm-2.31.so
7fba76eb1000-7fba76f4b000 r-xp 0000d000 fe:01 787094                     /usr/lib/x86_64-linux-gnu/libm-2.31.so
7fba76f4b000-7fba76fe6000 r--p 000a7000 fe:01 787094                     /usr/lib/x86_64-linux-gnu/libm-2.31.so
7fba76fe6000-7fba76fe7000 r--p 00141000 fe:01 787094                     /usr/lib/x86_64-linux-gnu/libm-2.31.so
7fba76fe7000-7fba76fe8000 rw-p 00142000 fe:01 787094                     /usr/lib/x86_64-linux-gnu/libm-2.31.so
7fba76fe8000-7fba76fea000 r--p 00000000 fe:01 787107                     /usr/lib/x86_64-linux-gnu/librt-2.31.so
7fba76fea000-7fba76fee000 r-xp 00002000 fe:01 787107                     /usr/lib/x86_64-linux-gnu/librt-2.31.so
7fba76fee000-7fba76ff0000 r--p 00006000 fe:01 787107                     /usr/lib/x86_64-linux-gnu/librt-2.31.so
7fba76ff0000-7fba76ff1000 r--p 00007000 fe:01 787107                     /usr/lib/x86_64-linux-gnu/librt-2.31.so
7fba76ff1000-7fba76ff2000 rw-p 00008000 fe:01 787107                     /usr/lib/x86_64-linux-gnu/librt-2.31.so
7fba76ff2000-7fba7726e000 r--p 00000000 fe:01 1011416                    /home/adam/jdk11u/build/linux-x86_64-normal-server-release/images/jdk/lib/server/libjvm.so
7fba7726e000-7fba77e60000 r-xp 0027c000 fe:01 1011416                    /home/adam/jdk11u/build/linux-x86_64-normal-server-release/images/jdk/lib/server/libjvm.so
7fba77e60000-7fba780b5000 r--p 00e6e000 fe:01 1011416                    /home/adam/jdk11u/build/linux-x86_64-normal-server-release/images/jdk/lib/server/libjvm.so
7fba780b5000-7fba78178000 r--p 010c2000 fe:01 1011416                    /home/adam/jdk11u/build/linux-x86_64-normal-server-release/images/jdk/lib/server/libjvm.so
7fba78178000-7fba781b2000 rw-p 01185000 fe:01 1011416                    /home/adam/jdk11u/build/linux-x86_64-normal-server-release/images/jdk/lib/server/libjvm.so
7fba781b2000-7fba7820b000 rw-p 00000000 00:00 0 
7fba7820b000-7fba78211000 r--p 00000000 fe:01 787105                     /usr/lib/x86_64-linux-gnu/libpthread-2.31.so
7fba78211000-7fba78221000 r-xp 00006000 fe:01 787105                     /usr/lib/x86_64-linux-gnu/libpthread-2.31.so
7fba78221000-7fba78227000 r--p 00016000 fe:01 787105                     /usr/lib/x86_64-linux-gnu/libpthread-2.31.so
7fba78227000-7fba78228000 r--p 0001b000 fe:01 787105                     /usr/lib/x86_64-linux-gnu/libpthread-2.31.so
7fba78228000-7fba78229000 rw-p 0001c000 fe:01 787105                     /usr/lib/x86_64-linux-gnu/libpthread-2.31.so
7fba78229000-7fba7822d000 rw-p 00000000 00:00 0 
7fba7822d000-7fba7822e000 r--p 00000000 fe:01 787091                     /usr/lib/x86_64-linux-gnu/libdl-2.31.so
7fba7822e000-7fba78230000 r-xp 00001000 fe:01 787091                     /usr/lib/x86_64-linux-gnu/libdl-2.31.so
7fba78230000-7fba78231000 r--p 00003000 fe:01 787091                     /usr/lib/x86_64-linux-gnu/libdl-2.31.so
7fba78231000-7fba78232000 r--p 00003000 fe:01 787091                     /usr/lib/x86_64-linux-gnu/libdl-2.31.so
7fba78232000-7fba78233000 rw-p 00004000 fe:01 787091                     /usr/lib/x86_64-linux-gnu/libdl-2.31.so
7fba78233000-7fba78236000 r--p 00000000 fe:01 788525                     /usr/lib/x86_64-linux-gnu/libz.so.1.2.11
7fba78236000-7fba78247000 r-xp 00003000 fe:01 788525                     /usr/lib/x86_64-linux-gnu/libz.so.1.2.11
7fba78247000-7fba7824d000 r--p 00014000 fe:01 788525                     /usr/lib/x86_64-linux-gnu/libz.so.1.2.11
7fba7824d000-7fba7824e000 ---p 0001a000 fe:01 788525                     /usr/lib/x86_64-linux-gnu/libz.so.1.2.11
7fba7824e000-7fba7824f000 r--p 0001a000 fe:01 788525                     /usr/lib/x86_64-linux-gnu/libz.so.1.2.11
7fba7824f000-7fba78250000 rw-p 0001b000 fe:01 788525                     /usr/lib/x86_64-linux-gnu/libz.so.1.2.11
7fba78250000-7fba78272000 r--p 00000000 fe:01 787090                     /usr/lib/x86_64-linux-gnu/libc-2.31.so
7fba78272000-7fba783cb000 r-xp 00022000 fe:01 787090                     /usr/lib/x86_64-linux-gnu/libc-2.31.so
7fba783cb000-7fba7841a000 r--p 0017b000 fe:01 787090                     /usr/lib/x86_64-linux-gnu/libc-2.31.so
7fba7841a000-7fba7841e000 r--p 001c9000 fe:01 787090                     /usr/lib/x86_64-linux-gnu/libc-2.31.so
7fba7841e000-7fba78420000 rw-p 001cd000 fe:01 787090                     /usr/lib/x86_64-linux-gnu/libc-2.31.so
7fba78420000-7fba78424000 rw-p 00000000 00:00 0 
7fba78426000-7fba78427000 ---p 00000000 00:00 0 
7fba78427000-7fba78428000 r--p 00000000 00:00 0 
7fba78428000-7fba7842d000 r--p 00000000 fe:01 1011419                    /home/adam/jdk11u/build/linux-x86_64-normal-server-release/images/jdk/lib/libverify.so
7fba7842d000-7fba78434000 r-xp 00005000 fe:01 1011419                    /home/adam/jdk11u/build/linux-x86_64-normal-server-release/images/jdk/lib/libverify.so
7fba78434000-7fba78436000 r--p 0000c000 fe:01 1011419                    /home/adam/jdk11u/build/linux-x86_64-normal-server-release/images/jdk/lib/libverify.so
7fba78436000-7fba78437000 ---p 0000e000 fe:01 1011419                    /home/adam/jdk11u/build/linux-x86_64-normal-server-release/images/jdk/lib/libverify.so
7fba78437000-7fba78439000 r--p 0000e000 fe:01 1011419                    /home/adam/jdk11u/build/linux-x86_64-normal-server-release/images/jdk/lib/libverify.so
7fba78439000-7fba7843a000 rw-p 00010000 fe:01 1011419                    /home/adam/jdk11u/build/linux-x86_64-normal-server-release/images/jdk/lib/libverify.so
7fba7843a000-7fba7843d000 r--p 00000000 fe:01 1011425                    /home/adam/jdk11u/build/linux-x86_64-normal-server-release/images/jdk/lib/jli/libjli.so
7fba7843d000-7fba78447000 r-xp 00003000 fe:01 1011425                    /home/adam/jdk11u/build/linux-x86_64-normal-server-release/images/jdk/lib/jli/libjli.so
7fba78447000-7fba7844a000 r--p 0000d000 fe:01 1011425                    /home/adam/jdk11u/build/linux-x86_64-normal-server-release/images/jdk/lib/jli/libjli.so
7fba7844a000-7fba7844b000 ---p 00010000 fe:01 1011425                    /home/adam/jdk11u/build/linux-x86_64-normal-server-release/images/jdk/lib/jli/libjli.so
7fba7844b000-7fba7844c000 r--p 00010000 fe:01 1011425                    /home/adam/jdk11u/build/linux-x86_64-normal-server-release/images/jdk/lib/jli/libjli.so
7fba7844c000-7fba7844d000 rw-p 00011000 fe:01 1011425                    /home/adam/jdk11u/build/linux-x86_64-normal-server-release/images/jdk/lib/jli/libjli.so
7fba7844d000-7fba7844f000 rw-p 00000000 00:00 0 
7fba7844f000-7fba78450000 r--p 00000000 fe:01 786446                     /usr/lib/x86_64-linux-gnu/ld-2.31.so
7fba78450000-7fba78470000 r-xp 00001000 fe:01 786446                     /usr/lib/x86_64-linux-gnu/ld-2.31.so
7fba78470000-7fba78478000 r--p 00021000 fe:01 786446                     /usr/lib/x86_64-linux-gnu/ld-2.31.so
7fba78479000-7fba7847a000 r--p 00029000 fe:01 786446                     /usr/lib/x86_64-linux-gnu/ld-2.31.so
7fba7847a000-7fba7847b000 rw-p 0002a000 fe:01 786446                     /usr/lib/x86_64-linux-gnu/ld-2.31.so
7fba7847b000-7fba7847c000 rw-p 00000000 00:00 0 
7ffc68711000-7ffc68732000 rw-p 00000000 00:00 0                          [stack]
7ffc6875e000-7ffc68762000 r--p 00000000 00:00 0                          [vvar]
7ffc68762000-7ffc68764000 r-xp 00000000 00:00 0                          [vdso]


VM Arguments:
jvm_args: -XX:AllocateHeapAt=/dev/fakeblk -Xlog:gc=debug -XX:-OptimizeStringConcat -XX:+UnlockExperimentalVMOptions -XX:+UseEpsilonGC -Xnoclassgc -XX:-ClassUnloading -Xms16g -Xmx16g 
java_command: ../dacapo-23.11-chopin.jar h2
java_class_path (initial): ../dacapo-23.11-chopin.jar
Launcher Type: SUN_STANDARD

[Global flags]
    ccstr AllocateHeapAt                           = /dev/fakeblk                              {product} {command line}
     intx CICompilerCount                          = 15                                        {product} {ergonomic}
     bool ClassUnloading                           = false                                     {product} {command line}
     bool ClassUnloadingWithConcurrentMark         = false                                     {product} {command line}
   size_t InitialHeapSize                          = 17179869184                               {product} {command line}
   size_t MaxHeapSize                              = 17179869184                               {product} {command line}
   size_t MinHeapDeltaBytes                        = 172032                                    {product} {ergonomic}
    uintx NonNMethodCodeHeapSize                   = 8182140                                {pd product} {ergonomic}
    uintx NonProfiledCodeHeapSize                  = 121738050                              {pd product} {ergonomic}
     bool OptimizeStringConcat                     = false                                  {C2 product} {command line}
    uintx ProfiledCodeHeapSize                     = 121738050                              {pd product} {ergonomic}
    uintx ReservedCodeCacheSize                    = 251658240                              {pd product} {ergonomic}
     bool SegmentedCodeCache                       = true                                      {product} {ergonomic}
     bool UnlockExperimentalVMOptions              = true                                 {experimental} {command line}
     bool UseCompressedClassPointers               = true                                 {lp64_product} {ergonomic}
     bool UseCompressedOops                        = true                                 {lp64_product} {ergonomic}
     bool UseEpsilonGC                             = true                                 {experimental} {command line}

Logging:
Log output configuration:
 #0: stdout all=warning,gc=debug uptime,level,tags
 #1: stderr all=off uptime,level,tags

Environment Variables:
PATH=/usr/local/sbin:/usr/local/bin:/usr/sbin:/usr/bin:/sbin:/bin
SHELL=/bin/bash
LANG=en_US.UTF-8

Signal Handlers:
SIGSEGV: [libjvm.so+0xde2dd0], sa_mask[0]=11111111011111111101111111111110, sa_flags=SA_RESTART|SA_SIGINFO
SIGBUS: [libjvm.so+0xde2dd0], sa_mask[0]=11111111011111111101111111111110, sa_flags=SA_RESTART|SA_SIGINFO
SIGFPE: [libjvm.so+0xde2dd0], sa_mask[0]=11111111011111111101111111111110, sa_flags=SA_RESTART|SA_SIGINFO
SIGPIPE: [libjvm.so+0xbddc30], sa_mask[0]=11111111011111111101111111111110, sa_flags=SA_RESTART|SA_SIGINFO
SIGXFSZ: [libjvm.so+0xbddc30], sa_mask[0]=11111111011111111101111111111110, sa_flags=SA_RESTART|SA_SIGINFO
SIGILL: [libjvm.so+0xde2dd0], sa_mask[0]=11111111011111111101111111111110, sa_flags=SA_RESTART|SA_SIGINFO
SIGUSR2: [libjvm.so+0x2d0520], sa_mask[0]=00000000000100000000000000000000, sa_flags=SA_RESTART
SIGHUP: [libjvm.so+0xbde360], sa_mask[0]=11111111011111111101111111111110, sa_flags=SA_RESTART|SA_SIGINFO
SIGINT: [libjvm.so+0xbde360], sa_mask[0]=11111111011111111101111111111110, sa_flags=SA_RESTART|SA_SIGINFO
SIGTERM: [libjvm.so+0xbde360], sa_mask[0]=11111111011111111101111111111110, sa_flags=SA_RESTART|SA_SIGINFO
SIGQUIT: [libjvm.so+0xbde360], sa_mask[0]=11111111011111111101111111111110, sa_flags=SA_RESTART|SA_SIGINFO


---------------  S Y S T E M  ---------------

OS:PRETTY_NAME="Debian GNU/Linux 11 (bullseye)"
NAME="Debian GNU/Linux"
VERSION_ID="11"
VERSION="11 (bullseye)"
VERSION_CODENAME=bullseye
ID=debian
HOME_URL="https://www.debian.org/"
SUPPORT_URL="https://www.debian.org/support"
BUG_REPORT_URL="https://bugs.debian.org/"
uname:Linux 5.10.0-28-amd64 #1 SMP Debian 5.10.209-2 (2024-01-31) x86_64
OS uptime: 23 days 6:51 hours
libc:glibc 2.31 NPTL 2.31 
rlimit (soft/hard): STACK 8192k/infinity , CORE 0k/infinity , NPROC 257010/257010 , NOFILE 1048576/1048576 , AS infinity/infinity , CPU infinity/infinity , DATA infinity/infinity , FSIZE infinity/infinity , MEMLOCK 8230515k/8230515k
load average:9.14 7.25 10.28

/proc/meminfo:
MemTotal:       65844120 kB
MemFree:         8607084 kB
MemAvailable:   20726808 kB
Buffers:         3026376 kB
Cached:         31231900 kB
SwapCached:        30448 kB
Active:         23551624 kB
Inactive:       11012168 kB
Active(anon):   16787192 kB
Inactive(anon):  5538624 kB
Active(file):    6764432 kB
Inactive(file):  5473544 kB
Unevictable:           0 kB
Mlocked:               0 kB
SwapTotal:        998396 kB
SwapFree:         909256 kB
Dirty:              3028 kB
Writeback:             0 kB
AnonPages:        279352 kB
Mapped:         24814448 kB
Shmem:          22020292 kB
KReclaimable:     612748 kB
Slab:            6380576 kB
SReclaimable:     612748 kB
SUnreclaim:      5767828 kB
KernelStack:        7680 kB
PageTables:        65060 kB
NFS_Unstable:          0 kB
Bounce:                0 kB
WritebackTmp:          0 kB
CommitLimit:    33920456 kB
Committed_AS:   23200804 kB
VmallocTotal:   34359738367 kB
VmallocUsed:    10749660 kB
VmallocChunk:          0 kB
Percpu:            24576 kB
HardwareCorrupted:     0 kB
AnonHugePages:     59392 kB
ShmemHugePages:        0 kB
ShmemPmdMapped:        0 kB
FileHugePages:         0 kB
FilePmdMapped:         0 kB
HugePages_Total:       0
HugePages_Free:        0
HugePages_Rsvd:        0
HugePages_Surp:        0
Hugepagesize:       2048 kB
Hugetlb:               0 kB
DirectMap4k:     3604332 kB
DirectMap2M:    62455808 kB
DirectMap1G:     3145728 kB

/sys/kernel/mm/transparent_hugepage/enabled:
[always] madvise never
/sys/kernel/mm/transparent_hugepage/defrag (defrag/compaction efforts parameter):
always defer defer+madvise [madvise] never

Process Memory:
Virtual Size: 26012112K (peak: 26018748K)
Resident Set Size: 3196620K (peak: 3196620K) (anon: 94384K, file: 2747936K, shmem: 354300K)
Swapped out: 0K
C-Heap outstanding allocations: 18188K, retained: 52563K
glibc malloc tunables: (default)

/proc/sys/kernel/threads-max (system-wide limit on the number of threads):
514021
/proc/sys/vm/max_map_count (maximum number of memory map areas a process may have):
65530
/proc/sys/kernel/pid_max (system-wide limit on number of process identifiers):
4194304

container (cgroup) information:
container_type: cgroupv2
cpu_cpuset_cpus: not supported
cpu_memory_nodes: not supported
active_processor_count: 32
cpu_quota: not supported
cpu_period: not supported
cpu_shares: not supported
memory_limit_in_bytes: unlimited
memory_and_swap_limit_in_bytes: unlimited
memory_soft_limit_in_bytes: unlimited
memory_usage_in_bytes: 35850240000
memory_max_usage_in_bytes: not supported

KVM virtualization detected
Steal ticks since vm start: 10
Steal ticks percentage since vm start:  0.000

CPU:total 32 (initial active 32) (1 cores per cpu, 1 threads per core) family 16 model 2 stepping 3 microcode 0x1000065, cmov, cx8, fxsr, mmx, sse, sse2, sse3, popcnt, mmxext, 3dnowpref, lzcnt, sse4a, tsc
CPU Model and flags from /proc/cpuinfo:
model name	: AMD Opteron 23xx (Gen 3 Class Opteron)
flags		: fpu vme de pse tsc msr pae mce cx8 apic sep mtrr pge mca cmov pat pse36 clflush mmx fxsr sse sse2 syscall nx mmxext fxsr_opt pdpe1gb rdtscp lm 3dnowext 3dnow rep_good nopl cpuid extd_apicid tsc_known_freq pni cx16 x2apic popcnt tsc_deadline_timer hypervisor lahf_lm cmp_legacy cr8_legacy abm sse4a misalignsse 3dnowprefetch osvw vmmcall arat
Online cpus:
0-31
Offline cpus:

BIOS frequency limitation:
<Not Available>
Frequency switch latency (ns):
<Not Available>
Available cpu frequencies:
<Not Available>
Current governor:
<Not Available>
Core performance/turbo boost:
<Not Available>

Memory: 4k page, physical 65844120k(8607084k free), swap 998396k(909256k free)

vm_info: OpenJDK 64-Bit Server VM (11.0.16-internal+0-adhoc.adam.jdk11u) for linux-amd64 JRE (11.0.16-internal+0-adhoc.adam.jdk11u), built on Oct  3 2024 15:44:38 by "adam" with gcc 10.2.1 20210110

END.
