#
# A fatal error has been detected by the Java Runtime Environment:
#
#  SIGSEGV (0xb) at pc=0x00007f83368e42e9, pid=15569, tid=15638
#
# JRE version: OpenJDK Runtime Environment (11.0.16) (build 11.0.16-internal+0-adhoc.adam.jdk11u)
# Java VM: OpenJDK 64-Bit Server VM (11.0.16-internal+0-adhoc.adam.jdk11u, mixed mode, tiered, compressed oops, epsilon gc, linux-amd64)
# Problematic frame:
# V  [libjvm.so+0xca82e9]  SharedRuntime::generate_class_cast_message(Klass*, Klass*, Symbol*)+0x59
#
# No core dump will be written. Core dumps have been disabled. To enable core dumping, try "ulimit -c unlimited" before starting Java again
#
# If you would like to submit a bug report, please visit:
#   https://bugreport.java.com/bugreport/crash.jsp
#

---------------  S U M M A R Y ------------

Command Line: -XX:AllocateHeapAt=/dev/fakeblk -Xlog:gc=debug -XX:+UnlockExperimentalVMOptions -XX:-UseTLAB -XX:+UseEpsilonGC -Xnoclassgc -Xmx8g org.apache.spark.deploy.SparkSubmit --master local[*] --class WordCount /home/adam/Spark_benchmark/spark_run/run.jar

Host: Intel(R) Xeon(R) Silver 4208 CPU @ 2.10GHz, 8 cores, 1G, Debian GNU/Linux 11 (bullseye)
Time: Sat May 13 02:16:00 2023 CEST elapsed time: 36541.666106 seconds (0d 10h 9m 1s)

---------------  T H R E A D  ---------------

Current thread (0x00007f8331435000):  JavaThread "Spark Context Cleaner" daemon [_thread_in_vm, id=15638, stack(0x00007f825b4fb000,0x00007f825b5fc000)]

Stack: [0x00007f825b4fb000,0x00007f825b5fc000],  sp=0x00007f825b5f93f0,  free space=1016k
Native frames: (J=compiled Java code, A=aot compiled Java code, j=interpreted, Vv=VM code, C=native code)
V  [libjvm.so+0xca82e9]  SharedRuntime::generate_class_cast_message(Klass*, Klass*, Symbol*)+0x59
V  [libjvm.so+0xcaa588]  SharedRuntime::generate_class_cast_message(JavaThread*, Klass*)+0xc8
V  [libjvm.so+0x86ff68]  InterpreterRuntime::throw_ClassCastException(JavaThread*, oopDesc*)+0x68
j  java.lang.invoke.Invokers$Holder.linkToTargetMethod(Ljava/lang/Object;)Ljava/lang/Object;+1 java.base@11.0.16-internal
j  org.apache.spark.ContextCleaner.$anonfun$keepCleaning$1(Lorg/apache/spark/ContextCleaner;)V+27
j  org.apache.spark.ContextCleaner$$Lambda$809.apply$mcV$sp()V+4
j  org.apache.spark.util.Utils$.tryOrStopSparkContext(Lorg/apache/spark/SparkContext;Lscala/Function0;)V+1
j  org.apache.spark.ContextCleaner.org$apache$spark$ContextCleaner$$keepCleaning()V+13
j  org.apache.spark.ContextCleaner$$anon$1.run()V+4
v  ~StubRoutines::call_stub
V  [libjvm.so+0x8794c3]  JavaCalls::call_helper(JavaValue*, methodHandle const&, JavaCallArguments*, Thread*)+0x353
V  [libjvm.so+0x8779d6]  JavaCalls::call_virtual(JavaValue*, Handle, Klass*, Symbol*, Symbol*, Thread*)+0x1a6
V  [libjvm.so+0x922b1d]  thread_entry(JavaThread*, Thread*)+0x6d
V  [libjvm.so+0xd77873]  JavaThread::thread_main_inner()+0x133
V  [libjvm.so+0xd742cc]  Thread::call_run()+0x13c
V  [libjvm.so+0xbe6bb6]  thread_native_entry(Thread*)+0xe6

Java frames: (J=compiled Java code, j=interpreted, Vv=VM code)
j  java.lang.invoke.Invokers$Holder.linkToTargetMethod(Ljava/lang/Object;)Ljava/lang/Object;+1 java.base@11.0.16-internal
j  org.apache.spark.ContextCleaner.$anonfun$keepCleaning$1(Lorg/apache/spark/ContextCleaner;)V+27
j  org.apache.spark.ContextCleaner$$Lambda$809.apply$mcV$sp()V+4
j  org.apache.spark.util.Utils$.tryOrStopSparkContext(Lorg/apache/spark/SparkContext;Lscala/Function0;)V+1
j  org.apache.spark.ContextCleaner.org$apache$spark$ContextCleaner$$keepCleaning()V+13
j  org.apache.spark.ContextCleaner$$anon$1.run()V+4
v  ~StubRoutines::call_stub

siginfo: si_signo: 11 (SIGSEGV), si_code: 1 (SEGV_MAPERR), si_addr: 0x000000000000c088

Register to memory mapping:

RAX=0x000000000000c000 is an unknown value
RBX=0x00007f82fc1df330 points into unknown readable memory: 0x6e616c2e6176616a | 6a 61 76 61 2e 6c 61 6e
RCX=0x000000000000001d is an unknown value
RDX=0x00007f82fc1df34d points into unknown readable memory: 00 00 00
RSP=0x00007f825b5f93f0 is pointing into the stack for thread: 0x00007f8331435000
RBP=0x00007f825b5f9440 is pointing into the stack for thread: 0x00007f8331435000
RSI=0x0000000000000065 is an unknown value
RDI=0x0000000800000000 is pointing into metadata
R8 =0x0000000000000001 is an unknown value
R9 =0x00007f8318812000 points into unknown readable memory: 0x0000000000000006 | 06 00 00 00 00 00 00 00
R10=0x00007f8335968000 points into unknown readable memory: 0x0100050403020100 | 00 01 02 03 04 05 00 01
R11=0x00007f8318832e40 is at code_begin+0 in an Interpreter codelet
deoptimization entry points  [0x00007f8318832e40, 0x00007f8318835040]  8704 bytes
R12=0x0000000800000000 is pointing into metadata
R13=0x00007f82fc1df320 points into unknown readable memory: 0x0000000a00000000 | 00 00 00 00 0a 00 00 00
R14=0x0 is NULL
R15=0x000000080000b5e8 is a pointer to class: 
java.lang.invoke.MethodHandle {0x000000080000b5e8}


Registers:
RAX=0x000000000000c000, RBX=0x00007f82fc1df330, RCX=0x000000000000001d, RDX=0x00007f82fc1df34d
RSP=0x00007f825b5f93f0, RBP=0x00007f825b5f9440, RSI=0x0000000000000065, RDI=0x0000000800000000
R8 =0x0000000000000001, R9 =0x00007f8318812000, R10=0x00007f8335968000, R11=0x00007f8318832e40
R12=0x0000000800000000, R13=0x00007f82fc1df320, R14=0x0000000000000000, R15=0x000000080000b5e8
RIP=0x00007f83368e42e9, EFLAGS=0x0000000000010202, CSGSFS=0x002b000000000033, ERR=0x0000000000000004
  TRAPNO=0x000000000000000e

Top of Stack: (sp=0x00007f825b5f93f0)
0x00007f825b5f93f0:   00007f831881ab10 00007f8300000000
0x00007f825b5f9400:   00007f825b5fa7c8 000000000000003d
0x00007f825b5f9410:   00007f831881ab10 00007f8336e02120
0x00007f825b5f9420:   0000000800000000 00007f8335608e29 

Instructions: (pc=0x00007f83368e42e9)
0x00007f83368e41e9:   08 8b 4a 08 48 d3 e7 48 03 3a e9 d1 fe ff ff 0f
0x00007f83368e41f9:   1f 84 00 00 00 00 00 48 8d 65 e8 5b 41 5c 41 5d
0x00007f83368e4209:   5d c3 0f 1f 44 00 00 48 8d 15 39 fb 53 00 4c 89
0x00007f83368e4219:   e0 48 c1 e8 04 23 02 48 8d 15 31 fb 53 00 48 03
0x00007f83368e4229:   02 c7 00 01 00 00 00 e9 3e ff ff ff 0f 1f 00 48
0x00007f83368e4239:   8d 05 c1 4c 56 00 45 31 c0 ba a2 07 00 00 4c 89
0x00007f83368e4249:   e7 48 8d 35 8f ca 24 00 48 8b 88 18 04 00 00 e8
0x00007f83368e4259:   93 2d a9 ff 49 8b 9c 24 f0 00 00 00 48 8b 43 10
0x00007f83368e4269:   4c 8b 6b 08 48 83 38 00 0f 85 87 fe ff ff e9 9b
0x00007f83368e4279:   fe ff ff 0f 1f 40 00 4c 89 e7 e8 58 77 0c 00 e9
0x00007f83368e4289:   ad fe ff ff 90 66 90 55 48 89 e5 41 57 49 89 f7
0x00007f83368e4299:   41 56 49 89 d6 41 55 41 54 49 89 fc 53 48 83 ec
0x00007f83368e42a9:   28 e8 21 6a d8 ff 49 89 c5 4d 85 ff 0f 84 fd 00
0x00007f83368e42b9:   00 00 4c 89 ff e8 0d 6a d8 ff 4c 89 ef 48 89 c3
0x00007f83368e42c9:   e8 e2 41 5d ff 48 89 df 49 89 c6 e8 d7 41 5d ff
0x00007f83368e42d9:   4c 89 e7 49 8d 44 06 20 48 89 45 c8 49 8b 04 24
0x00007f83368e42e9:   ff 90 88 00 00 00 4c 89 ff 49 89 c6 49 8b 07 ff
0x00007f83368e42f9:   90 88 00 00 00 31 d2 49 39 c6 0f 84 17 01 00 00
0x00007f83368e4309:   31 f6 4c 89 e7 e8 ed 6b d8 ff 4c 89 ff 31 d2 31
0x00007f83368e4319:   f6 48 89 45 c0 41 bf 02 00 00 00 e8 d7 6b d8 ff
0x00007f83368e4329:   48 89 c7 48 89 45 b8 e8 7b 41 5d ff 4c 8b 4d c0
0x00007f83368e4339:   49 89 c6 48 8d 05 02 eb 1e 00 48 89 45 b0 4c 89
0x00007f83368e4349:   cf 4c 89 4d c0 e8 5d 41 5d ff be 01 00 00 00 49
0x00007f83368e4359:   89 c0 4b 8d 44 37 03 48 03 45 c8 4d 8d 3c 00 4c
0x00007f83368e4369:   89 ff e8 70 63 fe ff 4c 8b 4d c0 48 85 c0 49 89
0x00007f83368e4379:   c6 0f 84 88 00 00 00 ff 75 b8 49 89 d8 4c 89 e9
0x00007f83368e4389:   48 8d 15 20 cc 24 00 ff 75 b0 4c 89 fe 48 89 c7
0x00007f83368e4399:   31 c0 e8 b0 3c 5d ff 58 5a 48 8d 65 d8 5b 4c 89
0x00007f83368e43a9:   f0 41 5c 41 5d 41 5e 41 5f 5d c3 0f 1f 40 00 4c
0x00007f83368e43b9:   89 f7 e8 a0 a0 08 00 4c 89 ef 48 89 c3 e8 e5 40
0x00007f83368e43c9:   5d ff 48 89 df 49 89 c6 e8 da 40 5d ff 31 d2 31
0x00007f83368e43d9:   f6 4c 89 e7 49 8d 44 06 20 45 31 f6 48 89 45 c8 


Stack slot to memory mapping:
stack at sp + 0 slots: 0x00007f831881ab10 is at code_begin+-112 in 
[CodeBlob (0x00007f831881ab10)]
Framesize: 0
BufferBlob (0x00007f831881ab10) used for Interpreter
stack at sp + 1 slots: 0x00007f8300000000 points into unknown readable memory: 0x00007f8300000020 | 20 00 00 00 83 7f 00 00
stack at sp + 2 slots: 0x00007f825b5fa7c8 is pointing into the stack for thread: 0x00007f8331435000
stack at sp + 3 slots: 0x000000000000003d is an unknown value
stack at sp + 4 slots: 0x00007f831881ab10 is at code_begin+-112 in 
[CodeBlob (0x00007f831881ab10)]
Framesize: 0
BufferBlob (0x00007f831881ab10) used for Interpreter
stack at sp + 5 slots: 0x00007f8336e02120: <offset 0x00000000011c6120> in /home/adam/jdk11u/build/linux-x86_64-normal-server-release/images/jdk/lib/server/libjvm.so at 0x00007f8335c3c000
stack at sp + 6 slots: 0x0000000800000000 is pointing into metadata
stack at sp + 7 slots: 0x00007f8335608e29 is pointing into metadata


---------------  P R O C E S S  ---------------

Threads class SMR info:
_java_thread_list=0x00007f82d0040bc0, length=63, elements={
0x00007f833002b800, 0x00007f83300a1800, 0x00007f83300a6000, 0x00007f83300bb800,
0x00007f83300bd800, 0x00007f83300bf800, 0x00007f83300c1800, 0x00007f83300c3800,
0x00007f833015d800, 0x00007f8331742800, 0x00007f8331749800, 0x00007f833174a800,
0x00007f833174c800, 0x00007f833174e000, 0x00007f833174f800, 0x00007f8331751800,
0x00007f8331753000, 0x00007f8331755000, 0x00007f83315d6800, 0x00007f83315e5000,
0x00007f83315e6800, 0x00007f83315eb000, 0x00007f83315ec800, 0x00007f83315ee000,
0x00007f83315f0000, 0x00007f83315f2000, 0x00007f833167f800, 0x00007f833254d800,
0x00007f833254a800, 0x00007f83326d6800, 0x00007f83326d7800, 0x00007f83326d9800,
0x00007f83326db000, 0x00007f83326dd000, 0x00007f83326df000, 0x00007f83326e0800,
0x00007f8331480800, 0x00007f83314a0000, 0x00007f8274002000, 0x00007f8278016000,
0x00007f83314e3000, 0x00007f83314e4800, 0x00007f8330a7f000, 0x00007f83314d1800,
0x00007f83314dd000, 0x00007f8330a84000, 0x00007f8330a5b800, 0x00007f82e400d000,
0x00007f8331308800, 0x00007f8331435000, 0x00007f8331436800, 0x00007f833143f000,
0x00007f8331441000, 0x00007f823c028800, 0x00007f83320ae800, 0x00007f82d0033000,
0x00007f82d0034000, 0x00007f82d0036000, 0x00007f82d0038000, 0x00007f82d0039800,
0x00007f82d003b800, 0x00007f82d003d800, 0x00007f82d003f800
}

Java Threads: ( => current thread )
  0x00007f833002b800 JavaThread "main" [_thread_blocked, id=15570, stack(0x00007f83359f7000,0x00007f8335af8000)]
  0x00007f83300a1800 JavaThread "Reference Handler" daemon [_thread_blocked, id=15572, stack(0x00007f8334c49000,0x00007f8334d4a000)]
  0x00007f83300a6000 JavaThread "Finalizer" daemon [_thread_blocked, id=15573, stack(0x00007f8334b48000,0x00007f8334c49000)]
  0x00007f83300bb800 JavaThread "Signal Dispatcher" daemon [_thread_blocked, id=15574, stack(0x00007f8334760000,0x00007f8334861000)]
  0x00007f83300bd800 JavaThread "Service Thread" daemon [_thread_blocked, id=15575, stack(0x00007f833465f000,0x00007f8334760000)]
  0x00007f83300bf800 JavaThread "C2 CompilerThread0" daemon [_thread_blocked, id=15576, stack(0x00007f833455e000,0x00007f833465f000)]
  0x00007f83300c1800 JavaThread "C1 CompilerThread0" daemon [_thread_blocked, id=15577, stack(0x00007f833445d000,0x00007f833455e000)]
  0x00007f83300c3800 JavaThread "Sweeper thread" daemon [_thread_blocked, id=15578, stack(0x00007f833435c000,0x00007f833445d000)]
  0x00007f833015d800 JavaThread "Common-Cleaner" daemon [_thread_blocked, id=15580, stack(0x00007f8334159000,0x00007f833425a000)]
  0x00007f8331742800 JavaThread "rpc-boss-3-1" daemon [_thread_in_native, id=15590, stack(0x00007f8318311000,0x00007f8318412000)]
  0x00007f8331749800 JavaThread "dispatcher-event-loop-0" daemon [_thread_blocked, id=15591, stack(0x00007f8318010000,0x00007f8318111000)]
  0x00007f833174a800 JavaThread "dispatcher-event-loop-1" daemon [_thread_blocked, id=15592, stack(0x00007f82eaaff000,0x00007f82eac00000)]
  0x00007f833174c800 JavaThread "dispatcher-event-loop-2" daemon [_thread_blocked, id=15593, stack(0x00007f82ea9fe000,0x00007f82eaaff000)]
  0x00007f833174e000 JavaThread "dispatcher-event-loop-3" daemon [_thread_blocked, id=15594, stack(0x00007f82ea8fd000,0x00007f82ea9fe000)]
  0x00007f833174f800 JavaThread "dispatcher-event-loop-4" daemon [_thread_blocked, id=15595, stack(0x00007f82ea7fc000,0x00007f82ea8fd000)]
  0x00007f8331751800 JavaThread "dispatcher-event-loop-5" daemon [_thread_blocked, id=15596, stack(0x00007f82ea6fb000,0x00007f82ea7fc000)]
  0x00007f8331753000 JavaThread "dispatcher-event-loop-6" daemon [_thread_blocked, id=15597, stack(0x00007f82ea5fa000,0x00007f82ea6fb000)]
  0x00007f8331755000 JavaThread "dispatcher-event-loop-7" daemon [_thread_blocked, id=15598, stack(0x00007f82ea4f9000,0x00007f82ea5fa000)]
  0x00007f83315d6800 JavaThread "map-output-dispatcher-0" daemon [_thread_blocked, id=15599, stack(0x00007f82ea3f8000,0x00007f82ea4f9000)]
  0x00007f83315e5000 JavaThread "map-output-dispatcher-1" daemon [_thread_blocked, id=15600, stack(0x00007f82ea2f7000,0x00007f82ea3f8000)]
  0x00007f83315e6800 JavaThread "map-output-dispatcher-2" daemon [_thread_blocked, id=15601, stack(0x00007f82ea1f6000,0x00007f82ea2f7000)]
  0x00007f83315eb000 JavaThread "map-output-dispatcher-3" daemon [_thread_blocked, id=15602, stack(0x00007f82ea0f5000,0x00007f82ea1f6000)]
  0x00007f83315ec800 JavaThread "map-output-dispatcher-4" daemon [_thread_blocked, id=15603, stack(0x00007f82e9ff4000,0x00007f82ea0f5000)]
  0x00007f83315ee000 JavaThread "map-output-dispatcher-5" daemon [_thread_blocked, id=15604, stack(0x00007f82e9ef3000,0x00007f82e9ff4000)]
  0x00007f83315f0000 JavaThread "map-output-dispatcher-6" daemon [_thread_blocked, id=15605, stack(0x00007f82e9df2000,0x00007f82e9ef3000)]
  0x00007f83315f2000 JavaThread "map-output-dispatcher-7" daemon [_thread_blocked, id=15606, stack(0x00007f82e9cf1000,0x00007f82e9df2000)]
  0x00007f833167f800 JavaThread "dispatcher-BlockManagerMaster" daemon [_thread_blocked, id=15607, stack(0x00007f82e99f0000,0x00007f82e9af1000)]
  0x00007f833254d800 JavaThread "dispatcher-BlockManagerEndpoint1" daemon [_thread_blocked, id=15608, stack(0x00007f82e98ef000,0x00007f82e99f0000)]
  0x00007f833254a800 JavaThread "RemoteBlock-temp-file-clean-thread" daemon [_thread_in_vm, id=15609, stack(0x00007f82e97ee000,0x00007f82e98ef000)]
  0x00007f83326d6800 JavaThread "SparkUI-37" daemon [_thread_in_native, id=15610, stack(0x00007f82e94ed000,0x00007f82e95ee000)]
  0x00007f83326d7800 JavaThread "SparkUI-38" daemon [_thread_in_native, id=15611, stack(0x00007f82e93ec000,0x00007f82e94ed000)]
  0x00007f83326d9800 JavaThread "SparkUI-39" daemon [_thread_in_native, id=15612, stack(0x00007f82e92eb000,0x00007f82e93ec000)]
  0x00007f83326db000 JavaThread "SparkUI-40" daemon [_thread_in_native, id=15613, stack(0x00007f82e91ea000,0x00007f82e92eb000)]
  0x00007f83326dd000 JavaThread "SparkUI-41-acceptor-0@575118e4-ServerConnector@5996ec7e{HTTP/1.1, (http/1.1)}{0.0.0.0:4040}" daemon [_thread_in_native, id=15614, stack(0x00007f82e90e9000,0x00007f82e91ea000)]
  0x00007f83326df000 JavaThread "SparkUI-42" daemon [_thread_blocked, id=15615, stack(0x00007f82e8fe8000,0x00007f82e90e9000)]
  0x00007f83326e0800 JavaThread "SparkUI-43" daemon [_thread_blocked, id=15616, stack(0x00007f82e8ee7000,0x00007f82e8fe8000)]
  0x00007f8331480800 JavaThread "SparkUI-44" daemon [_thread_blocked, id=15617, stack(0x00007f82e8de6000,0x00007f82e8ee7000)]
  0x00007f83314a0000 JavaThread "dispatcher-HeartbeatReceiver" daemon [_thread_blocked, id=15618, stack(0x00007f82e8ae5000,0x00007f82e8be6000)]
  0x00007f8274002000 JavaThread "heartbeat-receiver-event-loop-thread" daemon [_thread_in_vm, id=15619, stack(0x00007f82e89e4000,0x00007f82e8ae5000)]
  0x00007f8278016000 JavaThread "netty-rpc-env-timeout" daemon [_thread_blocked, id=15620, stack(0x00007f82e88e3000,0x00007f82e89e4000)]
  0x00007f83314e3000 JavaThread "task-starvation-timer" daemon [_thread_blocked, id=15621, stack(0x00007f82e87e2000,0x00007f82e88e3000)]
  0x00007f83314e4800 JavaThread "task-abort-timer" daemon [_thread_blocked, id=15622, stack(0x00007f82e86e1000,0x00007f82e87e2000)]
  0x00007f8330a7f000 JavaThread "dag-scheduler-event-loop" daemon [_thread_blocked, id=15625, stack(0x00007f82e85e0000,0x00007f82e86e1000)]
  0x00007f83314d1800 JavaThread "driver-heartbeater" daemon [_thread_blocked, id=15626, stack(0x00007f82e84df000,0x00007f82e85e0000)]
  0x00007f83314dd000 JavaThread "executor-kill-mark-cleanup" daemon [_thread_blocked, id=15627, stack(0x00007f82e83de000,0x00007f82e84df000)]
  0x00007f8330a84000 JavaThread "executor-heartbeater" daemon [_thread_blocked, id=15628, stack(0x00007f82e82dd000,0x00007f82e83de000)]
  0x00007f8330a5b800 JavaThread "files-client-5-1" daemon [_thread_in_native, id=15629, stack(0x00007f825beff000,0x00007f825c000000)]
  0x00007f82e400d000 JavaThread "rpc-server-4-1" daemon [_thread_in_native, id=15630, stack(0x00007f825bdfe000,0x00007f825beff000)]
  0x00007f8331308800 JavaThread "shuffle-boss-7-1" daemon [_thread_in_native, id=15637, stack(0x00007f825b3fa000,0x00007f825b4fb000)]
=>0x00007f8331435000 JavaThread "Spark Context Cleaner" daemon [_thread_in_vm, id=15638, stack(0x00007f825b4fb000,0x00007f825b5fc000)]
  0x00007f8331436800 JavaThread "context-cleaner-periodic-gc" daemon [_thread_blocked, id=15639, stack(0x00007f825aef9000,0x00007f825affa000)]
  0x00007f833143f000 JavaThread "spark-listener-group-appStatus" daemon [_thread_blocked, id=15640, stack(0x00007f825adf8000,0x00007f825aef9000)]
  0x00007f8331441000 JavaThread "spark-listener-group-executorManagement" daemon [_thread_blocked, id=15641, stack(0x00007f825acf7000,0x00007f825adf8000)]
  0x00007f823c028800 JavaThread "element-tracking-store-worker" daemon [_thread_blocked, id=15642, stack(0x00007f825abf6000,0x00007f825acf7000)]
  0x00007f83320ae800 JavaThread "org.apache.hadoop.fs.FileSystem$Statistics$StatisticsDataReferenceCleaner" daemon [_thread_blocked, id=15645, stack(0x00007f825a6f5000,0x00007f825a7f6000)]
  0x00007f82d0033000 JavaThread "Executor task launch worker for task 0.0 in stage 0.0 (TID 0)" daemon [_thread_blocked, id=15646, stack(0x00007f82597d0000,0x00007f82598d1000)]
  0x00007f82d0034000 JavaThread "Executor task launch worker for task 1.0 in stage 0.0 (TID 1)" daemon [_thread_blocked, id=15647, stack(0x00007f82596cf000,0x00007f82597d0000)]
  0x00007f82d0036000 JavaThread "Executor task launch worker for task 2.0 in stage 0.0 (TID 2)" daemon [_thread_blocked, id=15648, stack(0x00007f82595ce000,0x00007f82596cf000)]
  0x00007f82d0038000 JavaThread "Executor task launch worker for task 3.0 in stage 0.0 (TID 3)" daemon [_thread_blocked, id=15649, stack(0x00007f82594cd000,0x00007f82595ce000)]
  0x00007f82d0039800 JavaThread "Executor task launch worker for task 4.0 in stage 0.0 (TID 4)" daemon [_thread_blocked, id=15650, stack(0x00007f82593cc000,0x00007f82594cd000)]
  0x00007f82d003b800 JavaThread "Executor task launch worker for task 5.0 in stage 0.0 (TID 5)" daemon [_thread_blocked, id=15651, stack(0x00007f82592cb000,0x00007f82593cc000)]
  0x00007f82d003d800 JavaThread "Executor task launch worker for task 6.0 in stage 0.0 (TID 6)" daemon [_thread_blocked, id=15652, stack(0x00007f82591ca000,0x00007f82592cb000)]
  0x00007f82d003f800 JavaThread "Executor task launch worker for task 7.0 in stage 0.0 (TID 7)" daemon [_thread_blocked, id=15653, stack(0x00007f82590c9000,0x00007f82591ca000)]

Other Threads:
  0x00007f8330099000 VMThread "VM Thread" [stack: 0x00007f8334d4c000,0x00007f8334e4c000] [id=15571]
  0x00007f833014d800 WatcherThread [stack: 0x00007f833425c000,0x00007f833435c000] [id=15579]

Threads with active compile tasks:

VM state:synchronizing (normal execution)

VM Mutex/Monitor currently owned by a thread:  ([mutex/lock_event])
[0x00007f8330028300] Threads_lock - owner thread: 0x00007f8330099000

Heap address: 0x0000000600000000, size: 8192 MB, Compressed Oops mode: Zero based, Oop shift amount: 3
Narrow klass base: 0x0000000800000000, Narrow klass shift: 0
Compressed class space size: 1073741824 Address: 0x0000000800000000

Heap:
Epsilon Heap
Allocation space:
 Metaspace       used 72997K, capacity 76411K, committed 76592K, reserved 1114112K
  class space    used 10014K, capacity 11689K, committed 11812K, reserved 1048576K


Polling page: 0x00007f8337071000

Metaspace:

Usage:
  Non-class:     63,21 MB capacity,    61,51 MB ( 97%) used,     1,30 MB (  2%) free+waste,   410,81 KB ( <1%) overhead. 
      Class:     11,42 MB capacity,     9,78 MB ( 86%) used,     1,41 MB ( 12%) free+waste,   226,56 KB (  2%) overhead. 
       Both:     74,62 MB capacity,    71,29 MB ( 96%) used,     2,71 MB (  4%) free+waste,   637,38 KB ( <1%) overhead. 

Virtual space:
  Non-class space:       64,00 MB reserved,      63,26 MB ( 99%) committed 
      Class space:        1,00 GB reserved,      11,54 MB (  1%) committed 
             Both:        1,06 GB reserved,      74,80 MB (  7%) committed 

Chunk freelists:
   Non-Class:  22,00 KB
       Class:  1,00 KB
        Both:  23,00 KB

MaxMetaspaceSize: unlimited
CompressedClassSpaceSize: 1,00 GB
Initial GC threshold: 20,80 MB
Current GC threshold: 74,94 MB
CDS: off

CodeHeap 'non-profiled nmethods': size=120032Kb used=3647Kb max_used=3647Kb free=116385Kb
 bounds [0x00007f83202da000, 0x00007f832066a000, 0x00007f8327812000]
CodeHeap 'profiled nmethods': size=120028Kb used=11931Kb max_used=11931Kb free=108096Kb
 bounds [0x00007f8318da3000, 0x00007f8319953000, 0x00007f83202da000]
CodeHeap 'non-nmethods': size=5700Kb used=1469Kb max_used=1487Kb free=4230Kb
 bounds [0x00007f8318812000, 0x00007f8318a82000, 0x00007f8318da3000]
 total_blobs=7143 nmethods=6335 adapters=722
 compilation: enabled
              stopped_count=0, restarted_count=0
 full_count=0

Compilation events (20 events):
Event: 2054,764 Thread 0x00007f83300c1800 6329       3       org.apache.spark.deploy.SparkHadoopUtil$$anon$2$$Lambda$1777/0x0000000800b66840::get$Lambda (9 bytes)
Event: 2054,764 Thread 0x00007f83300c1800 nmethod 6329 0x00007f8319945d90 code [0x00007f8319945f40, 0x00007f8319946130]
Event: 2054,764 Thread 0x00007f83300c1800 6330       3       scala.collection.mutable.Iterable$::canBuildFrom (5 bytes)
Event: 2054,764 Thread 0x00007f83300c1800 nmethod 6330 0x00007f8319946210 code [0x00007f83199463c0, 0x00007f8319946550]
Event: 2054,764 Thread 0x00007f83300c1800 6331       3       scala.collection.mutable.AbstractMap::companion (5 bytes)
Event: 2054,765 Thread 0x00007f83300c1800 nmethod 6331 0x00007f8319946610 code [0x00007f83199467c0, 0x00007f8319946990]
Event: 2054,783 Thread 0x00007f83300c1800 6332       3       org.apache.spark.deploy.SparkHadoopUtil$$anon$2$$Lambda$1777/0x0000000800b66840::apply (12 bytes)
Event: 2054,783 Thread 0x00007f83300c1800 nmethod 6332 0x00007f8319946a90 code [0x00007f8319946c80, 0x00007f8319946f90]
Event: 2054,783 Thread 0x00007f83300c1800 6333       3       org.apache.spark.deploy.SparkHadoopUtil$$anon$2::$anonfun$apply$1$adapted (9 bytes)
Event: 2054,783 Thread 0x00007f83300c1800 nmethod 6333 0x00007f8319947110 code [0x00007f83199472e0, 0x00007f8319947470]
Event: 2057,583 Thread 0x00007f83300c1800 6334   !   3       java.util.concurrent.FutureTask::cancel (88 bytes)
Event: 2057,585 Thread 0x00007f83300c1800 nmethod 6334 0x00007f8319947590 code [0x00007f8319947900, 0x00007f8319948cc0]
Event: 2058,743 Thread 0x00007f83300bf800 6335       4       java.util.HashMap::containsKey (18 bytes)
Event: 2058,754 Thread 0x00007f83300bf800 nmethod 6335 0x00007f8320667e90 code [0x00007f8320668040, 0x00007f83206682f8]
Event: 2068,299 Thread 0x00007f83300bf800 6336       4       org.sparkproject.guava.base.Equivalence$Equals::doHash (5 bytes)
Event: 2068,305 Thread 0x00007f83300bf800 nmethod 6336 0x00007f8320668510 code [0x00007f83206686c0, 0x00007f8320668958]
Event: 2068,421 Thread 0x00007f83300bf800 6337       4       org.sparkproject.guava.collect.Interners$WeakInterner::intern (50 bytes)
Event: 2068,436 Thread 0x00007f83300bf800 nmethod 6337 0x00007f8320668b10 code [0x00007f8320668d00, 0x00007f8320669468]
Event: 2077,977 Thread 0x00007f83300c1800 6338       3       org.apache.spark.status.api.v1.StageData::<init> (386 bytes)
Event: 2077,977 Thread 0x00007f83300c1800 nmethod 6338 0x00007f8319949490 code [0x00007f8319949640, 0x00007f8319949b50]

GC Heap History (0 events):
No events

Deoptimization events (20 events):
Event: 1329,046 Thread 0x00007f82d003f800 DEOPT PACKING pc=0x00007f832060dcc4 sp=0x00007f82591c8020
Event: 1329,046 Thread 0x00007f82d003f800 DEOPT UNPACKING pc=0x00007f831881a2a5 sp=0x00007f82591c7ed8 mode 2
Event: 1340,557 Thread 0x00007f82d003d800 DEOPT PACKING pc=0x00007f83198aee62 sp=0x00007f82592c8f00
Event: 1340,557 Thread 0x00007f82d003d800 DEOPT UNPACKING pc=0x00007f831885b9fa sp=0x00007f82592c84e8 mode 0
Event: 1352,028 Thread 0x00007f82d0036000 DEOPT PACKING pc=0x00007f83198aee62 sp=0x00007f82596ccf00
Event: 1352,029 Thread 0x00007f82d0036000 DEOPT UNPACKING pc=0x00007f831885b9fa sp=0x00007f82596cc4e8 mode 0
Event: 1383,594 Thread 0x00007f82d0038000 DEOPT PACKING pc=0x00007f83198aee62 sp=0x00007f82595cbf00
Event: 1383,594 Thread 0x00007f82d0038000 DEOPT UNPACKING pc=0x00007f831885b9fa sp=0x00007f82595cb4e8 mode 0
Event: 1399,518 Thread 0x00007f82d003b800 Uncommon trap: trap_request=0xffffff4d fr.pc=0x00007f832060dcc4 relative=0x0000000000000ee4
Event: 1399,518 Thread 0x00007f82d003b800 Uncommon trap: reason=unstable_if action=reinterpret pc=0x00007f832060dcc4 method=org.apache.spark.util.collection.Spillable.maybeSpill(Ljava/lang/Object;J)Z @ 20 c2
Event: 1399,518 Thread 0x00007f82d003b800 DEOPT PACKING pc=0x00007f832060dcc4 sp=0x00007f82593ca020
Event: 1399,518 Thread 0x00007f82d003b800 DEOPT UNPACKING pc=0x00007f831881a2a5 sp=0x00007f82593c9ed8 mode 2
Event: 36541,654 Thread 0x00007f8331435000 Uncommon trap: trap_request=0xffffff6e fr.pc=0x00007f832050e280 relative=0x0000000000000040
Event: 36541,654 Thread 0x00007f833254a800 Uncommon trap: trap_request=0xffffff6e fr.pc=0x00007f832050e280 relative=0x0000000000000040
Event: 36541,654 Thread 0x00007f8331435000 Uncommon trap: reason=speculate_class_check action=maybe_recompile pc=0x00007f832050e280 method=java.lang.invoke.Invokers$Holder.linkToTargetMethod(Ljava/lang/Object;)Ljava/lang/Object; @ 1 c2
Event: 36541,654 Thread 0x00007f833254a800 Uncommon trap: reason=speculate_class_check action=maybe_recompile pc=0x00007f832050e280 method=java.lang.invoke.Invokers$Holder.linkToTargetMethod(Ljava/lang/Object;)Ljava/lang/Object; @ 1 c2
Event: 36541,654 Thread 0x00007f8331435000 DEOPT PACKING pc=0x00007f832050e280 sp=0x00007f825b5fa7c0
Event: 36541,654 Thread 0x00007f833254a800 DEOPT PACKING pc=0x00007f832050e280 sp=0x00007f82e98ed940
Event: 36541,654 Thread 0x00007f8331435000 DEOPT UNPACKING pc=0x00007f831881a2a5 sp=0x00007f825b5fa768 mode 2
Event: 36541,654 Thread 0x00007f833254a800 DEOPT UNPACKING pc=0x00007f831881a2a5 sp=0x00007f82e98ed8e8 mode 2

Classes redefined (0 events):
No events

Internal exceptions (20 events):
Event: 461,787 Thread 0x00007f82d003d800 Exception <a 'java/lang/NoSuchMethodError'{0x000000061d37c5f8}: 'java.lang.Object java.lang.invoke.DirectMethodHandle$Holder.invokeStatic(java.lang.Object, java.lang.Object, double, int)'> (0x000000061d37c5f8) thrown at [src/hotspot/share/interpreter/linkResolver.cpp, line 772]
Event: 461,793 Thread 0x00007f82d003f800 Exception <a 'java/lang/NoSuchMethodError'{0x000000061d37c438}: 'java.lang.Object java.lang.invoke.DirectMethodHandle$Holder.invokeStatic(java.lang.Object, java.lang.Object, double)'> (0x000000061d37c438) thrown at [src/hotspot/share/interpreter/linkResolver.cpp, line 772]
Event: 462,002 Thread 0x00007f82d0036000 Exception <a 'java/lang/NoSuchMethodError'{0x000000061d3ae100}: 'void java.lang.invoke.DirectMethodHandle$Holder.invokeStatic(java.lang.Object, java.lang.Object, java.lang.Object, java.lang.Object, java.lang.Object, java.lang.Object, java.lang.Object)'> (0x000000061d3ae100) thrown at [src/hotspot/share/interpreter/linkResolver.cpp, line 772]
Event: 462,023 Thread 0x00007f82d0034000 Exception <a 'java/lang/NoSuchMethodError'{0x000000061d3bba90}: 'void java.lang.invoke.DirectMethodHandle$Holder.invokeStatic(java.lang.Object, java.lang.Object, java.lang.Object, java.lang.Object, java.lang.Object, java.lang.Object, java.lang.Object)'> (0x000000061d3bba90) thrown at [src/hotspot/share/interpreter/linkResolver.cpp, line 772]
Event: 462,029 Thread 0x00007f82d003b800 Exception <a 'java/lang/NoSuchMethodError'{0x000000061d3bb9b0}: 'void java.lang.invoke.DirectMethodHandle$Holder.invokeStatic(java.lang.Object, java.lang.Object, java.lang.Object, java.lang.Object, java.lang.Object, java.lang.Object, java.lang.Object)'> (0x000000061d3bb9b0) thrown at [src/hotspot/share/interpreter/linkResolver.cpp, line 772]
Event: 462,035 Thread 0x00007f82d003f800 Exception <a 'java/lang/NoSuchMethodError'{0x000000061d3bb7b8}: 'void java.lang.invoke.DirectMethodHandle$Holder.invokeStatic(java.lang.Object, java.lang.Object, java.lang.Object, java.lang.Object, java.lang.Object, java.lang.Object, java.lang.Object)'> (0x000000061d3bb7b8) thrown at [src/hotspot/share/interpreter/linkResolver.cpp, line 772]
Event: 462,042 Thread 0x00007f82d003d800 Exception <a 'java/lang/NoSuchMethodError'{0x000000061d3bbc18}: 'void java.lang.invoke.DirectMethodHandle$Holder.invokeStatic(java.lang.Object, java.lang.Object, java.lang.Object, java.lang.Object, java.lang.Object, java.lang.Object, java.lang.Object)'> (0x000000061d3bbc18) thrown at [src/hotspot/share/interpreter/linkResolver.cpp, line 772]
Event: 462,052 Thread 0x00007f82d0038000 Exception <a 'java/lang/NoSuchMethodError'{0x000000061d3bb4e0}: 'void java.lang.invoke.DirectMethodHandle$Holder.invokeStatic(java.lang.Object, java.lang.Object, java.lang.Object, java.lang.Object, java.lang.Object, java.lang.Object, java.lang.Object)'> (0x000000061d3bb4e0) thrown at [src/hotspot/share/interpreter/linkResolver.cpp, line 772]
Event: 462,070 Thread 0x00007f82d0039800 Exception <a 'java/lang/NoSuchMethodError'{0x000000061d3bb390}: 'void java.lang.invoke.DirectMethodHandle$Holder.invokeStatic(java.lang.Object, java.lang.Object, java.lang.Object, java.lang.Object, java.lang.Object, java.lang.Object, java.lang.Object)'> (0x000000061d3bb390) thrown at [src/hotspot/share/interpreter/linkResolver.cpp, line 772]
Event: 462,092 Thread 0x00007f82d0033000 Exception <a 'java/lang/NoSuchMethodError'{0x000000061d3bb240}: 'void java.lang.invoke.DirectMethodHandle$Holder.invokeStatic(java.lang.Object, java.lang.Object, java.lang.Object, java.lang.Object, java.lang.Object, java.lang.Object, java.lang.Object)'> (0x000000061d3bb240) thrown at [src/hotspot/share/interpreter/linkResolver.cpp, line 772]
Event: 462,122 Thread 0x00007f82d0034000 Exception <a 'java/lang/NoSuchMethodError'{0x000000061d3cf718}: 'void java.lang.invoke.DirectMethodHandle$Holder.invokeStatic(java.lang.Object, java.lang.Object, java.lang.Object, java.lang.Object, java.lang.Object, java.lang.Object, java.lang.Object, java.lang.Object)'> (0x000000061d3cf718) thrown at [src/hotspot/share/interpreter/linkResolver.cpp, line 772]
Event: 462,151 Thread 0x00007f82d003d800 Exception <a 'java/lang/NoSuchMethodError'{0x000000061d3cf2f0}: 'void java.lang.invoke.DirectMethodHandle$Holder.invokeStatic(java.lang.Object, java.lang.Object, java.lang.Object, java.lang.Object, java.lang.Object, java.lang.Object, java.lang.Object, java.lang.Object)'> (0x000000061d3cf2f0) thrown at [src/hotspot/share/interpreter/linkResolver.cpp, line 772]
Event: 462,157 Thread 0x00007f82d003f800 Exception <a 'java/lang/NoSuchMethodError'{0x000000061d3e1a60}: 'void java.lang.invoke.DirectMethodHandle$Holder.invokeStatic(java.lang.Object, java.lang.Object, java.lang.Object, java.lang.Object, java.lang.Object, java.lang.Object, java.lang.Object, java.lang.Object)'> (0x000000061d3e1a60) thrown at [src/hotspot/share/interpreter/linkResolver.cpp, line 772]
Event: 462,164 Thread 0x00007f82d0038000 Exception <a 'java/lang/NoSuchMethodError'{0x000000061d3e1948}: 'void java.lang.invoke.DirectMethodHandle$Holder.invokeStatic(java.lang.Object, java.lang.Object, java.lang.Object, java.lang.Object, java.lang.Object, java.lang.Object, java.lang.Object, java.lang.Object)'> (0x000000061d3e1948) thrown at [src/hotspot/share/interpreter/linkResolver.cpp, line 772]
Event: 462,167 Thread 0x00007f82d003b800 Exception <a 'java/lang/NoSuchMethodError'{0x000000061d3e15c8}: 'void java.lang.invoke.DirectMethodHandle$Holder.invokeStatic(java.lang.Object, java.lang.Object, java.lang.Object, java.lang.Object, java.lang.Object, java.lang.Object, java.lang.Object, java.lang.Object)'> (0x000000061d3e15c8) thrown at [src/hotspot/share/interpreter/linkResolver.cpp, line 772]
Event: 462,173 Thread 0x00007f82d0036000 Exception <a 'java/lang/NoSuchMethodError'{0x000000061d3e1520}: 'void java.lang.invoke.DirectMethodHandle$Holder.invokeStatic(java.lang.Object, java.lang.Object, java.lang.Object, java.lang.Object, java.lang.Object, java.lang.Object, java.lang.Object, java.lang.Object)'> (0x000000061d3e1520) thrown at [src/hotspot/share/interpreter/linkResolver.cpp, line 772]
Event: 462,177 Thread 0x00007f82d0033000 Exception <a 'java/lang/NoSuchMethodError'{0x000000061d3e13d0}: 'void java.lang.invoke.DirectMethodHandle$Holder.invokeStatic(java.lang.Object, java.lang.Object, java.lang.Object, java.lang.Object, java.lang.Object, java.lang.Object, java.lang.Object, java.lang.Object)'> (0x000000061d3e13d0) thrown at [src/hotspot/share/interpreter/linkResolver.cpp, line 772]
Event: 469,300 Thread 0x00007f82d0039800 Exception <a 'java/lang/NoSuchMethodError'{0x000000061db81018}: 'long java.lang.invoke.DirectMethodHandle$Holder.invokeStatic(java.lang.Object, java.lang.Object, java.lang.Object)'> (0x000000061db81018) thrown at [src/hotspot/share/interpreter/linkResolver.cpp, line 772]
Event: 469,333 Thread 0x00007f82d0033000 Exception <a 'java/lang/NoSuchMethodError'{0x000000061db80608}: 'long java.lang.invoke.DirectMethodHandle$Holder.invokeInterface(java.lang.Object, java.lang.Object, java.lang.Object)'> (0x000000061db80608) thrown at [src/hotspot/share/interpreter/linkResolver.cpp, line 772]
Event: 469,339 Thread 0x00007f82d0039800 Exception <a 'java/lang/NoSuchMethodError'{0x000000061db802f8}: 'long java.lang.invoke.DirectMethodHandle$Holder.invokeInterface(java.lang.Object, java.lang.Object, java.lang.Object)'> (0x000000061db802f8) thrown at [src/hotspot/share/interpreter/linkResolver.cpp, line 772]

Events (20 events):
Event: 1226,868 loading class org/apache/spark/util/Utils
Event: 1226,868 loading class org/apache/spark/util/Utils done
Event: 1227,557 loading class java/math/MutableBigInteger
Event: 1227,563 loading class java/math/MutableBigInteger done
Event: 1227,695 loading class scala/collection/immutable/StringLike
Event: 1227,695 loading class scala/collection/immutable/StringLike done
Event: 1227,706 loading class scala/collection/immutable/StringLike
Event: 1227,706 loading class scala/collection/immutable/StringLike done
Event: 1227,951 loading class java/util/Formatter$FormatSpecifier$BigDecimalLayout
Event: 1227,957 loading class java/util/Formatter$FormatSpecifier$BigDecimalLayout done
Event: 1227,958 loading class java/util/Formatter$BigDecimalLayoutForm
Event: 1227,958 loading class java/util/Formatter$BigDecimalLayoutForm done
Event: 1507,798 Executing VM operation: CollectForMetadataAllocation
Event: 1507,799 Executing VM operation: CollectForMetadataAllocation done
Event: 2098,802 Executing VM operation: Dummy
Event: 13084,567 Executing VM operation: Dummy done
Event: 13084,568 Executing VM operation: Dummy
Event: 24637,670 Executing VM operation: Dummy done
Event: 24637,671 Executing VM operation: Dummy
Event: 36541,653 Executing VM operation: Dummy done


Dynamic libraries:
600000000-800000000 rw-s 00000000 00:05 393                              /dev/fakeblk
800000000-800b89000 rw-p 00000000 00:00 0 
800b89000-840000000 ---p 00000000 00:00 0 
5577628a0000-5577628a1000 r--p 00000000 08:01 4325452                    /home/adam/jdk11u/build/linux-x86_64-normal-server-release/images/jdk/bin/java
5577628a1000-5577628a2000 r-xp 00001000 08:01 4325452                    /home/adam/jdk11u/build/linux-x86_64-normal-server-release/images/jdk/bin/java
5577628a2000-5577628a3000 r--p 00002000 08:01 4325452                    /home/adam/jdk11u/build/linux-x86_64-normal-server-release/images/jdk/bin/java
5577628a3000-5577628a4000 r--p 00002000 08:01 4325452                    /home/adam/jdk11u/build/linux-x86_64-normal-server-release/images/jdk/bin/java
5577628a4000-5577628a5000 rw-p 00003000 08:01 4325452                    /home/adam/jdk11u/build/linux-x86_64-normal-server-release/images/jdk/bin/java
557764853000-5577648d7000 rw-p 00000000 00:00 0                          [heap]
7f8218000000-7f821804c000 rw-p 00000000 00:00 0 
7f821804c000-7f821c000000 ---p 00000000 00:00 0 
7f821c000000-7f821c076000 rw-p 00000000 00:00 0 
7f821c076000-7f8220000000 ---p 00000000 00:00 0 
7f8220000000-7f8220042000 rw-p 00000000 00:00 0 
7f8220042000-7f8224000000 ---p 00000000 00:00 0 
7f8224000000-7f8224051000 rw-p 00000000 00:00 0 
7f8224051000-7f8228000000 ---p 00000000 00:00 0 
7f8228000000-7f8228044000 rw-p 00000000 00:00 0 
7f8228044000-7f822c000000 ---p 00000000 00:00 0 
7f822c000000-7f822c05d000 rw-p 00000000 00:00 0 
7f822c05d000-7f8230000000 ---p 00000000 00:00 0 
7f8230000000-7f8230021000 rw-p 00000000 00:00 0 
7f8230021000-7f8234000000 ---p 00000000 00:00 0 
7f8234000000-7f8234021000 rw-p 00000000 00:00 0 
7f8234021000-7f8238000000 ---p 00000000 00:00 0 
7f8238000000-7f8238021000 rw-p 00000000 00:00 0 
7f8238021000-7f823c000000 ---p 00000000 00:00 0 
7f823c000000-7f823c084000 rw-p 00000000 00:00 0 
7f823c084000-7f8240000000 ---p 00000000 00:00 0 
7f8240000000-7f8240161000 rw-p 00000000 00:00 0 
7f8240161000-7f8244000000 ---p 00000000 00:00 0 
7f8244000000-7f8244021000 rw-p 00000000 00:00 0 
7f8244021000-7f8248000000 ---p 00000000 00:00 0 
7f8248000000-7f8248021000 rw-p 00000000 00:00 0 
7f8248021000-7f824c000000 ---p 00000000 00:00 0 
7f824c000000-7f824c021000 rw-p 00000000 00:00 0 
7f824c021000-7f8250000000 ---p 00000000 00:00 0 
7f8250000000-7f8250023000 rw-p 00000000 00:00 0 
7f8250023000-7f8254000000 ---p 00000000 00:00 0 
7f8254000000-7f8254021000 rw-p 00000000 00:00 0 
7f8254021000-7f8258000000 ---p 00000000 00:00 0 
7f8258153000-7f82590c9000 rw-p 00000000 00:00 0 
7f82590c9000-7f82590cd000 ---p 00000000 00:00 0 
7f82590cd000-7f82591ca000 rw-p 00000000 00:00 0 
7f82591ca000-7f82591ce000 ---p 00000000 00:00 0 
7f82591ce000-7f82592cb000 rw-p 00000000 00:00 0 
7f82592cb000-7f82592cf000 ---p 00000000 00:00 0 
7f82592cf000-7f82593cc000 rw-p 00000000 00:00 0 
7f82593cc000-7f82593d0000 ---p 00000000 00:00 0 
7f82593d0000-7f82594cd000 rw-p 00000000 00:00 0 
7f82594cd000-7f82594d1000 ---p 00000000 00:00 0 
7f82594d1000-7f82595ce000 rw-p 00000000 00:00 0 
7f82595ce000-7f82595d2000 ---p 00000000 00:00 0 
7f82595d2000-7f82596cf000 rw-p 00000000 00:00 0 
7f82596cf000-7f82596d3000 ---p 00000000 00:00 0 
7f82596d3000-7f82597d0000 rw-p 00000000 00:00 0 
7f82597d0000-7f82597d4000 ---p 00000000 00:00 0 
7f82597d4000-7f8259ad1000 rw-p 00000000 00:00 0 
7f8259ad1000-7f8259cd1000 rw-p 00000000 00:00 0 
7f8259cd1000-7f8259ed1000 rw-p 00000000 00:00 0 
7f8259ed1000-7f825a0d1000 rw-p 00000000 00:00 0 
7f825a0d1000-7f825a2bd000 rw-p 00000000 00:00 0 
7f825a2bd000-7f825a2d1000 ---p 00000000 00:00 0 
7f825a2d1000-7f825a2f5000 r-xp 00000000 08:01 262524                     /tmp/liblz4-java-985612002248327283.so
7f825a2f5000-7f825a4f4000 ---p 00024000 08:01 262524                     /tmp/liblz4-java-985612002248327283.so
7f825a4f4000-7f825a4f5000 rw-p 00023000 08:01 262524                     /tmp/liblz4-java-985612002248327283.so
7f825a4f5000-7f825a6e7000 rw-p 00000000 00:00 0 
7f825a6e7000-7f825a6f5000 ---p 00000000 00:00 0 
7f825a6f5000-7f825a6f9000 ---p 00000000 00:00 0 
7f825a6f9000-7f825a9e8000 rw-p 00000000 00:00 0 
7f825a9e8000-7f825a9f6000 ---p 00000000 00:00 0 
7f825a9f6000-7f825abdc000 rw-p 00000000 00:00 0 
7f825abdc000-7f825abf6000 ---p 00000000 00:00 0 
7f825abf6000-7f825abfa000 ---p 00000000 00:00 0 
7f825abfa000-7f825acf7000 rw-p 00000000 00:00 0 
7f825acf7000-7f825acfb000 ---p 00000000 00:00 0 
7f825acfb000-7f825adf8000 rw-p 00000000 00:00 0 
7f825adf8000-7f825adfc000 ---p 00000000 00:00 0 
7f825adfc000-7f825aef9000 rw-p 00000000 00:00 0 
7f825aef9000-7f825aefd000 ---p 00000000 00:00 0 
7f825aefd000-7f825b1fa000 rw-p 00000000 00:00 0 
7f825b1fa000-7f825b3fa000 rw-p 00000000 00:00 0 
7f825b3fa000-7f825b3fe000 ---p 00000000 00:00 0 
7f825b3fe000-7f825b4fb000 rw-p 00000000 00:00 0 
7f825b4fb000-7f825b4ff000 ---p 00000000 00:00 0 
7f825b4ff000-7f825bdfe000 rw-p 00000000 00:00 0 
7f825bdfe000-7f825be02000 ---p 00000000 00:00 0 
7f825be02000-7f825beff000 rw-p 00000000 00:00 0 
7f825beff000-7f825bf03000 ---p 00000000 00:00 0 
7f825bf03000-7f825c000000 rw-p 00000000 00:00 0 
7f825c000000-7f825c02c000 rw-p 00000000 00:00 0 
7f825c02c000-7f8260000000 ---p 00000000 00:00 0 
7f8260000000-7f8260021000 rw-p 00000000 00:00 0 
7f8260021000-7f8264000000 ---p 00000000 00:00 0 
7f8264000000-7f8264021000 rw-p 00000000 00:00 0 
7f8264021000-7f8268000000 ---p 00000000 00:00 0 
7f8268000000-7f8268175000 rw-p 00000000 00:00 0 
7f8268175000-7f826c000000 ---p 00000000 00:00 0 
7f826c000000-7f826c021000 rw-p 00000000 00:00 0 
7f826c021000-7f8270000000 ---p 00000000 00:00 0 
7f8270000000-7f8270021000 rw-p 00000000 00:00 0 
7f8270021000-7f8274000000 ---p 00000000 00:00 0 
7f8274000000-7f8274021000 rw-p 00000000 00:00 0 
7f8274021000-7f8278000000 ---p 00000000 00:00 0 
7f8278000000-7f8278026000 rw-p 00000000 00:00 0 
7f8278026000-7f827c000000 ---p 00000000 00:00 0 
7f827c000000-7f827c021000 rw-p 00000000 00:00 0 
7f827c021000-7f8280000000 ---p 00000000 00:00 0 
7f8280000000-7f8280021000 rw-p 00000000 00:00 0 
7f8280021000-7f8284000000 ---p 00000000 00:00 0 
7f8284000000-7f8284021000 rw-p 00000000 00:00 0 
7f8284021000-7f8288000000 ---p 00000000 00:00 0 
7f8288000000-7f8288021000 rw-p 00000000 00:00 0 
7f8288021000-7f828c000000 ---p 00000000 00:00 0 
7f828c000000-7f828c021000 rw-p 00000000 00:00 0 
7f828c021000-7f8290000000 ---p 00000000 00:00 0 
7f8290000000-7f8290021000 rw-p 00000000 00:00 0 
7f8290021000-7f8294000000 ---p 00000000 00:00 0 
7f8294000000-7f8294021000 rw-p 00000000 00:00 0 
7f8294021000-7f8298000000 ---p 00000000 00:00 0 
7f8298000000-7f8298021000 rw-p 00000000 00:00 0 
7f8298021000-7f829c000000 ---p 00000000 00:00 0 
7f829c000000-7f829c021000 rw-p 00000000 00:00 0 
7f829c021000-7f82a0000000 ---p 00000000 00:00 0 
7f82a0000000-7f82a0021000 rw-p 00000000 00:00 0 
7f82a0021000-7f82a4000000 ---p 00000000 00:00 0 
7f82a4000000-7f82a4021000 rw-p 00000000 00:00 0 
7f82a4021000-7f82a8000000 ---p 00000000 00:00 0 
7f82a8000000-7f82a8021000 rw-p 00000000 00:00 0 
7f82a8021000-7f82ac000000 ---p 00000000 00:00 0 
7f82ac000000-7f82ac021000 rw-p 00000000 00:00 0 
7f82ac021000-7f82b0000000 ---p 00000000 00:00 0 
7f82b0000000-7f82b0021000 rw-p 00000000 00:00 0 
7f82b0021000-7f82b4000000 ---p 00000000 00:00 0 
7f82b4000000-7f82b4021000 rw-p 00000000 00:00 0 
7f82b4021000-7f82b8000000 ---p 00000000 00:00 0 
7f82b8000000-7f82b8021000 rw-p 00000000 00:00 0 
7f82b8021000-7f82bc000000 ---p 00000000 00:00 0 
7f82bc000000-7f82bc021000 rw-p 00000000 00:00 0 
7f82bc021000-7f82c0000000 ---p 00000000 00:00 0 
7f82c0000000-7f82c0021000 rw-p 00000000 00:00 0 
7f82c0021000-7f82c4000000 ---p 00000000 00:00 0 
7f82c4000000-7f82c4021000 rw-p 00000000 00:00 0 
7f82c4021000-7f82c8000000 ---p 00000000 00:00 0 
7f82c8000000-7f82c8021000 rw-p 00000000 00:00 0 
7f82c8021000-7f82cc000000 ---p 00000000 00:00 0 
7f82cc000000-7f82cc021000 rw-p 00000000 00:00 0 
7f82cc021000-7f82d0000000 ---p 00000000 00:00 0 
7f82d0000000-7f82d0043000 rw-p 00000000 00:00 0 
7f82d0043000-7f82d4000000 ---p 00000000 00:00 0 
7f82d4000000-7f82d4021000 rw-p 00000000 00:00 0 
7f82d4021000-7f82d8000000 ---p 00000000 00:00 0 
7f82d8000000-7f82d8021000 rw-p 00000000 00:00 0 
7f82d8021000-7f82dc000000 ---p 00000000 00:00 0 
7f82dc000000-7f82dc021000 rw-p 00000000 00:00 0 
7f82dc021000-7f82e0000000 ---p 00000000 00:00 0 
7f82e0000000-7f82e0021000 rw-p 00000000 00:00 0 
7f82e0021000-7f82e4000000 ---p 00000000 00:00 0 
7f82e4000000-7f82e4021000 rw-p 00000000 00:00 0 
7f82e4021000-7f82e8000000 ---p 00000000 00:00 0 
7f82e80dd000-7f82e82dd000 rw-p 00000000 00:00 0 
7f82e82dd000-7f82e82e1000 ---p 00000000 00:00 0 
7f82e82e1000-7f82e83de000 rw-p 00000000 00:00 0 
7f82e83de000-7f82e83e2000 ---p 00000000 00:00 0 
7f82e83e2000-7f82e84df000 rw-p 00000000 00:00 0 
7f82e84df000-7f82e84e3000 ---p 00000000 00:00 0 
7f82e84e3000-7f82e85e0000 rw-p 00000000 00:00 0 
7f82e85e0000-7f82e85e4000 ---p 00000000 00:00 0 
7f82e85e4000-7f82e86e1000 rw-p 00000000 00:00 0 
7f82e86e1000-7f82e86e5000 ---p 00000000 00:00 0 
7f82e86e5000-7f82e87e2000 rw-p 00000000 00:00 0 
7f82e87e2000-7f82e87e6000 ---p 00000000 00:00 0 
7f82e87e6000-7f82e88e3000 rw-p 00000000 00:00 0 
7f82e88e3000-7f82e88e7000 ---p 00000000 00:00 0 
7f82e88e7000-7f82e89e4000 rw-p 00000000 00:00 0 
7f82e89e4000-7f82e89e8000 ---p 00000000 00:00 0 
7f82e89e8000-7f82e8ae5000 rw-p 00000000 00:00 0 
7f82e8ae5000-7f82e8ae9000 ---p 00000000 00:00 0 
7f82e8ae9000-7f82e8dcb000 rw-p 00000000 00:00 0 
7f82e8dcb000-7f82e8de6000 ---p 00000000 00:00 0 
7f82e8de6000-7f82e8dea000 ---p 00000000 00:00 0 
7f82e8dea000-7f82e8ee7000 rw-p 00000000 00:00 0 
7f82e8ee7000-7f82e8eeb000 ---p 00000000 00:00 0 
7f82e8eeb000-7f82e8fe8000 rw-p 00000000 00:00 0 
7f82e8fe8000-7f82e8fec000 ---p 00000000 00:00 0 
7f82e8fec000-7f82e90e9000 rw-p 00000000 00:00 0 
7f82e90e9000-7f82e90ed000 ---p 00000000 00:00 0 
7f82e90ed000-7f82e91ea000 rw-p 00000000 00:00 0 
7f82e91ea000-7f82e91ee000 ---p 00000000 00:00 0 
7f82e91ee000-7f82e92eb000 rw-p 00000000 00:00 0 
7f82e92eb000-7f82e92ef000 ---p 00000000 00:00 0 
7f82e92ef000-7f82e93ec000 rw-p 00000000 00:00 0 
7f82e93ec000-7f82e93f0000 ---p 00000000 00:00 0 
7f82e93f0000-7f82e94ed000 rw-p 00000000 00:00 0 
7f82e94ed000-7f82e94f1000 ---p 00000000 00:00 0 
7f82e94f1000-7f82e97e5000 rw-p 00000000 00:00 0 
7f82e97e5000-7f82e97ee000 ---p 00000000 00:00 0 
7f82e97ee000-7f82e97f2000 ---p 00000000 00:00 0 
7f82e97f2000-7f82e98ef000 rw-p 00000000 00:00 0 
7f82e98ef000-7f82e98f3000 ---p 00000000 00:00 0 
7f82e98f3000-7f82e99f0000 rw-p 00000000 00:00 0 
7f82e99f0000-7f82e99f4000 ---p 00000000 00:00 0 
7f82e99f4000-7f82e9cf1000 rw-p 00000000 00:00 0 
7f82e9cf1000-7f82e9cf5000 ---p 00000000 00:00 0 
7f82e9cf5000-7f82e9df2000 rw-p 00000000 00:00 0 
7f82e9df2000-7f82e9df6000 ---p 00000000 00:00 0 
7f82e9df6000-7f82e9ef3000 rw-p 00000000 00:00 0 
7f82e9ef3000-7f82e9ef7000 ---p 00000000 00:00 0 
7f82e9ef7000-7f82e9ff4000 rw-p 00000000 00:00 0 
7f82e9ff4000-7f82e9ff8000 ---p 00000000 00:00 0 
7f82e9ff8000-7f82ea0f5000 rw-p 00000000 00:00 0 
7f82ea0f5000-7f82ea0f9000 ---p 00000000 00:00 0 
7f82ea0f9000-7f82ea1f6000 rw-p 00000000 00:00 0 
7f82ea1f6000-7f82ea1fa000 ---p 00000000 00:00 0 
7f82ea1fa000-7f82ea2f7000 rw-p 00000000 00:00 0 
7f82ea2f7000-7f82ea2fb000 ---p 00000000 00:00 0 
7f82ea2fb000-7f82ea3f8000 rw-p 00000000 00:00 0 
7f82ea3f8000-7f82ea3fc000 ---p 00000000 00:00 0 
7f82ea3fc000-7f82ea4f9000 rw-p 00000000 00:00 0 
7f82ea4f9000-7f82ea4fd000 ---p 00000000 00:00 0 
7f82ea4fd000-7f82ea5fa000 rw-p 00000000 00:00 0 
7f82ea5fa000-7f82ea5fe000 ---p 00000000 00:00 0 
7f82ea5fe000-7f82ea6fb000 rw-p 00000000 00:00 0 
7f82ea6fb000-7f82ea6ff000 ---p 00000000 00:00 0 
7f82ea6ff000-7f82ea7fc000 rw-p 00000000 00:00 0 
7f82ea7fc000-7f82ea800000 ---p 00000000 00:00 0 
7f82ea800000-7f82ea8fd000 rw-p 00000000 00:00 0 
7f82ea8fd000-7f82ea901000 ---p 00000000 00:00 0 
7f82ea901000-7f82ea9fe000 rw-p 00000000 00:00 0 
7f82ea9fe000-7f82eaa02000 ---p 00000000 00:00 0 
7f82eaa02000-7f82eaaff000 rw-p 00000000 00:00 0 
7f82eaaff000-7f82eab03000 ---p 00000000 00:00 0 
7f82eab03000-7f82eadfd000 rw-p 00000000 00:00 0 
7f82eadfd000-7f82eae00000 ---p 00000000 00:00 0 
7f82eae00000-7f82eb000000 rw-p 00000000 00:00 0 
7f82eb000000-7f82eb1eb000 rw-p 00000000 00:00 0 
7f82eb1eb000-7f82eb200000 ---p 00000000 00:00 0 
7f82eb200000-7f82eb3e4000 rw-p 00000000 00:00 0 
7f82eb3e4000-7f82eb400000 ---p 00000000 00:00 0 
7f82eb400000-7f82eb600000 rw-p 00000000 00:00 0 
7f82eb600000-7f82eb800000 rw-p 00000000 00:00 0 
7f82eb800000-7f82eb9e5000 rw-p 00000000 00:00 0 
7f82eb9e5000-7f82eba00000 ---p 00000000 00:00 0 
7f82eba00000-7f82ebc00000 rw-p 00000000 00:00 0 
7f82ebc00000-7f82ebe00000 rw-p 00000000 00:00 0 
7f82ebe00000-7f82ec000000 rw-p 00000000 00:00 0 
7f82ec000000-7f82ec021000 rw-p 00000000 00:00 0 
7f82ec021000-7f82f0000000 ---p 00000000 00:00 0 
7f82f0000000-7f82f016a000 rw-p 00000000 00:00 0 
7f82f016a000-7f82f4000000 ---p 00000000 00:00 0 
7f82f4000000-7f82f4021000 rw-p 00000000 00:00 0 
7f82f4021000-7f82f8000000 ---p 00000000 00:00 0 
7f82f8000000-7f82f8021000 rw-p 00000000 00:00 0 
7f82f8021000-7f82fc000000 ---p 00000000 00:00 0 
7f82fc000000-7f82fe0ef000 rw-p 00000000 00:00 0 
7f82fe0ef000-7f8300000000 ---p 00000000 00:00 0 
7f8300000000-7f83008c4000 rw-p 00000000 00:00 0 
7f83008c4000-7f8304000000 ---p 00000000 00:00 0 
7f8304000000-7f8304021000 rw-p 00000000 00:00 0 
7f8304021000-7f8308000000 ---p 00000000 00:00 0 
7f8308000000-7f8308021000 rw-p 00000000 00:00 0 
7f8308021000-7f830c000000 ---p 00000000 00:00 0 
7f830c000000-7f830c021000 rw-p 00000000 00:00 0 
7f830c021000-7f8310000000 ---p 00000000 00:00 0 
7f8310000000-7f8310021000 rw-p 00000000 00:00 0 
7f8310021000-7f8314000000 ---p 00000000 00:00 0 
7f8314000000-7f8315d05000 rw-p 00000000 00:00 0 
7f8315d05000-7f8318000000 ---p 00000000 00:00 0 
7f8318010000-7f8318014000 ---p 00000000 00:00 0 
7f8318014000-7f8318311000 rw-p 00000000 00:00 0 
7f8318311000-7f8318315000 ---p 00000000 00:00 0 
7f8318315000-7f8318612000 rw-p 00000000 00:00 0 
7f8318612000-7f8318812000 rw-p 00000000 00:00 0 
7f8318812000-7f8318a82000 rwxp 00000000 00:00 0 
7f8318a82000-7f8318da3000 ---p 00000000 00:00 0 
7f8318da3000-7f8319953000 rwxp 00000000 00:00 0 
7f8319953000-7f83202da000 ---p 00000000 00:00 0 
7f83202da000-7f832066a000 rwxp 00000000 00:00 0 
7f832066a000-7f8327812000 ---p 00000000 00:00 0 
7f8327812000-7f8330000000 r--s 00000000 08:01 4325379                    /home/adam/jdk11u/build/linux-x86_64-normal-server-release/images/jdk/lib/modules
7f8330000000-7f833275d000 rw-p 00000000 00:00 0 
7f833275d000-7f8334000000 ---p 00000000 00:00 0 
7f833408b000-7f833408f000 ---p 00000000 00:00 0 
7f833408f000-7f83340ad000 rw-p 00000000 00:00 0 
7f83340ad000-7f83340ae000 r--p 00000000 08:01 2907360                    /usr/lib/x86_64-linux-gnu/libnss_dns-2.31.so
7f83340ae000-7f83340b2000 r-xp 00001000 08:01 2907360                    /usr/lib/x86_64-linux-gnu/libnss_dns-2.31.so
7f83340b2000-7f83340b3000 r--p 00005000 08:01 2907360                    /usr/lib/x86_64-linux-gnu/libnss_dns-2.31.so
7f83340b3000-7f83340b4000 r--p 00005000 08:01 2907360                    /usr/lib/x86_64-linux-gnu/libnss_dns-2.31.so
7f83340b4000-7f83340b5000 rw-p 00006000 08:01 2907360                    /usr/lib/x86_64-linux-gnu/libnss_dns-2.31.so
7f83340b5000-7f83340b9000 r--p 00000000 08:01 2907365                    /usr/lib/x86_64-linux-gnu/libresolv-2.31.so
7f83340b9000-7f83340c7000 r-xp 00004000 08:01 2907365                    /usr/lib/x86_64-linux-gnu/libresolv-2.31.so
7f83340c7000-7f83340cb000 r--p 00012000 08:01 2907365                    /usr/lib/x86_64-linux-gnu/libresolv-2.31.so
7f83340cb000-7f83340cc000 r--p 00015000 08:01 2907365                    /usr/lib/x86_64-linux-gnu/libresolv-2.31.so
7f83340cc000-7f83340cd000 rw-p 00016000 08:01 2907365                    /usr/lib/x86_64-linux-gnu/libresolv-2.31.so
7f83340cd000-7f83340cf000 rw-p 00000000 00:00 0 
7f83340cf000-7f83340d0000 r--p 00000000 08:01 2905034                    /usr/lib/x86_64-linux-gnu/libnss_mdns4_minimal.so.2
7f83340d0000-7f83340d2000 r-xp 00001000 08:01 2905034                    /usr/lib/x86_64-linux-gnu/libnss_mdns4_minimal.so.2
7f83340d2000-7f83340d3000 r--p 00003000 08:01 2905034                    /usr/lib/x86_64-linux-gnu/libnss_mdns4_minimal.so.2
7f83340d3000-7f83340d4000 r--p 00003000 08:01 2905034                    /usr/lib/x86_64-linux-gnu/libnss_mdns4_minimal.so.2
7f83340d4000-7f83340d5000 rw-p 00004000 08:01 2905034                    /usr/lib/x86_64-linux-gnu/libnss_mdns4_minimal.so.2
7f83340e0000-7f83340e7000 r--s 00000000 08:01 2926395                    /usr/lib/x86_64-linux-gnu/gconv/gconv-modules.cache
7f83340e7000-7f83340e8000 r--p 00000000 08:01 4325478                    /home/adam/jdk11u/build/linux-x86_64-normal-server-release/images/jdk/lib/libextnet.so
7f83340e8000-7f83340e9000 r-xp 00001000 08:01 4325478                    /home/adam/jdk11u/build/linux-x86_64-normal-server-release/images/jdk/lib/libextnet.so
7f83340e9000-7f83340ea000 r--p 00002000 08:01 4325478                    /home/adam/jdk11u/build/linux-x86_64-normal-server-release/images/jdk/lib/libextnet.so
7f83340ea000-7f83340eb000 r--p 00002000 08:01 4325478                    /home/adam/jdk11u/build/linux-x86_64-normal-server-release/images/jdk/lib/libextnet.so
7f83340eb000-7f83340ec000 rw-p 00003000 08:01 4325478                    /home/adam/jdk11u/build/linux-x86_64-normal-server-release/images/jdk/lib/libextnet.so
7f83340ec000-7f83340ee000 r--p 00000000 08:01 4325406                    /home/adam/jdk11u/build/linux-x86_64-normal-server-release/images/jdk/lib/libmanagement_ext.so
7f83340ee000-7f83340f1000 r-xp 00002000 08:01 4325406                    /home/adam/jdk11u/build/linux-x86_64-normal-server-release/images/jdk/lib/libmanagement_ext.so
7f83340f1000-7f83340f2000 r--p 00005000 08:01 4325406                    /home/adam/jdk11u/build/linux-x86_64-normal-server-release/images/jdk/lib/libmanagement_ext.so
7f83340f2000-7f83340f3000 ---p 00006000 08:01 4325406                    /home/adam/jdk11u/build/linux-x86_64-normal-server-release/images/jdk/lib/libmanagement_ext.so
7f83340f3000-7f83340f4000 r--p 00006000 08:01 4325406                    /home/adam/jdk11u/build/linux-x86_64-normal-server-release/images/jdk/lib/libmanagement_ext.so
7f83340f4000-7f83340f5000 rw-p 00007000 08:01 4325406                    /home/adam/jdk11u/build/linux-x86_64-normal-server-release/images/jdk/lib/libmanagement_ext.so
7f83340f5000-7f83340f8000 r--p 00000000 08:01 4325481                    /home/adam/jdk11u/build/linux-x86_64-normal-server-release/images/jdk/lib/libmanagement.so
7f83340f8000-7f83340f9000 r-xp 00003000 08:01 4325481                    /home/adam/jdk11u/build/linux-x86_64-normal-server-release/images/jdk/lib/libmanagement.so
7f83340f9000-7f83340fa000 r--p 00004000 08:01 4325481                    /home/adam/jdk11u/build/linux-x86_64-normal-server-release/images/jdk/lib/libmanagement.so
7f83340fa000-7f83340fb000 r--p 00004000 08:01 4325481                    /home/adam/jdk11u/build/linux-x86_64-normal-server-release/images/jdk/lib/libmanagement.so
7f83340fb000-7f83340fc000 rw-p 00005000 08:01 4325481                    /home/adam/jdk11u/build/linux-x86_64-normal-server-release/images/jdk/lib/libmanagement.so
7f83340fc000-7f833412d000 rw-p 00000000 00:00 0 
7f833412d000-7f8334131000 r--p 00000000 08:01 4325476                    /home/adam/jdk11u/build/linux-x86_64-normal-server-release/images/jdk/lib/libnet.so
7f8334131000-7f8334140000 r-xp 00004000 08:01 4325476                    /home/adam/jdk11u/build/linux-x86_64-normal-server-release/images/jdk/lib/libnet.so
7f8334140000-7f8334144000 r--p 00013000 08:01 4325476                    /home/adam/jdk11u/build/linux-x86_64-normal-server-release/images/jdk/lib/libnet.so
7f8334144000-7f8334145000 r--p 00016000 08:01 4325476                    /home/adam/jdk11u/build/linux-x86_64-normal-server-release/images/jdk/lib/libnet.so
7f8334145000-7f8334146000 rw-p 00017000 08:01 4325476                    /home/adam/jdk11u/build/linux-x86_64-normal-server-release/images/jdk/lib/libnet.so
7f8334146000-7f833414d000 r--p 00000000 08:01 4325465                    /home/adam/jdk11u/build/linux-x86_64-normal-server-release/images/jdk/lib/libnio.so
7f833414d000-7f8334154000 r-xp 00007000 08:01 4325465                    /home/adam/jdk11u/build/linux-x86_64-normal-server-release/images/jdk/lib/libnio.so
7f8334154000-7f8334157000 r--p 0000e000 08:01 4325465                    /home/adam/jdk11u/build/linux-x86_64-normal-server-release/images/jdk/lib/libnio.so
7f8334157000-7f8334158000 r--p 00010000 08:01 4325465                    /home/adam/jdk11u/build/linux-x86_64-normal-server-release/images/jdk/lib/libnio.so
7f8334158000-7f8334159000 rw-p 00011000 08:01 4325465                    /home/adam/jdk11u/build/linux-x86_64-normal-server-release/images/jdk/lib/libnio.so
7f8334159000-7f833415d000 ---p 00000000 00:00 0 
7f833415d000-7f833425a000 rw-p 00000000 00:00 0 
7f833425a000-7f833425b000 ---p 00000000 00:00 0 
7f833425b000-7f833435c000 rw-p 00000000 00:00 0 
7f833435c000-7f8334360000 ---p 00000000 00:00 0 
7f8334360000-7f833445d000 rw-p 00000000 00:00 0 
7f833445d000-7f8334461000 ---p 00000000 00:00 0 
7f8334461000-7f833455e000 rw-p 00000000 00:00 0 
7f833455e000-7f8334562000 ---p 00000000 00:00 0 
7f8334562000-7f833465f000 rw-p 00000000 00:00 0 
7f833465f000-7f8334663000 ---p 00000000 00:00 0 
7f8334663000-7f8334760000 rw-p 00000000 00:00 0 
7f8334760000-7f8334764000 ---p 00000000 00:00 0 
7f8334764000-7f8334861000 rw-p 00000000 00:00 0 
7f8334861000-7f8334b48000 r--p 00000000 08:01 2884038                    /usr/lib/locale/locale-archive
7f8334b48000-7f8334b4c000 ---p 00000000 00:00 0 
7f8334b4c000-7f8334c49000 rw-p 00000000 00:00 0 
7f8334c49000-7f8334c4d000 ---p 00000000 00:00 0 
7f8334c4d000-7f8334d4a000 rw-p 00000000 00:00 0 
7f8334d4a000-7f8334d4b000 ---p 00000000 00:00 0 
7f8334d4b000-7f8335750000 rw-p 00000000 00:00 0 
7f8335750000-7f833579a000 rw-p 00000000 00:00 0 
7f833579a000-7f833587d000 ---p 00000000 00:00 0 
7f833587d000-7f8335895000 rw-p 00000000 00:00 0 
7f8335895000-7f8335968000 ---p 00000000 00:00 0 
7f8335968000-7f833596d000 rw-p 00000000 00:00 0 
7f833596d000-7f8335974000 ---p 00000000 00:00 0 
7f8335974000-7f8335977000 r--p 00000000 08:01 2907361                    /usr/lib/x86_64-linux-gnu/libnss_files-2.31.so
7f8335977000-7f833597e000 r-xp 00003000 08:01 2907361                    /usr/lib/x86_64-linux-gnu/libnss_files-2.31.so
7f833597e000-7f8335980000 r--p 0000a000 08:01 2907361                    /usr/lib/x86_64-linux-gnu/libnss_files-2.31.so
7f8335980000-7f8335981000 r--p 0000b000 08:01 2907361                    /usr/lib/x86_64-linux-gnu/libnss_files-2.31.so
7f8335981000-7f8335982000 rw-p 0000c000 08:01 2907361                    /usr/lib/x86_64-linux-gnu/libnss_files-2.31.so
7f8335982000-7f8335988000 rw-p 00000000 00:00 0 
7f8335988000-7f8335989000 r--p 00000000 08:01 4325405                    /home/adam/jdk11u/build/linux-x86_64-normal-server-release/images/jdk/lib/libjaas.so
7f8335989000-7f833598a000 r-xp 00001000 08:01 4325405                    /home/adam/jdk11u/build/linux-x86_64-normal-server-release/images/jdk/lib/libjaas.so
7f833598a000-7f833598b000 r--p 00002000 08:01 4325405                    /home/adam/jdk11u/build/linux-x86_64-normal-server-release/images/jdk/lib/libjaas.so
7f833598b000-7f833598c000 r--p 00002000 08:01 4325405                    /home/adam/jdk11u/build/linux-x86_64-normal-server-release/images/jdk/lib/libjaas.so
7f833598c000-7f833598d000 rw-p 00003000 08:01 4325405                    /home/adam/jdk11u/build/linux-x86_64-normal-server-release/images/jdk/lib/libjaas.so
7f833598d000-7f833598f000 r--p 00000000 08:01 4325458                    /home/adam/jdk11u/build/linux-x86_64-normal-server-release/images/jdk/lib/libzip.so
7f833598f000-7f8335993000 r-xp 00002000 08:01 4325458                    /home/adam/jdk11u/build/linux-x86_64-normal-server-release/images/jdk/lib/libzip.so
7f8335993000-7f8335995000 r--p 00006000 08:01 4325458                    /home/adam/jdk11u/build/linux-x86_64-normal-server-release/images/jdk/lib/libzip.so
7f8335995000-7f8335996000 r--p 00007000 08:01 4325458                    /home/adam/jdk11u/build/linux-x86_64-normal-server-release/images/jdk/lib/libzip.so
7f8335996000-7f8335997000 rw-p 00008000 08:01 4325458                    /home/adam/jdk11u/build/linux-x86_64-normal-server-release/images/jdk/lib/libzip.so
7f8335997000-7f833599f000 rw-s 00000000 08:01 262435                     /tmp/hsperfdata_root/15569
7f833599f000-7f83359a3000 r--p 00000000 08:01 4325453                    /home/adam/jdk11u/build/linux-x86_64-normal-server-release/images/jdk/lib/libjimage.so
7f83359a3000-7f83359b6000 r-xp 00004000 08:01 4325453                    /home/adam/jdk11u/build/linux-x86_64-normal-server-release/images/jdk/lib/libjimage.so
7f83359b6000-7f83359bc000 r--p 00017000 08:01 4325453                    /home/adam/jdk11u/build/linux-x86_64-normal-server-release/images/jdk/lib/libjimage.so
7f83359bc000-7f83359be000 r--p 0001c000 08:01 4325453                    /home/adam/jdk11u/build/linux-x86_64-normal-server-release/images/jdk/lib/libjimage.so
7f83359be000-7f83359bf000 rw-p 0001e000 08:01 4325453                    /home/adam/jdk11u/build/linux-x86_64-normal-server-release/images/jdk/lib/libjimage.so
7f83359bf000-7f83359cd000 r--p 00000000 08:01 4325475                    /home/adam/jdk11u/build/linux-x86_64-normal-server-release/images/jdk/lib/libjava.so
7f83359cd000-7f83359e3000 r-xp 0000e000 08:01 4325475                    /home/adam/jdk11u/build/linux-x86_64-normal-server-release/images/jdk/lib/libjava.so
7f83359e3000-7f83359ea000 r--p 00024000 08:01 4325475                    /home/adam/jdk11u/build/linux-x86_64-normal-server-release/images/jdk/lib/libjava.so
7f83359ea000-7f83359eb000 r--p 0002a000 08:01 4325475                    /home/adam/jdk11u/build/linux-x86_64-normal-server-release/images/jdk/lib/libjava.so
7f83359eb000-7f83359ec000 rw-p 0002b000 08:01 4325475                    /home/adam/jdk11u/build/linux-x86_64-normal-server-release/images/jdk/lib/libjava.so
7f83359ec000-7f83359ed000 rw-p 00000000 00:00 0 
7f83359ed000-7f83359ef000 r--p 00000000 08:01 2907366                    /usr/lib/x86_64-linux-gnu/librt-2.31.so
7f83359ef000-7f83359f3000 r-xp 00002000 08:01 2907366                    /usr/lib/x86_64-linux-gnu/librt-2.31.so
7f83359f3000-7f83359f5000 r--p 00006000 08:01 2907366                    /usr/lib/x86_64-linux-gnu/librt-2.31.so
7f83359f5000-7f83359f6000 r--p 00007000 08:01 2907366                    /usr/lib/x86_64-linux-gnu/librt-2.31.so
7f83359f6000-7f83359f7000 rw-p 00008000 08:01 2907366                    /usr/lib/x86_64-linux-gnu/librt-2.31.so
7f83359f7000-7f83359fb000 ---p 00000000 00:00 0 
7f83359fb000-7f8335af8000 rw-p 00000000 00:00 0 
7f8335af8000-7f8335b05000 r--p 00000000 08:01 2907355                    /usr/lib/x86_64-linux-gnu/libm-2.31.so
7f8335b05000-7f8335b9f000 r-xp 0000d000 08:01 2907355                    /usr/lib/x86_64-linux-gnu/libm-2.31.so
7f8335b9f000-7f8335c3a000 r--p 000a7000 08:01 2907355                    /usr/lib/x86_64-linux-gnu/libm-2.31.so
7f8335c3a000-7f8335c3b000 r--p 00141000 08:01 2907355                    /usr/lib/x86_64-linux-gnu/libm-2.31.so
7f8335c3b000-7f8335c3c000 rw-p 00142000 08:01 2907355                    /usr/lib/x86_64-linux-gnu/libm-2.31.so
7f8335c3c000-7f8335eb8000 r--p 00000000 08:01 4325456                    /home/adam/jdk11u/build/linux-x86_64-normal-server-release/images/jdk/lib/server/libjvm.so
7f8335eb8000-7f8336aa9000 r-xp 0027c000 08:01 4325456                    /home/adam/jdk11u/build/linux-x86_64-normal-server-release/images/jdk/lib/server/libjvm.so
7f8336aa9000-7f8336cfe000 r--p 00e6d000 08:01 4325456                    /home/adam/jdk11u/build/linux-x86_64-normal-server-release/images/jdk/lib/server/libjvm.so
7f8336cfe000-7f8336dc1000 r--p 010c1000 08:01 4325456                    /home/adam/jdk11u/build/linux-x86_64-normal-server-release/images/jdk/lib/server/libjvm.so
7f8336dc1000-7f8336dfb000 rw-p 01184000 08:01 4325456                    /home/adam/jdk11u/build/linux-x86_64-normal-server-release/images/jdk/lib/server/libjvm.so
7f8336dfb000-7f8336e54000 rw-p 00000000 00:00 0 
7f8336e54000-7f8336e5a000 r--p 00000000 08:01 2907364                    /usr/lib/x86_64-linux-gnu/libpthread-2.31.so
7f8336e5a000-7f8336e6a000 r-xp 00006000 08:01 2907364                    /usr/lib/x86_64-linux-gnu/libpthread-2.31.so
7f8336e6a000-7f8336e70000 r--p 00016000 08:01 2907364                    /usr/lib/x86_64-linux-gnu/libpthread-2.31.so
7f8336e70000-7f8336e71000 r--p 0001b000 08:01 2907364                    /usr/lib/x86_64-linux-gnu/libpthread-2.31.so
7f8336e71000-7f8336e72000 rw-p 0001c000 08:01 2907364                    /usr/lib/x86_64-linux-gnu/libpthread-2.31.so
7f8336e72000-7f8336e76000 rw-p 00000000 00:00 0 
7f8336e76000-7f8336e77000 r--p 00000000 08:01 2907353                    /usr/lib/x86_64-linux-gnu/libdl-2.31.so
7f8336e77000-7f8336e79000 r-xp 00001000 08:01 2907353                    /usr/lib/x86_64-linux-gnu/libdl-2.31.so
7f8336e79000-7f8336e7a000 r--p 00003000 08:01 2907353                    /usr/lib/x86_64-linux-gnu/libdl-2.31.so
7f8336e7a000-7f8336e7b000 r--p 00003000 08:01 2907353                    /usr/lib/x86_64-linux-gnu/libdl-2.31.so
7f8336e7b000-7f8336e7c000 rw-p 00004000 08:01 2907353                    /usr/lib/x86_64-linux-gnu/libdl-2.31.so
7f8336e7c000-7f8336e7f000 r--p 00000000 08:01 2885790                    /usr/lib/x86_64-linux-gnu/libz.so.1.2.11
7f8336e7f000-7f8336e90000 r-xp 00003000 08:01 2885790                    /usr/lib/x86_64-linux-gnu/libz.so.1.2.11
7f8336e90000-7f8336e96000 r--p 00014000 08:01 2885790                    /usr/lib/x86_64-linux-gnu/libz.so.1.2.11
7f8336e96000-7f8336e97000 ---p 0001a000 08:01 2885790                    /usr/lib/x86_64-linux-gnu/libz.so.1.2.11
7f8336e97000-7f8336e98000 r--p 0001a000 08:01 2885790                    /usr/lib/x86_64-linux-gnu/libz.so.1.2.11
7f8336e98000-7f8336e99000 rw-p 0001b000 08:01 2885790                    /usr/lib/x86_64-linux-gnu/libz.so.1.2.11
7f8336e99000-7f8336ebb000 r--p 00000000 08:01 2907352                    /usr/lib/x86_64-linux-gnu/libc-2.31.so
7f8336ebb000-7f8337015000 r-xp 00022000 08:01 2907352                    /usr/lib/x86_64-linux-gnu/libc-2.31.so
7f8337015000-7f8337064000 r--p 0017c000 08:01 2907352                    /usr/lib/x86_64-linux-gnu/libc-2.31.so
7f8337064000-7f8337068000 r--p 001ca000 08:01 2907352                    /usr/lib/x86_64-linux-gnu/libc-2.31.so
7f8337068000-7f833706a000 rw-p 001ce000 08:01 2907352                    /usr/lib/x86_64-linux-gnu/libc-2.31.so
7f833706a000-7f833706e000 rw-p 00000000 00:00 0 
7f8337071000-7f8337072000 ---p 00000000 00:00 0 
7f8337072000-7f8337073000 r--p 00000000 00:00 0 
7f8337073000-7f8337078000 r--p 00000000 08:01 4325459                    /home/adam/jdk11u/build/linux-x86_64-normal-server-release/images/jdk/lib/libverify.so
7f8337078000-7f833707f000 r-xp 00005000 08:01 4325459                    /home/adam/jdk11u/build/linux-x86_64-normal-server-release/images/jdk/lib/libverify.so
7f833707f000-7f8337081000 r--p 0000c000 08:01 4325459                    /home/adam/jdk11u/build/linux-x86_64-normal-server-release/images/jdk/lib/libverify.so
7f8337081000-7f8337082000 ---p 0000e000 08:01 4325459                    /home/adam/jdk11u/build/linux-x86_64-normal-server-release/images/jdk/lib/libverify.so
7f8337082000-7f8337084000 r--p 0000e000 08:01 4325459                    /home/adam/jdk11u/build/linux-x86_64-normal-server-release/images/jdk/lib/libverify.so
7f8337084000-7f8337085000 rw-p 00010000 08:01 4325459                    /home/adam/jdk11u/build/linux-x86_64-normal-server-release/images/jdk/lib/libverify.so
7f8337085000-7f8337088000 r--p 00000000 08:01 4325467                    /home/adam/jdk11u/build/linux-x86_64-normal-server-release/images/jdk/lib/jli/libjli.so
7f8337088000-7f8337092000 r-xp 00003000 08:01 4325467                    /home/adam/jdk11u/build/linux-x86_64-normal-server-release/images/jdk/lib/jli/libjli.so
7f8337092000-7f8337095000 r--p 0000d000 08:01 4325467                    /home/adam/jdk11u/build/linux-x86_64-normal-server-release/images/jdk/lib/jli/libjli.so
7f8337095000-7f8337096000 ---p 00010000 08:01 4325467                    /home/adam/jdk11u/build/linux-x86_64-normal-server-release/images/jdk/lib/jli/libjli.so
7f8337096000-7f8337097000 r--p 00010000 08:01 4325467                    /home/adam/jdk11u/build/linux-x86_64-normal-server-release/images/jdk/lib/jli/libjli.so
7f8337097000-7f8337098000 rw-p 00011000 08:01 4325467                    /home/adam/jdk11u/build/linux-x86_64-normal-server-release/images/jdk/lib/jli/libjli.so
7f8337098000-7f833709a000 rw-p 00000000 00:00 0 
7f833709a000-7f833709b000 r--p 00000000 08:01 2907322                    /usr/lib/x86_64-linux-gnu/ld-2.31.so
7f833709b000-7f83370bb000 r-xp 00001000 08:01 2907322                    /usr/lib/x86_64-linux-gnu/ld-2.31.so
7f83370bb000-7f83370c3000 r--p 00021000 08:01 2907322                    /usr/lib/x86_64-linux-gnu/ld-2.31.so
7f83370c4000-7f83370c5000 r--p 00029000 08:01 2907322                    /usr/lib/x86_64-linux-gnu/ld-2.31.so
7f83370c5000-7f83370c6000 rw-p 0002a000 08:01 2907322                    /usr/lib/x86_64-linux-gnu/ld-2.31.so
7f83370c6000-7f83370c7000 rw-p 00000000 00:00 0 
7fff42411000-7fff42432000 rw-p 00000000 00:00 0                          [stack]
7fff4247f000-7fff42483000 r--p 00000000 00:00 0                          [vvar]
7fff42483000-7fff42485000 r-xp 00000000 00:00 0                          [vdso]


VM Arguments:
jvm_args: -XX:AllocateHeapAt=/dev/fakeblk -Xlog:gc=debug -XX:+UnlockExperimentalVMOptions -XX:-UseTLAB -XX:+UseEpsilonGC -Xnoclassgc -Xmx8g 
java_command: org.apache.spark.deploy.SparkSubmit --master local[*] --class WordCount /home/adam/Spark_benchmark/spark_run/run.jar
java_class_path (initial): /home/adam/Spark_benchmark/spark_compiled/conf/:/home/adam/Spark_benchmark/spark_compiled/jars/hadoop-shaded-guava-1.1.1.jar:/home/adam/Spark_benchmark/spark_compiled/jars/jersey-client-2.36.jar:/home/adam/Spark_benchmark/spark_compiled/jars/netty-transport-native-epoll-4.1.86.Final-linux-aarch_64.jar:/home/adam/Spark_benchmark/spark_compiled/jars/jsr305-3.0.0.jar:/home/adam/Spark_benchmark/spark_compiled/jars/scala-xml_2.12-2.1.0.jar:/home/adam/Spark_benchmark/spark_compiled/jars/parquet-common-1.12.3.jar:/home/adam/Spark_benchmark/spark_compiled/jars/curator-client-2.13.0.jar:/home/adam/Spark_benchmark/spark_compiled/jars/spire-platform_2.12-0.17.0.jar:/home/adam/Spark_benchmark/spark_compiled/jars/netty-codec-http2-4.1.86.Final.jar:/home/adam/Spark_benchmark/spark_compiled/jars/kubernetes-model-flowcontrol-6.4.0.jar:/home/adam/Spark_benchmark/spark_compiled/jars/snappy-java-1.1.8.4.jar:/home/adam/Spark_benchmark/spark_compiled/jars/compress-lzf-1.1.jar:/home/adam/Spark_benchmark/spark_compiled/jars/stream-2.9.6.jar:/home/adam/Spark_benchmark/spark_compiled/jars/spire-macros_2.12-0.17.0.jar:/home/adam/Spark_benchmark/spark_compiled/jars/spark-yarn_2.12-3.5.0-SNAPSHOT.jar:/home/adam/Spark_benchmark/spark_compiled/jars/spark-tags_2.12-3.5.0-SNAPSHOT.jar:/home/adam/Spark_benchmark/spark_compiled/jars/arrow-format-10.0.1.jar:/home/adam/Spark_benchmark/spark_compiled/jars/zookeeper-jute-3.6.3.jar:/home/adam/Spark_benchmark/spark_compiled/jars/avro-1.11.1.jar:/home/adam/Spark_benchmark/spark_compiled/jars/protobuf-java-2.5.0.jar:/home/adam/Spark_benchmark/spark_compiled/jars/JLargeArrays-1.5.jar:/home/adam/Spark_benchmark/spark_compiled/jars/arrow-memory-netty-10.0.1.jar:/home/adam/Spark_benchmark/spark_compiled/jars/log4j-api-2.19.0.jar:/home/adam/Spark_benchmark/spark_compiled/jars/py4j-0.10.9.7.jar:/home/adam/Spark_benchmark/spark_compiled/jars/commons-crypto-1.1.0.jar:/home/adam/Spark_benchmark/spark_compiled/jars/jakarta.servlet-api-4.0
Launcher Type: SUN_STANDARD

[Global flags]
    ccstr AllocateHeapAt                           = /dev/fakeblk                              {product} {command line}
     intx CICompilerCount                          = 4                                         {product} {ergonomic}
     bool ClassUnloading                           = false                                     {product} {command line}
     bool ClassUnloadingWithConcurrentMark         = false                                     {product} {command line}
   size_t InitialHeapSize                          = 25165824                                  {product} {ergonomic}
   size_t MaxHeapSize                              = 8589934592                                {product} {command line}
   size_t MinHeapDeltaBytes                        = 172032                                    {product} {ergonomic}
    uintx NonNMethodCodeHeapSize                   = 5836300                                {pd product} {ergonomic}
    uintx NonProfiledCodeHeapSize                  = 122910970                              {pd product} {ergonomic}
    uintx ProfiledCodeHeapSize                     = 122910970                              {pd product} {ergonomic}
    uintx ReservedCodeCacheSize                    = 251658240                              {pd product} {ergonomic}
     bool SegmentedCodeCache                       = true                                      {product} {ergonomic}
     bool UnlockExperimentalVMOptions              = true                                 {experimental} {command line}
     bool UseCompressedClassPointers               = true                                 {lp64_product} {ergonomic}
     bool UseCompressedOops                        = true                                 {lp64_product} {ergonomic}
     bool UseEpsilonGC                             = true                                 {experimental} {command line}
     bool UseTLAB                                  = false                                  {pd product} {command line}

Logging:
Log output configuration:
 #0: stdout all=warning,gc=debug uptime,level,tags
 #1: stderr all=off uptime,level,tags

Environment Variables:
PATH=/usr/local/sbin:/usr/local/bin:/usr/sbin:/usr/bin:/sbin:/bin
SHELL=/bin/bash
LANG=fr_FR.UTF-8

Signal Handlers:
SIGSEGV: [libjvm.so+0xde1f10], sa_mask[0]=11111111011111111101111111111110, sa_flags=SA_RESTART|SA_SIGINFO
SIGBUS: [libjvm.so+0xde1f10], sa_mask[0]=11111111011111111101111111111110, sa_flags=SA_RESTART|SA_SIGINFO
SIGFPE: [libjvm.so+0xde1f10], sa_mask[0]=11111111011111111101111111111110, sa_flags=SA_RESTART|SA_SIGINFO
SIGPIPE: [libjvm.so+0xbdcaf0], sa_mask[0]=11111111011111111101111111111110, sa_flags=SA_RESTART|SA_SIGINFO
SIGXFSZ: [libjvm.so+0xbdcaf0], sa_mask[0]=11111111011111111101111111111110, sa_flags=SA_RESTART|SA_SIGINFO
SIGILL: [libjvm.so+0xde1f10], sa_mask[0]=11111111011111111101111111111110, sa_flags=SA_RESTART|SA_SIGINFO
SIGUSR2: [libjvm.so+0xbdc990], sa_mask[0]=00000000000000000000000000000000, sa_flags=SA_RESTART|SA_SIGINFO
SIGHUP: [libjvm.so+0xbdd220], sa_mask[0]=11111111011111111101111111111110, sa_flags=SA_RESTART|SA_SIGINFO
SIGINT: [libjvm.so+0xbdd220], sa_mask[0]=11111111011111111101111111111110, sa_flags=SA_RESTART|SA_SIGINFO
SIGTERM: [libjvm.so+0xbdd220], sa_mask[0]=11111111011111111101111111111110, sa_flags=SA_RESTART|SA_SIGINFO
SIGQUIT: [libjvm.so+0xbdd220], sa_mask[0]=11111111011111111101111111111110, sa_flags=SA_RESTART|SA_SIGINFO


---------------  S Y S T E M  ---------------

OS:PRETTY_NAME="Debian GNU/Linux 11 (bullseye)"
NAME="Debian GNU/Linux"
VERSION_ID="11"
VERSION="11 (bullseye)"
VERSION_CODENAME=bullseye
ID=debian
HOME_URL="https://www.debian.org/"
SUPPORT_URL="https://www.debian.org/support"
BUG_REPORT_URL="https://bugs.debian.org/"
uname:Linux 5.10.0-11-amd64 #1 SMP Debian 5.10.92-2 (2022-02-28) x86_64
OS uptime: 1 days 12:55 hours
libc:glibc 2.31 NPTL 2.31 
rlimit (soft/hard): STACK 8192k/infinity , CORE 0k/infinity , NPROC 128459/128459 , NOFILE 1048576/1048576 , AS infinity/infinity , CPU infinity/infinity , DATA infinity/infinity , FSIZE infinity/infinity , MEMLOCK 4116444k/4116444k
load average:1,74 1,26 1,09

/proc/meminfo:
MemTotal:       32931552 kB
MemFree:         6143004 kB
MemAvailable:   14736704 kB
Buffers:         1519624 kB
Cached:         19713280 kB
SwapCached:            0 kB
Active:         17037604 kB
Inactive:        8785056 kB
Active(anon):   12583640 kB
Inactive(anon):  4590336 kB
Active(file):    4453964 kB
Inactive(file):  4194720 kB
Unevictable:           0 kB
Mlocked:               0 kB
SwapTotal:             0 kB
SwapFree:              0 kB
Dirty:            110828 kB
Writeback:             0 kB
AnonPages:       4590148 kB
Mapped:         13712048 kB
Shmem:          12583840 kB
KReclaimable:     414744 kB
Slab:             479360 kB
SReclaimable:     414744 kB
SUnreclaim:        64616 kB
KernelStack:        4544 kB
PageTables:        40780 kB
NFS_Unstable:          0 kB
Bounce:                0 kB
WritebackTmp:          0 kB
CommitLimit:    16465776 kB
Committed_AS:   17775384 kB
VmallocTotal:   34359738367 kB
VmallocUsed:      246408 kB
VmallocChunk:          0 kB
Percpu:             6208 kB
HardwareCorrupted:     0 kB
AnonHugePages:   3053568 kB
ShmemHugePages:        0 kB
ShmemPmdMapped:        0 kB
FileHugePages:         0 kB
FilePmdMapped:         0 kB
HugePages_Total:       0
HugePages_Free:        0
HugePages_Rsvd:        0
HugePages_Surp:        0
Hugepagesize:       2048 kB
Hugetlb:               0 kB
DirectMap4k:      313192 kB
DirectMap2M:    15415296 kB
DirectMap1G:    19922944 kB

/sys/kernel/mm/transparent_hugepage/enabled:
[always] madvise never
/sys/kernel/mm/transparent_hugepage/defrag (defrag/compaction efforts parameter):
always defer defer+madvise [madvise] never

Process Memory:
Virtual Size: 14137972K (peak: 14137972K)
Resident Set Size: 1267440K (peak: 1544948K) (anon: 231340K, file: 1036100K, shmem: 0K)
Swapped out: 0K
C-Heap outstanding allocations: 91670K, retained: 42529K
glibc malloc tunables: (default)

/proc/sys/kernel/threads-max (system-wide limit on the number of threads):
256918
/proc/sys/vm/max_map_count (maximum number of memory map areas a process may have):
65530
/proc/sys/kernel/pid_max (system-wide limit on number of process identifiers):
4194304

container (cgroup) information:
container_type: cgroupv2
cpu_cpuset_cpus: not supported
cpu_memory_nodes: not supported
active_processor_count: 8
cpu_quota: not supported
cpu_period: not supported
cpu_shares: not supported
memory_limit_in_bytes: 1610612736
memory_and_swap_limit_in_bytes: unlimited
memory_soft_limit_in_bytes: unlimited
memory_usage_in_bytes: 1610452992
memory_max_usage_in_bytes: not supported

KVM virtualization detected
Steal ticks since vm start: 476
Steal ticks percentage since vm start:  0,000

CPU:total 8 (initial active 8) (4 cores per cpu, 1 threads per core) family 6 model 85 stepping 7 microcode 0x5003102, cmov, cx8, fxsr, mmx, sse, sse2, sse3, ssse3, sse4.1, sse4.2, popcnt, avx, avx2, aes, clmul, erms, 3dnowpref, lzcnt, tsc, bmi1, bmi2, adx, evex, fma
CPU Model and flags from /proc/cpuinfo:
model name	: Intel(R) Xeon(R) Silver 4208 CPU @ 2.10GHz
flags		: fpu vme de pse tsc msr pae mce cx8 apic sep mtrr pge mca cmov pat pse36 clflush mmx fxsr sse sse2 ss ht syscall nx pdpe1gb rdtscp lm constant_tsc arch_perfmon rep_good nopl xtopology cpuid tsc_known_freq pni pclmulqdq vmx ssse3 fma cx16 pdcm pcid sse4_1 sse4_2 x2apic movbe popcnt tsc_deadline_timer aes xsave avx f16c rdrand hypervisor lahf_lm abm 3dnowprefetch cpuid_fault invpcid_single ssbd ibrs ibpb stibp ibrs_enhanced tpr_shadow vnmi flexpriority ept vpid ept_ad fsgsbase tsc_adjust bmi1 avx2 smep bmi2 erms invpcid mpx avx512f avx512dq rdseed adx smap clflushopt clwb avx512cd avx512bw avx512vl xsaveopt xsavec xgetbv1 xsaves arat umip pku ospke avx512_vnni md_clear arch_capabilities
Online cpus:
0-7
Offline cpus:

BIOS frequency limitation:
<Not Available>
Frequency switch latency (ns):
<Not Available>
Available cpu frequencies:
<Not Available>
Current governor:
<Not Available>
Core performance/turbo boost:
<Not Available>

Memory: 4k page, physical 1572864k(32k free), swap 0k(0k free)

vm_info: OpenJDK 64-Bit Server VM (11.0.16-internal+0-adhoc.adam.jdk11u) for linux-amd64 JRE (11.0.16-internal+0-adhoc.adam.jdk11u), built on May 12 2023 16:03:31 by "adam" with gcc 10.2.1 20210110

END.
