#
# A fatal error has been detected by the Java Runtime Environment:
#
#  SIGSEGV (0xb) at pc=0x00007f4fd482d3de, pid=7397, tid=7398
#
# JRE version: OpenJDK Runtime Environment (11.0.16) (build 11.0.16-internal+0-adhoc.adam.jdk11u)
# Java VM: OpenJDK 64-Bit Server VM (11.0.16-internal+0-adhoc.adam.jdk11u, mixed mode, tiered, compressed oops, epsilon gc, linux-amd64)
# Problematic frame:
# j  java.util.IdentityHashMap$KeySet.remove(Ljava/lang/Object;)Z+4 java.base@11.0.16-internal
#
# No core dump will be written. Core dumps have been disabled. To enable core dumping, try "ulimit -c unlimited" before starting Java again
#
# If you would like to submit a bug report, please visit:
#   https://bugreport.java.com/bugreport/crash.jsp
#

---------------  S U M M A R Y ------------

Command Line: -XX:AllocateHeapAt=/dev/fakeblk -Xlog:gc=debug -XX:+UnlockExperimentalVMOptions -XX:-UseTLAB -XX:+UseEpsilonGC -Xnoclassgc -XX:-ClassUnloading -XX:MetaspaceSize=1G -Xms8g -Xmx8g ../dacapo-9.12-MR1-bach.jar avrora

Host: Intel(R) Xeon(R) Silver 4208 CPU @ 2.10GHz, 8 cores, 1G, Debian GNU/Linux 11 (bullseye)
Time: Mon Jul 10 16:04:16 2023 CEST elapsed time: 13.141233 seconds (0d 0h 0m 13s)

---------------  T H R E A D  ---------------

Current thread (0x00007f4fec028000):  JavaThread "main" [_thread_in_Java, id=7398, stack(0x00007f4ff1e7f000,0x00007f4ff1f80000)]

Stack: [0x00007f4ff1e7f000,0x00007f4ff1f80000],  sp=0x00007f4ff1f7e720,  free space=1021k
Native frames: (J=compiled Java code, A=aot compiled Java code, j=interpreted, Vv=VM code, C=native code)
j  java.util.IdentityHashMap$KeySet.remove(Ljava/lang/Object;)Z+4 java.base@11.0.16-internal
j  java.lang.Throwable.printStackTrace(Ljava/lang/Throwable$PrintStreamOrWriter;)V+20 java.base@11.0.16-internal
j  java.lang.Throwable.printStackTrace(Ljava/io/PrintStream;)V+9 java.base@11.0.16-internal
j  java.lang.ThreadGroup.uncaughtException(Ljava/lang/Thread;Ljava/lang/Throwable;)V+82 java.base@11.0.16-internal
j  java.lang.ThreadGroup.uncaughtException(Ljava/lang/Thread;Ljava/lang/Throwable;)V+13 java.base@11.0.16-internal
j  java.lang.Thread.dispatchUncaughtException(Ljava/lang/Throwable;)V+6 java.base@11.0.16-internal
v  ~StubRoutines::call_stub
V  [libjvm.so+0x87a543]  JavaCalls::call_helper(JavaValue*, methodHandle const&, JavaCallArguments*, Thread*)+0x353
V  [libjvm.so+0x878c2e]  JavaCalls::call_virtual(JavaValue*, Handle, Klass*, Symbol*, Symbol*, Handle, Thread*)+0x1be
V  [libjvm.so+0xd783d9]  JavaThread::exit(bool, JavaThread::ExitType)+0x179
V  [libjvm.so+0x8e8000]  jni_DetachCurrentThread+0x70
C  [libjli.so+0x55ee]  JavaMain+0xd0e
C  [libjli.so+0x9619]  ThreadJavaMain+0x9


siginfo: si_signo: 11 (SIGSEGV), si_code: 1 (SEGV_MAPERR), si_addr: 0x000000000003fa78

Register to memory mapping:

RAX=0x0000000044000004 is an unknown value
RBX=0x0000000000000014 is an unknown value
RCX=0x000000000003fa78 is an unknown value
RDX=0x000000000000000c is an unknown value
RSP=0x00007f4ff1f7e720 is pointing into the stack for thread: 0x00007f4fec028000
RBP=0x00007f4ff1f7e768 is pointing into the stack for thread: 0x00007f4fec028000
RSI=0x00007f4fec026ed0 points into unknown readable memory: 0x0000003c00000003 | 03 00 00 00 3c 00 00 00
RDI=0x00007f4ff175eaf8 is pointing into metadata
R8 =0x00007f4fec191c50 points into unknown readable memory: 0x00007f4ff14569a0 | a0 69 45 f1 4f 7f 00 00
R9 =0x0000000000000004 is an unknown value
R10=0x0 is NULL
R11=0x0 is NULL
R12=0x0 is NULL
R13=0x00007f4ff176337c is pointing into metadata
R14=0x00007f4ff1f7e788 is pointing into the stack for thread: 0x00007f4fec028000
R15=0x00007f4fec028000 is a thread


Registers:
RAX=0x0000000044000004, RBX=0x0000000000000014, RCX=0x000000000003fa78, RDX=0x000000000000000c
RSP=0x00007f4ff1f7e720, RBP=0x00007f4ff1f7e768, RSI=0x00007f4fec026ed0, RDI=0x00007f4ff175eaf8
R8 =0x00007f4fec191c50, R9 =0x0000000000000004, R10=0x0000000000000000, R11=0x0000000000000000
R12=0x0000000000000000, R13=0x00007f4ff176337c, R14=0x00007f4ff1f7e788, R15=0x00007f4fec028000
RIP=0x00007f4fd482d3de, EFLAGS=0x0000000000010206, CSGSFS=0x002b000000000033, ERR=0x0000000000000004
  TRAPNO=0x000000000000000e

Top of Stack: (sp=0x00007f4ff1f7e720)
0x00007f4ff1f7e720:   00007f4ff1f7e720 00007f4ff176337c
0x00007f4ff1f7e730:   00007f4ff1f7e788 00007f4ff1763a10
0x00007f4ff1f7e740:   0000000000000000 0000000624712920
0x00007f4ff1f7e750:   00007f4ff17633c8 0000000000000000 

Instructions: (pc=0x00007f4fd482d3de)
0x00007f4fd482d2de:   1d 00 00 00 48 83 ec 10 48 89 04 24 49 ba 00 00
0x00007f4fd482d2ee:   00 00 00 00 00 00 4c 89 54 24 08 e9 01 00 00 00
0x00007f4fd482d2fe:   50 41 0f b7 55 01 48 8b 4d d0 c1 e2 02 8b 5c d1
0x00007f4fd482d30e:   28 c1 eb 10 81 e3 ff 00 00 00 81 fb b4 00 00 00
0x00007f4fd482d31e:   0f 84 b0 00 00 00 bb b4 00 00 00 e8 05 00 00 00
0x00007f4fd482d32e:   e9 95 00 00 00 48 8b f3 48 8d 44 24 08 4c 89 6d
0x00007f4fd482d33e:   c0 49 8b ff c5 f8 77 49 89 af 38 03 00 00 49 89
0x00007f4fd482d34e:   87 28 03 00 00 f7 c4 0f 00 00 00 0f 84 12 00 00
0x00007f4fd482d35e:   00 48 83 ec 08 e8 98 ae 10 1e 48 83 c4 08 e9 05
0x00007f4fd482d36e:   00 00 00 e8 8a ae 10 1e 49 ba 00 00 00 00 00 00
0x00007f4fd482d37e:   00 00 4d 89 97 28 03 00 00 49 ba 00 00 00 00 00
0x00007f4fd482d38e:   00 00 00 4d 89 97 38 03 00 00 49 ba 00 00 00 00
0x00007f4fd482d39e:   00 00 00 00 4d 89 97 30 03 00 00 c5 f8 77 49 81
0x00007f4fd482d3ae:   7f 08 00 00 00 00 0f 84 05 00 00 00 e9 41 58 fe
0x00007f4fd482d3be:   ff 4c 8b 6d c0 4c 8b 75 c8 c3 41 0f b7 55 01 48
0x00007f4fd482d3ce:   8b 4d d0 c1 e2 02 48 8b 5c d1 38 8b 44 d1 40 59
0x00007f4fd482d3de:   48 3b 01 c1 e8 1c 83 e0 0f 0f 85 13 00 00 00 0f
0x00007f4fd482d3ee:   be 04 19 50 b9 cc 00 00 00 41 88 4d 00 e9 fc 00
0x00007f4fd482d3fe:   00 00 83 f8 01 0f 85 13 00 00 00 0f b6 04 19 50
0x00007f4fd482d40e:   b9 cc 00 00 00 41 88 4d 00 e9 e0 00 00 00 83 f8
0x00007f4fd482d41e:   08 0f 85 16 00 00 00 8b 04 19 48 c1 e0 03 50 b9
0x00007f4fd482d42e:   cb 00 00 00 41 88 4d 00 e9 c1 00 00 00 83 f8 04
0x00007f4fd482d43e:   0f 85 12 00 00 00 8b 04 19 50 b9 d0 00 00 00 41
0x00007f4fd482d44e:   88 4d 00 e9 a6 00 00 00 83 f8 02 0f 85 13 00 00
0x00007f4fd482d45e:   00 0f b7 04 19 50 b9 cd 00 00 00 41 88 4d 00 e9
0x00007f4fd482d46e:   8a 00 00 00 83 f8 03 0f 85 13 00 00 00 0f bf 04
0x00007f4fd482d47e:   19 50 b9 d2 00 00 00 41 88 4d 00 e9 6e 00 00 00
0x00007f4fd482d48e:   83 f8 05 0f 85 29 00 00 00 48 8b 04 19 48 83 ec
0x00007f4fd482d49e:   10 48 89 04 24 49 ba 00 00 00 00 00 00 00 00 4c
0x00007f4fd482d4ae:   89 54 24 08 b9 d1 00 00 00 41 88 4d 00 e9 3c 00
0x00007f4fd482d4be:   00 00 83 f8 06 0f 85 1c 00 00 00 c5 fa 10 04 19
0x00007f4fd482d4ce:   48 83 ec 08 c5 fa 11 04 24 b9 cf 00 00 00 41 88 


Stack slot to memory mapping:
stack at sp + 0 slots: 0x00007f4ff1f7e720 is pointing into the stack for thread: 0x00007f4fec028000
stack at sp + 1 slots: 0x00007f4ff176337c is pointing into metadata
stack at sp + 2 slots: 0x00007f4ff1f7e788 is pointing into the stack for thread: 0x00007f4fec028000
stack at sp + 3 slots: 0x00007f4ff1763a10 is pointing into metadata
stack at sp + 4 slots: 0x0 is NULL
stack at sp + 5 slots: 0x0000000624712920 is an unallocated location in the heap
stack at sp + 6 slots: {method} {0x00007f4ff17633c8} 'remove' '(Ljava/lang/Object;)Z' in 'java/util/IdentityHashMap$KeySet'
stack at sp + 7 slots: 0x0 is NULL

getfield  180 getfield  [0x00007f4fd482d2c0, 0x00007f4fd482d520]  608 bytes

---------------  P R O C E S S  ---------------

Threads class SMR info:
_java_thread_list=0x00007f4fec1ea800, length=9, elements={
0x00007f4fec028000, 0x00007f4fec108800, 0x00007f4fec10d000, 0x00007f4fec124000,
0x00007f4fec126000, 0x00007f4fec128000, 0x00007f4fec12a800, 0x00007f4fec12c800,
0x00007f4fec1e9000
}

Java Threads: ( => current thread )
=>0x00007f4fec028000 JavaThread "main" [_thread_in_Java, id=7398, stack(0x00007f4ff1e7f000,0x00007f4ff1f80000)]
  0x00007f4fec108800 JavaThread "Reference Handler" daemon [_thread_blocked, id=7401, stack(0x00007f4ff113b000,0x00007f4ff123c000)]
  0x00007f4fec10d000 JavaThread "Finalizer" daemon [_thread_blocked, id=7402, stack(0x00007f4ff103a000,0x00007f4ff113b000)]
  0x00007f4fec124000 JavaThread "Signal Dispatcher" daemon [_thread_blocked, id=7403, stack(0x00007f4ff0c52000,0x00007f4ff0d53000)]
  0x00007f4fec126000 JavaThread "Service Thread" daemon [_thread_blocked, id=7404, stack(0x00007f4ff0b51000,0x00007f4ff0c52000)]
  0x00007f4fec128000 JavaThread "C2 CompilerThread0" daemon [_thread_blocked, id=7405, stack(0x00007f4ff0a50000,0x00007f4ff0b51000)]
  0x00007f4fec12a800 JavaThread "C1 CompilerThread0" daemon [_thread_blocked, id=7406, stack(0x00007f4ff094f000,0x00007f4ff0a50000)]
  0x00007f4fec12c800 JavaThread "Sweeper thread" daemon [_thread_blocked, id=7407, stack(0x00007f4ff084e000,0x00007f4ff094f000)]
  0x00007f4fec1e9000 JavaThread "Common-Cleaner" daemon [_thread_blocked, id=7409, stack(0x00007f4ff064b000,0x00007f4ff074c000)]

Other Threads:
  0x00007f4fec0ff000 VMThread "VM Thread" [stack: 0x00007f4ff123e000,0x00007f4ff133e000] [id=7400]
  0x00007f4fec1e1800 WatcherThread [stack: 0x00007f4ff074e000,0x00007f4ff084e000] [id=7408]

Threads with active compile tasks:

VM state:not at safepoint (normal execution)

VM Mutex/Monitor currently owned by a thread: None

Heap address: 0x0000000600000000, size: 8192 MB, Compressed Oops mode: Zero based, Oop shift amount: 3
Narrow klass base: 0x0000000800000000, Narrow klass shift: 0
Compressed class space size: 1073741824 Address: 0x0000000800000000

Heap:
Epsilon Heap
Allocation space:
 Metaspace       used 6294K, capacity 6458K, committed 6784K, reserved 1056768K
  class space    used 517K, capacity 539K, committed 640K, reserved 1048576K


Polling page: 0x00007f4ff34fa000

Metaspace:

Usage:
  Non-class:      5,78 MB capacity,     5,64 MB ( 98%) used,   139,48 KB (  2%) free+waste,     2,44 KB ( <1%) overhead. 
      Class:    539,00 KB capacity,   517,85 KB ( 96%) used,    19,96 KB (  4%) free+waste,     1,19 KB ( <1%) overhead. 
       Both:      6,31 MB capacity,     6,15 MB ( 97%) used,   159,45 KB (  2%) free+waste,     3,62 KB ( <1%) overhead. 

Virtual space:
  Non-class space:        8,00 MB reserved,       6,00 MB ( 75%) committed 
      Class space:        1,00 GB reserved,     640,00 KB ( <1%) committed 
             Both:        1,01 GB reserved,       6,62 MB ( <1%) committed 

Chunk freelists:
   Non-Class:  57,00 KB
       Class:  5,00 KB
        Both:  62,00 KB

MaxMetaspaceSize: unlimited
CompressedClassSpaceSize: 1,00 GB
Initial GC threshold: 1,00 GB
Current GC threshold: 1,00 GB
CDS: off

CodeHeap 'non-profiled nmethods': size=120032Kb used=73Kb max_used=73Kb free=119958Kb
 bounds [0x00007f4fdc2da000, 0x00007f4fdc54a000, 0x00007f4fe3812000]
CodeHeap 'profiled nmethods': size=120028Kb used=602Kb max_used=602Kb free=119425Kb
 bounds [0x00007f4fd4da3000, 0x00007f4fd5013000, 0x00007f4fdc2da000]
CodeHeap 'non-nmethods': size=5700Kb used=1098Kb max_used=1109Kb free=4601Kb
 bounds [0x00007f4fd4812000, 0x00007f4fd4a82000, 0x00007f4fd4da3000]
 total_blobs=708 nmethods=374 adapters=250
 compilation: enabled
              stopped_count=0, restarted_count=0
 full_count=0

Compilation events (20 events):
Event: 12,293 Thread 0x00007f4fec12a800  365       3       java.lang.Class::getName (18 bytes)
Event: 12,293 Thread 0x00007f4fec12a800 nmethod 365 0x00007f4fd4e37b90 code [0x00007f4fd4e37d40, 0x00007f4fd4e37ec0]
Event: 12,396 Thread 0x00007f4fec128000  366       4       java.lang.StringLatin1::lastIndexOf (40 bytes)
Event: 12,400 Thread 0x00007f4fec128000 nmethod 366 0x00007f4fdc2eb590 code [0x00007f4fdc2eb720, 0x00007f4fdc2eb878]
Event: 12,556 Thread 0x00007f4fec12a800  367       3       java.util.zip.ZipFile$Source::getEntryHash (7 bytes)
Event: 12,556 Thread 0x00007f4fec12a800 nmethod 367 0x00007f4fd4e37f90 code [0x00007f4fd4e38140, 0x00007f4fd4e38270]
Event: 12,677 Thread 0x00007f4fec12a800  368       3       java.io.InputStream::<init> (5 bytes)
Event: 12,678 Thread 0x00007f4fec12a800 nmethod 368 0x00007f4fd4e38390 code [0x00007f4fd4e38540, 0x00007f4fd4e38690]
Event: 12,717 Thread 0x00007f4fec12a800  369       1       java.security.CodeSource::getLocationNoFragString (5 bytes)
Event: 12,717 Thread 0x00007f4fec12a800 nmethod 369 0x00007f4fdc2eb990 code [0x00007f4fdc2ebb40, 0x00007f4fdc2ebbf0]
Event: 12,738 Thread 0x00007f4fec12a800  370       3       java.lang.String::regionMatches (150 bytes)
Event: 12,739 Thread 0x00007f4fec12a800 nmethod 370 0x00007f4fd4e38790 code [0x00007f4fd4e38a00, 0x00007f4fd4e393a0]
Event: 12,763 Thread 0x00007f4fec12a800  371       1       java.net.URL::getPort (5 bytes)
Event: 12,763 Thread 0x00007f4fec12a800 nmethod 371 0x00007f4fdc2ebc90 code [0x00007f4fdc2ebe40, 0x00007f4fdc2ebef0]
Event: 12,854 Thread 0x00007f4fec12a800  372       3       java.util.WeakHashMap::indexFor (6 bytes)
Event: 12,854 Thread 0x00007f4fec12a800 nmethod 372 0x00007f4fd4e39710 code [0x00007f4fd4e398c0, 0x00007f4fd4e39990]
Event: 13,097 Thread 0x00007f4fec128000  373       4       java.util.concurrent.ConcurrentHashMap::tabAt (22 bytes)
Event: 13,098 Thread 0x00007f4fec128000 nmethod 373 0x00007f4fdc2ebf90 code [0x00007f4fdc2ec120, 0x00007f4fdc2ec178]
Event: 13,136 Thread 0x00007f4fec128000  374       4       java.io.OutputStream::flush (1 bytes)
Event: 13,136 Thread 0x00007f4fec128000 nmethod 374 0x00007f4fdc2ec290 code [0x00007f4fdc2ec420, 0x00007f4fdc2ec478]

GC Heap History (0 events):
No events

Deoptimization events (4 events):
Event: 2,090 Thread 0x00007f4fec028000 Uncommon trap: trap_request=0xffffff4d fr.pc=0x00007f4fdc2dd624 relative=0x0000000000000184
Event: 2,090 Thread 0x00007f4fec028000 Uncommon trap: reason=unstable_if action=reinterpret pc=0x00007f4fdc2dd624 method=java.lang.String.hashCode()I @ 14 c2
Event: 2,090 Thread 0x00007f4fec028000 DEOPT PACKING pc=0x00007f4fdc2dd624 sp=0x00007f4ff1f7d260
Event: 2,090 Thread 0x00007f4fec028000 DEOPT UNPACKING pc=0x00007f4fd481a2a5 sp=0x00007f4ff1f7d218 mode 2

Classes redefined (0 events):
No events

Internal exceptions (2 events):
Event: 13,134 Thread 0x00007f4fec028000 Exception <a 'java/lang/NoClassDefFoundError'{0x00000006781b0798}: java/lang/Thread> (0x00000006781b0798) thrown at [src/hotspot/share/classfile/systemDictionary.cpp, line 227]
Event: 13,134 Thread 0x00007f4fec028000 Exception <a 'java/lang/reflect/InvocationTargetException'{0x00000006781b07c8}> (0x00000006781b07c8) thrown at [src/hotspot/share/runtime/reflection.cpp, line 1245]

Events (20 events):
Event: 12,797 loading class java/lang/IncompatibleClassChangeError done
Event: 12,798 loading class java/lang/NoSuchFieldError done
Event: 12,820 loading class org/dacapo/harness/Callback$Mode
Event: 12,820 loading class org/dacapo/harness/Callback$Mode done
Event: 12,894 loading class org/dacapo/parser/Config$1
Event: 12,894 loading class org/dacapo/parser/Config$1 done
Event: 12,987 Executing VM operation: Dummy
Event: 13,082 Executing VM operation: Dummy done
Event: 13,106 loading class sun/nio/cs/ThreadLocalCoders
Event: 13,122 loading class sun/nio/cs/ThreadLocalCoders done
Event: 13,122 loading class sun/nio/cs/ThreadLocalCoders$1
Event: 13,127 loading class sun/nio/cs/ThreadLocalCoders$Cache
Event: 13,128 loading class sun/nio/cs/ThreadLocalCoders$Cache done
Event: 13,129 loading class sun/nio/cs/ThreadLocalCoders$1 done
Event: 13,129 loading class sun/nio/cs/ThreadLocalCoders$2
Event: 13,129 loading class sun/nio/cs/ThreadLocalCoders$2 done
Event: 13,136 loading class java/lang/Throwable$WrappedPrintStream
Event: 13,136 loading class java/lang/Throwable$PrintStreamOrWriter
Event: 13,136 loading class java/lang/Throwable$PrintStreamOrWriter done
Event: 13,137 loading class java/lang/Throwable$WrappedPrintStream done


Dynamic libraries:
600000000-800000000 rw-s 00000000 00:05 413                              /dev/fakeblk
800000000-8000a0000 rw-p 00000000 00:00 0 
8000a0000-840000000 ---p 00000000 00:00 0 
559e5109b000-559e5109c000 r--p 00000000 08:01 4209380                    /home/adam/jdk11u/build/linux-x86_64-normal-server-release/images/jdk/bin/java
559e5109c000-559e5109d000 r-xp 00001000 08:01 4209380                    /home/adam/jdk11u/build/linux-x86_64-normal-server-release/images/jdk/bin/java
559e5109d000-559e5109e000 r--p 00002000 08:01 4209380                    /home/adam/jdk11u/build/linux-x86_64-normal-server-release/images/jdk/bin/java
559e5109e000-559e5109f000 r--p 00002000 08:01 4209380                    /home/adam/jdk11u/build/linux-x86_64-normal-server-release/images/jdk/bin/java
559e5109f000-559e510a0000 rw-p 00003000 08:01 4209380                    /home/adam/jdk11u/build/linux-x86_64-normal-server-release/images/jdk/bin/java
559e52585000-559e525a6000 rw-p 00000000 00:00 0                          [heap]
7f4fa8000000-7f4fa8021000 rw-p 00000000 00:00 0 
7f4fa8021000-7f4fac000000 ---p 00000000 00:00 0 
7f4fb0000000-7f4fb0021000 rw-p 00000000 00:00 0 
7f4fb0021000-7f4fb4000000 ---p 00000000 00:00 0 
7f4fb4000000-7f4fb4021000 rw-p 00000000 00:00 0 
7f4fb4021000-7f4fb8000000 ---p 00000000 00:00 0 
7f4fb8000000-7f4fb8134000 rw-p 00000000 00:00 0 
7f4fb8134000-7f4fbc000000 ---p 00000000 00:00 0 
7f4fbc000000-7f4fbc1fa000 rw-p 00000000 00:00 0 
7f4fbc1fa000-7f4fc0000000 ---p 00000000 00:00 0 
7f4fc0000000-7f4fc0021000 rw-p 00000000 00:00 0 
7f4fc0021000-7f4fc4000000 ---p 00000000 00:00 0 
7f4fc4000000-7f4fc4021000 rw-p 00000000 00:00 0 
7f4fc4021000-7f4fc8000000 ---p 00000000 00:00 0 
7f4fc8000000-7f4fc8021000 rw-p 00000000 00:00 0 
7f4fc8021000-7f4fcc000000 ---p 00000000 00:00 0 
7f4fcc000000-7f4fcc021000 rw-p 00000000 00:00 0 
7f4fcc021000-7f4fd0000000 ---p 00000000 00:00 0 
7f4fd0000000-7f4fd004b000 rw-p 00000000 00:00 0 
7f4fd004b000-7f4fd4000000 ---p 00000000 00:00 0 
7f4fd4812000-7f4fd4a82000 rwxp 00000000 00:00 0 
7f4fd4a82000-7f4fd4da3000 ---p 00000000 00:00 0 
7f4fd4da3000-7f4fd5013000 rwxp 00000000 00:00 0 
7f4fd5013000-7f4fdc2da000 ---p 00000000 00:00 0 
7f4fdc2da000-7f4fdc54a000 rwxp 00000000 00:00 0 
7f4fdc54a000-7f4fe3812000 ---p 00000000 00:00 0 
7f4fe3812000-7f4fec000000 r--s 00000000 08:01 4209158                    /home/adam/jdk11u/build/linux-x86_64-normal-server-release/images/jdk/lib/modules
7f4fec000000-7f4fec42a000 rw-p 00000000 00:00 0 
7f4fec42a000-7f4ff0000000 ---p 00000000 00:00 0 
7f4ff024e000-7f4ff0273000 r--p 00000000 08:01 2889551                    /usr/share/locale/fr/LC_MESSAGES/libc.mo
7f4ff0273000-7f4ff0618000 rw-p 00000000 00:00 0 
7f4ff0618000-7f4ff061f000 r--s 00000000 08:01 2926395                    /usr/lib/x86_64-linux-gnu/gconv/gconv-modules.cache
7f4ff061f000-7f4ff0623000 r--p 00000000 08:01 4209404                    /home/adam/jdk11u/build/linux-x86_64-normal-server-release/images/jdk/lib/libnet.so
7f4ff0623000-7f4ff0632000 r-xp 00004000 08:01 4209404                    /home/adam/jdk11u/build/linux-x86_64-normal-server-release/images/jdk/lib/libnet.so
7f4ff0632000-7f4ff0636000 r--p 00013000 08:01 4209404                    /home/adam/jdk11u/build/linux-x86_64-normal-server-release/images/jdk/lib/libnet.so
7f4ff0636000-7f4ff0637000 r--p 00016000 08:01 4209404                    /home/adam/jdk11u/build/linux-x86_64-normal-server-release/images/jdk/lib/libnet.so
7f4ff0637000-7f4ff0638000 rw-p 00017000 08:01 4209404                    /home/adam/jdk11u/build/linux-x86_64-normal-server-release/images/jdk/lib/libnet.so
7f4ff0638000-7f4ff063f000 r--p 00000000 08:01 4209393                    /home/adam/jdk11u/build/linux-x86_64-normal-server-release/images/jdk/lib/libnio.so
7f4ff063f000-7f4ff0646000 r-xp 00007000 08:01 4209393                    /home/adam/jdk11u/build/linux-x86_64-normal-server-release/images/jdk/lib/libnio.so
7f4ff0646000-7f4ff0649000 r--p 0000e000 08:01 4209393                    /home/adam/jdk11u/build/linux-x86_64-normal-server-release/images/jdk/lib/libnio.so
7f4ff0649000-7f4ff064a000 r--p 00010000 08:01 4209393                    /home/adam/jdk11u/build/linux-x86_64-normal-server-release/images/jdk/lib/libnio.so
7f4ff064a000-7f4ff064b000 rw-p 00011000 08:01 4209393                    /home/adam/jdk11u/build/linux-x86_64-normal-server-release/images/jdk/lib/libnio.so
7f4ff064b000-7f4ff064f000 ---p 00000000 00:00 0 
7f4ff064f000-7f4ff074c000 rw-p 00000000 00:00 0 
7f4ff074c000-7f4ff074d000 ---p 00000000 00:00 0 
7f4ff074d000-7f4ff084e000 rw-p 00000000 00:00 0 
7f4ff084e000-7f4ff0852000 ---p 00000000 00:00 0 
7f4ff0852000-7f4ff094f000 rw-p 00000000 00:00 0 
7f4ff094f000-7f4ff0953000 ---p 00000000 00:00 0 
7f4ff0953000-7f4ff0a50000 rw-p 00000000 00:00 0 
7f4ff0a50000-7f4ff0a54000 ---p 00000000 00:00 0 
7f4ff0a54000-7f4ff0b51000 rw-p 00000000 00:00 0 
7f4ff0b51000-7f4ff0b55000 ---p 00000000 00:00 0 
7f4ff0b55000-7f4ff0c52000 rw-p 00000000 00:00 0 
7f4ff0c52000-7f4ff0c56000 ---p 00000000 00:00 0 
7f4ff0c56000-7f4ff0d53000 rw-p 00000000 00:00 0 
7f4ff0d53000-7f4ff103a000 r--p 00000000 08:01 2884038                    /usr/lib/locale/locale-archive
7f4ff103a000-7f4ff103e000 ---p 00000000 00:00 0 
7f4ff103e000-7f4ff113b000 rw-p 00000000 00:00 0 
7f4ff113b000-7f4ff113f000 ---p 00000000 00:00 0 
7f4ff113f000-7f4ff123c000 rw-p 00000000 00:00 0 
7f4ff123c000-7f4ff123d000 ---p 00000000 00:00 0 
7f4ff123d000-7f4ff1a1a000 rw-p 00000000 00:00 0 
7f4ff1a1a000-7f4ff1c1a000 ---p 00000000 00:00 0 
7f4ff1c1a000-7f4ff1c1f000 rw-p 00000000 00:00 0 
7f4ff1c1f000-7f4ff1d05000 ---p 00000000 00:00 0 
7f4ff1d05000-7f4ff1d0a000 rw-p 00000000 00:00 0 
7f4ff1d0a000-7f4ff1df0000 ---p 00000000 00:00 0 
7f4ff1df0000-7f4ff1df5000 rw-p 00000000 00:00 0 
7f4ff1df5000-7f4ff1dfc000 ---p 00000000 00:00 0 
7f4ff1dfc000-7f4ff1dff000 r--p 00000000 08:01 2907361                    /usr/lib/x86_64-linux-gnu/libnss_files-2.31.so
7f4ff1dff000-7f4ff1e06000 r-xp 00003000 08:01 2907361                    /usr/lib/x86_64-linux-gnu/libnss_files-2.31.so
7f4ff1e06000-7f4ff1e08000 r--p 0000a000 08:01 2907361                    /usr/lib/x86_64-linux-gnu/libnss_files-2.31.so
7f4ff1e08000-7f4ff1e09000 r--p 0000b000 08:01 2907361                    /usr/lib/x86_64-linux-gnu/libnss_files-2.31.so
7f4ff1e09000-7f4ff1e0a000 rw-p 0000c000 08:01 2907361                    /usr/lib/x86_64-linux-gnu/libnss_files-2.31.so
7f4ff1e0a000-7f4ff1e10000 rw-p 00000000 00:00 0 
7f4ff1e15000-7f4ff1e17000 r--p 00000000 08:01 4209386                    /home/adam/jdk11u/build/linux-x86_64-normal-server-release/images/jdk/lib/libzip.so
7f4ff1e17000-7f4ff1e1b000 r-xp 00002000 08:01 4209386                    /home/adam/jdk11u/build/linux-x86_64-normal-server-release/images/jdk/lib/libzip.so
7f4ff1e1b000-7f4ff1e1d000 r--p 00006000 08:01 4209386                    /home/adam/jdk11u/build/linux-x86_64-normal-server-release/images/jdk/lib/libzip.so
7f4ff1e1d000-7f4ff1e1e000 r--p 00007000 08:01 4209386                    /home/adam/jdk11u/build/linux-x86_64-normal-server-release/images/jdk/lib/libzip.so
7f4ff1e1e000-7f4ff1e1f000 rw-p 00008000 08:01 4209386                    /home/adam/jdk11u/build/linux-x86_64-normal-server-release/images/jdk/lib/libzip.so
7f4ff1e1f000-7f4ff1e27000 rw-s 00000000 08:01 262430                     /tmp/hsperfdata_root/7397
7f4ff1e27000-7f4ff1e2b000 r--p 00000000 08:01 4209381                    /home/adam/jdk11u/build/linux-x86_64-normal-server-release/images/jdk/lib/libjimage.so
7f4ff1e2b000-7f4ff1e3e000 r-xp 00004000 08:01 4209381                    /home/adam/jdk11u/build/linux-x86_64-normal-server-release/images/jdk/lib/libjimage.so
7f4ff1e3e000-7f4ff1e44000 r--p 00017000 08:01 4209381                    /home/adam/jdk11u/build/linux-x86_64-normal-server-release/images/jdk/lib/libjimage.so
7f4ff1e44000-7f4ff1e46000 r--p 0001c000 08:01 4209381                    /home/adam/jdk11u/build/linux-x86_64-normal-server-release/images/jdk/lib/libjimage.so
7f4ff1e46000-7f4ff1e47000 rw-p 0001e000 08:01 4209381                    /home/adam/jdk11u/build/linux-x86_64-normal-server-release/images/jdk/lib/libjimage.so
7f4ff1e47000-7f4ff1e55000 r--p 00000000 08:01 4209403                    /home/adam/jdk11u/build/linux-x86_64-normal-server-release/images/jdk/lib/libjava.so
7f4ff1e55000-7f4ff1e6b000 r-xp 0000e000 08:01 4209403                    /home/adam/jdk11u/build/linux-x86_64-normal-server-release/images/jdk/lib/libjava.so
7f4ff1e6b000-7f4ff1e72000 r--p 00024000 08:01 4209403                    /home/adam/jdk11u/build/linux-x86_64-normal-server-release/images/jdk/lib/libjava.so
7f4ff1e72000-7f4ff1e73000 r--p 0002a000 08:01 4209403                    /home/adam/jdk11u/build/linux-x86_64-normal-server-release/images/jdk/lib/libjava.so
7f4ff1e73000-7f4ff1e74000 rw-p 0002b000 08:01 4209403                    /home/adam/jdk11u/build/linux-x86_64-normal-server-release/images/jdk/lib/libjava.so
7f4ff1e74000-7f4ff1e75000 rw-p 00000000 00:00 0 
7f4ff1e75000-7f4ff1e77000 r--p 00000000 08:01 2907366                    /usr/lib/x86_64-linux-gnu/librt-2.31.so
7f4ff1e77000-7f4ff1e7b000 r-xp 00002000 08:01 2907366                    /usr/lib/x86_64-linux-gnu/librt-2.31.so
7f4ff1e7b000-7f4ff1e7d000 r--p 00006000 08:01 2907366                    /usr/lib/x86_64-linux-gnu/librt-2.31.so
7f4ff1e7d000-7f4ff1e7e000 r--p 00007000 08:01 2907366                    /usr/lib/x86_64-linux-gnu/librt-2.31.so
7f4ff1e7e000-7f4ff1e7f000 rw-p 00008000 08:01 2907366                    /usr/lib/x86_64-linux-gnu/librt-2.31.so
7f4ff1e7f000-7f4ff1e83000 ---p 00000000 00:00 0 
7f4ff1e83000-7f4ff1f80000 rw-p 00000000 00:00 0 
7f4ff1f80000-7f4ff1f8d000 r--p 00000000 08:01 2907355                    /usr/lib/x86_64-linux-gnu/libm-2.31.so
7f4ff1f8d000-7f4ff2027000 r-xp 0000d000 08:01 2907355                    /usr/lib/x86_64-linux-gnu/libm-2.31.so
7f4ff2027000-7f4ff20c2000 r--p 000a7000 08:01 2907355                    /usr/lib/x86_64-linux-gnu/libm-2.31.so
7f4ff20c2000-7f4ff20c3000 r--p 00141000 08:01 2907355                    /usr/lib/x86_64-linux-gnu/libm-2.31.so
7f4ff20c3000-7f4ff20c4000 rw-p 00142000 08:01 2907355                    /usr/lib/x86_64-linux-gnu/libm-2.31.so
7f4ff20c4000-7f4ff2340000 r--p 00000000 08:01 4209384                    /home/adam/jdk11u/build/linux-x86_64-normal-server-release/images/jdk/lib/server/libjvm.so
7f4ff2340000-7f4ff2f32000 r-xp 0027c000 08:01 4209384                    /home/adam/jdk11u/build/linux-x86_64-normal-server-release/images/jdk/lib/server/libjvm.so
7f4ff2f32000-7f4ff3187000 r--p 00e6e000 08:01 4209384                    /home/adam/jdk11u/build/linux-x86_64-normal-server-release/images/jdk/lib/server/libjvm.so
7f4ff3187000-7f4ff324a000 r--p 010c2000 08:01 4209384                    /home/adam/jdk11u/build/linux-x86_64-normal-server-release/images/jdk/lib/server/libjvm.so
7f4ff324a000-7f4ff3284000 rw-p 01185000 08:01 4209384                    /home/adam/jdk11u/build/linux-x86_64-normal-server-release/images/jdk/lib/server/libjvm.so
7f4ff3284000-7f4ff32dd000 rw-p 00000000 00:00 0 
7f4ff32dd000-7f4ff32e3000 r--p 00000000 08:01 2907364                    /usr/lib/x86_64-linux-gnu/libpthread-2.31.so
7f4ff32e3000-7f4ff32f3000 r-xp 00006000 08:01 2907364                    /usr/lib/x86_64-linux-gnu/libpthread-2.31.so
7f4ff32f3000-7f4ff32f9000 r--p 00016000 08:01 2907364                    /usr/lib/x86_64-linux-gnu/libpthread-2.31.so
7f4ff32f9000-7f4ff32fa000 r--p 0001b000 08:01 2907364                    /usr/lib/x86_64-linux-gnu/libpthread-2.31.so
7f4ff32fa000-7f4ff32fb000 rw-p 0001c000 08:01 2907364                    /usr/lib/x86_64-linux-gnu/libpthread-2.31.so
7f4ff32fb000-7f4ff32ff000 rw-p 00000000 00:00 0 
7f4ff32ff000-7f4ff3300000 r--p 00000000 08:01 2907353                    /usr/lib/x86_64-linux-gnu/libdl-2.31.so
7f4ff3300000-7f4ff3302000 r-xp 00001000 08:01 2907353                    /usr/lib/x86_64-linux-gnu/libdl-2.31.so
7f4ff3302000-7f4ff3303000 r--p 00003000 08:01 2907353                    /usr/lib/x86_64-linux-gnu/libdl-2.31.so
7f4ff3303000-7f4ff3304000 r--p 00003000 08:01 2907353                    /usr/lib/x86_64-linux-gnu/libdl-2.31.so
7f4ff3304000-7f4ff3305000 rw-p 00004000 08:01 2907353                    /usr/lib/x86_64-linux-gnu/libdl-2.31.so
7f4ff3305000-7f4ff3308000 r--p 00000000 08:01 2885790                    /usr/lib/x86_64-linux-gnu/libz.so.1.2.11
7f4ff3308000-7f4ff3319000 r-xp 00003000 08:01 2885790                    /usr/lib/x86_64-linux-gnu/libz.so.1.2.11
7f4ff3319000-7f4ff331f000 r--p 00014000 08:01 2885790                    /usr/lib/x86_64-linux-gnu/libz.so.1.2.11
7f4ff331f000-7f4ff3320000 ---p 0001a000 08:01 2885790                    /usr/lib/x86_64-linux-gnu/libz.so.1.2.11
7f4ff3320000-7f4ff3321000 r--p 0001a000 08:01 2885790                    /usr/lib/x86_64-linux-gnu/libz.so.1.2.11
7f4ff3321000-7f4ff3322000 rw-p 0001b000 08:01 2885790                    /usr/lib/x86_64-linux-gnu/libz.so.1.2.11
7f4ff3322000-7f4ff3344000 r--p 00000000 08:01 2907352                    /usr/lib/x86_64-linux-gnu/libc-2.31.so
7f4ff3344000-7f4ff349e000 r-xp 00022000 08:01 2907352                    /usr/lib/x86_64-linux-gnu/libc-2.31.so
7f4ff349e000-7f4ff34ed000 r--p 0017c000 08:01 2907352                    /usr/lib/x86_64-linux-gnu/libc-2.31.so
7f4ff34ed000-7f4ff34f1000 r--p 001ca000 08:01 2907352                    /usr/lib/x86_64-linux-gnu/libc-2.31.so
7f4ff34f1000-7f4ff34f3000 rw-p 001ce000 08:01 2907352                    /usr/lib/x86_64-linux-gnu/libc-2.31.so
7f4ff34f3000-7f4ff34f7000 rw-p 00000000 00:00 0 
7f4ff34fa000-7f4ff34fb000 ---p 00000000 00:00 0 
7f4ff34fb000-7f4ff34fc000 r--p 00000000 00:00 0 
7f4ff34fc000-7f4ff3501000 r--p 00000000 08:01 4209387                    /home/adam/jdk11u/build/linux-x86_64-normal-server-release/images/jdk/lib/libverify.so
7f4ff3501000-7f4ff3508000 r-xp 00005000 08:01 4209387                    /home/adam/jdk11u/build/linux-x86_64-normal-server-release/images/jdk/lib/libverify.so
7f4ff3508000-7f4ff350a000 r--p 0000c000 08:01 4209387                    /home/adam/jdk11u/build/linux-x86_64-normal-server-release/images/jdk/lib/libverify.so
7f4ff350a000-7f4ff350b000 ---p 0000e000 08:01 4209387                    /home/adam/jdk11u/build/linux-x86_64-normal-server-release/images/jdk/lib/libverify.so
7f4ff350b000-7f4ff350d000 r--p 0000e000 08:01 4209387                    /home/adam/jdk11u/build/linux-x86_64-normal-server-release/images/jdk/lib/libverify.so
7f4ff350d000-7f4ff350e000 rw-p 00010000 08:01 4209387                    /home/adam/jdk11u/build/linux-x86_64-normal-server-release/images/jdk/lib/libverify.so
7f4ff350e000-7f4ff3511000 r--p 00000000 08:01 4209395                    /home/adam/jdk11u/build/linux-x86_64-normal-server-release/images/jdk/lib/jli/libjli.so
7f4ff3511000-7f4ff351b000 r-xp 00003000 08:01 4209395                    /home/adam/jdk11u/build/linux-x86_64-normal-server-release/images/jdk/lib/jli/libjli.so
7f4ff351b000-7f4ff351e000 r--p 0000d000 08:01 4209395                    /home/adam/jdk11u/build/linux-x86_64-normal-server-release/images/jdk/lib/jli/libjli.so
7f4ff351e000-7f4ff351f000 ---p 00010000 08:01 4209395                    /home/adam/jdk11u/build/linux-x86_64-normal-server-release/images/jdk/lib/jli/libjli.so
7f4ff351f000-7f4ff3520000 r--p 00010000 08:01 4209395                    /home/adam/jdk11u/build/linux-x86_64-normal-server-release/images/jdk/lib/jli/libjli.so
7f4ff3520000-7f4ff3521000 rw-p 00011000 08:01 4209395                    /home/adam/jdk11u/build/linux-x86_64-normal-server-release/images/jdk/lib/jli/libjli.so
7f4ff3521000-7f4ff3523000 rw-p 00000000 00:00 0 
7f4ff3523000-7f4ff3524000 r--p 00000000 08:01 2907322                    /usr/lib/x86_64-linux-gnu/ld-2.31.so
7f4ff3524000-7f4ff3544000 r-xp 00001000 08:01 2907322                    /usr/lib/x86_64-linux-gnu/ld-2.31.so
7f4ff3544000-7f4ff354c000 r--p 00021000 08:01 2907322                    /usr/lib/x86_64-linux-gnu/ld-2.31.so
7f4ff354d000-7f4ff354e000 r--p 00029000 08:01 2907322                    /usr/lib/x86_64-linux-gnu/ld-2.31.so
7f4ff354e000-7f4ff354f000 rw-p 0002a000 08:01 2907322                    /usr/lib/x86_64-linux-gnu/ld-2.31.so
7f4ff354f000-7f4ff3550000 rw-p 00000000 00:00 0 
7ffd99a2e000-7ffd99a4f000 rw-p 00000000 00:00 0                          [stack]
7ffd99b0a000-7ffd99b0e000 r--p 00000000 00:00 0                          [vvar]
7ffd99b0e000-7ffd99b10000 r-xp 00000000 00:00 0                          [vdso]


VM Arguments:
jvm_args: -XX:AllocateHeapAt=/dev/fakeblk -Xlog:gc=debug -XX:+UnlockExperimentalVMOptions -XX:-UseTLAB -XX:+UseEpsilonGC -Xnoclassgc -XX:-ClassUnloading -XX:MetaspaceSize=1G -Xms8g -Xmx8g 
java_command: ../dacapo-9.12-MR1-bach.jar avrora
java_class_path (initial): ../dacapo-9.12-MR1-bach.jar
Launcher Type: SUN_STANDARD

[Global flags]
    ccstr AllocateHeapAt                           = /dev/fakeblk                              {product} {command line}
     intx CICompilerCount                          = 4                                         {product} {ergonomic}
     bool ClassUnloading                           = false                                     {product} {command line}
     bool ClassUnloadingWithConcurrentMark         = false                                     {product} {command line}
   size_t InitialHeapSize                          = 8589934592                                {product} {command line}
   size_t MaxHeapSize                              = 8589934592                                {product} {command line}
   size_t MetaspaceSize                            = 1073741824                             {pd product} {command line}
   size_t MinHeapDeltaBytes                        = 172032                                    {product} {ergonomic}
    uintx NonNMethodCodeHeapSize                   = 5836300                                {pd product} {ergonomic}
    uintx NonProfiledCodeHeapSize                  = 122910970                              {pd product} {ergonomic}
    uintx ProfiledCodeHeapSize                     = 122910970                              {pd product} {ergonomic}
    uintx ReservedCodeCacheSize                    = 251658240                              {pd product} {ergonomic}
     bool SegmentedCodeCache                       = true                                      {product} {ergonomic}
     bool UnlockExperimentalVMOptions              = true                                 {experimental} {command line}
     bool UseCompressedClassPointers               = true                                 {lp64_product} {ergonomic}
     bool UseCompressedOops                        = true                                 {lp64_product} {ergonomic}
     bool UseEpsilonGC                             = true                                 {experimental} {command line}
     bool UseTLAB                                  = false                                  {pd product} {command line}

Logging:
Log output configuration:
 #0: stdout all=warning,gc=debug uptime,level,tags
 #1: stderr all=off uptime,level,tags

Environment Variables:
PATH=/usr/local/sbin:/usr/local/bin:/usr/sbin:/usr/bin:/sbin:/bin
SHELL=/bin/bash
LANG=fr_FR.UTF-8

Signal Handlers:
SIGSEGV: [libjvm.so+0xde33c0], sa_mask[0]=11111111011111111101111111111110, sa_flags=SA_RESTART|SA_SIGINFO
SIGBUS: [libjvm.so+0xde33c0], sa_mask[0]=11111111011111111101111111111110, sa_flags=SA_RESTART|SA_SIGINFO
SIGFPE: [libjvm.so+0xde33c0], sa_mask[0]=11111111011111111101111111111110, sa_flags=SA_RESTART|SA_SIGINFO
SIGPIPE: [libjvm.so+0xbddb70], sa_mask[0]=11111111011111111101111111111110, sa_flags=SA_RESTART|SA_SIGINFO
SIGXFSZ: [libjvm.so+0xbddb70], sa_mask[0]=11111111011111111101111111111110, sa_flags=SA_RESTART|SA_SIGINFO
SIGILL: [libjvm.so+0xde33c0], sa_mask[0]=11111111011111111101111111111110, sa_flags=SA_RESTART|SA_SIGINFO
SIGUSR2: [libjvm.so+0xbdda10], sa_mask[0]=00000000000000000000000000000000, sa_flags=SA_RESTART|SA_SIGINFO
SIGHUP: [libjvm.so+0xbde2a0], sa_mask[0]=11111111011111111101111111111110, sa_flags=SA_RESTART|SA_SIGINFO
SIGINT: [libjvm.so+0xbde2a0], sa_mask[0]=11111111011111111101111111111110, sa_flags=SA_RESTART|SA_SIGINFO
SIGTERM: [libjvm.so+0xbde2a0], sa_mask[0]=11111111011111111101111111111110, sa_flags=SA_RESTART|SA_SIGINFO
SIGQUIT: [libjvm.so+0xbde2a0], sa_mask[0]=11111111011111111101111111111110, sa_flags=SA_RESTART|SA_SIGINFO


---------------  S Y S T E M  ---------------

OS:PRETTY_NAME="Debian GNU/Linux 11 (bullseye)"
NAME="Debian GNU/Linux"
VERSION_ID="11"
VERSION="11 (bullseye)"
VERSION_CODENAME=bullseye
ID=debian
HOME_URL="https://www.debian.org/"
SUPPORT_URL="https://www.debian.org/support"
BUG_REPORT_URL="https://bugs.debian.org/"
uname:Linux 5.10.0-11-amd64 #1 SMP Debian 5.10.92-2 (2022-02-28) x86_64
OS uptime: 5 days 1:22 hours
libc:glibc 2.31 NPTL 2.31 
rlimit (soft/hard): STACK 8192k/infinity , CORE 0k/infinity , NPROC 128459/128459 , NOFILE 1048576/1048576 , AS infinity/infinity , CPU infinity/infinity , DATA infinity/infinity , FSIZE infinity/infinity , MEMLOCK 4116444k/4116444k
load average:0,64 0,18 0,05

/proc/meminfo:
MemTotal:       32931552 kB
MemFree:         9513652 kB
MemAvailable:    9805308 kB
Buffers:          349288 kB
Cached:         21219184 kB
SwapCached:            0 kB
Active:         21214432 kB
Inactive:         539064 kB
Active(anon):   20972240 kB
Inactive(anon):   185308 kB
Active(file):     242192 kB
Inactive(file):   353756 kB
Unevictable:           0 kB
Mlocked:               0 kB
SwapTotal:             0 kB
SwapFree:              0 kB
Dirty:              3360 kB
Writeback:             0 kB
AnonPages:        185276 kB
Mapped:         21105636 kB
Shmem:          20972452 kB
KReclaimable:      84916 kB
Slab:             123504 kB
SReclaimable:      84916 kB
SUnreclaim:        38588 kB
KernelStack:        3616 kB
PageTables:        50104 kB
NFS_Unstable:          0 kB
Bounce:                0 kB
WritebackTmp:          0 kB
CommitLimit:    16465776 kB
Committed_AS:   21775796 kB
VmallocTotal:   34359738367 kB
VmallocUsed:      770808 kB
VmallocChunk:          0 kB
Percpu:             5536 kB
HardwareCorrupted:     0 kB
AnonHugePages:     75776 kB
ShmemHugePages:        0 kB
ShmemPmdMapped:        0 kB
FileHugePages:         0 kB
FilePmdMapped:         0 kB
HugePages_Total:       0
HugePages_Free:        0
HugePages_Rsvd:        0
HugePages_Surp:        0
Hugepagesize:       2048 kB
Hugetlb:               0 kB
DirectMap4k:      171880 kB
DirectMap2M:    12410880 kB
DirectMap1G:    23068672 kB

/sys/kernel/mm/transparent_hugepage/enabled:
[always] madvise never
/sys/kernel/mm/transparent_hugepage/defrag (defrag/compaction efforts parameter):
always defer defer+madvise [madvise] never

Process Memory:
Virtual Size: 10595536K (peak: 10656988K)
Resident Set Size: 76132K (peak: 76132K) (anon: 21016K, file: 55116K, shmem: 0K)
Swapped out: 0K
C-Heap outstanding allocations: 10259K, retained: 1852K
glibc malloc tunables: (default)

/proc/sys/kernel/threads-max (system-wide limit on the number of threads):
256918
/proc/sys/vm/max_map_count (maximum number of memory map areas a process may have):
65530
/proc/sys/kernel/pid_max (system-wide limit on number of process identifiers):
4194304

container (cgroup) information:
container_type: cgroupv2
cpu_cpuset_cpus: not supported
cpu_memory_nodes: not supported
active_processor_count: 8
cpu_quota: not supported
cpu_period: not supported
cpu_shares: not supported
memory_limit_in_bytes: 1610612736
memory_and_swap_limit_in_bytes: unlimited
memory_soft_limit_in_bytes: unlimited
memory_usage_in_bytes: 308772864
memory_max_usage_in_bytes: not supported

KVM virtualization detected
Steal ticks since vm start: 1
Steal ticks percentage since vm start:  0,000

CPU:total 8 (initial active 8) (4 cores per cpu, 1 threads per core) family 6 model 85 stepping 7 microcode 0x5003102, cmov, cx8, fxsr, mmx, sse, sse2, sse3, ssse3, sse4.1, sse4.2, popcnt, avx, avx2, aes, clmul, erms, 3dnowpref, lzcnt, tsc, bmi1, bmi2, adx, evex, fma
CPU Model and flags from /proc/cpuinfo:
model name	: Intel(R) Xeon(R) Silver 4208 CPU @ 2.10GHz
flags		: fpu vme de pse tsc msr pae mce cx8 apic sep mtrr pge mca cmov pat pse36 clflush mmx fxsr sse sse2 ss ht syscall nx pdpe1gb rdtscp lm constant_tsc arch_perfmon rep_good nopl xtopology cpuid tsc_known_freq pni pclmulqdq vmx ssse3 fma cx16 pdcm pcid sse4_1 sse4_2 x2apic movbe popcnt tsc_deadline_timer aes xsave avx f16c rdrand hypervisor lahf_lm abm 3dnowprefetch cpuid_fault invpcid_single ssbd ibrs ibpb stibp ibrs_enhanced tpr_shadow vnmi flexpriority ept vpid ept_ad fsgsbase tsc_adjust bmi1 avx2 smep bmi2 erms invpcid mpx avx512f avx512dq rdseed adx smap clflushopt clwb avx512cd avx512bw avx512vl xsaveopt xsavec xgetbv1 xsaves arat umip pku ospke avx512_vnni md_clear arch_capabilities
Online cpus:
0-7
Offline cpus:

BIOS frequency limitation:
<Not Available>
Frequency switch latency (ns):
<Not Available>
Available cpu frequencies:
<Not Available>
Current governor:
<Not Available>
Core performance/turbo boost:
<Not Available>

Memory: 4k page, physical 1572864k(1271328k free), swap 0k(0k free)

vm_info: OpenJDK 64-Bit Server VM (11.0.16-internal+0-adhoc.adam.jdk11u) for linux-amd64 JRE (11.0.16-internal+0-adhoc.adam.jdk11u), built on Jun 27 2023 10:58:55 by "adam" with gcc 10.2.1 20210110

END.
