#
# A fatal error has been detected by the Java Runtime Environment:
#
#  SIGSEGV (0xb) at pc=0x00007f1840543e28, pid=386288, tid=386289
#
# JRE version: OpenJDK Runtime Environment (11.0.16) (build 11.0.16-internal+0-adhoc.adam.jdk11u)
# Java VM: OpenJDK 64-Bit Server VM (11.0.16-internal+0-adhoc.adam.jdk11u, mixed mode, tiered, compressed oops, epsilon gc, linux-amd64)
# Problematic frame:
# J 2019 c2 org.h2.mvstore.tx.TransactionMap.getFromSnapshot(Ljava/lang/Object;)Ljava/lang/Object; (173 bytes) @ 0x00007f1840543e28 [0x00007f1840543b00+0x0000000000000328]
#
# No core dump will be written. Core dumps have been disabled. To enable core dumping, try "ulimit -c unlimited" before starting Java again
#
# If you would like to submit a bug report, please visit:
#   https://bugreport.java.com/bugreport/crash.jsp
#

---------------  S U M M A R Y ------------

Command Line: -XX:AllocateHeapAt=/dev/fakeblk -Xlog:gc=debug -XX:-OptimizeStringConcat -XX:+UnlockExperimentalVMOptions -XX:+UseEpsilonGC -Xnoclassgc -XX:-ClassUnloading -Xms16g -Xmx16g ../dacapo-23.11-chopin.jar h2

Host: AMD Opteron 23xx (Gen 3 Class Opteron), 32 cores, 62G, Debian GNU/Linux 11 (bullseye)
Time: Thu Oct  3 13:57:46 2024 CEST elapsed time: 32.212937 seconds (0d 0h 0m 32s)

---------------  T H R E A D  ---------------

Current thread (0x00007f1850027800):  JavaThread "main" [_thread_in_Java, id=386289, stack(0x00007f1856f92000,0x00007f1857093000)]

Stack: [0x00007f1856f92000,0x00007f1857093000],  sp=0x00007f18570901f0,  free space=1016k
Native frames: (J=compiled Java code, A=aot compiled Java code, j=interpreted, Vv=VM code, C=native code)
J 2019 c2 org.h2.mvstore.tx.TransactionMap.getFromSnapshot(Ljava/lang/Object;)Ljava/lang/Object; (173 bytes) @ 0x00007f1840543e28 [0x00007f1840543b00+0x0000000000000328]
J 1717 c2 org.h2.mvstore.tx.TxDecisionMaker$PutIfAbsentDecisionMaker.decide(Ljava/lang/Object;Ljava/lang/Object;)Lorg/h2/mvstore/MVMap$Decision; (13 bytes) @ 0x00007f18404b59f4 [0x00007f18404b5900+0x00000000000000f4]
J 1641 c2 org.h2.mvstore.MVMap$DecisionMaker.decide(Ljava/lang/Object;Ljava/lang/Object;Lorg/h2/mvstore/CursorPos;)Lorg/h2/mvstore/MVMap$Decision; (7 bytes) @ 0x00007f184047c55c [0x00007f184047c520+0x000000000000003c]
J 1715 c2 org.h2.mvstore.MVMap.operate(Ljava/lang/Object;Ljava/lang/Object;Lorg/h2/mvstore/MVMap$DecisionMaker;)Ljava/lang/Object; (855 bytes) @ 0x00007f18404e3a68 [0x00007f18404e3280+0x00000000000007e8]
J 1744 c2 org.h2.mvstore.db.MVTable.addRow(Lorg/h2/engine/SessionLocal;Lorg/h2/result/Row;)V (91 bytes) @ 0x00007f18404c9818 [0x00007f18404c94c0+0x0000000000000358]
J 2001 c2 org.h2.command.dml.Insert.insertRows()J (512 bytes) @ 0x00007f1840535ed4 [0x00007f1840535d20+0x00000000000001b4]
J 1662 c2 org.h2.command.CommandContainer.update(Ljava/lang/Object;)Lorg/h2/result/ResultWithGeneratedKeys; (139 bytes) @ 0x00007f184048a4cc [0x00007f184048a160+0x000000000000036c]
J 1987 c2 org.h2.command.Command.executeUpdate(Ljava/lang/Object;)Lorg/h2/result/ResultWithGeneratedKeys; (332 bytes) @ 0x00007f1840539680 [0x00007f1840539120+0x0000000000000560]
J 1688 c2 org.h2.jdbc.JdbcPreparedStatement.executeUpdate()I (43 bytes) @ 0x00007f18404984cc [0x00007f1840498300+0x00000000000001cc]
J 2148 c1 org.apache.derbyTesting.system.oe.load.SimpleInsert.stockTable(IIS)V (298 bytes) @ 0x00007f18393d97ec [0x00007f18393d7980+0x0000000000001e6c]
j  org.apache.derbyTesting.system.oe.load.SimpleInsert.populateForOneWarehouse(S)V+11
j  org.apache.derbyTesting.system.oe.load.SimpleInsert.populateAllTables()V+20
j  org.apache.derbyTesting.system.oe.load.ThreadInsert.populateAllTables()V+9
j  org.dacapo.h2.TPCC.loadData()V+70
j  org.dacapo.h2.TPCC.preIterationMemoryDB()V+42
j  org.dacapo.h2.TPCC.preIteration(Ljava/lang/String;)V+68
v  ~StubRoutines::call_stub
V  [libjvm.so+0x87a213]  JavaCalls::call_helper(JavaValue*, methodHandle const&, JavaCallArguments*, Thread*)+0x353
V  [libjvm.so+0xc7ddec]  invoke(InstanceKlass*, methodHandle const&, Handle, bool, objArrayHandle, BasicType, objArrayHandle, bool, Thread*) [clone .constprop.0]+0x45c
V  [libjvm.so+0xc7ebf0]  Reflection::invoke_method(oopDesc*, Handle, objArrayHandle, Thread*)+0x100
V  [libjvm.so+0x92efad]  JVM_InvokeMethod+0x13d
j  jdk.internal.reflect.NativeMethodAccessorImpl.invoke0(Ljava/lang/reflect/Method;Ljava/lang/Object;[Ljava/lang/Object;)Ljava/lang/Object;+0 java.base@11.0.16-internal
j  jdk.internal.reflect.NativeMethodAccessorImpl.invoke(Ljava/lang/Object;[Ljava/lang/Object;)Ljava/lang/Object;+100 java.base@11.0.16-internal
j  jdk.internal.reflect.DelegatingMethodAccessorImpl.invoke(Ljava/lang/Object;[Ljava/lang/Object;)Ljava/lang/Object;+6 java.base@11.0.16-internal
j  java.lang.reflect.Method.invoke(Ljava/lang/Object;[Ljava/lang/Object;)Ljava/lang/Object;+59 java.base@11.0.16-internal
j  org.dacapo.harness.H2.preIteration(Ljava/lang/String;)V+25
j  org.dacapo.harness.Benchmark.run(Lorg/dacapo/harness/Callback;Ljava/lang/String;)Z+37
j  org.dacapo.harness.TestHarness.runBenchmark(Ljava/io/File;Ljava/io/File;Ljava/lang/String;Lorg/dacapo/harness/TestHarness;)V+109
j  org.dacapo.harness.TestHarness.main([Ljava/lang/String;)V+720
v  ~StubRoutines::call_stub
V  [libjvm.so+0x87a213]  JavaCalls::call_helper(JavaValue*, methodHandle const&, JavaCallArguments*, Thread*)+0x353
V  [libjvm.so+0xc7ddec]  invoke(InstanceKlass*, methodHandle const&, Handle, bool, objArrayHandle, BasicType, objArrayHandle, bool, Thread*) [clone .constprop.0]+0x45c
V  [libjvm.so+0xc7ebf0]  Reflection::invoke_method(oopDesc*, Handle, objArrayHandle, Thread*)+0x100
V  [libjvm.so+0x92efad]  JVM_InvokeMethod+0x13d
j  jdk.internal.reflect.NativeMethodAccessorImpl.invoke0(Ljava/lang/reflect/Method;Ljava/lang/Object;[Ljava/lang/Object;)Ljava/lang/Object;+0 java.base@11.0.16-internal
j  jdk.internal.reflect.NativeMethodAccessorImpl.invoke(Ljava/lang/Object;[Ljava/lang/Object;)Ljava/lang/Object;+100 java.base@11.0.16-internal
j  jdk.internal.reflect.DelegatingMethodAccessorImpl.invoke(Ljava/lang/Object;[Ljava/lang/Object;)Ljava/lang/Object;+6 java.base@11.0.16-internal
j  java.lang.reflect.Method.invoke(Ljava/lang/Object;[Ljava/lang/Object;)Ljava/lang/Object;+59 java.base@11.0.16-internal
j  Harness.main([Ljava/lang/String;)V+44
v  ~StubRoutines::call_stub
V  [libjvm.so+0x87a213]  JavaCalls::call_helper(JavaValue*, methodHandle const&, JavaCallArguments*, Thread*)+0x353
V  [libjvm.so+0x8f696d]  jni_invoke_static(JNIEnv_*, JavaValue*, _jobject*, JNICallType, _jmethodID*, JNI_ArgumentPusher*, Thread*) [clone .constprop.1]+0x24d
V  [libjvm.so+0x8f8fdc]  jni_CallStaticVoidMethod+0x15c
C  [libjli.so+0x55d7]  JavaMain+0xcf7
C  [libjli.so+0x9619]  ThreadJavaMain+0x9


siginfo: si_signo: 11 (SIGSEGV), si_code: 1 (SEGV_MAPERR), si_addr: 0x0000000000021ea4

Register to memory mapping:

RAX=0x00000004a5d95920 is an unallocated location in the heap
RBX=0x00000004004a7c40 is an unallocated location in the heap
RCX=0x00000004a5e66a80 is an unallocated location in the heap
RDX=0x000000000000001f is an unknown value
RSP=0x00007f18570901f0 is pointing into the stack for thread: 0x00007f1850027800
RBP=0x000000008029ef20 is an unknown value
RSI=0x0000000000000005 is an unknown value
RDI=0x0000000000000020 is an unknown value
R8 =0x00000000000043d0 is an unknown value
R9 =1255416 is a compressed pointer to class: 0x00000008001327f8
org.h2.mvstore.tx.TransactionStore$TxMapBuilder$TMVMap {0x00000008001327f8}
R10=0x0000000094bb1f30 is an unknown value
R11=0x0000000094bb2ab4 is an unknown value
R12=0x0 is NULL
R13=0x00000004004a7c40 is an unallocated location in the heap
R14=0x00000004a5d8fec0 is an unallocated location in the heap
R15=0x00007f1850027800 is a thread


Registers:
RAX=0x00000004a5d95920, RBX=0x00000004004a7c40, RCX=0x00000004a5e66a80, RDX=0x000000000000001f
RSP=0x00007f18570901f0, RBP=0x000000008029ef20, RSI=0x0000000000000005, RDI=0x0000000000000020
R8 =0x00000000000043d0, R9 =0x00000000001327f8, R10=0x0000000094bb1f30, R11=0x0000000094bb2ab4
R12=0x0000000000000000, R13=0x00000004004a7c40, R14=0x00000004a5d8fec0, R15=0x00007f1850027800
RIP=0x00007f1840543e28, EFLAGS=0x0000000000010246, CSGSFS=0x002b000000000033, ERR=0x0000000000000004
  TRAPNO=0x000000000000000e

Top of Stack: (sp=0x00007f18570901f0)
0x00007f18570901f0:   0000000000000031 0000000094bb1f38
0x00007f1857090200:   00000000ffffffff 00007f1850027800
0x00007f1857090210:   00007f1857090250 00007f18577e659d
0x00007f1857090220:   00007f18582b4658 00007f1850034c90 

Instructions: (pc=0x00007f1840543e28)
0x00007f1840543d28:   18 47 8b 4c c4 08 41 81 f9 a8 86 11 00 74 2d 41
0x00007f1840543d38:   81 f9 c0 89 11 00 0f 84 f9 01 00 00 be c6 ff ff
0x00007f1840543d48:   ff 49 8b ee 44 89 1c 24 4c 89 6c 24 08 44 89 54
0x00007f1840543d58:   24 04 44 89 44 24 14 e8 9c 80 31 f8 45 85 d2 0f
0x00007f1840543d68:   8d 6a 05 00 00 33 c0 48 83 c4 50 5d 4d 8b 97 08
0x00007f1840543d78:   01 00 00 41 85 02 c3 45 8b ca 44 8b d0 e9 20 01
0x00007f1840543d88:   00 00 41 bb ff ff ff ff 45 2b da 45 8b d3 45 85
0x00007f1840543d98:   d2 0f 8d 11 04 00 00 45 8b da 41 f7 d3 47 89 5c
0x00007f1840543da8:   c4 18 47 8b 5c c4 08 41 81 fb a8 86 11 00 74 30
0x00007f1840543db8:   41 81 fb c0 89 11 00 0f 84 cb 02 00 00 be c6 ff
0x00007f1840543dc8:   ff ff 49 8b ee 48 89 1c 24 4c 89 6c 24 08 44 89
0x00007f1840543dd8:   54 24 10 44 89 44 24 18 66 66 90 e8 18 80 31 f8
0x00007f1840543de8:   45 85 d2 0f 8d 37 05 00 00 45 8b 5e 20 45 85 db
0x00007f1840543df8:   0f 84 ed 03 00 00 49 8b c3 48 c1 e0 03 44 8b 50
0x00007f1840543e08:   0c 47 8b 44 d4 30 41 8b 6e 18 45 8b 4c ec 08 44
0x00007f1840543e18:   8b 58 10 41 81 f9 f8 27 13 00 0f 85 f0 07 00 00
0x00007f1840543e28:   47 8b 4c c4 24 43 8b 54 cc 34 47 8b 4c c4 28 43
0x00007f1840543e38:   8b 4c cc 0c 47 8b 54 c4 18 41 8b 7c d4 08 81 ff
0x00007f1840543e48:   90 fc 11 00 0f 85 e6 07 00 00 49 8d 2c d4 8b 53
0x00007f1840543e58:   08 81 fa 40 2f 01 00 0f 85 4f 0a 00 00 4c 8b eb
0x00007f1840543e68:   43 8b 7c cc 08 49 8b 6d 10 81 ff f0 3e 10 00 0f
0x00007f1840543e78:   85 8f 0a 00 00 8b f9 ff cf 41 ff ca 44 3b d1 0f
0x00007f1840543e88:   83 40 03 00 00 4b 8d 0c c4 85 ff 7d 0b 41 b9 ff
0x00007f1840543e98:   ff ff ff e9 72 fe ff ff 4b 8d 14 cc 8b 72 0c 45
0x00007f1840543ea8:   33 c9 44 3b d6 0f 83 d5 06 00 00 42 8b 44 92 10
0x00007f1840543eb8:   49 8b 44 c4 10 48 3b e8 0f 8f 2a fe ff ff 48 3b
0x00007f1840543ec8:   e8 0f 8d 46 fe ff ff 41 8b fa ff cf 45 8b d1 e9
0x00007f1840543ed8:   17 fe ff ff 0f 1f 40 00 ff c7 4d 8b 97 08 01 00
0x00007f1840543ee8:   00 44 8b c7 44 03 c0 41 d1 e8 41 85 02 3b f8 7f
0x00007f1840543ef8:   0b 44 8b d7 41 8b f8 e9 f9 00 00 00 41 ba ff ff
0x00007f1840543f08:   ff ff 44 2b d7 45 85 d2 0f 8d 7a 02 00 00 41 8b
0x00007f1840543f18:   da f7 d3 43 89 5c cc 18 43 8b 5c cc 08 81 fb a8 


Stack slot to memory mapping:
stack at sp + 0 slots: 0x0000000000000031 is an unknown value
stack at sp + 1 slots: 0x0000000094bb1f38 is an unknown value
stack at sp + 2 slots: 0x00000000ffffffff is an unknown value
stack at sp + 3 slots: 0x00007f1850027800 is a thread
stack at sp + 4 slots: 0x00007f1857090250 is pointing into the stack for thread: 0x00007f1850027800
stack at sp + 5 slots: 0x00007f18577e659d: <offset 0x000000000060559d> in /home/adam/jdk11u/build/linux-x86_64-normal-server-release/images/jdk/lib/server/libjvm.so at 0x00007f18571e1000
stack at sp + 6 slots: 0x00007f18582b4658: <offset 0x00000000010d3658> in /home/adam/jdk11u/build/linux-x86_64-normal-server-release/images/jdk/lib/server/libjvm.so at 0x00007f18571e1000
stack at sp + 7 slots: 0x00007f1850034c90 points into unknown readable memory: 0x00007f185835a2f0 | f0 a2 35 58 18 7f 00 00



---------------  P R O C E S S  ---------------

Threads class SMR info:
_java_thread_list=0x00007f16980569a0, length=9, elements={
0x00007f1850027800, 0x00007f1850105800, 0x00007f1850109800, 0x00007f1850120000,
0x00007f1850122000, 0x00007f1850124800, 0x00007f1850126800, 0x00007f1850128800,
0x00007f18501ab000
}

Java Threads: ( => current thread )
=>0x00007f1850027800 JavaThread "main" [_thread_in_Java, id=386289, stack(0x00007f1856f92000,0x00007f1857093000)]
  0x00007f1850105800 JavaThread "Reference Handler" daemon [_thread_blocked, id=386291, stack(0x00007f1856259000,0x00007f185635a000)]
  0x00007f1850109800 JavaThread "Finalizer" daemon [_thread_blocked, id=386292, stack(0x00007f1856158000,0x00007f1856259000)]
  0x00007f1850120000 JavaThread "Signal Dispatcher" daemon [_thread_blocked, id=386293, stack(0x00007f1855d70000,0x00007f1855e71000)]
  0x00007f1850122000 JavaThread "Service Thread" daemon [_thread_blocked, id=386294, stack(0x00007f1855c6f000,0x00007f1855d70000)]
  0x00007f1850124800 JavaThread "C2 CompilerThread0" daemon [_thread_blocked, id=386295, stack(0x00007f1855b6e000,0x00007f1855c6f000)]
  0x00007f1850126800 JavaThread "C1 CompilerThread0" daemon [_thread_blocked, id=386296, stack(0x00007f1855a6d000,0x00007f1855b6e000)]
  0x00007f1850128800 JavaThread "Sweeper thread" daemon [_thread_blocked, id=386297, stack(0x00007f185596c000,0x00007f1855a6d000)]
  0x00007f18501ab000 JavaThread "Common-Cleaner" daemon [_thread_blocked, id=386300, stack(0x00007f1855668000,0x00007f1855769000)]

Other Threads:
  0x00007f18500fc800 VMThread "VM Thread" [stack: 0x00007f185635c000,0x00007f185645c000] [id=386290]
  0x00007f18501a3800 WatcherThread [stack: 0x00007f185576b000,0x00007f185586b000] [id=386299]

Threads with active compile tasks:

VM state:not at safepoint (normal execution)

VM Mutex/Monitor currently owned by a thread: None

Heap address: 0x0000000400000000, size: 16384 MB, Compressed Oops mode: Zero based, Oop shift amount: 3
Narrow klass base: 0x0000000800000000, Narrow klass shift: 0
Compressed class space size: 1073741824 Address: 0x0000000800000000

Heap:
Epsilon Heap
Allocation space:
 Metaspace       used 16226K, capacity 16620K, committed 16768K, reserved 1064960K
  class space    used 1468K, capacity 1611K, committed 1664K, reserved 1048576K


Polling page: 0x00007f1858615000

Metaspace:

Usage:
  Non-class:     14.66 MB capacity,    14.41 MB ( 98%) used,   220.70 KB (  1%) free+waste,    30.19 KB ( <1%) overhead. 
      Class:      1.57 MB capacity,     1.43 MB ( 91%) used,   128.71 KB (  8%) free+waste,    13.75 KB ( <1%) overhead. 
       Both:     16.23 MB capacity,    15.85 MB ( 98%) used,   349.41 KB (  2%) free+waste,    43.94 KB ( <1%) overhead. 

Virtual space:
  Non-class space:       16.00 MB reserved,      14.75 MB ( 92%) committed 
      Class space:        1.00 GB reserved,       1.62 MB ( <1%) committed 
             Both:        1.02 GB reserved,      16.38 MB (  2%) committed 

Chunk freelists:
   Non-Class:  55.00 KB
       Class:  0 bytes
        Both:  55.00 KB

MaxMetaspaceSize: unlimited
CompressedClassSpaceSize: 1.00 GB
Initial GC threshold: 20.80 MB
Current GC threshold: 20.80 MB
CDS: off

CodeHeap 'non-profiled nmethods': size=118884Kb used=1816Kb max_used=1816Kb free=117067Kb
 bounds [0x00007f18403f9000, 0x00007f1840669000, 0x00007f1847812000]
CodeHeap 'profiled nmethods': size=118884Kb used=4310Kb max_used=4310Kb free=114573Kb
 bounds [0x00007f1838fe0000, 0x00007f1839420000, 0x00007f18403f9000]
CodeHeap 'non-nmethods': size=7992Kb used=1191Kb max_used=3498Kb free=6800Kb
 bounds [0x00007f1838812000, 0x00007f1838b82000, 0x00007f1838fe0000]
 total_blobs=2667 nmethods=2198 adapters=386
 compilation: enabled
              stopped_count=0, restarted_count=0
 full_count=0

Compilation events (20 events):
Event: 27.062 Thread 0x00007f1850126800 2194       3       org.h2.message.TraceObject::getNextId (8 bytes)
Event: 27.062 Thread 0x00007f16a000e800 2195       3       java.util.concurrent.atomic.AtomicIntegerArray::getAndIncrement (13 bytes)
Event: 27.063 Thread 0x00007f1850126800 nmethod 2194 0x00007f183940cf90 code [0x00007f183940d1a0, 0x00007f183940d640]
Event: 27.063 Thread 0x00007f1850126800 2196       3       java.lang.invoke.VarHandleGuards::guard_LII_I (70 bytes)
Event: 27.063 Thread 0x00007f16a000e800 nmethod 2195 0x00007f183940d890 code [0x00007f183940da80, 0x00007f183940dec0]
Event: 27.063 Thread 0x00007f16a000e800 2197       3       java.lang.invoke.VarHandleInts$Array::getAndAdd (38 bytes)
Event: 27.064 Thread 0x00007f16a000e800 nmethod 2197 0x00007f183940e110 code [0x00007f183940e320, 0x00007f183940ea60]
Event: 27.064 Thread 0x00007f16a000e800 2189   !   3       org.h2.jdbc.JdbcStatement::closeInternal (34 bytes)
Event: 27.064 Thread 0x00007f16a000e800 nmethod 2189 0x00007f183940ed10 code [0x00007f183940eee0, 0x00007f183940f2c0]
Event: 27.064 Thread 0x00007f16a000e800 2190   !   3       org.h2.jdbc.JdbcConnection::prepareStatement (81 bytes)
Event: 27.065 Thread 0x00007f1850126800 nmethod 2196 0x00007f183940f410 code [0x00007f183940f6a0, 0x00007f1839410600]
Event: 27.065 Thread 0x00007f1850126800 2191       3       org.h2.jdbc.JdbcConnection::translateSQL (6 bytes)
Event: 27.065 Thread 0x00007f1850126800 nmethod 2191 0x00007f1839410b90 code [0x00007f1839410de0, 0x00007f1839411670]
Event: 27.065 Thread 0x00007f1850126800 2192       3       org.h2.jdbc.JdbcPreparedStatement::<init> (43 bytes)
Event: 27.066 Thread 0x00007f1850126800 nmethod 2192 0x00007f1839411990 code [0x00007f1839411b80, 0x00007f1839412020]
Event: 27.066 Thread 0x00007f1850126800 2193   !   3       org.h2.jdbc.JdbcPreparedStatement::close (46 bytes)
Event: 27.066 Thread 0x00007f1850126800 nmethod 2193 0x00007f1839412210 code [0x00007f1839412420, 0x00007f1839412970]
Event: 27.067 Thread 0x00007f16a000e800 nmethod 2190 0x00007f1839412c10 code [0x00007f1839413060, 0x00007f1839414c50]
Event: 27.578 Thread 0x00007f1850124800 2199 %     4       org.apache.derbyTesting.system.oe.load.SimpleInsert::stockTable @ 25 (298 bytes)
Event: 27.732 Thread 0x00007f1850124800 nmethod 2199% 0x00007f18405b8810 code [0x00007f18405b8de0, 0x00007f18405bc8d0]

GC Heap History (0 events):
No events

Deoptimization events (20 events):
Event: 10.706 Thread 0x00007f1850027800 DEOPT PACKING pc=0x00007f18393af31f sp=0x00007f18570905e0
Event: 10.706 Thread 0x00007f1850027800 DEOPT UNPACKING pc=0x00007f183885c62b sp=0x00007f185708fb18 mode 0
Event: 11.351 Thread 0x00007f1850027800 Uncommon trap: trap_request=0xffffffbe fr.pc=0x00007f184058ba34 relative=0x0000000000006e74
Event: 11.351 Thread 0x00007f1850027800 Uncommon trap: reason=profile_predicate action=maybe_recompile pc=0x00007f184058ba34 method=org.apache.derbyTesting.system.oe.load.SimpleInsert.orderTable(SS)V @ 74 c2
Event: 11.351 Thread 0x00007f1850027800 DEOPT PACKING pc=0x00007f184058ba34 sp=0x00007f1857090600
Event: 11.351 Thread 0x00007f1850027800 DEOPT UNPACKING pc=0x00007f183885be9f sp=0x00007f1857090618 mode 2
Event: 12.433 Thread 0x00007f1850027800 Uncommon trap: trap_request=0xffffffbe fr.pc=0x00007f184058ba34 relative=0x0000000000006e74
Event: 12.433 Thread 0x00007f1850027800 Uncommon trap: reason=profile_predicate action=maybe_recompile pc=0x00007f184058ba34 method=org.apache.derbyTesting.system.oe.load.SimpleInsert.orderTable(SS)V @ 74 c2
Event: 12.433 Thread 0x00007f1850027800 DEOPT PACKING pc=0x00007f184058ba34 sp=0x00007f1857090600
Event: 12.433 Thread 0x00007f1850027800 DEOPT UNPACKING pc=0x00007f183885be9f sp=0x00007f1857090618 mode 2
Event: 14.445 Thread 0x00007f1850027800 Uncommon trap: trap_request=0xffffffbe fr.pc=0x00007f184058ba34 relative=0x0000000000006e74
Event: 14.445 Thread 0x00007f1850027800 Uncommon trap: reason=profile_predicate action=maybe_recompile pc=0x00007f184058ba34 method=org.apache.derbyTesting.system.oe.load.SimpleInsert.orderTable(SS)V @ 74 c2
Event: 14.445 Thread 0x00007f1850027800 DEOPT PACKING pc=0x00007f184058ba34 sp=0x00007f1857090600
Event: 14.445 Thread 0x00007f1850027800 DEOPT UNPACKING pc=0x00007f183885be9f sp=0x00007f1857090618 mode 2
Event: 14.905 Thread 0x00007f1850027800 DEOPT PACKING pc=0x00007f18393c1334 sp=0x00007f1857090570
Event: 14.905 Thread 0x00007f1850027800 DEOPT UNPACKING pc=0x00007f183885c62b sp=0x00007f185708fa50 mode 0
Event: 14.906 Thread 0x00007f1850027800 Uncommon trap: trap_request=0xffffffbe fr.pc=0x00007f184058ba34 relative=0x0000000000006e74
Event: 14.906 Thread 0x00007f1850027800 Uncommon trap: reason=profile_predicate action=maybe_recompile pc=0x00007f184058ba34 method=org.apache.derbyTesting.system.oe.load.SimpleInsert.orderTable(SS)V @ 74 c2
Event: 14.906 Thread 0x00007f1850027800 DEOPT PACKING pc=0x00007f184058ba34 sp=0x00007f1857090600
Event: 14.906 Thread 0x00007f1850027800 DEOPT UNPACKING pc=0x00007f183885be9f sp=0x00007f1857090618 mode 2

Classes redefined (0 events):
No events

Internal exceptions (20 events):
Event: 0.722 Thread 0x00007f1850027800 Exception <a 'java/security/PrivilegedActionException'{0x0000000400717260}> (0x0000000400717260) thrown at [src/hotspot/share/prims/jvm.cpp, line 1304]
Event: 0.722 Thread 0x00007f1850027800 Exception <a 'java/security/PrivilegedActionException'{0x0000000400717380}> (0x0000000400717380) thrown at [src/hotspot/share/prims/jvm.cpp, line 1304]
Event: 0.722 Thread 0x00007f1850027800 Exception <a 'java/security/PrivilegedActionException'{0x0000000400717410}> (0x0000000400717410) thrown at [src/hotspot/share/prims/jvm.cpp, line 1304]
Event: 0.723 Thread 0x00007f1850027800 Exception <a 'java/security/PrivilegedActionException'{0x0000000400717830}> (0x0000000400717830) thrown at [src/hotspot/share/prims/jvm.cpp, line 1304]
Event: 0.723 Thread 0x00007f1850027800 Exception <a 'java/security/PrivilegedActionException'{0x00000004007178c0}> (0x00000004007178c0) thrown at [src/hotspot/share/prims/jvm.cpp, line 1304]
Event: 0.783 Thread 0x00007f1850027800 Exception <a 'java/lang/NoClassDefFoundError'{0x00000004008a0330}: org/apache/derby/shared/common/info/ProductVersionHolder> (0x00000004008a0330) thrown at [src/hotspot/share/classfile/systemDictionary.cpp, line 227]
Event: 0.783 Thread 0x00007f1850027800 Exception <a 'java/lang/NoClassDefFoundError'{0x00000004008a0330}> (0x00000004008a0330) thrown at [src/hotspot/share/prims/jvm.cpp, line 1310]
Event: 0.783 Thread 0x00007f1850027800 Exception <a 'java/lang/NoClassDefFoundError'{0x00000004008a0330}> (0x00000004008a0330) thrown at [src/hotspot/share/oops/instanceKlass.cpp, line 1029]
Event: 0.783 Thread 0x00007f1850027800 Exception <a 'java/lang/NoClassDefFoundError'{0x00000004008a0330}> (0x00000004008a0330) thrown at [src/hotspot/share/oops/instanceKlass.cpp, line 1029]
Event: 1.012 Thread 0x00007f1850027800 Exception <a 'java/lang/NoSuchMethodError'{0x0000000400baa330}: 'void java.lang.invoke.DirectMethodHandle$Holder.invokeStaticInit(java.lang.Object, java.lang.Object, java.lang.Object, java.lang.Object, java.lang.Object)'> (0x0000000400baa330) thrown at [src/hotspot/share/interpreter/linkResolver.cpp, line 772]
Event: 1.111 Thread 0x00007f1850027800 Exception <a 'java/lang/NoSuchMethodError'{0x0000000400d0c5a0}: 'java.lang.Object java.lang.invoke.DirectMethodHandle$Holder.newInvokeSpecial(java.lang.Object, java.lang.Object, java.lang.Object)'> (0x0000000400d0c5a0) thrown at [src/hotspot/share/interpreter/linkResolver.cpp, line 772]
Event: 1.118 Thread 0x00007f1850027800 Exception <a 'java/lang/NoSuchMethodError'{0x0000000400d0cf30}: 'int java.lang.invoke.DirectMethodHandle$Holder.invokeStaticInit(java.lang.Object, java.lang.Object, java.lang.Object)'> (0x0000000400d0cf30) thrown at [src/hotspot/share/interpreter/linkResolver.cpp, line 772]
Event: 1.353 Thread 0x00007f1850027800 Exception <a 'java/lang/NoSuchMethodError'{0x00000004012cf560}: 'int java.lang.invoke.DirectMethodHandle$Holder.invokeVirtual(java.lang.Object, java.lang.Object)'> (0x00000004012cf560) thrown at [src/hotspot/share/interpreter/linkResolver.cpp, line 772]
Event: 1.356 Thread 0x00007f1850027800 Exception <a 'java/lang/NoSuchMethodError'{0x00000004012d08a0}: 'void java.lang.invoke.DirectMethodHandle$Holder.invokeStaticInit(java.lang.Object, java.lang.Object)'> (0x00000004012d08a0) thrown at [src/hotspot/share/interpreter/linkResolver.cpp, line 772]
Event: 1.366 Thread 0x00007f1850027800 Exception <a 'java/lang/NoSuchMethodError'{0x00000004012d1530}: 'int java.lang.invoke.DirectMethodHandle$Holder.invokeSpecial(java.lang.Object, java.lang.Object, java.lang.Object, java.lang.Object)'> (0x00000004012d1530) thrown at [src/hotspot/share/interpreter/linkResolver.cpp, line 772]
Event: 2.168 Thread 0x00007f1850027800 Implicit null exception at 0x00007f18404b8c30 to 0x00007f18404ba1c4
Event: 3.878 Thread 0x00007f1850027800 Implicit null exception at 0x00007f184054b9b3 to 0x00007f184054dfbc
Event: 3.880 Thread 0x00007f1850027800 Implicit null exception at 0x00007f184054b9b3 to 0x00007f184054dfbc
Event: 4.268 Thread 0x00007f1850027800 Implicit null exception at 0x00007f184054b9b3 to 0x00007f184054dfbc
Event: 4.269 Thread 0x00007f1850027800 Implicit null exception at 0x00007f184054b9b3 to 0x00007f184054dfbc

Events (20 events):
Event: 3.086 Thread 0x00007f1674080800 Thread exited: 0x00007f1674080800
Event: 3.327 Thread 0x00007f167402e000 Thread exited: 0x00007f167402e000
Event: 3.770 Thread 0x00007f167402c800 Thread exited: 0x00007f167402c800
Event: 3.928 Thread 0x00007f167c001800 Thread exited: 0x00007f167c001800
Event: 4.267 Thread 0x00007f168408f000 Thread exited: 0x00007f168408f000
Event: 4.276 Thread 0x00007f16a0166000 Thread exited: 0x00007f16a0166000
Event: 4.802 Thread 0x00007f16a00b1800 Thread exited: 0x00007f16a00b1800
Event: 5.099 Thread 0x00007f16a0164800 Thread exited: 0x00007f16a0164800
Event: 5.137 Thread 0x00007f16a006c800 Thread exited: 0x00007f16a006c800
Event: 6.336 Thread 0x00007f169c178800 Thread added: 0x00007f169c178800
Event: 6.336 Protecting memory [0x00007f185586b000,0x00007f185586f000] with protection modes 0
Event: 6.743 Thread 0x00007f169c178800 Thread exited: 0x00007f169c178800
Event: 9.381 Thread 0x00007f16a0164800 Thread added: 0x00007f16a0164800
Event: 9.381 Protecting memory [0x00007f185586b000,0x00007f185586f000] with protection modes 0
Event: 9.877 Thread 0x00007f16a0164800 Thread exited: 0x00007f16a0164800
Event: 27.062 Thread 0x00007f16a000e800 Thread added: 0x00007f16a000e800
Event: 27.062 Protecting memory [0x00007f185586b000,0x00007f185586f000] with protection modes 0
Event: 27.604 Thread 0x00007f16a000e800 Thread exited: 0x00007f16a000e800
Event: 27.807 Executing VM operation: Dummy
Event: 31.989 Executing VM operation: Dummy done


Dynamic libraries:
400000000-800000000 rw-s 00000000 00:05 717                              /dev/fakeblk
800000000-8001a0000 rw-p 00000000 00:00 0 
8001a0000-840000000 ---p 00000000 00:00 0 
556a76dbf000-556a76dc0000 r--p 00000000 fe:01 395854                     /home/adam/jdk11u/build/linux-x86_64-normal-server-release/images/jdk/bin/java
556a76dc0000-556a76dc1000 r-xp 00001000 fe:01 395854                     /home/adam/jdk11u/build/linux-x86_64-normal-server-release/images/jdk/bin/java
556a76dc1000-556a76dc2000 r--p 00002000 fe:01 395854                     /home/adam/jdk11u/build/linux-x86_64-normal-server-release/images/jdk/bin/java
556a76dc2000-556a76dc3000 r--p 00002000 fe:01 395854                     /home/adam/jdk11u/build/linux-x86_64-normal-server-release/images/jdk/bin/java
556a76dc3000-556a76dc4000 rw-p 00003000 fe:01 395854                     /home/adam/jdk11u/build/linux-x86_64-normal-server-release/images/jdk/bin/java
556a774a9000-556a774ca000 rw-p 00000000 00:00 0                          [heap]
7f1664000000-7f16648b1000 rw-p 00000000 00:00 0 
7f16648b1000-7f1668000000 ---p 00000000 00:00 0 
7f166c000000-7f166c76c000 rw-p 00000000 00:00 0 
7f166c76c000-7f1670000000 ---p 00000000 00:00 0 
7f1670000000-7f1670a0a000 rw-p 00000000 00:00 0 
7f1670a0a000-7f1674000000 ---p 00000000 00:00 0 
7f1674000000-7f16748fe000 rw-p 00000000 00:00 0 
7f16748fe000-7f1678000000 ---p 00000000 00:00 0 
7f1678000000-7f167872f000 rw-p 00000000 00:00 0 
7f167872f000-7f167c000000 ---p 00000000 00:00 0 
7f167c000000-7f167c021000 rw-p 00000000 00:00 0 
7f167c021000-7f1680000000 ---p 00000000 00:00 0 
7f1680000000-7f1680079000 rw-p 00000000 00:00 0 
7f1680079000-7f1684000000 ---p 00000000 00:00 0 
7f1684000000-7f1684935000 rw-p 00000000 00:00 0 
7f1684935000-7f1688000000 ---p 00000000 00:00 0 
7f1688000000-7f1688021000 rw-p 00000000 00:00 0 
7f1688021000-7f168c000000 ---p 00000000 00:00 0 
7f168c000000-7f168c021000 rw-p 00000000 00:00 0 
7f168c021000-7f1690000000 ---p 00000000 00:00 0 
7f1690000000-7f1690021000 rw-p 00000000 00:00 0 
7f1690021000-7f1694000000 ---p 00000000 00:00 0 
7f1694000000-7f1694021000 rw-p 00000000 00:00 0 
7f1694021000-7f1698000000 ---p 00000000 00:00 0 
7f1698000000-7f1698143000 rw-p 00000000 00:00 0 
7f1698143000-7f169c000000 ---p 00000000 00:00 0 
7f169c000000-7f169f3bc000 rw-p 00000000 00:00 0 
7f169f3bc000-7f16a0000000 ---p 00000000 00:00 0 
7f16a0000000-7f16a0256000 rw-p 00000000 00:00 0 
7f16a0256000-7f16a4000000 ---p 00000000 00:00 0 
7f16a4000000-7f16a4021000 rw-p 00000000 00:00 0 
7f16a4021000-7f16a8000000 ---p 00000000 00:00 0 
7f16a8000000-7f16a8021000 rw-p 00000000 00:00 0 
7f16a8021000-7f16ac000000 ---p 00000000 00:00 0 
7f16ac000000-7f16ac021000 rw-p 00000000 00:00 0 
7f16ac021000-7f16b0000000 ---p 00000000 00:00 0 
7f16b0000000-7f16b0021000 rw-p 00000000 00:00 0 
7f16b0021000-7f16b4000000 ---p 00000000 00:00 0 
7f16b4000000-7f16b408d000 rw-p 00000000 00:00 0 
7f16b408d000-7f16b8000000 ---p 00000000 00:00 0 
7f16b8812000-7f1838812000 rw-s 00000000 00:18 144                        /dev/shm/prout
7f1838812000-7f1838b82000 rwxp 00000000 00:00 0 
7f1838b82000-7f1838fe0000 ---p 00000000 00:00 0 
7f1838fe0000-7f1839420000 rwxp 00000000 00:00 0 
7f1839420000-7f18403f9000 ---p 00000000 00:00 0 
7f18403f9000-7f1840669000 rwxp 00000000 00:00 0 
7f1840669000-7f1847812000 ---p 00000000 00:00 0 
7f1847812000-7f1850000000 r--s 00000000 fe:01 393589                     /home/adam/jdk11u/build/linux-x86_64-normal-server-release/images/jdk/lib/modules
7f1850000000-7f18508ad000 rw-p 00000000 00:00 0 
7f18508ad000-7f1854000000 ---p 00000000 00:00 0 
7f185452c000-7f1854533000 r--s 00000000 fe:01 789188                     /usr/lib/x86_64-linux-gnu/gconv/gconv-modules.cache
7f1854533000-7f1854537000 ---p 00000000 00:00 0 
7f1854537000-7f1854634000 rw-p 00000000 00:00 0 
7f1854634000-7f1854638000 ---p 00000000 00:00 0 
7f1854638000-7f1854735000 rw-p 00000000 00:00 0 
7f1854735000-7f1854739000 ---p 00000000 00:00 0 
7f1854739000-7f1854836000 rw-p 00000000 00:00 0 
7f1854836000-7f185483a000 ---p 00000000 00:00 0 
7f185483a000-7f1854937000 rw-p 00000000 00:00 0 
7f1854937000-7f185493b000 ---p 00000000 00:00 0 
7f185493b000-7f1854a38000 rw-p 00000000 00:00 0 
7f1854a38000-7f1854a3c000 ---p 00000000 00:00 0 
7f1854a3c000-7f1854b39000 rw-p 00000000 00:00 0 
7f1854b39000-7f1854b3d000 ---p 00000000 00:00 0 
7f1854b3d000-7f1854cfa000 rw-p 00000000 00:00 0 
7f1854cfa000-7f1854e3e000 ---p 00000000 00:00 0 
7f1854e3e000-7f185513b000 rw-p 00000000 00:00 0 
7f185513b000-7f185533b000 rw-p 00000000 00:00 0 
7f185533b000-7f185553b000 rw-p 00000000 00:00 0 
7f185553b000-7f185553f000 ---p 00000000 00:00 0 
7f185553f000-7f185563c000 rw-p 00000000 00:00 0 
7f185563c000-7f1855640000 r--p 00000000 fe:01 395867                     /home/adam/jdk11u/build/linux-x86_64-normal-server-release/images/jdk/lib/libnet.so
7f1855640000-7f185564f000 r-xp 00004000 fe:01 395867                     /home/adam/jdk11u/build/linux-x86_64-normal-server-release/images/jdk/lib/libnet.so
7f185564f000-7f1855653000 r--p 00013000 fe:01 395867                     /home/adam/jdk11u/build/linux-x86_64-normal-server-release/images/jdk/lib/libnet.so
7f1855653000-7f1855654000 r--p 00016000 fe:01 395867                     /home/adam/jdk11u/build/linux-x86_64-normal-server-release/images/jdk/lib/libnet.so
7f1855654000-7f1855655000 rw-p 00017000 fe:01 395867                     /home/adam/jdk11u/build/linux-x86_64-normal-server-release/images/jdk/lib/libnet.so
7f1855655000-7f185565c000 r--p 00000000 fe:01 395866                     /home/adam/jdk11u/build/linux-x86_64-normal-server-release/images/jdk/lib/libnio.so
7f185565c000-7f1855663000 r-xp 00007000 fe:01 395866                     /home/adam/jdk11u/build/linux-x86_64-normal-server-release/images/jdk/lib/libnio.so
7f1855663000-7f1855666000 r--p 0000e000 fe:01 395866                     /home/adam/jdk11u/build/linux-x86_64-normal-server-release/images/jdk/lib/libnio.so
7f1855666000-7f1855667000 r--p 00010000 fe:01 395866                     /home/adam/jdk11u/build/linux-x86_64-normal-server-release/images/jdk/lib/libnio.so
7f1855667000-7f1855668000 rw-p 00011000 fe:01 395866                     /home/adam/jdk11u/build/linux-x86_64-normal-server-release/images/jdk/lib/libnio.so
7f1855668000-7f185566c000 ---p 00000000 00:00 0 
7f185566c000-7f1855769000 rw-p 00000000 00:00 0 
7f1855769000-7f185576a000 ---p 00000000 00:00 0 
7f185576a000-7f185586b000 rw-p 00000000 00:00 0 
7f185586b000-7f185586f000 ---p 00000000 00:00 0 
7f185586f000-7f185596c000 rw-p 00000000 00:00 0 
7f185596c000-7f1855970000 ---p 00000000 00:00 0 
7f1855970000-7f1855a6d000 rw-p 00000000 00:00 0 
7f1855a6d000-7f1855a71000 ---p 00000000 00:00 0 
7f1855a71000-7f1855b6e000 rw-p 00000000 00:00 0 
7f1855b6e000-7f1855b72000 ---p 00000000 00:00 0 
7f1855b72000-7f1855c6f000 rw-p 00000000 00:00 0 
7f1855c6f000-7f1855c73000 ---p 00000000 00:00 0 
7f1855c73000-7f1855d70000 rw-p 00000000 00:00 0 
7f1855d70000-7f1855d74000 ---p 00000000 00:00 0 
7f1855d74000-7f1855e71000 rw-p 00000000 00:00 0 
7f1855e71000-7f1856158000 r--p 00000000 fe:01 786832                     /usr/lib/locale/locale-archive
7f1856158000-7f185615c000 ---p 00000000 00:00 0 
7f185615c000-7f1856259000 rw-p 00000000 00:00 0 
7f1856259000-7f185625d000 ---p 00000000 00:00 0 
7f185625d000-7f185635a000 rw-p 00000000 00:00 0 
7f185635a000-7f185635b000 ---p 00000000 00:00 0 
7f185635b000-7f1856d38000 rw-p 00000000 00:00 0 
7f1856d38000-7f1856d3d000 rw-p 00000000 00:00 0 
7f1856d3d000-7f1856e21000 ---p 00000000 00:00 0 
7f1856e21000-7f1856e2a000 rw-p 00000000 00:00 0 
7f1856e2a000-7f1856f0a000 ---p 00000000 00:00 0 
7f1856f0a000-7f1856f11000 rw-p 00000000 00:00 0 
7f1856f11000-7f1856f1a000 ---p 00000000 00:00 0 
7f1856f1a000-7f1856f1d000 r--p 00000000 fe:01 787101                     /usr/lib/x86_64-linux-gnu/libnss_files-2.31.so
7f1856f1d000-7f1856f24000 r-xp 00003000 fe:01 787101                     /usr/lib/x86_64-linux-gnu/libnss_files-2.31.so
7f1856f24000-7f1856f26000 r--p 0000a000 fe:01 787101                     /usr/lib/x86_64-linux-gnu/libnss_files-2.31.so
7f1856f26000-7f1856f27000 r--p 0000b000 fe:01 787101                     /usr/lib/x86_64-linux-gnu/libnss_files-2.31.so
7f1856f27000-7f1856f28000 rw-p 0000c000 fe:01 787101                     /usr/lib/x86_64-linux-gnu/libnss_files-2.31.so
7f1856f28000-7f1856f2e000 rw-p 00000000 00:00 0 
7f1856f32000-7f1856f34000 r--p 00000000 fe:01 395875                     /home/adam/jdk11u/build/linux-x86_64-normal-server-release/images/jdk/lib/libzip.so
7f1856f34000-7f1856f38000 r-xp 00002000 fe:01 395875                     /home/adam/jdk11u/build/linux-x86_64-normal-server-release/images/jdk/lib/libzip.so
7f1856f38000-7f1856f3a000 r--p 00006000 fe:01 395875                     /home/adam/jdk11u/build/linux-x86_64-normal-server-release/images/jdk/lib/libzip.so
7f1856f3a000-7f1856f3b000 r--p 00007000 fe:01 395875                     /home/adam/jdk11u/build/linux-x86_64-normal-server-release/images/jdk/lib/libzip.so
7f1856f3b000-7f1856f3c000 rw-p 00008000 fe:01 395875                     /home/adam/jdk11u/build/linux-x86_64-normal-server-release/images/jdk/lib/libzip.so
7f1856f3c000-7f1856f44000 rw-s 00000000 fe:01 2359407                    /tmp/hsperfdata_root/386288
7f1856f44000-7f1856f48000 r--p 00000000 fe:01 395862                     /home/adam/jdk11u/build/linux-x86_64-normal-server-release/images/jdk/lib/libjimage.so
7f1856f48000-7f1856f5b000 r-xp 00004000 fe:01 395862                     /home/adam/jdk11u/build/linux-x86_64-normal-server-release/images/jdk/lib/libjimage.so
7f1856f5b000-7f1856f61000 r--p 00017000 fe:01 395862                     /home/adam/jdk11u/build/linux-x86_64-normal-server-release/images/jdk/lib/libjimage.so
7f1856f61000-7f1856f63000 r--p 0001c000 fe:01 395862                     /home/adam/jdk11u/build/linux-x86_64-normal-server-release/images/jdk/lib/libjimage.so
7f1856f63000-7f1856f64000 rw-p 0001e000 fe:01 395862                     /home/adam/jdk11u/build/linux-x86_64-normal-server-release/images/jdk/lib/libjimage.so
7f1856f64000-7f1856f72000 r--p 00000000 fe:01 395874                     /home/adam/jdk11u/build/linux-x86_64-normal-server-release/images/jdk/lib/libjava.so
7f1856f72000-7f1856f88000 r-xp 0000e000 fe:01 395874                     /home/adam/jdk11u/build/linux-x86_64-normal-server-release/images/jdk/lib/libjava.so
7f1856f88000-7f1856f8f000 r--p 00024000 fe:01 395874                     /home/adam/jdk11u/build/linux-x86_64-normal-server-release/images/jdk/lib/libjava.so
7f1856f8f000-7f1856f90000 r--p 0002a000 fe:01 395874                     /home/adam/jdk11u/build/linux-x86_64-normal-server-release/images/jdk/lib/libjava.so
7f1856f90000-7f1856f91000 rw-p 0002b000 fe:01 395874                     /home/adam/jdk11u/build/linux-x86_64-normal-server-release/images/jdk/lib/libjava.so
7f1856f91000-7f1856f92000 rw-p 00000000 00:00 0 
7f1856f92000-7f1856f96000 ---p 00000000 00:00 0 
7f1856f96000-7f1857093000 rw-p 00000000 00:00 0 
7f1857093000-7f18570a0000 r--p 00000000 fe:01 787094                     /usr/lib/x86_64-linux-gnu/libm-2.31.so
7f18570a0000-7f185713a000 r-xp 0000d000 fe:01 787094                     /usr/lib/x86_64-linux-gnu/libm-2.31.so
7f185713a000-7f18571d5000 r--p 000a7000 fe:01 787094                     /usr/lib/x86_64-linux-gnu/libm-2.31.so
7f18571d5000-7f18571d6000 r--p 00141000 fe:01 787094                     /usr/lib/x86_64-linux-gnu/libm-2.31.so
7f18571d6000-7f18571d7000 rw-p 00142000 fe:01 787094                     /usr/lib/x86_64-linux-gnu/libm-2.31.so
7f18571d7000-7f18571d9000 r--p 00000000 fe:01 787107                     /usr/lib/x86_64-linux-gnu/librt-2.31.so
7f18571d9000-7f18571dd000 r-xp 00002000 fe:01 787107                     /usr/lib/x86_64-linux-gnu/librt-2.31.so
7f18571dd000-7f18571df000 r--p 00006000 fe:01 787107                     /usr/lib/x86_64-linux-gnu/librt-2.31.so
7f18571df000-7f18571e0000 r--p 00007000 fe:01 787107                     /usr/lib/x86_64-linux-gnu/librt-2.31.so
7f18571e0000-7f18571e1000 rw-p 00008000 fe:01 787107                     /usr/lib/x86_64-linux-gnu/librt-2.31.so
7f18571e1000-7f185745d000 r--p 00000000 fe:01 395861                     /home/adam/jdk11u/build/linux-x86_64-normal-server-release/images/jdk/lib/server/libjvm.so
7f185745d000-7f185804f000 r-xp 0027c000 fe:01 395861                     /home/adam/jdk11u/build/linux-x86_64-normal-server-release/images/jdk/lib/server/libjvm.so
7f185804f000-7f18582a4000 r--p 00e6e000 fe:01 395861                     /home/adam/jdk11u/build/linux-x86_64-normal-server-release/images/jdk/lib/server/libjvm.so
7f18582a4000-7f1858367000 r--p 010c2000 fe:01 395861                     /home/adam/jdk11u/build/linux-x86_64-normal-server-release/images/jdk/lib/server/libjvm.so
7f1858367000-7f18583a1000 rw-p 01185000 fe:01 395861                     /home/adam/jdk11u/build/linux-x86_64-normal-server-release/images/jdk/lib/server/libjvm.so
7f18583a1000-7f18583fa000 rw-p 00000000 00:00 0 
7f18583fa000-7f1858400000 r--p 00000000 fe:01 787105                     /usr/lib/x86_64-linux-gnu/libpthread-2.31.so
7f1858400000-7f1858410000 r-xp 00006000 fe:01 787105                     /usr/lib/x86_64-linux-gnu/libpthread-2.31.so
7f1858410000-7f1858416000 r--p 00016000 fe:01 787105                     /usr/lib/x86_64-linux-gnu/libpthread-2.31.so
7f1858416000-7f1858417000 r--p 0001b000 fe:01 787105                     /usr/lib/x86_64-linux-gnu/libpthread-2.31.so
7f1858417000-7f1858418000 rw-p 0001c000 fe:01 787105                     /usr/lib/x86_64-linux-gnu/libpthread-2.31.so
7f1858418000-7f185841c000 rw-p 00000000 00:00 0 
7f185841c000-7f185841d000 r--p 00000000 fe:01 787091                     /usr/lib/x86_64-linux-gnu/libdl-2.31.so
7f185841d000-7f185841f000 r-xp 00001000 fe:01 787091                     /usr/lib/x86_64-linux-gnu/libdl-2.31.so
7f185841f000-7f1858420000 r--p 00003000 fe:01 787091                     /usr/lib/x86_64-linux-gnu/libdl-2.31.so
7f1858420000-7f1858421000 r--p 00003000 fe:01 787091                     /usr/lib/x86_64-linux-gnu/libdl-2.31.so
7f1858421000-7f1858422000 rw-p 00004000 fe:01 787091                     /usr/lib/x86_64-linux-gnu/libdl-2.31.so
7f1858422000-7f1858425000 r--p 00000000 fe:01 788525                     /usr/lib/x86_64-linux-gnu/libz.so.1.2.11
7f1858425000-7f1858436000 r-xp 00003000 fe:01 788525                     /usr/lib/x86_64-linux-gnu/libz.so.1.2.11
7f1858436000-7f185843c000 r--p 00014000 fe:01 788525                     /usr/lib/x86_64-linux-gnu/libz.so.1.2.11
7f185843c000-7f185843d000 ---p 0001a000 fe:01 788525                     /usr/lib/x86_64-linux-gnu/libz.so.1.2.11
7f185843d000-7f185843e000 r--p 0001a000 fe:01 788525                     /usr/lib/x86_64-linux-gnu/libz.so.1.2.11
7f185843e000-7f185843f000 rw-p 0001b000 fe:01 788525                     /usr/lib/x86_64-linux-gnu/libz.so.1.2.11
7f185843f000-7f1858461000 r--p 00000000 fe:01 787090                     /usr/lib/x86_64-linux-gnu/libc-2.31.so
7f1858461000-7f18585ba000 r-xp 00022000 fe:01 787090                     /usr/lib/x86_64-linux-gnu/libc-2.31.so
7f18585ba000-7f1858609000 r--p 0017b000 fe:01 787090                     /usr/lib/x86_64-linux-gnu/libc-2.31.so
7f1858609000-7f185860d000 r--p 001c9000 fe:01 787090                     /usr/lib/x86_64-linux-gnu/libc-2.31.so
7f185860d000-7f185860f000 rw-p 001cd000 fe:01 787090                     /usr/lib/x86_64-linux-gnu/libc-2.31.so
7f185860f000-7f1858613000 rw-p 00000000 00:00 0 
7f1858615000-7f1858616000 ---p 00000000 00:00 0 
7f1858616000-7f1858617000 r--p 00000000 00:00 0 
7f1858617000-7f185861c000 r--p 00000000 fe:01 395864                     /home/adam/jdk11u/build/linux-x86_64-normal-server-release/images/jdk/lib/libverify.so
7f185861c000-7f1858623000 r-xp 00005000 fe:01 395864                     /home/adam/jdk11u/build/linux-x86_64-normal-server-release/images/jdk/lib/libverify.so
7f1858623000-7f1858625000 r--p 0000c000 fe:01 395864                     /home/adam/jdk11u/build/linux-x86_64-normal-server-release/images/jdk/lib/libverify.so
7f1858625000-7f1858626000 ---p 0000e000 fe:01 395864                     /home/adam/jdk11u/build/linux-x86_64-normal-server-release/images/jdk/lib/libverify.so
7f1858626000-7f1858628000 r--p 0000e000 fe:01 395864                     /home/adam/jdk11u/build/linux-x86_64-normal-server-release/images/jdk/lib/libverify.so
7f1858628000-7f1858629000 rw-p 00010000 fe:01 395864                     /home/adam/jdk11u/build/linux-x86_64-normal-server-release/images/jdk/lib/libverify.so
7f1858629000-7f185862c000 r--p 00000000 fe:01 395870                     /home/adam/jdk11u/build/linux-x86_64-normal-server-release/images/jdk/lib/jli/libjli.so
7f185862c000-7f1858636000 r-xp 00003000 fe:01 395870                     /home/adam/jdk11u/build/linux-x86_64-normal-server-release/images/jdk/lib/jli/libjli.so
7f1858636000-7f1858639000 r--p 0000d000 fe:01 395870                     /home/adam/jdk11u/build/linux-x86_64-normal-server-release/images/jdk/lib/jli/libjli.so
7f1858639000-7f185863a000 ---p 00010000 fe:01 395870                     /home/adam/jdk11u/build/linux-x86_64-normal-server-release/images/jdk/lib/jli/libjli.so
7f185863a000-7f185863b000 r--p 00010000 fe:01 395870                     /home/adam/jdk11u/build/linux-x86_64-normal-server-release/images/jdk/lib/jli/libjli.so
7f185863b000-7f185863c000 rw-p 00011000 fe:01 395870                     /home/adam/jdk11u/build/linux-x86_64-normal-server-release/images/jdk/lib/jli/libjli.so
7f185863c000-7f185863e000 rw-p 00000000 00:00 0 
7f185863e000-7f185863f000 r--p 00000000 fe:01 786446                     /usr/lib/x86_64-linux-gnu/ld-2.31.so
7f185863f000-7f185865f000 r-xp 00001000 fe:01 786446                     /usr/lib/x86_64-linux-gnu/ld-2.31.so
7f185865f000-7f1858667000 r--p 00021000 fe:01 786446                     /usr/lib/x86_64-linux-gnu/ld-2.31.so
7f1858668000-7f1858669000 r--p 00029000 fe:01 786446                     /usr/lib/x86_64-linux-gnu/ld-2.31.so
7f1858669000-7f185866a000 rw-p 0002a000 fe:01 786446                     /usr/lib/x86_64-linux-gnu/ld-2.31.so
7f185866a000-7f185866b000 rw-p 00000000 00:00 0 
7ffd2ee0a000-7ffd2ee2b000 rw-p 00000000 00:00 0                          [stack]
7ffd2ef4f000-7ffd2ef53000 r--p 00000000 00:00 0                          [vvar]
7ffd2ef53000-7ffd2ef55000 r-xp 00000000 00:00 0                          [vdso]


VM Arguments:
jvm_args: -XX:AllocateHeapAt=/dev/fakeblk -Xlog:gc=debug -XX:-OptimizeStringConcat -XX:+UnlockExperimentalVMOptions -XX:+UseEpsilonGC -Xnoclassgc -XX:-ClassUnloading -Xms16g -Xmx16g 
java_command: ../dacapo-23.11-chopin.jar h2
java_class_path (initial): ../dacapo-23.11-chopin.jar
Launcher Type: SUN_STANDARD

[Global flags]
    ccstr AllocateHeapAt                           = /dev/fakeblk                              {product} {command line}
     intx CICompilerCount                          = 15                                        {product} {ergonomic}
     bool ClassUnloading                           = false                                     {product} {command line}
     bool ClassUnloadingWithConcurrentMark         = false                                     {product} {command line}
   size_t InitialHeapSize                          = 17179869184                               {product} {command line}
   size_t MaxHeapSize                              = 17179869184                               {product} {command line}
   size_t MinHeapDeltaBytes                        = 172032                                    {product} {ergonomic}
    uintx NonNMethodCodeHeapSize                   = 8182140                                {pd product} {ergonomic}
    uintx NonProfiledCodeHeapSize                  = 121738050                              {pd product} {ergonomic}
     bool OptimizeStringConcat                     = false                                  {C2 product} {command line}
    uintx ProfiledCodeHeapSize                     = 121738050                              {pd product} {ergonomic}
    uintx ReservedCodeCacheSize                    = 251658240                              {pd product} {ergonomic}
     bool SegmentedCodeCache                       = true                                      {product} {ergonomic}
     bool UnlockExperimentalVMOptions              = true                                 {experimental} {command line}
     bool UseCompressedClassPointers               = true                                 {lp64_product} {ergonomic}
     bool UseCompressedOops                        = true                                 {lp64_product} {ergonomic}
     bool UseEpsilonGC                             = true                                 {experimental} {command line}

Logging:
Log output configuration:
 #0: stdout all=warning,gc=debug uptime,level,tags
 #1: stderr all=off uptime,level,tags

Environment Variables:
PATH=/usr/local/sbin:/usr/local/bin:/usr/sbin:/usr/bin:/sbin:/bin
SHELL=/bin/bash
LANG=en_US.UTF-8

Signal Handlers:
SIGSEGV: [libjvm.so+0xde2ed0], sa_mask[0]=11111111011111111101111111111110, sa_flags=SA_RESTART|SA_SIGINFO
SIGBUS: [libjvm.so+0xde2ed0], sa_mask[0]=11111111011111111101111111111110, sa_flags=SA_RESTART|SA_SIGINFO
SIGFPE: [libjvm.so+0xde2ed0], sa_mask[0]=11111111011111111101111111111110, sa_flags=SA_RESTART|SA_SIGINFO
SIGPIPE: [libjvm.so+0xbddd30], sa_mask[0]=11111111011111111101111111111110, sa_flags=SA_RESTART|SA_SIGINFO
SIGXFSZ: [libjvm.so+0xbddd30], sa_mask[0]=11111111011111111101111111111110, sa_flags=SA_RESTART|SA_SIGINFO
SIGILL: [libjvm.so+0xde2ed0], sa_mask[0]=11111111011111111101111111111110, sa_flags=SA_RESTART|SA_SIGINFO
SIGUSR2: [libjvm.so+0x2d0520], sa_mask[0]=00000000000100000000000000000000, sa_flags=SA_RESTART
SIGHUP: [libjvm.so+0xbde460], sa_mask[0]=11111111011111111101111111111110, sa_flags=SA_RESTART|SA_SIGINFO
SIGINT: [libjvm.so+0xbde460], sa_mask[0]=11111111011111111101111111111110, sa_flags=SA_RESTART|SA_SIGINFO
SIGTERM: [libjvm.so+0xbde460], sa_mask[0]=11111111011111111101111111111110, sa_flags=SA_RESTART|SA_SIGINFO
SIGQUIT: [libjvm.so+0xbde460], sa_mask[0]=11111111011111111101111111111110, sa_flags=SA_RESTART|SA_SIGINFO


---------------  S Y S T E M  ---------------

OS:PRETTY_NAME="Debian GNU/Linux 11 (bullseye)"
NAME="Debian GNU/Linux"
VERSION_ID="11"
VERSION="11 (bullseye)"
VERSION_CODENAME=bullseye
ID=debian
HOME_URL="https://www.debian.org/"
SUPPORT_URL="https://www.debian.org/support"
BUG_REPORT_URL="https://bugs.debian.org/"
uname:Linux 5.10.0-28-amd64 #1 SMP Debian 5.10.209-2 (2024-01-31) x86_64
OS uptime: 23 days 4:27 hours
libc:glibc 2.31 NPTL 2.31 
rlimit (soft/hard): STACK 8192k/infinity , CORE 0k/infinity , NPROC 257010/257010 , NOFILE 1048576/1048576 , AS infinity/infinity , CPU infinity/infinity , DATA infinity/infinity , FSIZE infinity/infinity , MEMLOCK 8230515k/8230515k
load average:8.61 3.09 1.72

/proc/meminfo:
MemTotal:       65844120 kB
MemFree:        15138268 kB
MemAvailable:   24408752 kB
Buffers:         2944488 kB
Cached:         28538388 kB
SwapCached:        30460 kB
Active:         20944456 kB
Inactive:       10822228 kB
Active(anon):   16788272 kB
Inactive(anon):  5515860 kB
Active(file):    4156184 kB
Inactive(file):  5306368 kB
Unevictable:           0 kB
Mlocked:               0 kB
SwapTotal:        998396 kB
SwapFree:         909256 kB
Dirty:               604 kB
Writeback:             0 kB
AnonPages:        257448 kB
Mapped:         24832516 kB
Shmem:          22020292 kB
KReclaimable:     538932 kB
Slab:            5052720 kB
SReclaimable:     538932 kB
SUnreclaim:      4513788 kB
KernelStack:        7600 kB
PageTables:        63640 kB
NFS_Unstable:          0 kB
Bounce:                0 kB
WritebackTmp:          0 kB
CommitLimit:    33920456 kB
Committed_AS:   23147628 kB
VmallocTotal:   34359738367 kB
VmallocUsed:     8949632 kB
VmallocChunk:          0 kB
Percpu:            24576 kB
HardwareCorrupted:     0 kB
AnonHugePages:     45056 kB
ShmemHugePages:        0 kB
ShmemPmdMapped:        0 kB
FileHugePages:         0 kB
FilePmdMapped:         0 kB
HugePages_Total:       0
HugePages_Free:        0
HugePages_Rsvd:        0
HugePages_Surp:        0
Hugepagesize:       2048 kB
Hugetlb:               0 kB
DirectMap4k:     3489644 kB
DirectMap2M:    62570496 kB
DirectMap1G:     3145728 kB

/sys/kernel/mm/transparent_hugepage/enabled:
[always] madvise never
/sys/kernel/mm/transparent_hugepage/defrag (defrag/compaction efforts parameter):
always defer defer+madvise [madvise] never

Process Memory:
Virtual Size: 25945548K (peak: 26011056K)
Resident Set Size: 3187832K (peak: 3187832K) (anon: 89524K, file: 2747788K, shmem: 350520K)
Swapped out: 0K
C-Heap outstanding allocations: 12153K, retained: 53482K
glibc malloc tunables: (default)

/proc/sys/kernel/threads-max (system-wide limit on the number of threads):
514021
/proc/sys/vm/max_map_count (maximum number of memory map areas a process may have):
65530
/proc/sys/kernel/pid_max (system-wide limit on number of process identifiers):
4194304

container (cgroup) information:
container_type: cgroupv2
cpu_cpuset_cpus: not supported
cpu_memory_nodes: not supported
active_processor_count: 32
cpu_quota: not supported
cpu_period: not supported
cpu_shares: not supported
memory_limit_in_bytes: unlimited
memory_and_swap_limit_in_bytes: unlimited
memory_soft_limit_in_bytes: unlimited
memory_usage_in_bytes: 32743387136
memory_max_usage_in_bytes: not supported

KVM virtualization detected
Steal ticks since vm start: 7
Steal ticks percentage since vm start:  0.000

CPU:total 32 (initial active 32) (1 cores per cpu, 1 threads per core) family 16 model 2 stepping 3 microcode 0x1000065, cmov, cx8, fxsr, mmx, sse, sse2, sse3, popcnt, mmxext, 3dnowpref, lzcnt, sse4a, tsc
CPU Model and flags from /proc/cpuinfo:
model name	: AMD Opteron 23xx (Gen 3 Class Opteron)
flags		: fpu vme de pse tsc msr pae mce cx8 apic sep mtrr pge mca cmov pat pse36 clflush mmx fxsr sse sse2 syscall nx mmxext fxsr_opt pdpe1gb rdtscp lm 3dnowext 3dnow rep_good nopl cpuid extd_apicid tsc_known_freq pni cx16 x2apic popcnt tsc_deadline_timer hypervisor lahf_lm cmp_legacy cr8_legacy abm sse4a misalignsse 3dnowprefetch osvw vmmcall arat
Online cpus:
0-31
Offline cpus:

BIOS frequency limitation:
<Not Available>
Frequency switch latency (ns):
<Not Available>
Available cpu frequencies:
<Not Available>
Current governor:
<Not Available>
Core performance/turbo boost:
<Not Available>

Memory: 4k page, physical 65844120k(15138268k free), swap 998396k(909256k free)

vm_info: OpenJDK 64-Bit Server VM (11.0.16-internal+0-adhoc.adam.jdk11u) for linux-amd64 JRE (11.0.16-internal+0-adhoc.adam.jdk11u), built on Oct  3 2024 13:54:23 by "adam" with gcc 10.2.1 20210110

END.
