#
# A fatal error has been detected by the Java Runtime Environment:
#
#  SIGSEGV (0xb) at pc=0x00007f53b3bc6144, pid=334143, tid=334144
#
# JRE version: OpenJDK Runtime Environment (11.0.16) (build 11.0.16-internal+0-adhoc.adam.jdk11u)
# Java VM: OpenJDK 64-Bit Server VM (11.0.16-internal+0-adhoc.adam.jdk11u, mixed mode, tiered, compressed oops, epsilon gc, linux-amd64)
# Problematic frame:
# V  [libjvm.so+0x924144]  JVM_IsInterface+0x64
#
# No core dump will be written. Core dumps have been disabled. To enable core dumping, try "ulimit -c unlimited" before starting Java again
#
# If you would like to submit a bug report, please visit:
#   https://bugreport.java.com/bugreport/crash.jsp
#

---------------  S U M M A R Y ------------

Command Line: -XX:AllocateHeapAt=/dev/fakeblk -Xlog:gc=debug -XX:+UnlockExperimentalVMOptions -XX:-UseTLAB -XX:+UseEpsilonGC -Xnoclassgc -Xmx16g org.apache.spark.deploy.SparkSubmit --master local[*] --class WordCount /home/adam/Spark_benchmark/spark_run/run.jar

Host: Intel(R) Xeon(R) Silver 4208 CPU @ 2.10GHz, 8 cores, 1G, Debian GNU/Linux 11 (bullseye)
Time: Tue Jan 17 09:56:36 2023 CET elapsed time: 49.285023 seconds (0d 0h 0m 49s)

---------------  T H R E A D  ---------------

Current thread (0x00007f53ac02c000):  JavaThread "main" [_thread_in_vm, id=334144, stack(0x00007f53b305d000,0x00007f53b315e000)]

Stack: [0x00007f53b305d000,0x00007f53b315e000],  sp=0x00007f53b3159e20,  free space=1011k
Native frames: (J=compiled Java code, A=aot compiled Java code, j=interpreted, Vv=VM code, C=native code)
V  [libjvm.so+0x924144]  JVM_IsInterface+0x64
C  [libverify.so+0x685d]  merge_fullinfo_types+0x26d
C  [libverify.so+0x773a]  pop_stack+0xa5a
C  [libverify.so+0x9c16]  VerifyClassForMajorVersion+0x1566
V  [libjvm.so+0xdb981a]  Verifier::inference_verify(InstanceKlass*, char*, unsigned long, Thread*)+0x19a
V  [libjvm.so+0xdc9af9]  Verifier::verify(InstanceKlass*, Verifier::Mode, bool, Thread*)+0x4d9
V  [libjvm.so+0x85559e]  InstanceKlass::link_class_impl(bool, Thread*)+0x1de
V  [libjvm.so+0x856fc8]  InstanceKlass::initialize_impl(Thread*)+0x248
V  [libjvm.so+0x86eff9]  InterpreterRuntime::_new(JavaThread*, ConstantPool*, int)+0x1e9
j  org.apache.xerces.parsers.AbstractDOMParser.startDocument(Lorg/apache/xerces/xni/XMLLocator;Ljava/lang/String;Lorg/apache/xerces/xni/NamespaceContext;Lorg/apache/xerces/xni/Augmentations;)V+315
j  org.apache.xerces.xinclude.XIncludeHandler.startDocument(Lorg/apache/xerces/xni/XMLLocator;Ljava/lang/String;Lorg/apache/xerces/xni/NamespaceContext;Lorg/apache/xerces/xni/Augmentations;)V+179
j  org.apache.xerces.impl.dtd.XMLDTDValidator.startDocument(Lorg/apache/xerces/xni/XMLLocator;Ljava/lang/String;Lorg/apache/xerces/xni/NamespaceContext;Lorg/apache/xerces/xni/Augmentations;)V+91
j  org.apache.xerces.impl.XMLDocumentScannerImpl.startEntity(Ljava/lang/String;Lorg/apache/xerces/xni/XMLResourceIdentifier;Ljava/lang/String;Lorg/apache/xerces/xni/Augmentations;)V+64
j  org.apache.xerces.impl.XMLVersionDetector.startDocumentParsing(Lorg/apache/xerces/impl/XMLEntityHandler;S)V+62
j  org.apache.xerces.parsers.XML11Configuration.parse(Z)Z+93
j  org.apache.xerces.parsers.XML11Configuration.parse(Lorg/apache/xerces/xni/parser/XMLInputSource;)V+29
j  org.apache.xerces.parsers.XMLParser.parse(Lorg/apache/xerces/xni/parser/XMLInputSource;)V+9
j  org.apache.xerces.parsers.DOMParser.parse(Lorg/xml/sax/InputSource;)V+43
j  org.apache.xerces.jaxp.DocumentBuilderImpl.parse(Lorg/xml/sax/InputSource;)Lorg/w3c/dom/Document;+57
j  javax.xml.parsers.DocumentBuilder.parse(Ljava/io/InputStream;Ljava/lang/String;)Lorg/w3c/dom/Document;+30 java.xml@11.0.16-internal
j  org.apache.hadoop.conf.Configuration.parse(Ljavax/xml/parsers/DocumentBuilder;Ljava/io/InputStream;Ljava/lang/String;)Lorg/w3c/dom/Document;+56
j  org.apache.hadoop.conf.Configuration.parse(Ljavax/xml/parsers/DocumentBuilder;Ljava/net/URL;)Lorg/w3c/dom/Document;+51
j  org.apache.hadoop.conf.Configuration.loadResource(Ljava/util/Properties;Lorg/apache/hadoop/conf/Configuration$Resource;Z)Lorg/apache/hadoop/conf/Configuration$Resource;+150
j  org.apache.hadoop.conf.Configuration.loadResources(Ljava/util/Properties;Ljava/util/ArrayList;Z)V+49
j  org.apache.hadoop.conf.Configuration.getProps()Ljava/util/Properties;+43
j  org.apache.hadoop.conf.Configuration.set(Ljava/lang/String;Ljava/lang/String;Ljava/lang/String;)V+95
j  org.apache.hadoop.conf.Configuration.set(Ljava/lang/String;Ljava/lang/String;)V+4
j  org.apache.spark.deploy.SparkHadoopUtil$.org$apache$spark$deploy$SparkHadoopUtil$$appendSparkHadoopConfigs(Lorg/apache/spark/SparkConf;Lorg/apache/hadoop/conf/Configuration;)V+69
j  org.apache.spark.deploy.SparkHadoopUtil$.org$apache$spark$deploy$SparkHadoopUtil$$appendS3AndSparkHadoopHiveConfigurations(Lorg/apache/spark/SparkConf;Lorg/apache/hadoop/conf/Configuration;)V+105
j  org.apache.spark.deploy.SparkHadoopUtil$.newConfiguration(Lorg/apache/spark/SparkConf;)Lorg/apache/hadoop/conf/Configuration;+11
j  org.apache.spark.deploy.SparkSubmit.$anonfun$prepareSubmitEnvironment$2(Lorg/apache/spark/SparkConf;)Lorg/apache/hadoop/conf/Configuration;+4
j  org.apache.spark.deploy.SparkSubmit$$Lambda$176.apply()Ljava/lang/Object;+4
j  scala.Option.getOrElse(Lscala/Function0;)Ljava/lang/Object;+8
j  org.apache.spark.deploy.SparkSubmit.prepareSubmitEnvironment(Lorg/apache/spark/deploy/SparkSubmitArguments;Lscala/Option;)Lscala/Tuple4;+1436
j  org.apache.spark.deploy.SparkSubmit.org$apache$spark$deploy$SparkSubmit$$runMain(Lorg/apache/spark/deploy/SparkSubmitArguments;Z)V+6
j  org.apache.spark.deploy.SparkSubmit.doRunMain$1(Lorg/apache/spark/deploy/SparkSubmitArguments;Z)V+111
j  org.apache.spark.deploy.SparkSubmit.submit(Lorg/apache/spark/deploy/SparkSubmitArguments;Z)V+65
j  org.apache.spark.deploy.SparkSubmit.doSubmit([Ljava/lang/String;)V+78
j  org.apache.spark.deploy.SparkSubmit$$anon$2.doSubmit([Ljava/lang/String;)V+2
j  org.apache.spark.deploy.SparkSubmit$.main([Ljava/lang/String;)V+10
j  org.apache.spark.deploy.SparkSubmit.main([Ljava/lang/String;)V+4
v  ~StubRoutines::call_stub
V  [libjvm.so+0x877f03]  JavaCalls::call_helper(JavaValue*, methodHandle const&, JavaCallArguments*, Thread*)+0x353
V  [libjvm.so+0x8f46ad]  jni_invoke_static(JNIEnv_*, JavaValue*, _jobject*, JNICallType, _jmethodID*, JNI_ArgumentPusher*, Thread*) [clone .constprop.1]+0x24d
V  [libjvm.so+0x8f6d1c]  jni_CallStaticVoidMethod+0x15c
C  [libjli.so+0x55d7]  JavaMain+0xcf7
C  [libjli.so+0x9619]  ThreadJavaMain+0x9

Java frames: (J=compiled Java code, j=interpreted, Vv=VM code)
j  org.apache.xerces.parsers.AbstractDOMParser.startDocument(Lorg/apache/xerces/xni/XMLLocator;Ljava/lang/String;Lorg/apache/xerces/xni/NamespaceContext;Lorg/apache/xerces/xni/Augmentations;)V+315
j  org.apache.xerces.xinclude.XIncludeHandler.startDocument(Lorg/apache/xerces/xni/XMLLocator;Ljava/lang/String;Lorg/apache/xerces/xni/NamespaceContext;Lorg/apache/xerces/xni/Augmentations;)V+179
j  org.apache.xerces.impl.dtd.XMLDTDValidator.startDocument(Lorg/apache/xerces/xni/XMLLocator;Ljava/lang/String;Lorg/apache/xerces/xni/NamespaceContext;Lorg/apache/xerces/xni/Augmentations;)V+91
j  org.apache.xerces.impl.XMLDocumentScannerImpl.startEntity(Ljava/lang/String;Lorg/apache/xerces/xni/XMLResourceIdentifier;Ljava/lang/String;Lorg/apache/xerces/xni/Augmentations;)V+64
j  org.apache.xerces.impl.XMLVersionDetector.startDocumentParsing(Lorg/apache/xerces/impl/XMLEntityHandler;S)V+62
j  org.apache.xerces.parsers.XML11Configuration.parse(Z)Z+93
j  org.apache.xerces.parsers.XML11Configuration.parse(Lorg/apache/xerces/xni/parser/XMLInputSource;)V+29
j  org.apache.xerces.parsers.XMLParser.parse(Lorg/apache/xerces/xni/parser/XMLInputSource;)V+9
j  org.apache.xerces.parsers.DOMParser.parse(Lorg/xml/sax/InputSource;)V+43
j  org.apache.xerces.jaxp.DocumentBuilderImpl.parse(Lorg/xml/sax/InputSource;)Lorg/w3c/dom/Document;+57
j  javax.xml.parsers.DocumentBuilder.parse(Ljava/io/InputStream;Ljava/lang/String;)Lorg/w3c/dom/Document;+30 java.xml@11.0.16-internal
j  org.apache.hadoop.conf.Configuration.parse(Ljavax/xml/parsers/DocumentBuilder;Ljava/io/InputStream;Ljava/lang/String;)Lorg/w3c/dom/Document;+56
j  org.apache.hadoop.conf.Configuration.parse(Ljavax/xml/parsers/DocumentBuilder;Ljava/net/URL;)Lorg/w3c/dom/Document;+51
j  org.apache.hadoop.conf.Configuration.loadResource(Ljava/util/Properties;Lorg/apache/hadoop/conf/Configuration$Resource;Z)Lorg/apache/hadoop/conf/Configuration$Resource;+150
j  org.apache.hadoop.conf.Configuration.loadResources(Ljava/util/Properties;Ljava/util/ArrayList;Z)V+49
j  org.apache.hadoop.conf.Configuration.getProps()Ljava/util/Properties;+43
j  org.apache.hadoop.conf.Configuration.set(Ljava/lang/String;Ljava/lang/String;Ljava/lang/String;)V+95
j  org.apache.hadoop.conf.Configuration.set(Ljava/lang/String;Ljava/lang/String;)V+4
j  org.apache.spark.deploy.SparkHadoopUtil$.org$apache$spark$deploy$SparkHadoopUtil$$appendSparkHadoopConfigs(Lorg/apache/spark/SparkConf;Lorg/apache/hadoop/conf/Configuration;)V+69
j  org.apache.spark.deploy.SparkHadoopUtil$.org$apache$spark$deploy$SparkHadoopUtil$$appendS3AndSparkHadoopHiveConfigurations(Lorg/apache/spark/SparkConf;Lorg/apache/hadoop/conf/Configuration;)V+105
j  org.apache.spark.deploy.SparkHadoopUtil$.newConfiguration(Lorg/apache/spark/SparkConf;)Lorg/apache/hadoop/conf/Configuration;+11
j  org.apache.spark.deploy.SparkSubmit.$anonfun$prepareSubmitEnvironment$2(Lorg/apache/spark/SparkConf;)Lorg/apache/hadoop/conf/Configuration;+4
j  org.apache.spark.deploy.SparkSubmit$$Lambda$176.apply()Ljava/lang/Object;+4
j  scala.Option.getOrElse(Lscala/Function0;)Ljava/lang/Object;+8
j  org.apache.spark.deploy.SparkSubmit.prepareSubmitEnvironment(Lorg/apache/spark/deploy/SparkSubmitArguments;Lscala/Option;)Lscala/Tuple4;+1436
j  org.apache.spark.deploy.SparkSubmit.org$apache$spark$deploy$SparkSubmit$$runMain(Lorg/apache/spark/deploy/SparkSubmitArguments;Z)V+6
j  org.apache.spark.deploy.SparkSubmit.doRunMain$1(Lorg/apache/spark/deploy/SparkSubmitArguments;Z)V+111
j  org.apache.spark.deploy.SparkSubmit.submit(Lorg/apache/spark/deploy/SparkSubmitArguments;Z)V+65
j  org.apache.spark.deploy.SparkSubmit.doSubmit([Ljava/lang/String;)V+78
j  org.apache.spark.deploy.SparkSubmit$$anon$2.doSubmit([Ljava/lang/String;)V+2
j  org.apache.spark.deploy.SparkSubmit$.main([Ljava/lang/String;)V+10
j  org.apache.spark.deploy.SparkSubmit.main([Ljava/lang/String;)V+4
v  ~StubRoutines::call_stub

siginfo: si_signo: 11 (SIGSEGV), si_code: 128 (SI_KERNEL), si_addr: 0x0000000000000000

Register to memory mapping:

RAX=0x726f2f2172616a2e is an unknown value
RBX=0x0000000000030009 is an unknown value
RCX=0x0000000000000001 is an unknown value
RDX=0x00007f53b377e250: <offset 0x00000000004dc250> in /home/adam/jdk11u/build/linux-x86_64-normal-server-release/images/jdk/lib/server/libjvm.so at 0x00007f53b32a2000
RSP=0x00007f53b3159e20 is pointing into the stack for thread: 0x00007f53ac02c000
RBP=0x00007f53b3159e40 is pointing into the stack for thread: 0x00007f53ac02c000
RSI=0x0000000000000050 is an unknown value
RDI=0x0000000400005ee0 is an unallocated location in the heap
R8 =0x00007f53b315a730 is pointing into the stack for thread: 0x00007f53ac02c000
R9 =0x0000564369c79980 points into unknown readable memory: 0x0000000000000002 | 02 00 00 00 00 00 00 00
R10=0x0000000000000013 is an unknown value
R11=0x00007f53ac02aec8 points into unknown readable memory: 0x00000004047db540 | 40 b5 7d 04 04 00 00 00
R12=0x00007f53ac02c000 is a thread
R13=0x0000000400005ee0 is an unallocated location in the heap
R14=0x0 is NULL
R15=0x00007f53ac02c348 points into unknown readable memory: 0x00007f53b442ca40 | 40 ca 42 b4 53 7f 00 00


Registers:
RAX=0x726f2f2172616a2e, RBX=0x0000000000030009, RCX=0x0000000000000001, RDX=0x00007f53b377e250
RSP=0x00007f53b3159e20, RBP=0x00007f53b3159e40, RSI=0x0000000000000050, RDI=0x0000000400005ee0
R8 =0x00007f53b315a730, R9 =0x0000564369c79980, R10=0x0000000000000013, R11=0x00007f53ac02aec8
R12=0x00007f53ac02c000, R13=0x0000000400005ee0, R14=0x0000000000000000, R15=0x00007f53ac02c348
RIP=0x00007f53b3bc6144, EFLAGS=0x0000000000010246, CSGSFS=0x002b000000000033, ERR=0x0000000000000000
  TRAPNO=0x000000000000000d

Top of Stack: (sp=0x00007f53b3159e20)
0x00007f53b3159e20:   0000000000230009 0000000000230009
0x00007f53b3159e30:   00007f53ac0ae780 00007f53ade11c90
0x00007f53b3159e40:   00007f53b3159ea0 00007f53b46cd85d
0x00007f53b3159e50:   00007f53addf9be0 00007f53addf9be0 

Instructions: (pc=0x00007f53b3bc6144)
0x00007f53b3bc6044:   83 e0 08 4a 8d 74 f0 10 eb a8 66 90 4c 89 f7 ff
0x00007f53b3bc6054:   15 bf 49 86 00 49 89 c6 e9 63 fe ff ff 0f 1f 80
0x00007f53b3bc6064:   00 00 00 00 45 31 ed e9 94 fe ff ff 4c 89 e7 45
0x00007f53b3bc6074:   31 e4 e8 95 98 44 00 e9 15 fe ff ff 48 8b 45 98
0x00007f53b3bc6084:   49 8b 7d 20 48 8b 18 e8 90 8c 10 00 31 f6 48 89
0x00007f53b3bc6094:   c2 48 89 df e8 73 33 f6 ff 48 8b 45 98 49 8b 7d
0x00007f53b3bc60a4:   30 48 8b 18 e8 73 8c 10 00 be 01 00 00 00 48 89
0x00007f53b3bc60b4:   c2 48 89 df e8 53 33 f6 ff 48 8b 75 98 48 85 f6
0x00007f53b3bc60c4:   0f 84 2e fe ff ff 48 8b 36 e9 26 fe ff ff 66 66
0x00007f53b3bc60d4:   2e 0f 1f 84 00 00 00 00 00 0f 1f 00 55 48 89 e5
0x00007f53b3bc60e4:   41 56 41 55 49 89 f5 41 54 4c 8d a7 b8 fc ff ff
0x00007f53b3bc60f4:   48 83 ec 08 41 8b 84 24 d8 03 00 00 2d ab de 00
0x00007f53b3bc6104:   00 83 f8 01 0f 87 fa 00 00 00 4c 89 e7 e8 1a d1
0x00007f53b3bc6114:   ff ff 41 f6 c5 01 0f 84 a8 00 00 00 49 8d 7d ff
0x00007f53b3bc6124:   ff 15 e6 48 86 00 49 89 c5 4c 89 ef 45 31 f6 e8
0x00007f53b3bc6134:   48 78 f5 ff 84 c0 75 17 4c 89 ef e8 1c 75 f5 ff
0x00007f53b3bc6144:   44 8b b0 a4 00 00 00 41 c1 ee 09 41 83 e6 01 48
0x00007f53b3bc6154:   8d 05 99 5f 86 00 41 c7 84 24 c0 03 00 00 07 00
0x00007f53b3bc6164:   00 00 80 38 00 75 0c 48 8d 05 ba 2b 8c 00 83 38
0x00007f53b3bc6174:   01 74 11 48 8d 05 74 5f 86 00 80 38 00 74 5d f0
0x00007f53b3bc6184:   83 04 24 00 48 8d 05 f1 90 8c 00 83 38 01 75 0c
0x00007f53b3bc6194:   49 8b 84 24 08 01 00 00 a8 08 74 08 4c 89 e7 e8
0x00007f53b3bc61a4:   08 c6 37 00 41 c7 84 24 c0 03 00 00 04 00 00 00
0x00007f53b3bc61b4:   48 83 c4 08 44 89 f0 41 5c 41 5d 41 5e 5d c3 0f
0x00007f53b3bc61c4:   1f 44 00 00 4c 89 ef ff 15 47 48 86 00 49 89 c5
0x00007f53b3bc61d4:   e9 54 ff ff ff 0f 1f 80 00 00 00 00 48 8d 15 49
0x00007f53b3bc61e4:   2b 8c 00 4c 89 e0 48 c1 e8 04 23 02 48 8d 15 41
0x00007f53b3bc61f4:   2b 8c 00 48 03 02 c7 00 01 00 00 00 eb 86 66 0f
0x00007f53b3bc6204:   1f 44 00 00 4c 89 e7 45 31 e4 e8 fd 96 44 00 e9
0x00007f53b3bc6214:   f6 fe ff ff 0f 1f 84 00 00 00 00 00 55 48 89 e5
0x00007f53b3bc6224:   41 57 41 56 41 55 4c 8d af b8 fc ff ff 41 54 49
0x00007f53b3bc6234:   89 f4 53 48 83 ec 58 48 89 7d 88 41 8b 85 d8 03 


Stack slot to memory mapping:
stack at sp + 0 slots: 0x0000000000230009 is an unknown value
stack at sp + 1 slots: 0x0000000000230009 is an unknown value
stack at sp + 2 slots: 0x00007f53ac0ae780 is a global jni handle
stack at sp + 3 slots: 0x00007f53ade11c90 points into unknown readable memory: 0x00007f53ade14970 | 70 49 e1 ad 53 7f 00 00
stack at sp + 4 slots: 0x00007f53b3159ea0 is pointing into the stack for thread: 0x00007f53ac02c000
stack at sp + 5 slots: 0x00007f53b46cd85d: <offset 0x000000000000685d> in /home/adam/jdk11u/build/linux-x86_64-normal-server-release/images/jdk/lib/libverify.so at 0x00007f53b46c7000
stack at sp + 6 slots: 0x00007f53addf9be0 points into unknown readable memory: 0x0000000000c1000a | 0a 00 c1 00 00 00 00 00
stack at sp + 7 slots: 0x00007f53addf9be0 points into unknown readable memory: 0x0000000000c1000a | 0a 00 c1 00 00 00 00 00


---------------  P R O C E S S  ---------------

Threads class SMR info:
_java_thread_list=0x00007f53ac1c7650, length=9, elements={
0x00007f53ac02c000, 0x00007f53ac0a6000, 0x00007f53ac0aa800, 0x00007f53ac0c8800,
0x00007f53ac0cb000, 0x00007f53ac0cd000, 0x00007f53ac0cf000, 0x00007f53ac0d3800,
0x00007f53ac1c6000
}

Java Threads: ( => current thread )
=>0x00007f53ac02c000 JavaThread "main" [_thread_in_vm, id=334144, stack(0x00007f53b305d000,0x00007f53b315e000)]
  0x00007f53ac0a6000 JavaThread "Reference Handler" daemon [_thread_blocked, id=334146, stack(0x00007f53b22af000,0x00007f53b23b0000)]
  0x00007f53ac0aa800 JavaThread "Finalizer" daemon [_thread_blocked, id=334147, stack(0x00007f53b21ae000,0x00007f53b22af000)]
  0x00007f53ac0c8800 JavaThread "Signal Dispatcher" daemon [_thread_blocked, id=334148, stack(0x00007f53b1dc6000,0x00007f53b1ec7000)]
  0x00007f53ac0cb000 JavaThread "Service Thread" daemon [_thread_blocked, id=334149, stack(0x00007f53b1cc5000,0x00007f53b1dc6000)]
  0x00007f53ac0cd000 JavaThread "C2 CompilerThread0" daemon [_thread_blocked, id=334150, stack(0x00007f53b1bc4000,0x00007f53b1cc5000)]
  0x00007f53ac0cf000 JavaThread "C1 CompilerThread0" daemon [_thread_blocked, id=334151, stack(0x00007f53b1ac3000,0x00007f53b1bc4000)]
  0x00007f53ac0d3800 JavaThread "Sweeper thread" daemon [_thread_blocked, id=334152, stack(0x00007f53b19c2000,0x00007f53b1ac3000)]
  0x00007f53ac1c6000 JavaThread "Common-Cleaner" daemon [_thread_blocked, id=334154, stack(0x00007f53b17bf000,0x00007f53b18c0000)]

Other Threads:
  0x00007f53ac09c000 VMThread "VM Thread" [stack: 0x00007f53b23b2000,0x00007f53b24b2000] [id=334145]
  0x00007f53ac1bc800 WatcherThread [stack: 0x00007f53b18c2000,0x00007f53b19c2000] [id=334153]

Threads with active compile tasks:

VM state:not at safepoint (normal execution)

VM Mutex/Monitor currently owned by a thread: None

Heap address: 0x0000000400000000, size: 16384 MB, Compressed Oops mode: Zero based, Oop shift amount: 3
Narrow klass base: 0x0000000800000000, Narrow klass shift: 0
Compressed class space size: 1073741824 Address: 0x0000000800000000

Heap:
Epsilon Heap
Allocation space:
 Metaspace       used 20971K, capacity 21472K, committed 21808K, reserved 1069056K
  class space    used 2699K, capacity 2903K, committed 2944K, reserved 1048576K


Polling page: 0x00007f53b46c5000

Metaspace:

Usage:
  Non-class:     18,13 MB capacity,    17,84 MB ( 98%) used,   244,34 KB (  1%) free+waste,    52,81 KB ( <1%) overhead. 
      Class:      2,83 MB capacity,     2,64 MB ( 93%) used,   175,03 KB (  6%) free+waste,    28,38 KB ( <1%) overhead. 
       Both:     20,97 MB capacity,    20,48 MB ( 98%) used,   419,38 KB (  2%) free+waste,    81,19 KB ( <1%) overhead. 

Virtual space:
  Non-class space:       20,00 MB reserved,      18,42 MB ( 92%) committed 
      Class space:        1,00 GB reserved,       2,88 MB ( <1%) committed 
             Both:        1,02 GB reserved,      21,30 MB (  2%) committed 

Chunk freelists:
   Non-Class:  87,00 KB
       Class:  9,00 KB
        Both:  96,00 KB

MaxMetaspaceSize: unlimited
CompressedClassSpaceSize: 1,00 GB
Initial GC threshold: 20,80 MB
Current GC threshold: 21,45 MB
CDS: off

CodeHeap 'non-profiled nmethods': size=120032Kb used=538Kb max_used=538Kb free=119493Kb
 bounds [0x00007f539c2da000, 0x00007f539c54a000, 0x00007f53a3812000]
CodeHeap 'profiled nmethods': size=120028Kb used=2989Kb max_used=2989Kb free=117038Kb
 bounds [0x00007f5394da3000, 0x00007f5395093000, 0x00007f539c2da000]
CodeHeap 'non-nmethods': size=5700Kb used=1166Kb max_used=1178Kb free=4533Kb
 bounds [0x00007f5394812000, 0x00007f5394a82000, 0x00007f5394da3000]
 total_blobs=1917 nmethods=1495 adapters=338
 compilation: enabled
              stopped_count=0, restarted_count=0
 full_count=0

Compilation events (20 events):
Event: 41,718 Thread 0x00007f53ac0cf000 1486       3       jdk.internal.jimage.ImageLocation::verify (50 bytes)
Event: 41,719 Thread 0x00007f53ac0cf000 nmethod 1486 0x00007f5395088f90 code [0x00007f53950891e0, 0x00007f5395089920]
Event: 41,763 Thread 0x00007f53ac0cf000 1487       3       java.nio.ByteBuffer::wrap (8 bytes)
Event: 41,763 Thread 0x00007f53ac0cf000 nmethod 1487 0x00007f5395089c90 code [0x00007f5395089e80, 0x00007f539508a1d0]
Event: 41,763 Thread 0x00007f53ac0cf000 1488   !   3       java.nio.charset.CharsetEncoder::encode (285 bytes)
Event: 41,767 Thread 0x00007f53ac0cf000 nmethod 1488 0x00007f539508a390 code [0x00007f539508a6c0, 0x00007f539508b9f0]
Event: 43,304 Thread 0x00007f53ac0cf000 1489  s    3       java.lang.StringBuffer::append (13 bytes)
Event: 43,304 Thread 0x00007f53ac0cf000 nmethod 1489 0x00007f539508c010 code [0x00007f539508c1c0, 0x00007f539508c480]
Event: 44,244 Thread 0x00007f53ac0cd000 1490       4       java.lang.String::regionMatches (150 bytes)
Event: 44,260 Thread 0x00007f53ac0cd000 nmethod 1490 0x00007f539c35f310 code [0x00007f539c35f4c0, 0x00007f539c35fbb8]
Event: 45,722 Thread 0x00007f53ac0cd000 1491       4       java.util.zip.Inflater::ensureOpen (47 bytes)
Event: 45,723 Thread 0x00007f53ac0cd000 nmethod 1491 0x00007f539c360190 code [0x00007f539c360320, 0x00007f539c3603b8]
Event: 46,235 Thread 0x00007f53ac0cf000 1493       3       java.util.Arrays::fill (28 bytes)
Event: 46,235 Thread 0x00007f53ac0cf000 nmethod 1493 0x00007f539508c510 code [0x00007f539508c6e0, 0x00007f539508c8e0]
Event: 46,236 Thread 0x00007f53ac0cd000 1494 %     4       java.util.Arrays::fill @ 10 (28 bytes)
Event: 46,236 Thread 0x00007f53ac0cf000 1492       3       java.util.Arrays::rangeCheck (74 bytes)
Event: 46,238 Thread 0x00007f53ac0cf000 nmethod 1492 0x00007f539508ca10 code [0x00007f539508cce0, 0x00007f539508d820]
Event: 46,246 Thread 0x00007f53ac0cd000 nmethod 1494% 0x00007f539c360490 code [0x00007f539c360620, 0x00007f539c3607b8]
Event: 46,491 Thread 0x00007f53ac0cf000 1495       3       java.util.ArrayList::indexOfRange (71 bytes)
Event: 46,492 Thread 0x00007f53ac0cf000 nmethod 1495 0x00007f539508dc90 code [0x00007f539508de80, 0x00007f539508e300]

GC Heap History (0 events):
No events

Deoptimization events (20 events):
Event: 38,618 Thread 0x00007f53ac02c000 DEOPT PACKING pc=0x00007f539c356648 sp=0x00007f53b315b6b0
Event: 38,618 Thread 0x00007f53ac02c000 DEOPT UNPACKING pc=0x00007f539481a2a5 sp=0x00007f53b315b630 mode 2
Event: 39,321 Thread 0x00007f53ac02c000 DEOPT PACKING pc=0x00007f5394ece6cf sp=0x00007f53b315a330
Event: 39,321 Thread 0x00007f53ac02c000 DEOPT UNPACKING pc=0x00007f539485b9fa sp=0x00007f53b31597d8 mode 0
Event: 49,214 Thread 0x00007f53ac02c000 Uncommon trap: trap_request=0xfffffff6 fr.pc=0x00007f539c302f18 relative=0x00000000000001f8
Event: 49,214 Thread 0x00007f53ac02c000 Uncommon trap: reason=null_check action=maybe_recompile pc=0x00007f539c302f18 method=java.lang.String.length()I @ 4 c2
Event: 49,214 Thread 0x00007f53ac02c000 DEOPT PACKING pc=0x00007f539c302f18 sp=0x00007f53b3157cf0
Event: 49,214 Thread 0x00007f53ac02c000 DEOPT UNPACKING pc=0x00007f539481a2a5 sp=0x00007f53b3157c18 mode 2
Event: 49,229 Thread 0x00007f53ac02c000 Uncommon trap: trap_request=0xfffffff6 fr.pc=0x00007f539c302f18 relative=0x00000000000001f8
Event: 49,229 Thread 0x00007f53ac02c000 Uncommon trap: reason=null_check action=maybe_recompile pc=0x00007f539c302f18 method=java.lang.String.length()I @ 4 c2
Event: 49,229 Thread 0x00007f53ac02c000 DEOPT PACKING pc=0x00007f539c302f18 sp=0x00007f53b3159230
Event: 49,229 Thread 0x00007f53ac02c000 DEOPT UNPACKING pc=0x00007f539481a2a5 sp=0x00007f53b3159158 mode 2
Event: 49,246 Thread 0x00007f53ac02c000 Uncommon trap: trap_request=0xfffffff6 fr.pc=0x00007f539c302f18 relative=0x00000000000001f8
Event: 49,246 Thread 0x00007f53ac02c000 Uncommon trap: reason=null_check action=maybe_recompile pc=0x00007f539c302f18 method=java.lang.String.length()I @ 4 c2
Event: 49,246 Thread 0x00007f53ac02c000 DEOPT PACKING pc=0x00007f539c302f18 sp=0x00007f53b3159230
Event: 49,246 Thread 0x00007f53ac02c000 DEOPT UNPACKING pc=0x00007f539481a2a5 sp=0x00007f53b3159158 mode 2
Event: 49,265 Thread 0x00007f53ac02c000 Uncommon trap: trap_request=0xfffffff6 fr.pc=0x00007f539c2de578 relative=0x0000000000000058
Event: 49,265 Thread 0x00007f53ac02c000 Uncommon trap: reason=null_check action=maybe_recompile pc=0x00007f539c2de578 method=java.lang.String.length()I @ 4 c2
Event: 49,265 Thread 0x00007f53ac02c000 DEOPT PACKING pc=0x00007f539c2de578 sp=0x00007f53b3157c60
Event: 49,265 Thread 0x00007f53ac02c000 DEOPT UNPACKING pc=0x00007f539481a2a5 sp=0x00007f53b3157c10 mode 2

Classes redefined (0 events):
No events

Internal exceptions (20 events):
Event: 25,296 Thread 0x00007f53ac02c000 Exception <a 'java/lang/ClassNotFoundException'{0x0000000402cf43e0}: org/apache/log4j/WriterAppenderCustomizer> (0x0000000402cf43e0) thrown at [src/hotspot/share/classfile/systemDictionary.cpp, line 230]
Event: 25,475 Thread 0x00007f53ac02c000 Exception <a 'java/lang/ClassNotFoundException'{0x0000000402d17530}: org/apache/log4j/ConsoleAppenderCustomizer> (0x0000000402d17530) thrown at [src/hotspot/share/classfile/systemDictionary.cpp, line 230]
Event: 26,205 Thread 0x00007f53ac02c000 Exception <a 'java/lang/NoSuchMethodError'{0x0000000402e13de8}: 'int java.lang.invoke.DirectMethodHandle$Holder.invokeSpecialIFC(java.lang.Object, java.lang.Object, int)'> (0x0000000402e13de8) thrown at [src/hotspot/share/interpreter/linkResolver.cpp, line 772]
Event: 27,556 Thread 0x00007f53ac02c000 Exception <a 'java/lang/NoSuchMethodError'{0x00000004030dda08}: 'java.lang.Object java.lang.invoke.DirectMethodHandle$Holder.invokeStatic(java.lang.Object, java.lang.Object, int, java.lang.Object)'> (0x00000004030dda08) thrown at [src/hotspot/share/interpreter/linkResolver.cpp, line 772]
Event: 27,584 Thread 0x00007f53ac02c000 Exception <a 'java/lang/NoSuchMethodError'{0x00000004030dd1f0}: 'java.lang.Object java.lang.invoke.Invokers$Holder.linkToTargetMethod(java.lang.Object, int, java.lang.Object, java.lang.Object)'> (0x00000004030dd1f0) thrown at [src/hotspot/share/interpreter/linkResolver.cpp, line 772]
Event: 28,136 Thread 0x00007f53ac02c000 Exception <a 'java/lang/NoSuchMethodError'{0x00000004031880b0}: 'int java.lang.invoke.DirectMethodHandle$Holder.invokeStatic(java.lang.Object, long)'> (0x00000004031880b0) thrown at [src/hotspot/share/interpreter/linkResolver.cpp, line 772]
Event: 28,149 Thread 0x00007f53ac02c000 Exception <a 'java/lang/NoSuchMethodError'{0x0000000403187e10}: 'int java.lang.invoke.DirectMethodHandle$Holder.invokeStaticInit(java.lang.Object, long)'> (0x0000000403187e10) thrown at [src/hotspot/share/interpreter/linkResolver.cpp, line 772]
Event: 30,275 Thread 0x00007f53ac02c000 Exception <a 'java/lang/NoSuchMethodError'{0x0000000403456d88}: 'int java.lang.invoke.DirectMethodHandle$Holder.invokeStaticInit(java.lang.Object, double)'> (0x0000000403456d88) thrown at [src/hotspot/share/interpreter/linkResolver.cpp, line 772]
Event: 30,549 Thread 0x00007f53ac02c000 Exception <a 'java/lang/NoSuchMethodError'{0x0000000403512898}: 'int java.lang.invoke.DirectMethodHandle$Holder.invokeStaticInit(java.lang.Object, int)'> (0x0000000403512898) thrown at [src/hotspot/share/interpreter/linkResolver.cpp, line 772]
Event: 32,053 Thread 0x00007f53ac02c000 Exception <a 'java/lang/NoSuchMethodError'{0x00000004036c8a98}: 'java.lang.Object java.lang.invoke.Invokers$Holder.linkToTargetMethod(java.lang.Object, int, java.lang.Object)'> (0x00000004036c8a98) thrown at [src/hotspot/share/interpreter/linkResolver.cpp, line 772]
Event: 39,962 Thread 0x00007f53ac02c000 Exception <a 'java/lang/NoSuchMethodError'{0x000000040454e090}: 'int java.lang.invoke.DirectMethodHandle$Holder.invokeStaticInit(java.lang.Object)'> (0x000000040454e090) thrown at [src/hotspot/share/interpreter/linkResolver.cpp, line 772]
Event: 40,996 Thread 0x00007f53ac02c000 Exception <a 'java/lang/NoSuchMethodError'{0x00000004046e6030}: 'java.lang.Object java.lang.invoke.DirectMethodHandle$Holder.invokeStatic(java.lang.Object, java.lang.Object, java.lang.Object, java.lang.Object, java.lang.Object, java.lang.Object, java.lang.Object, java.lang.Object, java.lang.Object, java.lang.Object, java.lang.Object, java.lang.Object, java.lang.Object, java.lang.Object, java.lang.Object)'> (0x00000004046e6030) thrown at [src/hotspot/share/interpreter/linkResolver.cpp, line 772]
Event: 41,070 Thread 0x00007f53ac02c000 Exception <a 'java/lang/NoSuchMethodError'{0x00000004046fcfc0}: 'java.lang.Object java.lang.invoke.DirectMethodHandle$Holder.invokeStatic(java.lang.Object, java.lang.Object, java.lang.Object, java.lang.Object, java.lang.Object, java.lang.Object, java.lang.Object, java.lang.Object, java.lang.Object, java.lang.Object, java.lang.Object, java.lang.Object, java.lang.Object, java.lang.Object, java.lang.Object, java.lang.Object)'> (0x00000004046fcfc0) thrown at [src/hotspot/share/interpreter/linkResolver.cpp, lin
Event: 41,151 Thread 0x00007f53ac02c000 Exception <a 'java/lang/NoSuchMethodError'{0x0000000404712a60}: 'java.lang.Object java.lang.invoke.DirectMethodHandle$Holder.invokeSpecial(java.lang.Object, java.lang.Object, int, int, java.lang.Object, java.lang.Object, java.lang.Object)'> (0x0000000404712a60) thrown at [src/hotspot/share/interpreter/linkResolver.cpp, line 772]
Event: 41,166 Thread 0x00007f53ac02c000 Exception <a 'java/lang/NoSuchMethodError'{0x0000000404712718}: 'java.lang.Object java.lang.invoke.DelegatingMethodHandle$Holder.reinvoke_L(java.lang.Object, int, int, java.lang.Object, java.lang.Object, java.lang.Object)'> (0x0000000404712718) thrown at [src/hotspot/share/interpreter/linkResolver.cpp, line 772]
Event: 41,183 Thread 0x00007f53ac02c000 Exception <a 'java/lang/NoSuchMethodError'{0x0000000404711fe0}: 'java.lang.Object java.lang.invoke.DirectMethodHandle$Holder.invokeStatic(java.lang.Object, java.lang.Object, java.lang.Object, java.lang.Object, int)'> (0x0000000404711fe0) thrown at [src/hotspot/share/interpreter/linkResolver.cpp, line 772]
Event: 49,214 Thread 0x00007f53ac02c000 Implicit null exception at 0x00007f539c302d5e to 0x00007f539c302f0c
Event: 49,229 Thread 0x00007f53ac02c000 Implicit null exception at 0x00007f539c302d5e to 0x00007f539c302f0c
Event: 49,246 Thread 0x00007f53ac02c000 Implicit null exception at 0x00007f539c302d5e to 0x00007f539c302f0c
Event: 49,265 Thread 0x00007f53ac02c000 Implicit null exception at 0x00007f539c2de550 to 0x00007f539c2de56b

Events (20 events):
Event: 49,082 loading class org/apache/xerces/dom/EntityImpl
Event: 49,082 loading class org/apache/xerces/dom/EntityImpl done
Event: 49,100 loading class org/apache/xerces/dom/DeferredEntityReferenceImpl
Event: 49,100 loading class org/apache/xerces/dom/DeferredEntityReferenceImpl done
Event: 49,123 loading class org/apache/xerces/dom/EntityReferenceImpl
Event: 49,123 loading class org/apache/xerces/dom/EntityReferenceImpl done
Event: 49,142 loading class org/apache/xerces/dom/DeferredNotationImpl
Event: 49,142 loading class org/apache/xerces/dom/DeferredNotationImpl done
Event: 49,167 loading class org/apache/xerces/dom/NotationImpl
Event: 49,167 loading class org/apache/xerces/dom/NotationImpl done
Event: 49,184 loading class org/apache/xerces/dom/DeferredProcessingInstructionImpl
Event: 49,184 loading class org/apache/xerces/dom/DeferredProcessingInstructionImpl done
Event: 49,213 loading class org/apache/xerces/dom/ProcessingInstructionImpl
Event: 49,213 loading class org/apache/xerces/dom/ProcessingInstructionImpl done
Event: 49,229 loading class org/apache/xerces/dom/DeferredTextImpl
Event: 49,229 loading class org/apache/xerces/dom/DeferredTextImpl done
Event: 49,245 loading class org/apache/xerces/dom/DeferredElementDefinitionImpl
Event: 49,245 loading class org/apache/xerces/dom/DeferredElementDefinitionImpl done
Event: 49,265 loading class org/apache/xerces/dom/ElementDefinitionImpl
Event: 49,265 loading class org/apache/xerces/dom/ElementDefinitionImpl done


Dynamic libraries:
400000000-800000000 rw-s 00000000 00:05 724                              /dev/fakeblk
800000000-8002e0000 rw-p 00000000 00:00 0 
8002e0000-840000000 ---p 00000000 00:00 0 
564368008000-564368009000 r--p 00000000 08:01 2369012                    /home/adam/jdk11u/build/linux-x86_64-normal-server-release/images/jdk/bin/java
564368009000-56436800a000 r-xp 00001000 08:01 2369012                    /home/adam/jdk11u/build/linux-x86_64-normal-server-release/images/jdk/bin/java
56436800a000-56436800b000 r--p 00002000 08:01 2369012                    /home/adam/jdk11u/build/linux-x86_64-normal-server-release/images/jdk/bin/java
56436800b000-56436800c000 r--p 00002000 08:01 2369012                    /home/adam/jdk11u/build/linux-x86_64-normal-server-release/images/jdk/bin/java
56436800c000-56436800d000 rw-p 00003000 08:01 2369012                    /home/adam/jdk11u/build/linux-x86_64-normal-server-release/images/jdk/bin/java
564369c5b000-564369c9d000 rw-p 00000000 00:00 0                          [heap]
7f5368000000-7f5368021000 rw-p 00000000 00:00 0 
7f5368021000-7f536c000000 ---p 00000000 00:00 0 
7f5370000000-7f5370021000 rw-p 00000000 00:00 0 
7f5370021000-7f5374000000 ---p 00000000 00:00 0 
7f5374000000-7f5374021000 rw-p 00000000 00:00 0 
7f5374021000-7f5378000000 ---p 00000000 00:00 0 
7f5378000000-7f53784cb000 rw-p 00000000 00:00 0 
7f53784cb000-7f537c000000 ---p 00000000 00:00 0 
7f537c000000-7f537c27e000 rw-p 00000000 00:00 0 
7f537c27e000-7f5380000000 ---p 00000000 00:00 0 
7f5380000000-7f5380021000 rw-p 00000000 00:00 0 
7f5380021000-7f5384000000 ---p 00000000 00:00 0 
7f5384000000-7f5384021000 rw-p 00000000 00:00 0 
7f5384021000-7f5388000000 ---p 00000000 00:00 0 
7f5388000000-7f5388021000 rw-p 00000000 00:00 0 
7f5388021000-7f538c000000 ---p 00000000 00:00 0 
7f538c000000-7f538c021000 rw-p 00000000 00:00 0 
7f538c021000-7f5390000000 ---p 00000000 00:00 0 
7f5390000000-7f53900c5000 rw-p 00000000 00:00 0 
7f53900c5000-7f5394000000 ---p 00000000 00:00 0 
7f5394812000-7f5394a82000 rwxp 00000000 00:00 0 
7f5394a82000-7f5394da3000 ---p 00000000 00:00 0 
7f5394da3000-7f5395093000 rwxp 00000000 00:00 0 
7f5395093000-7f539c2da000 ---p 00000000 00:00 0 
7f539c2da000-7f539c54a000 rwxp 00000000 00:00 0 
7f539c54a000-7f53a3812000 ---p 00000000 00:00 0 
7f53a3812000-7f53ac000000 r--s 00000000 08:01 2368730                    /home/adam/jdk11u/build/linux-x86_64-normal-server-release/images/jdk/lib/modules
7f53ac000000-7f53aedbb000 rw-p 00000000 00:00 0 
7f53aedbb000-7f53b0000000 ---p 00000000 00:00 0 
7f53b0b24000-7f53b0ba4000 rw-p 00000000 00:00 0 
7f53b0ba4000-7f53b0d24000 ---p 00000000 00:00 0 
7f53b0d24000-7f53b0f10000 rw-p 00000000 00:00 0 
7f53b0f10000-7f53b0f24000 ---p 00000000 00:00 0 
7f53b0f24000-7f53b0f25000 r--p 00000000 08:01 2884293                    /usr/lib/x86_64-linux-gnu/libnss_dns-2.31.so
7f53b0f25000-7f53b0f29000 r-xp 00001000 08:01 2884293                    /usr/lib/x86_64-linux-gnu/libnss_dns-2.31.so
7f53b0f29000-7f53b0f2a000 r--p 00005000 08:01 2884293                    /usr/lib/x86_64-linux-gnu/libnss_dns-2.31.so
7f53b0f2a000-7f53b0f2b000 r--p 00005000 08:01 2884293                    /usr/lib/x86_64-linux-gnu/libnss_dns-2.31.so
7f53b0f2b000-7f53b0f2c000 rw-p 00006000 08:01 2884293                    /usr/lib/x86_64-linux-gnu/libnss_dns-2.31.so
7f53b0f2c000-7f53b0f30000 r--p 00000000 08:01 2884299                    /usr/lib/x86_64-linux-gnu/libresolv-2.31.so
7f53b0f30000-7f53b0f3e000 r-xp 00004000 08:01 2884299                    /usr/lib/x86_64-linux-gnu/libresolv-2.31.so
7f53b0f3e000-7f53b0f41000 r--p 00012000 08:01 2884299                    /usr/lib/x86_64-linux-gnu/libresolv-2.31.so
7f53b0f41000-7f53b0f42000 ---p 00015000 08:01 2884299                    /usr/lib/x86_64-linux-gnu/libresolv-2.31.so
7f53b0f42000-7f53b0f43000 r--p 00015000 08:01 2884299                    /usr/lib/x86_64-linux-gnu/libresolv-2.31.so
7f53b0f43000-7f53b0f44000 rw-p 00016000 08:01 2884299                    /usr/lib/x86_64-linux-gnu/libresolv-2.31.so
7f53b0f44000-7f53b0f46000 rw-p 00000000 00:00 0 
7f53b0f46000-7f53b0f47000 r--p 00000000 08:01 2905034                    /usr/lib/x86_64-linux-gnu/libnss_mdns4_minimal.so.2
7f53b0f47000-7f53b0f49000 r-xp 00001000 08:01 2905034                    /usr/lib/x86_64-linux-gnu/libnss_mdns4_minimal.so.2
7f53b0f49000-7f53b0f4a000 r--p 00003000 08:01 2905034                    /usr/lib/x86_64-linux-gnu/libnss_mdns4_minimal.so.2
7f53b0f4a000-7f53b0f4b000 r--p 00003000 08:01 2905034                    /usr/lib/x86_64-linux-gnu/libnss_mdns4_minimal.so.2
7f53b0f4b000-7f53b0f4c000 rw-p 00004000 08:01 2905034                    /usr/lib/x86_64-linux-gnu/libnss_mdns4_minimal.so.2
7f53b0f5b000-7f53b0f62000 r--s 00000000 08:01 2886532                    /usr/lib/x86_64-linux-gnu/gconv/gconv-modules.cache
7f53b0f62000-7f53b1162000 rw-p 00000000 00:00 0 
7f53b1162000-7f53b1362000 rw-p 00000000 00:00 0 
7f53b1362000-7f53b1562000 rw-p 00000000 00:00 0 
7f53b1562000-7f53b1762000 rw-p 00000000 00:00 0 
7f53b1762000-7f53b1793000 rw-p 00000000 00:00 0 
7f53b1793000-7f53b1797000 r--p 00000000 08:01 2369033                    /home/adam/jdk11u/build/linux-x86_64-normal-server-release/images/jdk/lib/libnet.so
7f53b1797000-7f53b17a6000 r-xp 00004000 08:01 2369033                    /home/adam/jdk11u/build/linux-x86_64-normal-server-release/images/jdk/lib/libnet.so
7f53b17a6000-7f53b17aa000 r--p 00013000 08:01 2369033                    /home/adam/jdk11u/build/linux-x86_64-normal-server-release/images/jdk/lib/libnet.so
7f53b17aa000-7f53b17ab000 r--p 00016000 08:01 2369033                    /home/adam/jdk11u/build/linux-x86_64-normal-server-release/images/jdk/lib/libnet.so
7f53b17ab000-7f53b17ac000 rw-p 00017000 08:01 2369033                    /home/adam/jdk11u/build/linux-x86_64-normal-server-release/images/jdk/lib/libnet.so
7f53b17ac000-7f53b17b3000 r--p 00000000 08:01 2369023                    /home/adam/jdk11u/build/linux-x86_64-normal-server-release/images/jdk/lib/libnio.so
7f53b17b3000-7f53b17ba000 r-xp 00007000 08:01 2369023                    /home/adam/jdk11u/build/linux-x86_64-normal-server-release/images/jdk/lib/libnio.so
7f53b17ba000-7f53b17bd000 r--p 0000e000 08:01 2369023                    /home/adam/jdk11u/build/linux-x86_64-normal-server-release/images/jdk/lib/libnio.so
7f53b17bd000-7f53b17be000 r--p 00010000 08:01 2369023                    /home/adam/jdk11u/build/linux-x86_64-normal-server-release/images/jdk/lib/libnio.so
7f53b17be000-7f53b17bf000 rw-p 00011000 08:01 2369023                    /home/adam/jdk11u/build/linux-x86_64-normal-server-release/images/jdk/lib/libnio.so
7f53b17bf000-7f53b17c3000 ---p 00000000 00:00 0 
7f53b17c3000-7f53b18c0000 rw-p 00000000 00:00 0 
7f53b18c0000-7f53b18c1000 ---p 00000000 00:00 0 
7f53b18c1000-7f53b19c2000 rw-p 00000000 00:00 0 
7f53b19c2000-7f53b19c6000 ---p 00000000 00:00 0 
7f53b19c6000-7f53b1ac3000 rw-p 00000000 00:00 0 
7f53b1ac3000-7f53b1ac7000 ---p 00000000 00:00 0 
7f53b1ac7000-7f53b1bc4000 rw-p 00000000 00:00 0 
7f53b1bc4000-7f53b1bc8000 ---p 00000000 00:00 0 
7f53b1bc8000-7f53b1cc5000 rw-p 00000000 00:00 0 
7f53b1cc5000-7f53b1cc9000 ---p 00000000 00:00 0 
7f53b1cc9000-7f53b1dc6000 rw-p 00000000 00:00 0 
7f53b1dc6000-7f53b1dca000 ---p 00000000 00:00 0 
7f53b1dca000-7f53b1ec7000 rw-p 00000000 00:00 0 
7f53b1ec7000-7f53b21ae000 r--p 00000000 08:01 2884038                    /usr/lib/locale/locale-archive
7f53b21ae000-7f53b21b2000 ---p 00000000 00:00 0 
7f53b21b2000-7f53b22af000 rw-p 00000000 00:00 0 
7f53b22af000-7f53b22b3000 ---p 00000000 00:00 0 
7f53b22b3000-7f53b23b0000 rw-p 00000000 00:00 0 
7f53b23b0000-7f53b23b1000 ---p 00000000 00:00 0 
7f53b23b1000-7f53b2db6000 rw-p 00000000 00:00 0 
7f53b2db6000-7f53b2dfd000 rw-p 00000000 00:00 0 
7f53b2dfd000-7f53b2ee3000 ---p 00000000 00:00 0 
7f53b2ee3000-7f53b2ee9000 rw-p 00000000 00:00 0 
7f53b2ee9000-7f53b2fce000 ---p 00000000 00:00 0 
7f53b2fce000-7f53b2fd3000 rw-p 00000000 00:00 0 
7f53b2fd3000-7f53b2fda000 ---p 00000000 00:00 0 
7f53b2fda000-7f53b2fdd000 r--p 00000000 08:01 2884294                    /usr/lib/x86_64-linux-gnu/libnss_files-2.31.so
7f53b2fdd000-7f53b2fe4000 r-xp 00003000 08:01 2884294                    /usr/lib/x86_64-linux-gnu/libnss_files-2.31.so
7f53b2fe4000-7f53b2fe6000 r--p 0000a000 08:01 2884294                    /usr/lib/x86_64-linux-gnu/libnss_files-2.31.so
7f53b2fe6000-7f53b2fe7000 r--p 0000b000 08:01 2884294                    /usr/lib/x86_64-linux-gnu/libnss_files-2.31.so
7f53b2fe7000-7f53b2fe8000 rw-p 0000c000 08:01 2884294                    /usr/lib/x86_64-linux-gnu/libnss_files-2.31.so
7f53b2fe8000-7f53b2fee000 rw-p 00000000 00:00 0 
7f53b2ff2000-7f53b2ff4000 r--p 00000000 08:01 2369017                    /home/adam/jdk11u/build/linux-x86_64-normal-server-release/images/jdk/lib/libzip.so
7f53b2ff4000-7f53b2ff8000 r-xp 00002000 08:01 2369017                    /home/adam/jdk11u/build/linux-x86_64-normal-server-release/images/jdk/lib/libzip.so
7f53b2ff8000-7f53b2ffa000 r--p 00006000 08:01 2369017                    /home/adam/jdk11u/build/linux-x86_64-normal-server-release/images/jdk/lib/libzip.so
7f53b2ffa000-7f53b2ffb000 r--p 00007000 08:01 2369017                    /home/adam/jdk11u/build/linux-x86_64-normal-server-release/images/jdk/lib/libzip.so
7f53b2ffb000-7f53b2ffc000 rw-p 00008000 08:01 2369017                    /home/adam/jdk11u/build/linux-x86_64-normal-server-release/images/jdk/lib/libzip.so
7f53b2ffc000-7f53b3004000 rw-s 00000000 08:01 262396                     /tmp/hsperfdata_root/334143
7f53b3004000-7f53b3008000 r--p 00000000 08:01 2369013                    /home/adam/jdk11u/build/linux-x86_64-normal-server-release/images/jdk/lib/libjimage.so
7f53b3008000-7f53b301b000 r-xp 00004000 08:01 2369013                    /home/adam/jdk11u/build/linux-x86_64-normal-server-release/images/jdk/lib/libjimage.so
7f53b301b000-7f53b3021000 r--p 00017000 08:01 2369013                    /home/adam/jdk11u/build/linux-x86_64-normal-server-release/images/jdk/lib/libjimage.so
7f53b3021000-7f53b3023000 r--p 0001c000 08:01 2369013                    /home/adam/jdk11u/build/linux-x86_64-normal-server-release/images/jdk/lib/libjimage.so
7f53b3023000-7f53b3024000 rw-p 0001e000 08:01 2369013                    /home/adam/jdk11u/build/linux-x86_64-normal-server-release/images/jdk/lib/libjimage.so
7f53b3024000-7f53b3032000 r--p 00000000 08:01 2369032                    /home/adam/jdk11u/build/linux-x86_64-normal-server-release/images/jdk/lib/libjava.so
7f53b3032000-7f53b3048000 r-xp 0000e000 08:01 2369032                    /home/adam/jdk11u/build/linux-x86_64-normal-server-release/images/jdk/lib/libjava.so
7f53b3048000-7f53b304f000 r--p 00024000 08:01 2369032                    /home/adam/jdk11u/build/linux-x86_64-normal-server-release/images/jdk/lib/libjava.so
7f53b304f000-7f53b3050000 r--p 0002a000 08:01 2369032                    /home/adam/jdk11u/build/linux-x86_64-normal-server-release/images/jdk/lib/libjava.so
7f53b3050000-7f53b3051000 rw-p 0002b000 08:01 2369032                    /home/adam/jdk11u/build/linux-x86_64-normal-server-release/images/jdk/lib/libjava.so
7f53b3051000-7f53b3052000 rw-p 00000000 00:00 0 
7f53b3052000-7f53b3055000 r--p 00000000 08:01 2884300                    /usr/lib/x86_64-linux-gnu/librt-2.31.so
7f53b3055000-7f53b3059000 r-xp 00003000 08:01 2884300                    /usr/lib/x86_64-linux-gnu/librt-2.31.so
7f53b3059000-7f53b305a000 r--p 00007000 08:01 2884300                    /usr/lib/x86_64-linux-gnu/librt-2.31.so
7f53b305a000-7f53b305b000 ---p 00008000 08:01 2884300                    /usr/lib/x86_64-linux-gnu/librt-2.31.so
7f53b305b000-7f53b305c000 r--p 00008000 08:01 2884300                    /usr/lib/x86_64-linux-gnu/librt-2.31.so
7f53b305c000-7f53b305d000 rw-p 00009000 08:01 2884300                    /usr/lib/x86_64-linux-gnu/librt-2.31.so
7f53b305d000-7f53b3061000 ---p 00000000 00:00 0 
7f53b3061000-7f53b315e000 rw-p 00000000 00:00 0 
7f53b315e000-7f53b316d000 r--p 00000000 08:01 2884285                    /usr/lib/x86_64-linux-gnu/libm-2.31.so
7f53b316d000-7f53b3207000 r-xp 0000f000 08:01 2884285                    /usr/lib/x86_64-linux-gnu/libm-2.31.so
7f53b3207000-7f53b32a0000 r--p 000a9000 08:01 2884285                    /usr/lib/x86_64-linux-gnu/libm-2.31.so
7f53b32a0000-7f53b32a1000 r--p 00141000 08:01 2884285                    /usr/lib/x86_64-linux-gnu/libm-2.31.so
7f53b32a1000-7f53b32a2000 rw-p 00142000 08:01 2884285                    /usr/lib/x86_64-linux-gnu/libm-2.31.so
7f53b32a2000-7f53b351e000 r--p 00000000 08:01 2369015                    /home/adam/jdk11u/build/linux-x86_64-normal-server-release/images/jdk/lib/server/libjvm.so
7f53b351e000-7f53b410e000 r-xp 0027c000 08:01 2369015                    /home/adam/jdk11u/build/linux-x86_64-normal-server-release/images/jdk/lib/server/libjvm.so
7f53b410e000-7f53b4363000 r--p 00e6c000 08:01 2369015                    /home/adam/jdk11u/build/linux-x86_64-normal-server-release/images/jdk/lib/server/libjvm.so
7f53b4363000-7f53b4426000 r--p 010c0000 08:01 2369015                    /home/adam/jdk11u/build/linux-x86_64-normal-server-release/images/jdk/lib/server/libjvm.so
7f53b4426000-7f53b4460000 rw-p 01183000 08:01 2369015                    /home/adam/jdk11u/build/linux-x86_64-normal-server-release/images/jdk/lib/server/libjvm.so
7f53b4460000-7f53b44b9000 rw-p 00000000 00:00 0 
7f53b44b9000-7f53b44c0000 r--p 00000000 08:01 2884297                    /usr/lib/x86_64-linux-gnu/libpthread-2.31.so
7f53b44c0000-7f53b44d0000 r-xp 00007000 08:01 2884297                    /usr/lib/x86_64-linux-gnu/libpthread-2.31.so
7f53b44d0000-7f53b44d5000 r--p 00017000 08:01 2884297                    /usr/lib/x86_64-linux-gnu/libpthread-2.31.so
7f53b44d5000-7f53b44d6000 r--p 0001b000 08:01 2884297                    /usr/lib/x86_64-linux-gnu/libpthread-2.31.so
7f53b44d6000-7f53b44d7000 rw-p 0001c000 08:01 2884297                    /usr/lib/x86_64-linux-gnu/libpthread-2.31.so
7f53b44d7000-7f53b44db000 rw-p 00000000 00:00 0 
7f53b44db000-7f53b44dc000 r--p 00000000 08:01 2884284                    /usr/lib/x86_64-linux-gnu/libdl-2.31.so
7f53b44dc000-7f53b44de000 r-xp 00001000 08:01 2884284                    /usr/lib/x86_64-linux-gnu/libdl-2.31.so
7f53b44de000-7f53b44df000 r--p 00003000 08:01 2884284                    /usr/lib/x86_64-linux-gnu/libdl-2.31.so
7f53b44df000-7f53b44e0000 r--p 00003000 08:01 2884284                    /usr/lib/x86_64-linux-gnu/libdl-2.31.so
7f53b44e0000-7f53b44e1000 rw-p 00004000 08:01 2884284                    /usr/lib/x86_64-linux-gnu/libdl-2.31.so
7f53b44e1000-7f53b44e4000 r--p 00000000 08:01 2885790                    /usr/lib/x86_64-linux-gnu/libz.so.1.2.11
7f53b44e4000-7f53b44f5000 r-xp 00003000 08:01 2885790                    /usr/lib/x86_64-linux-gnu/libz.so.1.2.11
7f53b44f5000-7f53b44fb000 r--p 00014000 08:01 2885790                    /usr/lib/x86_64-linux-gnu/libz.so.1.2.11
7f53b44fb000-7f53b44fc000 ---p 0001a000 08:01 2885790                    /usr/lib/x86_64-linux-gnu/libz.so.1.2.11
7f53b44fc000-7f53b44fd000 r--p 0001a000 08:01 2885790                    /usr/lib/x86_64-linux-gnu/libz.so.1.2.11
7f53b44fd000-7f53b44fe000 rw-p 0001b000 08:01 2885790                    /usr/lib/x86_64-linux-gnu/libz.so.1.2.11
7f53b44fe000-7f53b4523000 r--p 00000000 08:01 2883610                    /usr/lib/x86_64-linux-gnu/libc-2.31.so
7f53b4523000-7f53b466e000 r-xp 00025000 08:01 2883610                    /usr/lib/x86_64-linux-gnu/libc-2.31.so
7f53b466e000-7f53b46b8000 r--p 00170000 08:01 2883610                    /usr/lib/x86_64-linux-gnu/libc-2.31.so
7f53b46b8000-7f53b46b9000 ---p 001ba000 08:01 2883610                    /usr/lib/x86_64-linux-gnu/libc-2.31.so
7f53b46b9000-7f53b46bc000 r--p 001ba000 08:01 2883610                    /usr/lib/x86_64-linux-gnu/libc-2.31.so
7f53b46bc000-7f53b46bf000 rw-p 001bd000 08:01 2883610                    /usr/lib/x86_64-linux-gnu/libc-2.31.so
7f53b46bf000-7f53b46c3000 rw-p 00000000 00:00 0 
7f53b46c5000-7f53b46c6000 ---p 00000000 00:00 0 
7f53b46c6000-7f53b46c7000 r--p 00000000 00:00 0 
7f53b46c7000-7f53b46cc000 r--p 00000000 08:01 2369018                    /home/adam/jdk11u/build/linux-x86_64-normal-server-release/images/jdk/lib/libverify.so
7f53b46cc000-7f53b46d3000 r-xp 00005000 08:01 2369018                    /home/adam/jdk11u/build/linux-x86_64-normal-server-release/images/jdk/lib/libverify.so
7f53b46d3000-7f53b46d5000 r--p 0000c000 08:01 2369018                    /home/adam/jdk11u/build/linux-x86_64-normal-server-release/images/jdk/lib/libverify.so
7f53b46d5000-7f53b46d6000 ---p 0000e000 08:01 2369018                    /home/adam/jdk11u/build/linux-x86_64-normal-server-release/images/jdk/lib/libverify.so
7f53b46d6000-7f53b46d8000 r--p 0000e000 08:01 2369018                    /home/adam/jdk11u/build/linux-x86_64-normal-server-release/images/jdk/lib/libverify.so
7f53b46d8000-7f53b46d9000 rw-p 00010000 08:01 2369018                    /home/adam/jdk11u/build/linux-x86_64-normal-server-release/images/jdk/lib/libverify.so
7f53b46d9000-7f53b46dc000 r--p 00000000 08:01 2369024                    /home/adam/jdk11u/build/linux-x86_64-normal-server-release/images/jdk/lib/jli/libjli.so
7f53b46dc000-7f53b46e6000 r-xp 00003000 08:01 2369024                    /home/adam/jdk11u/build/linux-x86_64-normal-server-release/images/jdk/lib/jli/libjli.so
7f53b46e6000-7f53b46e9000 r--p 0000d000 08:01 2369024                    /home/adam/jdk11u/build/linux-x86_64-normal-server-release/images/jdk/lib/jli/libjli.so
7f53b46e9000-7f53b46ea000 ---p 00010000 08:01 2369024                    /home/adam/jdk11u/build/linux-x86_64-normal-server-release/images/jdk/lib/jli/libjli.so
7f53b46ea000-7f53b46eb000 r--p 00010000 08:01 2369024                    /home/adam/jdk11u/build/linux-x86_64-normal-server-release/images/jdk/lib/jli/libjli.so
7f53b46eb000-7f53b46ec000 rw-p 00011000 08:01 2369024                    /home/adam/jdk11u/build/linux-x86_64-normal-server-release/images/jdk/lib/jli/libjli.so
7f53b46ec000-7f53b46ee000 rw-p 00000000 00:00 0 
7f53b46ee000-7f53b46ef000 r--p 00000000 08:01 2883605                    /usr/lib/x86_64-linux-gnu/ld-2.31.so
7f53b46ef000-7f53b470f000 r-xp 00001000 08:01 2883605                    /usr/lib/x86_64-linux-gnu/ld-2.31.so
7f53b470f000-7f53b4717000 r--p 00021000 08:01 2883605                    /usr/lib/x86_64-linux-gnu/ld-2.31.so
7f53b4718000-7f53b4719000 r--p 00029000 08:01 2883605                    /usr/lib/x86_64-linux-gnu/ld-2.31.so
7f53b4719000-7f53b471a000 rw-p 0002a000 08:01 2883605                    /usr/lib/x86_64-linux-gnu/ld-2.31.so
7f53b471a000-7f53b471b000 rw-p 00000000 00:00 0 
7ffddaf8e000-7ffddafaf000 rw-p 00000000 00:00 0                          [stack]
7ffddafbe000-7ffddafc2000 r--p 00000000 00:00 0                          [vvar]
7ffddafc2000-7ffddafc4000 r-xp 00000000 00:00 0                          [vdso]


VM Arguments:
jvm_args: -XX:AllocateHeapAt=/dev/fakeblk -Xlog:gc=debug -XX:+UnlockExperimentalVMOptions -XX:-UseTLAB -XX:+UseEpsilonGC -Xnoclassgc -Xmx16g 
java_command: org.apache.spark.deploy.SparkSubmit --master local[*] --class WordCount /home/adam/Spark_benchmark/spark_run/run.jar
java_class_path (initial): /home/adam/Spark_benchmark/spark_blk/conf/:/home/adam/Spark_benchmark/spark_blk/jars/hadoop-auth-2.7.4.jar:/home/adam/Spark_benchmark/spark_blk/jars/hadoop-yarn-server-web-proxy-2.7.4.jar:/home/adam/Spark_benchmark/spark_blk/jars/jsr305-3.0.0.jar:/home/adam/Spark_benchmark/spark_blk/jars/py4j-0.10.9.jar:/home/adam/Spark_benchmark/spark_blk/jars/aopalliance-1.0.jar:/home/adam/Spark_benchmark/spark_blk/jars/jersey-server-2.30.jar:/home/adam/Spark_benchmark/spark_blk/jars/hive-beeline-2.3.7.jar:/home/adam/Spark_benchmark/spark_blk/jars/stream-2.9.6.jar:/home/adam/Spark_benchmark/spark_blk/jars/chill_2.12-0.9.5.jar:/home/adam/Spark_benchmark/spark_blk/jars/curator-recipes-2.7.1.jar:/home/adam/Spark_benchmark/spark_blk/jars/spark-network-shuffle_2.12-3.0.3.jar:/home/adam/Spark_benchmark/spark_blk/jars/curator-framework-2.7.1.jar:/home/adam/Spark_benchmark/spark_blk/jars/protobuf-java-2.5.0.jar:/home/adam/Spark_benchmark/spark_blk/jars/spark-streaming_2.12-3.0.3.jar:/home/adam/Spark_benchmark/spark_blk/jars/JLargeArrays-1.5.jar:/home/adam/Spark_benchmark/spark_blk/jars/jetty-util-6.1.26.jar:/home/adam/Spark_benchmark/spark_blk/jars/httpcore-4.4.12.jar:/home/adam/Spark_benchmark/spark_blk/jars/macro-compat_2.12-1.1.1.jar:/home/adam/Spark_benchmark/spark_blk/jars/spark-yarn_2.12-3.0.3.jar:/home/adam/Spark_benchmark/spark_blk/jars/commons-crypto-1.1.0.jar:/home/adam/Spark_benchmark/spark_blk/jars/paranamer-2.8.jar:/home/adam/Spark_benchmark/spark_blk/jars/scala-collection-compat_2.12-2.1.1.jar:/home/adam/Spark_benchmark/spark_blk/jars/metrics-core-4.1.1.jar:/home/adam/Spark_benchmark/spark_blk/jars/jackson-jaxrs-1.9.13.jar:/home/adam/Spark_benchmark/spark_blk/jars/jackson-databind-2.10.0.jar:/home/adam/Spark_benchmark/spark_blk/jars/kubernetes-client-4.9.2.jar:/home/adam/Spark_benchmark/spark_blk/jars/algebra_2.12-2.0.0-M2.jar:/home/adam/Spark_benchmark/spark_blk/jars/scala-reflect-2.12.10.jar:/home/adam/Spark_benchmark/spark_blk/jars/univocity-p
Launcher Type: SUN_STANDARD

[Global flags]
    ccstr AllocateHeapAt                           = /dev/fakeblk                              {product} {command line}
     intx CICompilerCount                          = 4                                         {product} {ergonomic}
     bool ClassUnloading                           = false                                     {product} {command line}
     bool ClassUnloadingWithConcurrentMark         = false                                     {product} {command line}
   size_t InitialHeapSize                          = 25165824                                  {product} {ergonomic}
   size_t MaxHeapSize                              = 17179869184                               {product} {command line}
   size_t MinHeapDeltaBytes                        = 172032                                    {product} {ergonomic}
    uintx NonNMethodCodeHeapSize                   = 5836300                                {pd product} {ergonomic}
    uintx NonProfiledCodeHeapSize                  = 122910970                              {pd product} {ergonomic}
    uintx ProfiledCodeHeapSize                     = 122910970                              {pd product} {ergonomic}
    uintx ReservedCodeCacheSize                    = 251658240                              {pd product} {ergonomic}
     bool SegmentedCodeCache                       = true                                      {product} {ergonomic}
     bool UnlockExperimentalVMOptions              = true                                 {experimental} {command line}
     bool UseCompressedClassPointers               = true                                 {lp64_product} {ergonomic}
     bool UseCompressedOops                        = true                                 {lp64_product} {ergonomic}
     bool UseEpsilonGC                             = true                                 {experimental} {command line}
     bool UseTLAB                                  = false                                  {pd product} {command line}

Logging:
Log output configuration:
 #0: stdout all=warning,gc=debug uptime,level,tags
 #1: stderr all=off uptime,level,tags

Environment Variables:
PATH=/usr/local/sbin:/usr/local/bin:/usr/sbin:/usr/bin:/sbin:/bin
SHELL=/bin/bash
LANG=fr_FR.UTF-8

Signal Handlers:
SIGSEGV: [libjvm.so+0xde0a80], sa_mask[0]=11111111011111111101111111111110, sa_flags=SA_RESTART|SA_SIGINFO
SIGBUS: [libjvm.so+0xde0a80], sa_mask[0]=11111111011111111101111111111110, sa_flags=SA_RESTART|SA_SIGINFO
SIGFPE: [libjvm.so+0xde0a80], sa_mask[0]=11111111011111111101111111111110, sa_flags=SA_RESTART|SA_SIGINFO
SIGPIPE: [libjvm.so+0xbdb720], sa_mask[0]=11111111011111111101111111111110, sa_flags=SA_RESTART|SA_SIGINFO
SIGXFSZ: [libjvm.so+0xbdb720], sa_mask[0]=11111111011111111101111111111110, sa_flags=SA_RESTART|SA_SIGINFO
SIGILL: [libjvm.so+0xde0a80], sa_mask[0]=11111111011111111101111111111110, sa_flags=SA_RESTART|SA_SIGINFO
SIGUSR2: [libjvm.so+0xbdb5c0], sa_mask[0]=00000000000000000000000000000000, sa_flags=SA_RESTART|SA_SIGINFO
SIGHUP: [libjvm.so+0xbdbe50], sa_mask[0]=11111111011111111101111111111110, sa_flags=SA_RESTART|SA_SIGINFO
SIGINT: [libjvm.so+0xbdbe50], sa_mask[0]=11111111011111111101111111111110, sa_flags=SA_RESTART|SA_SIGINFO
SIGTERM: [libjvm.so+0xbdbe50], sa_mask[0]=11111111011111111101111111111110, sa_flags=SA_RESTART|SA_SIGINFO
SIGQUIT: [libjvm.so+0xbdbe50], sa_mask[0]=11111111011111111101111111111110, sa_flags=SA_RESTART|SA_SIGINFO


---------------  S Y S T E M  ---------------

OS:PRETTY_NAME="Debian GNU/Linux 11 (bullseye)"
NAME="Debian GNU/Linux"
VERSION_ID="11"
VERSION="11 (bullseye)"
VERSION_CODENAME=bullseye
ID=debian
HOME_URL="https://www.debian.org/"
SUPPORT_URL="https://www.debian.org/support"
BUG_REPORT_URL="https://bugs.debian.org/"
uname:Linux 5.10.0-11-amd64 #1 SMP Debian 5.10.92-2 (2022-02-28) x86_64
OS uptime: 35 days 22:49 hours
libc:glibc 2.31 NPTL 2.31 
rlimit (soft/hard): STACK 8192k/infinity , CORE 0k/infinity , NPROC 128459/128459 , NOFILE 1048576/1048576 , AS infinity/infinity , CPU infinity/infinity , DATA infinity/infinity , FSIZE infinity/infinity , MEMLOCK 4116444k/4116444k
load average:0,61 0,17 0,06

/proc/meminfo:
MemTotal:       32931552 kB
MemFree:        15679060 kB
MemAvailable:   17953408 kB
Buffers:          328372 kB
Cached:         10568612 kB
SwapCached:        28172 kB
Active:          9042740 kB
Inactive:        2110948 kB
Active(anon):    8445412 kB
Inactive(anon):   200596 kB
Active(file):     597328 kB
Inactive(file):  1910352 kB
Unevictable:           0 kB
Mlocked:               0 kB
SwapTotal:        998396 kB
SwapFree:         925668 kB
Dirty:              2040 kB
Writeback:             0 kB
AnonPages:        231664 kB
Mapped:          8539420 kB
Shmem:           8389296 kB
KReclaimable:     259876 kB
Slab:             322660 kB
SReclaimable:     259876 kB
SUnreclaim:        62784 kB
KernelStack:        3712 kB
PageTables:        26328 kB
NFS_Unstable:          0 kB
Bounce:                0 kB
WritebackTmp:          0 kB
CommitLimit:    17464172 kB
Committed_AS:    9284708 kB
VmallocTotal:   34359738367 kB
VmallocUsed:     2898044 kB
VmallocChunk:          0 kB
Percpu:             7872 kB
HardwareCorrupted:     0 kB
AnonHugePages:     61440 kB
ShmemHugePages:        0 kB
ShmemPmdMapped:        0 kB
FileHugePages:         0 kB
FilePmdMapped:         0 kB
HugePages_Total:       0
HugePages_Free:        0
HugePages_Rsvd:        0
HugePages_Surp:        0
Hugepagesize:       2048 kB
Hugetlb:               0 kB
DirectMap4k:      968552 kB
DirectMap2M:    32585728 kB
DirectMap1G:     2097152 kB

/sys/kernel/mm/transparent_hugepage/enabled:
[always] madvise never
/sys/kernel/mm/transparent_hugepage/defrag (defrag/compaction efforts parameter):
always defer defer+madvise [madvise] never

Process Memory:
Virtual Size: 18993396K (peak: 19046084K)
Resident Set Size: 179080K (peak: 179080K) (anon: 75508K, file: 103572K, shmem: 0K)
Swapped out: 0K
C-Heap outstanding allocations: 46323K, retained: 9444K
glibc malloc tunables: (default)

/proc/sys/kernel/threads-max (system-wide limit on the number of threads):
256918
/proc/sys/vm/max_map_count (maximum number of memory map areas a process may have):
65530
/proc/sys/kernel/pid_max (system-wide limit on number of process identifiers):
4194304

container (cgroup) information:
container_type: cgroupv2
cpu_cpuset_cpus: not supported
cpu_memory_nodes: not supported
active_processor_count: 8
cpu_quota: not supported
cpu_period: not supported
cpu_shares: not supported
memory_limit_in_bytes: 1610612736
memory_and_swap_limit_in_bytes: unlimited
memory_soft_limit_in_bytes: unlimited
memory_usage_in_bytes: 169218048
memory_max_usage_in_bytes: not supported

KVM virtualization detected
Steal ticks since vm start: 1
Steal ticks percentage since vm start:  0,000

CPU:total 8 (initial active 8) (4 cores per cpu, 1 threads per core) family 6 model 85 stepping 7 microcode 0x5003102, cmov, cx8, fxsr, mmx, sse, sse2, sse3, ssse3, sse4.1, sse4.2, popcnt, avx, avx2, aes, clmul, erms, 3dnowpref, lzcnt, tsc, bmi1, bmi2, adx, evex, fma
CPU Model and flags from /proc/cpuinfo:
model name	: Intel(R) Xeon(R) Silver 4208 CPU @ 2.10GHz
flags		: fpu vme de pse tsc msr pae mce cx8 apic sep mtrr pge mca cmov pat pse36 clflush mmx fxsr sse sse2 ss ht syscall nx pdpe1gb rdtscp lm constant_tsc arch_perfmon rep_good nopl xtopology cpuid tsc_known_freq pni pclmulqdq vmx ssse3 fma cx16 pdcm pcid sse4_1 sse4_2 x2apic movbe popcnt tsc_deadline_timer aes xsave avx f16c rdrand hypervisor lahf_lm abm 3dnowprefetch cpuid_fault invpcid_single ssbd ibrs ibpb stibp ibrs_enhanced tpr_shadow vnmi flexpriority ept vpid ept_ad fsgsbase tsc_adjust bmi1 avx2 smep bmi2 erms invpcid mpx avx512f avx512dq rdseed adx smap clflushopt clwb avx512cd avx512bw avx512vl xsaveopt xsavec xgetbv1 xsaves arat umip pku ospke avx512_vnni md_clear arch_capabilities
Online cpus:
0-7
Offline cpus:

BIOS frequency limitation:
<Not Available>
Frequency switch latency (ns):
<Not Available>
Available cpu frequencies:
<Not Available>
Current governor:
<Not Available>
Core performance/turbo boost:
<Not Available>

Memory: 4k page, physical 1572864k(1407612k free), swap 998396k(925668k free)

vm_info: OpenJDK 64-Bit Server VM (11.0.16-internal+0-adhoc.adam.jdk11u) for linux-amd64 JRE (11.0.16-internal+0-adhoc.adam.jdk11u), built on Jan  9 2023 16:02:28 by "adam" with gcc 10.2.1 20210110

END.
