#
# A fatal error has been detected by the Java Runtime Environment:
#
#  SIGSEGV (0xb) at pc=0x00007f003809f9a8, pid=160672, tid=160673
#
# JRE version: OpenJDK Runtime Environment (11.0.16) (build 11.0.16-internal+0-adhoc.adam.jdk11u)
# Java VM: OpenJDK 64-Bit Server VM (11.0.16-internal+0-adhoc.adam.jdk11u, mixed mode, tiered, compressed oops, epsilon gc, linux-amd64)
# Problematic frame:
# V  [libjvm.so+0x2d09a8]  RemoteSpace::concurrent_post_allocate(HeapWord*, unsigned long, Klass*)+0xe8
#
# No core dump will be written. Core dumps have been disabled. To enable core dumping, try "ulimit -c unlimited" before starting Java again
#
# If you would like to submit a bug report, please visit:
#   https://bugreport.java.com/bugreport/crash.jsp
#

---------------  S U M M A R Y ------------

Command Line: -XX:AllocateHeapAt=/dev/fakeblk -Xlog:gc=debug -XX:-OptimizeStringConcat -XX:+UnlockExperimentalVMOptions -XX:+UseEpsilonGC -Xnoclassgc -XX:-ClassUnloading -XX:MetaspaceSize=1G -Xms8g -Xmx8g ../dacapo-9.12-MR1-bach.jar h2

Host: Intel(R) Xeon(R) Silver 4208 CPU @ 2.10GHz, 8 cores, 1G, Debian GNU/Linux 11 (bullseye)
Time: Fri Oct 20 15:41:03 2023 CEST elapsed time: 0.104647 seconds (0d 0h 0m 0s)

---------------  T H R E A D  ---------------

Current thread (0x00007f0030027800):  JavaThread "main" [_thread_in_vm, id=160673, stack(0x00007f0037b80000,0x00007f0037c81000)]

Stack: [0x00007f0037b80000,0x00007f0037c81000],  sp=0x00007f0037c7ef70,  free space=1019k
Native frames: (J=compiled Java code, A=aot compiled Java code, j=interpreted, Vv=VM code, C=native code)
V  [libjvm.so+0x2d09a8]  RemoteSpace::concurrent_post_allocate(HeapWord*, unsigned long, Klass*)+0xe8
V  [libjvm.so+0xb43515]  MemAllocator::allocate_inside_tlab(MemAllocator::Allocation&) const+0x75
V  [libjvm.so+0xb43683]  MemAllocator::allocate() const+0x83
V  [libjvm.so+0x6054ad]  CollectedHeap::obj_allocate(Klass*, int, Thread*)+0x3d
V  [libjvm.so+0x858024]  InstanceKlass::allocate_instance(Thread*)+0x34
V  [libjvm.so+0x87b139]  java_lang_String::create_from_unicode(unsigned short*, int, Thread*)+0x79
V  [libjvm.so+0xcdd2fd]  StringTable::do_intern(Handle, unsigned short*, int, unsigned long, Thread*)+0x4cd
V  [libjvm.so+0xcdd5b1]  StringTable::intern(Symbol*, Thread*)+0x51
V  [libjvm.so+0x681d9b]  ConstantPool::string_at_impl(constantPoolHandle const&, int, int, Thread*)+0xab
V  [libjvm.so+0x6866dc]  ConstantPool::resolve_constant_at_impl(constantPoolHandle const&, int, int, bool*, Thread*)+0x8fc
V  [libjvm.so+0x4a4b51]  Bytecode_loadconstant::resolve_constant(Thread*) const+0xb1
V  [libjvm.so+0x872966]  InterpreterRuntime::resolve_ldc(JavaThread*, Bytecodes::Code)+0x396
j  jdk.internal.module.SystemModules$default.moduleDescriptors()[Ljava/lang/module/ModuleDescriptor;+1793 java.base
j  jdk.internal.module.SystemModuleFinders.of(Ljdk/internal/module/SystemModules;)Ljava/lang/module/ModuleFinder;+1 java.base
j  jdk.internal.module.ModuleBootstrap.boot()Ljava/lang/ModuleLayer;+243 java.base
j  java.lang.System.initPhase2(ZZ)I+0 java.base
v  ~StubRoutines::call_stub
V  [libjvm.so+0x87a1b3]  JavaCalls::call_helper(JavaValue*, methodHandle const&, JavaCallArguments*, Thread*)+0x353
V  [libjvm.so+0x8790fa]  JavaCalls::call_static(JavaValue*, Klass*, Symbol*, Symbol*, JavaCallArguments*, Thread*)+0xea
V  [libjvm.so+0xd79e4e]  Threads::create_vm(JavaVMInitArgs*, bool*)+0xc6e
V  [libjvm.so+0x8ff8b1]  JNI_CreateJavaVM+0x51
C  [libjli.so+0x496d]  JavaMain+0x8d
C  [libjli.so+0x9619]  ThreadJavaMain+0x9

Java frames: (J=compiled Java code, j=interpreted, Vv=VM code)
j  jdk.internal.module.SystemModules$default.moduleDescriptors()[Ljava/lang/module/ModuleDescriptor;+1793 java.base
j  jdk.internal.module.SystemModuleFinders.of(Ljdk/internal/module/SystemModules;)Ljava/lang/module/ModuleFinder;+1 java.base
j  jdk.internal.module.ModuleBootstrap.boot()Ljava/lang/ModuleLayer;+243 java.base
j  java.lang.System.initPhase2(ZZ)I+0 java.base
v  ~StubRoutines::call_stub

siginfo: si_signo: 11 (SIGSEGV), si_code: 1 (SEGV_MAPERR), si_addr: 0xfffffffffffffffd

Register to memory mapping:

RAX=0x0000000000000018 is an unknown value
RBX=0x0000000800001808 is a pointer to class: 
java.lang.String {0x0000000800001808}
RCX=0x0000000800001808 is a pointer to class: 
java.lang.String {0x0000000800001808}
RDX=0x0000000000000003 is an unknown value
RSP=0x00007f0037c7ef70 is pointing into the stack for thread: 0x00007f0030027800
RBP=0x00007f0037c7efa0 is pointing into the stack for thread: 0x00007f0030027800
RSI=0x0000000000000001 is an unknown value
RDI=0x00007f003003a3f0 points into unknown readable memory: 0x00007f0038eab430 | 30 b4 ea 38 00 7f 00 00
R8 =0x0 is NULL
R9 =0x0000000000000024 is an unknown value
R10=0x00007f0037c7ee37 is pointing into the stack for thread: 0x00007f0030027800
R11=0x0 is NULL
R12=0x0000000000000001 is an unknown value
R13=0x0000000000000003 is an unknown value
R14=0x0000000000000011 is an unknown value
R15=0x00007f0030027800 is a thread


Registers:
RAX=0x0000000000000018, RBX=0x0000000800001808, RCX=0x0000000800001808, RDX=0x0000000000000003
RSP=0x00007f0037c7ef70, RBP=0x00007f0037c7efa0, RSI=0x0000000000000001, RDI=0x00007f003003a3f0
R8 =0x0000000000000000, R9 =0x0000000000000024, R10=0x00007f0037c7ee37, R11=0x0000000000000000
R12=0x0000000000000001, R13=0x0000000000000003, R14=0x0000000000000011, R15=0x00007f0030027800
RIP=0x00007f003809f9a8, EFLAGS=0x0000000000010206, CSGSFS=0x002b000000000033, ERR=0x0000000000000007
  TRAPNO=0x000000000000000e

Top of Stack: (sp=0x00007f0037c7ef70)
0x00007f0037c7ef70:   0000000000000000 00007f0030027800
0x00007f0037c7ef80:   00007f0037c7f070 00007f0037c7f000
0x00007f0037c7ef90:   0000000000000011 00007f0030027800
0x00007f0037c7efa0:   00007f0037c7efe0 00007f0038912515 

Instructions: (pc=0x00007f003809f9a8)
0x00007f003809f8a8:   08 48 8d 65 f0 5b 41 5c 5d c3 66 66 2e 0f 1f 84
0x00007f003809f8b8:   00 00 00 00 00 0f 1f 00 55 48 89 e5 41 57 41 56
0x00007f003809f8c8:   41 55 49 89 d5 41 54 49 89 f4 53 48 89 cb 48 83
0x00007f003809f8d8:   ec 08 8b 41 08 85 c0 7e 09 f6 81 3a 01 00 00 01
0x00007f003809f8e8:   75 56 4a 8d 04 ed 08 00 00 00 f0 48 01 05 b6 fa
0x00007f003809f8f8:   ee 00 8b 43 08 3d 00 00 00 c0 7c 2c 3d ff ff ff
0x00007f003809f908:   bf 0f 86 91 00 00 00 41 c7 44 24 fc 2a 00 00 00
0x00007f003809f918:   45 89 6c 24 f8 48 83 c4 08 5b 41 5c 41 5d 41 5e
0x00007f003809f928:   41 5f 5d c3 0f 1f 40 00 83 c3 01 41 89 5c 24 fc
0x00007f003809f938:   eb de 66 0f 1f 44 00 00 4c 8b 3d 21 66 eb 00 49
0x00007f003809f948:   89 fe 4d 85 ff 74 10 48 8d 3d 8a fa ee 00 e8 b5
0x00007f003809f958:   b9 fa ff 85 c0 75 53 bf 10 00 00 00 e8 77 c2 fa
0x00007f003809f968:   ff 49 8b 96 b8 00 00 00 4c 89 20 48 89 50 08 49
0x00007f003809f978:   89 86 b8 00 00 00 4d 85 ff 0f 84 63 ff ff ff 48
0x00007f003809f988:   8d 3d 52 fa ee 00 e8 2d b9 fa ff e9 52 ff ff ff
0x00007f003809f998:   0f 1f 84 00 00 00 00 00 85 c0 0f 84 70 ff ff ff
0x00007f003809f9a8:   41 89 5c 24 fc e9 66 ff ff ff 89 c7 e8 48 ce fa
0x00007f003809f9b8:   ff 0f 1f 80 00 00 00 00 48 8b 05 f1 f9 ee 00 48
0x00007f003809f9c8:   2b 05 f2 f9 ee 00 48 8b 15 db f9 ee 00 48 01 d0
0x00007f003809f9d8:   c3 90 66 0f 1f 44 00 00 48 8b 05 d1 f9 ee 00 c3
0x00007f003809f9e8:   0f 1f 84 00 00 00 00 00 55 48 8d 05 50 60 df 00
0x00007f003809f9f8:   48 89 e5 41 54 53 48 8d 7d d0 48 83 ec 30 48 89
0x00007f003809fa08:   45 d0 48 c7 45 d8 00 00 00 00 c7 45 e0 00 00 00
0x00007f003809fa18:   00 e8 b2 2f 9c 00 48 63 75 e0 bf 01 00 00 00 48
0x00007f003809fa28:   89 75 c8 48 89 f3 48 c1 e6 03 e8 f9 c0 fa ff 48
0x00007f003809fa38:   8b 55 d8 49 89 c4 85 db 7e 6e 48 85 d2 74 69 b8
0x00007f003809fa48:   01 00 00 00 0f 1f 40 00 48 8b 0a 39 c3 89 c7 40
0x00007f003809fa58:   0f 9e c6 49 89 4c c4 f8 48 8b 52 08 48 85 d2 0f
0x00007f003809fa68:   94 c1 48 83 c0 01 40 08 ce 74 dd 89 7d e0 8b 3d
0x00007f003809fa78:   8c 65 eb 00 48 8d 75 c8 ba 08 00 00 00 e8 76 c3
0x00007f003809fa88:   fa ff 48 8b 45 c8 8b 3d 74 65 eb 00 4c 89 e6 48
0x00007f003809fa98:   8d 14 c5 00 00 00 00 e8 5c c3 fa ff 48 83 c4 30 


Stack slot to memory mapping:
stack at sp + 0 slots: 0x0 is NULL
stack at sp + 1 slots: 0x00007f0030027800 is a thread
stack at sp + 2 slots: 0x00007f0037c7f070 is pointing into the stack for thread: 0x00007f0030027800
stack at sp + 3 slots: 0x00007f0037c7f000 is pointing into the stack for thread: 0x00007f0030027800
stack at sp + 4 slots: 0x0000000000000011 is an unknown value
stack at sp + 5 slots: 0x00007f0030027800 is a thread
stack at sp + 6 slots: 0x00007f0037c7efe0 is pointing into the stack for thread: 0x00007f0030027800
stack at sp + 7 slots: 0x00007f0038912515: <offset 0x0000000000b43515> in /home/adam/jdk11u/build/linux-x86_64-normal-server-release/images/jdk/lib/server/libjvm.so at 0x00007f0037dcf000


---------------  P R O C E S S  ---------------

Threads class SMR info:
_java_thread_list=0x00007f003012d490, length=8, elements={
0x00007f0030027800, 0x00007f0030108000, 0x00007f003010c800, 0x00007f0030123800,
0x00007f0030125800, 0x00007f0030127800, 0x00007f0030129800, 0x00007f003012b800
}

Java Threads: ( => current thread )
=>0x00007f0030027800 JavaThread "main" [_thread_in_vm, id=160673, stack(0x00007f0037b80000,0x00007f0037c81000)]
  0x00007f0030108000 JavaThread "Reference Handler" daemon [_thread_blocked, id=160676, stack(0x00007f0036e46000,0x00007f0036f47000)]
  0x00007f003010c800 JavaThread "Finalizer" daemon [_thread_blocked, id=160677, stack(0x00007f0036d45000,0x00007f0036e46000)]
  0x00007f0030123800 JavaThread "Signal Dispatcher" daemon [_thread_blocked, id=160678, stack(0x00007f003695d000,0x00007f0036a5e000)]
  0x00007f0030125800 JavaThread "Service Thread" daemon [_thread_blocked, id=160679, stack(0x00007f003685c000,0x00007f003695d000)]
  0x00007f0030127800 JavaThread "C2 CompilerThread0" daemon [_thread_blocked, id=160680, stack(0x00007f003675b000,0x00007f003685c000)]
  0x00007f0030129800 JavaThread "C1 CompilerThread0" daemon [_thread_blocked, id=160681, stack(0x00007f003665a000,0x00007f003675b000)]
  0x00007f003012b800 JavaThread "Sweeper thread" daemon [_thread_blocked, id=160682, stack(0x00007f0036559000,0x00007f003665a000)]

Other Threads:
  0x00007f00300ff000 VMThread "VM Thread" [stack: 0x00007f0036f49000,0x00007f0037049000] [id=160675]

Threads with active compile tasks:

VM state:not at safepoint (normal execution)

VM Mutex/Monitor currently owned by a thread: None

Heap address: 0x0000000600000000, size: 8192 MB, Compressed Oops mode: Zero based, Oop shift amount: 3
Narrow klass base: 0x0000000800000000, Narrow klass shift: 0
Compressed class space size: 1073741824 Address: 0x0000000800000000

Heap:
Epsilon Heap
Allocation space:
 Metaspace       used 2417K, capacity 4480K, committed 4480K, reserved 1056768K
  class space    used 183K, capacity 384K, committed 384K, reserved 1048576K


Polling page: 0x00007f0039206000

Metaspace:

Usage:
  Non-class:      4,00 MB capacity,     2,18 MB ( 55%) used,     1,82 MB ( 45%) free+waste,    64 bytes ( <1%) overhead. 
      Class:    384,00 KB capacity,   183,27 KB ( 48%) used,   200,67 KB ( 52%) free+waste,    64 bytes ( <1%) overhead. 
       Both:      4,38 MB capacity,     2,36 MB ( 54%) used,     2,01 MB ( 46%) free+waste,   128 bytes ( <1%) overhead. 

Virtual space:
  Non-class space:        8,00 MB reserved,       4,00 MB ( 50%) committed 
      Class space:        1,00 GB reserved,     384,00 KB ( <1%) committed 
             Both:        1,01 GB reserved,       4,38 MB ( <1%) committed 

Chunk freelists:
   Non-Class:  0 bytes
       Class:  0 bytes
        Both:  0 bytes

MaxMetaspaceSize: unlimited
CompressedClassSpaceSize: 1,00 GB
Initial GC threshold: 1,00 GB
Current GC threshold: 1,00 GB
CDS: off

CodeHeap 'non-profiled nmethods': size=120032Kb used=0Kb max_used=0Kb free=120032Kb
 bounds [0x00007f00202da000, 0x00007f002054a000, 0x00007f0027812000]
CodeHeap 'profiled nmethods': size=120028Kb used=5Kb max_used=5Kb free=120022Kb
 bounds [0x00007f0018da3000, 0x00007f0019013000, 0x00007f00202da000]
CodeHeap 'non-nmethods': size=5700Kb used=1003Kb max_used=1006Kb free=4696Kb
 bounds [0x00007f0018812000, 0x00007f0018a82000, 0x00007f0018da3000]
 total_blobs=219 nmethods=5 adapters=131
 compilation: enabled
              stopped_count=0, restarted_count=0
 full_count=0

Compilation events (10 events):
Event: 0,090 Thread 0x00007f0030129800    1       3       java.util.concurrent.ConcurrentHashMap::tabAt (22 bytes)
Event: 0,091 Thread 0x00007f0030129800 nmethod 1 0x00007f0018da3010 code [0x00007f0018da31c0, 0x00007f0018da3490]
Event: 0,091 Thread 0x00007f0030129800    2       3       jdk.internal.misc.Unsafe::getObjectAcquire (7 bytes)
Event: 0,091 Thread 0x00007f0030129800 nmethod 2 0x00007f0018da3590 code [0x00007f0018da3740, 0x00007f0018da3830]
Event: 0,095 Thread 0x00007f0030129800    3       3       java.lang.Object::<init> (1 bytes)
Event: 0,095 Thread 0x00007f0030129800 nmethod 3 0x00007f0018da3910 code [0x00007f0018da3ac0, 0x00007f0018da3bb0]
Event: 0,096 Thread 0x00007f0030129800    4       3       java.lang.StringLatin1::hashCode (42 bytes)
Event: 0,096 Thread 0x00007f0030129800 nmethod 4 0x00007f0018da3c90 code [0x00007f0018da3e40, 0x00007f0018da3ff0]
Event: 0,097 Thread 0x00007f0030129800    5       3       java.lang.String::isLatin1 (19 bytes)
Event: 0,097 Thread 0x00007f0030129800 nmethod 5 0x00007f0018da4110 code [0x00007f0018da42c0, 0x00007f0018da4430]

GC Heap History (0 events):
No events

Deoptimization events (0 events):
No events

Classes redefined (0 events):
No events

Internal exceptions (0 events):
No events

Events (20 events):
Event: 0,090 loading class jdk/internal/module/SystemModuleFinders
Event: 0,091 loading class jdk/internal/module/SystemModuleFinders done
Event: 0,091 loading class java/net/URI
Event: 0,091 loading class java/net/URI done
Event: 0,091 loading class java/net/URI$1
Event: 0,091 loading class jdk/internal/misc/JavaNetUriAccess
Event: 0,092 loading class jdk/internal/misc/JavaNetUriAccess done
Event: 0,092 loading class java/net/URI$1 done
Event: 0,092 loading class jdk/internal/module/SystemModulesMap
Event: 0,092 loading class jdk/internal/module/SystemModulesMap done
Event: 0,092 loading class jdk/internal/module/SystemModules$default
Event: 0,093 loading class jdk/internal/module/SystemModules
Event: 0,093 loading class jdk/internal/module/SystemModules done
Event: 0,093 loading class jdk/internal/module/SystemModules$default done
Event: 0,093 loading class jdk/internal/module/Builder
Event: 0,094 loading class jdk/internal/module/Builder done
Event: 0,094 loading class java/lang/module/ModuleDescriptor$Requires
Event: 0,094 loading class java/lang/module/ModuleDescriptor$Requires done
Event: 0,094 loading class java/lang/module/ModuleDescriptor$Exports
Event: 0,094 loading class java/lang/module/ModuleDescriptor$Exports done


Dynamic libraries:
600000000-800000000 rw-s 00000000 00:05 479                              /dev/fakeblk
800000000-800060000 rw-p 00000000 00:00 0 
800060000-840000000 ---p 00000000 00:00 0 
559283940000-559283941000 r--p 00000000 08:01 4078115                    /home/adam/jdk11u/build/linux-x86_64-normal-server-release/images/jdk/bin/java
559283941000-559283942000 r-xp 00001000 08:01 4078115                    /home/adam/jdk11u/build/linux-x86_64-normal-server-release/images/jdk/bin/java
559283942000-559283943000 r--p 00002000 08:01 4078115                    /home/adam/jdk11u/build/linux-x86_64-normal-server-release/images/jdk/bin/java
559283943000-559283944000 r--p 00002000 08:01 4078115                    /home/adam/jdk11u/build/linux-x86_64-normal-server-release/images/jdk/bin/java
559283944000-559283945000 rw-p 00003000 08:01 4078115                    /home/adam/jdk11u/build/linux-x86_64-normal-server-release/images/jdk/bin/java
559284c5d000-559284c7e000 rw-p 00000000 00:00 0                          [heap]
7effb4000000-7effb4021000 rw-p 00000000 00:00 0 
7effb4021000-7effb8000000 ---p 00000000 00:00 0 
7effbc000000-7effbc056000 rw-p 00000000 00:00 0 
7effbc056000-7effc0000000 ---p 00000000 00:00 0 
7effc0000000-7effc0021000 rw-p 00000000 00:00 0 
7effc0021000-7effc4000000 ---p 00000000 00:00 0 
7effc4000000-7effc4021000 rw-p 00000000 00:00 0 
7effc4021000-7effc8000000 ---p 00000000 00:00 0 
7effc8000000-7effc8021000 rw-p 00000000 00:00 0 
7effc8021000-7effcc000000 ---p 00000000 00:00 0 
7effcc000000-7effcc021000 rw-p 00000000 00:00 0 
7effcc021000-7effd0000000 ---p 00000000 00:00 0 
7effd0000000-7effd0021000 rw-p 00000000 00:00 0 
7effd0021000-7effd4000000 ---p 00000000 00:00 0 
7effd4000000-7effd4021000 rw-p 00000000 00:00 0 
7effd4021000-7effd8000000 ---p 00000000 00:00 0 
7effd8812000-7f0018812000 rw-s 00000000 00:19 5784838                    /dev/shm/prout
7f0018812000-7f0018a82000 rwxp 00000000 00:00 0 
7f0018a82000-7f0018da3000 ---p 00000000 00:00 0 
7f0018da3000-7f0019013000 rwxp 00000000 00:00 0 
7f0019013000-7f00202da000 ---p 00000000 00:00 0 
7f00202da000-7f002054a000 rwxp 00000000 00:00 0 
7f002054a000-7f0027812000 ---p 00000000 00:00 0 
7f0027812000-7f0030000000 r--s 00000000 08:01 4077358                    /home/adam/jdk11u/build/linux-x86_64-normal-server-release/images/jdk/lib/modules
7f0030000000-7f0030157000 rw-p 00000000 00:00 0 
7f0030157000-7f0034000000 ---p 00000000 00:00 0 
7f00361b3000-7f00361ba000 r--s 00000000 08:01 2926395                    /usr/lib/x86_64-linux-gnu/gconv/gconv-modules.cache
7f00361ba000-7f0036559000 rw-p 00000000 00:00 0 
7f0036559000-7f003655d000 ---p 00000000 00:00 0 
7f003655d000-7f003665a000 rw-p 00000000 00:00 0 
7f003665a000-7f003665e000 ---p 00000000 00:00 0 
7f003665e000-7f003675b000 rw-p 00000000 00:00 0 
7f003675b000-7f003675f000 ---p 00000000 00:00 0 
7f003675f000-7f003685c000 rw-p 00000000 00:00 0 
7f003685c000-7f0036860000 ---p 00000000 00:00 0 
7f0036860000-7f003695d000 rw-p 00000000 00:00 0 
7f003695d000-7f0036961000 ---p 00000000 00:00 0 
7f0036961000-7f0036a5e000 rw-p 00000000 00:00 0 
7f0036a5e000-7f0036d45000 r--p 00000000 08:01 2884038                    /usr/lib/locale/locale-archive
7f0036d45000-7f0036d49000 ---p 00000000 00:00 0 
7f0036d49000-7f0036e46000 rw-p 00000000 00:00 0 
7f0036e46000-7f0036e4a000 ---p 00000000 00:00 0 
7f0036e4a000-7f0036f47000 rw-p 00000000 00:00 0 
7f0036f47000-7f0036f48000 ---p 00000000 00:00 0 
7f0036f48000-7f0037525000 rw-p 00000000 00:00 0 
7f0037525000-7f0037925000 ---p 00000000 00:00 0 
7f0037925000-7f003792a000 rw-p 00000000 00:00 0 
7f003792a000-7f0037a10000 ---p 00000000 00:00 0 
7f0037a10000-7f0037a15000 rw-p 00000000 00:00 0 
7f0037a15000-7f0037afb000 ---p 00000000 00:00 0 
7f0037afb000-7f0037b00000 rw-p 00000000 00:00 0 
7f0037b00000-7f0037b07000 ---p 00000000 00:00 0 
7f0037b07000-7f0037b0a000 r--p 00000000 08:01 2907361                    /usr/lib/x86_64-linux-gnu/libnss_files-2.31.so
7f0037b0a000-7f0037b11000 r-xp 00003000 08:01 2907361                    /usr/lib/x86_64-linux-gnu/libnss_files-2.31.so
7f0037b11000-7f0037b13000 r--p 0000a000 08:01 2907361                    /usr/lib/x86_64-linux-gnu/libnss_files-2.31.so
7f0037b13000-7f0037b14000 r--p 0000b000 08:01 2907361                    /usr/lib/x86_64-linux-gnu/libnss_files-2.31.so
7f0037b14000-7f0037b15000 rw-p 0000c000 08:01 2907361                    /usr/lib/x86_64-linux-gnu/libnss_files-2.31.so
7f0037b15000-7f0037b1b000 rw-p 00000000 00:00 0 
7f0037b20000-7f0037b22000 r--p 00000000 08:01 4078124                    /home/adam/jdk11u/build/linux-x86_64-normal-server-release/images/jdk/lib/libzip.so
7f0037b22000-7f0037b26000 r-xp 00002000 08:01 4078124                    /home/adam/jdk11u/build/linux-x86_64-normal-server-release/images/jdk/lib/libzip.so
7f0037b26000-7f0037b28000 r--p 00006000 08:01 4078124                    /home/adam/jdk11u/build/linux-x86_64-normal-server-release/images/jdk/lib/libzip.so
7f0037b28000-7f0037b29000 r--p 00007000 08:01 4078124                    /home/adam/jdk11u/build/linux-x86_64-normal-server-release/images/jdk/lib/libzip.so
7f0037b29000-7f0037b2a000 rw-p 00008000 08:01 4078124                    /home/adam/jdk11u/build/linux-x86_64-normal-server-release/images/jdk/lib/libzip.so
7f0037b2a000-7f0037b32000 rw-s 00000000 08:01 1579978                    /tmp/hsperfdata_root/160672
7f0037b32000-7f0037b36000 r--p 00000000 08:01 4078116                    /home/adam/jdk11u/build/linux-x86_64-normal-server-release/images/jdk/lib/libjimage.so
7f0037b36000-7f0037b49000 r-xp 00004000 08:01 4078116                    /home/adam/jdk11u/build/linux-x86_64-normal-server-release/images/jdk/lib/libjimage.so
7f0037b49000-7f0037b4f000 r--p 00017000 08:01 4078116                    /home/adam/jdk11u/build/linux-x86_64-normal-server-release/images/jdk/lib/libjimage.so
7f0037b4f000-7f0037b51000 r--p 0001c000 08:01 4078116                    /home/adam/jdk11u/build/linux-x86_64-normal-server-release/images/jdk/lib/libjimage.so
7f0037b51000-7f0037b52000 rw-p 0001e000 08:01 4078116                    /home/adam/jdk11u/build/linux-x86_64-normal-server-release/images/jdk/lib/libjimage.so
7f0037b52000-7f0037b60000 r--p 00000000 08:01 4078153                    /home/adam/jdk11u/build/linux-x86_64-normal-server-release/images/jdk/lib/libjava.so
7f0037b60000-7f0037b76000 r-xp 0000e000 08:01 4078153                    /home/adam/jdk11u/build/linux-x86_64-normal-server-release/images/jdk/lib/libjava.so
7f0037b76000-7f0037b7d000 r--p 00024000 08:01 4078153                    /home/adam/jdk11u/build/linux-x86_64-normal-server-release/images/jdk/lib/libjava.so
7f0037b7d000-7f0037b7e000 r--p 0002a000 08:01 4078153                    /home/adam/jdk11u/build/linux-x86_64-normal-server-release/images/jdk/lib/libjava.so
7f0037b7e000-7f0037b7f000 rw-p 0002b000 08:01 4078153                    /home/adam/jdk11u/build/linux-x86_64-normal-server-release/images/jdk/lib/libjava.so
7f0037b7f000-7f0037b80000 rw-p 00000000 00:00 0 
7f0037b80000-7f0037b84000 ---p 00000000 00:00 0 
7f0037b84000-7f0037c81000 rw-p 00000000 00:00 0 
7f0037c81000-7f0037c8e000 r--p 00000000 08:01 2907355                    /usr/lib/x86_64-linux-gnu/libm-2.31.so
7f0037c8e000-7f0037d28000 r-xp 0000d000 08:01 2907355                    /usr/lib/x86_64-linux-gnu/libm-2.31.so
7f0037d28000-7f0037dc3000 r--p 000a7000 08:01 2907355                    /usr/lib/x86_64-linux-gnu/libm-2.31.so
7f0037dc3000-7f0037dc4000 r--p 00141000 08:01 2907355                    /usr/lib/x86_64-linux-gnu/libm-2.31.so
7f0037dc4000-7f0037dc5000 rw-p 00142000 08:01 2907355                    /usr/lib/x86_64-linux-gnu/libm-2.31.so
7f0037dc5000-7f0037dc7000 r--p 00000000 08:01 2907366                    /usr/lib/x86_64-linux-gnu/librt-2.31.so
7f0037dc7000-7f0037dcb000 r-xp 00002000 08:01 2907366                    /usr/lib/x86_64-linux-gnu/librt-2.31.so
7f0037dcb000-7f0037dcd000 r--p 00006000 08:01 2907366                    /usr/lib/x86_64-linux-gnu/librt-2.31.so
7f0037dcd000-7f0037dce000 r--p 00007000 08:01 2907366                    /usr/lib/x86_64-linux-gnu/librt-2.31.so
7f0037dce000-7f0037dcf000 rw-p 00008000 08:01 2907366                    /usr/lib/x86_64-linux-gnu/librt-2.31.so
7f0037dcf000-7f003804b000 r--p 00000000 08:01 4078122                    /home/adam/jdk11u/build/linux-x86_64-normal-server-release/images/jdk/lib/server/libjvm.so
7f003804b000-7f0038c3d000 r-xp 0027c000 08:01 4078122                    /home/adam/jdk11u/build/linux-x86_64-normal-server-release/images/jdk/lib/server/libjvm.so
7f0038c3d000-7f0038e92000 r--p 00e6e000 08:01 4078122                    /home/adam/jdk11u/build/linux-x86_64-normal-server-release/images/jdk/lib/server/libjvm.so
7f0038e92000-7f0038e93000 ---p 010c3000 08:01 4078122                    /home/adam/jdk11u/build/linux-x86_64-normal-server-release/images/jdk/lib/server/libjvm.so
7f0038e93000-7f0038f56000 r--p 010c3000 08:01 4078122                    /home/adam/jdk11u/build/linux-x86_64-normal-server-release/images/jdk/lib/server/libjvm.so
7f0038f56000-7f0038f90000 rw-p 01186000 08:01 4078122                    /home/adam/jdk11u/build/linux-x86_64-normal-server-release/images/jdk/lib/server/libjvm.so
7f0038f90000-7f0038fe9000 rw-p 00000000 00:00 0 
7f0038fe9000-7f0038fef000 r--p 00000000 08:01 2907364                    /usr/lib/x86_64-linux-gnu/libpthread-2.31.so
7f0038fef000-7f0038fff000 r-xp 00006000 08:01 2907364                    /usr/lib/x86_64-linux-gnu/libpthread-2.31.so
7f0038fff000-7f0039005000 r--p 00016000 08:01 2907364                    /usr/lib/x86_64-linux-gnu/libpthread-2.31.so
7f0039005000-7f0039006000 r--p 0001b000 08:01 2907364                    /usr/lib/x86_64-linux-gnu/libpthread-2.31.so
7f0039006000-7f0039007000 rw-p 0001c000 08:01 2907364                    /usr/lib/x86_64-linux-gnu/libpthread-2.31.so
7f0039007000-7f003900b000 rw-p 00000000 00:00 0 
7f003900b000-7f003900c000 r--p 00000000 08:01 2907353                    /usr/lib/x86_64-linux-gnu/libdl-2.31.so
7f003900c000-7f003900e000 r-xp 00001000 08:01 2907353                    /usr/lib/x86_64-linux-gnu/libdl-2.31.so
7f003900e000-7f003900f000 r--p 00003000 08:01 2907353                    /usr/lib/x86_64-linux-gnu/libdl-2.31.so
7f003900f000-7f0039010000 r--p 00003000 08:01 2907353                    /usr/lib/x86_64-linux-gnu/libdl-2.31.so
7f0039010000-7f0039011000 rw-p 00004000 08:01 2907353                    /usr/lib/x86_64-linux-gnu/libdl-2.31.so
7f0039011000-7f0039014000 r--p 00000000 08:01 2885790                    /usr/lib/x86_64-linux-gnu/libz.so.1.2.11
7f0039014000-7f0039025000 r-xp 00003000 08:01 2885790                    /usr/lib/x86_64-linux-gnu/libz.so.1.2.11
7f0039025000-7f003902b000 r--p 00014000 08:01 2885790                    /usr/lib/x86_64-linux-gnu/libz.so.1.2.11
7f003902b000-7f003902c000 ---p 0001a000 08:01 2885790                    /usr/lib/x86_64-linux-gnu/libz.so.1.2.11
7f003902c000-7f003902d000 r--p 0001a000 08:01 2885790                    /usr/lib/x86_64-linux-gnu/libz.so.1.2.11
7f003902d000-7f003902e000 rw-p 0001b000 08:01 2885790                    /usr/lib/x86_64-linux-gnu/libz.so.1.2.11
7f003902e000-7f0039050000 r--p 00000000 08:01 2907352                    /usr/lib/x86_64-linux-gnu/libc-2.31.so
7f0039050000-7f00391aa000 r-xp 00022000 08:01 2907352                    /usr/lib/x86_64-linux-gnu/libc-2.31.so
7f00391aa000-7f00391f9000 r--p 0017c000 08:01 2907352                    /usr/lib/x86_64-linux-gnu/libc-2.31.so
7f00391f9000-7f00391fd000 r--p 001ca000 08:01 2907352                    /usr/lib/x86_64-linux-gnu/libc-2.31.so
7f00391fd000-7f00391ff000 rw-p 001ce000 08:01 2907352                    /usr/lib/x86_64-linux-gnu/libc-2.31.so
7f00391ff000-7f0039203000 rw-p 00000000 00:00 0 
7f0039206000-7f0039207000 ---p 00000000 00:00 0 
7f0039207000-7f0039208000 r--p 00000000 00:00 0 
7f0039208000-7f003920d000 r--p 00000000 08:01 4078125                    /home/adam/jdk11u/build/linux-x86_64-normal-server-release/images/jdk/lib/libverify.so
7f003920d000-7f0039214000 r-xp 00005000 08:01 4078125                    /home/adam/jdk11u/build/linux-x86_64-normal-server-release/images/jdk/lib/libverify.so
7f0039214000-7f0039216000 r--p 0000c000 08:01 4078125                    /home/adam/jdk11u/build/linux-x86_64-normal-server-release/images/jdk/lib/libverify.so
7f0039216000-7f0039217000 ---p 0000e000 08:01 4078125                    /home/adam/jdk11u/build/linux-x86_64-normal-server-release/images/jdk/lib/libverify.so
7f0039217000-7f0039219000 r--p 0000e000 08:01 4078125                    /home/adam/jdk11u/build/linux-x86_64-normal-server-release/images/jdk/lib/libverify.so
7f0039219000-7f003921a000 rw-p 00010000 08:01 4078125                    /home/adam/jdk11u/build/linux-x86_64-normal-server-release/images/jdk/lib/libverify.so
7f003921a000-7f003921d000 r--p 00000000 08:01 4078145                    /home/adam/jdk11u/build/linux-x86_64-normal-server-release/images/jdk/lib/jli/libjli.so
7f003921d000-7f0039227000 r-xp 00003000 08:01 4078145                    /home/adam/jdk11u/build/linux-x86_64-normal-server-release/images/jdk/lib/jli/libjli.so
7f0039227000-7f003922a000 r--p 0000d000 08:01 4078145                    /home/adam/jdk11u/build/linux-x86_64-normal-server-release/images/jdk/lib/jli/libjli.so
7f003922a000-7f003922b000 ---p 00010000 08:01 4078145                    /home/adam/jdk11u/build/linux-x86_64-normal-server-release/images/jdk/lib/jli/libjli.so
7f003922b000-7f003922c000 r--p 00010000 08:01 4078145                    /home/adam/jdk11u/build/linux-x86_64-normal-server-release/images/jdk/lib/jli/libjli.so
7f003922c000-7f003922d000 rw-p 00011000 08:01 4078145                    /home/adam/jdk11u/build/linux-x86_64-normal-server-release/images/jdk/lib/jli/libjli.so
7f003922d000-7f003922f000 rw-p 00000000 00:00 0 
7f003922f000-7f0039230000 r--p 00000000 08:01 2907322                    /usr/lib/x86_64-linux-gnu/ld-2.31.so
7f0039230000-7f0039250000 r-xp 00001000 08:01 2907322                    /usr/lib/x86_64-linux-gnu/ld-2.31.so
7f0039250000-7f0039258000 r--p 00021000 08:01 2907322                    /usr/lib/x86_64-linux-gnu/ld-2.31.so
7f0039259000-7f003925a000 r--p 00029000 08:01 2907322                    /usr/lib/x86_64-linux-gnu/ld-2.31.so
7f003925a000-7f003925b000 rw-p 0002a000 08:01 2907322                    /usr/lib/x86_64-linux-gnu/ld-2.31.so
7f003925b000-7f003925c000 rw-p 00000000 00:00 0 
7fff5cbc8000-7fff5cbe9000 rw-p 00000000 00:00 0                          [stack]
7fff5cbed000-7fff5cbf1000 r--p 00000000 00:00 0                          [vvar]
7fff5cbf1000-7fff5cbf3000 r-xp 00000000 00:00 0                          [vdso]


VM Arguments:
jvm_args: -XX:AllocateHeapAt=/dev/fakeblk -Xlog:gc=debug -XX:-OptimizeStringConcat -XX:+UnlockExperimentalVMOptions -XX:+UseEpsilonGC -Xnoclassgc -XX:-ClassUnloading -XX:MetaspaceSize=1G -Xms8g -Xmx8g 
java_command: ../dacapo-9.12-MR1-bach.jar h2
java_class_path (initial): ../dacapo-9.12-MR1-bach.jar
Launcher Type: SUN_STANDARD

[Global flags]
    ccstr AllocateHeapAt                           = /dev/fakeblk                              {product} {command line}
     intx CICompilerCount                          = 4                                         {product} {ergonomic}
     bool ClassUnloading                           = false                                     {product} {command line}
     bool ClassUnloadingWithConcurrentMark         = false                                     {product} {command line}
   size_t InitialHeapSize                          = 8589934592                                {product} {command line}
   size_t MaxHeapSize                              = 8589934592                                {product} {command line}
   size_t MetaspaceSize                            = 1073741824                             {pd product} {command line}
   size_t MinHeapDeltaBytes                        = 172032                                    {product} {ergonomic}
    uintx NonNMethodCodeHeapSize                   = 5836300                                {pd product} {ergonomic}
    uintx NonProfiledCodeHeapSize                  = 122910970                              {pd product} {ergonomic}
     bool OptimizeStringConcat                     = false                                  {C2 product} {command line}
    uintx ProfiledCodeHeapSize                     = 122910970                              {pd product} {ergonomic}
    uintx ReservedCodeCacheSize                    = 251658240                              {pd product} {ergonomic}
     bool SegmentedCodeCache                       = true                                      {product} {ergonomic}
     bool UnlockExperimentalVMOptions              = true                                 {experimental} {command line}
     bool UseCompressedClassPointers               = true                                 {lp64_product} {ergonomic}
     bool UseCompressedOops                        = true                                 {lp64_product} {ergonomic}
     bool UseEpsilonGC                             = true                                 {experimental} {command line}

Logging:
Log output configuration:
 #0: stdout all=warning,gc=debug uptime,level,tags
 #1: stderr all=off uptime,level,tags

Environment Variables:
PATH=/usr/local/sbin:/usr/local/bin:/usr/sbin:/usr/bin:/sbin:/bin
SHELL=/bin/bash
LANG=fr_FR.UTF-8

Signal Handlers:
SIGSEGV: [libjvm.so+0xde3450], sa_mask[0]=11111111011111111101111111111110, sa_flags=SA_RESTART|SA_SIGINFO
SIGBUS: [libjvm.so+0xde3450], sa_mask[0]=11111111011111111101111111111110, sa_flags=SA_RESTART|SA_SIGINFO
SIGFPE: [libjvm.so+0xde3450], sa_mask[0]=11111111011111111101111111111110, sa_flags=SA_RESTART|SA_SIGINFO
SIGPIPE: [libjvm.so+0xbdd9f0], sa_mask[0]=11111111011111111101111111111110, sa_flags=SA_RESTART|SA_SIGINFO
SIGXFSZ: [libjvm.so+0xbdd9f0], sa_mask[0]=11111111011111111101111111111110, sa_flags=SA_RESTART|SA_SIGINFO
SIGILL: [libjvm.so+0xde3450], sa_mask[0]=11111111011111111101111111111110, sa_flags=SA_RESTART|SA_SIGINFO
SIGUSR2: [libjvm.so+0x2d0330], sa_mask[0]=00000000000100000000000000000000, sa_flags=SA_RESTART
SIGHUP: [libjvm.so+0xbde120], sa_mask[0]=11111111011111111101111111111110, sa_flags=SA_RESTART|SA_SIGINFO
SIGINT: [libjvm.so+0xbde120], sa_mask[0]=11111111011111111101111111111110, sa_flags=SA_RESTART|SA_SIGINFO
SIGTERM: [libjvm.so+0xbde120], sa_mask[0]=11111111011111111101111111111110, sa_flags=SA_RESTART|SA_SIGINFO
SIGQUIT: [libjvm.so+0xbde120], sa_mask[0]=11111111011111111101111111111110, sa_flags=SA_RESTART|SA_SIGINFO


---------------  S Y S T E M  ---------------

OS:PRETTY_NAME="Debian GNU/Linux 11 (bullseye)"
NAME="Debian GNU/Linux"
VERSION_ID="11"
VERSION="11 (bullseye)"
VERSION_CODENAME=bullseye
ID=debian
HOME_URL="https://www.debian.org/"
SUPPORT_URL="https://www.debian.org/support"
BUG_REPORT_URL="https://bugs.debian.org/"
uname:Linux 5.10.0-11-amd64 #1 SMP Debian 5.10.92-2 (2022-02-28) x86_64
OS uptime: 8 days 23:26 hours
libc:glibc 2.31 NPTL 2.31 
rlimit (soft/hard): STACK 8192k/infinity , CORE 0k/infinity , NPROC 201035/201035 , NOFILE 1048576/1048576 , AS infinity/infinity , CPU infinity/infinity , DATA infinity/infinity , FSIZE infinity/infinity , MEMLOCK 6438875k/6438875k
load average:0,29 0,32 0,25

/proc/meminfo:
MemTotal:       51511000 kB
MemFree:        14069420 kB
MemAvailable:   22748996 kB
Buffers:          237132 kB
Cached:         30884328 kB
SwapCached:            0 kB
Active:         27148428 kB
Inactive:        5468172 kB
Active(anon):   21722100 kB
Inactive(anon):  2019624 kB
Active(file):    5426328 kB
Inactive(file):  3448548 kB
Unevictable:           0 kB
Mlocked:               0 kB
SwapTotal:             0 kB
SwapFree:              0 kB
Dirty:               612 kB
Writeback:             0 kB
AnonPages:       1495232 kB
Mapped:         22288460 kB
Shmem:          22246580 kB
KReclaimable:     442544 kB
Slab:             512448 kB
SReclaimable:     442544 kB
SUnreclaim:        69904 kB
KernelStack:        3840 kB
PageTables:        54636 kB
NFS_Unstable:          0 kB
Bounce:                0 kB
WritebackTmp:          0 kB
CommitLimit:    25755500 kB
Committed_AS:   24417840 kB
VmallocTotal:   34359738367 kB
VmallocUsed:     2178992 kB
VmallocChunk:          0 kB
Percpu:             6624 kB
HardwareCorrupted:     0 kB
AnonHugePages:   1378304 kB
ShmemHugePages:        0 kB
ShmemPmdMapped:        0 kB
FileHugePages:         0 kB
FilePmdMapped:         0 kB
HugePages_Total:       0
HugePages_Free:        0
HugePages_Rsvd:        0
HugePages_Surp:        0
Hugepagesize:       2048 kB
Hugetlb:               0 kB
DirectMap4k:      747368 kB
DirectMap2M:    35952640 kB
DirectMap1G:    17825792 kB

/sys/kernel/mm/transparent_hugepage/enabled:
[always] madvise never
/sys/kernel/mm/transparent_hugepage/defrag (defrag/compaction efforts parameter):
always defer defer+madvise [madvise] never

Process Memory:
Virtual Size: 11510636K (peak: 11572436K)
Resident Set Size: 27612K (peak: 27612K) (anon: 11200K, file: 16228K, shmem: 184K)
Swapped out: 0K
C-Heap outstanding allocations: 6509K, retained: 862K
glibc malloc tunables: (default)

/proc/sys/kernel/threads-max (system-wide limit on the number of threads):
402070
/proc/sys/vm/max_map_count (maximum number of memory map areas a process may have):
65530
/proc/sys/kernel/pid_max (system-wide limit on number of process identifiers):
4194304

container (cgroup) information:
container_type: cgroupv2
cpu_cpuset_cpus: not supported
cpu_memory_nodes: not supported
active_processor_count: 8
cpu_quota: not supported
cpu_period: not supported
cpu_shares: not supported
memory_limit_in_bytes: 1610612736
memory_and_swap_limit_in_bytes: unlimited
memory_soft_limit_in_bytes: unlimited
memory_usage_in_bytes: 18444288
memory_max_usage_in_bytes: not supported

KVM virtualization detected
Steal ticks since vm start: 0
Steal ticks percentage since vm start:  0,000

CPU:total 8 (initial active 8) (4 cores per cpu, 1 threads per core) family 6 model 85 stepping 7 microcode 0x5003102, cmov, cx8, fxsr, mmx, sse, sse2, sse3, ssse3, sse4.1, sse4.2, popcnt, avx, avx2, aes, clmul, erms, 3dnowpref, lzcnt, tsc, bmi1, bmi2, adx, evex, fma
CPU Model and flags from /proc/cpuinfo:
model name	: Intel(R) Xeon(R) Silver 4208 CPU @ 2.10GHz
flags		: fpu vme de pse tsc msr pae mce cx8 apic sep mtrr pge mca cmov pat pse36 clflush mmx fxsr sse sse2 ss ht syscall nx pdpe1gb rdtscp lm constant_tsc arch_perfmon rep_good nopl xtopology cpuid tsc_known_freq pni pclmulqdq vmx ssse3 fma cx16 pdcm pcid sse4_1 sse4_2 x2apic movbe popcnt tsc_deadline_timer aes xsave avx f16c rdrand hypervisor lahf_lm abm 3dnowprefetch cpuid_fault invpcid_single ssbd ibrs ibpb stibp ibrs_enhanced tpr_shadow vnmi flexpriority ept vpid ept_ad fsgsbase tsc_adjust bmi1 avx2 smep bmi2 erms invpcid mpx avx512f avx512dq rdseed adx smap clflushopt clwb avx512cd avx512bw avx512vl xsaveopt xsavec xgetbv1 xsaves arat umip pku ospke avx512_vnni md_clear arch_capabilities
Online cpus:
0-7
Offline cpus:

BIOS frequency limitation:
<Not Available>
Frequency switch latency (ns):
<Not Available>
Available cpu frequencies:
<Not Available>
Current governor:
<Not Available>
Core performance/turbo boost:
<Not Available>

Memory: 4k page, physical 1572864k(1554852k free), swap 0k(0k free)

vm_info: OpenJDK 64-Bit Server VM (11.0.16-internal+0-adhoc.adam.jdk11u) for linux-amd64 JRE (11.0.16-internal+0-adhoc.adam.jdk11u), built on Oct 20 2023 15:32:55 by "adam" with gcc 10.2.1 20210110

END.
