#
# A fatal error has been detected by the Java Runtime Environment:
#
#  SIGSEGV (0xb) at pc=0x00007f114d205933, pid=152569, tid=152570
#
# JRE version: OpenJDK Runtime Environment (11.0.16) (build 11.0.16-internal+0-adhoc.adam.jdk11u)
# Java VM: OpenJDK 64-Bit Server VM (11.0.16-internal+0-adhoc.adam.jdk11u, mixed mode, tiered, compressed oops, epsilon gc, linux-amd64)
# Problematic frame:
# V  [libjvm.so+0x2d0933]  RemoteSpace::concurrent_post_allocate(HeapWord*, unsigned long, Klass*)+0x73
#
# No core dump will be written. Core dumps have been disabled. To enable core dumping, try "ulimit -c unlimited" before starting Java again
#
# If you would like to submit a bug report, please visit:
#   https://bugreport.java.com/bugreport/crash.jsp
#

---------------  S U M M A R Y ------------

Command Line: -XX:AllocateHeapAt=/dev/fakeblk -Xlog:gc=debug -XX:-OptimizeStringConcat -XX:+UnlockExperimentalVMOptions -XX:+UseEpsilonGC -Xnoclassgc -XX:-ClassUnloading -XX:MetaspaceSize=1G -Xms8g -Xmx8g ../dacapo-9.12-MR1-bach.jar h2

Host: Intel(R) Xeon(R) Silver 4208 CPU @ 2.10GHz, 8 cores, 1G, Debian GNU/Linux 11 (bullseye)
Time: Fri Oct 20 14:20:25 2023 CEST elapsed time: 0.176300 seconds (0d 0h 0m 0s)

---------------  T H R E A D  ---------------

Current thread (0x00007f1148027800):  JavaThread "main" [_thread_in_vm, id=152570, stack(0x00007f114cce6000,0x00007f114cde7000)]

Stack: [0x00007f114cce6000,0x00007f114cde7000],  sp=0x00007f114cde4f70,  free space=1019k
Native frames: (J=compiled Java code, A=aot compiled Java code, j=interpreted, Vv=VM code, C=native code)
V  [libjvm.so+0x2d0933]  RemoteSpace::concurrent_post_allocate(HeapWord*, unsigned long, Klass*)+0x73
V  [libjvm.so+0xb434f5]  MemAllocator::allocate_inside_tlab(MemAllocator::Allocation&) const+0x75
V  [libjvm.so+0xb43663]  MemAllocator::allocate() const+0x83
V  [libjvm.so+0x6054d4]  CollectedHeap::array_allocate(Klass*, int, int, bool, Thread*)+0x44
V  [libjvm.so+0x856035]  InstanceKlass::allocate_objArray(int, int, Thread*)+0x115
V  [libjvm.so+0x870596]  InterpreterRuntime::anewarray(JavaThread*, ConstantPool*, int, int)+0x1d6
j  java.util.HashMap.resize()[Ljava/util/HashMap$Node;+133 java.base@11.0.16-internal
J 56 c1 java.util.HashMap.putVal(ILjava/lang/Object;Ljava/lang/Object;ZZ)Ljava/lang/Object; java.base@11.0.16-internal (300 bytes) @ 0x00007f1130db58fc [0x00007f1130db4a40+0x0000000000000ebc]
J 55 c1 java.util.HashMap.put(Ljava/lang/Object;Ljava/lang/Object;)Ljava/lang/Object; java.base@11.0.16-internal (13 bytes) @ 0x00007f1130db455c [0x00007f1130db4360+0x00000000000001fc]
j  java.lang.Module.initExports(Ljava/lang/Module;Ljava/util/Map;)V+174 java.base@11.0.16-internal
j  java.lang.Module.defineModules(Ljava/lang/module/Configuration;Ljava/util/function/Function;Ljava/lang/ModuleLayer;)Ljava/util/Map;+686 java.base@11.0.16-internal
j  java.lang.ModuleLayer.<init>(Ljava/lang/module/Configuration;Ljava/util/List;Ljava/util/function/Function;)V+34 java.base@11.0.16-internal
j  java.lang.ModuleLayer.defineModules(Ljava/lang/module/Configuration;Ljava/util/List;Ljava/util/function/Function;)Ljava/lang/ModuleLayer$Controller;+40 java.base@11.0.16-internal
j  java.lang.ModuleLayer.defineModules(Ljava/lang/module/Configuration;Ljava/util/function/Function;)Ljava/lang/ModuleLayer;+6 java.base@11.0.16-internal
j  jdk.internal.module.ModuleBootstrap.boot()Ljava/lang/ModuleLayer;+1201 java.base@11.0.16-internal
j  java.lang.System.initPhase2(ZZ)I+0 java.base@11.0.16-internal
v  ~StubRoutines::call_stub
V  [libjvm.so+0x87a193]  JavaCalls::call_helper(JavaValue*, methodHandle const&, JavaCallArguments*, Thread*)+0x353
V  [libjvm.so+0x8790da]  JavaCalls::call_static(JavaValue*, Klass*, Symbol*, Symbol*, JavaCallArguments*, Thread*)+0xea
V  [libjvm.so+0xd79e2e]  Threads::create_vm(JavaVMInitArgs*, bool*)+0xc6e
V  [libjvm.so+0x8ff891]  JNI_CreateJavaVM+0x51
C  [libjli.so+0x496d]  JavaMain+0x8d
C  [libjli.so+0x9619]  ThreadJavaMain+0x9

Java frames: (J=compiled Java code, j=interpreted, Vv=VM code)
j  java.util.HashMap.resize()[Ljava/util/HashMap$Node;+133 java.base@11.0.16-internal
J 56 c1 java.util.HashMap.putVal(ILjava/lang/Object;Ljava/lang/Object;ZZ)Ljava/lang/Object; java.base@11.0.16-internal (300 bytes) @ 0x00007f1130db58fc [0x00007f1130db4a40+0x0000000000000ebc]
J 55 c1 java.util.HashMap.put(Ljava/lang/Object;Ljava/lang/Object;)Ljava/lang/Object; java.base@11.0.16-internal (13 bytes) @ 0x00007f1130db455c [0x00007f1130db4360+0x00000000000001fc]
j  java.lang.Module.initExports(Ljava/lang/Module;Ljava/util/Map;)V+174 java.base@11.0.16-internal
j  java.lang.Module.defineModules(Ljava/lang/module/Configuration;Ljava/util/function/Function;Ljava/lang/ModuleLayer;)Ljava/util/Map;+686 java.base@11.0.16-internal
j  java.lang.ModuleLayer.<init>(Ljava/lang/module/Configuration;Ljava/util/List;Ljava/util/function/Function;)V+34 java.base@11.0.16-internal
j  java.lang.ModuleLayer.defineModules(Ljava/lang/module/Configuration;Ljava/util/List;Ljava/util/function/Function;)Ljava/lang/ModuleLayer$Controller;+40 java.base@11.0.16-internal
j  java.lang.ModuleLayer.defineModules(Ljava/lang/module/Configuration;Ljava/util/function/Function;)Ljava/lang/ModuleLayer;+6 java.base@11.0.16-internal
j  jdk.internal.module.ModuleBootstrap.boot()Ljava/lang/ModuleLayer;+1201 java.base@11.0.16-internal
j  java.lang.System.initPhase2(ZZ)I+0 java.base@11.0.16-internal
v  ~StubRoutines::call_stub

siginfo: si_signo: 11 (SIGSEGV), si_code: 1 (SEGV_MAPERR), si_addr: 0x0000000000000054

Register to memory mapping:

RAX=0x0000000080100c02 is an unknown value
RBX=0x0000000000031451 is an unknown value
RCX=0x0000000800031450 is a pointer to class: 
RDX=0x0000000000000012 is an unknown value
RSP=0x00007f114cde4f70 is pointing into the stack for thread: 0x00007f1148027800
RBP=0x00007f114cde4fa0 is pointing into the stack for thread: 0x00007f1148027800
RSI=0x0000000000000058 is an unknown value
RDI=0x00007f114803a3f0 points into unknown readable memory: 0x00007f114e011430 | 30 14 01 4e 11 7f 00 00
R8 =0x0 is NULL
R9 =0x0000000000000010 is an unknown value
R10=0x00007f114cde4e36 is pointing into the stack for thread: 0x00007f1148027800
R11=0x0 is NULL
R12=0x0000000000000058 is an unknown value
R13=0x0000000000000012 is an unknown value
R14=0x00000000ffffffff is an unknown value
R15=0x0000000000000001 is an unknown value


Registers:
RAX=0x0000000080100c02, RBX=0x0000000000031451, RCX=0x0000000800031450, RDX=0x0000000000000012
RSP=0x00007f114cde4f70, RBP=0x00007f114cde4fa0, RSI=0x0000000000000058, RDI=0x00007f114803a3f0
R8 =0x0000000000000000, R9 =0x0000000000000010, R10=0x00007f114cde4e36, R11=0x0000000000000000
R12=0x0000000000000058, R13=0x0000000000000012, R14=0x00000000ffffffff, R15=0x0000000000000001
RIP=0x00007f114d205933, EFLAGS=0x0000000000010202, CSGSFS=0x002b000000000033, ERR=0x0000000000000006
  TRAPNO=0x000000000000000e

Top of Stack: (sp=0x00007f114cde4f70)
0x00007f114cde4f70:   0000000000000000 0000000000000002
0x00007f114cde4f80:   00007f114cde5070 00007f114cde5000
0x00007f114cde4f90:   00000000ffffffff 0000000000000001
0x00007f114cde4fa0:   00007f114cde4fe0 00007f114da784f5 

Instructions: (pc=0x00007f114d205933)
0x00007f114d205833:   48 89 fb 48 8b 87 f0 00 00 00 48 89 97 d0 00 00
0x00007f114d205843:   00 31 d2 48 89 87 d8 00 00 00 bf 60 00 00 00 e8
0x00007f114d205853:   69 41 15 00 49 89 c4 48 85 c0 74 2d 48 83 ec 08
0x00007f114d205863:   48 8d b3 c8 00 00 00 45 31 c0 31 d2 6a 00 41 b9
0x00007f114d205873:   01 00 00 00 b9 01 00 00 00 48 89 c7 6a 00 6a 01
0x00007f114d205883:   e8 f8 28 9a 00 48 83 c4 20 48 8b 83 b0 00 00 00
0x00007f114d205893:   4c 89 a3 e0 00 00 00 4c 89 a3 c0 00 00 00 4c 89
0x00007f114d2058a3:   60 20 4c 89 60 08 48 8d 65 f0 5b 41 5c 5d c3 66
0x00007f114d2058b3:   66 2e 0f 1f 84 00 00 00 00 00 0f 1f 00 55 48 89
0x00007f114d2058c3:   e5 41 57 41 56 41 55 49 89 d5 41 54 49 89 f4 53
0x00007f114d2058d3:   48 89 cb 48 83 ec 08 8b 41 08 85 c0 7e 09 f6 81
0x00007f114d2058e3:   3a 01 00 00 01 75 56 4a 8d 04 ed 08 00 00 00 f0
0x00007f114d2058f3:   48 01 05 b6 fa ee 00 8b 43 08 3d 00 00 00 c0 7c
0x00007f114d205903:   2c 3d ff ff ff bf 0f 86 91 00 00 00 41 c7 44 24
0x00007f114d205913:   fc 2a 00 00 00 45 89 6c 24 f8 48 83 c4 08 5b 41
0x00007f114d205923:   5c 41 5d 41 5e 41 5f 5d c3 0f 1f 40 00 83 c3 01
0x00007f114d205933:   41 89 5c 24 fc eb de 66 0f 1f 44 00 00 4c 8b 3d
0x00007f114d205943:   21 66 eb 00 49 89 fe 4d 85 ff 74 10 48 8d 3d 8a
0x00007f114d205953:   fa ee 00 e8 b5 b9 fa ff 85 c0 75 53 bf 10 00 00
0x00007f114d205963:   00 e8 77 c2 fa ff 49 8b 96 b8 00 00 00 4c 89 20
0x00007f114d205973:   48 89 50 08 49 89 86 b8 00 00 00 4d 85 ff 0f 84
0x00007f114d205983:   63 ff ff ff 48 8d 3d 52 fa ee 00 e8 2d b9 fa ff
0x00007f114d205993:   e9 52 ff ff ff 0f 1f 84 00 00 00 00 00 85 c0 0f
0x00007f114d2059a3:   84 70 ff ff ff 41 89 5c 24 fc e9 66 ff ff ff 89
0x00007f114d2059b3:   c7 e8 48 ce fa ff 0f 1f 80 00 00 00 00 48 8b 05
0x00007f114d2059c3:   f1 f9 ee 00 48 2b 05 f2 f9 ee 00 48 8b 15 db f9
0x00007f114d2059d3:   ee 00 48 01 d0 c3 90 66 0f 1f 44 00 00 48 8b 05
0x00007f114d2059e3:   d1 f9 ee 00 c3 0f 1f 84 00 00 00 00 00 55 48 8d
0x00007f114d2059f3:   05 50 60 df 00 48 89 e5 41 54 53 48 8d 7d d0 48
0x00007f114d205a03:   83 ec 30 48 89 45 d0 48 c7 45 d8 00 00 00 00 c7
0x00007f114d205a13:   45 e0 00 00 00 00 e8 92 2f 9c 00 48 63 75 e0 bf
0x00007f114d205a23:   01 00 00 00 48 89 75 c8 48 89 f3 48 c1 e6 03 e8 


Stack slot to memory mapping:
stack at sp + 0 slots: 0x0 is NULL
stack at sp + 1 slots: 0x0000000000000002 is an unknown value
stack at sp + 2 slots: 0x00007f114cde5070 is pointing into the stack for thread: 0x00007f1148027800
stack at sp + 3 slots: 0x00007f114cde5000 is pointing into the stack for thread: 0x00007f1148027800
stack at sp + 4 slots: 0x00000000ffffffff is an unknown value
stack at sp + 5 slots: 0x0000000000000001 is an unknown value
stack at sp + 6 slots: 0x00007f114cde4fe0 is pointing into the stack for thread: 0x00007f1148027800
stack at sp + 7 slots: 0x00007f114da784f5: <offset 0x0000000000b434f5> in /home/adam/jdk11u/build/linux-x86_64-normal-server-release/images/jdk/lib/server/libjvm.so at 0x00007f114cf35000


---------------  P R O C E S S  ---------------

Threads class SMR info:
_java_thread_list=0x00007f114812d0a0, length=8, elements={
0x00007f1148027800, 0x00007f1148108000, 0x00007f114810c800, 0x00007f1148123800,
0x00007f1148125800, 0x00007f1148127800, 0x00007f1148129800, 0x00007f114812b800
}

Java Threads: ( => current thread )
=>0x00007f1148027800 JavaThread "main" [_thread_in_vm, id=152570, stack(0x00007f114cce6000,0x00007f114cde7000)]
  0x00007f1148108000 JavaThread "Reference Handler" daemon [_thread_blocked, id=152572, stack(0x00007f10f0711000,0x00007f10f0812000)]
  0x00007f114810c800 JavaThread "Finalizer" daemon [_thread_blocked, id=152573, stack(0x00007f10f0610000,0x00007f10f0711000)]
  0x00007f1148123800 JavaThread "Signal Dispatcher" daemon [_thread_blocked, id=152574, stack(0x00007f10f0228000,0x00007f10f0329000)]
  0x00007f1148125800 JavaThread "Service Thread" daemon [_thread_blocked, id=152575, stack(0x00007f10f0127000,0x00007f10f0228000)]
  0x00007f1148127800 JavaThread "C2 CompilerThread0" daemon [_thread_blocked, id=152576, stack(0x00007f10f0026000,0x00007f10f0127000)]
  0x00007f1148129800 JavaThread "C1 CompilerThread0" daemon [_thread_blocked, id=152577, stack(0x00007f10dbeff000,0x00007f10dc000000)]
  0x00007f114812b800 JavaThread "Sweeper thread" daemon [_thread_blocked, id=152578, stack(0x00007f10dbdfe000,0x00007f10dbeff000)]

Other Threads:
  0x00007f11480ff000 VMThread "VM Thread" [stack: 0x00007f114c0af000,0x00007f114c1af000] [id=152571]

Threads with active compile tasks:

VM state:not at safepoint (normal execution)

VM Mutex/Monitor currently owned by a thread: None

Heap address: 0x0000000600000000, size: 8192 MB, Compressed Oops mode: Zero based, Oop shift amount: 3
Narrow klass base: 0x0000000800000000, Narrow klass shift: 0
Compressed class space size: 1073741824 Address: 0x0000000800000000

Heap:
Epsilon Heap
Allocation space:
 Metaspace       used 3003K, capacity 4480K, committed 4480K, reserved 1056768K
  class space    used 250K, capacity 384K, committed 384K, reserved 1048576K


Polling page: 0x00007f114e36c000

Metaspace:

Usage:
  Non-class:      4,00 MB capacity,     2,69 MB ( 67%) used,     1,31 MB ( 33%) free+waste,    64 bytes ( <1%) overhead. 
      Class:    384,00 KB capacity,   250,38 KB ( 65%) used,   133,55 KB ( 35%) free+waste,    64 bytes ( <1%) overhead. 
       Both:      4,38 MB capacity,     2,93 MB ( 67%) used,     1,44 MB ( 33%) free+waste,   128 bytes ( <1%) overhead. 

Virtual space:
  Non-class space:        8,00 MB reserved,       4,00 MB ( 50%) committed 
      Class space:        1,00 GB reserved,     384,00 KB ( <1%) committed 
             Both:        1,01 GB reserved,       4,38 MB ( <1%) committed 

Chunk freelists:
   Non-Class:  0 bytes
       Class:  0 bytes
        Both:  0 bytes

MaxMetaspaceSize: unlimited
CompressedClassSpaceSize: 1,00 GB
Initial GC threshold: 1,00 GB
Current GC threshold: 1,00 GB
CDS: off

CodeHeap 'non-profiled nmethods': size=120032Kb used=11Kb max_used=11Kb free=120020Kb
 bounds [0x00007f11382da000, 0x00007f113854a000, 0x00007f113f812000]
CodeHeap 'profiled nmethods': size=120028Kb used=84Kb max_used=84Kb free=119943Kb
 bounds [0x00007f1130da3000, 0x00007f1131013000, 0x00007f11382da000]
CodeHeap 'non-nmethods': size=5700Kb used=1014Kb max_used=1018Kb free=4685Kb
 bounds [0x00007f1130812000, 0x00007f1130a82000, 0x00007f1130da3000]
 total_blobs=289 nmethods=64 adapters=141
 compilation: enabled
              stopped_count=0, restarted_count=0
 full_count=0

Compilation events (20 events):
Event: 0,168 Thread 0x00007f1148129800   55       3       java.util.HashMap::put (13 bytes)
Event: 0,169 Thread 0x00007f1148129800 nmethod 55 0x00007f1130db4190 code [0x00007f1130db4360, 0x00007f1130db4650]
Event: 0,169 Thread 0x00007f1148129800   56       3       java.util.HashMap::putVal (300 bytes)
Event: 0,169 Thread 0x00007f1148129800 nmethod 56 0x00007f1130db4790 code [0x00007f1130db4a40, 0x00007f1130db5b90]
Event: 0,169 Thread 0x00007f1148129800   57       3       java.util.HashMap$Node::<init> (26 bytes)
Event: 0,170 Thread 0x00007f1148129800 nmethod 57 0x00007f1130db6010 code [0x00007f1130db61c0, 0x00007f1130db6330]
Event: 0,170 Thread 0x00007f1148129800   58       3       java.util.HashMap::newNode (13 bytes)
Event: 0,170 Thread 0x00007f1148129800 nmethod 58 0x00007f1130db6410 code [0x00007f1130db65c0, 0x00007f1130db6810]
Event: 0,170 Thread 0x00007f1148129800   59       3       java.util.HashMap::afterNodeInsertion (1 bytes)
Event: 0,170 Thread 0x00007f1148129800 nmethod 59 0x00007f1130db6910 code [0x00007f1130db6ac0, 0x00007f1130db6bb0]
Event: 0,170 Thread 0x00007f1148129800   54       3       java.util.ImmutableCollections$Set12$1::hasNext (13 bytes)
Event: 0,170 Thread 0x00007f1148129800 nmethod 54 0x00007f1130db6c10 code [0x00007f1130db6dc0, 0x00007f1130db6f10]
Event: 0,171 Thread 0x00007f1148129800   61       3       java.util.HashMap::getNode (148 bytes)
Event: 0,171 Thread 0x00007f1148129800 nmethod 61 0x00007f1130db6f90 code [0x00007f1130db71c0, 0x00007f1130db7b80]
Event: 0,171 Thread 0x00007f1148129800   62       1       java.lang.module.ModuleDescriptor$Exports::source (5 bytes)
Event: 0,171 Thread 0x00007f1148129800 nmethod 62 0x00007f11382dc910 code [0x00007f11382dcac0, 0x00007f11382dcb70]
Event: 0,171 Thread 0x00007f1148129800   63       3       java.util.ImmutableCollections$Set12::size (13 bytes)
Event: 0,171 Thread 0x00007f1148129800 nmethod 63 0x00007f1130db7d90 code [0x00007f1130db7f40, 0x00007f1130db80b0]
Event: 0,171 Thread 0x00007f1148129800   64       1       java.lang.module.ModuleDescriptor::isAutomatic (5 bytes)
Event: 0,172 Thread 0x00007f1148129800 nmethod 64 0x00007f11382dcc10 code [0x00007f11382dcdc0, 0x00007f11382dce70]

GC Heap History (0 events):
No events

Deoptimization events (0 events):
No events

Classes redefined (0 events):
No events

Internal exceptions (0 events):
No events

Events (20 events):
Event: 0,154 loading class jdk/internal/module/ModuleLoaderMap$Mapper
Event: 0,154 loading class java/util/function/Function
Event: 0,154 loading class java/util/function/Function done
Event: 0,154 loading class jdk/internal/module/ModuleLoaderMap$Mapper done
Event: 0,158 loading class java/util/concurrent/ConcurrentHashMap$ForwardingNode
Event: 0,158 loading class java/util/concurrent/ConcurrentHashMap$ForwardingNode done
Event: 0,163 loading class java/lang/ModuleLayer
Event: 0,163 loading class java/lang/ModuleLayer done
Event: 0,163 loading class java/util/ImmutableCollections$ListItr
Event: 0,163 loading class java/util/ListIterator
Event: 0,163 loading class java/util/ListIterator done
Event: 0,163 loading class java/util/ImmutableCollections$ListItr done
Event: 0,163 loading class java/util/ArrayList$Itr
Event: 0,163 loading class java/util/ArrayList$Itr done
Event: 0,167 loading class java/util/Collections$UnmodifiableSet
Event: 0,167 loading class java/util/Collections$UnmodifiableCollection
Event: 0,168 loading class java/util/Collections$UnmodifiableCollection done
Event: 0,168 loading class java/util/Collections$UnmodifiableSet done
Event: 0,168 loading class java/util/Collections$UnmodifiableCollection$1
Event: 0,168 loading class java/util/Collections$UnmodifiableCollection$1 done


Dynamic libraries:
600000000-800000000 rw-s 00000000 00:05 473                              /dev/fakeblk
800000000-800060000 rw-p 00000000 00:00 0 
800060000-840000000 ---p 00000000 00:00 0 
559db7402000-559db7403000 r--p 00000000 08:01 4078118                    /home/adam/jdk11u/build/linux-x86_64-normal-server-release/images/jdk/bin/java
559db7403000-559db7404000 r-xp 00001000 08:01 4078118                    /home/adam/jdk11u/build/linux-x86_64-normal-server-release/images/jdk/bin/java
559db7404000-559db7405000 r--p 00002000 08:01 4078118                    /home/adam/jdk11u/build/linux-x86_64-normal-server-release/images/jdk/bin/java
559db7405000-559db7406000 r--p 00002000 08:01 4078118                    /home/adam/jdk11u/build/linux-x86_64-normal-server-release/images/jdk/bin/java
559db7406000-559db7407000 rw-p 00003000 08:01 4078118                    /home/adam/jdk11u/build/linux-x86_64-normal-server-release/images/jdk/bin/java
559db8298000-559db82b9000 rw-p 00000000 00:00 0                          [heap]
7f10c8000000-7f10c8021000 rw-p 00000000 00:00 0 
7f10c8021000-7f10cc000000 ---p 00000000 00:00 0 
7f10d0000000-7f10d0040000 rw-p 00000000 00:00 0 
7f10d0040000-7f10d4000000 ---p 00000000 00:00 0 
7f10d4000000-7f10d4067000 rw-p 00000000 00:00 0 
7f10d4067000-7f10d8000000 ---p 00000000 00:00 0 
7f10dba5f000-7f10dbdfe000 rw-p 00000000 00:00 0 
7f10dbdfe000-7f10dbe02000 ---p 00000000 00:00 0 
7f10dbe02000-7f10dbeff000 rw-p 00000000 00:00 0 
7f10dbeff000-7f10dbf03000 ---p 00000000 00:00 0 
7f10dbf03000-7f10dc000000 rw-p 00000000 00:00 0 
7f10dc000000-7f10dc021000 rw-p 00000000 00:00 0 
7f10dc021000-7f10e0000000 ---p 00000000 00:00 0 
7f10e0000000-7f10e0021000 rw-p 00000000 00:00 0 
7f10e0021000-7f10e4000000 ---p 00000000 00:00 0 
7f10e4000000-7f10e4021000 rw-p 00000000 00:00 0 
7f10e4021000-7f10e8000000 ---p 00000000 00:00 0 
7f10e8000000-7f10e8021000 rw-p 00000000 00:00 0 
7f10e8021000-7f10ec000000 ---p 00000000 00:00 0 
7f10ec000000-7f10ec021000 rw-p 00000000 00:00 0 
7f10ec021000-7f10f0000000 ---p 00000000 00:00 0 
7f10f0026000-7f10f002a000 ---p 00000000 00:00 0 
7f10f002a000-7f10f0127000 rw-p 00000000 00:00 0 
7f10f0127000-7f10f012b000 ---p 00000000 00:00 0 
7f10f012b000-7f10f0228000 rw-p 00000000 00:00 0 
7f10f0228000-7f10f022c000 ---p 00000000 00:00 0 
7f10f022c000-7f10f0329000 rw-p 00000000 00:00 0 
7f10f0329000-7f10f0610000 r--p 00000000 08:01 2884038                    /usr/lib/locale/locale-archive
7f10f0610000-7f10f0614000 ---p 00000000 00:00 0 
7f10f0614000-7f10f0711000 rw-p 00000000 00:00 0 
7f10f0711000-7f10f0715000 ---p 00000000 00:00 0 
7f10f0715000-7f10f0812000 rw-p 00000000 00:00 0 
7f10f0812000-7f1130812000 rw-s 00000000 00:19 5784835                    /dev/shm/prout
7f1130812000-7f1130a82000 rwxp 00000000 00:00 0 
7f1130a82000-7f1130da3000 ---p 00000000 00:00 0 
7f1130da3000-7f1131013000 rwxp 00000000 00:00 0 
7f1131013000-7f11382da000 ---p 00000000 00:00 0 
7f11382da000-7f113854a000 rwxp 00000000 00:00 0 
7f113854a000-7f113f812000 ---p 00000000 00:00 0 
7f113f812000-7f1148000000 r--s 00000000 08:01 4077358                    /home/adam/jdk11u/build/linux-x86_64-normal-server-release/images/jdk/lib/modules
7f1148000000-7f11481e2000 rw-p 00000000 00:00 0 
7f11481e2000-7f114c000000 ---p 00000000 00:00 0 
7f114c0a6000-7f114c0ad000 r--s 00000000 08:01 2926395                    /usr/lib/x86_64-linux-gnu/gconv/gconv-modules.cache
7f114c0ad000-7f114c0ae000 ---p 00000000 00:00 0 
7f114c0ae000-7f114c68b000 rw-p 00000000 00:00 0 
7f114c68b000-7f114ca8b000 ---p 00000000 00:00 0 
7f114ca8b000-7f114ca90000 rw-p 00000000 00:00 0 
7f114ca90000-7f114cb76000 ---p 00000000 00:00 0 
7f114cb76000-7f114cb7b000 rw-p 00000000 00:00 0 
7f114cb7b000-7f114cc61000 ---p 00000000 00:00 0 
7f114cc61000-7f114cc66000 rw-p 00000000 00:00 0 
7f114cc66000-7f114cc6d000 ---p 00000000 00:00 0 
7f114cc6d000-7f114cc70000 r--p 00000000 08:01 2907361                    /usr/lib/x86_64-linux-gnu/libnss_files-2.31.so
7f114cc70000-7f114cc77000 r-xp 00003000 08:01 2907361                    /usr/lib/x86_64-linux-gnu/libnss_files-2.31.so
7f114cc77000-7f114cc79000 r--p 0000a000 08:01 2907361                    /usr/lib/x86_64-linux-gnu/libnss_files-2.31.so
7f114cc79000-7f114cc7a000 r--p 0000b000 08:01 2907361                    /usr/lib/x86_64-linux-gnu/libnss_files-2.31.so
7f114cc7a000-7f114cc7b000 rw-p 0000c000 08:01 2907361                    /usr/lib/x86_64-linux-gnu/libnss_files-2.31.so
7f114cc7b000-7f114cc81000 rw-p 00000000 00:00 0 
7f114cc86000-7f114cc88000 r--p 00000000 08:01 4078125                    /home/adam/jdk11u/build/linux-x86_64-normal-server-release/images/jdk/lib/libzip.so
7f114cc88000-7f114cc8c000 r-xp 00002000 08:01 4078125                    /home/adam/jdk11u/build/linux-x86_64-normal-server-release/images/jdk/lib/libzip.so
7f114cc8c000-7f114cc8e000 r--p 00006000 08:01 4078125                    /home/adam/jdk11u/build/linux-x86_64-normal-server-release/images/jdk/lib/libzip.so
7f114cc8e000-7f114cc8f000 r--p 00007000 08:01 4078125                    /home/adam/jdk11u/build/linux-x86_64-normal-server-release/images/jdk/lib/libzip.so
7f114cc8f000-7f114cc90000 rw-p 00008000 08:01 4078125                    /home/adam/jdk11u/build/linux-x86_64-normal-server-release/images/jdk/lib/libzip.so
7f114cc90000-7f114cc98000 rw-s 00000000 08:01 1579978                    /tmp/hsperfdata_root/152569
7f114cc98000-7f114cc9c000 r--p 00000000 08:01 4078120                    /home/adam/jdk11u/build/linux-x86_64-normal-server-release/images/jdk/lib/libjimage.so
7f114cc9c000-7f114ccaf000 r-xp 00004000 08:01 4078120                    /home/adam/jdk11u/build/linux-x86_64-normal-server-release/images/jdk/lib/libjimage.so
7f114ccaf000-7f114ccb5000 r--p 00017000 08:01 4078120                    /home/adam/jdk11u/build/linux-x86_64-normal-server-release/images/jdk/lib/libjimage.so
7f114ccb5000-7f114ccb7000 r--p 0001c000 08:01 4078120                    /home/adam/jdk11u/build/linux-x86_64-normal-server-release/images/jdk/lib/libjimage.so
7f114ccb7000-7f114ccb8000 rw-p 0001e000 08:01 4078120                    /home/adam/jdk11u/build/linux-x86_64-normal-server-release/images/jdk/lib/libjimage.so
7f114ccb8000-7f114ccc6000 r--p 00000000 08:01 4078154                    /home/adam/jdk11u/build/linux-x86_64-normal-server-release/images/jdk/lib/libjava.so
7f114ccc6000-7f114ccdc000 r-xp 0000e000 08:01 4078154                    /home/adam/jdk11u/build/linux-x86_64-normal-server-release/images/jdk/lib/libjava.so
7f114ccdc000-7f114cce3000 r--p 00024000 08:01 4078154                    /home/adam/jdk11u/build/linux-x86_64-normal-server-release/images/jdk/lib/libjava.so
7f114cce3000-7f114cce4000 r--p 0002a000 08:01 4078154                    /home/adam/jdk11u/build/linux-x86_64-normal-server-release/images/jdk/lib/libjava.so
7f114cce4000-7f114cce5000 rw-p 0002b000 08:01 4078154                    /home/adam/jdk11u/build/linux-x86_64-normal-server-release/images/jdk/lib/libjava.so
7f114cce5000-7f114cce6000 rw-p 00000000 00:00 0 
7f114cce6000-7f114ccea000 ---p 00000000 00:00 0 
7f114ccea000-7f114cde7000 rw-p 00000000 00:00 0 
7f114cde7000-7f114cdf4000 r--p 00000000 08:01 2907355                    /usr/lib/x86_64-linux-gnu/libm-2.31.so
7f114cdf4000-7f114ce8e000 r-xp 0000d000 08:01 2907355                    /usr/lib/x86_64-linux-gnu/libm-2.31.so
7f114ce8e000-7f114cf29000 r--p 000a7000 08:01 2907355                    /usr/lib/x86_64-linux-gnu/libm-2.31.so
7f114cf29000-7f114cf2a000 r--p 00141000 08:01 2907355                    /usr/lib/x86_64-linux-gnu/libm-2.31.so
7f114cf2a000-7f114cf2b000 rw-p 00142000 08:01 2907355                    /usr/lib/x86_64-linux-gnu/libm-2.31.so
7f114cf2b000-7f114cf2d000 r--p 00000000 08:01 2907366                    /usr/lib/x86_64-linux-gnu/librt-2.31.so
7f114cf2d000-7f114cf31000 r-xp 00002000 08:01 2907366                    /usr/lib/x86_64-linux-gnu/librt-2.31.so
7f114cf31000-7f114cf33000 r--p 00006000 08:01 2907366                    /usr/lib/x86_64-linux-gnu/librt-2.31.so
7f114cf33000-7f114cf34000 r--p 00007000 08:01 2907366                    /usr/lib/x86_64-linux-gnu/librt-2.31.so
7f114cf34000-7f114cf35000 rw-p 00008000 08:01 2907366                    /usr/lib/x86_64-linux-gnu/librt-2.31.so
7f114cf35000-7f114d1b1000 r--p 00000000 08:01 4078123                    /home/adam/jdk11u/build/linux-x86_64-normal-server-release/images/jdk/lib/server/libjvm.so
7f114d1b1000-7f114dda3000 r-xp 0027c000 08:01 4078123                    /home/adam/jdk11u/build/linux-x86_64-normal-server-release/images/jdk/lib/server/libjvm.so
7f114dda3000-7f114dff8000 r--p 00e6e000 08:01 4078123                    /home/adam/jdk11u/build/linux-x86_64-normal-server-release/images/jdk/lib/server/libjvm.so
7f114dff8000-7f114dff9000 ---p 010c3000 08:01 4078123                    /home/adam/jdk11u/build/linux-x86_64-normal-server-release/images/jdk/lib/server/libjvm.so
7f114dff9000-7f114e0bc000 r--p 010c3000 08:01 4078123                    /home/adam/jdk11u/build/linux-x86_64-normal-server-release/images/jdk/lib/server/libjvm.so
7f114e0bc000-7f114e0f6000 rw-p 01186000 08:01 4078123                    /home/adam/jdk11u/build/linux-x86_64-normal-server-release/images/jdk/lib/server/libjvm.so
7f114e0f6000-7f114e14f000 rw-p 00000000 00:00 0 
7f114e14f000-7f114e155000 r--p 00000000 08:01 2907364                    /usr/lib/x86_64-linux-gnu/libpthread-2.31.so
7f114e155000-7f114e165000 r-xp 00006000 08:01 2907364                    /usr/lib/x86_64-linux-gnu/libpthread-2.31.so
7f114e165000-7f114e16b000 r--p 00016000 08:01 2907364                    /usr/lib/x86_64-linux-gnu/libpthread-2.31.so
7f114e16b000-7f114e16c000 r--p 0001b000 08:01 2907364                    /usr/lib/x86_64-linux-gnu/libpthread-2.31.so
7f114e16c000-7f114e16d000 rw-p 0001c000 08:01 2907364                    /usr/lib/x86_64-linux-gnu/libpthread-2.31.so
7f114e16d000-7f114e171000 rw-p 00000000 00:00 0 
7f114e171000-7f114e172000 r--p 00000000 08:01 2907353                    /usr/lib/x86_64-linux-gnu/libdl-2.31.so
7f114e172000-7f114e174000 r-xp 00001000 08:01 2907353                    /usr/lib/x86_64-linux-gnu/libdl-2.31.so
7f114e174000-7f114e175000 r--p 00003000 08:01 2907353                    /usr/lib/x86_64-linux-gnu/libdl-2.31.so
7f114e175000-7f114e176000 r--p 00003000 08:01 2907353                    /usr/lib/x86_64-linux-gnu/libdl-2.31.so
7f114e176000-7f114e177000 rw-p 00004000 08:01 2907353                    /usr/lib/x86_64-linux-gnu/libdl-2.31.so
7f114e177000-7f114e17a000 r--p 00000000 08:01 2885790                    /usr/lib/x86_64-linux-gnu/libz.so.1.2.11
7f114e17a000-7f114e18b000 r-xp 00003000 08:01 2885790                    /usr/lib/x86_64-linux-gnu/libz.so.1.2.11
7f114e18b000-7f114e191000 r--p 00014000 08:01 2885790                    /usr/lib/x86_64-linux-gnu/libz.so.1.2.11
7f114e191000-7f114e192000 ---p 0001a000 08:01 2885790                    /usr/lib/x86_64-linux-gnu/libz.so.1.2.11
7f114e192000-7f114e193000 r--p 0001a000 08:01 2885790                    /usr/lib/x86_64-linux-gnu/libz.so.1.2.11
7f114e193000-7f114e194000 rw-p 0001b000 08:01 2885790                    /usr/lib/x86_64-linux-gnu/libz.so.1.2.11
7f114e194000-7f114e1b6000 r--p 00000000 08:01 2907352                    /usr/lib/x86_64-linux-gnu/libc-2.31.so
7f114e1b6000-7f114e310000 r-xp 00022000 08:01 2907352                    /usr/lib/x86_64-linux-gnu/libc-2.31.so
7f114e310000-7f114e35f000 r--p 0017c000 08:01 2907352                    /usr/lib/x86_64-linux-gnu/libc-2.31.so
7f114e35f000-7f114e363000 r--p 001ca000 08:01 2907352                    /usr/lib/x86_64-linux-gnu/libc-2.31.so
7f114e363000-7f114e365000 rw-p 001ce000 08:01 2907352                    /usr/lib/x86_64-linux-gnu/libc-2.31.so
7f114e365000-7f114e369000 rw-p 00000000 00:00 0 
7f114e36c000-7f114e36d000 ---p 00000000 00:00 0 
7f114e36d000-7f114e36e000 r--p 00000000 00:00 0 
7f114e36e000-7f114e373000 r--p 00000000 08:01 4078126                    /home/adam/jdk11u/build/linux-x86_64-normal-server-release/images/jdk/lib/libverify.so
7f114e373000-7f114e37a000 r-xp 00005000 08:01 4078126                    /home/adam/jdk11u/build/linux-x86_64-normal-server-release/images/jdk/lib/libverify.so
7f114e37a000-7f114e37c000 r--p 0000c000 08:01 4078126                    /home/adam/jdk11u/build/linux-x86_64-normal-server-release/images/jdk/lib/libverify.so
7f114e37c000-7f114e37d000 ---p 0000e000 08:01 4078126                    /home/adam/jdk11u/build/linux-x86_64-normal-server-release/images/jdk/lib/libverify.so
7f114e37d000-7f114e37f000 r--p 0000e000 08:01 4078126                    /home/adam/jdk11u/build/linux-x86_64-normal-server-release/images/jdk/lib/libverify.so
7f114e37f000-7f114e380000 rw-p 00010000 08:01 4078126                    /home/adam/jdk11u/build/linux-x86_64-normal-server-release/images/jdk/lib/libverify.so
7f114e380000-7f114e383000 r--p 00000000 08:01 4078146                    /home/adam/jdk11u/build/linux-x86_64-normal-server-release/images/jdk/lib/jli/libjli.so
7f114e383000-7f114e38d000 r-xp 00003000 08:01 4078146                    /home/adam/jdk11u/build/linux-x86_64-normal-server-release/images/jdk/lib/jli/libjli.so
7f114e38d000-7f114e390000 r--p 0000d000 08:01 4078146                    /home/adam/jdk11u/build/linux-x86_64-normal-server-release/images/jdk/lib/jli/libjli.so
7f114e390000-7f114e391000 ---p 00010000 08:01 4078146                    /home/adam/jdk11u/build/linux-x86_64-normal-server-release/images/jdk/lib/jli/libjli.so
7f114e391000-7f114e392000 r--p 00010000 08:01 4078146                    /home/adam/jdk11u/build/linux-x86_64-normal-server-release/images/jdk/lib/jli/libjli.so
7f114e392000-7f114e393000 rw-p 00011000 08:01 4078146                    /home/adam/jdk11u/build/linux-x86_64-normal-server-release/images/jdk/lib/jli/libjli.so
7f114e393000-7f114e395000 rw-p 00000000 00:00 0 
7f114e395000-7f114e396000 r--p 00000000 08:01 2907322                    /usr/lib/x86_64-linux-gnu/ld-2.31.so
7f114e396000-7f114e3b6000 r-xp 00001000 08:01 2907322                    /usr/lib/x86_64-linux-gnu/ld-2.31.so
7f114e3b6000-7f114e3be000 r--p 00021000 08:01 2907322                    /usr/lib/x86_64-linux-gnu/ld-2.31.so
7f114e3bf000-7f114e3c0000 r--p 00029000 08:01 2907322                    /usr/lib/x86_64-linux-gnu/ld-2.31.so
7f114e3c0000-7f114e3c1000 rw-p 0002a000 08:01 2907322                    /usr/lib/x86_64-linux-gnu/ld-2.31.so
7f114e3c1000-7f114e3c2000 rw-p 00000000 00:00 0 
7ffd55ac7000-7ffd55ae8000 rw-p 00000000 00:00 0                          [stack]
7ffd55bb2000-7ffd55bb6000 r--p 00000000 00:00 0                          [vvar]
7ffd55bb6000-7ffd55bb8000 r-xp 00000000 00:00 0                          [vdso]


VM Arguments:
jvm_args: -XX:AllocateHeapAt=/dev/fakeblk -Xlog:gc=debug -XX:-OptimizeStringConcat -XX:+UnlockExperimentalVMOptions -XX:+UseEpsilonGC -Xnoclassgc -XX:-ClassUnloading -XX:MetaspaceSize=1G -Xms8g -Xmx8g 
java_command: ../dacapo-9.12-MR1-bach.jar h2
java_class_path (initial): ../dacapo-9.12-MR1-bach.jar
Launcher Type: SUN_STANDARD

[Global flags]
    ccstr AllocateHeapAt                           = /dev/fakeblk                              {product} {command line}
     intx CICompilerCount                          = 4                                         {product} {ergonomic}
     bool ClassUnloading                           = false                                     {product} {command line}
     bool ClassUnloadingWithConcurrentMark         = false                                     {product} {command line}
   size_t InitialHeapSize                          = 8589934592                                {product} {command line}
   size_t MaxHeapSize                              = 8589934592                                {product} {command line}
   size_t MetaspaceSize                            = 1073741824                             {pd product} {command line}
   size_t MinHeapDeltaBytes                        = 172032                                    {product} {ergonomic}
    uintx NonNMethodCodeHeapSize                   = 5836300                                {pd product} {ergonomic}
    uintx NonProfiledCodeHeapSize                  = 122910970                              {pd product} {ergonomic}
     bool OptimizeStringConcat                     = false                                  {C2 product} {command line}
    uintx ProfiledCodeHeapSize                     = 122910970                              {pd product} {ergonomic}
    uintx ReservedCodeCacheSize                    = 251658240                              {pd product} {ergonomic}
     bool SegmentedCodeCache                       = true                                      {product} {ergonomic}
     bool UnlockExperimentalVMOptions              = true                                 {experimental} {command line}
     bool UseCompressedClassPointers               = true                                 {lp64_product} {ergonomic}
     bool UseCompressedOops                        = true                                 {lp64_product} {ergonomic}
     bool UseEpsilonGC                             = true                                 {experimental} {command line}

Logging:
Log output configuration:
 #0: stdout all=warning,gc=debug uptime,level,tags
 #1: stderr all=off uptime,level,tags

Environment Variables:
PATH=/usr/local/sbin:/usr/local/bin:/usr/sbin:/usr/bin:/sbin:/bin
SHELL=/bin/bash
LANG=fr_FR.UTF-8

Signal Handlers:
SIGSEGV: [libjvm.so+0xde3430], sa_mask[0]=11111111011111111101111111111110, sa_flags=SA_RESTART|SA_SIGINFO
SIGBUS: [libjvm.so+0xde3430], sa_mask[0]=11111111011111111101111111111110, sa_flags=SA_RESTART|SA_SIGINFO
SIGFPE: [libjvm.so+0xde3430], sa_mask[0]=11111111011111111101111111111110, sa_flags=SA_RESTART|SA_SIGINFO
SIGPIPE: [libjvm.so+0xbdd9d0], sa_mask[0]=11111111011111111101111111111110, sa_flags=SA_RESTART|SA_SIGINFO
SIGXFSZ: [libjvm.so+0xbdd9d0], sa_mask[0]=11111111011111111101111111111110, sa_flags=SA_RESTART|SA_SIGINFO
SIGILL: [libjvm.so+0xde3430], sa_mask[0]=11111111011111111101111111111110, sa_flags=SA_RESTART|SA_SIGINFO
SIGUSR2: [libjvm.so+0x2d0330], sa_mask[0]=00000000000100000000000000000000, sa_flags=SA_RESTART
SIGHUP: [libjvm.so+0xbde100], sa_mask[0]=11111111011111111101111111111110, sa_flags=SA_RESTART|SA_SIGINFO
SIGINT: [libjvm.so+0xbde100], sa_mask[0]=11111111011111111101111111111110, sa_flags=SA_RESTART|SA_SIGINFO
SIGTERM: [libjvm.so+0xbde100], sa_mask[0]=11111111011111111101111111111110, sa_flags=SA_RESTART|SA_SIGINFO
SIGQUIT: [libjvm.so+0xbde100], sa_mask[0]=11111111011111111101111111111110, sa_flags=SA_RESTART|SA_SIGINFO


---------------  S Y S T E M  ---------------

OS:PRETTY_NAME="Debian GNU/Linux 11 (bullseye)"
NAME="Debian GNU/Linux"
VERSION_ID="11"
VERSION="11 (bullseye)"
VERSION_CODENAME=bullseye
ID=debian
HOME_URL="https://www.debian.org/"
SUPPORT_URL="https://www.debian.org/support"
BUG_REPORT_URL="https://bugs.debian.org/"
uname:Linux 5.10.0-11-amd64 #1 SMP Debian 5.10.92-2 (2022-02-28) x86_64
OS uptime: 8 days 22:05 hours
libc:glibc 2.31 NPTL 2.31 
rlimit (soft/hard): STACK 8192k/infinity , CORE 0k/infinity , NPROC 201035/201035 , NOFILE 1048576/1048576 , AS infinity/infinity , CPU infinity/infinity , DATA infinity/infinity , FSIZE infinity/infinity , MEMLOCK 6438875k/6438875k
load average:0,39 0,21 0,28

/proc/meminfo:
MemTotal:       51511000 kB
MemFree:        16821724 kB
MemAvailable:   23011368 kB
Buffers:          238480 kB
Cached:         28460580 kB
SwapCached:            0 kB
Active:         26826012 kB
Inactive:        3360948 kB
Active(anon):   21722092 kB
Inactive(anon):  2012388 kB
Active(file):    5103920 kB
Inactive(file):  1348560 kB
Unevictable:           0 kB
Mlocked:               0 kB
SwapTotal:             0 kB
SwapFree:              0 kB
Dirty:              1604 kB
Writeback:             0 kB
AnonPages:       1488244 kB
Mapped:         22290512 kB
Shmem:          22246580 kB
KReclaimable:     375008 kB
Slab:             439076 kB
SReclaimable:     375008 kB
SUnreclaim:        64068 kB
KernelStack:        3856 kB
PageTables:        54472 kB
NFS_Unstable:          0 kB
Bounce:                0 kB
WritebackTmp:          0 kB
CommitLimit:    25755500 kB
Committed_AS:   24409092 kB
VmallocTotal:   34359738367 kB
VmallocUsed:     2055840 kB
VmallocChunk:          0 kB
Percpu:             6624 kB
HardwareCorrupted:     0 kB
AnonHugePages:   1359872 kB
ShmemHugePages:        0 kB
ShmemPmdMapped:        0 kB
FileHugePages:         0 kB
FilePmdMapped:         0 kB
HugePages_Total:       0
HugePages_Free:        0
HugePages_Rsvd:        0
HugePages_Surp:        0
Hugepagesize:       2048 kB
Hugetlb:               0 kB
DirectMap4k:      739176 kB
DirectMap2M:    35960832 kB
DirectMap1G:    17825792 kB

/sys/kernel/mm/transparent_hugepage/enabled:
[always] madvise never
/sys/kernel/mm/transparent_hugepage/defrag (defrag/compaction efforts parameter):
always defer defer+madvise [madvise] never

Process Memory:
Virtual Size: 11510636K (peak: 11572436K)
Resident Set Size: 31344K (peak: 31344K) (anon: 12916K, file: 18052K, shmem: 376K)
Swapped out: 0K
C-Heap outstanding allocations: 7314K, retained: 813K
glibc malloc tunables: (default)

/proc/sys/kernel/threads-max (system-wide limit on the number of threads):
402070
/proc/sys/vm/max_map_count (maximum number of memory map areas a process may have):
65530
/proc/sys/kernel/pid_max (system-wide limit on number of process identifiers):
4194304

container (cgroup) information:
container_type: cgroupv2
cpu_cpuset_cpus: not supported
cpu_memory_nodes: not supported
active_processor_count: 8
cpu_quota: not supported
cpu_period: not supported
cpu_shares: not supported
memory_limit_in_bytes: 1610612736
memory_and_swap_limit_in_bytes: unlimited
memory_soft_limit_in_bytes: unlimited
memory_usage_in_bytes: 22917120
memory_max_usage_in_bytes: not supported

KVM virtualization detected
Steal ticks since vm start: 0
Steal ticks percentage since vm start:  0,000

CPU:total 8 (initial active 8) (4 cores per cpu, 1 threads per core) family 6 model 85 stepping 7 microcode 0x5003102, cmov, cx8, fxsr, mmx, sse, sse2, sse3, ssse3, sse4.1, sse4.2, popcnt, avx, avx2, aes, clmul, erms, 3dnowpref, lzcnt, tsc, bmi1, bmi2, adx, evex, fma
CPU Model and flags from /proc/cpuinfo:
model name	: Intel(R) Xeon(R) Silver 4208 CPU @ 2.10GHz
flags		: fpu vme de pse tsc msr pae mce cx8 apic sep mtrr pge mca cmov pat pse36 clflush mmx fxsr sse sse2 ss ht syscall nx pdpe1gb rdtscp lm constant_tsc arch_perfmon rep_good nopl xtopology cpuid tsc_known_freq pni pclmulqdq vmx ssse3 fma cx16 pdcm pcid sse4_1 sse4_2 x2apic movbe popcnt tsc_deadline_timer aes xsave avx f16c rdrand hypervisor lahf_lm abm 3dnowprefetch cpuid_fault invpcid_single ssbd ibrs ibpb stibp ibrs_enhanced tpr_shadow vnmi flexpriority ept vpid ept_ad fsgsbase tsc_adjust bmi1 avx2 smep bmi2 erms invpcid mpx avx512f avx512dq rdseed adx smap clflushopt clwb avx512cd avx512bw avx512vl xsaveopt xsavec xgetbv1 xsaves arat umip pku ospke avx512_vnni md_clear arch_capabilities
Online cpus:
0-7
Offline cpus:

BIOS frequency limitation:
<Not Available>
Frequency switch latency (ns):
<Not Available>
Available cpu frequencies:
<Not Available>
Current governor:
<Not Available>
Core performance/turbo boost:
<Not Available>

Memory: 4k page, physical 1572864k(1550484k free), swap 0k(0k free)

vm_info: OpenJDK 64-Bit Server VM (11.0.16-internal+0-adhoc.adam.jdk11u) for linux-amd64 JRE (11.0.16-internal+0-adhoc.adam.jdk11u), built on Oct 20 2023 13:51:50 by "adam" with gcc 10.2.1 20210110

END.
