This file contains any messages produced by compilers while
running configure, to aid debugging if configure makes a mistake.

It was created by opcodes configure 2.28.1, which was
generated by GNU Autoconf 2.64.  Invocation command line was

  $ /home/adam/binutils-2.28.1/opcodes/configure --srcdir=/home/adam/binutils-2.28.1/opcodes --cache-file=./config.cache --with-gnu-as --with-gnu-ld --disable-nls --program-transform-name=s,y,y, --disable-option-checking --build=x86_64-pc-linux-gnu --host=x86_64-pc-linux-gnu --target=x86_64-pc-linux-gnu

## --------- ##
## Platform. ##
## --------- ##

hostname = vm-adam
uname -m = x86_64
uname -r = 5.10.0-28-amd64
uname -s = Linux
uname -v = #1 SMP Debian 5.10.209-2 (2024-01-31)

/usr/bin/uname -p = unknown
/bin/uname -X     = unknown

/bin/arch              = x86_64
/usr/bin/arch -k       = unknown
/usr/convex/getsysinfo = unknown
/usr/bin/hostinfo      = unknown
/bin/machine           = unknown
/usr/bin/oslevel       = unknown
/bin/universe          = unknown

PATH: /usr/local/sbin
PATH: /usr/local/bin
PATH: /usr/sbin
PATH: /usr/bin
PATH: /sbin
PATH: /bin


## ----------- ##
## Core tests. ##
## ----------- ##

configure:2179: loading cache ./config.cache
configure:2292: checking build system type
configure:2306: result: x86_64-pc-linux-gnu
configure:2326: checking host system type
configure:2339: result: x86_64-pc-linux-gnu
configure:2359: checking target system type
configure:2372: result: x86_64-pc-linux-gnu
configure:2406: checking for x86_64-pc-linux-gnu-gcc
configure:2433: result: gcc
configure:2702: checking for C compiler version
configure:2711: gcc --version >&5
gcc (Debian 10.2.1-6) 10.2.1 20210110
Copyright (C) 2020 Free Software Foundation, Inc.
This is free software; see the source for copying conditions.  There is NO
warranty; not even for MERCHANTABILITY or FITNESS FOR A PARTICULAR PURPOSE.

configure:2722: $? = 0
configure:2711: gcc -v >&5
Using built-in specs.
COLLECT_GCC=gcc
COLLECT_LTO_WRAPPER=/usr/lib/gcc/x86_64-linux-gnu/10/lto-wrapper
OFFLOAD_TARGET_NAMES=nvptx-none:amdgcn-amdhsa:hsa
OFFLOAD_TARGET_DEFAULT=1
Target: x86_64-linux-gnu
Configured with: ../src/configure -v --with-pkgversion='Debian 10.2.1-6' --with-bugurl=file:///usr/share/doc/gcc-10/README.Bugs --enable-languages=c,ada,c++,go,brig,d,fortran,objc,obj-c++,m2 --prefix=/usr --with-gcc-major-version-only --program-suffix=-10 --program-prefix=x86_64-linux-gnu- --enable-shared --enable-linker-build-id --libexecdir=/usr/lib --without-included-gettext --enable-threads=posix --libdir=/usr/lib --enable-nls --enable-bootstrap --enable-clocale=gnu --enable-libstdcxx-debug --enable-libstdcxx-time=yes --with-default-libstdcxx-abi=new --enable-gnu-unique-object --disable-vtable-verify --enable-plugin --enable-default-pie --with-system-zlib --enable-libphobos-checking=release --with-target-system-zlib=auto --enable-objc-gc=auto --enable-multiarch --disable-werror --with-arch-32=i686 --with-abi=m64 --with-multilib-list=m32,m64,mx32 --enable-multilib --with-tune=generic --enable-offload-targets=nvptx-none=/build/gcc-10-Km9U7s/gcc-10-10.2.1/debian/tmp-nvptx/usr,amdgcn-amdhsa=/build/gcc-10-Km9U7s/gcc-10-10.2.1/debian/tmp-gcn/usr,hsa --without-cuda-driver --enable-checking=release --build=x86_64-linux-gnu --host=x86_64-linux-gnu --target=x86_64-linux-gnu --with-build-config=bootstrap-lto-lean --enable-link-mutex
Thread model: posix
Supported LTO compression algorithms: zlib zstd
gcc version 10.2.1 20210110 (Debian 10.2.1-6) 
... rest of stderr output deleted ...
configure:2722: $? = 0
configure:2711: gcc -V >&5
gcc: error: unrecognized command-line option '-V'
gcc: fatal error: no input files
compilation terminated.
configure:2722: $? = 1
configure:2711: gcc -qversion >&5
gcc: error: unrecognized command-line option '-qversion'; did you mean '--version'?
gcc: fatal error: no input files
compilation terminated.
configure:2722: $? = 1
configure:2742: checking for C compiler default output file name
configure:2764: gcc -fPIC -O  -static-libstdc++ -static-libgcc  conftest.c  >&5
configure:2768: $? = 0
configure:2805: result: a.out
configure:2821: checking whether the C compiler works
configure:2830: ./a.out
configure:2834: $? = 0
configure:2849: result: yes
configure:2856: checking whether we are cross compiling
configure:2858: result: no
configure:2861: checking for suffix of executables
configure:2868: gcc -o conftest -fPIC -O  -static-libstdc++ -static-libgcc  conftest.c  >&5
configure:2872: $? = 0
configure:2894: result: 
configure:2900: checking for suffix of object files
configure:2922: gcc -c -fPIC -O  conftest.c >&5
configure:2926: $? = 0
configure:2947: result: o
configure:2951: checking whether we are using the GNU C compiler
configure:2970: gcc -c -fPIC -O  conftest.c >&5
configure:2970: $? = 0
configure:2979: result: yes
configure:2988: checking whether gcc accepts -g
configure:3008: gcc -c -g  conftest.c >&5
configure:3008: $? = 0
configure:3049: result: yes
configure:3066: checking for gcc option to accept ISO C89
configure:3130: gcc  -c -fPIC -O  conftest.c >&5
configure:3130: $? = 0
configure:3143: result: none needed
configure:3164: checking for library containing strerror
configure:3195: gcc -o conftest -fPIC -O  -static-libstdc++ -static-libgcc  conftest.c  >&5
configure:3195: $? = 0
configure:3212: result: none required
configure:3237: checking for a BSD-compatible install
configure:3305: result: /usr/bin/install -c
configure:3316: checking whether build environment is sane
configure:3366: result: yes
configure:3507: checking for a thread-safe mkdir -p
configure:3546: result: /usr/bin/mkdir -p
configure:3559: checking for gawk
configure:3586: result: mawk
configure:3597: checking whether make sets $(MAKE)
configure:3619: result: yes
configure:3649: checking for style of include used by make
configure:3677: result: GNU
configure:3706: error: source directory already configured; run "make distclean" there first

## ---------------- ##
## Cache variables. ##
## ---------------- ##

ac_cv_build=x86_64-pc-linux-gnu
ac_cv_c_compiler_gnu=yes
ac_cv_env_CC_set=set
ac_cv_env_CC_value=gcc
ac_cv_env_CFLAGS_set=set
ac_cv_env_CFLAGS_value='-fPIC -O'
ac_cv_env_CPPFLAGS_set=
ac_cv_env_CPPFLAGS_value=
ac_cv_env_CPP_set=
ac_cv_env_CPP_value=
ac_cv_env_LDFLAGS_set=set
ac_cv_env_LDFLAGS_value='-static-libstdc++ -static-libgcc '
ac_cv_env_LIBS_set=
ac_cv_env_LIBS_value=
ac_cv_env_build_alias_set=set
ac_cv_env_build_alias_value=x86_64-pc-linux-gnu
ac_cv_env_host_alias_set=set
ac_cv_env_host_alias_value=x86_64-pc-linux-gnu
ac_cv_env_target_alias_set=set
ac_cv_env_target_alias_value=x86_64-pc-linux-gnu
ac_cv_host=x86_64-pc-linux-gnu
ac_cv_objext=o
ac_cv_path_install='/usr/bin/install -c'
ac_cv_path_mkdir=/usr/bin/mkdir
ac_cv_prog_AWK=mawk
ac_cv_prog_CC=gcc
ac_cv_prog_cc_c89=
ac_cv_prog_cc_g=yes
ac_cv_prog_make_make_set=yes
ac_cv_search_strerror='none required'
ac_cv_target=x86_64-pc-linux-gnu

## ----------------- ##
## Output variables. ##
## ----------------- ##

ACLOCAL=''
AMDEPBACKSLASH='\'
AMDEP_FALSE='#'
AMDEP_TRUE=''
AMTAR=''
AR='ar'
AUTOCONF=''
AUTOHEADER=''
AUTOMAKE=''
AWK='mawk'
BFD_MACHINES=''
BUILD_LIBS=''
BUILD_LIB_DEPS=''
CATALOGS=''
CATOBJEXT=''
CC='gcc'
CCDEPMODE=''
CC_FOR_BUILD='gcc'
CFLAGS='-fPIC -O'
CGEN_MAINT_FALSE=''
CGEN_MAINT_TRUE=''
CPP=''
CPPFLAGS=''
CYGPATH_W=''
DATADIRNAME=''
DEFS=''
DEPDIR='.deps'
DSYMUTIL=''
DUMPBIN=''
ECHO_C=''
ECHO_N='-n'
ECHO_T=''
EGREP=''
EXEEXT=''
EXEEXT_FOR_BUILD=''
FGREP=''
GENCAT=''
GMSGFMT=''
GREP=''
HDEFINES=''
INCINTL=''
INSTALL_DATA='${INSTALL} -m 644'
INSTALL_LIBBFD_FALSE=''
INSTALL_LIBBFD_TRUE=''
INSTALL_PROGRAM='${INSTALL}'
INSTALL_SCRIPT='${INSTALL}'
INSTALL_STRIP_PROGRAM='$(install_sh) -c -s'
INSTOBJEXT=''
LD='ld'
LDFLAGS='-static-libstdc++ -static-libgcc '
LIBINTL=''
LIBINTL_DEP=''
LIBM=''
LIBOBJS=''
LIBS=''
LIBTOOL=''
LIPO=''
LN_S=''
LTLIBOBJS=''
MAINT=''
MAINTAINER_MODE_FALSE=''
MAINTAINER_MODE_TRUE=''
MAKEINFO='/home/adam/binutils-2.28.1/missing makeinfo'
MKDIR_P='/usr/bin/mkdir -p'
MKINSTALLDIRS=''
MSGFMT=''
MSGMERGE=''
NM='nm'
NMEDIT=''
NO_WERROR=''
NO_WMISSING_FIELD_INITIALIZERS=''
OBJDUMP='objdump'
OBJEXT='o'
OTOOL64=''
OTOOL=''
PACKAGE=''
PACKAGE_BUGREPORT=''
PACKAGE_NAME='opcodes'
PACKAGE_STRING='opcodes 2.28.1'
PACKAGE_TARNAME='opcodes'
PACKAGE_URL=''
PACKAGE_VERSION='2.28.1'
PATH_SEPARATOR=':'
POSUB=''
RANLIB='ranlib'
SED='/usr/bin/sed'
SET_MAKE=''
SHARED_DEPENDENCIES=''
SHARED_LDFLAGS=''
SHARED_LIBADD=''
SHELL='/bin/bash'
STRIP=''
USE_NLS=''
VERSION=''
WARN_CFLAGS=''
WARN_CFLAGS_FOR_BUILD=''
WARN_WRITE_STRINGS=''
XGETTEXT=''
ac_ct_CC=''
ac_ct_DUMPBIN=''
am__EXEEXT_FALSE=''
am__EXEEXT_TRUE=''
am__fastdepCC_FALSE=''
am__fastdepCC_TRUE=''
am__include='include'
am__isrc=' -I$(srcdir)'
am__leading_dot='.'
am__nodep='_no'
am__quote=''
am__tar=''
am__untar=''
archdefs=''
bfdincludedir=''
bfdlibdir=''
bindir='${exec_prefix}/bin'
build='x86_64-pc-linux-gnu'
build_alias='x86_64-pc-linux-gnu'
build_cpu='x86_64'
build_os='linux-gnu'
build_vendor='pc'
cgendir=''
datadir='${datarootdir}'
datarootdir='${prefix}/share'
docdir='${datarootdir}/doc/${PACKAGE_TARNAME}'
dvidir='${docdir}'
exec_prefix='NONE'
host='x86_64-pc-linux-gnu'
host_alias='x86_64-pc-linux-gnu'
host_cpu='x86_64'
host_noncanonical=''
host_os='linux-gnu'
host_vendor='pc'
htmldir='${docdir}'
includedir='${prefix}/include'
infodir='${datarootdir}/info'
install_sh='${SHELL} /home/adam/binutils-2.28.1/install-sh'
libdir='${exec_prefix}/lib'
libexecdir='${exec_prefix}/libexec'
localedir='${datarootdir}/locale'
localstatedir='${prefix}/var'
mandir='${datarootdir}/man'
mkdir_p='/usr/bin/mkdir -p'
oldincludedir='/usr/include'
pdfdir='${docdir}'
prefix='NONE'
program_transform_name='s,y,y,'
psdir='${docdir}'
sbindir='${exec_prefix}/sbin'
sharedstatedir='${prefix}/com'
sysconfdir='${prefix}/etc'
target='x86_64-pc-linux-gnu'
target_alias='x86_64-pc-linux-gnu'
target_cpu='x86_64'
target_noncanonical=''
target_os='linux-gnu'
target_vendor='pc'

## ----------- ##
## confdefs.h. ##
## ----------- ##

/* confdefs.h */
#define PACKAGE_NAME "opcodes"
#define PACKAGE_TARNAME "opcodes"
#define PACKAGE_VERSION "2.28.1"
#define PACKAGE_STRING "opcodes 2.28.1"
#define PACKAGE_BUGREPORT ""
#define PACKAGE_URL ""

configure: exit 1
