#
# A fatal error has been detected by the Java Runtime Environment:
#
#  SIGSEGV (0xb) at pc=0x00007fe9d17f60a1, pid=164701, tid=164720
#
# JRE version: OpenJDK Runtime Environment (11.0.16) (build 11.0.16-internal+0-adhoc.adam.jdk11u)
# Java VM: OpenJDK 64-Bit Server VM (11.0.16-internal+0-adhoc.adam.jdk11u, mixed mode, tiered, compressed oops, g1 gc, linux-amd64)
# Problematic frame:
# J 128 c1 java.lang.invoke.MethodType.makeImpl(Ljava/lang/Class;[Ljava/lang/Class;Z)Ljava/lang/invoke/MethodType; java.base@11.0.16-internal (108 bytes) @ 0x00007fe9d17f60a1 [0x00007fe9d17f5fe0+0x00000000000000c1]
#
# No core dump will be written. Core dumps have been disabled. To enable core dumping, try "ulimit -c unlimited" before starting Java again
#
# If you would like to submit a bug report, please visit:
#   https://bugreport.java.com/bugreport/crash.jsp
#

---------------  S U M M A R Y ------------

Command Line: -XX:DumpLoadedClassList=/home/adam/jdk11u/build/linux-x86_64-normal-server-release/support/link_opt/classlist.raw -Djava.lang.invoke.MethodHandle.TRACE_RESOLVE=true build.tools.classlist.HelloClasslist

Host: AMD Opteron 23xx (Gen 3 Class Opteron), 32 cores, 62G, Debian GNU/Linux 11 (bullseye)
Time: Tue Oct  1 18:54:53 2024 CEST elapsed time: 0.332127 seconds (0d 0h 0m 0s)

---------------  T H R E A D  ---------------

Current thread (0x00007fe9e0409000):  JavaThread "ForkJoinPool.commonPool-worker-37" daemon [_thread_in_Java, id=164720, stack(0x00007fe99e86c000,0x00007fe99e96d000)]

Stack: [0x00007fe99e86c000,0x00007fe99e96d000],  sp=0x00007fe99e96ad20,  free space=1019k
Native frames: (J=compiled Java code, A=aot compiled Java code, j=interpreted, Vv=VM code, C=native code)
J 128 c1 java.lang.invoke.MethodType.makeImpl(Ljava/lang/Class;[Ljava/lang/Class;Z)Ljava/lang/invoke/MethodType; java.base@11.0.16-internal (108 bytes) @ 0x00007fe9d17f60a1 [0x00007fe9d17f5fe0+0x00000000000000c1]
j  java.lang.invoke.MethodHandleNatives.findMethodHandleType(Ljava/lang/Class;[Ljava/lang/Class;)Ljava/lang/invoke/MethodType;+3 java.base@11.0.16-internal
v  ~StubRoutines::call_stub
V  [libjvm.so+0x87a013]  JavaCalls::call_helper(JavaValue*, methodHandle const&, JavaCallArguments*, Thread*)+0x353
V  [libjvm.so+0x878f5a]  JavaCalls::call_static(JavaValue*, Klass*, Symbol*, Symbol*, JavaCallArguments*, Thread*)+0xea
V  [libjvm.so+0xd3db8a]  SystemDictionary::find_method_handle_type(Symbol*, Klass*, Thread*)+0x61a
V  [libjvm.so+0xd3ee6e]  SystemDictionary::find_method_handle_invoker(Klass*, Symbol*, Symbol*, Klass*, Handle*, Handle*, Thread*)+0x5e
V  [libjvm.so+0xa60c09]  LinkResolver::resolve_handle_call(CallInfo&, LinkInfo const&, Thread*)+0x259
V  [libjvm.so+0xa66c36]  LinkResolver::resolve_invoke(CallInfo&, Handle, constantPoolHandle const&, int, Bytecodes::Code, Thread*)+0x176
V  [libjvm.so+0x871a26]  InterpreterRuntime::resolve_invokehandle(JavaThread*)+0x136
V  [libjvm.so+0x873e5d]  InterpreterRuntime::resolve_from_cache(JavaThread*, Bytecodes::Code)+0x18d
j  java.util.concurrent.ForkJoinTask.abnormalCompletion(I)I+21 java.base@11.0.16-internal
j  java.util.concurrent.ForkJoinTask.recordExceptionalCompletion(Ljava/lang/Throwable;)I+121 java.base@11.0.16-internal
j  java.util.concurrent.ForkJoinTask.setExceptionalCompletion(Ljava/lang/Throwable;)I+2 java.base@11.0.16-internal
j  java.util.concurrent.ForkJoinTask.doExec()I+22 java.base@11.0.16-internal
j  java.util.concurrent.ForkJoinPool$WorkQueue.topLevelExec(Ljava/util/concurrent/ForkJoinTask;Ljava/util/concurrent/ForkJoinPool$WorkQueue;I)V+12 java.base@11.0.16-internal
j  java.util.concurrent.ForkJoinPool.scan(Ljava/util/concurrent/ForkJoinPool$WorkQueue;I)Z+182 java.base@11.0.16-internal
j  java.util.concurrent.ForkJoinPool.runWorker(Ljava/util/concurrent/ForkJoinPool$WorkQueue;)V+25 java.base@11.0.16-internal
j  java.util.concurrent.ForkJoinWorkerThread.run()V+24 java.base@11.0.16-internal
v  ~StubRoutines::call_stub
V  [libjvm.so+0x87a013]  JavaCalls::call_helper(JavaValue*, methodHandle const&, JavaCallArguments*, Thread*)+0x353
V  [libjvm.so+0x878526]  JavaCalls::call_virtual(JavaValue*, Handle, Klass*, Symbol*, Symbol*, Thread*)+0x1a6
V  [libjvm.so+0x92366d]  thread_entry(JavaThread*, Thread*)+0x6d
V  [libjvm.so+0xd78643]  JavaThread::thread_main_inner()+0x133
V  [libjvm.so+0xd74fec]  Thread::call_run()+0x13c
V  [libjvm.so+0xbe7bf6]  thread_native_entry(Thread*)+0xe6


siginfo: si_signo: 11 (SIGSEGV), si_code: 1 (SEGV_MAPERR), si_addr: 0x0000000000000020

Register to memory mapping:

RAX=0x0000000000000020 is an unknown value
RBX=0x0000000451efa268 is an oop: [Ljava.lang.Class; 
{0x0000000451efa268} - klass: 'java/lang/Class'[]
 - length: 3
RCX=0x0000000000000005 is an unknown value
RDX=0x000000080000c7a0 is a pointer to class: 
java.lang.invoke.MethodType {0x000000080000c7a0}
RSP=0x00007fe99e96ad20 is pointing into the stack for thread: 0x00007fe9e0409000
RBP=0x00007fe99e96ae40 is pointing into the stack for thread: 0x00007fe9e0409000
RSI=0x00000004520001d0 is an oop: java.lang.Class 
{0x00000004520001d0} - klass: 'java/lang/Class'
RDI=0x0000000000000048 is an unknown value
R8 =0x00000004520001d0 is an oop: java.lang.Class 
{0x00000004520001d0} - klass: 'java/lang/Class'
R9 =0x00007fe99e96b168 is pointing into the stack for thread: 0x00007fe9e0409000
R10=0x00007fe9e89573c0: <offset 0x00000000012043c0> in /home/adam/jdk11u/build/linux-x86_64-normal-server-release/support/interim-image/lib/server/libjvm.so at 0x00007fe9e7753000
R11=0x00007fe9d17f5fe0 is at entry_point+0 in (nmethod*)0x00007fe9d17f5d10
R12=0x0 is NULL
R13=0x00007fe99e96ade0 is pointing into the stack for thread: 0x00007fe9e0409000
R14=0x00007fe99e96ae58 is pointing into the stack for thread: 0x00007fe9e0409000
R15=0x00007fe9e0409000 is a thread


Registers:
RAX=0x0000000000000020, RBX=0x0000000451efa268, RCX=0x0000000000000005, RDX=0x000000080000c7a0
RSP=0x00007fe99e96ad20, RBP=0x00007fe99e96ae40, RSI=0x00000004520001d0, RDI=0x0000000000000048
R8 =0x00000004520001d0, R9 =0x00007fe99e96b168, R10=0x00007fe9e89573c0, R11=0x00007fe9d17f5fe0
R12=0x0000000000000000, R13=0x00007fe99e96ade0, R14=0x00007fe99e96ae58, R15=0x00007fe9e0409000
RIP=0x00007fe9d17f60a1, EFLAGS=0x0000000000010283, CSGSFS=0x002b000000000033, ERR=0x0000000000000006
  TRAPNO=0x000000000000000e

Top of Stack: (sp=0x00007fe99e96ad20)
0x00007fe99e96ad20:   00000001ffffffff 00007fe97801b0a0
0x00007fe99e96ad30:   0000000000000000 00007fe9d100fc94
0x00007fe99e96ad40:   00007fe99e96adb0 00007fe99fc5c560
0x00007fe99e96ad50:   00007fe99e96adb0 00007fe99e96ad58 

Instructions: (pc=0x00007fe9d17f60a1)
0x00007fe9d17f5fa1:   50 00 c0 0a 64 01 f8 31 f5 06 50 00 c0 0a 64 05
0x00007fe9d17f5fb1:   64 03 f8 5d e8 6a d7 e9 7f 05 70 0e 64 01 f8 8e
0x00007fe9d17f5fc1:   fd 06 90 0c 64 00 00 00 00 00 00 00 00 00 00 00
0x00007fe9d17f5fd1:   00 00 00 00 00 00 00 00 00 00 00 00 00 00 00 89
0x00007fe9d17f5fe1:   84 24 00 c0 fe ff 55 48 81 ec a0 00 00 00 48 89
0x00007fe9d17f5ff1:   74 24 58 48 bf 18 3c b2 9f e9 7f 00 00 8b 87 00
0x00007fe9d17f6001:   01 00 00 83 c0 08 89 87 00 01 00 00 81 e0 f8 1f
0x00007fe9d17f6011:   00 00 83 f8 00 0f 84 a5 0a 00 00 8b 7a 0c 83 ff
0x00007fe9d17f6021:   00 48 bf 18 3c b2 9f e9 7f 00 00 48 b8 40 01 00
0x00007fe9d17f6031:   00 00 00 00 00 0f 85 0a 00 00 00 48 b8 50 01 00
0x00007fe9d17f6041:   00 00 00 00 00 48 8b 1c 07 48 8d 5b 01 48 89 1c
0x00007fe9d17f6051:   07 0f 85 0f 00 00 00 b9 01 00 00 00 48 ba e8 71
0x00007fe9d17f6061:   05 52 04 00 00 00 89 4c 24 60 48 8b da 48 ba a0
0x00007fe9d17f6071:   c7 00 00 08 00 00 00 4c 8b c6 49 8b 87 20 01 00
0x00007fe9d17f6081:   00 48 8d 78 28 49 3b bf 30 01 00 00 0f 87 54 0a
0x00007fe9d17f6091:   00 00 49 89 bf 20 01 00 00 48 8b 8a b8 00 00 00
0x00007fe9d17f60a1:   48 89 08 48 8b ca 49 bc 00 00 00 00 08 00 00 00
0x00007fe9d17f60b1:   49 2b cc 4d 33 e4 89 48 08 48 33 c9 89 48 0c 48
0x00007fe9d17f60c1:   33 c9 48 89 48 10 48 89 48 18 48 89 48 20 48 89
0x00007fe9d17f60d1:   44 24 70 48 8b d0 48 be 18 3c b2 9f e9 7f 00 00
0x00007fe9d17f60e1:   48 83 86 60 01 00 00 01 48 ba 88 3a b2 9f e9 7f
0x00007fe9d17f60f1:   00 00 8b b2 00 01 00 00 83 c6 08 89 b2 00 01 00
0x00007fe9d17f6101:   00 81 e6 f8 ff 7f 00 83 fe 00 0f 84 e3 09 00 00
0x00007fe9d17f6111:   48 8b d0 48 be 88 3a b2 9f e9 7f 00 00 48 83 86
0x00007fe9d17f6121:   40 01 00 00 01 48 ba 68 bb 7e 9f e9 7f 00 00 8b
0x00007fe9d17f6131:   b2 00 01 00 00 83 c6 08 89 b2 00 01 00 00 81 e6
0x00007fe9d17f6141:   f8 ff 7f 00 83 fe 00 0f 84 c7 09 00 00 41 0f be
0x00007fe9d17f6151:   57 30 83 fa 00 0f 85 da 09 00 00 4d 8b d0 49 c1
0x00007fe9d17f6161:   ea 03 44 89 50 0c 48 8b d0 49 33 d0 48 c1 ea 16
0x00007fe9d17f6171:   48 83 fa 00 0f 85 da 09 00 00 41 0f be 57 30 83
0x00007fe9d17f6181:   fa 00 0f 85 e4 09 00 00 4c 8b d3 49 c1 ea 03 44
0x00007fe9d17f6191:   89 50 10 48 8b d0 48 33 d3 48 c1 ea 16 48 83 fa 


Stack slot to memory mapping:
stack at sp + 0 slots: 0x00000001ffffffff is an unknown value
stack at sp + 1 slots: 0x00007fe97801b0a0 points into unknown readable memory: 0x6e616c2e6176616a | 6a 61 76 61 2e 6c 61 6e
stack at sp + 2 slots: 0x0 is NULL
stack at sp + 3 slots: 0x00007fe9d100fc94 is at code_begin+2196 in an Interpreter codelet
method entry point (kind = native)  [0x00007fe9d100f400, 0x00007fe9d100fd60]  2400 bytes
stack at sp + 4 slots: 0x00007fe99e96adb0 is pointing into the stack for thread: 0x00007fe9e0409000
stack at sp + 5 slots: 0x00007fe99fc5c560 is pointing into metadata
stack at sp + 6 slots: 0x00007fe99e96adb0 is pointing into the stack for thread: 0x00007fe9e0409000
stack at sp + 7 slots: 0x00007fe99e96ad58 is pointing into the stack for thread: 0x00007fe9e0409000



---------------  P R O C E S S  ---------------

Threads class SMR info:
_java_thread_list=0x00007fe95c002e20, length=13, elements={
0x00007fe9e0028000, 0x00007fe9e02bc000, 0x00007fe9e02c0000, 0x00007fe9e02d8800,
0x00007fe9e02e1000, 0x00007fe9e02e3000, 0x00007fe9e02e5000, 0x00007fe9e02e7000,
0x00007fe9e0344000, 0x00007fe97807d000, 0x00007fe9e0407800, 0x00007fe9e0409000,
0x00007fe95c001800
}

Java Threads: ( => current thread )
  0x00007fe9e0028000 JavaThread "main" [_thread_blocked, id=164702, stack(0x00007fe9e7504000,0x00007fe9e7605000)]
  0x00007fe9e02bc000 JavaThread "Reference Handler" daemon [_thread_blocked, id=164709, stack(0x00007fe99f378000,0x00007fe99f479000)]
  0x00007fe9e02c0000 JavaThread "Finalizer" daemon [_thread_blocked, id=164710, stack(0x00007fe99f277000,0x00007fe99f378000)]
  0x00007fe9e02d8800 JavaThread "Signal Dispatcher" daemon [_thread_blocked, id=164711, stack(0x00007fe99f176000,0x00007fe99f277000)]
  0x00007fe9e02e1000 JavaThread "Service Thread" daemon [_thread_blocked, id=164712, stack(0x00007fe99f075000,0x00007fe99f176000)]
  0x00007fe9e02e3000 JavaThread "C2 CompilerThread0" daemon [_thread_blocked, id=164713, stack(0x00007fe99ef74000,0x00007fe99f075000)]
  0x00007fe9e02e5000 JavaThread "C1 CompilerThread0" daemon [_thread_blocked, id=164714, stack(0x00007fe99ee73000,0x00007fe99ef74000)]
  0x00007fe9e02e7000 JavaThread "Sweeper thread" daemon [_thread_blocked, id=164715, stack(0x00007fe99ed72000,0x00007fe99ee73000)]
  0x00007fe9e0344000 JavaThread "Common-Cleaner" daemon [_thread_blocked, id=164717, stack(0x00007fe99eb6f000,0x00007fe99ec70000)]
  0x00007fe97807d000 JavaThread "C1 CompilerThread1" daemon [_thread_blocked, id=164718, stack(0x00007fe99ea6e000,0x00007fe99eb6f000)]
  0x00007fe9e0407800 JavaThread "ForkJoinPool.commonPool-worker-51" daemon [_thread_blocked, id=164719, stack(0x00007fe99e96d000,0x00007fe99ea6e000)]
=>0x00007fe9e0409000 JavaThread "ForkJoinPool.commonPool-worker-37" daemon [_thread_in_Java, id=164720, stack(0x00007fe99e86c000,0x00007fe99e96d000)]
  0x00007fe95c001800 JavaThread "ForkJoinPool.commonPool-worker-23" daemon [_thread_in_Java, id=164721, stack(0x00007fe99e76b000,0x00007fe99e86c000)]

Other Threads:
  0x00007fe9e02b3000 VMThread "VM Thread" [stack: 0x00007fe99f47b000,0x00007fe99f57b000] [id=164708] _threads_hazard_ptr=0x00007fe95c002e20
  0x00007fe9e030d800 WatcherThread [stack: 0x00007fe99ec72000,0x00007fe99ed72000] [id=164716]
  0x00007fe9e0041000 GCTaskThread "GC Thread#0" [stack: 0x00007fe9e595c000,0x00007fe9e5a5c000] [id=164703]
  0x00007fe9e007f000 ConcurrentGCThread "G1 Main Marker" [stack: 0x00007fe9e40c5000,0x00007fe9e41c5000] [id=164704]
  0x00007fe9e0081000 ConcurrentGCThread "G1 Conc#0" [stack: 0x00007fe9d0c84000,0x00007fe9d0d84000] [id=164705]
  0x00007fe9e0248000 ConcurrentGCThread "G1 Refine#0" [stack: 0x00007fe99ff00000,0x00007fe9a0000000] [id=164706]
  0x00007fe9e024a000 ConcurrentGCThread "G1 Young RemSet Sampling" [stack: 0x00007fe99fdfe000,0x00007fe99fefe000] [id=164707]

Threads with active compile tasks:

VM state:synchronizing (normal execution)

VM Mutex/Monitor currently owned by a thread:  ([mutex/lock_event])
[0x00007fe9e0024790] Safepoint_lock - owner thread: 0x00007fe9e02b3000
[0x00007fe9e0024820] Threads_lock - owner thread: 0x00007fe9e02b3000

Heap address: 0x0000000413400000, size: 16076 MB, Compressed Oops mode: Zero based, Oop shift amount: 3
Narrow klass base: 0x0000000800000000, Narrow klass shift: 0
Compressed class space size: 1073741824 Address: 0x0000000800000000

Heap:
 garbage-first heap   total 1032192K, used 4096K [0x0000000413400000, 0x0000000800000000)
  region size 4096K, 2 young (8192K), 0 survivors (0K)
 Metaspace       used 7113K, capacity 7190K, committed 7424K, reserved 1056768K
  class space    used 647K, capacity 685K, committed 768K, reserved 1048576K
Heap Regions: E=young(eden), S=young(survivor), O=old, HS=humongous(starts), HC=humongous(continues), CS=collection set, F=free, A=archive, TAMS=top-at-mark-start (previous, next)
|   0|0x0000000413400000, 0x0000000413400000, 0x0000000413800000|  0%| F|  |TAMS 0x0000000413400000, 0x0000000413400000| Untracked 
|   1|0x0000000413800000, 0x0000000413800000, 0x0000000413c00000|  0%| F|  |TAMS 0x0000000413800000, 0x0000000413800000| Untracked 
|   2|0x0000000413c00000, 0x0000000413c00000, 0x0000000414000000|  0%| F|  |TAMS 0x0000000413c00000, 0x0000000413c00000| Untracked 
|   3|0x0000000414000000, 0x0000000414000000, 0x0000000414400000|  0%| F|  |TAMS 0x0000000414000000, 0x0000000414000000| Untracked 
|   4|0x0000000414400000, 0x0000000414400000, 0x0000000414800000|  0%| F|  |TAMS 0x0000000414400000, 0x0000000414400000| Untracked 
|   5|0x0000000414800000, 0x0000000414800000, 0x0000000414c00000|  0%| F|  |TAMS 0x0000000414800000, 0x0000000414800000| Untracked 
|   6|0x0000000414c00000, 0x0000000414c00000, 0x0000000415000000|  0%| F|  |TAMS 0x0000000414c00000, 0x0000000414c00000| Untracked 
|   7|0x0000000415000000, 0x0000000415000000, 0x0000000415400000|  0%| F|  |TAMS 0x0000000415000000, 0x0000000415000000| Untracked 
|   8|0x0000000415400000, 0x0000000415400000, 0x0000000415800000|  0%| F|  |TAMS 0x0000000415400000, 0x0000000415400000| Untracked 
|   9|0x0000000415800000, 0x0000000415800000, 0x0000000415c00000|  0%| F|  |TAMS 0x0000000415800000, 0x0000000415800000| Untracked 
|  10|0x0000000415c00000, 0x0000000415c00000, 0x0000000416000000|  0%| F|  |TAMS 0x0000000415c00000, 0x0000000415c00000| Untracked 
|  11|0x0000000416000000, 0x0000000416000000, 0x0000000416400000|  0%| F|  |TAMS 0x0000000416000000, 0x0000000416000000| Untracked 
|  12|0x0000000416400000, 0x0000000416400000, 0x0000000416800000|  0%| F|  |TAMS 0x0000000416400000, 0x0000000416400000| Untracked 
|  13|0x0000000416800000, 0x0000000416800000, 0x0000000416c00000|  0%| F|  |TAMS 0x0000000416800000, 0x0000000416800000| Untracked 
|  14|0x0000000416c00000, 0x0000000416c00000, 0x0000000417000000|  0%| F|  |TAMS 0x0000000416c00000, 0x0000000416c00000| Untracked 
|  15|0x0000000417000000, 0x0000000417000000, 0x0000000417400000|  0%| F|  |TAMS 0x0000000417000000, 0x0000000417000000| Untracked 
|  16|0x0000000417400000, 0x0000000417400000, 0x0000000417800000|  0%| F|  |TAMS 0x0000000417400000, 0x0000000417400000| Untracked 
|  17|0x0000000417800000, 0x0000000417800000, 0x0000000417c00000|  0%| F|  |TAMS 0x0000000417800000, 0x0000000417800000| Untracked 
|  18|0x0000000417c00000, 0x0000000417c00000, 0x0000000418000000|  0%| F|  |TAMS 0x0000000417c00000, 0x0000000417c00000| Untracked 
|  19|0x0000000418000000, 0x0000000418000000, 0x0000000418400000|  0%| F|  |TAMS 0x0000000418000000, 0x0000000418000000| Untracked 
|  20|0x0000000418400000, 0x0000000418400000, 0x0000000418800000|  0%| F|  |TAMS 0x0000000418400000, 0x0000000418400000| Untracked 
|  21|0x0000000418800000, 0x0000000418800000, 0x0000000418c00000|  0%| F|  |TAMS 0x0000000418800000, 0x0000000418800000| Untracked 
|  22|0x0000000418c00000, 0x0000000418c00000, 0x0000000419000000|  0%| F|  |TAMS 0x0000000418c00000, 0x0000000418c00000| Untracked 
|  23|0x0000000419000000, 0x0000000419000000, 0x0000000419400000|  0%| F|  |TAMS 0x0000000419000000, 0x0000000419000000| Untracked 
|  24|0x0000000419400000, 0x0000000419400000, 0x0000000419800000|  0%| F|  |TAMS 0x0000000419400000, 0x0000000419400000| Untracked 
|  25|0x0000000419800000, 0x0000000419800000, 0x0000000419c00000|  0%| F|  |TAMS 0x0000000419800000, 0x0000000419800000| Untracked 
|  26|0x0000000419c00000, 0x0000000419c00000, 0x000000041a000000|  0%| F|  |TAMS 0x0000000419c00000, 0x0000000419c00000| Untracked 
|  27|0x000000041a000000, 0x000000041a000000, 0x000000041a400000|  0%| F|  |TAMS 0x000000041a000000, 0x000000041a000000| Untracked 
|  28|0x000000041a400000, 0x000000041a400000, 0x000000041a800000|  0%| F|  |TAMS 0x000000041a400000, 0x000000041a400000| Untracked 
|  29|0x000000041a800000, 0x000000041a800000, 0x000000041ac00000|  0%| F|  |TAMS 0x000000041a800000, 0x000000041a800000| Untracked 
|  30|0x000000041ac00000, 0x000000041ac00000, 0x000000041b000000|  0%| F|  |TAMS 0x000000041ac00000, 0x000000041ac00000| Untracked 
|  31|0x000000041b000000, 0x000000041b000000, 0x000000041b400000|  0%| F|  |TAMS 0x000000041b000000, 0x000000041b000000| Untracked 
|  32|0x000000041b400000, 0x000000041b400000, 0x000000041b800000|  0%| F|  |TAMS 0x000000041b400000, 0x000000041b400000| Untracked 
|  33|0x000000041b800000, 0x000000041b800000, 0x000000041bc00000|  0%| F|  |TAMS 0x000000041b800000, 0x000000041b800000| Untracked 
|  34|0x000000041bc00000, 0x000000041bc00000, 0x000000041c000000|  0%| F|  |TAMS 0x000000041bc00000, 0x000000041bc00000| Untracked 
|  35|0x000000041c000000, 0x000000041c000000, 0x000000041c400000|  0%| F|  |TAMS 0x000000041c000000, 0x000000041c000000| Untracked 
|  36|0x000000041c400000, 0x000000041c400000, 0x000000041c800000|  0%| F|  |TAMS 0x000000041c400000, 0x000000041c400000| Untracked 
|  37|0x000000041c800000, 0x000000041c800000, 0x000000041cc00000|  0%| F|  |TAMS 0x000000041c800000, 0x000000041c800000| Untracked 
|  38|0x000000041cc00000, 0x000000041cc00000, 0x000000041d000000|  0%| F|  |TAMS 0x000000041cc00000, 0x000000041cc00000| Untracked 
|  39|0x000000041d000000, 0x000000041d000000, 0x000000041d400000|  0%| F|  |TAMS 0x000000041d000000, 0x000000041d000000| Untracked 
|  40|0x000000041d400000, 0x000000041d400000, 0x000000041d800000|  0%| F|  |TAMS 0x000000041d400000, 0x000000041d400000| Untracked 
|  41|0x000000041d800000, 0x000000041d800000, 0x000000041dc00000|  0%| F|  |TAMS 0x000000041d800000, 0x000000041d800000| Untracked 
|  42|0x000000041dc00000, 0x000000041dc00000, 0x000000041e000000|  0%| F|  |TAMS 0x000000041dc00000, 0x000000041dc00000| Untracked 
|  43|0x000000041e000000, 0x000000041e000000, 0x000000041e400000|  0%| F|  |TAMS 0x000000041e000000, 0x000000041e000000| Untracked 
|  44|0x000000041e400000, 0x000000041e400000, 0x000000041e800000|  0%| F|  |TAMS 0x000000041e400000, 0x000000041e400000| Untracked 
|  45|0x000000041e800000, 0x000000041e800000, 0x000000041ec00000|  0%| F|  |TAMS 0x000000041e800000, 0x000000041e800000| Untracked 
|  46|0x000000041ec00000, 0x000000041ec00000, 0x000000041f000000|  0%| F|  |TAMS 0x000000041ec00000, 0x000000041ec00000| Untracked 
|  47|0x000000041f000000, 0x000000041f000000, 0x000000041f400000|  0%| F|  |TAMS 0x000000041f000000, 0x000000041f000000| Untracked 
|  48|0x000000041f400000, 0x000000041f400000, 0x000000041f800000|  0%| F|  |TAMS 0x000000041f400000, 0x000000041f400000| Untracked 
|  49|0x000000041f800000, 0x000000041f800000, 0x000000041fc00000|  0%| F|  |TAMS 0x000000041f800000, 0x000000041f800000| Untracked 
|  50|0x000000041fc00000, 0x000000041fc00000, 0x0000000420000000|  0%| F|  |TAMS 0x000000041fc00000, 0x000000041fc00000| Untracked 
|  51|0x0000000420000000, 0x0000000420000000, 0x0000000420400000|  0%| F|  |TAMS 0x0000000420000000, 0x0000000420000000| Untracked 
|  52|0x0000000420400000, 0x0000000420400000, 0x0000000420800000|  0%| F|  |TAMS 0x0000000420400000, 0x0000000420400000| Untracked 
|  53|0x0000000420800000, 0x0000000420800000, 0x0000000420c00000|  0%| F|  |TAMS 0x0000000420800000, 0x0000000420800000| Untracked 
|  54|0x0000000420c00000, 0x0000000420c00000, 0x0000000421000000|  0%| F|  |TAMS 0x0000000420c00000, 0x0000000420c00000| Untracked 
|  55|0x0000000421000000, 0x0000000421000000, 0x0000000421400000|  0%| F|  |TAMS 0x0000000421000000, 0x0000000421000000| Untracked 
|  56|0x0000000421400000, 0x0000000421400000, 0x0000000421800000|  0%| F|  |TAMS 0x0000000421400000, 0x0000000421400000| Untracked 
|  57|0x0000000421800000, 0x0000000421800000, 0x0000000421c00000|  0%| F|  |TAMS 0x0000000421800000, 0x0000000421800000| Untracked 
|  58|0x0000000421c00000, 0x0000000421c00000, 0x0000000422000000|  0%| F|  |TAMS 0x0000000421c00000, 0x0000000421c00000| Untracked 
|  59|0x0000000422000000, 0x0000000422000000, 0x0000000422400000|  0%| F|  |TAMS 0x0000000422000000, 0x0000000422000000| Untracked 
|  60|0x0000000422400000, 0x0000000422400000, 0x0000000422800000|  0%| F|  |TAMS 0x0000000422400000, 0x0000000422400000| Untracked 
|  61|0x0000000422800000, 0x0000000422800000, 0x0000000422c00000|  0%| F|  |TAMS 0x0000000422800000, 0x0000000422800000| Untracked 
|  62|0x0000000422c00000, 0x0000000422c00000, 0x0000000423000000|  0%| F|  |TAMS 0x0000000422c00000, 0x0000000422c00000| Untracked 
|  63|0x0000000423000000, 0x0000000423000000, 0x0000000423400000|  0%| F|  |TAMS 0x0000000423000000, 0x0000000423000000| Untracked 
|  64|0x0000000423400000, 0x0000000423400000, 0x0000000423800000|  0%| F|  |TAMS 0x0000000423400000, 0x0000000423400000| Untracked 
|  65|0x0000000423800000, 0x0000000423800000, 0x0000000423c00000|  0%| F|  |TAMS 0x0000000423800000, 0x0000000423800000| Untracked 
|  66|0x0000000423c00000, 0x0000000423c00000, 0x0000000424000000|  0%| F|  |TAMS 0x0000000423c00000, 0x0000000423c00000| Untracked 
|  67|0x0000000424000000, 0x0000000424000000, 0x0000000424400000|  0%| F|  |TAMS 0x0000000424000000, 0x0000000424000000| Untracked 
|  68|0x0000000424400000, 0x0000000424400000, 0x0000000424800000|  0%| F|  |TAMS 0x0000000424400000, 0x0000000424400000| Untracked 
|  69|0x0000000424800000, 0x0000000424800000, 0x0000000424c00000|  0%| F|  |TAMS 0x0000000424800000, 0x0000000424800000| Untracked 
|  70|0x0000000424c00000, 0x0000000424c00000, 0x0000000425000000|  0%| F|  |TAMS 0x0000000424c00000, 0x0000000424c00000| Untracked 
|  71|0x0000000425000000, 0x0000000425000000, 0x0000000425400000|  0%| F|  |TAMS 0x0000000425000000, 0x0000000425000000| Untracked 
|  72|0x0000000425400000, 0x0000000425400000, 0x0000000425800000|  0%| F|  |TAMS 0x0000000425400000, 0x0000000425400000| Untracked 
|  73|0x0000000425800000, 0x0000000425800000, 0x0000000425c00000|  0%| F|  |TAMS 0x0000000425800000, 0x0000000425800000| Untracked 
|  74|0x0000000425c00000, 0x0000000425c00000, 0x0000000426000000|  0%| F|  |TAMS 0x0000000425c00000, 0x0000000425c00000| Untracked 
|  75|0x0000000426000000, 0x0000000426000000, 0x0000000426400000|  0%| F|  |TAMS 0x0000000426000000, 0x0000000426000000| Untracked 
|  76|0x0000000426400000, 0x0000000426400000, 0x0000000426800000|  0%| F|  |TAMS 0x0000000426400000, 0x0000000426400000| Untracked 
|  77|0x0000000426800000, 0x0000000426800000, 0x0000000426c00000|  0%| F|  |TAMS 0x0000000426800000, 0x0000000426800000| Untracked 
|  78|0x0000000426c00000, 0x0000000426c00000, 0x0000000427000000|  0%| F|  |TAMS 0x0000000426c00000, 0x0000000426c00000| Untracked 
|  79|0x0000000427000000, 0x0000000427000000, 0x0000000427400000|  0%| F|  |TAMS 0x0000000427000000, 0x0000000427000000| Untracked 
|  80|0x0000000427400000, 0x0000000427400000, 0x0000000427800000|  0%| F|  |TAMS 0x0000000427400000, 0x0000000427400000| Untracked 
|  81|0x0000000427800000, 0x0000000427800000, 0x0000000427c00000|  0%| F|  |TAMS 0x0000000427800000, 0x0000000427800000| Untracked 
|  82|0x0000000427c00000, 0x0000000427c00000, 0x0000000428000000|  0%| F|  |TAMS 0x0000000427c00000, 0x0000000427c00000| Untracked 
|  83|0x0000000428000000, 0x0000000428000000, 0x0000000428400000|  0%| F|  |TAMS 0x0000000428000000, 0x0000000428000000| Untracked 
|  84|0x0000000428400000, 0x0000000428400000, 0x0000000428800000|  0%| F|  |TAMS 0x0000000428400000, 0x0000000428400000| Untracked 
|  85|0x0000000428800000, 0x0000000428800000, 0x0000000428c00000|  0%| F|  |TAMS 0x0000000428800000, 0x0000000428800000| Untracked 
|  86|0x0000000428c00000, 0x0000000428c00000, 0x0000000429000000|  0%| F|  |TAMS 0x0000000428c00000, 0x0000000428c00000| Untracked 
|  87|0x0000000429000000, 0x0000000429000000, 0x0000000429400000|  0%| F|  |TAMS 0x0000000429000000, 0x0000000429000000| Untracked 
|  88|0x0000000429400000, 0x0000000429400000, 0x0000000429800000|  0%| F|  |TAMS 0x0000000429400000, 0x0000000429400000| Untracked 
|  89|0x0000000429800000, 0x0000000429800000, 0x0000000429c00000|  0%| F|  |TAMS 0x0000000429800000, 0x0000000429800000| Untracked 
|  90|0x0000000429c00000, 0x0000000429c00000, 0x000000042a000000|  0%| F|  |TAMS 0x0000000429c00000, 0x0000000429c00000| Untracked 
|  91|0x000000042a000000, 0x000000042a000000, 0x000000042a400000|  0%| F|  |TAMS 0x000000042a000000, 0x000000042a000000| Untracked 
|  92|0x000000042a400000, 0x000000042a400000, 0x000000042a800000|  0%| F|  |TAMS 0x000000042a400000, 0x000000042a400000| Untracked 
|  93|0x000000042a800000, 0x000000042a800000, 0x000000042ac00000|  0%| F|  |TAMS 0x000000042a800000, 0x000000042a800000| Untracked 
|  94|0x000000042ac00000, 0x000000042ac00000, 0x000000042b000000|  0%| F|  |TAMS 0x000000042ac00000, 0x000000042ac00000| Untracked 
|  95|0x000000042b000000, 0x000000042b000000, 0x000000042b400000|  0%| F|  |TAMS 0x000000042b000000, 0x000000042b000000| Untracked 
|  96|0x000000042b400000, 0x000000042b400000, 0x000000042b800000|  0%| F|  |TAMS 0x000000042b400000, 0x000000042b400000| Untracked 
|  97|0x000000042b800000, 0x000000042b800000, 0x000000042bc00000|  0%| F|  |TAMS 0x000000042b800000, 0x000000042b800000| Untracked 
|  98|0x000000042bc00000, 0x000000042bc00000, 0x000000042c000000|  0%| F|  |TAMS 0x000000042bc00000, 0x000000042bc00000| Untracked 
|  99|0x000000042c000000, 0x000000042c000000, 0x000000042c400000|  0%| F|  |TAMS 0x000000042c000000, 0x000000042c000000| Untracked 
| 100|0x000000042c400000, 0x000000042c400000, 0x000000042c800000|  0%| F|  |TAMS 0x000000042c400000, 0x000000042c400000| Untracked 
| 101|0x000000042c800000, 0x000000042c800000, 0x000000042cc00000|  0%| F|  |TAMS 0x000000042c800000, 0x000000042c800000| Untracked 
| 102|0x000000042cc00000, 0x000000042cc00000, 0x000000042d000000|  0%| F|  |TAMS 0x000000042cc00000, 0x000000042cc00000| Untracked 
| 103|0x000000042d000000, 0x000000042d000000, 0x000000042d400000|  0%| F|  |TAMS 0x000000042d000000, 0x000000042d000000| Untracked 
| 104|0x000000042d400000, 0x000000042d400000, 0x000000042d800000|  0%| F|  |TAMS 0x000000042d400000, 0x000000042d400000| Untracked 
| 105|0x000000042d800000, 0x000000042d800000, 0x000000042dc00000|  0%| F|  |TAMS 0x000000042d800000, 0x000000042d800000| Untracked 
| 106|0x000000042dc00000, 0x000000042dc00000, 0x000000042e000000|  0%| F|  |TAMS 0x000000042dc00000, 0x000000042dc00000| Untracked 
| 107|0x000000042e000000, 0x000000042e000000, 0x000000042e400000|  0%| F|  |TAMS 0x000000042e000000, 0x000000042e000000| Untracked 
| 108|0x000000042e400000, 0x000000042e400000, 0x000000042e800000|  0%| F|  |TAMS 0x000000042e400000, 0x000000042e400000| Untracked 
| 109|0x000000042e800000, 0x000000042e800000, 0x000000042ec00000|  0%| F|  |TAMS 0x000000042e800000, 0x000000042e800000| Untracked 
| 110|0x000000042ec00000, 0x000000042ec00000, 0x000000042f000000|  0%| F|  |TAMS 0x000000042ec00000, 0x000000042ec00000| Untracked 
| 111|0x000000042f000000, 0x000000042f000000, 0x000000042f400000|  0%| F|  |TAMS 0x000000042f000000, 0x000000042f000000| Untracked 
| 112|0x000000042f400000, 0x000000042f400000, 0x000000042f800000|  0%| F|  |TAMS 0x000000042f400000, 0x000000042f400000| Untracked 
| 113|0x000000042f800000, 0x000000042f800000, 0x000000042fc00000|  0%| F|  |TAMS 0x000000042f800000, 0x000000042f800000| Untracked 
| 114|0x000000042fc00000, 0x000000042fc00000, 0x0000000430000000|  0%| F|  |TAMS 0x000000042fc00000, 0x000000042fc00000| Untracked 
| 115|0x0000000430000000, 0x0000000430000000, 0x0000000430400000|  0%| F|  |TAMS 0x0000000430000000, 0x0000000430000000| Untracked 
| 116|0x0000000430400000, 0x0000000430400000, 0x0000000430800000|  0%| F|  |TAMS 0x0000000430400000, 0x0000000430400000| Untracked 
| 117|0x0000000430800000, 0x0000000430800000, 0x0000000430c00000|  0%| F|  |TAMS 0x0000000430800000, 0x0000000430800000| Untracked 
| 118|0x0000000430c00000, 0x0000000430c00000, 0x0000000431000000|  0%| F|  |TAMS 0x0000000430c00000, 0x0000000430c00000| Untracked 
| 119|0x0000000431000000, 0x0000000431000000, 0x0000000431400000|  0%| F|  |TAMS 0x0000000431000000, 0x0000000431000000| Untracked 
| 120|0x0000000431400000, 0x0000000431400000, 0x0000000431800000|  0%| F|  |TAMS 0x0000000431400000, 0x0000000431400000| Untracked 
| 121|0x0000000431800000, 0x0000000431800000, 0x0000000431c00000|  0%| F|  |TAMS 0x0000000431800000, 0x0000000431800000| Untracked 
| 122|0x0000000431c00000, 0x0000000431c00000, 0x0000000432000000|  0%| F|  |TAMS 0x0000000431c00000, 0x0000000431c00000| Untracked 
| 123|0x0000000432000000, 0x0000000432000000, 0x0000000432400000|  0%| F|  |TAMS 0x0000000432000000, 0x0000000432000000| Untracked 
| 124|0x0000000432400000, 0x0000000432400000, 0x0000000432800000|  0%| F|  |TAMS 0x0000000432400000, 0x0000000432400000| Untracked 
| 125|0x0000000432800000, 0x0000000432800000, 0x0000000432c00000|  0%| F|  |TAMS 0x0000000432800000, 0x0000000432800000| Untracked 
| 126|0x0000000432c00000, 0x0000000432c00000, 0x0000000433000000|  0%| F|  |TAMS 0x0000000432c00000, 0x0000000432c00000| Untracked 
| 127|0x0000000433000000, 0x0000000433000000, 0x0000000433400000|  0%| F|  |TAMS 0x0000000433000000, 0x0000000433000000| Untracked 
| 128|0x0000000433400000, 0x0000000433400000, 0x0000000433800000|  0%| F|  |TAMS 0x0000000433400000, 0x0000000433400000| Untracked 
| 129|0x0000000433800000, 0x0000000433800000, 0x0000000433c00000|  0%| F|  |TAMS 0x0000000433800000, 0x0000000433800000| Untracked 
| 130|0x0000000433c00000, 0x0000000433c00000, 0x0000000434000000|  0%| F|  |TAMS 0x0000000433c00000, 0x0000000433c00000| Untracked 
| 131|0x0000000434000000, 0x0000000434000000, 0x0000000434400000|  0%| F|  |TAMS 0x0000000434000000, 0x0000000434000000| Untracked 
| 132|0x0000000434400000, 0x0000000434400000, 0x0000000434800000|  0%| F|  |TAMS 0x0000000434400000, 0x0000000434400000| Untracked 
| 133|0x0000000434800000, 0x0000000434800000, 0x0000000434c00000|  0%| F|  |TAMS 0x0000000434800000, 0x0000000434800000| Untracked 
| 134|0x0000000434c00000, 0x0000000434c00000, 0x0000000435000000|  0%| F|  |TAMS 0x0000000434c00000, 0x0000000434c00000| Untracked 
| 135|0x0000000435000000, 0x0000000435000000, 0x0000000435400000|  0%| F|  |TAMS 0x0000000435000000, 0x0000000435000000| Untracked 
| 136|0x0000000435400000, 0x0000000435400000, 0x0000000435800000|  0%| F|  |TAMS 0x0000000435400000, 0x0000000435400000| Untracked 
| 137|0x0000000435800000, 0x0000000435800000, 0x0000000435c00000|  0%| F|  |TAMS 0x0000000435800000, 0x0000000435800000| Untracked 
| 138|0x0000000435c00000, 0x0000000435c00000, 0x0000000436000000|  0%| F|  |TAMS 0x0000000435c00000, 0x0000000435c00000| Untracked 
| 139|0x0000000436000000, 0x0000000436000000, 0x0000000436400000|  0%| F|  |TAMS 0x0000000436000000, 0x0000000436000000| Untracked 
| 140|0x0000000436400000, 0x0000000436400000, 0x0000000436800000|  0%| F|  |TAMS 0x0000000436400000, 0x0000000436400000| Untracked 
| 141|0x0000000436800000, 0x0000000436800000, 0x0000000436c00000|  0%| F|  |TAMS 0x0000000436800000, 0x0000000436800000| Untracked 
| 142|0x0000000436c00000, 0x0000000436c00000, 0x0000000437000000|  0%| F|  |TAMS 0x0000000436c00000, 0x0000000436c00000| Untracked 
| 143|0x0000000437000000, 0x0000000437000000, 0x0000000437400000|  0%| F|  |TAMS 0x0000000437000000, 0x0000000437000000| Untracked 
| 144|0x0000000437400000, 0x0000000437400000, 0x0000000437800000|  0%| F|  |TAMS 0x0000000437400000, 0x0000000437400000| Untracked 
| 145|0x0000000437800000, 0x0000000437800000, 0x0000000437c00000|  0%| F|  |TAMS 0x0000000437800000, 0x0000000437800000| Untracked 
| 146|0x0000000437c00000, 0x0000000437c00000, 0x0000000438000000|  0%| F|  |TAMS 0x0000000437c00000, 0x0000000437c00000| Untracked 
| 147|0x0000000438000000, 0x0000000438000000, 0x0000000438400000|  0%| F|  |TAMS 0x0000000438000000, 0x0000000438000000| Untracked 
| 148|0x0000000438400000, 0x0000000438400000, 0x0000000438800000|  0%| F|  |TAMS 0x0000000438400000, 0x0000000438400000| Untracked 
| 149|0x0000000438800000, 0x0000000438800000, 0x0000000438c00000|  0%| F|  |TAMS 0x0000000438800000, 0x0000000438800000| Untracked 
| 150|0x0000000438c00000, 0x0000000438c00000, 0x0000000439000000|  0%| F|  |TAMS 0x0000000438c00000, 0x0000000438c00000| Untracked 
| 151|0x0000000439000000, 0x0000000439000000, 0x0000000439400000|  0%| F|  |TAMS 0x0000000439000000, 0x0000000439000000| Untracked 
| 152|0x0000000439400000, 0x0000000439400000, 0x0000000439800000|  0%| F|  |TAMS 0x0000000439400000, 0x0000000439400000| Untracked 
| 153|0x0000000439800000, 0x0000000439800000, 0x0000000439c00000|  0%| F|  |TAMS 0x0000000439800000, 0x0000000439800000| Untracked 
| 154|0x0000000439c00000, 0x0000000439c00000, 0x000000043a000000|  0%| F|  |TAMS 0x0000000439c00000, 0x0000000439c00000| Untracked 
| 155|0x000000043a000000, 0x000000043a000000, 0x000000043a400000|  0%| F|  |TAMS 0x000000043a000000, 0x000000043a000000| Untracked 
| 156|0x000000043a400000, 0x000000043a400000, 0x000000043a800000|  0%| F|  |TAMS 0x000000043a400000, 0x000000043a400000| Untracked 
| 157|0x000000043a800000, 0x000000043a800000, 0x000000043ac00000|  0%| F|  |TAMS 0x000000043a800000, 0x000000043a800000| Untracked 
| 158|0x000000043ac00000, 0x000000043ac00000, 0x000000043b000000|  0%| F|  |TAMS 0x000000043ac00000, 0x000000043ac00000| Untracked 
| 159|0x000000043b000000, 0x000000043b000000, 0x000000043b400000|  0%| F|  |TAMS 0x000000043b000000, 0x000000043b000000| Untracked 
| 160|0x000000043b400000, 0x000000043b400000, 0x000000043b800000|  0%| F|  |TAMS 0x000000043b400000, 0x000000043b400000| Untracked 
| 161|0x000000043b800000, 0x000000043b800000, 0x000000043bc00000|  0%| F|  |TAMS 0x000000043b800000, 0x000000043b800000| Untracked 
| 162|0x000000043bc00000, 0x000000043bc00000, 0x000000043c000000|  0%| F|  |TAMS 0x000000043bc00000, 0x000000043bc00000| Untracked 
| 163|0x000000043c000000, 0x000000043c000000, 0x000000043c400000|  0%| F|  |TAMS 0x000000043c000000, 0x000000043c000000| Untracked 
| 164|0x000000043c400000, 0x000000043c400000, 0x000000043c800000|  0%| F|  |TAMS 0x000000043c400000, 0x000000043c400000| Untracked 
| 165|0x000000043c800000, 0x000000043c800000, 0x000000043cc00000|  0%| F|  |TAMS 0x000000043c800000, 0x000000043c800000| Untracked 
| 166|0x000000043cc00000, 0x000000043cc00000, 0x000000043d000000|  0%| F|  |TAMS 0x000000043cc00000, 0x000000043cc00000| Untracked 
| 167|0x000000043d000000, 0x000000043d000000, 0x000000043d400000|  0%| F|  |TAMS 0x000000043d000000, 0x000000043d000000| Untracked 
| 168|0x000000043d400000, 0x000000043d400000, 0x000000043d800000|  0%| F|  |TAMS 0x000000043d400000, 0x000000043d400000| Untracked 
| 169|0x000000043d800000, 0x000000043d800000, 0x000000043dc00000|  0%| F|  |TAMS 0x000000043d800000, 0x000000043d800000| Untracked 
| 170|0x000000043dc00000, 0x000000043dc00000, 0x000000043e000000|  0%| F|  |TAMS 0x000000043dc00000, 0x000000043dc00000| Untracked 
| 171|0x000000043e000000, 0x000000043e000000, 0x000000043e400000|  0%| F|  |TAMS 0x000000043e000000, 0x000000043e000000| Untracked 
| 172|0x000000043e400000, 0x000000043e400000, 0x000000043e800000|  0%| F|  |TAMS 0x000000043e400000, 0x000000043e400000| Untracked 
| 173|0x000000043e800000, 0x000000043e800000, 0x000000043ec00000|  0%| F|  |TAMS 0x000000043e800000, 0x000000043e800000| Untracked 
| 174|0x000000043ec00000, 0x000000043ec00000, 0x000000043f000000|  0%| F|  |TAMS 0x000000043ec00000, 0x000000043ec00000| Untracked 
| 175|0x000000043f000000, 0x000000043f000000, 0x000000043f400000|  0%| F|  |TAMS 0x000000043f000000, 0x000000043f000000| Untracked 
| 176|0x000000043f400000, 0x000000043f400000, 0x000000043f800000|  0%| F|  |TAMS 0x000000043f400000, 0x000000043f400000| Untracked 
| 177|0x000000043f800000, 0x000000043f800000, 0x000000043fc00000|  0%| F|  |TAMS 0x000000043f800000, 0x000000043f800000| Untracked 
| 178|0x000000043fc00000, 0x000000043fc00000, 0x0000000440000000|  0%| F|  |TAMS 0x000000043fc00000, 0x000000043fc00000| Untracked 
| 179|0x0000000440000000, 0x0000000440000000, 0x0000000440400000|  0%| F|  |TAMS 0x0000000440000000, 0x0000000440000000| Untracked 
| 180|0x0000000440400000, 0x0000000440400000, 0x0000000440800000|  0%| F|  |TAMS 0x0000000440400000, 0x0000000440400000| Untracked 
| 181|0x0000000440800000, 0x0000000440800000, 0x0000000440c00000|  0%| F|  |TAMS 0x0000000440800000, 0x0000000440800000| Untracked 
| 182|0x0000000440c00000, 0x0000000440c00000, 0x0000000441000000|  0%| F|  |TAMS 0x0000000440c00000, 0x0000000440c00000| Untracked 
| 183|0x0000000441000000, 0x0000000441000000, 0x0000000441400000|  0%| F|  |TAMS 0x0000000441000000, 0x0000000441000000| Untracked 
| 184|0x0000000441400000, 0x0000000441400000, 0x0000000441800000|  0%| F|  |TAMS 0x0000000441400000, 0x0000000441400000| Untracked 
| 185|0x0000000441800000, 0x0000000441800000, 0x0000000441c00000|  0%| F|  |TAMS 0x0000000441800000, 0x0000000441800000| Untracked 
| 186|0x0000000441c00000, 0x0000000441c00000, 0x0000000442000000|  0%| F|  |TAMS 0x0000000441c00000, 0x0000000441c00000| Untracked 
| 187|0x0000000442000000, 0x0000000442000000, 0x0000000442400000|  0%| F|  |TAMS 0x0000000442000000, 0x0000000442000000| Untracked 
| 188|0x0000000442400000, 0x0000000442400000, 0x0000000442800000|  0%| F|  |TAMS 0x0000000442400000, 0x0000000442400000| Untracked 
| 189|0x0000000442800000, 0x0000000442800000, 0x0000000442c00000|  0%| F|  |TAMS 0x0000000442800000, 0x0000000442800000| Untracked 
| 190|0x0000000442c00000, 0x0000000442c00000, 0x0000000443000000|  0%| F|  |TAMS 0x0000000442c00000, 0x0000000442c00000| Untracked 
| 191|0x0000000443000000, 0x0000000443000000, 0x0000000443400000|  0%| F|  |TAMS 0x0000000443000000, 0x0000000443000000| Untracked 
| 192|0x0000000443400000, 0x0000000443400000, 0x0000000443800000|  0%| F|  |TAMS 0x0000000443400000, 0x0000000443400000| Untracked 
| 193|0x0000000443800000, 0x0000000443800000, 0x0000000443c00000|  0%| F|  |TAMS 0x0000000443800000, 0x0000000443800000| Untracked 
| 194|0x0000000443c00000, 0x0000000443c00000, 0x0000000444000000|  0%| F|  |TAMS 0x0000000443c00000, 0x0000000443c00000| Untracked 
| 195|0x0000000444000000, 0x0000000444000000, 0x0000000444400000|  0%| F|  |TAMS 0x0000000444000000, 0x0000000444000000| Untracked 
| 196|0x0000000444400000, 0x0000000444400000, 0x0000000444800000|  0%| F|  |TAMS 0x0000000444400000, 0x0000000444400000| Untracked 
| 197|0x0000000444800000, 0x0000000444800000, 0x0000000444c00000|  0%| F|  |TAMS 0x0000000444800000, 0x0000000444800000| Untracked 
| 198|0x0000000444c00000, 0x0000000444c00000, 0x0000000445000000|  0%| F|  |TAMS 0x0000000444c00000, 0x0000000444c00000| Untracked 
| 199|0x0000000445000000, 0x0000000445000000, 0x0000000445400000|  0%| F|  |TAMS 0x0000000445000000, 0x0000000445000000| Untracked 
| 200|0x0000000445400000, 0x0000000445400000, 0x0000000445800000|  0%| F|  |TAMS 0x0000000445400000, 0x0000000445400000| Untracked 
| 201|0x0000000445800000, 0x0000000445800000, 0x0000000445c00000|  0%| F|  |TAMS 0x0000000445800000, 0x0000000445800000| Untracked 
| 202|0x0000000445c00000, 0x0000000445c00000, 0x0000000446000000|  0%| F|  |TAMS 0x0000000445c00000, 0x0000000445c00000| Untracked 
| 203|0x0000000446000000, 0x0000000446000000, 0x0000000446400000|  0%| F|  |TAMS 0x0000000446000000, 0x0000000446000000| Untracked 
| 204|0x0000000446400000, 0x0000000446400000, 0x0000000446800000|  0%| F|  |TAMS 0x0000000446400000, 0x0000000446400000| Untracked 
| 205|0x0000000446800000, 0x0000000446800000, 0x0000000446c00000|  0%| F|  |TAMS 0x0000000446800000, 0x0000000446800000| Untracked 
| 206|0x0000000446c00000, 0x0000000446c00000, 0x0000000447000000|  0%| F|  |TAMS 0x0000000446c00000, 0x0000000446c00000| Untracked 
| 207|0x0000000447000000, 0x0000000447000000, 0x0000000447400000|  0%| F|  |TAMS 0x0000000447000000, 0x0000000447000000| Untracked 
| 208|0x0000000447400000, 0x0000000447400000, 0x0000000447800000|  0%| F|  |TAMS 0x0000000447400000, 0x0000000447400000| Untracked 
| 209|0x0000000447800000, 0x0000000447800000, 0x0000000447c00000|  0%| F|  |TAMS 0x0000000447800000, 0x0000000447800000| Untracked 
| 210|0x0000000447c00000, 0x0000000447c00000, 0x0000000448000000|  0%| F|  |TAMS 0x0000000447c00000, 0x0000000447c00000| Untracked 
| 211|0x0000000448000000, 0x0000000448000000, 0x0000000448400000|  0%| F|  |TAMS 0x0000000448000000, 0x0000000448000000| Untracked 
| 212|0x0000000448400000, 0x0000000448400000, 0x0000000448800000|  0%| F|  |TAMS 0x0000000448400000, 0x0000000448400000| Untracked 
| 213|0x0000000448800000, 0x0000000448800000, 0x0000000448c00000|  0%| F|  |TAMS 0x0000000448800000, 0x0000000448800000| Untracked 
| 214|0x0000000448c00000, 0x0000000448c00000, 0x0000000449000000|  0%| F|  |TAMS 0x0000000448c00000, 0x0000000448c00000| Untracked 
| 215|0x0000000449000000, 0x0000000449000000, 0x0000000449400000|  0%| F|  |TAMS 0x0000000449000000, 0x0000000449000000| Untracked 
| 216|0x0000000449400000, 0x0000000449400000, 0x0000000449800000|  0%| F|  |TAMS 0x0000000449400000, 0x0000000449400000| Untracked 
| 217|0x0000000449800000, 0x0000000449800000, 0x0000000449c00000|  0%| F|  |TAMS 0x0000000449800000, 0x0000000449800000| Untracked 
| 218|0x0000000449c00000, 0x0000000449c00000, 0x000000044a000000|  0%| F|  |TAMS 0x0000000449c00000, 0x0000000449c00000| Untracked 
| 219|0x000000044a000000, 0x000000044a000000, 0x000000044a400000|  0%| F|  |TAMS 0x000000044a000000, 0x000000044a000000| Untracked 
| 220|0x000000044a400000, 0x000000044a400000, 0x000000044a800000|  0%| F|  |TAMS 0x000000044a400000, 0x000000044a400000| Untracked 
| 221|0x000000044a800000, 0x000000044a800000, 0x000000044ac00000|  0%| F|  |TAMS 0x000000044a800000, 0x000000044a800000| Untracked 
| 222|0x000000044ac00000, 0x000000044ac00000, 0x000000044b000000|  0%| F|  |TAMS 0x000000044ac00000, 0x000000044ac00000| Untracked 
| 223|0x000000044b000000, 0x000000044b000000, 0x000000044b400000|  0%| F|  |TAMS 0x000000044b000000, 0x000000044b000000| Untracked 
| 224|0x000000044b400000, 0x000000044b400000, 0x000000044b800000|  0%| F|  |TAMS 0x000000044b400000, 0x000000044b400000| Untracked 
| 225|0x000000044b800000, 0x000000044b800000, 0x000000044bc00000|  0%| F|  |TAMS 0x000000044b800000, 0x000000044b800000| Untracked 
| 226|0x000000044bc00000, 0x000000044bc00000, 0x000000044c000000|  0%| F|  |TAMS 0x000000044bc00000, 0x000000044bc00000| Untracked 
| 227|0x000000044c000000, 0x000000044c000000, 0x000000044c400000|  0%| F|  |TAMS 0x000000044c000000, 0x000000044c000000| Untracked 
| 228|0x000000044c400000, 0x000000044c400000, 0x000000044c800000|  0%| F|  |TAMS 0x000000044c400000, 0x000000044c400000| Untracked 
| 229|0x000000044c800000, 0x000000044c800000, 0x000000044cc00000|  0%| F|  |TAMS 0x000000044c800000, 0x000000044c800000| Untracked 
| 230|0x000000044cc00000, 0x000000044cc00000, 0x000000044d000000|  0%| F|  |TAMS 0x000000044cc00000, 0x000000044cc00000| Untracked 
| 231|0x000000044d000000, 0x000000044d000000, 0x000000044d400000|  0%| F|  |TAMS 0x000000044d000000, 0x000000044d000000| Untracked 
| 232|0x000000044d400000, 0x000000044d400000, 0x000000044d800000|  0%| F|  |TAMS 0x000000044d400000, 0x000000044d400000| Untracked 
| 233|0x000000044d800000, 0x000000044d800000, 0x000000044dc00000|  0%| F|  |TAMS 0x000000044d800000, 0x000000044d800000| Untracked 
| 234|0x000000044dc00000, 0x000000044dc00000, 0x000000044e000000|  0%| F|  |TAMS 0x000000044dc00000, 0x000000044dc00000| Untracked 
| 235|0x000000044e000000, 0x000000044e000000, 0x000000044e400000|  0%| F|  |TAMS 0x000000044e000000, 0x000000044e000000| Untracked 
| 236|0x000000044e400000, 0x000000044e400000, 0x000000044e800000|  0%| F|  |TAMS 0x000000044e400000, 0x000000044e400000| Untracked 
| 237|0x000000044e800000, 0x000000044e800000, 0x000000044ec00000|  0%| F|  |TAMS 0x000000044e800000, 0x000000044e800000| Untracked 
| 238|0x000000044ec00000, 0x000000044ec00000, 0x000000044f000000|  0%| F|  |TAMS 0x000000044ec00000, 0x000000044ec00000| Untracked 
| 239|0x000000044f000000, 0x000000044f000000, 0x000000044f400000|  0%| F|  |TAMS 0x000000044f000000, 0x000000044f000000| Untracked 
| 240|0x000000044f400000, 0x000000044f400000, 0x000000044f800000|  0%| F|  |TAMS 0x000000044f400000, 0x000000044f400000| Untracked 
| 241|0x000000044f800000, 0x000000044f800000, 0x000000044fc00000|  0%| F|  |TAMS 0x000000044f800000, 0x000000044f800000| Untracked 
| 242|0x000000044fc00000, 0x000000044fc00000, 0x0000000450000000|  0%| F|  |TAMS 0x000000044fc00000, 0x000000044fc00000| Untracked 
| 243|0x0000000450000000, 0x0000000450000000, 0x0000000450400000|  0%| F|  |TAMS 0x0000000450000000, 0x0000000450000000| Untracked 
| 244|0x0000000450400000, 0x0000000450400000, 0x0000000450800000|  0%| F|  |TAMS 0x0000000450400000, 0x0000000450400000| Untracked 
| 245|0x0000000450800000, 0x0000000450800000, 0x0000000450c00000|  0%| F|  |TAMS 0x0000000450800000, 0x0000000450800000| Untracked 
| 246|0x0000000450c00000, 0x0000000450c00000, 0x0000000451000000|  0%| F|  |TAMS 0x0000000450c00000, 0x0000000450c00000| Untracked 
| 247|0x0000000451000000, 0x0000000451000000, 0x0000000451400000|  0%| F|  |TAMS 0x0000000451000000, 0x0000000451000000| Untracked 
| 248|0x0000000451400000, 0x0000000451400000, 0x0000000451800000|  0%| F|  |TAMS 0x0000000451400000, 0x0000000451400000| Untracked 
| 249|0x0000000451800000, 0x0000000451800000, 0x0000000451c00000|  0%| F|  |TAMS 0x0000000451800000, 0x0000000451800000| Untracked 
| 250|0x0000000451c00000, 0x0000000452000000, 0x0000000452000000|100%| E|  |TAMS 0x0000000451c00000, 0x0000000451c00000| Complete 
| 251|0x0000000452000000, 0x0000000452400000, 0x0000000452400000|100%| E|CS|TAMS 0x0000000452000000, 0x0000000452000000| Complete 

Card table byte_map: [0x00007fe9c8134000,0x00007fe9ca09a000] _byte_map_base: 0x00007fe9c609a000

Marking Bits (Prev, Next): (CMBitMap*) 0x00007fe9e006e718, (CMBitMap*) 0x00007fe9e006e750
 Prev Bits: [0x00007fe9b669e000, 0x00007fe9c61ce000)
 Next Bits: [0x00007fe9a6b6e000, 0x00007fe9b669e000)

Polling page: 0x00007fe9e8b87000

Metaspace:

Usage:
  Non-class:      6.35 MB capacity,     6.31 MB (>99%) used,    31.01 KB ( <1%) free+waste,     7.75 KB ( <1%) overhead. 
      Class:    685.00 KB capacity,   647.03 KB ( 94%) used,    32.97 KB (  5%) free+waste,     5.00 KB ( <1%) overhead. 
       Both:      7.02 MB capacity,     6.95 MB ( 99%) used,    63.98 KB ( <1%) free+waste,    12.75 KB ( <1%) overhead. 

Virtual space:
  Non-class space:        8.00 MB reserved,       6.50 MB ( 81%) committed 
      Class space:        1.00 GB reserved,     768.00 KB ( <1%) committed 
             Both:        1.01 GB reserved,       7.25 MB ( <1%) committed 

Chunk freelists:
   Non-Class:  39.00 KB
       Class:  19.00 KB
        Both:  58.00 KB

MaxMetaspaceSize: unlimited
CompressedClassSpaceSize: 1.00 GB
Initial GC threshold: 20.80 MB
Current GC threshold: 20.80 MB
CDS: off

CodeHeap 'non-profiled nmethods': size=118884Kb used=76Kb max_used=76Kb free=118807Kb
 bounds [0x00007fe9d8be7000, 0x00007fe9d8e57000, 0x00007fe9e0000000]
CodeHeap 'profiled nmethods': size=118884Kb used=518Kb max_used=518Kb free=118365Kb
 bounds [0x00007fe9d17ce000, 0x00007fe9d1a3e000, 0x00007fe9d8be7000]
CodeHeap 'non-nmethods': size=7992Kb used=1648Kb max_used=1655Kb free=6343Kb
 bounds [0x00007fe9d1000000, 0x00007fe9d1270000, 0x00007fe9d17ce000]
 total_blobs=638 nmethods=308 adapters=244
 compilation: enabled
              stopped_count=0, restarted_count=0
 full_count=0

Compilation events (20 events):
Event: 0.317 Thread 0x00007fe9e02e5000  292       3       jdk.internal.org.objectweb.asm.MethodWriter::visitMethodInsn (228 bytes)
Event: 0.317 Thread 0x00007fe97807d000 nmethod 290 0x00007fe9d1849610 code [0x00007fe9d18498a0, 0x00007fe9d184a1a0]
Event: 0.317 Thread 0x00007fe97807d000  293       3       jdk.internal.org.objectweb.asm.ClassWriter::newMethodItem (91 bytes)
Event: 0.318 Thread 0x00007fe9e02e3000 nmethod 291 0x00007fe9d8bf8990 code [0x00007fe9d8bf8b20, 0x00007fe9d8bf8bb8]
Event: 0.318 Thread 0x00007fe97807d000 nmethod 293 0x00007fe9d184a510 code [0x00007fe9d184a760, 0x00007fe9d184ad10]
Event: 0.318 Thread 0x00007fe97807d000  297       3       java.lang.invoke.LambdaForm::parameterType (9 bytes)
Event: 0.318 Thread 0x00007fe9e02e5000 nmethod 292 0x00007fe9d184b090 code [0x00007fe9d184b2c0, 0x00007fe9d184b8e0]
Event: 0.318 Thread 0x00007fe9e02e5000  296       3       java.lang.invoke.MemberName::getName (25 bytes)
Event: 0.319 Thread 0x00007fe97807d000 nmethod 297 0x00007fe9d184bb90 code [0x00007fe9d184bd40, 0x00007fe9d184be80]
Event: 0.319 Thread 0x00007fe97807d000  298       3       jdk.internal.org.objectweb.asm.Frame::<init> (5 bytes)
Event: 0.319 Thread 0x00007fe97807d000 nmethod 298 0x00007fe9d184bf90 code [0x00007fe9d184c140, 0x00007fe9d184c290]
Event: 0.319 Thread 0x00007fe9e02e5000 nmethod 296 0x00007fe9d184c390 code [0x00007fe9d184c560, 0x00007fe9d184c8e0]
Event: 0.320 Thread 0x00007fe97807d000  299       3       java.lang.invoke.MethodHandles$Lookup::lookupClassOrNull (17 bytes)
Event: 0.320 Thread 0x00007fe97807d000 nmethod 299 0x00007fe9d184ca10 code [0x00007fe9d184cbc0, 0x00007fe9d184cd30]
Event: 0.320 Thread 0x00007fe97807d000  300       3       jdk.internal.org.objectweb.asm.ClassWriter::newNameTypeItem (71 bytes)
Event: 0.320 Thread 0x00007fe97807d000 nmethod 300 0x00007fe9d184cd90 code [0x00007fe9d184cfc0, 0x00007fe9d184d410]
Event: 0.323 Thread 0x00007fe9e02e5000  301   !   3       java.lang.invoke.MemberName::getFieldType (177 bytes)
Event: 0.325 Thread 0x00007fe97807d000  302       1       java.lang.reflect.Method::getName (5 bytes)
Event: 0.325 Thread 0x00007fe97807d000 nmethod 302 0x00007fe9d8bf8c90 code [0x00007fe9d8bf8e40, 0x00007fe9d8bf8ef0]
Event: 0.325 Thread 0x00007fe9e02e5000 nmethod 301 0x00007fe9d184d690 code [0x00007fe9d184d9e0, 0x00007fe9d184f1d0]

GC Heap History (0 events):
No events

Deoptimization events (0 events):
No events

Classes redefined (0 events):
No events

Internal exceptions (20 events):
Event: 0.202 Thread 0x00007fe9e0028000 Exception <a 'java/lang/NoSuchMethodError'{0x00000004520ad850}: 'java.lang.Object java.lang.invoke.DirectMethodHandle$Holder.invokeStatic(java.lang.Object, java.lang.Object, java.lang.Object)'> (0x00000004520ad850) thrown at [src/hotspot/share/interpreter/linkResolver.cpp, line 772]
Event: 0.205 Thread 0x00007fe9e0028000 Exception <a 'java/lang/NoSuchMethodError'{0x00000004520b56d0}: 'java.lang.Object java.lang.invoke.DirectMethodHandle$Holder.getObject(java.lang.Object, java.lang.Object)'> (0x00000004520b56d0) thrown at [src/hotspot/share/interpreter/linkResolver.cpp, line 772]
Event: 0.217 Thread 0x00007fe9e0028000 Exception <a 'java/lang/NoSuchMethodError'{0x00000004520d87a0}: 'java.lang.Object java.lang.invoke.DirectMethodHandle$Holder.invokeStatic(java.lang.Object, java.lang.Object, java.lang.Object, java.lang.Object, java.lang.Object)'> (0x00000004520d87a0) thrown at [src/hotspot/share/interpreter/linkResolver.cpp, line 772]
Event: 0.232 Thread 0x00007fe9e0028000 Exception <a 'java/lang/NoSuchMethodError'{0x00000004523f1f78}: 'java.lang.Object java.lang.invoke.DirectMethodHandle$Holder.invokeStatic(java.lang.Object, java.lang.Object, java.lang.Object, java.lang.Object, java.lang.Object, java.lang.Object, java.lang.Object)'> (0x00000004523f1f78) thrown at [src/hotspot/share/interpreter/linkResolver.cpp, line 772]
Event: 0.234 Thread 0x00007fe9e0028000 Exception <a 'java/lang/NoSuchMethodError'{0x00000004523f6650}: 'java.lang.Object java.lang.invoke.DirectMethodHandle$Holder.invokeSpecial(java.lang.Object, java.lang.Object, int, int)'> (0x00000004523f6650) thrown at [src/hotspot/share/interpreter/linkResolver.cpp, line 772]
Event: 0.243 Thread 0x00007fe9e0028000 Exception <a 'java/lang/NoSuchMethodError'{0x0000000451c16160}: 'java.lang.Object java.lang.invoke.DirectMethodHandle$Holder.invokeStatic(java.lang.Object, java.lang.Object, java.lang.Object, java.lang.Object, java.lang.Object, java.lang.Object, java.lang.Object, java.lang.Object)'> (0x0000000451c16160) thrown at [src/hotspot/share/interpreter/linkResolver.cpp, line 772]
Event: 0.249 Thread 0x00007fe9e0028000 Exception <a 'java/lang/NoSuchMethodError'{0x0000000451c338a0}: 'java.lang.Object java.lang.invoke.DirectMethodHandle$Holder.invokeStatic(java.lang.Object, java.lang.Object, java.lang.Object, java.lang.Object, java.lang.Object, java.lang.Object, java.lang.Object, java.lang.Object, java.lang.Object)'> (0x0000000451c338a0) thrown at [src/hotspot/share/interpreter/linkResolver.cpp, line 772]
Event: 0.257 Thread 0x00007fe9e0028000 Exception <a 'java/lang/NoSuchMethodError'{0x0000000451c584d0}: 'int java.lang.invoke.DirectMethodHandle$Holder.getInt(java.lang.Object, java.lang.Object)'> (0x0000000451c584d0) thrown at [src/hotspot/share/interpreter/linkResolver.cpp, line 772]
Event: 0.269 Thread 0x00007fe9e0028000 Exception <a 'java/lang/NoSuchMethodError'{0x0000000451c951c8}: 'java.lang.Object java.lang.invoke.DirectMethodHandle$Holder.invokeSpecial(java.lang.Object, java.lang.Object, java.lang.Object)'> (0x0000000451c951c8) thrown at [src/hotspot/share/interpreter/linkResolver.cpp, line 772]
Event: 0.271 Thread 0x00007fe9e0028000 Exception <a 'java/lang/NoSuchMethodError'{0x0000000451c9cce0}: 'java.lang.Object java.lang.invoke.Invokers$Holder.linkToTargetMethod(java.lang.Object, java.lang.Object)'> (0x0000000451c9cce0) thrown at [src/hotspot/share/interpreter/linkResolver.cpp, line 772]
Event: 0.275 Thread 0x00007fe9e0028000 Exception <a 'java/lang/NoSuchMethodError'{0x0000000451ca50d8}: 'java.lang.Object java.lang.invoke.DirectMethodHandle$Holder.invokeSpecial(java.lang.Object, java.lang.Object)'> (0x0000000451ca50d8) thrown at [src/hotspot/share/interpreter/linkResolver.cpp, line 772]
Event: 0.276 Thread 0x00007fe9e0028000 Exception <a 'java/lang/NoSuchMethodError'{0x0000000451ca86e8}: 'java.lang.Object java.lang.invoke.DirectMethodHandle$Holder.invokeSpecial(java.lang.Object, java.lang.Object, java.lang.Object, java.lang.Object, java.lang.Object, java.lang.Object, java.lang.Object, java.lang.Object)'> (0x0000000451ca86e8) thrown at [src/hotspot/share/interpreter/linkResolver.cpp, line 772]
Event: 0.277 Thread 0x00007fe9e0028000 Exception <a 'java/lang/NoSuchMethodError'{0x0000000451cabff0}: 'java.lang.Object java.lang.invoke.Invokers$Holder.invokeExact_MT(java.lang.Object, java.lang.Object, java.lang.Object, java.lang.Object, java.lang.Object, java.lang.Object, java.lang.Object, java.lang.Object)'> (0x0000000451cabff0) thrown at [src/hotspot/share/interpreter/linkResolver.cpp, line 772]
Event: 0.280 Thread 0x00007fe9e0028000 Exception <a 'java/lang/NoSuchMethodError'{0x0000000451cb2c08}: 'java.lang.Object java.lang.invoke.LambdaForm$Holder.identity_L(java.lang.Object, java.lang.Object)'> (0x0000000451cb2c08) thrown at [src/hotspot/share/interpreter/linkResolver.cpp, line 772]
Event: 0.280 Thread 0x00007fe9e0028000 Exception <a 'java/lang/NoSuchMethodError'{0x0000000451cb4f80}: 'java.lang.Object java.lang.invoke.LambdaForm$Holder.zero_L(java.lang.Object)'> (0x0000000451cb4f80) thrown at [src/hotspot/share/interpreter/linkResolver.cpp, line 772]
Event: 0.282 Thread 0x00007fe9e0028000 Exception <a 'java/lang/NoSuchMethodError'{0x0000000451cb9580}: 'java.lang.Object java.lang.invoke.Invokers$Holder.linkToTargetMethod(java.lang.Object)'> (0x0000000451cb9580) thrown at [src/hotspot/share/interpreter/linkResolver.cpp, line 772]
Event: 0.290 Thread 0x00007fe9e0028000 Exception <a 'java/lang/NoSuchMethodError'{0x0000000451cc3910}: 'java.lang.Object java.lang.invoke.DirectMethodHandle$Holder.newInvokeSpecial(java.lang.Object)'> (0x0000000451cc3910) thrown at [src/hotspot/share/interpreter/linkResolver.cpp, line 772]
Event: 0.317 Thread 0x00007fe9e0028000 Exception <a 'java/lang/NoSuchMethodError'{0x0000000451cde938}: 'java.lang.Object java.lang.invoke.DirectMethodHandle$Holder.invokeSpecial(java.lang.Object, java.lang.Object, java.lang.Object, java.lang.Object, java.lang.Object)'> (0x0000000451cde938) thrown at [src/hotspot/share/interpreter/linkResolver.cpp, line 772]
Event: 0.318 Thread 0x00007fe9e0028000 Exception <a 'java/lang/NoSuchMethodError'{0x0000000451ce1ab0}: 'java.lang.Object java.lang.invoke.Invokers$Holder.linkToTargetMethod(java.lang.Object, java.lang.Object, java.lang.Object, java.lang.Object)'> (0x0000000451ce1ab0) thrown at [src/hotspot/share/interpreter/linkResolver.cpp, line 772]
Event: 0.331 Thread 0x00007fe9e0409000 Implicit null exception at 0x00007fe9d17f60a1 to 0x0000000000000000

Events (20 events):
Event: 0.327 loading class java/util/concurrent/ForkJoinWorkerThread
Event: 0.327 loading class java/util/concurrent/ForkJoinWorkerThread done
Event: 0.327 loading class java/util/concurrent/ThreadLocalRandom
Event: 0.327 loading class java/util/Random
Event: 0.327 loading class java/util/Random done
Event: 0.327 loading class java/util/concurrent/ThreadLocalRandom done
Event: 0.329 loading class java/util/concurrent/ForkJoinPool$DefaultForkJoinWorkerThreadFactory$1
Event: 0.329 loading class java/util/concurrent/ForkJoinPool$DefaultForkJoinWorkerThreadFactory$1 done
Event: 0.329 Thread 0x00007fe9e0407800 Thread added: 0x00007fe9e0407800
Event: 0.329 Protecting memory [0x00007fe99e96d000,0x00007fe99e971000] with protection modes 0
Event: 0.330 Thread 0x00007fe9e0409000 Thread added: 0x00007fe9e0409000
Event: 0.330 loading class java/util/stream/ReduceOps$3ReducingSink
Event: 0.330 Protecting memory [0x00007fe99e86c000,0x00007fe99e870000] with protection modes 0
Event: 0.330 loading class java/util/stream/ReduceOps$AccumulatingSink
Event: 0.330 loading class java/util/stream/ReduceOps$AccumulatingSink done
Event: 0.330 loading class java/util/stream/ReduceOps$Box
Event: 0.330 loading class java/util/stream/ReduceOps$Box done
Event: 0.330 loading class java/util/stream/ReduceOps$3ReducingSink done
Event: 0.330 Executing VM operation: RevokeBias
Event: 0.331 Executing VM operation: RevokeBias done


Dynamic libraries:
413400000-452400000 rw-p 00000000 00:00 0 
452400000-800000000 ---p 00000000 00:00 0 
800000000-8000c0000 rw-p 00000000 00:00 0 
8000c0000-840000000 ---p 00000000 00:00 0 
55bf7177c000-55bf7177d000 r--p 00000000 fe:01 556974                     /home/adam/jdk11u/build/linux-x86_64-normal-server-release/support/interim-image/bin/java
55bf7177d000-55bf7177e000 r-xp 00001000 fe:01 556974                     /home/adam/jdk11u/build/linux-x86_64-normal-server-release/support/interim-image/bin/java
55bf7177e000-55bf7177f000 r--p 00002000 fe:01 556974                     /home/adam/jdk11u/build/linux-x86_64-normal-server-release/support/interim-image/bin/java
55bf7177f000-55bf71780000 r--p 00002000 fe:01 556974                     /home/adam/jdk11u/build/linux-x86_64-normal-server-release/support/interim-image/bin/java
55bf71780000-55bf71781000 rw-p 00003000 fe:01 556974                     /home/adam/jdk11u/build/linux-x86_64-normal-server-release/support/interim-image/bin/java
55bf73387000-55bf733a8000 rw-p 00000000 00:00 0                          [heap]
7fe954000000-7fe954021000 rw-p 00000000 00:00 0 
7fe954021000-7fe958000000 ---p 00000000 00:00 0 
7fe95c000000-7fe95c021000 rw-p 00000000 00:00 0 
7fe95c021000-7fe960000000 ---p 00000000 00:00 0 
7fe960000000-7fe960021000 rw-p 00000000 00:00 0 
7fe960021000-7fe964000000 ---p 00000000 00:00 0 
7fe964000000-7fe964021000 rw-p 00000000 00:00 0 
7fe964021000-7fe968000000 ---p 00000000 00:00 0 
7fe968000000-7fe968150000 rw-p 00000000 00:00 0 
7fe968150000-7fe96c000000 ---p 00000000 00:00 0 
7fe96c000000-7fe96c021000 rw-p 00000000 00:00 0 
7fe96c021000-7fe970000000 ---p 00000000 00:00 0 
7fe970000000-7fe970021000 rw-p 00000000 00:00 0 
7fe970021000-7fe974000000 ---p 00000000 00:00 0 
7fe974000000-7fe97408a000 rw-p 00000000 00:00 0 
7fe97408a000-7fe978000000 ---p 00000000 00:00 0 
7fe978000000-7fe97819c000 rw-p 00000000 00:00 0 
7fe97819c000-7fe97c000000 ---p 00000000 00:00 0 
7fe97c000000-7fe97c021000 rw-p 00000000 00:00 0 
7fe97c021000-7fe980000000 ---p 00000000 00:00 0 
7fe980000000-7fe980021000 rw-p 00000000 00:00 0 
7fe980021000-7fe984000000 ---p 00000000 00:00 0 
7fe984000000-7fe984021000 rw-p 00000000 00:00 0 
7fe984021000-7fe988000000 ---p 00000000 00:00 0 
7fe988000000-7fe988021000 rw-p 00000000 00:00 0 
7fe988021000-7fe98c000000 ---p 00000000 00:00 0 
7fe98c000000-7fe98c021000 rw-p 00000000 00:00 0 
7fe98c021000-7fe990000000 ---p 00000000 00:00 0 
7fe990000000-7fe990021000 rw-p 00000000 00:00 0 
7fe990021000-7fe994000000 ---p 00000000 00:00 0 
7fe994000000-7fe994021000 rw-p 00000000 00:00 0 
7fe994021000-7fe998000000 ---p 00000000 00:00 0 
7fe998000000-7fe998021000 rw-p 00000000 00:00 0 
7fe998021000-7fe99c000000 ---p 00000000 00:00 0 
7fe99e3cc000-7fe99e76b000 rw-p 00000000 00:00 0 
7fe99e76b000-7fe99e76f000 ---p 00000000 00:00 0 
7fe99e76f000-7fe99e86c000 rw-p 00000000 00:00 0 
7fe99e86c000-7fe99e870000 ---p 00000000 00:00 0 
7fe99e870000-7fe99e96d000 rw-p 00000000 00:00 0 
7fe99e96d000-7fe99e971000 ---p 00000000 00:00 0 
7fe99e971000-7fe99ea6e000 rw-p 00000000 00:00 0 
7fe99ea6e000-7fe99ea72000 ---p 00000000 00:00 0 
7fe99ea72000-7fe99eb6f000 rw-p 00000000 00:00 0 
7fe99eb6f000-7fe99eb73000 ---p 00000000 00:00 0 
7fe99eb73000-7fe99ec70000 rw-p 00000000 00:00 0 
7fe99ec70000-7fe99ec71000 ---p 00000000 00:00 0 
7fe99ec71000-7fe99ed72000 rw-p 00000000 00:00 0 
7fe99ed72000-7fe99ed76000 ---p 00000000 00:00 0 
7fe99ed76000-7fe99ee73000 rw-p 00000000 00:00 0 
7fe99ee73000-7fe99ee77000 ---p 00000000 00:00 0 
7fe99ee77000-7fe99ef74000 rw-p 00000000 00:00 0 
7fe99ef74000-7fe99ef78000 ---p 00000000 00:00 0 
7fe99ef78000-7fe99f075000 rw-p 00000000 00:00 0 
7fe99f075000-7fe99f079000 ---p 00000000 00:00 0 
7fe99f079000-7fe99f176000 rw-p 00000000 00:00 0 
7fe99f176000-7fe99f17a000 ---p 00000000 00:00 0 
7fe99f17a000-7fe99f277000 rw-p 00000000 00:00 0 
7fe99f277000-7fe99f27b000 ---p 00000000 00:00 0 
7fe99f27b000-7fe99f378000 rw-p 00000000 00:00 0 
7fe99f378000-7fe99f37c000 ---p 00000000 00:00 0 
7fe99f37c000-7fe99f479000 rw-p 00000000 00:00 0 
7fe99f479000-7fe99f47a000 ---p 00000000 00:00 0 
7fe99f47a000-7fe99fc7c000 rw-p 00000000 00:00 0 
7fe99fc7c000-7fe99fdfc000 ---p 00000000 00:00 0 
7fe99fdfc000-7fe99fdfd000 ---p 00000000 00:00 0 
7fe99fdfd000-7fe99fefe000 rw-p 00000000 00:00 0 
7fe99fefe000-7fe99feff000 ---p 00000000 00:00 0 
7fe99feff000-7fe9a0000000 rw-p 00000000 00:00 0 
7fe9a0000000-7fe9a0021000 rw-p 00000000 00:00 0 
7fe9a0021000-7fe9a4000000 ---p 00000000 00:00 0 
7fe9a4032000-7fe9a7b2e000 rw-p 00000000 00:00 0 
7fe9a7b2e000-7fe9b669e000 ---p 00000000 00:00 0 
7fe9b669e000-7fe9b765e000 rw-p 00000000 00:00 0 
7fe9b765e000-7fe9c61ce000 ---p 00000000 00:00 0 
7fe9c61ce000-7fe9c63c6000 rw-p 00000000 00:00 0 
7fe9c63c6000-7fe9c8134000 ---p 00000000 00:00 0 
7fe9c8134000-7fe9c832c000 rw-p 00000000 00:00 0 
7fe9c832c000-7fe9ca09a000 ---p 00000000 00:00 0 
7fe9ca09a000-7fe9ca292000 rw-p 00000000 00:00 0 
7fe9ca292000-7fe9cc000000 ---p 00000000 00:00 0 
7fe9cc000000-7fe9cc021000 rw-p 00000000 00:00 0 
7fe9cc021000-7fe9d0000000 ---p 00000000 00:00 0 
7fe9d001b000-7fe9d0c82000 rw-p 00000000 00:00 0 
7fe9d0c82000-7fe9d0c83000 ---p 00000000 00:00 0 
7fe9d0c83000-7fe9d1000000 rw-p 00000000 00:00 0 
7fe9d1000000-7fe9d1270000 rwxp 00000000 00:00 0 
7fe9d1270000-7fe9d17ce000 ---p 00000000 00:00 0 
7fe9d17ce000-7fe9d1a3e000 rwxp 00000000 00:00 0 
7fe9d1a3e000-7fe9d8be7000 ---p 00000000 00:00 0 
7fe9d8be7000-7fe9d8e57000 rwxp 00000000 00:00 0 
7fe9d8e57000-7fe9e0000000 ---p 00000000 00:00 0 
7fe9e0000000-7fe9e0413000 rw-p 00000000 00:00 0 
7fe9e0413000-7fe9e4000000 ---p 00000000 00:00 0 
7fe9e402d000-7fe9e4031000 r--p 00000000 fe:01 557293                     /home/adam/jdk11u/build/linux-x86_64-normal-server-release/support/interim-image/lib/libnet.so
7fe9e4031000-7fe9e4040000 r-xp 00004000 fe:01 557293                     /home/adam/jdk11u/build/linux-x86_64-normal-server-release/support/interim-image/lib/libnet.so
7fe9e4040000-7fe9e4044000 r--p 00013000 fe:01 557293                     /home/adam/jdk11u/build/linux-x86_64-normal-server-release/support/interim-image/lib/libnet.so
7fe9e4044000-7fe9e4045000 r--p 00016000 fe:01 557293                     /home/adam/jdk11u/build/linux-x86_64-normal-server-release/support/interim-image/lib/libnet.so
7fe9e4045000-7fe9e4046000 rw-p 00017000 fe:01 557293                     /home/adam/jdk11u/build/linux-x86_64-normal-server-release/support/interim-image/lib/libnet.so
7fe9e4046000-7fe9e404d000 r--p 00000000 fe:01 557264                     /home/adam/jdk11u/build/linux-x86_64-normal-server-release/support/interim-image/lib/libnio.so
7fe9e404d000-7fe9e4054000 r-xp 00007000 fe:01 557264                     /home/adam/jdk11u/build/linux-x86_64-normal-server-release/support/interim-image/lib/libnio.so
7fe9e4054000-7fe9e4057000 r--p 0000e000 fe:01 557264                     /home/adam/jdk11u/build/linux-x86_64-normal-server-release/support/interim-image/lib/libnio.so
7fe9e4057000-7fe9e4058000 r--p 00010000 fe:01 557264                     /home/adam/jdk11u/build/linux-x86_64-normal-server-release/support/interim-image/lib/libnio.so
7fe9e4058000-7fe9e4059000 rw-p 00011000 fe:01 557264                     /home/adam/jdk11u/build/linux-x86_64-normal-server-release/support/interim-image/lib/libnio.so
7fe9e4059000-7fe9e40c3000 rw-p 00000000 00:00 0 
7fe9e40c3000-7fe9e40c4000 ---p 00000000 00:00 0 
7fe9e40c4000-7fe9e595a000 rw-p 00000000 00:00 0 
7fe9e595a000-7fe9e595b000 ---p 00000000 00:00 0 
7fe9e595b000-7fe9e5a61000 rw-p 00000000 00:00 0 
7fe9e5a61000-7fe9e5b45000 ---p 00000000 00:00 0 
7fe9e5b45000-7fe9e5b4a000 rw-p 00000000 00:00 0 
7fe9e5b4a000-7fe9e5c2e000 ---p 00000000 00:00 0 
7fe9e5c2e000-7fe9e5c33000 rw-p 00000000 00:00 0 
7fe9e5c33000-7fe9e5c3e000 ---p 00000000 00:00 0 
7fe9e5c3e000-7fe9e748c000 r--s 00000000 fe:01 531054                     /home/adam/jdk11u/build/linux-x86_64-normal-server-release/support/interim-image/lib/modules
7fe9e748c000-7fe9e748f000 r--p 00000000 fe:01 787101                     /usr/lib/x86_64-linux-gnu/libnss_files-2.31.so
7fe9e748f000-7fe9e7496000 r-xp 00003000 fe:01 787101                     /usr/lib/x86_64-linux-gnu/libnss_files-2.31.so
7fe9e7496000-7fe9e7498000 r--p 0000a000 fe:01 787101                     /usr/lib/x86_64-linux-gnu/libnss_files-2.31.so
7fe9e7498000-7fe9e7499000 r--p 0000b000 fe:01 787101                     /usr/lib/x86_64-linux-gnu/libnss_files-2.31.so
7fe9e7499000-7fe9e749a000 rw-p 0000c000 fe:01 787101                     /usr/lib/x86_64-linux-gnu/libnss_files-2.31.so
7fe9e749a000-7fe9e74a0000 rw-p 00000000 00:00 0 
7fe9e74a4000-7fe9e74a6000 r--p 00000000 fe:01 561700                     /home/adam/jdk11u/build/linux-x86_64-normal-server-release/support/interim-image/lib/libzip.so
7fe9e74a6000-7fe9e74aa000 r-xp 00002000 fe:01 561700                     /home/adam/jdk11u/build/linux-x86_64-normal-server-release/support/interim-image/lib/libzip.so
7fe9e74aa000-7fe9e74ac000 r--p 00006000 fe:01 561700                     /home/adam/jdk11u/build/linux-x86_64-normal-server-release/support/interim-image/lib/libzip.so
7fe9e74ac000-7fe9e74ad000 r--p 00007000 fe:01 561700                     /home/adam/jdk11u/build/linux-x86_64-normal-server-release/support/interim-image/lib/libzip.so
7fe9e74ad000-7fe9e74ae000 rw-p 00008000 fe:01 561700                     /home/adam/jdk11u/build/linux-x86_64-normal-server-release/support/interim-image/lib/libzip.so
7fe9e74ae000-7fe9e74b6000 rw-s 00000000 fe:01 2359300                    /tmp/hsperfdata_root/164701
7fe9e74b6000-7fe9e74ba000 r--p 00000000 fe:01 557179                     /home/adam/jdk11u/build/linux-x86_64-normal-server-release/support/interim-image/lib/libjimage.so
7fe9e74ba000-7fe9e74cd000 r-xp 00004000 fe:01 557179                     /home/adam/jdk11u/build/linux-x86_64-normal-server-release/support/interim-image/lib/libjimage.so
7fe9e74cd000-7fe9e74d3000 r--p 00017000 fe:01 557179                     /home/adam/jdk11u/build/linux-x86_64-normal-server-release/support/interim-image/lib/libjimage.so
7fe9e74d3000-7fe9e74d5000 r--p 0001c000 fe:01 557179                     /home/adam/jdk11u/build/linux-x86_64-normal-server-release/support/interim-image/lib/libjimage.so
7fe9e74d5000-7fe9e74d6000 rw-p 0001e000 fe:01 557179                     /home/adam/jdk11u/build/linux-x86_64-normal-server-release/support/interim-image/lib/libjimage.so
7fe9e74d6000-7fe9e74e4000 r--p 00000000 fe:01 561692                     /home/adam/jdk11u/build/linux-x86_64-normal-server-release/support/interim-image/lib/libjava.so
7fe9e74e4000-7fe9e74fa000 r-xp 0000e000 fe:01 561692                     /home/adam/jdk11u/build/linux-x86_64-normal-server-release/support/interim-image/lib/libjava.so
7fe9e74fa000-7fe9e7501000 r--p 00024000 fe:01 561692                     /home/adam/jdk11u/build/linux-x86_64-normal-server-release/support/interim-image/lib/libjava.so
7fe9e7501000-7fe9e7502000 r--p 0002a000 fe:01 561692                     /home/adam/jdk11u/build/linux-x86_64-normal-server-release/support/interim-image/lib/libjava.so
7fe9e7502000-7fe9e7503000 rw-p 0002b000 fe:01 561692                     /home/adam/jdk11u/build/linux-x86_64-normal-server-release/support/interim-image/lib/libjava.so
7fe9e7503000-7fe9e7504000 rw-p 00000000 00:00 0 
7fe9e7504000-7fe9e7508000 ---p 00000000 00:00 0 
7fe9e7508000-7fe9e7605000 rw-p 00000000 00:00 0 
7fe9e7605000-7fe9e7612000 r--p 00000000 fe:01 787094                     /usr/lib/x86_64-linux-gnu/libm-2.31.so
7fe9e7612000-7fe9e76ac000 r-xp 0000d000 fe:01 787094                     /usr/lib/x86_64-linux-gnu/libm-2.31.so
7fe9e76ac000-7fe9e7747000 r--p 000a7000 fe:01 787094                     /usr/lib/x86_64-linux-gnu/libm-2.31.so
7fe9e7747000-7fe9e7748000 r--p 00141000 fe:01 787094                     /usr/lib/x86_64-linux-gnu/libm-2.31.so
7fe9e7748000-7fe9e7749000 rw-p 00142000 fe:01 787094                     /usr/lib/x86_64-linux-gnu/libm-2.31.so
7fe9e7749000-7fe9e774b000 r--p 00000000 fe:01 787107                     /usr/lib/x86_64-linux-gnu/librt-2.31.so
7fe9e774b000-7fe9e774f000 r-xp 00002000 fe:01 787107                     /usr/lib/x86_64-linux-gnu/librt-2.31.so
7fe9e774f000-7fe9e7751000 r--p 00006000 fe:01 787107                     /usr/lib/x86_64-linux-gnu/librt-2.31.so
7fe9e7751000-7fe9e7752000 r--p 00007000 fe:01 787107                     /usr/lib/x86_64-linux-gnu/librt-2.31.so
7fe9e7752000-7fe9e7753000 rw-p 00008000 fe:01 787107                     /usr/lib/x86_64-linux-gnu/librt-2.31.so
7fe9e7753000-7fe9e79cf000 r--p 00000000 fe:01 557039                     /home/adam/jdk11u/build/linux-x86_64-normal-server-release/support/interim-image/lib/server/libjvm.so
7fe9e79cf000-7fe9e85c1000 r-xp 0027c000 fe:01 557039                     /home/adam/jdk11u/build/linux-x86_64-normal-server-release/support/interim-image/lib/server/libjvm.so
7fe9e85c1000-7fe9e8816000 r--p 00e6e000 fe:01 557039                     /home/adam/jdk11u/build/linux-x86_64-normal-server-release/support/interim-image/lib/server/libjvm.so
7fe9e8816000-7fe9e88d9000 r--p 010c2000 fe:01 557039                     /home/adam/jdk11u/build/linux-x86_64-normal-server-release/support/interim-image/lib/server/libjvm.so
7fe9e88d9000-7fe9e8913000 rw-p 01185000 fe:01 557039                     /home/adam/jdk11u/build/linux-x86_64-normal-server-release/support/interim-image/lib/server/libjvm.so
7fe9e8913000-7fe9e896c000 rw-p 00000000 00:00 0 
7fe9e896c000-7fe9e8972000 r--p 00000000 fe:01 787105                     /usr/lib/x86_64-linux-gnu/libpthread-2.31.so
7fe9e8972000-7fe9e8982000 r-xp 00006000 fe:01 787105                     /usr/lib/x86_64-linux-gnu/libpthread-2.31.so
7fe9e8982000-7fe9e8988000 r--p 00016000 fe:01 787105                     /usr/lib/x86_64-linux-gnu/libpthread-2.31.so
7fe9e8988000-7fe9e8989000 r--p 0001b000 fe:01 787105                     /usr/lib/x86_64-linux-gnu/libpthread-2.31.so
7fe9e8989000-7fe9e898a000 rw-p 0001c000 fe:01 787105                     /usr/lib/x86_64-linux-gnu/libpthread-2.31.so
7fe9e898a000-7fe9e898e000 rw-p 00000000 00:00 0 
7fe9e898e000-7fe9e898f000 r--p 00000000 fe:01 787091                     /usr/lib/x86_64-linux-gnu/libdl-2.31.so
7fe9e898f000-7fe9e8991000 r-xp 00001000 fe:01 787091                     /usr/lib/x86_64-linux-gnu/libdl-2.31.so
7fe9e8991000-7fe9e8992000 r--p 00003000 fe:01 787091                     /usr/lib/x86_64-linux-gnu/libdl-2.31.so
7fe9e8992000-7fe9e8993000 r--p 00003000 fe:01 787091                     /usr/lib/x86_64-linux-gnu/libdl-2.31.so
7fe9e8993000-7fe9e8994000 rw-p 00004000 fe:01 787091                     /usr/lib/x86_64-linux-gnu/libdl-2.31.so
7fe9e8994000-7fe9e8997000 r--p 00000000 fe:01 788525                     /usr/lib/x86_64-linux-gnu/libz.so.1.2.11
7fe9e8997000-7fe9e89a8000 r-xp 00003000 fe:01 788525                     /usr/lib/x86_64-linux-gnu/libz.so.1.2.11
7fe9e89a8000-7fe9e89ae000 r--p 00014000 fe:01 788525                     /usr/lib/x86_64-linux-gnu/libz.so.1.2.11
7fe9e89ae000-7fe9e89af000 ---p 0001a000 fe:01 788525                     /usr/lib/x86_64-linux-gnu/libz.so.1.2.11
7fe9e89af000-7fe9e89b0000 r--p 0001a000 fe:01 788525                     /usr/lib/x86_64-linux-gnu/libz.so.1.2.11
7fe9e89b0000-7fe9e89b1000 rw-p 0001b000 fe:01 788525                     /usr/lib/x86_64-linux-gnu/libz.so.1.2.11
7fe9e89b1000-7fe9e89d3000 r--p 00000000 fe:01 787090                     /usr/lib/x86_64-linux-gnu/libc-2.31.so
7fe9e89d3000-7fe9e8b2c000 r-xp 00022000 fe:01 787090                     /usr/lib/x86_64-linux-gnu/libc-2.31.so
7fe9e8b2c000-7fe9e8b7b000 r--p 0017b000 fe:01 787090                     /usr/lib/x86_64-linux-gnu/libc-2.31.so
7fe9e8b7b000-7fe9e8b7f000 r--p 001c9000 fe:01 787090                     /usr/lib/x86_64-linux-gnu/libc-2.31.so
7fe9e8b7f000-7fe9e8b81000 rw-p 001cd000 fe:01 787090                     /usr/lib/x86_64-linux-gnu/libc-2.31.so
7fe9e8b81000-7fe9e8b85000 rw-p 00000000 00:00 0 
7fe9e8b87000-7fe9e8b88000 ---p 00000000 00:00 0 
7fe9e8b88000-7fe9e8b89000 r--p 00000000 00:00 0 
7fe9e8b89000-7fe9e8b8e000 r--p 00000000 fe:01 557199                     /home/adam/jdk11u/build/linux-x86_64-normal-server-release/support/interim-image/lib/libverify.so
7fe9e8b8e000-7fe9e8b95000 r-xp 00005000 fe:01 557199                     /home/adam/jdk11u/build/linux-x86_64-normal-server-release/support/interim-image/lib/libverify.so
7fe9e8b95000-7fe9e8b97000 r--p 0000c000 fe:01 557199                     /home/adam/jdk11u/build/linux-x86_64-normal-server-release/support/interim-image/lib/libverify.so
7fe9e8b97000-7fe9e8b98000 ---p 0000e000 fe:01 557199                     /home/adam/jdk11u/build/linux-x86_64-normal-server-release/support/interim-image/lib/libverify.so
7fe9e8b98000-7fe9e8b9a000 r--p 0000e000 fe:01 557199                     /home/adam/jdk11u/build/linux-x86_64-normal-server-release/support/interim-image/lib/libverify.so
7fe9e8b9a000-7fe9e8b9b000 rw-p 00010000 fe:01 557199                     /home/adam/jdk11u/build/linux-x86_64-normal-server-release/support/interim-image/lib/libverify.so
7fe9e8b9b000-7fe9e8b9e000 r--p 00000000 fe:01 557347                     /home/adam/jdk11u/build/linux-x86_64-normal-server-release/support/interim-image/lib/jli/libjli.so
7fe9e8b9e000-7fe9e8ba8000 r-xp 00003000 fe:01 557347                     /home/adam/jdk11u/build/linux-x86_64-normal-server-release/support/interim-image/lib/jli/libjli.so
7fe9e8ba8000-7fe9e8bab000 r--p 0000d000 fe:01 557347                     /home/adam/jdk11u/build/linux-x86_64-normal-server-release/support/interim-image/lib/jli/libjli.so
7fe9e8bab000-7fe9e8bac000 ---p 00010000 fe:01 557347                     /home/adam/jdk11u/build/linux-x86_64-normal-server-release/support/interim-image/lib/jli/libjli.so
7fe9e8bac000-7fe9e8bad000 r--p 00010000 fe:01 557347                     /home/adam/jdk11u/build/linux-x86_64-normal-server-release/support/interim-image/lib/jli/libjli.so
7fe9e8bad000-7fe9e8bae000 rw-p 00011000 fe:01 557347                     /home/adam/jdk11u/build/linux-x86_64-normal-server-release/support/interim-image/lib/jli/libjli.so
7fe9e8bae000-7fe9e8bb0000 rw-p 00000000 00:00 0 
7fe9e8bb0000-7fe9e8bb1000 r--p 00000000 fe:01 786446                     /usr/lib/x86_64-linux-gnu/ld-2.31.so
7fe9e8bb1000-7fe9e8bd1000 r-xp 00001000 fe:01 786446                     /usr/lib/x86_64-linux-gnu/ld-2.31.so
7fe9e8bd1000-7fe9e8bd9000 r--p 00021000 fe:01 786446                     /usr/lib/x86_64-linux-gnu/ld-2.31.so
7fe9e8bda000-7fe9e8bdb000 r--p 00029000 fe:01 786446                     /usr/lib/x86_64-linux-gnu/ld-2.31.so
7fe9e8bdb000-7fe9e8bdc000 rw-p 0002a000 fe:01 786446                     /usr/lib/x86_64-linux-gnu/ld-2.31.so
7fe9e8bdc000-7fe9e8bdd000 rw-p 00000000 00:00 0 
7ffc478c9000-7ffc478ea000 rw-p 00000000 00:00 0                          [stack]
7ffc479b0000-7ffc479b4000 r--p 00000000 00:00 0                          [vvar]
7ffc479b4000-7ffc479b6000 r-xp 00000000 00:00 0                          [vdso]


VM Arguments:
jvm_args: -XX:DumpLoadedClassList=/home/adam/jdk11u/build/linux-x86_64-normal-server-release/support/link_opt/classlist.raw -Djava.lang.invoke.MethodHandle.TRACE_RESOLVE=true 
java_command: build.tools.classlist.HelloClasslist
java_class_path (initial): /home/adam/jdk11u/build/linux-x86_64-normal-server-release/support/classlist.jar
Launcher Type: SUN_STANDARD

[Global flags]
     intx CICompilerCount                          = 15                                        {product} {ergonomic}
     bool ClassUnloadingWithConcurrentMark         = false                                     {product} {command line}
     uint ConcGCThreads                            = 6                                         {product} {ergonomic}
    ccstr DumpLoadedClassList                      = /home/adam/jdk11u/build/linux-x86_64-normal-server-release/support/link_opt/classlist.raw            {product} {command line}
     uint G1ConcRefinementThreads                  = 23                                        {product} {ergonomic}
   size_t G1HeapRegionSize                         = 4194304                                   {product} {ergonomic}
    uintx GCDrainStackTargetSize                   = 64                                        {product} {ergonomic}
   size_t InitialHeapSize                          = 1056964608                                {product} {ergonomic}
   size_t MarkStackSize                            = 4194304                                   {product} {ergonomic}
   size_t MaxHeapSize                              = 16856907776                               {product} {ergonomic}
   size_t MaxNewSize                               = 10112466944                               {product} {ergonomic}
   size_t MinHeapDeltaBytes                        = 4194304                                   {product} {ergonomic}
    uintx NonNMethodCodeHeapSize                   = 8182140                                {pd product} {ergonomic}
    uintx NonProfiledCodeHeapSize                  = 121738050                              {pd product} {ergonomic}
    uintx ProfiledCodeHeapSize                     = 121738050                              {pd product} {ergonomic}
    uintx ReservedCodeCacheSize                    = 251658240                              {pd product} {ergonomic}
     bool SegmentedCodeCache                       = true                                      {product} {ergonomic}
     bool UseCompressedClassPointers               = true                                 {lp64_product} {ergonomic}
     bool UseCompressedOops                        = true                                 {lp64_product} {ergonomic}
     bool UseG1GC                                  = true                                      {product} {ergonomic}

Logging:
Log output configuration:
 #0: stdout all=warning uptime,level,tags
 #1: stderr all=off uptime,level,tags

Environment Variables:
PATH=/usr/local/sbin:/usr/local/bin:/usr/sbin:/usr/bin:/sbin:/bin
SHELL=/bin/bash
LANG=en_US.UTF-8
LC_ALL=C

Signal Handlers:
SIGSEGV: [libjvm.so+0xde2cd0], sa_mask[0]=11111111011111111101111111111110, sa_flags=SA_RESTART|SA_SIGINFO
SIGBUS: [libjvm.so+0xde2cd0], sa_mask[0]=11111111011111111101111111111110, sa_flags=SA_RESTART|SA_SIGINFO
SIGFPE: [libjvm.so+0xde2cd0], sa_mask[0]=11111111011111111101111111111110, sa_flags=SA_RESTART|SA_SIGINFO
SIGPIPE: [libjvm.so+0xbddb30], sa_mask[0]=11111111011111111101111111111110, sa_flags=SA_RESTART|SA_SIGINFO
SIGXFSZ: [libjvm.so+0xbddb30], sa_mask[0]=11111111011111111101111111111110, sa_flags=SA_RESTART|SA_SIGINFO
SIGILL: [libjvm.so+0xde2cd0], sa_mask[0]=11111111011111111101111111111110, sa_flags=SA_RESTART|SA_SIGINFO
SIGUSR2: [libjvm.so+0xbdd9d0], sa_mask[0]=00000000000000000000000000000000, sa_flags=SA_RESTART|SA_SIGINFO
SIGHUP: [libjvm.so+0xbde260], sa_mask[0]=11111111011111111101111111111110, sa_flags=SA_RESTART|SA_SIGINFO
SIGINT: [libjvm.so+0xbde260], sa_mask[0]=11111111011111111101111111111110, sa_flags=SA_RESTART|SA_SIGINFO
SIGTERM: [libjvm.so+0xbde260], sa_mask[0]=11111111011111111101111111111110, sa_flags=SA_RESTART|SA_SIGINFO
SIGQUIT: [libjvm.so+0xbde260], sa_mask[0]=11111111011111111101111111111110, sa_flags=SA_RESTART|SA_SIGINFO


---------------  S Y S T E M  ---------------

OS:PRETTY_NAME="Debian GNU/Linux 11 (bullseye)"
NAME="Debian GNU/Linux"
VERSION_ID="11"
VERSION="11 (bullseye)"
VERSION_CODENAME=bullseye
ID=debian
HOME_URL="https://www.debian.org/"
SUPPORT_URL="https://www.debian.org/support"
BUG_REPORT_URL="https://bugs.debian.org/"
uname:Linux 5.10.0-28-amd64 #1 SMP Debian 5.10.209-2 (2024-01-31) x86_64
OS uptime: 21 days 9:24 hours
libc:glibc 2.31 NPTL 2.31 
rlimit (soft/hard): STACK 8192k/infinity , CORE 0k/infinity , NPROC 257010/257010 , NOFILE 1048576/1048576 , AS infinity/infinity , CPU infinity/infinity , DATA infinity/infinity , FSIZE infinity/infinity , MEMLOCK 8230515k/8230515k
load average:13.45 12.08 6.04

/proc/meminfo:
MemTotal:       65844120 kB
MemFree:        47880472 kB
MemAvailable:   53489092 kB
Buffers:          168724 kB
Cached:          5769884 kB
SwapCached:        27548 kB
Active:          3250088 kB
Inactive:        2826164 kB
Active(anon):      11232 kB
Inactive(anon):   126608 kB
Active(file):    3238856 kB
Inactive(file):  2699556 kB
Unevictable:           0 kB
Mlocked:               0 kB
SwapTotal:        998396 kB
SwapFree:         907464 kB
Dirty:            627532 kB
Writeback:             0 kB
AnonPages:        113456 kB
Mapped:            73472 kB
Shmem:               192 kB
KReclaimable:     401208 kB
Slab:            3893508 kB
SReclaimable:     401208 kB
SUnreclaim:      3492300 kB
KernelStack:        7776 kB
PageTables:         9804 kB
NFS_Unstable:          0 kB
Bounce:                0 kB
WritebackTmp:          0 kB
CommitLimit:    33920456 kB
Committed_AS:    2091372 kB
VmallocTotal:   34359738367 kB
VmallocUsed:     5544224 kB
VmallocChunk:          0 kB
Percpu:            23808 kB
HardwareCorrupted:     0 kB
AnonHugePages:    124928 kB
ShmemHugePages:        0 kB
ShmemPmdMapped:        0 kB
FileHugePages:         0 kB
FilePmdMapped:         0 kB
HugePages_Total:       0
HugePages_Free:        0
HugePages_Rsvd:        0
HugePages_Surp:        0
Hugepagesize:       2048 kB
Hugetlb:               0 kB
DirectMap4k:     2791276 kB
DirectMap2M:    63268864 kB
DirectMap1G:     3145728 kB

/sys/kernel/mm/transparent_hugepage/enabled:
[always] madvise never
/sys/kernel/mm/transparent_hugepage/defrag (defrag/compaction efforts parameter):
always defer defer+madvise [madvise] never

Process Memory:
Virtual Size: 19844980K (peak: 19906808K)
Resident Set Size: 54244K (peak: 54244K) (anon: 37620K, file: 16624K, shmem: 0K)
Swapped out: 0K
C-Heap outstanding allocations: 60754K, retained: 2189K
glibc malloc tunables: (default)

/proc/sys/kernel/threads-max (system-wide limit on the number of threads):
514021
/proc/sys/vm/max_map_count (maximum number of memory map areas a process may have):
65530
/proc/sys/kernel/pid_max (system-wide limit on number of process identifiers):
4194304

container (cgroup) information:
container_type: cgroupv2
cpu_cpuset_cpus: not supported
cpu_memory_nodes: not supported
active_processor_count: 32
cpu_quota: not supported
cpu_period: not supported
cpu_shares: not supported
memory_limit_in_bytes: unlimited
memory_and_swap_limit_in_bytes: unlimited
memory_soft_limit_in_bytes: unlimited
memory_usage_in_bytes: 6311956480
memory_max_usage_in_bytes: not supported

KVM virtualization detected
Steal ticks since vm start: 0
Steal ticks percentage since vm start:  0.000

CPU:total 32 (initial active 32) (1 cores per cpu, 1 threads per core) family 16 model 2 stepping 3 microcode 0x1000065, cmov, cx8, fxsr, mmx, sse, sse2, sse3, popcnt, mmxext, 3dnowpref, lzcnt, sse4a, tsc
CPU Model and flags from /proc/cpuinfo:
model name	: AMD Opteron 23xx (Gen 3 Class Opteron)
flags		: fpu vme de pse tsc msr pae mce cx8 apic sep mtrr pge mca cmov pat pse36 clflush mmx fxsr sse sse2 syscall nx mmxext fxsr_opt pdpe1gb rdtscp lm 3dnowext 3dnow rep_good nopl cpuid extd_apicid tsc_known_freq pni cx16 x2apic popcnt tsc_deadline_timer hypervisor lahf_lm cmp_legacy cr8_legacy abm sse4a misalignsse 3dnowprefetch osvw vmmcall arat
Online cpus:
0-31
Offline cpus:

BIOS frequency limitation:
<Not Available>
Frequency switch latency (ns):
<Not Available>
Available cpu frequencies:
<Not Available>
Current governor:
<Not Available>
Core performance/turbo boost:
<Not Available>

Memory: 4k page, physical 65844120k(47880472k free), swap 998396k(907464k free)

vm_info: OpenJDK 64-Bit Server VM (11.0.16-internal+0-adhoc.adam.jdk11u) for linux-amd64 JRE (11.0.16-internal+0-adhoc.adam.jdk11u), built on Oct  1 2024 18:53:57 by "adam" with gcc 10.2.1 20210110

END.
