#
# A fatal error has been detected by the Java Runtime Environment:
#
#  SIGSEGV (0xb) at pc=0x00007f05c3e05d88, pid=69933, tid=69972
#
# JRE version: OpenJDK Runtime Environment (11.0.15) (build 11.0.15-internal+0-adhoc.adam.jdk11u)
# Java VM: OpenJDK 64-Bit Server VM (11.0.15-internal+0-adhoc.adam.jdk11u, mixed mode, tiered, compressed oops, serial gc, linux-amd64)
# Problematic frame:
# V  [libjvm.so+0x724d88]  EpsilonHeap::allocate_work_klass(unsigned long, Klass*)+0x98
#
# Core dump will be written. Default location: Core dumps may be processed with "/usr/lib/systemd/systemd-coredump %P %u %g %s %t %c %h" (or dumping to /home/adam/Stage/jdk11u/make/core.69933)
#
# If you would like to submit a bug report, please visit:
#   https://bugreport.java.com/bugreport/crash.jsp
#

---------------  S U M M A R Y ------------

Command Line: -Denv.class.path=:/home/adam/Github/jgroups-5.0.0.Final.jar -Dapplication.home=/home/adam/Stage/jdk11u/build/linux-x86_64-normal-server-release/jdk -Xms8m -XX:+UseSerialGC -Xms32M -Xmx512M -XX:TieredStopAtLevel=1 -Djdk.module.main=jdk.jlink jdk.jlink/jdk.tools.jmod.Main create --module-version 11.0.15-internal --target-platform linux-amd64 --module-path /home/adam/Stage/jdk11u/build/linux-x86_64-normal-server-release/support/interim-jmods --libs /home/adam/Stage/jdk11u/build/linux-x86_64-normal-server-release/support/modules_libs/java.base --cmds /home/adam/Stage/jdk11u/build/linux-x86_64-normal-server-release/support/modules_cmds/java.base --config /home/adam/Stage/jdk11u/build/linux-x86_64-normal-server-release/support/modules_conf/java.base --class-path /home/adam/Stage/jdk11u/build/linux-x86_64-normal-server-release/jdk/modules/java.base --header-files /home/adam/Stage/jdk11u/build/linux-x86_64-normal-server-release/support/modules_include/java.base --legal-notices /home/adam/Stage/jdk11u/build/linux-x86_64-normal-server-release/support/modules_legal/common:/home/adam/Stage/jdk11u/build/linux-x86_64-normal-server-release/support/modules_legal/java.base --exclude **{_the.*,_*.marker,*.diz,*.debuginfo,*.dSYM/**,*.dSYM} /home/adam/Stage/jdk11u/build/linux-x86_64-normal-server-release/support/interim-jmods/temp/java.base.jmod

Host: AMD Ryzen 5 2500U with Radeon Vega Mobile Gfx, 8 cores, 14G, Arch Linux
Time: Mon May  9 12:50:50 2022 CEST elapsed time: 0.373570 seconds (0d 0h 0m 0s)

---------------  T H R E A D  ---------------

Current thread (0x00007f05bc027000):  JavaThread "main" [_thread_in_vm, id=69972, stack(0x00007f05c34f9000,0x00007f05c35f9000)]

Stack: [0x00007f05c34f9000,0x00007f05c35f9000],  sp=0x00007f05c35f5920,  free space=1010k
Native frames: (J=compiled Java code, A=aot compiled Java code, j=interpreted, Vv=VM code, C=native code)
V  [libjvm.so+0x724d88]  EpsilonHeap::allocate_work_klass(unsigned long, Klass*)+0x98
V  [libjvm.so+0xb4e9dc]  MemAllocator::mem_allocate(MemAllocator::Allocation&) const+0x7c
V  [libjvm.so+0xb4e262]  MemAllocator::allocate() const+0x62
V  [libjvm.so+0x600d84]  CollectedHeap::array_allocate(Klass*, int, int, bool, Thread*)+0x44
V  [libjvm.so+0x86c818]  InterpreterRuntime::newarray(JavaThread*, BasicType, int)+0x28
j  java.io.BufferedInputStream.<init>(Ljava/io/InputStream;I)V+26 java.base
j  java.io.BufferedInputStream.<init>(Ljava/io/InputStream;)V+5 java.base
j  jdk.internal.module.ModulePath.readExplodedModule(Ljava/nio/file/Path;)Ljava/lang/module/ModuleReference;+25 java.base
j  jdk.internal.module.ModulePath.readModule(Ljava/nio/file/Path;Ljava/nio/file/attribute/BasicFileAttributes;)Ljava/lang/module/ModuleReference;+11 java.base
j  jdk.internal.module.ModulePath.scanDirectory(Ljava/nio/file/Path;)Ljava/util/Map;+69 java.base
j  jdk.internal.module.ModulePath.scan(Ljava/nio/file/Path;)Ljava/util/Map;+60 java.base
j  jdk.internal.module.ModulePath.scanNextEntry()V+23 java.base
j  jdk.internal.module.ModulePath.find(Ljava/lang/String;)Ljava/util/Optional;+36 java.base
j  jdk.internal.module.SystemModuleFinders$1.lambda$find$0(Ljava/lang/module/ModuleFinder;Ljava/lang/String;)Ljava/util/Optional;+2 java.base
j  jdk.internal.module.SystemModuleFinders$1$$Lambda$1.run()Ljava/lang/Object;+8 java.base
v  ~StubRoutines::call_stub
V  [libjvm.so+0x87a933]  JavaCalls::call_helper(JavaValue*, methodHandle const&, JavaCallArguments*, Thread*)+0x373
V  [libjvm.so+0x935bcd]  JVM_DoPrivileged+0x55d
j  java.security.AccessController.doPrivileged(Ljava/security/PrivilegedAction;)Ljava/lang/Object;+0 java.base
j  jdk.internal.module.SystemModuleFinders$1.find(Ljava/lang/String;)Ljava/util/Optional;+12 java.base
j  jdk.internal.module.ModuleBootstrap.boot()Ljava/lang/ModuleLayer;+281 java.base
j  java.lang.System.initPhase2(ZZ)I+0 java.base
v  ~StubRoutines::call_stub
V  [libjvm.so+0x87a933]  JavaCalls::call_helper(JavaValue*, methodHandle const&, JavaCallArguments*, Thread*)+0x373
V  [libjvm.so+0x87986a]  JavaCalls::call_static(JavaValue*, Klass*, Symbol*, Symbol*, JavaCallArguments*, Thread*)+0xea
V  [libjvm.so+0xd8aa5d]  Threads::create_vm(JavaVMInitArgs*, bool*)+0xc6d
V  [libjvm.so+0x8f6b71]  JNI_CreateJavaVM+0x51
C  [libjli.so+0x4909]  JavaMain+0x89
C  [libjli.so+0x93f9]  ThreadJavaMain+0x9

Java frames: (J=compiled Java code, j=interpreted, Vv=VM code)
j  java.io.BufferedInputStream.<init>(Ljava/io/InputStream;I)V+26 java.base
j  java.io.BufferedInputStream.<init>(Ljava/io/InputStream;)V+5 java.base
j  jdk.internal.module.ModulePath.readExplodedModule(Ljava/nio/file/Path;)Ljava/lang/module/ModuleReference;+25 java.base
j  jdk.internal.module.ModulePath.readModule(Ljava/nio/file/Path;Ljava/nio/file/attribute/BasicFileAttributes;)Ljava/lang/module/ModuleReference;+11 java.base
j  jdk.internal.module.ModulePath.scanDirectory(Ljava/nio/file/Path;)Ljava/util/Map;+69 java.base
j  jdk.internal.module.ModulePath.scan(Ljava/nio/file/Path;)Ljava/util/Map;+60 java.base
j  jdk.internal.module.ModulePath.scanNextEntry()V+23 java.base
j  jdk.internal.module.ModulePath.find(Ljava/lang/String;)Ljava/util/Optional;+36 java.base
j  jdk.internal.module.SystemModuleFinders$1.lambda$find$0(Ljava/lang/module/ModuleFinder;Ljava/lang/String;)Ljava/util/Optional;+2 java.base
j  jdk.internal.module.SystemModuleFinders$1$$Lambda$1.run()Ljava/lang/Object;+8 java.base
v  ~StubRoutines::call_stub
j  java.security.AccessController.doPrivileged(Ljava/security/PrivilegedAction;)Ljava/lang/Object;+0 java.base
j  jdk.internal.module.SystemModuleFinders$1.find(Ljava/lang/String;)Ljava/util/Optional;+12 java.base
j  jdk.internal.module.ModuleBootstrap.boot()Ljava/lang/ModuleLayer;+281 java.base
j  java.lang.System.initPhase2(ZZ)I+0 java.base
v  ~StubRoutines::call_stub

siginfo: si_signo: 11 (SIGSEGV), si_code: 128 (SI_KERNEL), si_addr: 0x0000000000000000

Register to memory mapping:

RAX=
[error occurred during error reporting (printing register info), id 0xb, SIGSEGV (0xb) at pc=0x00007f05c3ebf2e4]

Registers:
RAX=0x00007f05c3ce3bb0, RBX=0x0000000000000402, RCX=0x0000000100000820, RDX=0x0000000100000820
RSP=0x00007f05c35f5920, RBP=0x00007f05c35f5980, RSI=0x0000000000000402, RDI=0x00007f05c47bb610
R8 =0x00007f05c35f59d8, R9 =0x00007f05bc027000, R10=0x0000000000002000, R11=0x0000000100000820
R12=0x00007f05bc0360b0, R13=0x00007f05c35f59c0, R14=0x00007f05bc0361f8, R15=0x00007f05bc027000
RIP=0x00007f05c3e05d88, EFLAGS=0x0000000000010292, CSGSFS=0x002b000000000033, ERR=0x0000000000000000
  TRAPNO=0x000000000000000d

Top of Stack: (sp=0x00007f05c35f5920)
0x00007f05c35f5920:   00000000e0017d90 0000000100000820
0x00007f05c35f5930:   00007f05c35f5930 00007f05c422f5e7
0x00007f05c35f5940:   0000000000000002 0000000000000000
0x00007f05c35f5950:   00007f05c35f59b8 00007f05c35f5a30 

Instructions: (pc=0x00007f05c3e05d88)
0x00007f05c3e05c88:   0f 8e af fd ff ff 49 c7 47 20 00 00 00 00 45 31
0x00007f05c3e05c98:   c9 e9 9f fd ff ff 66 90 4c 89 c8 4c 89 ca 66 0f
0x00007f05c3e05ca8:   ef c0 48 d1 e8 83 e2 01 48 09 d0 f2 48 0f 2a c0
0x00007f05c3e05cb8:   f2 0f 58 c0 e9 31 ff ff ff 0f 1f 80 00 00 00 00
0x00007f05c3e05cc8:   f2 0f 5c c1 f2 48 0f 2c d8 48 0f ba fb 3f e9 72
0x00007f05c3e05cd8:   fd ff ff 90 0f 1f 40 00 c6 02 00 e9 58 fa ff ff
0x00007f05c3e05ce8:   0f 1f 84 00 00 00 00 00 55 48 89 e5 41 57 41 56
0x00007f05c3e05cf8:   41 55 41 54 49 89 fc 53 48 89 f3 48 83 ec 38 8b
0x00007f05c3e05d08:   47 48 48 89 55 a8 83 c0 01 89 47 48 3d f4 01 00
0x00007f05c3e05d18:   00 75 53 e9 28 02 00 00 4c 39 cb 0f 83 07 02 00
0x00007f05c3e05d28:   00 31 d2 4c 89 ce 4c 89 f7 e8 7a 86 6c 00 49 8b
0x00007f05c3e05d38:   bc 24 40 01 00 00 48 8d 15 eb 06 00 00 49 8b b4
0x00007f05c3e05d48:   24 60 01 00 00 48 8b 07 48 8b 40 08 48 39 d0 0f
0x00007f05c3e05d58:   85 13 01 00 00 48 89 77 10 4d 85 ed 74 10 4c 89
0x00007f05c3e05d68:   ef e8 c2 a7 48 00 4d 8d b4 24 48 01 00 00 49 8b
0x00007f05c3e05d78:   bc 24 40 01 00 00 48 8b 55 a8 48 89 de 48 8b 07
0x00007f05c3e05d88:   ff 90 48 01 00 00 49 89 c7 48 85 c0 0f 85 f3 00
0x00007f05c3e05d98:   00 00 48 8d 05 9f 02 ad 00 4c 8b 28 4d 85 ed 74
0x00007f05c3e05da8:   08 4c 89 ef e8 4f a6 48 00 49 8b bc 24 40 01 00
0x00007f05c3e05db8:   00 48 8b 55 a8 48 89 de 48 8b 07 ff 90 48 01 00
0x00007f05c3e05dc8:   00 49 89 c7 48 85 c0 0f 85 ab 00 00 00 49 8b 04
0x00007f05c3e05dd8:   24 48 8d 0d 70 07 00 00 48 8b 80 80 00 00 00 48
0x00007f05c3e05de8:   39 c8 75 74 4c 89 f7 e8 5c 85 6c 00 48 89 45 a0
0x00007f05c3e05df8:   49 8b 04 24 48 8d 0d 5d 07 00 00 48 8b 40 68 48
0x00007f05c3e05e08:   39 c8 75 44 4c 89 f7 e8 2c 85 6c 00 4c 8b 4d a0
0x00007f05c3e05e18:   49 29 c1 48 8d 05 6e 3b a7 00 48 8b 00 48 39 c3
0x00007f05c3e05e28:   48 0f 43 c3 48 89 c6 49 39 c1 0f 86 e8 fe ff ff
0x00007f05c3e05e38:   31 d2 4c 89 f7 e8 6e 85 6c 00 e9 ef fe ff ff 66
0x00007f05c3e05e48:   0f 1f 84 00 00 00 00 00 4c 89 e7 ff d0 eb bd 66
0x00007f05c3e05e58:   0f 1f 84 00 00 00 00 00 4c 89 e7 ff d0 48 89 45
0x00007f05c3e05e68:   a0 eb 8d 0f 1f 44 00 00 ff d0 e9 ea fe ff ff 66
0x00007f05c3e05e78:   0f 1f 84 00 00 00 00 00 4d 85 ed 74 08 4c 89 ef 


Stack slot to memory mapping:
stack at sp + 0 slots: 
[error occurred during error reporting (inspecting top of stack), id 0xb, SIGSEGV (0xb) at pc=0x00007f05c3ebf2e4]


---------------  P R O C E S S  ---------------

Threads class SMR info:
_java_thread_list=0x00007f05bc0eb220, length=8, elements={
0x00007f05bc027000, 0x00007f05bc0a1800, 0x00007f05bc0a5800, 0x00007f05bc0be000,
0x00007f05bc0c4800, 0x00007f05bc0c6800, 0x00007f05bc0c8800, 0x00007f05bc0e9800
}

Java Threads: ( => current thread )
=>0x00007f05bc027000 JavaThread "main" [_thread_in_vm, id=69972, stack(0x00007f05c34f9000,0x00007f05c35f9000)]
  0x00007f05bc0a1800 JavaThread "Reference Handler" daemon [_thread_blocked, id=70187, stack(0x00007f05c25c6000,0x00007f05c26c6000)]
  0x00007f05bc0a5800 JavaThread "Finalizer" daemon [_thread_blocked, id=70190, stack(0x00007f05c24c6000,0x00007f05c25c6000)]
  0x00007f05bc0be000 JavaThread "Signal Dispatcher" daemon [_thread_blocked, id=70290, stack(0x00007f05c23c6000,0x00007f05c24c6000)]
  0x00007f05bc0c4800 JavaThread "Service Thread" daemon [_thread_blocked, id=70291, stack(0x00007f05c22c6000,0x00007f05c23c6000)]
  0x00007f05bc0c6800 JavaThread "C1 CompilerThread0" daemon [_thread_blocked, id=70293, stack(0x00007f05c21c6000,0x00007f05c22c6000)]
  0x00007f05bc0c8800 JavaThread "Sweeper thread" daemon [_thread_blocked, id=70299, stack(0x00007f05c20c6000,0x00007f05c21c6000)]
  0x00007f05bc0e9800 JavaThread "Common-Cleaner" daemon [_thread_blocked, id=70391, stack(0x00007f05c1f6a000,0x00007f05c206a000)]

Other Threads:
  0x00007f05bc099800 VMThread "VM Thread" [stack: 0x00007f05c26c8000,0x00007f05c27c8000] [id=70152]

Threads with active compile tasks:

VM state:not at safepoint (normal execution)

VM Mutex/Monitor currently owned by a thread: None

Heap address: 0x00000000e0000000, size: 512 MB, Compressed Oops mode: 32-bit
Narrow klass base: 0x0000000000000000, Narrow klass shift: 3
Compressed class space size: 1073741824 Address: 0x0000000100000000

Heap:

[error occurred during error reporting (printing heap information), id 0xb, SIGSEGV (0xb) at pc=0x00007f05c3ebf2a4]

Metaspace:

Usage:
  Non-class:      4.10 MB capacity,     4.06 MB (>99%) used,    39.48 KB ( <1%) free+waste,     1.50 KB ( <1%) overhead. 
      Class:    398.00 KB capacity,   387.69 KB ( 97%) used,     9.38 KB (  2%) free+waste,   960 bytes ( <1%) overhead. 
       Both:      4.48 MB capacity,     4.43 MB ( 99%) used,    48.86 KB (  1%) free+waste,     2.44 KB ( <1%) overhead. 

Virtual space:
  Non-class space:        8.00 MB reserved,       4.25 MB ( 53%) committed 
      Class space:        1.00 GB reserved,     512.00 KB ( <1%) committed 
             Both:        1.01 GB reserved,       4.75 MB ( <1%) committed 

Chunk freelists:
   Non-Class:  46.00 KB
       Class:  0 bytes
        Both:  46.00 KB

MaxMetaspaceSize: unlimited
CompressedClassSpaceSize: 1.00 GB
Initial GC threshold: 20.80 MB
Current GC threshold: 20.80 MB
CDS: off

CodeHeap 'non-profiled nmethods': size=238384Kb used=92Kb max_used=92Kb free=238291Kb
 bounds [0x00007f05ad734000, 0x00007f05ad9a4000, 0x00007f05bc000000]
CodeHeap 'non-nmethods': size=7376Kb used=1045Kb max_used=1045Kb free=6330Kb
 bounds [0x00007f05ad000000, 0x00007f05ad270000, 0x00007f05ad734000]
 total_blobs=364 nmethods=84 adapters=211
 compilation: enabled
              stopped_count=0, restarted_count=0
 full_count=0

Compilation events (20 events):
Event: 0.364 Thread 0x00007f05bc0c6800 nmethod 74 0x00007f05ad747f90 code [0x00007f05ad748140, 0x00007f05ad7481f0]
Event: 0.364 Thread 0x00007f05bc0c6800   75       1       java.util.HashMap$HashIterator::hasNext (13 bytes)
Event: 0.364 Thread 0x00007f05bc0c6800 nmethod 75 0x00007f05ad748290 code [0x00007f05ad748440, 0x00007f05ad748510]
Event: 0.364 Thread 0x00007f05bc0c6800   77       1       java.lang.String::codePointAt (50 bytes)
Event: 0.364 Thread 0x00007f05bc0c6800 nmethod 77 0x00007f05ad748590 code [0x00007f05ad748760, 0x00007f05ad748900]
Event: 0.364 Thread 0x00007f05bc0c6800   82       1       java.util.HashMap$HashIterator::nextNode (100 bytes)
Event: 0.365 Thread 0x00007f05bc0c6800 nmethod 82 0x00007f05ad748a90 code [0x00007f05ad748c60, 0x00007f05ad748eb0]
Event: 0.365 Thread 0x00007f05bc0c6800   76       1       java.lang.String::checkIndex (46 bytes)
Event: 0.365 Thread 0x00007f05bc0c6800 nmethod 76 0x00007f05ad749090 code [0x00007f05ad7492a0, 0x00007f05ad749610]
Event: 0.365 Thread 0x00007f05bc0c6800   71       1       java.util.AbstractCollection::<init> (5 bytes)
Event: 0.366 Thread 0x00007f05bc0c6800 nmethod 71 0x00007f05ad749810 code [0x00007f05ad7499c0, 0x00007f05ad749a70]
Event: 0.366 Thread 0x00007f05bc0c6800   72       1       java.util.HashMap::put (13 bytes)
Event: 0.366 Thread 0x00007f05bc0c6800 nmethod 72 0x00007f05ad749b10 code [0x00007f05ad749cc0, 0x00007f05ad749e10]
Event: 0.366 Thread 0x00007f05bc0c6800   78       1       java.util.HashMap$Node::<init> (26 bytes)
Event: 0.366 Thread 0x00007f05bc0c6800 nmethod 78 0x00007f05ad749f10 code [0x00007f05ad74a0c0, 0x00007f05ad74a1b0]
Event: 0.366 Thread 0x00007f05bc0c6800   79       1       java.util.HashMap::newNode (13 bytes)
Event: 0.366 Thread 0x00007f05bc0c6800 nmethod 79 0x00007f05ad74a210 code [0x00007f05ad74a3c0, 0x00007f05ad74a510]
Event: 0.366 Thread 0x00007f05bc0c6800   80       1       java.util.HashMap::afterNodeInsertion (1 bytes)
Event: 0.366 Thread 0x00007f05bc0c6800 nmethod 80 0x00007f05ad74a590 code [0x00007f05ad74a740, 0x00007f05ad74a7f0]
Event: 0.366 Thread 0x00007f05bc0c6800   83       1       java.util.HashSet::add (20 bytes)

GC Heap History (0 events):
No events

Deoptimization events (0 events):
No events

Classes redefined (0 events):
No events

Internal exceptions (6 events):
Event: 0.289 Thread 0x00007f05bc027000 Exception <a 'java/lang/NoSuchMethodError'{0x00000000e0072cb0}: 'java.lang.Object java.lang.invoke.DirectMethodHandle$Holder.invokeStatic(java.lang.Object, java.lang.Object, java.lang.Object)'> (0x00000000e0072cb0) thrown at [src/hotspot/share/interpreter/linkResolver.cpp, line 772]
Event: 0.293 Thread 0x00007f05bc027000 Exception <a 'java/lang/NoSuchMethodError'{0x00000000e007b0e8}: 'java.lang.Object java.lang.invoke.Invokers$Holder.invokeExact_MT(java.lang.Object, java.lang.Object, java.lang.Object, java.lang.Object, java.lang.Object, java.lang.Object, java.lang.Object, java.lang.Object)'> (0x00000000e007b0e8) thrown at [src/hotspot/share/interpreter/linkResolver.cpp, line 772]
Event: 0.301 Thread 0x00007f05bc027000 Exception <a 'java/lang/NoSuchMethodError'{0x00000000e00870b0}: 'java.lang.Object java.lang.invoke.Invokers$Holder.linkToTargetMethod(java.lang.Object, java.lang.Object, java.lang.Object)'> (0x00000000e00870b0) thrown at [src/hotspot/share/interpreter/linkResolver.cpp, line 772]
Event: 0.329 Thread 0x00007f05bc027000 Exception <a 'java/lang/NoSuchMethodError'{0x00000000e0099e60}: 'java.lang.Object java.lang.invoke.DirectMethodHandle$Holder.invokeSpecial(java.lang.Object, java.lang.Object, java.lang.Object)'> (0x00000000e0099e60) thrown at [src/hotspot/share/interpreter/linkResolver.cpp, line 772]
Event: 0.344 Thread 0x00007f05bc027000 Exception <a 'java/lang/NoSuchMethodError'{0x00000000e00aa108}: 'java.lang.Object java.lang.invoke.DirectMethodHandle$Holder.invokeStatic(java.lang.Object, java.lang.Object)'> (0x00000000e00aa108) thrown at [src/hotspot/share/interpreter/linkResolver.cpp, line 772]
Event: 0.345 Thread 0x00007f05bc027000 Exception <a 'java/lang/NoSuchMethodError'{0x00000000e00ad310}: 'java.lang.Object java.lang.invoke.Invokers$Holder.linkToTargetMethod(java.lang.Object, java.lang.Object)'> (0x00000000e00ad310) thrown at [src/hotspot/share/interpreter/linkResolver.cpp, line 772]

Events (20 events):
Event: 0.347 loading class java/util/HashMap$Values
Event: 0.348 loading class java/util/HashMap$Values done
Event: 0.348 loading class java/util/HashMap$ValueIterator
Event: 0.348 loading class java/util/HashMap$ValueIterator done
Event: 0.348 loading class jdk/internal/module/ModuleInfo$Attributes
Event: 0.349 loading class jdk/internal/module/ModuleInfo$Attributes done
Event: 0.349 loading class jdk/internal/module/ModuleReferences
Event: 0.349 loading class jdk/internal/module/ModuleReferences done
Event: 0.349 loading class java/lang/module/ModuleReader
Event: 0.349 loading class java/lang/module/ModuleReader done
Event: 0.350 loading class sun/nio/fs/UnixUriUtils
Event: 0.351 loading class sun/nio/fs/UnixUriUtils done
Event: 0.351 loading class java/net/URI$Parser
Event: 0.352 loading class java/net/URI$Parser done
Event: 0.352 loading class jdk/internal/module/ModuleReferenceImpl
Event: 0.352 loading class java/lang/module/ModuleReference
Event: 0.353 loading class java/lang/module/ModuleReference done
Event: 0.353 loading class jdk/internal/module/ModuleReferenceImpl done
Event: 0.354 loading class jdk/internal/module/Checks
Event: 0.354 loading class jdk/internal/module/Checks done


Dynamic libraries:
e0000000-e0aa0000 rw-p 00000000 00:00 0 
e0aa0000-eaaa0000 ---p 00000000 00:00 0 
eaaa0000-ec000000 rw-p 00000000 00:00 0 
ec000000-100000000 ---p 00000000 00:00 0 
100000000-100080000 rw-p 00000000 00:00 0 
100080000-140000000 ---p 00000000 00:00 0 
5558c807b000-5558c807c000 r--p 00000000 103:06 11562322                  /home/adam/Stage/jdk11u/build/linux-x86_64-normal-server-release/jdk/bin/jmod
5558c807c000-5558c807d000 r-xp 00001000 103:06 11562322                  /home/adam/Stage/jdk11u/build/linux-x86_64-normal-server-release/jdk/bin/jmod
5558c807d000-5558c807e000 r--p 00002000 103:06 11562322                  /home/adam/Stage/jdk11u/build/linux-x86_64-normal-server-release/jdk/bin/jmod
5558c807e000-5558c807f000 r--p 00002000 103:06 11562322                  /home/adam/Stage/jdk11u/build/linux-x86_64-normal-server-release/jdk/bin/jmod
5558c807f000-5558c8080000 rw-p 00003000 103:06 11562322                  /home/adam/Stage/jdk11u/build/linux-x86_64-normal-server-release/jdk/bin/jmod
5558c990e000-5558c992f000 rw-p 00000000 00:00 0                          [heap]
7f0588000000-7f0588021000 rw-p 00000000 00:00 0 
7f0588021000-7f058c000000 ---p 00000000 00:00 0 
7f0590000000-7f05900ce000 rw-p 00000000 00:00 0 
7f05900ce000-7f0594000000 ---p 00000000 00:00 0 
7f0594000000-7f0594021000 rw-p 00000000 00:00 0 
7f0594021000-7f0598000000 ---p 00000000 00:00 0 
7f0598000000-7f0598021000 rw-p 00000000 00:00 0 
7f0598021000-7f059c000000 ---p 00000000 00:00 0 
7f059c000000-7f059c021000 rw-p 00000000 00:00 0 
7f059c021000-7f05a0000000 ---p 00000000 00:00 0 
7f05a0000000-7f05a0021000 rw-p 00000000 00:00 0 
7f05a0021000-7f05a4000000 ---p 00000000 00:00 0 
7f05a4000000-7f05a4021000 rw-p 00000000 00:00 0 
7f05a4021000-7f05a8000000 ---p 00000000 00:00 0 
7f05a8000000-7f05a8021000 rw-p 00000000 00:00 0 
7f05a8021000-7f05ac000000 ---p 00000000 00:00 0 
7f05ad000000-7f05ad270000 rwxp 00000000 00:00 0 
7f05ad270000-7f05ad734000 ---p 00000000 00:00 0 
7f05ad734000-7f05ad9a4000 rwxp 00000000 00:00 0 
7f05ad9a4000-7f05bc000000 ---p 00000000 00:00 0 
7f05bc000000-7f05bc15a000 rw-p 00000000 00:00 0 
7f05bc15a000-7f05c0000000 ---p 00000000 00:00 0 
7f05c1bd2000-7f05c1f6a000 rw-p 00000000 00:00 0 
7f05c1f6a000-7f05c1f6e000 ---p 00000000 00:00 0 
7f05c1f6e000-7f05c209b000 rw-p 00000000 00:00 0 
7f05c209b000-7f05c209f000 r--p 00000000 103:06 11562292                  /home/adam/Stage/jdk11u/build/linux-x86_64-normal-server-release/jdk/lib/libnet.so
7f05c209f000-7f05c20ad000 r-xp 00004000 103:06 11562292                  /home/adam/Stage/jdk11u/build/linux-x86_64-normal-server-release/jdk/lib/libnet.so
7f05c20ad000-7f05c20b1000 r--p 00012000 103:06 11562292                  /home/adam/Stage/jdk11u/build/linux-x86_64-normal-server-release/jdk/lib/libnet.so
7f05c20b1000-7f05c20b2000 r--p 00015000 103:06 11562292                  /home/adam/Stage/jdk11u/build/linux-x86_64-normal-server-release/jdk/lib/libnet.so
7f05c20b2000-7f05c20b3000 rw-p 00016000 103:06 11562292                  /home/adam/Stage/jdk11u/build/linux-x86_64-normal-server-release/jdk/lib/libnet.so
7f05c20b3000-7f05c20ba000 r--p 00000000 103:06 11562304                  /home/adam/Stage/jdk11u/build/linux-x86_64-normal-server-release/jdk/lib/libnio.so
7f05c20ba000-7f05c20c1000 r-xp 00007000 103:06 11562304                  /home/adam/Stage/jdk11u/build/linux-x86_64-normal-server-release/jdk/lib/libnio.so
7f05c20c1000-7f05c20c4000 r--p 0000e000 103:06 11562304                  /home/adam/Stage/jdk11u/build/linux-x86_64-normal-server-release/jdk/lib/libnio.so
7f05c20c4000-7f05c20c5000 r--p 00010000 103:06 11562304                  /home/adam/Stage/jdk11u/build/linux-x86_64-normal-server-release/jdk/lib/libnio.so
7f05c20c5000-7f05c20c6000 rw-p 00011000 103:06 11562304                  /home/adam/Stage/jdk11u/build/linux-x86_64-normal-server-release/jdk/lib/libnio.so
7f05c20c6000-7f05c20ca000 ---p 00000000 00:00 0 
7f05c20ca000-7f05c21c6000 rw-p 00000000 00:00 0 
7f05c21c6000-7f05c21ca000 ---p 00000000 00:00 0 
7f05c21ca000-7f05c22c6000 rw-p 00000000 00:00 0 
7f05c22c6000-7f05c22ca000 ---p 00000000 00:00 0 
7f05c22ca000-7f05c23c6000 rw-p 00000000 00:00 0 
7f05c23c6000-7f05c23ca000 ---p 00000000 00:00 0 
7f05c23ca000-7f05c24c6000 rw-p 00000000 00:00 0 
7f05c24c6000-7f05c24ca000 ---p 00000000 00:00 0 
7f05c24ca000-7f05c25c6000 rw-p 00000000 00:00 0 
7f05c25c6000-7f05c25ca000 ---p 00000000 00:00 0 
7f05c25ca000-7f05c26c6000 rw-p 00000000 00:00 0 
7f05c26c6000-7f05c26c7000 ---p 00000000 00:00 0 
7f05c26c7000-7f05c2d0c000 rw-p 00000000 00:00 0 
7f05c2d0c000-7f05c30cc000 ---p 00000000 00:00 0 
7f05c30cc000-7f05c3119000 rw-p 00000000 00:00 0 
7f05c3119000-7f05c31b9000 ---p 00000000 00:00 0 
7f05c31b9000-7f05c31bf000 rw-p 00000000 00:00 0 
7f05c31bf000-7f05c320e000 ---p 00000000 00:00 0 
7f05c320e000-7f05c3219000 rw-p 00000000 00:00 0 
7f05c3219000-7f05c32b9000 ---p 00000000 00:00 0 
7f05c32b9000-7f05c32bf000 rw-p 00000000 00:00 0 
7f05c32bf000-7f05c348c000 ---p 00000000 00:00 0 
7f05c348c000-7f05c3491000 rw-p 00000000 00:00 0 
7f05c3491000-7f05c349b000 ---p 00000000 00:00 0 
7f05c349b000-7f05c349d000 r--p 00000000 103:06 11562287                  /home/adam/Stage/jdk11u/build/linux-x86_64-normal-server-release/jdk/lib/libzip.so
7f05c349d000-7f05c34a1000 r-xp 00002000 103:06 11562287                  /home/adam/Stage/jdk11u/build/linux-x86_64-normal-server-release/jdk/lib/libzip.so
7f05c34a1000-7f05c34a3000 r--p 00006000 103:06 11562287                  /home/adam/Stage/jdk11u/build/linux-x86_64-normal-server-release/jdk/lib/libzip.so
7f05c34a3000-7f05c34a4000 r--p 00007000 103:06 11562287                  /home/adam/Stage/jdk11u/build/linux-x86_64-normal-server-release/jdk/lib/libzip.so
7f05c34a4000-7f05c34a5000 rw-p 00008000 103:06 11562287                  /home/adam/Stage/jdk11u/build/linux-x86_64-normal-server-release/jdk/lib/libzip.so
7f05c34a5000-7f05c34a9000 r--p 00000000 103:06 11562293                  /home/adam/Stage/jdk11u/build/linux-x86_64-normal-server-release/jdk/lib/libjimage.so
7f05c34a9000-7f05c34bd000 r-xp 00004000 103:06 11562293                  /home/adam/Stage/jdk11u/build/linux-x86_64-normal-server-release/jdk/lib/libjimage.so
7f05c34bd000-7f05c34c3000 r--p 00018000 103:06 11562293                  /home/adam/Stage/jdk11u/build/linux-x86_64-normal-server-release/jdk/lib/libjimage.so
7f05c34c3000-7f05c34c5000 r--p 0001d000 103:06 11562293                  /home/adam/Stage/jdk11u/build/linux-x86_64-normal-server-release/jdk/lib/libjimage.so
7f05c34c5000-7f05c34c6000 rw-p 0001f000 103:06 11562293                  /home/adam/Stage/jdk11u/build/linux-x86_64-normal-server-release/jdk/lib/libjimage.so
7f05c34c6000-7f05c34d4000 r--p 00000000 103:06 11562269                  /home/adam/Stage/jdk11u/build/linux-x86_64-normal-server-release/jdk/lib/libjava.so
7f05c34d4000-7f05c34ea000 r-xp 0000e000 103:06 11562269                  /home/adam/Stage/jdk11u/build/linux-x86_64-normal-server-release/jdk/lib/libjava.so
7f05c34ea000-7f05c34f0000 r--p 00024000 103:06 11562269                  /home/adam/Stage/jdk11u/build/linux-x86_64-normal-server-release/jdk/lib/libjava.so
7f05c34f0000-7f05c34f1000 ---p 0002a000 103:06 11562269                  /home/adam/Stage/jdk11u/build/linux-x86_64-normal-server-release/jdk/lib/libjava.so
7f05c34f1000-7f05c34f2000 r--p 0002a000 103:06 11562269                  /home/adam/Stage/jdk11u/build/linux-x86_64-normal-server-release/jdk/lib/libjava.so
7f05c34f2000-7f05c34f3000 rw-p 0002b000 103:06 11562269                  /home/adam/Stage/jdk11u/build/linux-x86_64-normal-server-release/jdk/lib/libjava.so
7f05c34f3000-7f05c34f4000 rw-p 00000000 00:00 0 
7f05c34f4000-7f05c34f5000 r--p 00000000 103:06 1183131                   /usr/lib/librt.so.1
7f05c34f5000-7f05c34f6000 r-xp 00001000 103:06 1183131                   /usr/lib/librt.so.1
7f05c34f6000-7f05c34f7000 r--p 00002000 103:06 1183131                   /usr/lib/librt.so.1
7f05c34f7000-7f05c34f8000 r--p 00002000 103:06 1183131                   /usr/lib/librt.so.1
7f05c34f8000-7f05c34f9000 rw-p 00003000 103:06 1183131                   /usr/lib/librt.so.1
7f05c34f9000-7f05c34fd000 ---p 00000000 00:00 0 
7f05c34fd000-7f05c35f9000 rw-p 00000000 00:00 0 
7f05c35f9000-7f05c3609000 r--p 00000000 103:06 1183096                   /usr/lib/libm.so.6
7f05c3609000-7f05c3683000 r-xp 00010000 103:06 1183096                   /usr/lib/libm.so.6
7f05c3683000-7f05c36df000 r--p 0008a000 103:06 1183096                   /usr/lib/libm.so.6
7f05c36df000-7f05c36e0000 r--p 000e5000 103:06 1183096                   /usr/lib/libm.so.6
7f05c36e0000-7f05c36e1000 rw-p 000e6000 103:06 1183096                   /usr/lib/libm.so.6
7f05c36e1000-7f05c395d000 r--p 00000000 103:06 11561283                  /home/adam/Stage/jdk11u/build/linux-x86_64-normal-server-release/jdk/lib/server/libjvm.so
7f05c395d000-7f05c4564000 r-xp 0027c000 103:06 11561283                  /home/adam/Stage/jdk11u/build/linux-x86_64-normal-server-release/jdk/lib/server/libjvm.so
7f05c4564000-7f05c47b1000 r--p 00e83000 103:06 11561283                  /home/adam/Stage/jdk11u/build/linux-x86_64-normal-server-release/jdk/lib/server/libjvm.so
7f05c47b1000-7f05c47b2000 ---p 010d0000 103:06 11561283                  /home/adam/Stage/jdk11u/build/linux-x86_64-normal-server-release/jdk/lib/server/libjvm.so
7f05c47b2000-7f05c4874000 r--p 010d0000 103:06 11561283                  /home/adam/Stage/jdk11u/build/linux-x86_64-normal-server-release/jdk/lib/server/libjvm.so
7f05c4874000-7f05c48ae000 rw-p 01192000 103:06 11561283                  /home/adam/Stage/jdk11u/build/linux-x86_64-normal-server-release/jdk/lib/server/libjvm.so
7f05c48ae000-7f05c4908000 rw-p 00000000 00:00 0 
7f05c4908000-7f05c4934000 r--p 00000000 103:06 1183082                   /usr/lib/libc.so.6
7f05c4934000-7f05c4aaa000 r-xp 0002c000 103:06 1183082                   /usr/lib/libc.so.6
7f05c4aaa000-7f05c4afe000 r--p 001a2000 103:06 1183082                   /usr/lib/libc.so.6
7f05c4afe000-7f05c4aff000 ---p 001f6000 103:06 1183082                   /usr/lib/libc.so.6
7f05c4aff000-7f05c4b02000 r--p 001f6000 103:06 1183082                   /usr/lib/libc.so.6
7f05c4b02000-7f05c4b05000 rw-p 001f9000 103:06 1183082                   /usr/lib/libc.so.6
7f05c4b05000-7f05c4b12000 rw-p 00000000 00:00 0 
7f05c4b12000-7f05c4b15000 r--p 00000000 103:06 11562251                  /home/adam/Stage/jdk11u/build/linux-x86_64-normal-server-release/jdk/lib/jli/libjli.so
7f05c4b15000-7f05c4b1f000 r-xp 00003000 103:06 11562251                  /home/adam/Stage/jdk11u/build/linux-x86_64-normal-server-release/jdk/lib/jli/libjli.so
7f05c4b1f000-7f05c4b22000 r--p 0000d000 103:06 11562251                  /home/adam/Stage/jdk11u/build/linux-x86_64-normal-server-release/jdk/lib/jli/libjli.so
7f05c4b22000-7f05c4b23000 ---p 00010000 103:06 11562251                  /home/adam/Stage/jdk11u/build/linux-x86_64-normal-server-release/jdk/lib/jli/libjli.so
7f05c4b23000-7f05c4b24000 r--p 00010000 103:06 11562251                  /home/adam/Stage/jdk11u/build/linux-x86_64-normal-server-release/jdk/lib/jli/libjli.so
7f05c4b24000-7f05c4b25000 rw-p 00011000 103:06 11562251                  /home/adam/Stage/jdk11u/build/linux-x86_64-normal-server-release/jdk/lib/jli/libjli.so
7f05c4b25000-7f05c4b28000 r--p 00000000 103:06 1192897                   /usr/lib/libz.so.1.2.12
7f05c4b28000-7f05c4b36000 r-xp 00003000 103:06 1192897                   /usr/lib/libz.so.1.2.12
7f05c4b36000-7f05c4b3d000 r--p 00011000 103:06 1192897                   /usr/lib/libz.so.1.2.12
7f05c4b3d000-7f05c4b3e000 r--p 00017000 103:06 1192897                   /usr/lib/libz.so.1.2.12
7f05c4b3e000-7f05c4b3f000 rw-p 00018000 103:06 1192897                   /usr/lib/libz.so.1.2.12
7f05c4b44000-7f05c4b4c000 rw-s 00000000 00:23 420                        /tmp/hsperfdata_adam/69933
7f05c4b4c000-7f05c4b4d000 ---p 00000000 00:00 0 
7f05c4b4d000-7f05c4b4e000 r--p 00000000 00:00 0 
7f05c4b4e000-7f05c4b53000 r--p 00000000 103:06 11562230                  /home/adam/Stage/jdk11u/build/linux-x86_64-normal-server-release/jdk/lib/libverify.so
7f05c4b53000-7f05c4b5a000 r-xp 00005000 103:06 11562230                  /home/adam/Stage/jdk11u/build/linux-x86_64-normal-server-release/jdk/lib/libverify.so
7f05c4b5a000-7f05c4b5c000 r--p 0000c000 103:06 11562230                  /home/adam/Stage/jdk11u/build/linux-x86_64-normal-server-release/jdk/lib/libverify.so
7f05c4b5c000-7f05c4b5e000 r--p 0000d000 103:06 11562230                  /home/adam/Stage/jdk11u/build/linux-x86_64-normal-server-release/jdk/lib/libverify.so
7f05c4b5e000-7f05c4b5f000 rw-p 0000f000 103:06 11562230                  /home/adam/Stage/jdk11u/build/linux-x86_64-normal-server-release/jdk/lib/libverify.so
7f05c4b5f000-7f05c4b61000 rw-p 00000000 00:00 0 
7f05c4b61000-7f05c4b63000 r--p 00000000 103:06 1183070                   /usr/lib/ld-linux-x86-64.so.2
7f05c4b63000-7f05c4b8a000 r-xp 00002000 103:06 1183070                   /usr/lib/ld-linux-x86-64.so.2
7f05c4b8a000-7f05c4b95000 r--p 00029000 103:06 1183070                   /usr/lib/ld-linux-x86-64.so.2
7f05c4b96000-7f05c4b98000 r--p 00034000 103:06 1183070                   /usr/lib/ld-linux-x86-64.so.2
7f05c4b98000-7f05c4b9a000 rw-p 00036000 103:06 1183070                   /usr/lib/ld-linux-x86-64.so.2
7ffd50ea8000-7ffd50eca000 rw-p 00000000 00:00 0                          [stack]
7ffd50f18000-7ffd50f1c000 r--p 00000000 00:00 0                          [vvar]
7ffd50f1c000-7ffd50f1e000 r-xp 00000000 00:00 0                          [vdso]
ffffffffff600000-ffffffffff601000 --xp 00000000 00:00 0                  [vsyscall]


VM Arguments:
jvm_args: -Denv.class.path=:/home/adam/Github/jgroups-5.0.0.Final.jar -Dapplication.home=/home/adam/Stage/jdk11u/build/linux-x86_64-normal-server-release/jdk -Xms8m -XX:+UseSerialGC -Xms32M -Xmx512M -XX:TieredStopAtLevel=1 -Djdk.module.main=jdk.jlink 
java_command: jdk.jlink/jdk.tools.jmod.Main create --module-version 11.0.15-internal --target-platform linux-amd64 --module-path /home/adam/Stage/jdk11u/build/linux-x86_64-normal-server-release/support/interim-jmods --libs /home/adam/Stage/jdk11u/build/linux-x86_64-normal-server-release/support/modules_libs/java.base --cmds /home/adam/Stage/jdk11u/build/linux-x86_64-normal-server-release/support/modules_cmds/java.base --config /home/adam/Stage/jdk11u/build/linux-x86_64-normal-server-release/support/modules_conf/java.base --class-path /home/adam/Stage/jdk11u/build/linux-x86_64-normal-server-release/jdk/modules/java.base --header-files /home/adam/Stage/jdk11u/build/linux-x86_64-normal-server-release/support/modules_include/java.base --legal-notices /home/adam/Stage/jdk11u/build/linux-x86_64-normal-server-release/support/modules_legal/common:/home/adam/Stage/jdk11u/build/linux-x86_64-normal-server-release/support/modules_legal/java.base --exclude **{_the.*,_*.marker,*.diz,*.debuginfo,*.dSYM/**,*.dSYM} /home/adam/Stage/jdk11u/build/linux-x86_64-normal-server-release/support/interim-jmods/temp/java.base.jmod
java_class_path (initial): <not set>
Launcher Type: SUN_STANDARD

[Global flags]
     intx CICompilerCount                          = 4                                         {product} {ergonomic}
   size_t InitialHeapSize                          = 33554432                                  {product} {command line}
   size_t MaxHeapSize                              = 536870912                                 {product} {command line}
   size_t MaxNewSize                               = 178913280                                 {product} {ergonomic}
   size_t MinHeapDeltaBytes                        = 196608                                    {product} {ergonomic}
   size_t NewSize                                  = 11141120                                  {product} {ergonomic}
    uintx NonNMethodCodeHeapSize                   = 7549744                                {pd product} {ergonomic}
    uintx NonProfiledCodeHeapSize                  = 244108496                              {pd product} {ergonomic}
   size_t OldSize                                  = 22413312                                  {product} {ergonomic}
    uintx ProfiledCodeHeapSize                     = 0                                      {pd product} {ergonomic}
    uintx ReservedCodeCacheSize                    = 251658240                              {pd product} {ergonomic}
     bool SegmentedCodeCache                       = true                                      {product} {ergonomic}
     intx TieredStopAtLevel                        = 1                                         {product} {command line}
     bool UseCompressedClassPointers               = true                                 {lp64_product} {ergonomic}
     bool UseCompressedOops                        = true                                 {lp64_product} {ergonomic}
     bool UseSerialGC                              = true                                      {product} {command line}

Logging:
Log output configuration:
 #0: stdout all=warning uptime,level,tags
 #1: stderr all=off uptime,level,tags

Environment Variables:
JAVA_HOME=/usr/lib/jvm/java-11-openjdk
CLASSPATH=:/home/adam/Github/jgroups-5.0.0.Final.jar
PATH=/home/adam/.local/bin:/home/adam/.cargo/bin:/home/adam/bin:/opt/google-cloud-sdk/bin:/usr/local/sbin:/usr/local/bin:/usr/bin:/usr/lib/jvm/default/bin:/usr/bin/site_perl:/usr/bin/vendor_perl:/usr/bin/core_perl:/home/adam/.local/share/scala/bin:/home/adam/.config/coc/extensions/coc-clangd-data/install/13.0.0/clangd_13.0.0/bin
SHELL=/usr/bin/zsh
DISPLAY=:0
LANG=en_US.UTF-8
LC_ALL=C

Signal Handlers:
SIGSEGV: [libjvm.so+0xdf6670], sa_mask[0]=11111111011111111101111111111110, sa_flags=SA_RESTART|SA_SIGINFO
SIGBUS: [libjvm.so+0xdf6670], sa_mask[0]=11111111011111111101111111111110, sa_flags=SA_RESTART|SA_SIGINFO
SIGFPE: [libjvm.so+0xdf6670], sa_mask[0]=11111111011111111101111111111110, sa_flags=SA_RESTART|SA_SIGINFO
SIGPIPE: [libjvm.so+0xbeb550], sa_mask[0]=11111111011111111101111111111110, sa_flags=SA_RESTART|SA_SIGINFO
SIGXFSZ: [libjvm.so+0xbeb550], sa_mask[0]=11111111011111111101111111111110, sa_flags=SA_RESTART|SA_SIGINFO
SIGILL: [libjvm.so+0xdf6670], sa_mask[0]=11111111011111111101111111111110, sa_flags=SA_RESTART|SA_SIGINFO
SIGUSR2: [libjvm.so+0xbeb3f0], sa_mask[0]=00000000000000000000000000000000, sa_flags=SA_RESTART|SA_SIGINFO
SIGHUP: [libjvm.so+0xbeb9b0], sa_mask[0]=11111111011111111101111111111110, sa_flags=SA_RESTART|SA_SIGINFO
SIGINT: [libjvm.so+0xbeb9b0], sa_mask[0]=11111111011111111101111111111110, sa_flags=SA_RESTART|SA_SIGINFO
SIGTERM: [libjvm.so+0xbeb9b0], sa_mask[0]=11111111011111111101111111111110, sa_flags=SA_RESTART|SA_SIGINFO
SIGQUIT: [libjvm.so+0xbeb9b0], sa_mask[0]=11111111011111111101111111111110, sa_flags=SA_RESTART|SA_SIGINFO


---------------  S Y S T E M  ---------------

OS:NAME="Arch Linux"
PRETTY_NAME="Arch Linux"
ID=arch
BUILD_ID=rolling
ANSI_COLOR="38;2;23;147;209"
HOME_URL="https://archlinux.org/"
DOCUMENTATION_URL="https://wiki.archlinux.org/"
SUPPORT_URL="https://bbs.archlinux.org/"
BUG_REPORT_URL="https://bugs.archlinux.org/"
LOGO=archlinux-logo
uname:Linux 5.17.5-arch1-1 #1 SMP PREEMPT Wed, 27 Apr 2022 20:56:11 +0000 x86_64
OS uptime: 0 days 1:55 hours
libc:glibc 2.35 NPTL 2.35 
rlimit (soft/hard): STACK 8192k/infinity , CORE infinity/infinity , NPROC 59726/59726 , NOFILE 524288/524288 , AS infinity/infinity , CPU infinity/infinity , DATA infinity/infinity , FSIZE infinity/infinity , MEMLOCK 8192k/8192k
load average:2.19 1.52 0.69

/proc/meminfo:
MemTotal:       15372424 kB
MemFree:        12999744 kB
MemAvailable:   13130644 kB
Buffers:          138128 kB
Cached:           214016 kB
SwapCached:        15596 kB
Active:           573988 kB
Inactive:         253960 kB
Active(anon):     340060 kB
Inactive(anon):   147528 kB
Active(file):     233928 kB
Inactive(file):   106432 kB
Unevictable:           0 kB
Mlocked:               0 kB
SwapTotal:       4194300 kB
SwapFree:        1943168 kB
Dirty:                88 kB
Writeback:             0 kB
AnonPages:        460968 kB
Mapped:           111508 kB
Shmem:             11520 kB
KReclaimable:     254796 kB
Slab:             415068 kB
SReclaimable:     254796 kB
SUnreclaim:       160272 kB
KernelStack:       12344 kB
PageTables:        21232 kB
NFS_Unstable:          0 kB
Bounce:                0 kB
WritebackTmp:          0 kB
CommitLimit:    11880512 kB
Committed_AS:    5516320 kB
VmallocTotal:   34359738367 kB
VmallocUsed:       48896 kB
VmallocChunk:          0 kB
Percpu:            10176 kB
HardwareCorrupted:     0 kB
AnonHugePages:         0 kB
ShmemHugePages:        0 kB
ShmemPmdMapped:        0 kB
FileHugePages:         0 kB
FilePmdMapped:         0 kB
CmaTotal:              0 kB
CmaFree:               0 kB
HugePages_Total:       0
HugePages_Free:        0
HugePages_Rsvd:        0
HugePages_Surp:        0
Hugepagesize:       2048 kB
Hugetlb:               0 kB
DirectMap4k:      438452 kB
DirectMap2M:    12099584 kB
DirectMap1G:     4194304 kB

/sys/kernel/mm/transparent_hugepage/enabled:
always [madvise] never
/sys/kernel/mm/transparent_hugepage/defrag (defrag/compaction efforts parameter):
always defer defer+madvise [madvise] never

Process Memory:
Virtual Size: 2457664K (peak: 2519520K)
Resident Set Size: 28352K (peak: 28352K) (anon: 14692K, file: 13628K, shmem: 32K)
Swapped out: 0K
C-Heap outstanding allocations: 2357K

/proc/sys/kernel/threads-max (system-wide limit on the number of threads):
119452
/proc/sys/vm/max_map_count (maximum number of memory map areas a process may have):
65530
/proc/sys/kernel/pid_max (system-wide limit on number of process identifiers):
4194304

Steal ticks since vm start: 0
Steal ticks percentage since vm start:  0.000

CPU:total 8 (initial active 8) (8 cores per cpu, 2 threads per core) family 23 model 17 stepping 0 microcode 0x810100b, cmov, cx8, fxsr, mmx, sse, sse2, sse3, ssse3, sse4.1, sse4.2, popcnt, avx, avx2, aes, clmul, mmxext, 3dnowpref, lzcnt, sse4a, ht, tsc, tscinvbit, tscinv, bmi1, bmi2, adx, sha, fma
CPU Model and flags from /proc/cpuinfo:
model name	: AMD Ryzen 5 2500U with Radeon Vega Mobile Gfx
flags		: fpu vme de pse tsc msr pae mce cx8 apic sep mtrr pge mca cmov pat pse36 clflush mmx fxsr sse sse2 ht syscall nx mmxext fxsr_opt pdpe1gb rdtscp lm constant_tsc rep_good nopl nonstop_tsc cpuid extd_apicid aperfmperf rapl pni pclmulqdq monitor ssse3 fma cx16 sse4_1 sse4_2 movbe popcnt aes xsave avx f16c rdrand lahf_lm cmp_legacy svm extapic cr8_legacy abm sse4a misalignsse 3dnowprefetch osvw skinit wdt tce topoext perfctr_core perfctr_nb bpext perfctr_llc mwaitx cpb hw_pstate ssbd ibpb vmmcall fsgsbase bmi1 avx2 smep bmi2 rdseed adx smap clflushopt sha_ni xsaveopt xsavec xgetbv1 xsaves clzero irperf xsaveerptr arat npt lbrv svm_lock nrip_save tsc_scale vmcb_clean flushbyasid decodeassists pausefilter pfthreshold avic v_vmsave_vmload vgif overflow_recov succor smca sme sev sev_es
Online cpus:
0-7
Offline cpus:
8-15
BIOS frequency limitation:
2000000
Frequency switch latency (ns):
0
Available cpu frequencies:
2000000 1700000 1600000 
Current governor:
schedutil
Core performance/turbo boost:
1

Memory: 4k page, physical 15372424k(12999744k free), swap 4194300k(1943168k free)

vm_info: OpenJDK 64-Bit Server VM (11.0.15-internal+0-adhoc.adam.jdk11u) for linux-amd64 JRE (11.0.15-internal+0-adhoc.adam.jdk11u), built on May  9 2022 12:48:16 by "adam" with gcc 11.2.0

END.
